<?xml version="1.0" encoding="UTF-8"?>
<testsuite name="com.imooc.ApplicationTests" time="0.05" tests="1" errors="1" skipped="0" failures="0">
  <properties>
    <property name="java.runtime.name" value="Java(TM) SE Runtime Environment"/>
    <property name="sun.boot.library.path" value="C:\Program Files\Java\jdk1.8.0_31\jre\bin"/>
    <property name="java.vm.version" value="25.31-b07"/>
    <property name="java.vm.vendor" value="Oracle Corporation"/>
    <property name="maven.multiModuleProjectDirectory" value="C:\Users\Administrator\Desktop\learn\m2cn7s"/>
    <property name="java.vendor.url" value="http://java.oracle.com/"/>
    <property name="path.separator" value=";"/>
    <property name="guice.disable.misplaced.annotation.check" value="true"/>
    <property name="java.vm.name" value="Java HotSpot(TM) 64-Bit Server VM"/>
    <property name="file.encoding.pkg" value="sun.io"/>
    <property name="user.script" value=""/>
    <property name="user.country" value="CN"/>
    <property name="sun.java.launcher" value="SUN_STANDARD"/>
    <property name="sun.os.patch.level" value=""/>
    <property name="java.vm.specification.name" value="Java Virtual Machine Specification"/>
    <property name="user.dir" value="C:\Users\Administrator\Desktop\learn\m2cn7s"/>
    <property name="java.runtime.version" value="1.8.0_31-b13"/>
    <property name="java.awt.graphicsenv" value="sun.awt.Win32GraphicsEnvironment"/>
    <property name="java.endorsed.dirs" value="C:\Program Files\Java\jdk1.8.0_31\jre\lib\endorsed"/>
    <property name="os.arch" value="amd64"/>
    <property name="java.io.tmpdir" value="C:\Users\ADMINI~1\AppData\Local\Temp\"/>
    <property name="line.separator" value="&#10;"/>
    <property name="java.vm.specification.vendor" value="Oracle Corporation"/>
    <property name="user.variant" value=""/>
    <property name="os.name" value="Windows 8.1"/>
    <property name="classworlds.conf" value="C:\Users\Administrator\Desktop\learn\.metadata\.plugins\org.eclipse.m2e.launching\launches\m2conf7290055160537826380.tmp"/>
    <property name="sun.jnu.encoding" value="GBK"/>
    <property name="java.library.path" value="C:\Program Files\Java\jdk1.8.0_31\bin;C:\windows\Sun\Java\bin;C:\windows\system32;C:\windows;C:/Program Files/Java/jre1.8.0_31/bin/server;C:/Program Files/Java/jre1.8.0_31/bin;C:/Program Files/Java/jre1.8.0_31/lib/amd64;E:\Oracle\product\11.2.0\dbhome_1\bin;C:\ProgramData\Oracle\Java\javapath;G:\android\sdk\platform-tools;G:\android\sdk\tools;C:\Program Files\Java\jdk1.8.0_31\bin;C:\Program Files\Java\jre1.8.0_31\bin;C:\Program Files\Java\jdk1.8.0_31\jre\bin;C:\Program Files (x86)\GtkSharp\2.12\bin;C:\windows\system32;C:\windows;C:\windows\System32\Wbem;G:\android\sdk\platform-tools;G:\android\sdk\tools;C:\Program Files\Java\jdk1.8.0_31\bin;C:\Program Files\Java\jre1.8.0_31\bin;C:\Program Files\Java\jdk1.8.0_31\jre\bin;D:\apache-maven-3.3.9\bin;C:\Program Files\MySQL\MySQL Utilities 1.6\;C:\gradle-4.1\BIN;E:\Program Files\erl8.1\bin;C:\Program Files (x86)\scala\bin;C:\Program Files (x86)\scala\bin;C:\Program Files (x86)\scala\jre\bin;C:\Program Files\nodejs\;D:\Python27;D:\Python27\Scripts;C:\Users\Administrator\AppData\Local\Programs\Fiddler;C:\Program Files (x86)\SSH Communications Security\SSH Secure Shell;C:\Users\Administrator\AppData\Roaming\npm;E:\Program Files\Microsoft VS Code\bin;G:\eclipse-win64;;."/>
    <property name="java.specification.name" value="Java Platform API Specification"/>
    <property name="java.class.version" value="52.0"/>
    <property name="sun.management.compiler" value="HotSpot 64-Bit Tiered Compilers"/>
    <property name="os.version" value="6.3"/>
    <property name="user.home" value="C:\Users\Administrator"/>
    <property name="user.timezone" value="Asia/Shanghai"/>
    <property name="java.awt.printerjob" value="sun.awt.windows.WPrinterJob"/>
    <property name="java.specification.version" value="1.8"/>
    <property name="file.encoding" value="GBK"/>
    <property name="user.name" value="Administrator"/>
    <property name="java.class.path" value="/G:/eclipse-win64/plugins/org.eclipse.m2e.maven.runtime_1.7.0.20160603-1931/jars/plexus-classworlds-2.5.2.jar"/>
    <property name="java.vm.specification.version" value="1.8"/>
    <property name="sun.arch.data.model" value="64"/>
    <property name="java.home" value="C:\Program Files\Java\jdk1.8.0_31\jre"/>
    <property name="sun.java.command" value="org.codehaus.plexus.classworlds.launcher.Launcher -B install"/>
    <property name="java.specification.vendor" value="Oracle Corporation"/>
    <property name="user.language" value="zh"/>
    <property name="awt.toolkit" value="sun.awt.windows.WToolkit"/>
    <property name="java.vm.info" value="mixed mode"/>
    <property name="java.version" value="1.8.0_31"/>
    <property name="java.ext.dirs" value="C:\Program Files\Java\jdk1.8.0_31\jre\lib\ext;C:\windows\Sun\Java\lib\ext"/>
    <property name="sun.boot.class.path" value="C:\Program Files\Java\jdk1.8.0_31\jre\lib\resources.jar;C:\Program Files\Java\jdk1.8.0_31\jre\lib\rt.jar;C:\Program Files\Java\jdk1.8.0_31\jre\lib\sunrsasign.jar;C:\Program Files\Java\jdk1.8.0_31\jre\lib\jsse.jar;C:\Program Files\Java\jdk1.8.0_31\jre\lib\jce.jar;C:\Program Files\Java\jdk1.8.0_31\jre\lib\charsets.jar;C:\Program Files\Java\jdk1.8.0_31\jre\lib\jfr.jar;C:\Program Files\Java\jdk1.8.0_31\jre\classes"/>
    <property name="java.vendor" value="Oracle Corporation"/>
    <property name="maven.home" value="C:\Users\Administrator\Desktop\learn\m2cn7s\EMBEDDED"/>
    <property name="file.separator" value="\"/>
    <property name="java.vendor.url.bug" value="http://bugreport.sun.com/bugreport/"/>
    <property name="sun.cpu.endian" value="little"/>
    <property name="sun.io.unicode.encoding" value="UnicodeLittle"/>
    <property name="sun.desktop" value="windows"/>
    <property name="sun.cpu.isalist" value="amd64"/>
  </properties>
  <testcase name="test" classname="com.imooc.ApplicationTests" time="0.05">
    <error message="Failed to load ApplicationContext" type="java.lang.IllegalStateException"><![CDATA[java.lang.IllegalStateException: Failed to load ApplicationContext
	at org.springframework.test.context.cache.DefaultCacheAwareContextLoaderDelegate.loadContext(DefaultCacheAwareContextLoaderDelegate.java:124)
	at org.springframework.test.context.support.DefaultTestContext.getApplicationContext(DefaultTestContext.java:83)
	at org.springframework.test.context.web.ServletTestExecutionListener.setUpRequestContextIfNecessary(ServletTestExecutionListener.java:189)
	at org.springframework.test.context.web.ServletTestExecutionListener.prepareTestInstance(ServletTestExecutionListener.java:131)
	at org.springframework.test.context.TestContextManager.prepareTestInstance(TestContextManager.java:230)
	at org.springframework.test.context.junit4.SpringJUnit4ClassRunner.createTest(SpringJUnit4ClassRunner.java:228)
	at org.springframework.test.context.junit4.SpringJUnit4ClassRunner$1.runReflectiveCall(SpringJUnit4ClassRunner.java:287)
	at org.junit.internal.runners.model.ReflectiveCallable.run(ReflectiveCallable.java:12)
	at org.springframework.test.context.junit4.SpringJUnit4ClassRunner.methodBlock(SpringJUnit4ClassRunner.java:289)
	at org.springframework.test.context.junit4.SpringJUnit4ClassRunner.runChild(SpringJUnit4ClassRunner.java:247)
	at org.springframework.test.context.junit4.SpringJUnit4ClassRunner.runChild(SpringJUnit4ClassRunner.java:94)
	at org.junit.runners.ParentRunner$3.run(ParentRunner.java:290)
	at org.junit.runners.ParentRunner$1.schedule(ParentRunner.java:71)
	at org.junit.runners.ParentRunner.runChildren(ParentRunner.java:288)
	at org.junit.runners.ParentRunner.access$000(ParentRunner.java:58)
	at org.junit.runners.ParentRunner$2.evaluate(ParentRunner.java:268)
	at org.springframework.test.context.junit4.statements.RunBeforeTestClassCallbacks.evaluate(RunBeforeTestClassCallbacks.java:61)
	at org.springframework.test.context.junit4.statements.RunAfterTestClassCallbacks.evaluate(RunAfterTestClassCallbacks.java:70)
	at org.junit.runners.ParentRunner.run(ParentRunner.java:363)
	at org.springframework.test.context.junit4.SpringJUnit4ClassRunner.run(SpringJUnit4ClassRunner.java:191)
	at org.apache.maven.surefire.junit4.JUnit4Provider.execute(JUnit4Provider.java:283)
	at org.apache.maven.surefire.junit4.JUnit4Provider.executeWithRerun(JUnit4Provider.java:173)
	at org.apache.maven.surefire.junit4.JUnit4Provider.executeTestSet(JUnit4Provider.java:153)
	at org.apache.maven.surefire.junit4.JUnit4Provider.invoke(JUnit4Provider.java:128)
	at org.apache.maven.surefire.booter.ForkedBooter.invokeProviderInSameClassLoader(ForkedBooter.java:203)
	at org.apache.maven.surefire.booter.ForkedBooter.runSuitesInProcess(ForkedBooter.java:155)
	at org.apache.maven.surefire.booter.ForkedBooter.main(ForkedBooter.java:103)
Caused by: org.springframework.beans.factory.BeanCreationException: Error creating bean with name 'entityManagerFactory' defined in class path resource [com/imooc/config/JPAConfig.class]: Bean instantiation via factory method failed; nested exception is org.springframework.beans.BeanInstantiationException: Failed to instantiate [org.springframework.orm.jpa.LocalContainerEntityManagerFactoryBean]: Factory method 'entityManagerFactory' threw exception; nested exception is org.springframework.beans.factory.BeanCreationException: Error creating bean with name 'dataSource' defined in class path resource [com/imooc/config/JPAConfig.class]: Initialization of bean failed; nested exception is org.springframework.beans.factory.BeanCreationException: Error creating bean with name 'dataSourceInitializer': Invocation of init method failed; nested exception is org.springframework.jdbc.datasource.init.ScriptStatementFailedException: Failed to execute SQL script statement #7 of class path resource [db/data.sql]: INSERT INTO `house`(`id`, `title`, `price`, `area`, `room`, `floor`, `total_floor`, `watch_times`, `build_year`, `status`, `create_time`, `last_update_time`, `city_en_name`, `region_en_name`, `cover`, `direction`, `distance_to_subway`, `parlour`, `district`, `admin_id`, `bathroom`, `street`) VALUES ('15', '瀵屽姏鍩� 鍥借锤CBD 鏃跺皻浼戦棽 鍟嗗姟鍔炲叕 瓒呮鐡﹀姏', '6200', '70', '2', '10', '20', '2', '2005', '1', '2017-09-06 18:56:14', '2017-09-15 00:26:59', 'bj', 'hdq', 'FmD3zKG-gUPOrNv0HwzZN7IbkAC_', '2', '10', '1', '铻嶆辰鍢夊洯', '2', '0', '榫欏煙瑗夸簩璺�'), ('16', '瀵屽姏鍩� 鍥借锤CBD 鏃跺皻浼戦棽 鍟嗗姟鍔炲叕', '6300', '70', '2', '10', '20', '0', '2012', '1', '2017-09-06 19:53:35', '2017-09-11 00:35:13', 'bj', 'hdq', 'FmD3zKG-gUPOrNv0HwzZN7IbkAC_', '1', '-1', '1', '铻嶆辰鍢夊洯', '2', '0', '榫欏煙瑗夸簩璺�'), ('17', '浜岀幆涓滅洿闂ㄥ湴閾佺珯闄勮繎銆佺帇搴滀簳銆佸ぉ瀹夐棬銆佸浗璐搞�佷笁閲屽悲銆佸崡閿ｉ紦宸�', '3000', '35', '1', '5', '10', '0', '2013', '1', '2017-09-06 20:45:35', '2017-09-11 00:35:05', 'bj', 'hdq', 'FhVdDhzVDH1dLVVx4jOaVXOCfnea', '1', '200', '0', '铻嶆辰鍢夊洯', '2', '0', '榫欏煙瑗夸簩璺�'), ('18', '鍗庤锤鍩� 涓滃悜涓�灞呮寫绌簂oft 骞插噣娓╅Θ 闅忔椂鍙互绛剧害', '5700', '52', '1', '7', '20', '0', '2012', '1', '2017-09-06 21:01:02', '2017-09-11 00:35:01', 'bj', 'hdq', 'FsxiS6rOTpSg5pK7tv41e8Zpnn_c', '2', '1085', '1', '铻嶆辰鍢夊洯', '2', '0', '榫欏煙瑗夸簩璺�'), ('19', '鏈涙槬鍥澘妤间笁灞呭 鑷綇绮捐 鍗楀寳閫氶�� 閲囧厜濂借閲庢锛�', '9200', '132', '3', '6', '14', '0', '2005', '1', '2017-09-06 22:44:25', '2017-09-11 00:34:55', 'bj', 'hdq', 'Fl1lNikhmMIecbTn-JTsurxugtFU', '2', '1108', '2', '铻嶆辰鍢夊洯', '2', '0', '榫欏煙瑗夸簩璺�'), ('20', '楂樺ぇ涓婄殑鏁寸涓ゅ眳瀹� 涓氫富璇氭剰鍑虹', '5400', '56', '2', '12', '20', '0', '2012', '1', '2017-09-06 23:39:50', '2017-09-11 00:34:21', 'bj', 'hdq', 'FtNl9uPM6p5PjEs8z2FnOuViNtOM', '2', '-1', '1', '铻嶆辰鍢夊洯', '2', '0', '榫欏煙瑗夸簩璺�'), ('21', '鏂板悍鍥� 姝ｈ涓夊眳瀹� 绮捐淇� 瀹剁數瀹跺叿榻愬叏', '1900', '18', '1', '13', '25', '0', '2012', '1', '2017-09-07 00:52:47', '2017-09-11 00:34:13', 'bj', 'hdq', 'Fn9sHC3Wx7qpYCmSxt-z8FZluf0Z', '3', '1302', '0', '铻嶆辰鍢夊洯', '2', '0', '榫欏煙瑗夸簩璺�'), ('24', '婀栧厜澹瑰彿鏈涗含鍗庡簻183-387銕￠様鏅ぇ瀹�', '50000', '288', '5', '1', '1', '0', '2015', '1', '2017-09-07 11:42:20', '2017-09-18 20:14:14', 'bj', 'hdq', 'FvVqU8LneZZ5xaLBAOM1KXR2Pz1X', '5', '200', '3', '铻嶆辰鍢夊洯', '2', '0', '榫欏煙瑗夸簩璺�'); nested exception is org.h2.jdbc.JdbcSQLException: Value too long for column "TITLE VARCHAR(32) NOT NULL": "STRINGDECODE('\u7035\u5c7d\u59cf\u9369\ufffd \u9365\u501f\u9524CBD \u93c3\u8dfa\u76bb\u6d7c\u6226\u68fd \u935f\u55d7\u59df\u9354... (33)"; SQL statement:
INSERT INTO `house`(`id`, `title`, `price`, `area`, `room`, `floor`, `total_floor`, `watch_times`, `build_year`, `status`, `create_time`, `last_update_time`, `city_en_name`, `region_en_name`, `cover`, `direction`, `distance_to_subway`, `parlour`, `district`, `admin_id`, `bathroom`, `street`) VALUES ('15', '瀵屽姏鍩� 鍥借锤CBD 鏃跺皻浼戦棽 鍟嗗姟鍔炲叕 瓒呮鐡﹀姏', '6200', '70', '2', '10', '20', '2', '2005', '1', '2017-09-06 18:56:14', '2017-09-15 00:26:59', 'bj', 'hdq', 'FmD3zKG-gUPOrNv0HwzZN7IbkAC_', '2', '10', '1', '铻嶆辰鍢夊洯', '2', '0', '榫欏煙瑗夸簩璺�'), ('16', '瀵屽姏鍩� 鍥借锤CBD 鏃跺皻浼戦棽 鍟嗗姟鍔炲叕', '6300', '70', '2', '10', '20', '0', '2012', '1', '2017-09-06 19:53:35', '2017-09-11 00:35:13', 'bj', 'hdq', 'FmD3zKG-gUPOrNv0HwzZN7IbkAC_', '1', '-1', '1', '铻嶆辰鍢夊洯', '2', '0', '榫欏煙瑗夸簩璺�'), ('17', '浜岀幆涓滅洿闂ㄥ湴閾佺珯闄勮繎銆佺帇搴滀簳銆佸ぉ瀹夐棬銆佸浗璐搞�佷笁閲屽悲銆佸崡閿ｉ紦宸�', '3000', '35', '1', '5', '10', '0', '2013', '1', '2017-09-06 20:45:35', '2017-09-11 00:35:05', 'bj', 'hdq', 'FhVdDhzVDH1dLVVx4jOaVXOCfnea', '1', '200', '0', '铻嶆辰鍢夊洯', '2', '0', '榫欏煙瑗夸簩璺�'), ('18', '鍗庤锤鍩� 涓滃悜涓�灞呮寫绌簂oft 骞插噣娓╅Θ 闅忔椂鍙互绛剧害', '5700', '52', '1', '7', '20', '0', '2012', '1', '2017-09-06 21:01:02', '2017-09-11 00:35:01', 'bj', 'hdq', 'FsxiS6rOTpSg5pK7tv41e8Zpnn_c', '2', '1085', '1', '铻嶆辰鍢夊洯', '2', '0', '榫欏煙瑗夸簩璺�'), ('19', '鏈涙槬鍥澘妤间笁灞呭 鑷綇绮捐 鍗楀寳閫氶�� 閲囧厜濂借閲庢锛�', '9200', '132', '3', '6', '14', '0', '2005', '1', '2017-09-06 22:44:25', '2017-09-11 00:34:55', 'bj', 'hdq', 'Fl1lNikhmMIecbTn-JTsurxugtFU', '2', '1108', '2', '铻嶆辰鍢夊洯', '2', '0', '榫欏煙瑗夸簩璺�'), ('20', '楂樺ぇ涓婄殑鏁寸涓ゅ眳瀹� 涓氫富璇氭剰鍑虹', '5400', '56', '2', '12', '20', '0', '2012', '1', '2017-09-06 23:39:50', '2017-09-11 00:34:21', 'bj', 'hdq', 'FtNl9uPM6p5PjEs8z2FnOuViNtOM', '2', '-1', '1', '铻嶆辰鍢夊洯', '2', '0', '榫欏煙瑗夸簩璺�'), ('21', '鏂板悍鍥� 姝ｈ涓夊眳瀹� 绮捐淇� 瀹剁數瀹跺叿榻愬叏', '1900', '18', '1', '13', '25', '0', '2012', '1', '2017-09-07 00:52:47', '2017-09-11 00:34:13', 'bj', 'hdq', 'Fn9sHC3Wx7qpYCmSxt-z8FZluf0Z', '3', '1302', '0', '铻嶆辰鍢夊洯', '2', '0', '榫欏煙瑗夸簩璺�'), ('24', '婀栧厜澹瑰彿鏈涗含鍗庡簻183-387銕￠様鏅ぇ瀹�', '50000', '288', '5', '1', '1', '0', '2015', '1', '2017-09-07 11:42:20', '2017-09-18 20:14:14', 'bj', 'hdq', 'FvVqU8LneZZ5xaLBAOM1KXR2Pz1X', '5', '200', '3', '铻嶆辰鍢夊洯', '2', '0', '榫欏煙瑗夸簩璺�') [22001-196]
	at org.springframework.beans.factory.support.ConstructorResolver.instantiateUsingFactoryMethod(ConstructorResolver.java:599)
	at org.springframework.beans.factory.support.AbstractAutowireCapableBeanFactory.instantiateUsingFactoryMethod(AbstractAutowireCapableBeanFactory.java:1173)
	at org.springframework.beans.factory.support.AbstractAutowireCapableBeanFactory.createBeanInstance(AbstractAutowireCapableBeanFactory.java:1067)
	at org.springframework.beans.factory.support.AbstractAutowireCapableBeanFactory.doCreateBean(AbstractAutowireCapableBeanFactory.java:513)
	at org.springframework.beans.factory.support.AbstractAutowireCapableBeanFactory.createBean(AbstractAutowireCapableBeanFactory.java:483)
	at org.springframework.beans.factory.support.AbstractBeanFactory$1.getObject(AbstractBeanFactory.java:306)
	at org.springframework.beans.factory.support.DefaultSingletonBeanRegistry.getSingleton(DefaultSingletonBeanRegistry.java:230)
	at org.springframework.beans.factory.support.AbstractBeanFactory.doGetBean(AbstractBeanFactory.java:302)
	at org.springframework.beans.factory.support.AbstractBeanFactory.getBean(AbstractBeanFactory.java:197)
	at org.springframework.context.support.AbstractApplicationContext.getBean(AbstractApplicationContext.java:1078)
	at org.springframework.context.support.AbstractApplicationContext.finishBeanFactoryInitialization(AbstractApplicationContext.java:857)
	at org.springframework.context.support.AbstractApplicationContext.refresh(AbstractApplicationContext.java:543)
	at org.springframework.boot.SpringApplication.refresh(SpringApplication.java:693)
	at org.springframework.boot.SpringApplication.refreshContext(SpringApplication.java:360)
	at org.springframework.boot.SpringApplication.run(SpringApplication.java:303)
	at org.springframework.boot.test.context.SpringBootContextLoader.loadContext(SpringBootContextLoader.java:120)
	at org.springframework.test.context.cache.DefaultCacheAwareContextLoaderDelegate.loadContextInternal(DefaultCacheAwareContextLoaderDelegate.java:98)
	at org.springframework.test.context.cache.DefaultCacheAwareContextLoaderDelegate.loadContext(DefaultCacheAwareContextLoaderDelegate.java:116)
	at org.springframework.test.context.support.DefaultTestContext.getApplicationContext(DefaultTestContext.java:83)
	at org.springframework.test.context.web.ServletTestExecutionListener.setUpRequestContextIfNecessary(ServletTestExecutionListener.java:189)
	at org.springframework.test.context.web.ServletTestExecutionListener.prepareTestInstance(ServletTestExecutionListener.java:131)
	at org.springframework.test.context.TestContextManager.prepareTestInstance(TestContextManager.java:230)
	at org.springframework.test.context.junit4.SpringJUnit4ClassRunner.createTest(SpringJUnit4ClassRunner.java:228)
	at org.springframework.test.context.junit4.SpringJUnit4ClassRunner$1.runReflectiveCall(SpringJUnit4ClassRunner.java:287)
	at org.junit.internal.runners.model.ReflectiveCallable.run(ReflectiveCallable.java:12)
	at org.springframework.test.context.junit4.SpringJUnit4ClassRunner.methodBlock(SpringJUnit4ClassRunner.java:289)
	at org.springframework.test.context.junit4.SpringJUnit4ClassRunner.runChild(SpringJUnit4ClassRunner.java:247)
	at org.springframework.test.context.junit4.SpringJUnit4ClassRunner.runChild(SpringJUnit4ClassRunner.java:94)
	at org.junit.runners.ParentRunner$3.run(ParentRunner.java:290)
	at org.junit.runners.ParentRunner$1.schedule(ParentRunner.java:71)
	at org.junit.runners.ParentRunner.runChildren(ParentRunner.java:288)
	at org.junit.runners.ParentRunner.access$000(ParentRunner.java:58)
	at org.junit.runners.ParentRunner$2.evaluate(ParentRunner.java:268)
	at org.springframework.test.context.junit4.statements.RunBeforeTestClassCallbacks.evaluate(RunBeforeTestClassCallbacks.java:61)
	at org.springframework.test.context.junit4.statements.RunAfterTestClassCallbacks.evaluate(RunAfterTestClassCallbacks.java:70)
	at org.junit.runners.ParentRunner.run(ParentRunner.java:363)
	at org.springframework.test.context.junit4.SpringJUnit4ClassRunner.run(SpringJUnit4ClassRunner.java:191)
	at org.apache.maven.surefire.junit4.JUnit4Provider.execute(JUnit4Provider.java:283)
	at org.apache.maven.surefire.junit4.JUnit4Provider.executeWithRerun(JUnit4Provider.java:173)
	at org.apache.maven.surefire.junit4.JUnit4Provider.executeTestSet(JUnit4Provider.java:153)
	at org.apache.maven.surefire.junit4.JUnit4Provider.invoke(JUnit4Provider.java:128)
	at org.apache.maven.surefire.booter.ForkedBooter.invokeProviderInSameClassLoader(ForkedBooter.java:203)
	at org.apache.maven.surefire.booter.ForkedBooter.runSuitesInProcess(ForkedBooter.java:155)
	at org.apache.maven.surefire.booter.ForkedBooter.main(ForkedBooter.java:103)
Caused by: org.springframework.beans.BeanInstantiationException: Failed to instantiate [org.springframework.orm.jpa.LocalContainerEntityManagerFactoryBean]: Factory method 'entityManagerFactory' threw exception; nested exception is org.springframework.beans.factory.BeanCreationException: Error creating bean with name 'dataSource' defined in class path resource [com/imooc/config/JPAConfig.class]: Initialization of bean failed; nested exception is org.springframework.beans.factory.BeanCreationException: Error creating bean with name 'dataSourceInitializer': Invocation of init method failed; nested exception is org.springframework.jdbc.datasource.init.ScriptStatementFailedException: Failed to execute SQL script statement #7 of class path resource [db/data.sql]: INSERT INTO `house`(`id`, `title`, `price`, `area`, `room`, `floor`, `total_floor`, `watch_times`, `build_year`, `status`, `create_time`, `last_update_time`, `city_en_name`, `region_en_name`, `cover`, `direction`, `distance_to_subway`, `parlour`, `district`, `admin_id`, `bathroom`, `street`) VALUES ('15', '瀵屽姏鍩� 鍥借锤CBD 鏃跺皻浼戦棽 鍟嗗姟鍔炲叕 瓒呮鐡﹀姏', '6200', '70', '2', '10', '20', '2', '2005', '1', '2017-09-06 18:56:14', '2017-09-15 00:26:59', 'bj', 'hdq', 'FmD3zKG-gUPOrNv0HwzZN7IbkAC_', '2', '10', '1', '铻嶆辰鍢夊洯', '2', '0', '榫欏煙瑗夸簩璺�'), ('16', '瀵屽姏鍩� 鍥借锤CBD 鏃跺皻浼戦棽 鍟嗗姟鍔炲叕', '6300', '70', '2', '10', '20', '0', '2012', '1', '2017-09-06 19:53:35', '2017-09-11 00:35:13', 'bj', 'hdq', 'FmD3zKG-gUPOrNv0HwzZN7IbkAC_', '1', '-1', '1', '铻嶆辰鍢夊洯', '2', '0', '榫欏煙瑗夸簩璺�'), ('17', '浜岀幆涓滅洿闂ㄥ湴閾佺珯闄勮繎銆佺帇搴滀簳銆佸ぉ瀹夐棬銆佸浗璐搞�佷笁閲屽悲銆佸崡閿ｉ紦宸�', '3000', '35', '1', '5', '10', '0', '2013', '1', '2017-09-06 20:45:35', '2017-09-11 00:35:05', 'bj', 'hdq', 'FhVdDhzVDH1dLVVx4jOaVXOCfnea', '1', '200', '0', '铻嶆辰鍢夊洯', '2', '0', '榫欏煙瑗夸簩璺�'), ('18', '鍗庤锤鍩� 涓滃悜涓�灞呮寫绌簂oft 骞插噣娓╅Θ 闅忔椂鍙互绛剧害', '5700', '52', '1', '7', '20', '0', '2012', '1', '2017-09-06 21:01:02', '2017-09-11 00:35:01', 'bj', 'hdq', 'FsxiS6rOTpSg5pK7tv41e8Zpnn_c', '2', '1085', '1', '铻嶆辰鍢夊洯', '2', '0', '榫欏煙瑗夸簩璺�'), ('19', '鏈涙槬鍥澘妤间笁灞呭 鑷綇绮捐 鍗楀寳閫氶�� 閲囧厜濂借閲庢锛�', '9200', '132', '3', '6', '14', '0', '2005', '1', '2017-09-06 22:44:25', '2017-09-11 00:34:55', 'bj', 'hdq', 'Fl1lNikhmMIecbTn-JTsurxugtFU', '2', '1108', '2', '铻嶆辰鍢夊洯', '2', '0', '榫欏煙瑗夸簩璺�'), ('20', '楂樺ぇ涓婄殑鏁寸涓ゅ眳瀹� 涓氫富璇氭剰鍑虹', '5400', '56', '2', '12', '20', '0', '2012', '1', '2017-09-06 23:39:50', '2017-09-11 00:34:21', 'bj', 'hdq', 'FtNl9uPM6p5PjEs8z2FnOuViNtOM', '2', '-1', '1', '铻嶆辰鍢夊洯', '2', '0', '榫欏煙瑗夸簩璺�'), ('21', '鏂板悍鍥� 姝ｈ涓夊眳瀹� 绮捐淇� 瀹剁數瀹跺叿榻愬叏', '1900', '18', '1', '13', '25', '0', '2012', '1', '2017-09-07 00:52:47', '2017-09-11 00:34:13', 'bj', 'hdq', 'Fn9sHC3Wx7qpYCmSxt-z8FZluf0Z', '3', '1302', '0', '铻嶆辰鍢夊洯', '2', '0', '榫欏煙瑗夸簩璺�'), ('24', '婀栧厜澹瑰彿鏈涗含鍗庡簻183-387銕￠様鏅ぇ瀹�', '50000', '288', '5', '1', '1', '0', '2015', '1', '2017-09-07 11:42:20', '2017-09-18 20:14:14', 'bj', 'hdq', 'FvVqU8LneZZ5xaLBAOM1KXR2Pz1X', '5', '200', '3', '铻嶆辰鍢夊洯', '2', '0', '榫欏煙瑗夸簩璺�'); nested exception is org.h2.jdbc.JdbcSQLException: Value too long for column "TITLE VARCHAR(32) NOT NULL": "STRINGDECODE('\u7035\u5c7d\u59cf\u9369\ufffd \u9365\u501f\u9524CBD \u93c3\u8dfa\u76bb\u6d7c\u6226\u68fd \u935f\u55d7\u59df\u9354... (33)"; SQL statement:
INSERT INTO `house`(`id`, `title`, `price`, `area`, `room`, `floor`, `total_floor`, `watch_times`, `build_year`, `status`, `create_time`, `last_update_time`, `city_en_name`, `region_en_name`, `cover`, `direction`, `distance_to_subway`, `parlour`, `district`, `admin_id`, `bathroom`, `street`) VALUES ('15', '瀵屽姏鍩� 鍥借锤CBD 鏃跺皻浼戦棽 鍟嗗姟鍔炲叕 瓒呮鐡﹀姏', '6200', '70', '2', '10', '20', '2', '2005', '1', '2017-09-06 18:56:14', '2017-09-15 00:26:59', 'bj', 'hdq', 'FmD3zKG-gUPOrNv0HwzZN7IbkAC_', '2', '10', '1', '铻嶆辰鍢夊洯', '2', '0', '榫欏煙瑗夸簩璺�'), ('16', '瀵屽姏鍩� 鍥借锤CBD 鏃跺皻浼戦棽 鍟嗗姟鍔炲叕', '6300', '70', '2', '10', '20', '0', '2012', '1', '2017-09-06 19:53:35', '2017-09-11 00:35:13', 'bj', 'hdq', 'FmD3zKG-gUPOrNv0HwzZN7IbkAC_', '1', '-1', '1', '铻嶆辰鍢夊洯', '2', '0', '榫欏煙瑗夸簩璺�'), ('17', '浜岀幆涓滅洿闂ㄥ湴閾佺珯闄勮繎銆佺帇搴滀簳銆佸ぉ瀹夐棬銆佸浗璐搞�佷笁閲屽悲銆佸崡閿ｉ紦宸�', '3000', '35', '1', '5', '10', '0', '2013', '1', '2017-09-06 20:45:35', '2017-09-11 00:35:05', 'bj', 'hdq', 'FhVdDhzVDH1dLVVx4jOaVXOCfnea', '1', '200', '0', '铻嶆辰鍢夊洯', '2', '0', '榫欏煙瑗夸簩璺�'), ('18', '鍗庤锤鍩� 涓滃悜涓�灞呮寫绌簂oft 骞插噣娓╅Θ 闅忔椂鍙互绛剧害', '5700', '52', '1', '7', '20', '0', '2012', '1', '2017-09-06 21:01:02', '2017-09-11 00:35:01', 'bj', 'hdq', 'FsxiS6rOTpSg5pK7tv41e8Zpnn_c', '2', '1085', '1', '铻嶆辰鍢夊洯', '2', '0', '榫欏煙瑗夸簩璺�'), ('19', '鏈涙槬鍥澘妤间笁灞呭 鑷綇绮捐 鍗楀寳閫氶�� 閲囧厜濂借閲庢锛�', '9200', '132', '3', '6', '14', '0', '2005', '1', '2017-09-06 22:44:25', '2017-09-11 00:34:55', 'bj', 'hdq', 'Fl1lNikhmMIecbTn-JTsurxugtFU', '2', '1108', '2', '铻嶆辰鍢夊洯', '2', '0', '榫欏煙瑗夸簩璺�'), ('20', '楂樺ぇ涓婄殑鏁寸涓ゅ眳瀹� 涓氫富璇氭剰鍑虹', '5400', '56', '2', '12', '20', '0', '2012', '1', '2017-09-06 23:39:50', '2017-09-11 00:34:21', 'bj', 'hdq', 'FtNl9uPM6p5PjEs8z2FnOuViNtOM', '2', '-1', '1', '铻嶆辰鍢夊洯', '2', '0', '榫欏煙瑗夸簩璺�'), ('21', '鏂板悍鍥� 姝ｈ涓夊眳瀹� 绮捐淇� 瀹剁數瀹跺叿榻愬叏', '1900', '18', '1', '13', '25', '0', '2012', '1', '2017-09-07 00:52:47', '2017-09-11 00:34:13', 'bj', 'hdq', 'Fn9sHC3Wx7qpYCmSxt-z8FZluf0Z', '3', '1302', '0', '铻嶆辰鍢夊洯', '2', '0', '榫欏煙瑗夸簩璺�'), ('24', '婀栧厜澹瑰彿鏈涗含鍗庡簻183-387銕￠様鏅ぇ瀹�', '50000', '288', '5', '1', '1', '0', '2015', '1', '2017-09-07 11:42:20', '2017-09-18 20:14:14', 'bj', 'hdq', 'FvVqU8LneZZ5xaLBAOM1KXR2Pz1X', '5', '200', '3', '铻嶆辰鍢夊洯', '2', '0', '榫欏煙瑗夸簩璺�') [22001-196]
	at org.springframework.beans.factory.support.SimpleInstantiationStrategy.instantiate(SimpleInstantiationStrategy.java:189)
	at org.springframework.beans.factory.support.ConstructorResolver.instantiateUsingFactoryMethod(ConstructorResolver.java:588)
	at org.springframework.beans.factory.support.AbstractAutowireCapableBeanFactory.instantiateUsingFactoryMethod(AbstractAutowireCapableBeanFactory.java:1173)
	at org.springframework.beans.factory.support.AbstractAutowireCapableBeanFactory.createBeanInstance(AbstractAutowireCapableBeanFactory.java:1067)
	at org.springframework.beans.factory.support.AbstractAutowireCapableBeanFactory.doCreateBean(AbstractAutowireCapableBeanFactory.java:513)
	at org.springframework.beans.factory.support.AbstractAutowireCapableBeanFactory.createBean(AbstractAutowireCapableBeanFactory.java:483)
	at org.springframework.beans.factory.support.AbstractBeanFactory$1.getObject(AbstractBeanFactory.java:306)
	at org.springframework.beans.factory.support.DefaultSingletonBeanRegistry.getSingleton(DefaultSingletonBeanRegistry.java:230)
	at org.springframework.beans.factory.support.AbstractBeanFactory.doGetBean(AbstractBeanFactory.java:302)
	at org.springframework.beans.factory.support.AbstractBeanFactory.getBean(AbstractBeanFactory.java:197)
	at org.springframework.context.support.AbstractApplicationContext.getBean(AbstractApplicationContext.java:1078)
	at org.springframework.context.support.AbstractApplicationContext.finishBeanFactoryInitialization(AbstractApplicationContext.java:857)
	at org.springframework.context.support.AbstractApplicationContext.refresh(AbstractApplicationContext.java:543)
	at org.springframework.boot.SpringApplication.refresh(SpringApplication.java:693)
	at org.springframework.boot.SpringApplication.refreshContext(SpringApplication.java:360)
	at org.springframework.boot.SpringApplication.run(SpringApplication.java:303)
	at org.springframework.boot.test.context.SpringBootContextLoader.loadContext(SpringBootContextLoader.java:120)
	at org.springframework.test.context.cache.DefaultCacheAwareContextLoaderDelegate.loadContextInternal(DefaultCacheAwareContextLoaderDelegate.java:98)
	at org.springframework.test.context.cache.DefaultCacheAwareContextLoaderDelegate.loadContext(DefaultCacheAwareContextLoaderDelegate.java:116)
	at org.springframework.test.context.support.DefaultTestContext.getApplicationContext(DefaultTestContext.java:83)
	at org.springframework.test.context.web.ServletTestExecutionListener.setUpRequestContextIfNecessary(ServletTestExecutionListener.java:189)
	at org.springframework.test.context.web.ServletTestExecutionListener.prepareTestInstance(ServletTestExecutionListener.java:131)
	at org.springframework.test.context.TestContextManager.prepareTestInstance(TestContextManager.java:230)
	at org.springframework.test.context.junit4.SpringJUnit4ClassRunner.createTest(SpringJUnit4ClassRunner.java:228)
	at org.springframework.test.context.junit4.SpringJUnit4ClassRunner$1.runReflectiveCall(SpringJUnit4ClassRunner.java:287)
	at org.junit.internal.runners.model.ReflectiveCallable.run(ReflectiveCallable.java:12)
	at org.springframework.test.context.junit4.SpringJUnit4ClassRunner.methodBlock(SpringJUnit4ClassRunner.java:289)
	at org.springframework.test.context.junit4.SpringJUnit4ClassRunner.runChild(SpringJUnit4ClassRunner.java:247)
	at org.springframework.test.context.junit4.SpringJUnit4ClassRunner.runChild(SpringJUnit4ClassRunner.java:94)
	at org.junit.runners.ParentRunner$3.run(ParentRunner.java:290)
	at org.junit.runners.ParentRunner$1.schedule(ParentRunner.java:71)
	at org.junit.runners.ParentRunner.runChildren(ParentRunner.java:288)
	at org.junit.runners.ParentRunner.access$000(ParentRunner.java:58)
	at org.junit.runners.ParentRunner$2.evaluate(ParentRunner.java:268)
	at org.springframework.test.context.junit4.statements.RunBeforeTestClassCallbacks.evaluate(RunBeforeTestClassCallbacks.java:61)
	at org.springframework.test.context.junit4.statements.RunAfterTestClassCallbacks.evaluate(RunAfterTestClassCallbacks.java:70)
	at org.junit.runners.ParentRunner.run(ParentRunner.java:363)
	at org.springframework.test.context.junit4.SpringJUnit4ClassRunner.run(SpringJUnit4ClassRunner.java:191)
	at org.apache.maven.surefire.junit4.JUnit4Provider.execute(JUnit4Provider.java:283)
	at org.apache.maven.surefire.junit4.JUnit4Provider.executeWithRerun(JUnit4Provider.java:173)
	at org.apache.maven.surefire.junit4.JUnit4Provider.executeTestSet(JUnit4Provider.java:153)
	at org.apache.maven.surefire.junit4.JUnit4Provider.invoke(JUnit4Provider.java:128)
	at org.apache.maven.surefire.booter.ForkedBooter.invokeProviderInSameClassLoader(ForkedBooter.java:203)
	at org.apache.maven.surefire.booter.ForkedBooter.runSuitesInProcess(ForkedBooter.java:155)
	at org.apache.maven.surefire.booter.ForkedBooter.main(ForkedBooter.java:103)
Caused by: org.springframework.beans.factory.BeanCreationException: Error creating bean with name 'dataSource' defined in class path resource [com/imooc/config/JPAConfig.class]: Initialization of bean failed; nested exception is org.springframework.beans.factory.BeanCreationException: Error creating bean with name 'dataSourceInitializer': Invocation of init method failed; nested exception is org.springframework.jdbc.datasource.init.ScriptStatementFailedException: Failed to execute SQL script statement #7 of class path resource [db/data.sql]: INSERT INTO `house`(`id`, `title`, `price`, `area`, `room`, `floor`, `total_floor`, `watch_times`, `build_year`, `status`, `create_time`, `last_update_time`, `city_en_name`, `region_en_name`, `cover`, `direction`, `distance_to_subway`, `parlour`, `district`, `admin_id`, `bathroom`, `street`) VALUES ('15', '瀵屽姏鍩� 鍥借锤CBD 鏃跺皻浼戦棽 鍟嗗姟鍔炲叕 瓒呮鐡﹀姏', '6200', '70', '2', '10', '20', '2', '2005', '1', '2017-09-06 18:56:14', '2017-09-15 00:26:59', 'bj', 'hdq', 'FmD3zKG-gUPOrNv0HwzZN7IbkAC_', '2', '10', '1', '铻嶆辰鍢夊洯', '2', '0', '榫欏煙瑗夸簩璺�'), ('16', '瀵屽姏鍩� 鍥借锤CBD 鏃跺皻浼戦棽 鍟嗗姟鍔炲叕', '6300', '70', '2', '10', '20', '0', '2012', '1', '2017-09-06 19:53:35', '2017-09-11 00:35:13', 'bj', 'hdq', 'FmD3zKG-gUPOrNv0HwzZN7IbkAC_', '1', '-1', '1', '铻嶆辰鍢夊洯', '2', '0', '榫欏煙瑗夸簩璺�'), ('17', '浜岀幆涓滅洿闂ㄥ湴閾佺珯闄勮繎銆佺帇搴滀簳銆佸ぉ瀹夐棬銆佸浗璐搞�佷笁閲屽悲銆佸崡閿ｉ紦宸�', '3000', '35', '1', '5', '10', '0', '2013', '1', '2017-09-06 20:45:35', '2017-09-11 00:35:05', 'bj', 'hdq', 'FhVdDhzVDH1dLVVx4jOaVXOCfnea', '1', '200', '0', '铻嶆辰鍢夊洯', '2', '0', '榫欏煙瑗夸簩璺�'), ('18', '鍗庤锤鍩� 涓滃悜涓�灞呮寫绌簂oft 骞插噣娓╅Θ 闅忔椂鍙互绛剧害', '5700', '52', '1', '7', '20', '0', '2012', '1', '2017-09-06 21:01:02', '2017-09-11 00:35:01', 'bj', 'hdq', 'FsxiS6rOTpSg5pK7tv41e8Zpnn_c', '2', '1085', '1', '铻嶆辰鍢夊洯', '2', '0', '榫欏煙瑗夸簩璺�'), ('19', '鏈涙槬鍥澘妤间笁灞呭 鑷綇绮捐 鍗楀寳閫氶�� 閲囧厜濂借閲庢锛�', '9200', '132', '3', '6', '14', '0', '2005', '1', '2017-09-06 22:44:25', '2017-09-11 00:34:55', 'bj', 'hdq', 'Fl1lNikhmMIecbTn-JTsurxugtFU', '2', '1108', '2', '铻嶆辰鍢夊洯', '2', '0', '榫欏煙瑗夸簩璺�'), ('20', '楂樺ぇ涓婄殑鏁寸涓ゅ眳瀹� 涓氫富璇氭剰鍑虹', '5400', '56', '2', '12', '20', '0', '2012', '1', '2017-09-06 23:39:50', '2017-09-11 00:34:21', 'bj', 'hdq', 'FtNl9uPM6p5PjEs8z2FnOuViNtOM', '2', '-1', '1', '铻嶆辰鍢夊洯', '2', '0', '榫欏煙瑗夸簩璺�'), ('21', '鏂板悍鍥� 姝ｈ涓夊眳瀹� 绮捐淇� 瀹剁數瀹跺叿榻愬叏', '1900', '18', '1', '13', '25', '0', '2012', '1', '2017-09-07 00:52:47', '2017-09-11 00:34:13', 'bj', 'hdq', 'Fn9sHC3Wx7qpYCmSxt-z8FZluf0Z', '3', '1302', '0', '铻嶆辰鍢夊洯', '2', '0', '榫欏煙瑗夸簩璺�'), ('24', '婀栧厜澹瑰彿鏈涗含鍗庡簻183-387銕￠様鏅ぇ瀹�', '50000', '288', '5', '1', '1', '0', '2015', '1', '2017-09-07 11:42:20', '2017-09-18 20:14:14', 'bj', 'hdq', 'FvVqU8LneZZ5xaLBAOM1KXR2Pz1X', '5', '200', '3', '铻嶆辰鍢夊洯', '2', '0', '榫欏煙瑗夸簩璺�'); nested exception is org.h2.jdbc.JdbcSQLException: Value too long for column "TITLE VARCHAR(32) NOT NULL": "STRINGDECODE('\u7035\u5c7d\u59cf\u9369\ufffd \u9365\u501f\u9524CBD \u93c3\u8dfa\u76bb\u6d7c\u6226\u68fd \u935f\u55d7\u59df\u9354... (33)"; SQL statement:
INSERT INTO `house`(`id`, `title`, `price`, `area`, `room`, `floor`, `total_floor`, `watch_times`, `build_year`, `status`, `create_time`, `last_update_time`, `city_en_name`, `region_en_name`, `cover`, `direction`, `distance_to_subway`, `parlour`, `district`, `admin_id`, `bathroom`, `street`) VALUES ('15', '瀵屽姏鍩� 鍥借锤CBD 鏃跺皻浼戦棽 鍟嗗姟鍔炲叕 瓒呮鐡﹀姏', '6200', '70', '2', '10', '20', '2', '2005', '1', '2017-09-06 18:56:14', '2017-09-15 00:26:59', 'bj', 'hdq', 'FmD3zKG-gUPOrNv0HwzZN7IbkAC_', '2', '10', '1', '铻嶆辰鍢夊洯', '2', '0', '榫欏煙瑗夸簩璺�'), ('16', '瀵屽姏鍩� 鍥借锤CBD 鏃跺皻浼戦棽 鍟嗗姟鍔炲叕', '6300', '70', '2', '10', '20', '0', '2012', '1', '2017-09-06 19:53:35', '2017-09-11 00:35:13', 'bj', 'hdq', 'FmD3zKG-gUPOrNv0HwzZN7IbkAC_', '1', '-1', '1', '铻嶆辰鍢夊洯', '2', '0', '榫欏煙瑗夸簩璺�'), ('17', '浜岀幆涓滅洿闂ㄥ湴閾佺珯闄勮繎銆佺帇搴滀簳銆佸ぉ瀹夐棬銆佸浗璐搞�佷笁閲屽悲銆佸崡閿ｉ紦宸�', '3000', '35', '1', '5', '10', '0', '2013', '1', '2017-09-06 20:45:35', '2017-09-11 00:35:05', 'bj', 'hdq', 'FhVdDhzVDH1dLVVx4jOaVXOCfnea', '1', '200', '0', '铻嶆辰鍢夊洯', '2', '0', '榫欏煙瑗夸簩璺�'), ('18', '鍗庤锤鍩� 涓滃悜涓�灞呮寫绌簂oft 骞插噣娓╅Θ 闅忔椂鍙互绛剧害', '5700', '52', '1', '7', '20', '0', '2012', '1', '2017-09-06 21:01:02', '2017-09-11 00:35:01', 'bj', 'hdq', 'FsxiS6rOTpSg5pK7tv41e8Zpnn_c', '2', '1085', '1', '铻嶆辰鍢夊洯', '2', '0', '榫欏煙瑗夸簩璺�'), ('19', '鏈涙槬鍥澘妤间笁灞呭 鑷綇绮捐 鍗楀寳閫氶�� 閲囧厜濂借閲庢锛�', '9200', '132', '3', '6', '14', '0', '2005', '1', '2017-09-06 22:44:25', '2017-09-11 00:34:55', 'bj', 'hdq', 'Fl1lNikhmMIecbTn-JTsurxugtFU', '2', '1108', '2', '铻嶆辰鍢夊洯', '2', '0', '榫欏煙瑗夸簩璺�'), ('20', '楂樺ぇ涓婄殑鏁寸涓ゅ眳瀹� 涓氫富璇氭剰鍑虹', '5400', '56', '2', '12', '20', '0', '2012', '1', '2017-09-06 23:39:50', '2017-09-11 00:34:21', 'bj', 'hdq', 'FtNl9uPM6p5PjEs8z2FnOuViNtOM', '2', '-1', '1', '铻嶆辰鍢夊洯', '2', '0', '榫欏煙瑗夸簩璺�'), ('21', '鏂板悍鍥� 姝ｈ涓夊眳瀹� 绮捐淇� 瀹剁數瀹跺叿榻愬叏', '1900', '18', '1', '13', '25', '0', '2012', '1', '2017-09-07 00:52:47', '2017-09-11 00:34:13', 'bj', 'hdq', 'Fn9sHC3Wx7qpYCmSxt-z8FZluf0Z', '3', '1302', '0', '铻嶆辰鍢夊洯', '2', '0', '榫欏煙瑗夸簩璺�'), ('24', '婀栧厜澹瑰彿鏈涗含鍗庡簻183-387銕￠様鏅ぇ瀹�', '50000', '288', '5', '1', '1', '0', '2015', '1', '2017-09-07 11:42:20', '2017-09-18 20:14:14', 'bj', 'hdq', 'FvVqU8LneZZ5xaLBAOM1KXR2Pz1X', '5', '200', '3', '铻嶆辰鍢夊洯', '2', '0', '榫欏煙瑗夸簩璺�') [22001-196]
	at org.springframework.beans.factory.support.AbstractAutowireCapableBeanFactory.doCreateBean(AbstractAutowireCapableBeanFactory.java:564)
	at org.springframework.beans.factory.support.AbstractAutowireCapableBeanFactory.createBean(AbstractAutowireCapableBeanFactory.java:483)
	at org.springframework.beans.factory.support.AbstractBeanFactory$1.getObject(AbstractBeanFactory.java:306)
	at org.springframework.beans.factory.support.DefaultSingletonBeanRegistry.getSingleton(DefaultSingletonBeanRegistry.java:230)
	at org.springframework.beans.factory.support.AbstractBeanFactory.doGetBean(AbstractBeanFactory.java:302)
	at org.springframework.beans.factory.support.AbstractBeanFactory.getBean(AbstractBeanFactory.java:197)
	at org.springframework.context.annotation.ConfigurationClassEnhancer$BeanMethodInterceptor.obtainBeanInstanceFromFactory(ConfigurationClassEnhancer.java:389)
	at org.springframework.context.annotation.ConfigurationClassEnhancer$BeanMethodInterceptor.intercept(ConfigurationClassEnhancer.java:361)
	at com.imooc.config.JPAConfig$$EnhancerBySpringCGLIB$$ac3be7fd.dataSource(<generated>)
	at com.imooc.config.JPAConfig.entityManagerFactory(JPAConfig.java:36)
	at com.imooc.config.JPAConfig$$EnhancerBySpringCGLIB$$ac3be7fd.CGLIB$entityManagerFactory$2(<generated>)
	at com.imooc.config.JPAConfig$$EnhancerBySpringCGLIB$$ac3be7fd$$FastClassBySpringCGLIB$$914d9ecd.invoke(<generated>)
	at org.springframework.cglib.proxy.MethodProxy.invokeSuper(MethodProxy.java:228)
	at org.springframework.context.annotation.ConfigurationClassEnhancer$BeanMethodInterceptor.intercept(ConfigurationClassEnhancer.java:358)
	at com.imooc.config.JPAConfig$$EnhancerBySpringCGLIB$$ac3be7fd.entityManagerFactory(<generated>)
	at sun.reflect.NativeMethodAccessorImpl.invoke0(Native Method)
	at sun.reflect.NativeMethodAccessorImpl.invoke(NativeMethodAccessorImpl.java:62)
	at sun.reflect.DelegatingMethodAccessorImpl.invoke(DelegatingMethodAccessorImpl.java:43)
	at java.lang.reflect.Method.invoke(Method.java:483)
	at org.springframework.beans.factory.support.SimpleInstantiationStrategy.instantiate(SimpleInstantiationStrategy.java:162)
	at org.springframework.beans.factory.support.ConstructorResolver.instantiateUsingFactoryMethod(ConstructorResolver.java:588)
	at org.springframework.beans.factory.support.AbstractAutowireCapableBeanFactory.instantiateUsingFactoryMethod(AbstractAutowireCapableBeanFactory.java:1173)
	at org.springframework.beans.factory.support.AbstractAutowireCapableBeanFactory.createBeanInstance(AbstractAutowireCapableBeanFactory.java:1067)
	at org.springframework.beans.factory.support.AbstractAutowireCapableBeanFactory.doCreateBean(AbstractAutowireCapableBeanFactory.java:513)
	at org.springframework.beans.factory.support.AbstractAutowireCapableBeanFactory.createBean(AbstractAutowireCapableBeanFactory.java:483)
	at org.springframework.beans.factory.support.AbstractBeanFactory$1.getObject(AbstractBeanFactory.java:306)
	at org.springframework.beans.factory.support.DefaultSingletonBeanRegistry.getSingleton(DefaultSingletonBeanRegistry.java:230)
	at org.springframework.beans.factory.support.AbstractBeanFactory.doGetBean(AbstractBeanFactory.java:302)
	at org.springframework.beans.factory.support.AbstractBeanFactory.getBean(AbstractBeanFactory.java:197)
	at org.springframework.context.support.AbstractApplicationContext.getBean(AbstractApplicationContext.java:1078)
	at org.springframework.context.support.AbstractApplicationContext.finishBeanFactoryInitialization(AbstractApplicationContext.java:857)
	at org.springframework.context.support.AbstractApplicationContext.refresh(AbstractApplicationContext.java:543)
	at org.springframework.boot.SpringApplication.refresh(SpringApplication.java:693)
	at org.springframework.boot.SpringApplication.refreshContext(SpringApplication.java:360)
	at org.springframework.boot.SpringApplication.run(SpringApplication.java:303)
	at org.springframework.boot.test.context.SpringBootContextLoader.loadContext(SpringBootContextLoader.java:120)
	at org.springframework.test.context.cache.DefaultCacheAwareContextLoaderDelegate.loadContextInternal(DefaultCacheAwareContextLoaderDelegate.java:98)
	at org.springframework.test.context.cache.DefaultCacheAwareContextLoaderDelegate.loadContext(DefaultCacheAwareContextLoaderDelegate.java:116)
	at org.springframework.test.context.support.DefaultTestContext.getApplicationContext(DefaultTestContext.java:83)
	at org.springframework.test.context.web.ServletTestExecutionListener.setUpRequestContextIfNecessary(ServletTestExecutionListener.java:189)
	at org.springframework.test.context.web.ServletTestExecutionListener.prepareTestInstance(ServletTestExecutionListener.java:131)
	at org.springframework.test.context.TestContextManager.prepareTestInstance(TestContextManager.java:230)
	at org.springframework.test.context.junit4.SpringJUnit4ClassRunner.createTest(SpringJUnit4ClassRunner.java:228)
	at org.springframework.test.context.junit4.SpringJUnit4ClassRunner$1.runReflectiveCall(SpringJUnit4ClassRunner.java:287)
	at org.junit.internal.runners.model.ReflectiveCallable.run(ReflectiveCallable.java:12)
	at org.springframework.test.context.junit4.SpringJUnit4ClassRunner.methodBlock(SpringJUnit4ClassRunner.java:289)
	at org.springframework.test.context.junit4.SpringJUnit4ClassRunner.runChild(SpringJUnit4ClassRunner.java:247)
	at org.springframework.test.context.junit4.SpringJUnit4ClassRunner.runChild(SpringJUnit4ClassRunner.java:94)
	at org.junit.runners.ParentRunner$3.run(ParentRunner.java:290)
	at org.junit.runners.ParentRunner$1.schedule(ParentRunner.java:71)
	at org.junit.runners.ParentRunner.runChildren(ParentRunner.java:288)
	at org.junit.runners.ParentRunner.access$000(ParentRunner.java:58)
	at org.junit.runners.ParentRunner$2.evaluate(ParentRunner.java:268)
	at org.springframework.test.context.junit4.statements.RunBeforeTestClassCallbacks.evaluate(RunBeforeTestClassCallbacks.java:61)
	at org.springframework.test.context.junit4.statements.RunAfterTestClassCallbacks.evaluate(RunAfterTestClassCallbacks.java:70)
	at org.junit.runners.ParentRunner.run(ParentRunner.java:363)
	at org.springframework.test.context.junit4.SpringJUnit4ClassRunner.run(SpringJUnit4ClassRunner.java:191)
	at org.apache.maven.surefire.junit4.JUnit4Provider.execute(JUnit4Provider.java:283)
	at org.apache.maven.surefire.junit4.JUnit4Provider.executeWithRerun(JUnit4Provider.java:173)
	at org.apache.maven.surefire.junit4.JUnit4Provider.executeTestSet(JUnit4Provider.java:153)
	at org.apache.maven.surefire.junit4.JUnit4Provider.invoke(JUnit4Provider.java:128)
	at org.apache.maven.surefire.booter.ForkedBooter.invokeProviderInSameClassLoader(ForkedBooter.java:203)
	at org.apache.maven.surefire.booter.ForkedBooter.runSuitesInProcess(ForkedBooter.java:155)
	at org.apache.maven.surefire.booter.ForkedBooter.main(ForkedBooter.java:103)
Caused by: org.springframework.beans.factory.BeanCreationException: Error creating bean with name 'dataSourceInitializer': Invocation of init method failed; nested exception is org.springframework.jdbc.datasource.init.ScriptStatementFailedException: Failed to execute SQL script statement #7 of class path resource [db/data.sql]: INSERT INTO `house`(`id`, `title`, `price`, `area`, `room`, `floor`, `total_floor`, `watch_times`, `build_year`, `status`, `create_time`, `last_update_time`, `city_en_name`, `region_en_name`, `cover`, `direction`, `distance_to_subway`, `parlour`, `district`, `admin_id`, `bathroom`, `street`) VALUES ('15', '瀵屽姏鍩� 鍥借锤CBD 鏃跺皻浼戦棽 鍟嗗姟鍔炲叕 瓒呮鐡﹀姏', '6200', '70', '2', '10', '20', '2', '2005', '1', '2017-09-06 18:56:14', '2017-09-15 00:26:59', 'bj', 'hdq', 'FmD3zKG-gUPOrNv0HwzZN7IbkAC_', '2', '10', '1', '铻嶆辰鍢夊洯', '2', '0', '榫欏煙瑗夸簩璺�'), ('16', '瀵屽姏鍩� 鍥借锤CBD 鏃跺皻浼戦棽 鍟嗗姟鍔炲叕', '6300', '70', '2', '10', '20', '0', '2012', '1', '2017-09-06 19:53:35', '2017-09-11 00:35:13', 'bj', 'hdq', 'FmD3zKG-gUPOrNv0HwzZN7IbkAC_', '1', '-1', '1', '铻嶆辰鍢夊洯', '2', '0', '榫欏煙瑗夸簩璺�'), ('17', '浜岀幆涓滅洿闂ㄥ湴閾佺珯闄勮繎銆佺帇搴滀簳銆佸ぉ瀹夐棬銆佸浗璐搞�佷笁閲屽悲銆佸崡閿ｉ紦宸�', '3000', '35', '1', '5', '10', '0', '2013', '1', '2017-09-06 20:45:35', '2017-09-11 00:35:05', 'bj', 'hdq', 'FhVdDhzVDH1dLVVx4jOaVXOCfnea', '1', '200', '0', '铻嶆辰鍢夊洯', '2', '0', '榫欏煙瑗夸簩璺�'), ('18', '鍗庤锤鍩� 涓滃悜涓�灞呮寫绌簂oft 骞插噣娓╅Θ 闅忔椂鍙互绛剧害', '5700', '52', '1', '7', '20', '0', '2012', '1', '2017-09-06 21:01:02', '2017-09-11 00:35:01', 'bj', 'hdq', 'FsxiS6rOTpSg5pK7tv41e8Zpnn_c', '2', '1085', '1', '铻嶆辰鍢夊洯', '2', '0', '榫欏煙瑗夸簩璺�'), ('19', '鏈涙槬鍥澘妤间笁灞呭 鑷綇绮捐 鍗楀寳閫氶�� 閲囧厜濂借閲庢锛�', '9200', '132', '3', '6', '14', '0', '2005', '1', '2017-09-06 22:44:25', '2017-09-11 00:34:55', 'bj', 'hdq', 'Fl1lNikhmMIecbTn-JTsurxugtFU', '2', '1108', '2', '铻嶆辰鍢夊洯', '2', '0', '榫欏煙瑗夸簩璺�'), ('20', '楂樺ぇ涓婄殑鏁寸涓ゅ眳瀹� 涓氫富璇氭剰鍑虹', '5400', '56', '2', '12', '20', '0', '2012', '1', '2017-09-06 23:39:50', '2017-09-11 00:34:21', 'bj', 'hdq', 'FtNl9uPM6p5PjEs8z2FnOuViNtOM', '2', '-1', '1', '铻嶆辰鍢夊洯', '2', '0', '榫欏煙瑗夸簩璺�'), ('21', '鏂板悍鍥� 姝ｈ涓夊眳瀹� 绮捐淇� 瀹剁數瀹跺叿榻愬叏', '1900', '18', '1', '13', '25', '0', '2012', '1', '2017-09-07 00:52:47', '2017-09-11 00:34:13', 'bj', 'hdq', 'Fn9sHC3Wx7qpYCmSxt-z8FZluf0Z', '3', '1302', '0', '铻嶆辰鍢夊洯', '2', '0', '榫欏煙瑗夸簩璺�'), ('24', '婀栧厜澹瑰彿鏈涗含鍗庡簻183-387銕￠様鏅ぇ瀹�', '50000', '288', '5', '1', '1', '0', '2015', '1', '2017-09-07 11:42:20', '2017-09-18 20:14:14', 'bj', 'hdq', 'FvVqU8LneZZ5xaLBAOM1KXR2Pz1X', '5', '200', '3', '铻嶆辰鍢夊洯', '2', '0', '榫欏煙瑗夸簩璺�'); nested exception is org.h2.jdbc.JdbcSQLException: Value too long for column "TITLE VARCHAR(32) NOT NULL": "STRINGDECODE('\u7035\u5c7d\u59cf\u9369\ufffd \u9365\u501f\u9524CBD \u93c3\u8dfa\u76bb\u6d7c\u6226\u68fd \u935f\u55d7\u59df\u9354... (33)"; SQL statement:
INSERT INTO `house`(`id`, `title`, `price`, `area`, `room`, `floor`, `total_floor`, `watch_times`, `build_year`, `status`, `create_time`, `last_update_time`, `city_en_name`, `region_en_name`, `cover`, `direction`, `distance_to_subway`, `parlour`, `district`, `admin_id`, `bathroom`, `street`) VALUES ('15', '瀵屽姏鍩� 鍥借锤CBD 鏃跺皻浼戦棽 鍟嗗姟鍔炲叕 瓒呮鐡﹀姏', '6200', '70', '2', '10', '20', '2', '2005', '1', '2017-09-06 18:56:14', '2017-09-15 00:26:59', 'bj', 'hdq', 'FmD3zKG-gUPOrNv0HwzZN7IbkAC_', '2', '10', '1', '铻嶆辰鍢夊洯', '2', '0', '榫欏煙瑗夸簩璺�'), ('16', '瀵屽姏鍩� 鍥借锤CBD 鏃跺皻浼戦棽 鍟嗗姟鍔炲叕', '6300', '70', '2', '10', '20', '0', '2012', '1', '2017-09-06 19:53:35', '2017-09-11 00:35:13', 'bj', 'hdq', 'FmD3zKG-gUPOrNv0HwzZN7IbkAC_', '1', '-1', '1', '铻嶆辰鍢夊洯', '2', '0', '榫欏煙瑗夸簩璺�'), ('17', '浜岀幆涓滅洿闂ㄥ湴閾佺珯闄勮繎銆佺帇搴滀簳銆佸ぉ瀹夐棬銆佸浗璐搞�佷笁閲屽悲銆佸崡閿ｉ紦宸�', '3000', '35', '1', '5', '10', '0', '2013', '1', '2017-09-06 20:45:35', '2017-09-11 00:35:05', 'bj', 'hdq', 'FhVdDhzVDH1dLVVx4jOaVXOCfnea', '1', '200', '0', '铻嶆辰鍢夊洯', '2', '0', '榫欏煙瑗夸簩璺�'), ('18', '鍗庤锤鍩� 涓滃悜涓�灞呮寫绌簂oft 骞插噣娓╅Θ 闅忔椂鍙互绛剧害', '5700', '52', '1', '7', '20', '0', '2012', '1', '2017-09-06 21:01:02', '2017-09-11 00:35:01', 'bj', 'hdq', 'FsxiS6rOTpSg5pK7tv41e8Zpnn_c', '2', '1085', '1', '铻嶆辰鍢夊洯', '2', '0', '榫欏煙瑗夸簩璺�'), ('19', '鏈涙槬鍥澘妤间笁灞呭 鑷綇绮捐 鍗楀寳閫氶�� 閲囧厜濂借閲庢锛�', '9200', '132', '3', '6', '14', '0', '2005', '1', '2017-09-06 22:44:25', '2017-09-11 00:34:55', 'bj', 'hdq', 'Fl1lNikhmMIecbTn-JTsurxugtFU', '2', '1108', '2', '铻嶆辰鍢夊洯', '2', '0', '榫欏煙瑗夸簩璺�'), ('20', '楂樺ぇ涓婄殑鏁寸涓ゅ眳瀹� 涓氫富璇氭剰鍑虹', '5400', '56', '2', '12', '20', '0', '2012', '1', '2017-09-06 23:39:50', '2017-09-11 00:34:21', 'bj', 'hdq', 'FtNl9uPM6p5PjEs8z2FnOuViNtOM', '2', '-1', '1', '铻嶆辰鍢夊洯', '2', '0', '榫欏煙瑗夸簩璺�'), ('21', '鏂板悍鍥� 姝ｈ涓夊眳瀹� 绮捐淇� 瀹剁數瀹跺叿榻愬叏', '1900', '18', '1', '13', '25', '0', '2012', '1', '2017-09-07 00:52:47', '2017-09-11 00:34:13', 'bj', 'hdq', 'Fn9sHC3Wx7qpYCmSxt-z8FZluf0Z', '3', '1302', '0', '铻嶆辰鍢夊洯', '2', '0', '榫欏煙瑗夸簩璺�'), ('24', '婀栧厜澹瑰彿鏈涗含鍗庡簻183-387銕￠様鏅ぇ瀹�', '50000', '288', '5', '1', '1', '0', '2015', '1', '2017-09-07 11:42:20', '2017-09-18 20:14:14', 'bj', 'hdq', 'FvVqU8LneZZ5xaLBAOM1KXR2Pz1X', '5', '200', '3', '铻嶆辰鍢夊洯', '2', '0', '榫欏煙瑗夸簩璺�') [22001-196]
	at org.springframework.beans.factory.annotation.InitDestroyAnnotationBeanPostProcessor.postProcessBeforeInitialization(InitDestroyAnnotationBeanPostProcessor.java:137)
	at org.springframework.beans.factory.support.AbstractAutowireCapableBeanFactory.applyBeanPostProcessorsBeforeInitialization(AbstractAutowireCapableBeanFactory.java:409)
	at org.springframework.beans.factory.support.AbstractAutowireCapableBeanFactory.initializeBean(AbstractAutowireCapableBeanFactory.java:1620)
	at org.springframework.beans.factory.support.AbstractAutowireCapableBeanFactory.doCreateBean(AbstractAutowireCapableBeanFactory.java:555)
	at org.springframework.beans.factory.support.AbstractAutowireCapableBeanFactory.createBean(AbstractAutowireCapableBeanFactory.java:483)
	at org.springframework.beans.factory.support.AbstractBeanFactory$1.getObject(AbstractBeanFactory.java:306)
	at org.springframework.beans.factory.support.DefaultSingletonBeanRegistry.getSingleton(DefaultSingletonBeanRegistry.java:230)
	at org.springframework.beans.factory.support.AbstractBeanFactory.doGetBean(AbstractBeanFactory.java:302)
	at org.springframework.beans.factory.support.AbstractBeanFactory.getBean(AbstractBeanFactory.java:220)
	at org.springframework.beans.factory.support.DefaultListableBeanFactory.resolveNamedBean(DefaultListableBeanFactory.java:1018)
	at org.springframework.beans.factory.support.DefaultListableBeanFactory.getBean(DefaultListableBeanFactory.java:345)
	at org.springframework.beans.factory.support.DefaultListableBeanFactory.getBean(DefaultListableBeanFactory.java:340)
	at org.springframework.boot.autoconfigure.jdbc.DataSourceInitializerPostProcessor.postProcessAfterInitialization(DataSourceInitializerPostProcessor.java:62)
	at org.springframework.beans.factory.support.AbstractAutowireCapableBeanFactory.applyBeanPostProcessorsAfterInitialization(AbstractAutowireCapableBeanFactory.java:423)
	at org.springframework.beans.factory.support.AbstractAutowireCapableBeanFactory.initializeBean(AbstractAutowireCapableBeanFactory.java:1633)
	at org.springframework.beans.factory.support.AbstractAutowireCapableBeanFactory.doCreateBean(AbstractAutowireCapableBeanFactory.java:555)
	at org.springframework.beans.factory.support.AbstractAutowireCapableBeanFactory.createBean(AbstractAutowireCapableBeanFactory.java:483)
	at org.springframework.beans.factory.support.AbstractBeanFactory$1.getObject(AbstractBeanFactory.java:306)
	at org.springframework.beans.factory.support.DefaultSingletonBeanRegistry.getSingleton(DefaultSingletonBeanRegistry.java:230)
	at org.springframework.beans.factory.support.AbstractBeanFactory.doGetBean(AbstractBeanFactory.java:302)
	at org.springframework.beans.factory.support.AbstractBeanFactory.getBean(AbstractBeanFactory.java:197)
	at org.springframework.context.annotation.ConfigurationClassEnhancer$BeanMethodInterceptor.obtainBeanInstanceFromFactory(ConfigurationClassEnhancer.java:389)
	at org.springframework.context.annotation.ConfigurationClassEnhancer$BeanMethodInterceptor.intercept(ConfigurationClassEnhancer.java:361)
	at com.imooc.config.JPAConfig$$EnhancerBySpringCGLIB$$ac3be7fd.dataSource(<generated>)
	at com.imooc.config.JPAConfig.entityManagerFactory(JPAConfig.java:36)
	at com.imooc.config.JPAConfig$$EnhancerBySpringCGLIB$$ac3be7fd.CGLIB$entityManagerFactory$2(<generated>)
	at com.imooc.config.JPAConfig$$EnhancerBySpringCGLIB$$ac3be7fd$$FastClassBySpringCGLIB$$914d9ecd.invoke(<generated>)
	at org.springframework.cglib.proxy.MethodProxy.invokeSuper(MethodProxy.java:228)
	at org.springframework.context.annotation.ConfigurationClassEnhancer$BeanMethodInterceptor.intercept(ConfigurationClassEnhancer.java:358)
	at com.imooc.config.JPAConfig$$EnhancerBySpringCGLIB$$ac3be7fd.entityManagerFactory(<generated>)
	at sun.reflect.NativeMethodAccessorImpl.invoke0(Native Method)
	at sun.reflect.NativeMethodAccessorImpl.invoke(NativeMethodAccessorImpl.java:62)
	at sun.reflect.DelegatingMethodAccessorImpl.invoke(DelegatingMethodAccessorImpl.java:43)
	at java.lang.reflect.Method.invoke(Method.java:483)
	at org.springframework.beans.factory.support.SimpleInstantiationStrategy.instantiate(SimpleInstantiationStrategy.java:162)
	at org.springframework.beans.factory.support.ConstructorResolver.instantiateUsingFactoryMethod(ConstructorResolver.java:588)
	at org.springframework.beans.factory.support.AbstractAutowireCapableBeanFactory.instantiateUsingFactoryMethod(AbstractAutowireCapableBeanFactory.java:1173)
	at org.springframework.beans.factory.support.AbstractAutowireCapableBeanFactory.createBeanInstance(AbstractAutowireCapableBeanFactory.java:1067)
	at org.springframework.beans.factory.support.AbstractAutowireCapableBeanFactory.doCreateBean(AbstractAutowireCapableBeanFactory.java:513)
	at org.springframework.beans.factory.support.AbstractAutowireCapableBeanFactory.createBean(AbstractAutowireCapableBeanFactory.java:483)
	at org.springframework.beans.factory.support.AbstractBeanFactory$1.getObject(AbstractBeanFactory.java:306)
	at org.springframework.beans.factory.support.DefaultSingletonBeanRegistry.getSingleton(DefaultSingletonBeanRegistry.java:230)
	at org.springframework.beans.factory.support.AbstractBeanFactory.doGetBean(AbstractBeanFactory.java:302)
	at org.springframework.beans.factory.support.AbstractBeanFactory.getBean(AbstractBeanFactory.java:197)
	at org.springframework.context.support.AbstractApplicationContext.getBean(AbstractApplicationContext.java:1078)
	at org.springframework.context.support.AbstractApplicationContext.finishBeanFactoryInitialization(AbstractApplicationContext.java:857)
	at org.springframework.context.support.AbstractApplicationContext.refresh(AbstractApplicationContext.java:543)
	at org.springframework.boot.SpringApplication.refresh(SpringApplication.java:693)
	at org.springframework.boot.SpringApplication.refreshContext(SpringApplication.java:360)
	at org.springframework.boot.SpringApplication.run(SpringApplication.java:303)
	at org.springframework.boot.test.context.SpringBootContextLoader.loadContext(SpringBootContextLoader.java:120)
	at org.springframework.test.context.cache.DefaultCacheAwareContextLoaderDelegate.loadContextInternal(DefaultCacheAwareContextLoaderDelegate.java:98)
	at org.springframework.test.context.cache.DefaultCacheAwareContextLoaderDelegate.loadContext(DefaultCacheAwareContextLoaderDelegate.java:116)
	at org.springframework.test.context.support.DefaultTestContext.getApplicationContext(DefaultTestContext.java:83)
	at org.springframework.test.context.web.ServletTestExecutionListener.setUpRequestContextIfNecessary(ServletTestExecutionListener.java:189)
	at org.springframework.test.context.web.ServletTestExecutionListener.prepareTestInstance(ServletTestExecutionListener.java:131)
	at org.springframework.test.context.TestContextManager.prepareTestInstance(TestContextManager.java:230)
	at org.springframework.test.context.junit4.SpringJUnit4ClassRunner.createTest(SpringJUnit4ClassRunner.java:228)
	at org.springframework.test.context.junit4.SpringJUnit4ClassRunner$1.runReflectiveCall(SpringJUnit4ClassRunner.java:287)
	at org.junit.internal.runners.model.ReflectiveCallable.run(ReflectiveCallable.java:12)
	at org.springframework.test.context.junit4.SpringJUnit4ClassRunner.methodBlock(SpringJUnit4ClassRunner.java:289)
	at org.springframework.test.context.junit4.SpringJUnit4ClassRunner.runChild(SpringJUnit4ClassRunner.java:247)
	at org.springframework.test.context.junit4.SpringJUnit4ClassRunner.runChild(SpringJUnit4ClassRunner.java:94)
	at org.junit.runners.ParentRunner$3.run(ParentRunner.java:290)
	at org.junit.runners.ParentRunner$1.schedule(ParentRunner.java:71)
	at org.junit.runners.ParentRunner.runChildren(ParentRunner.java:288)
	at org.junit.runners.ParentRunner.access$000(ParentRunner.java:58)
	at org.junit.runners.ParentRunner$2.evaluate(ParentRunner.java:268)
	at org.springframework.test.context.junit4.statements.RunBeforeTestClassCallbacks.evaluate(RunBeforeTestClassCallbacks.java:61)
	at org.springframework.test.context.junit4.statements.RunAfterTestClassCallbacks.evaluate(RunAfterTestClassCallbacks.java:70)
	at org.junit.runners.ParentRunner.run(ParentRunner.java:363)
	at org.springframework.test.context.junit4.SpringJUnit4ClassRunner.run(SpringJUnit4ClassRunner.java:191)
	at org.apache.maven.surefire.junit4.JUnit4Provider.execute(JUnit4Provider.java:283)
	at org.apache.maven.surefire.junit4.JUnit4Provider.executeWithRerun(JUnit4Provider.java:173)
	at org.apache.maven.surefire.junit4.JUnit4Provider.executeTestSet(JUnit4Provider.java:153)
	at org.apache.maven.surefire.junit4.JUnit4Provider.invoke(JUnit4Provider.java:128)
	at org.apache.maven.surefire.booter.ForkedBooter.invokeProviderInSameClassLoader(ForkedBooter.java:203)
	at org.apache.maven.surefire.booter.ForkedBooter.runSuitesInProcess(ForkedBooter.java:155)
	at org.apache.maven.surefire.booter.ForkedBooter.main(ForkedBooter.java:103)
Caused by: org.springframework.jdbc.datasource.init.ScriptStatementFailedException: Failed to execute SQL script statement #7 of class path resource [db/data.sql]: INSERT INTO `house`(`id`, `title`, `price`, `area`, `room`, `floor`, `total_floor`, `watch_times`, `build_year`, `status`, `create_time`, `last_update_time`, `city_en_name`, `region_en_name`, `cover`, `direction`, `distance_to_subway`, `parlour`, `district`, `admin_id`, `bathroom`, `street`) VALUES ('15', '瀵屽姏鍩� 鍥借锤CBD 鏃跺皻浼戦棽 鍟嗗姟鍔炲叕 瓒呮鐡﹀姏', '6200', '70', '2', '10', '20', '2', '2005', '1', '2017-09-06 18:56:14', '2017-09-15 00:26:59', 'bj', 'hdq', 'FmD3zKG-gUPOrNv0HwzZN7IbkAC_', '2', '10', '1', '铻嶆辰鍢夊洯', '2', '0', '榫欏煙瑗夸簩璺�'), ('16', '瀵屽姏鍩� 鍥借锤CBD 鏃跺皻浼戦棽 鍟嗗姟鍔炲叕', '6300', '70', '2', '10', '20', '0', '2012', '1', '2017-09-06 19:53:35', '2017-09-11 00:35:13', 'bj', 'hdq', 'FmD3zKG-gUPOrNv0HwzZN7IbkAC_', '1', '-1', '1', '铻嶆辰鍢夊洯', '2', '0', '榫欏煙瑗夸簩璺�'), ('17', '浜岀幆涓滅洿闂ㄥ湴閾佺珯闄勮繎銆佺帇搴滀簳銆佸ぉ瀹夐棬銆佸浗璐搞�佷笁閲屽悲銆佸崡閿ｉ紦宸�', '3000', '35', '1', '5', '10', '0', '2013', '1', '2017-09-06 20:45:35', '2017-09-11 00:35:05', 'bj', 'hdq', 'FhVdDhzVDH1dLVVx4jOaVXOCfnea', '1', '200', '0', '铻嶆辰鍢夊洯', '2', '0', '榫欏煙瑗夸簩璺�'), ('18', '鍗庤锤鍩� 涓滃悜涓�灞呮寫绌簂oft 骞插噣娓╅Θ 闅忔椂鍙互绛剧害', '5700', '52', '1', '7', '20', '0', '2012', '1', '2017-09-06 21:01:02', '2017-09-11 00:35:01', 'bj', 'hdq', 'FsxiS6rOTpSg5pK7tv41e8Zpnn_c', '2', '1085', '1', '铻嶆辰鍢夊洯', '2', '0', '榫欏煙瑗夸簩璺�'), ('19', '鏈涙槬鍥澘妤间笁灞呭 鑷綇绮捐 鍗楀寳閫氶�� 閲囧厜濂借閲庢锛�', '9200', '132', '3', '6', '14', '0', '2005', '1', '2017-09-06 22:44:25', '2017-09-11 00:34:55', 'bj', 'hdq', 'Fl1lNikhmMIecbTn-JTsurxugtFU', '2', '1108', '2', '铻嶆辰鍢夊洯', '2', '0', '榫欏煙瑗夸簩璺�'), ('20', '楂樺ぇ涓婄殑鏁寸涓ゅ眳瀹� 涓氫富璇氭剰鍑虹', '5400', '56', '2', '12', '20', '0', '2012', '1', '2017-09-06 23:39:50', '2017-09-11 00:34:21', 'bj', 'hdq', 'FtNl9uPM6p5PjEs8z2FnOuViNtOM', '2', '-1', '1', '铻嶆辰鍢夊洯', '2', '0', '榫欏煙瑗夸簩璺�'), ('21', '鏂板悍鍥� 姝ｈ涓夊眳瀹� 绮捐淇� 瀹剁數瀹跺叿榻愬叏', '1900', '18', '1', '13', '25', '0', '2012', '1', '2017-09-07 00:52:47', '2017-09-11 00:34:13', 'bj', 'hdq', 'Fn9sHC3Wx7qpYCmSxt-z8FZluf0Z', '3', '1302', '0', '铻嶆辰鍢夊洯', '2', '0', '榫欏煙瑗夸簩璺�'), ('24', '婀栧厜澹瑰彿鏈涗含鍗庡簻183-387銕￠様鏅ぇ瀹�', '50000', '288', '5', '1', '1', '0', '2015', '1', '2017-09-07 11:42:20', '2017-09-18 20:14:14', 'bj', 'hdq', 'FvVqU8LneZZ5xaLBAOM1KXR2Pz1X', '5', '200', '3', '铻嶆辰鍢夊洯', '2', '0', '榫欏煙瑗夸簩璺�'); nested exception is org.h2.jdbc.JdbcSQLException: Value too long for column "TITLE VARCHAR(32) NOT NULL": "STRINGDECODE('\u7035\u5c7d\u59cf\u9369\ufffd \u9365\u501f\u9524CBD \u93c3\u8dfa\u76bb\u6d7c\u6226\u68fd \u935f\u55d7\u59df\u9354... (33)"; SQL statement:
INSERT INTO `house`(`id`, `title`, `price`, `area`, `room`, `floor`, `total_floor`, `watch_times`, `build_year`, `status`, `create_time`, `last_update_time`, `city_en_name`, `region_en_name`, `cover`, `direction`, `distance_to_subway`, `parlour`, `district`, `admin_id`, `bathroom`, `street`) VALUES ('15', '瀵屽姏鍩� 鍥借锤CBD 鏃跺皻浼戦棽 鍟嗗姟鍔炲叕 瓒呮鐡﹀姏', '6200', '70', '2', '10', '20', '2', '2005', '1', '2017-09-06 18:56:14', '2017-09-15 00:26:59', 'bj', 'hdq', 'FmD3zKG-gUPOrNv0HwzZN7IbkAC_', '2', '10', '1', '铻嶆辰鍢夊洯', '2', '0', '榫欏煙瑗夸簩璺�'), ('16', '瀵屽姏鍩� 鍥借锤CBD 鏃跺皻浼戦棽 鍟嗗姟鍔炲叕', '6300', '70', '2', '10', '20', '0', '2012', '1', '2017-09-06 19:53:35', '2017-09-11 00:35:13', 'bj', 'hdq', 'FmD3zKG-gUPOrNv0HwzZN7IbkAC_', '1', '-1', '1', '铻嶆辰鍢夊洯', '2', '0', '榫欏煙瑗夸簩璺�'), ('17', '浜岀幆涓滅洿闂ㄥ湴閾佺珯闄勮繎銆佺帇搴滀簳銆佸ぉ瀹夐棬銆佸浗璐搞�佷笁閲屽悲銆佸崡閿ｉ紦宸�', '3000', '35', '1', '5', '10', '0', '2013', '1', '2017-09-06 20:45:35', '2017-09-11 00:35:05', 'bj', 'hdq', 'FhVdDhzVDH1dLVVx4jOaVXOCfnea', '1', '200', '0', '铻嶆辰鍢夊洯', '2', '0', '榫欏煙瑗夸簩璺�'), ('18', '鍗庤锤鍩� 涓滃悜涓�灞呮寫绌簂oft 骞插噣娓╅Θ 闅忔椂鍙互绛剧害', '5700', '52', '1', '7', '20', '0', '2012', '1', '2017-09-06 21:01:02', '2017-09-11 00:35:01', 'bj', 'hdq', 'FsxiS6rOTpSg5pK7tv41e8Zpnn_c', '2', '1085', '1', '铻嶆辰鍢夊洯', '2', '0', '榫欏煙瑗夸簩璺�'), ('19', '鏈涙槬鍥澘妤间笁灞呭 鑷綇绮捐 鍗楀寳閫氶�� 閲囧厜濂借閲庢锛�', '9200', '132', '3', '6', '14', '0', '2005', '1', '2017-09-06 22:44:25', '2017-09-11 00:34:55', 'bj', 'hdq', 'Fl1lNikhmMIecbTn-JTsurxugtFU', '2', '1108', '2', '铻嶆辰鍢夊洯', '2', '0', '榫欏煙瑗夸簩璺�'), ('20', '楂樺ぇ涓婄殑鏁寸涓ゅ眳瀹� 涓氫富璇氭剰鍑虹', '5400', '56', '2', '12', '20', '0', '2012', '1', '2017-09-06 23:39:50', '2017-09-11 00:34:21', 'bj', 'hdq', 'FtNl9uPM6p5PjEs8z2FnOuViNtOM', '2', '-1', '1', '铻嶆辰鍢夊洯', '2', '0', '榫欏煙瑗夸簩璺�'), ('21', '鏂板悍鍥� 姝ｈ涓夊眳瀹� 绮捐淇� 瀹剁數瀹跺叿榻愬叏', '1900', '18', '1', '13', '25', '0', '2012', '1', '2017-09-07 00:52:47', '2017-09-11 00:34:13', 'bj', 'hdq', 'Fn9sHC3Wx7qpYCmSxt-z8FZluf0Z', '3', '1302', '0', '铻嶆辰鍢夊洯', '2', '0', '榫欏煙瑗夸簩璺�'), ('24', '婀栧厜澹瑰彿鏈涗含鍗庡簻183-387銕￠様鏅ぇ瀹�', '50000', '288', '5', '1', '1', '0', '2015', '1', '2017-09-07 11:42:20', '2017-09-18 20:14:14', 'bj', 'hdq', 'FvVqU8LneZZ5xaLBAOM1KXR2Pz1X', '5', '200', '3', '铻嶆辰鍢夊洯', '2', '0', '榫欏煙瑗夸簩璺�') [22001-196]
	at org.springframework.jdbc.datasource.init.ScriptUtils.executeSqlScript(ScriptUtils.java:491)
	at org.springframework.jdbc.datasource.init.ResourceDatabasePopulator.populate(ResourceDatabasePopulator.java:238)
	at org.springframework.jdbc.datasource.init.DatabasePopulatorUtils.execute(DatabasePopulatorUtils.java:48)
	at org.springframework.boot.autoconfigure.jdbc.DataSourceInitializer.runScripts(DataSourceInitializer.java:192)
	at org.springframework.boot.autoconfigure.jdbc.DataSourceInitializer.runDataScripts(DataSourceInitializer.java:128)
	at org.springframework.boot.autoconfigure.jdbc.DataSourceInitializer.onApplicationEvent(DataSourceInitializer.java:118)
	at org.springframework.boot.autoconfigure.jdbc.DataSourceInitializer.onApplicationEvent(DataSourceInitializer.java:51)
	at org.springframework.context.event.SimpleApplicationEventMulticaster.doInvokeListener(SimpleApplicationEventMulticaster.java:172)
	at org.springframework.context.event.SimpleApplicationEventMulticaster.invokeListener(SimpleApplicationEventMulticaster.java:165)
	at org.springframework.context.event.SimpleApplicationEventMulticaster.multicastEvent(SimpleApplicationEventMulticaster.java:139)
	at org.springframework.context.support.AbstractApplicationContext.publishEvent(AbstractApplicationContext.java:393)
	at org.springframework.context.support.AbstractApplicationContext.publishEvent(AbstractApplicationContext.java:347)
	at org.springframework.boot.autoconfigure.jdbc.DataSourceInitializer.runSchemaScripts(DataSourceInitializer.java:95)
	at org.springframework.boot.autoconfigure.jdbc.DataSourceInitializer.init(DataSourceInitializer.java:83)
	at sun.reflect.NativeMethodAccessorImpl.invoke0(Native Method)
	at sun.reflect.NativeMethodAccessorImpl.invoke(NativeMethodAccessorImpl.java:62)
	at sun.reflect.DelegatingMethodAccessorImpl.invoke(DelegatingMethodAccessorImpl.java:43)
	at java.lang.reflect.Method.invoke(Method.java:483)
	at org.springframework.beans.factory.annotation.InitDestroyAnnotationBeanPostProcessor$LifecycleElement.invoke(InitDestroyAnnotationBeanPostProcessor.java:366)
	at org.springframework.beans.factory.annotation.InitDestroyAnnotationBeanPostProcessor$LifecycleMetadata.invokeInitMethods(InitDestroyAnnotationBeanPostProcessor.java:311)
	at org.springframework.beans.factory.annotation.InitDestroyAnnotationBeanPostProcessor.postProcessBeforeInitialization(InitDestroyAnnotationBeanPostProcessor.java:134)
	at org.springframework.beans.factory.support.AbstractAutowireCapableBeanFactory.applyBeanPostProcessorsBeforeInitialization(AbstractAutowireCapableBeanFactory.java:409)
	at org.springframework.beans.factory.support.AbstractAutowireCapableBeanFactory.initializeBean(AbstractAutowireCapableBeanFactory.java:1620)
	at org.springframework.beans.factory.support.AbstractAutowireCapableBeanFactory.doCreateBean(AbstractAutowireCapableBeanFactory.java:555)
	at org.springframework.beans.factory.support.AbstractAutowireCapableBeanFactory.createBean(AbstractAutowireCapableBeanFactory.java:483)
	at org.springframework.beans.factory.support.AbstractBeanFactory$1.getObject(AbstractBeanFactory.java:306)
	at org.springframework.beans.factory.support.DefaultSingletonBeanRegistry.getSingleton(DefaultSingletonBeanRegistry.java:230)
	at org.springframework.beans.factory.support.AbstractBeanFactory.doGetBean(AbstractBeanFactory.java:302)
	at org.springframework.beans.factory.support.AbstractBeanFactory.getBean(AbstractBeanFactory.java:220)
	at org.springframework.beans.factory.support.DefaultListableBeanFactory.resolveNamedBean(DefaultListableBeanFactory.java:1018)
	at org.springframework.beans.factory.support.DefaultListableBeanFactory.getBean(DefaultListableBeanFactory.java:345)
	at org.springframework.beans.factory.support.DefaultListableBeanFactory.getBean(DefaultListableBeanFactory.java:340)
	at org.springframework.boot.autoconfigure.jdbc.DataSourceInitializerPostProcessor.postProcessAfterInitialization(DataSourceInitializerPostProcessor.java:62)
	at org.springframework.beans.factory.support.AbstractAutowireCapableBeanFactory.applyBeanPostProcessorsAfterInitialization(AbstractAutowireCapableBeanFactory.java:423)
	at org.springframework.beans.factory.support.AbstractAutowireCapableBeanFactory.initializeBean(AbstractAutowireCapableBeanFactory.java:1633)
	at org.springframework.beans.factory.support.AbstractAutowireCapableBeanFactory.doCreateBean(AbstractAutowireCapableBeanFactory.java:555)
	at org.springframework.beans.factory.support.AbstractAutowireCapableBeanFactory.createBean(AbstractAutowireCapableBeanFactory.java:483)
	at org.springframework.beans.factory.support.AbstractBeanFactory$1.getObject(AbstractBeanFactory.java:306)
	at org.springframework.beans.factory.support.DefaultSingletonBeanRegistry.getSingleton(DefaultSingletonBeanRegistry.java:230)
	at org.springframework.beans.factory.support.AbstractBeanFactory.doGetBean(AbstractBeanFactory.java:302)
	at org.springframework.beans.factory.support.AbstractBeanFactory.getBean(AbstractBeanFactory.java:197)
	at org.springframework.context.annotation.ConfigurationClassEnhancer$BeanMethodInterceptor.obtainBeanInstanceFromFactory(ConfigurationClassEnhancer.java:389)
	at org.springframework.context.annotation.ConfigurationClassEnhancer$BeanMethodInterceptor.intercept(ConfigurationClassEnhancer.java:361)
	at com.imooc.config.JPAConfig$$EnhancerBySpringCGLIB$$ac3be7fd.dataSource(<generated>)
	at com.imooc.config.JPAConfig.entityManagerFactory(JPAConfig.java:36)
	at com.imooc.config.JPAConfig$$EnhancerBySpringCGLIB$$ac3be7fd.CGLIB$entityManagerFactory$2(<generated>)
	at com.imooc.config.JPAConfig$$EnhancerBySpringCGLIB$$ac3be7fd$$FastClassBySpringCGLIB$$914d9ecd.invoke(<generated>)
	at org.springframework.cglib.proxy.MethodProxy.invokeSuper(MethodProxy.java:228)
	at org.springframework.context.annotation.ConfigurationClassEnhancer$BeanMethodInterceptor.intercept(ConfigurationClassEnhancer.java:358)
	at com.imooc.config.JPAConfig$$EnhancerBySpringCGLIB$$ac3be7fd.entityManagerFactory(<generated>)
	at sun.reflect.NativeMethodAccessorImpl.invoke0(Native Method)
	at sun.reflect.NativeMethodAccessorImpl.invoke(NativeMethodAccessorImpl.java:62)
	at sun.reflect.DelegatingMethodAccessorImpl.invoke(DelegatingMethodAccessorImpl.java:43)
	at java.lang.reflect.Method.invoke(Method.java:483)
	at org.springframework.beans.factory.support.SimpleInstantiationStrategy.instantiate(SimpleInstantiationStrategy.java:162)
	at org.springframework.beans.factory.support.ConstructorResolver.instantiateUsingFactoryMethod(ConstructorResolver.java:588)
	at org.springframework.beans.factory.support.AbstractAutowireCapableBeanFactory.instantiateUsingFactoryMethod(AbstractAutowireCapableBeanFactory.java:1173)
	at org.springframework.beans.factory.support.AbstractAutowireCapableBeanFactory.createBeanInstance(AbstractAutowireCapableBeanFactory.java:1067)
	at org.springframework.beans.factory.support.AbstractAutowireCapableBeanFactory.doCreateBean(AbstractAutowireCapableBeanFactory.java:513)
	at org.springframework.beans.factory.support.AbstractAutowireCapableBeanFactory.createBean(AbstractAutowireCapableBeanFactory.java:483)
	at org.springframework.beans.factory.support.AbstractBeanFactory$1.getObject(AbstractBeanFactory.java:306)
	at org.springframework.beans.factory.support.DefaultSingletonBeanRegistry.getSingleton(DefaultSingletonBeanRegistry.java:230)
	at org.springframework.beans.factory.support.AbstractBeanFactory.doGetBean(AbstractBeanFactory.java:302)
	at org.springframework.beans.factory.support.AbstractBeanFactory.getBean(AbstractBeanFactory.java:197)
	at org.springframework.context.support.AbstractApplicationContext.getBean(AbstractApplicationContext.java:1078)
	at org.springframework.context.support.AbstractApplicationContext.finishBeanFactoryInitialization(AbstractApplicationContext.java:857)
	at org.springframework.context.support.AbstractApplicationContext.refresh(AbstractApplicationContext.java:543)
	at org.springframework.boot.SpringApplication.refresh(SpringApplication.java:693)
	at org.springframework.boot.SpringApplication.refreshContext(SpringApplication.java:360)
	at org.springframework.boot.SpringApplication.run(SpringApplication.java:303)
	at org.springframework.boot.test.context.SpringBootContextLoader.loadContext(SpringBootContextLoader.java:120)
	at org.springframework.test.context.cache.DefaultCacheAwareContextLoaderDelegate.loadContextInternal(DefaultCacheAwareContextLoaderDelegate.java:98)
	at org.springframework.test.context.cache.DefaultCacheAwareContextLoaderDelegate.loadContext(DefaultCacheAwareContextLoaderDelegate.java:116)
	at org.springframework.test.context.support.DefaultTestContext.getApplicationContext(DefaultTestContext.java:83)
	at org.springframework.test.context.web.ServletTestExecutionListener.setUpRequestContextIfNecessary(ServletTestExecutionListener.java:189)
	at org.springframework.test.context.web.ServletTestExecutionListener.prepareTestInstance(ServletTestExecutionListener.java:131)
	at org.springframework.test.context.TestContextManager.prepareTestInstance(TestContextManager.java:230)
	at org.springframework.test.context.junit4.SpringJUnit4ClassRunner.createTest(SpringJUnit4ClassRunner.java:228)
	at org.springframework.test.context.junit4.SpringJUnit4ClassRunner$1.runReflectiveCall(SpringJUnit4ClassRunner.java:287)
	at org.junit.internal.runners.model.ReflectiveCallable.run(ReflectiveCallable.java:12)
	at org.springframework.test.context.junit4.SpringJUnit4ClassRunner.methodBlock(SpringJUnit4ClassRunner.java:289)
	at org.springframework.test.context.junit4.SpringJUnit4ClassRunner.runChild(SpringJUnit4ClassRunner.java:247)
	at org.springframework.test.context.junit4.SpringJUnit4ClassRunner.runChild(SpringJUnit4ClassRunner.java:94)
	at org.junit.runners.ParentRunner$3.run(ParentRunner.java:290)
	at org.junit.runners.ParentRunner$1.schedule(ParentRunner.java:71)
	at org.junit.runners.ParentRunner.runChildren(ParentRunner.java:288)
	at org.junit.runners.ParentRunner.access$000(ParentRunner.java:58)
	at org.junit.runners.ParentRunner$2.evaluate(ParentRunner.java:268)
	at org.springframework.test.context.junit4.statements.RunBeforeTestClassCallbacks.evaluate(RunBeforeTestClassCallbacks.java:61)
	at org.springframework.test.context.junit4.statements.RunAfterTestClassCallbacks.evaluate(RunAfterTestClassCallbacks.java:70)
	at org.junit.runners.ParentRunner.run(ParentRunner.java:363)
	at org.springframework.test.context.junit4.SpringJUnit4ClassRunner.run(SpringJUnit4ClassRunner.java:191)
	at org.apache.maven.surefire.junit4.JUnit4Provider.execute(JUnit4Provider.java:283)
	at org.apache.maven.surefire.junit4.JUnit4Provider.executeWithRerun(JUnit4Provider.java:173)
	at org.apache.maven.surefire.junit4.JUnit4Provider.executeTestSet(JUnit4Provider.java:153)
	at org.apache.maven.surefire.junit4.JUnit4Provider.invoke(JUnit4Provider.java:128)
	at org.apache.maven.surefire.booter.ForkedBooter.invokeProviderInSameClassLoader(ForkedBooter.java:203)
	at org.apache.maven.surefire.booter.ForkedBooter.runSuitesInProcess(ForkedBooter.java:155)
	at org.apache.maven.surefire.booter.ForkedBooter.main(ForkedBooter.java:103)
Caused by: org.h2.jdbc.JdbcSQLException: Value too long for column "TITLE VARCHAR(32) NOT NULL": "STRINGDECODE('\u7035\u5c7d\u59cf\u9369\ufffd \u9365\u501f\u9524CBD \u93c3\u8dfa\u76bb\u6d7c\u6226\u68fd \u935f\u55d7\u59df\u9354... (33)"; SQL statement:
INSERT INTO `house`(`id`, `title`, `price`, `area`, `room`, `floor`, `total_floor`, `watch_times`, `build_year`, `status`, `create_time`, `last_update_time`, `city_en_name`, `region_en_name`, `cover`, `direction`, `distance_to_subway`, `parlour`, `district`, `admin_id`, `bathroom`, `street`) VALUES ('15', '瀵屽姏鍩� 鍥借锤CBD 鏃跺皻浼戦棽 鍟嗗姟鍔炲叕 瓒呮鐡﹀姏', '6200', '70', '2', '10', '20', '2', '2005', '1', '2017-09-06 18:56:14', '2017-09-15 00:26:59', 'bj', 'hdq', 'FmD3zKG-gUPOrNv0HwzZN7IbkAC_', '2', '10', '1', '铻嶆辰鍢夊洯', '2', '0', '榫欏煙瑗夸簩璺�'), ('16', '瀵屽姏鍩� 鍥借锤CBD 鏃跺皻浼戦棽 鍟嗗姟鍔炲叕', '6300', '70', '2', '10', '20', '0', '2012', '1', '2017-09-06 19:53:35', '2017-09-11 00:35:13', 'bj', 'hdq', 'FmD3zKG-gUPOrNv0HwzZN7IbkAC_', '1', '-1', '1', '铻嶆辰鍢夊洯', '2', '0', '榫欏煙瑗夸簩璺�'), ('17', '浜岀幆涓滅洿闂ㄥ湴閾佺珯闄勮繎銆佺帇搴滀簳銆佸ぉ瀹夐棬銆佸浗璐搞�佷笁閲屽悲銆佸崡閿ｉ紦宸�', '3000', '35', '1', '5', '10', '0', '2013', '1', '2017-09-06 20:45:35', '2017-09-11 00:35:05', 'bj', 'hdq', 'FhVdDhzVDH1dLVVx4jOaVXOCfnea', '1', '200', '0', '铻嶆辰鍢夊洯', '2', '0', '榫欏煙瑗夸簩璺�'), ('18', '鍗庤锤鍩� 涓滃悜涓�灞呮寫绌簂oft 骞插噣娓╅Θ 闅忔椂鍙互绛剧害', '5700', '52', '1', '7', '20', '0', '2012', '1', '2017-09-06 21:01:02', '2017-09-11 00:35:01', 'bj', 'hdq', 'FsxiS6rOTpSg5pK7tv41e8Zpnn_c', '2', '1085', '1', '铻嶆辰鍢夊洯', '2', '0', '榫欏煙瑗夸簩璺�'), ('19', '鏈涙槬鍥澘妤间笁灞呭 鑷綇绮捐 鍗楀寳閫氶�� 閲囧厜濂借閲庢锛�', '9200', '132', '3', '6', '14', '0', '2005', '1', '2017-09-06 22:44:25', '2017-09-11 00:34:55', 'bj', 'hdq', 'Fl1lNikhmMIecbTn-JTsurxugtFU', '2', '1108', '2', '铻嶆辰鍢夊洯', '2', '0', '榫欏煙瑗夸簩璺�'), ('20', '楂樺ぇ涓婄殑鏁寸涓ゅ眳瀹� 涓氫富璇氭剰鍑虹', '5400', '56', '2', '12', '20', '0', '2012', '1', '2017-09-06 23:39:50', '2017-09-11 00:34:21', 'bj', 'hdq', 'FtNl9uPM6p5PjEs8z2FnOuViNtOM', '2', '-1', '1', '铻嶆辰鍢夊洯', '2', '0', '榫欏煙瑗夸簩璺�'), ('21', '鏂板悍鍥� 姝ｈ涓夊眳瀹� 绮捐淇� 瀹剁數瀹跺叿榻愬叏', '1900', '18', '1', '13', '25', '0', '2012', '1', '2017-09-07 00:52:47', '2017-09-11 00:34:13', 'bj', 'hdq', 'Fn9sHC3Wx7qpYCmSxt-z8FZluf0Z', '3', '1302', '0', '铻嶆辰鍢夊洯', '2', '0', '榫欏煙瑗夸簩璺�'), ('24', '婀栧厜澹瑰彿鏈涗含鍗庡簻183-387銕￠様鏅ぇ瀹�', '50000', '288', '5', '1', '1', '0', '2015', '1', '2017-09-07 11:42:20', '2017-09-18 20:14:14', 'bj', 'hdq', 'FvVqU8LneZZ5xaLBAOM1KXR2Pz1X', '5', '200', '3', '铻嶆辰鍢夊洯', '2', '0', '榫欏煙瑗夸簩璺�') [22001-196]
	at org.h2.message.DbException.getJdbcSQLException(DbException.java:345)
	at org.h2.message.DbException.get(DbException.java:179)
	at org.h2.table.Column.validateConvertUpdateSequence(Column.java:369)
	at org.h2.table.Table.validateConvertUpdateSequence(Table.java:797)
	at org.h2.command.dml.Insert.insertRows(Insert.java:151)
	at org.h2.command.dml.Insert.update(Insert.java:114)
	at org.h2.command.CommandContainer.update(CommandContainer.java:101)
	at org.h2.command.Command.executeUpdate(Command.java:260)
	at org.h2.jdbc.JdbcStatement.executeInternal(JdbcStatement.java:192)
	at org.h2.jdbc.JdbcStatement.execute(JdbcStatement.java:164)
	at sun.reflect.GeneratedMethodAccessor63.invoke(Unknown Source)
	at sun.reflect.DelegatingMethodAccessorImpl.invoke(DelegatingMethodAccessorImpl.java:43)
	at java.lang.reflect.Method.invoke(Method.java:483)
	at org.apache.tomcat.jdbc.pool.StatementFacade$StatementProxy.invoke(StatementFacade.java:114)
	at com.sun.proxy.$Proxy90.execute(Unknown Source)
	at org.springframework.jdbc.datasource.init.ScriptUtils.executeSqlScript(ScriptUtils.java:470)
	at org.springframework.jdbc.datasource.init.ResourceDatabasePopulator.populate(ResourceDatabasePopulator.java:238)
	at org.springframework.jdbc.datasource.init.DatabasePopulatorUtils.execute(DatabasePopulatorUtils.java:48)
	at org.springframework.boot.autoconfigure.jdbc.DataSourceInitializer.runScripts(DataSourceInitializer.java:192)
	at org.springframework.boot.autoconfigure.jdbc.DataSourceInitializer.runDataScripts(DataSourceInitializer.java:128)
	at org.springframework.boot.autoconfigure.jdbc.DataSourceInitializer.onApplicationEvent(DataSourceInitializer.java:118)
	at org.springframework.boot.autoconfigure.jdbc.DataSourceInitializer.onApplicationEvent(DataSourceInitializer.java:51)
	at org.springframework.context.event.SimpleApplicationEventMulticaster.doInvokeListener(SimpleApplicationEventMulticaster.java:172)
	at org.springframework.context.event.SimpleApplicationEventMulticaster.invokeListener(SimpleApplicationEventMulticaster.java:165)
	at org.springframework.context.event.SimpleApplicationEventMulticaster.multicastEvent(SimpleApplicationEventMulticaster.java:139)
	at org.springframework.context.support.AbstractApplicationContext.publishEvent(AbstractApplicationContext.java:393)
	at org.springframework.context.support.AbstractApplicationContext.publishEvent(AbstractApplicationContext.java:347)
	at org.springframework.boot.autoconfigure.jdbc.DataSourceInitializer.runSchemaScripts(DataSourceInitializer.java:95)
	at org.springframework.boot.autoconfigure.jdbc.DataSourceInitializer.init(DataSourceInitializer.java:83)
	at sun.reflect.NativeMethodAccessorImpl.invoke0(Native Method)
	at sun.reflect.NativeMethodAccessorImpl.invoke(NativeMethodAccessorImpl.java:62)
	at sun.reflect.DelegatingMethodAccessorImpl.invoke(DelegatingMethodAccessorImpl.java:43)
	at java.lang.reflect.Method.invoke(Method.java:483)
	at org.springframework.beans.factory.annotation.InitDestroyAnnotationBeanPostProcessor$LifecycleElement.invoke(InitDestroyAnnotationBeanPostProcessor.java:366)
	at org.springframework.beans.factory.annotation.InitDestroyAnnotationBeanPostProcessor$LifecycleMetadata.invokeInitMethods(InitDestroyAnnotationBeanPostProcessor.java:311)
	at org.springframework.beans.factory.annotation.InitDestroyAnnotationBeanPostProcessor.postProcessBeforeInitialization(InitDestroyAnnotationBeanPostProcessor.java:134)
	at org.springframework.beans.factory.support.AbstractAutowireCapableBeanFactory.applyBeanPostProcessorsBeforeInitialization(AbstractAutowireCapableBeanFactory.java:409)
	at org.springframework.beans.factory.support.AbstractAutowireCapableBeanFactory.initializeBean(AbstractAutowireCapableBeanFactory.java:1620)
	at org.springframework.beans.factory.support.AbstractAutowireCapableBeanFactory.doCreateBean(AbstractAutowireCapableBeanFactory.java:555)
	at org.springframework.beans.factory.support.AbstractAutowireCapableBeanFactory.createBean(AbstractAutowireCapableBeanFactory.java:483)
	at org.springframework.beans.factory.support.AbstractBeanFactory$1.getObject(AbstractBeanFactory.java:306)
	at org.springframework.beans.factory.support.DefaultSingletonBeanRegistry.getSingleton(DefaultSingletonBeanRegistry.java:230)
	at org.springframework.beans.factory.support.AbstractBeanFactory.doGetBean(AbstractBeanFactory.java:302)
	at org.springframework.beans.factory.support.AbstractBeanFactory.getBean(AbstractBeanFactory.java:220)
	at org.springframework.beans.factory.support.DefaultListableBeanFactory.resolveNamedBean(DefaultListableBeanFactory.java:1018)
	at org.springframework.beans.factory.support.DefaultListableBeanFactory.getBean(DefaultListableBeanFactory.java:345)
	at org.springframework.beans.factory.support.DefaultListableBeanFactory.getBean(DefaultListableBeanFactory.java:340)
	at org.springframework.boot.autoconfigure.jdbc.DataSourceInitializerPostProcessor.postProcessAfterInitialization(DataSourceInitializerPostProcessor.java:62)
	at org.springframework.beans.factory.support.AbstractAutowireCapableBeanFactory.applyBeanPostProcessorsAfterInitialization(AbstractAutowireCapableBeanFactory.java:423)
	at org.springframework.beans.factory.support.AbstractAutowireCapableBeanFactory.initializeBean(AbstractAutowireCapableBeanFactory.java:1633)
	at org.springframework.beans.factory.support.AbstractAutowireCapableBeanFactory.doCreateBean(AbstractAutowireCapableBeanFactory.java:555)
	at org.springframework.beans.factory.support.AbstractAutowireCapableBeanFactory.createBean(AbstractAutowireCapableBeanFactory.java:483)
	at org.springframework.beans.factory.support.AbstractBeanFactory$1.getObject(AbstractBeanFactory.java:306)
	at org.springframework.beans.factory.support.DefaultSingletonBeanRegistry.getSingleton(DefaultSingletonBeanRegistry.java:230)
	at org.springframework.beans.factory.support.AbstractBeanFactory.doGetBean(AbstractBeanFactory.java:302)
	at org.springframework.beans.factory.support.AbstractBeanFactory.getBean(AbstractBeanFactory.java:197)
	at org.springframework.context.annotation.ConfigurationClassEnhancer$BeanMethodInterceptor.obtainBeanInstanceFromFactory(ConfigurationClassEnhancer.java:389)
	at org.springframework.context.annotation.ConfigurationClassEnhancer$BeanMethodInterceptor.intercept(ConfigurationClassEnhancer.java:361)
	at com.imooc.config.JPAConfig$$EnhancerBySpringCGLIB$$ac3be7fd.dataSource(<generated>)
	at com.imooc.config.JPAConfig.entityManagerFactory(JPAConfig.java:36)
	at com.imooc.config.JPAConfig$$EnhancerBySpringCGLIB$$ac3be7fd.CGLIB$entityManagerFactory$2(<generated>)
	at com.imooc.config.JPAConfig$$EnhancerBySpringCGLIB$$ac3be7fd$$FastClassBySpringCGLIB$$914d9ecd.invoke(<generated>)
	at org.springframework.cglib.proxy.MethodProxy.invokeSuper(MethodProxy.java:228)
	at org.springframework.context.annotation.ConfigurationClassEnhancer$BeanMethodInterceptor.intercept(ConfigurationClassEnhancer.java:358)
	at com.imooc.config.JPAConfig$$EnhancerBySpringCGLIB$$ac3be7fd.entityManagerFactory(<generated>)
	at sun.reflect.NativeMethodAccessorImpl.invoke0(Native Method)
	at sun.reflect.NativeMethodAccessorImpl.invoke(NativeMethodAccessorImpl.java:62)
	at sun.reflect.DelegatingMethodAccessorImpl.invoke(DelegatingMethodAccessorImpl.java:43)
	at java.lang.reflect.Method.invoke(Method.java:483)
	at org.springframework.beans.factory.support.SimpleInstantiationStrategy.instantiate(SimpleInstantiationStrategy.java:162)
	at org.springframework.beans.factory.support.ConstructorResolver.instantiateUsingFactoryMethod(ConstructorResolver.java:588)
	at org.springframework.beans.factory.support.AbstractAutowireCapableBeanFactory.instantiateUsingFactoryMethod(AbstractAutowireCapableBeanFactory.java:1173)
	at org.springframework.beans.factory.support.AbstractAutowireCapableBeanFactory.createBeanInstance(AbstractAutowireCapableBeanFactory.java:1067)
	at org.springframework.beans.factory.support.AbstractAutowireCapableBeanFactory.doCreateBean(AbstractAutowireCapableBeanFactory.java:513)
	at org.springframework.beans.factory.support.AbstractAutowireCapableBeanFactory.createBean(AbstractAutowireCapableBeanFactory.java:483)
	at org.springframework.beans.factory.support.AbstractBeanFactory$1.getObject(AbstractBeanFactory.java:306)
	at org.springframework.beans.factory.support.DefaultSingletonBeanRegistry.getSingleton(DefaultSingletonBeanRegistry.java:230)
	at org.springframework.beans.factory.support.AbstractBeanFactory.doGetBean(AbstractBeanFactory.java:302)
	at org.springframework.beans.factory.support.AbstractBeanFactory.getBean(AbstractBeanFactory.java:197)
	at org.springframework.context.support.AbstractApplicationContext.getBean(AbstractApplicationContext.java:1078)
	at org.springframework.context.support.AbstractApplicationContext.finishBeanFactoryInitialization(AbstractApplicationContext.java:857)
	at org.springframework.context.support.AbstractApplicationContext.refresh(AbstractApplicationContext.java:543)
	at org.springframework.boot.SpringApplication.refresh(SpringApplication.java:693)
	at org.springframework.boot.SpringApplication.refreshContext(SpringApplication.java:360)
	at org.springframework.boot.SpringApplication.run(SpringApplication.java:303)
	at org.springframework.boot.test.context.SpringBootContextLoader.loadContext(SpringBootContextLoader.java:120)
	at org.springframework.test.context.cache.DefaultCacheAwareContextLoaderDelegate.loadContextInternal(DefaultCacheAwareContextLoaderDelegate.java:98)
	at org.springframework.test.context.cache.DefaultCacheAwareContextLoaderDelegate.loadContext(DefaultCacheAwareContextLoaderDelegate.java:116)
	at org.springframework.test.context.support.DefaultTestContext.getApplicationContext(DefaultTestContext.java:83)
	at org.springframework.test.context.web.ServletTestExecutionListener.setUpRequestContextIfNecessary(ServletTestExecutionListener.java:189)
	at org.springframework.test.context.web.ServletTestExecutionListener.prepareTestInstance(ServletTestExecutionListener.java:131)
	at org.springframework.test.context.TestContextManager.prepareTestInstance(TestContextManager.java:230)
	at org.springframework.test.context.junit4.SpringJUnit4ClassRunner.createTest(SpringJUnit4ClassRunner.java:228)
	at org.springframework.test.context.junit4.SpringJUnit4ClassRunner$1.runReflectiveCall(SpringJUnit4ClassRunner.java:287)
	at org.junit.internal.runners.model.ReflectiveCallable.run(ReflectiveCallable.java:12)
	at org.springframework.test.context.junit4.SpringJUnit4ClassRunner.methodBlock(SpringJUnit4ClassRunner.java:289)
	at org.springframework.test.context.junit4.SpringJUnit4ClassRunner.runChild(SpringJUnit4ClassRunner.java:247)
	at org.springframework.test.context.junit4.SpringJUnit4ClassRunner.runChild(SpringJUnit4ClassRunner.java:94)
	at org.junit.runners.ParentRunner$3.run(ParentRunner.java:290)
	at org.junit.runners.ParentRunner$1.schedule(ParentRunner.java:71)
	at org.junit.runners.ParentRunner.runChildren(ParentRunner.java:288)
	at org.junit.runners.ParentRunner.access$000(ParentRunner.java:58)
	at org.junit.runners.ParentRunner$2.evaluate(ParentRunner.java:268)
	at org.springframework.test.context.junit4.statements.RunBeforeTestClassCallbacks.evaluate(RunBeforeTestClassCallbacks.java:61)
	at org.springframework.test.context.junit4.statements.RunAfterTestClassCallbacks.evaluate(RunAfterTestClassCallbacks.java:70)
	at org.junit.runners.ParentRunner.run(ParentRunner.java:363)
	at org.springframework.test.context.junit4.SpringJUnit4ClassRunner.run(SpringJUnit4ClassRunner.java:191)
	at org.apache.maven.surefire.junit4.JUnit4Provider.execute(JUnit4Provider.java:283)
	at org.apache.maven.surefire.junit4.JUnit4Provider.executeWithRerun(JUnit4Provider.java:173)
	at org.apache.maven.surefire.junit4.JUnit4Provider.executeTestSet(JUnit4Provider.java:153)
	at org.apache.maven.surefire.junit4.JUnit4Provider.invoke(JUnit4Provider.java:128)
	at org.apache.maven.surefire.booter.ForkedBooter.invokeProviderInSameClassLoader(ForkedBooter.java:203)
	at org.apache.maven.surefire.booter.ForkedBooter.runSuitesInProcess(ForkedBooter.java:155)
	at org.apache.maven.surefire.booter.ForkedBooter.main(ForkedBooter.java:103)
]]></error>
    <system-out><![CDATA[21:11:19.682 [main] DEBUG org.springframework.test.context.junit4.SpringJUnit4ClassRunner - SpringJUnit4ClassRunner constructor called with [class com.imooc.ApplicationTests]
21:11:19.699 [main] DEBUG org.springframework.test.context.BootstrapUtils - Instantiating CacheAwareContextLoaderDelegate from class [org.springframework.test.context.cache.DefaultCacheAwareContextLoaderDelegate]
21:11:19.722 [main] DEBUG org.springframework.test.context.BootstrapUtils - Instantiating BootstrapContext using constructor [public org.springframework.test.context.support.DefaultBootstrapContext(java.lang.Class,org.springframework.test.context.CacheAwareContextLoaderDelegate)]
21:11:19.768 [main] DEBUG org.springframework.test.context.BootstrapUtils - Instantiating TestContextBootstrapper for test class [com.imooc.ApplicationTests] from class [org.springframework.boot.test.context.SpringBootTestContextBootstrapper]
21:11:19.800 [main] INFO org.springframework.boot.test.context.SpringBootTestContextBootstrapper - Neither @ContextConfiguration nor @ContextHierarchy found for test class [com.imooc.ApplicationTests], using SpringBootContextLoader
21:11:19.812 [main] DEBUG org.springframework.test.context.support.AbstractContextLoader - Did not detect default resource location for test class [com.imooc.ApplicationTests]: class path resource [com/imooc/ApplicationTests-context.xml] does not exist
21:11:19.813 [main] DEBUG org.springframework.test.context.support.AbstractContextLoader - Did not detect default resource location for test class [com.imooc.ApplicationTests]: class path resource [com/imooc/ApplicationTestsContext.groovy] does not exist
21:11:19.814 [main] INFO org.springframework.test.context.support.AbstractContextLoader - Could not detect default resource locations for test class [com.imooc.ApplicationTests]: no resource found for suffixes {-context.xml, Context.groovy}.
21:11:19.815 [main] INFO org.springframework.test.context.support.AnnotationConfigContextLoaderUtils - Could not detect default configuration classes for test class [com.imooc.ApplicationTests]: ApplicationTests does not declare any static, non-private, non-final, nested classes annotated with @Configuration.
21:11:19.942 [main] DEBUG org.springframework.core.env.StandardEnvironment - Adding PropertySource 'systemProperties' with lowest search precedence
21:11:19.945 [main] DEBUG org.springframework.core.env.StandardEnvironment - Adding PropertySource 'systemEnvironment' with lowest search precedence
21:11:19.945 [main] DEBUG org.springframework.core.env.StandardEnvironment - Initialized StandardEnvironment with PropertySources [MapPropertySource@1753259207 {name='systemProperties', properties={java.runtime.name=Java(TM) SE Runtime Environment, sun.boot.library.path=C:\Program Files\Java\jdk1.8.0_31\jre\bin, java.vm.version=25.31-b07, java.vm.vendor=Oracle Corporation, java.vendor.url=http://java.oracle.com/, path.separator=;, java.vm.name=Java HotSpot(TM) 64-Bit Server VM, file.encoding.pkg=sun.io, user.country=CN, user.script=, sun.java.launcher=SUN_STANDARD, sun.os.patch.level=, java.vm.specification.name=Java Virtual Machine Specification, user.dir=C:\Users\Administrator\Desktop\learn\m2cn7s, java.runtime.version=1.8.0_31-b13, basedir=C:\Users\Administrator\Desktop\learn\m2cn7s, java.awt.graphicsenv=sun.awt.Win32GraphicsEnvironment, java.endorsed.dirs=C:\Program Files\Java\jdk1.8.0_31\jre\lib\endorsed, os.arch=amd64, surefire.real.class.path=C:\Users\Administrator\Desktop\learn\m2cn7s\target\surefire\surefirebooter1103369608163825697.jar;C:\\Users\\Administrator\\.m2\\repository\\org\\jacoco\\org.jacoco.agent\\0.7.5.201505241946\\org.jacoco.agent-0.7.5.201505241946-runtime.jar, java.io.tmpdir=C:\Users\ADMINI~1\AppData\Local\Temp\, line.separator=
, java.vm.specification.vendor=Oracle Corporation, user.variant=, os.name=Windows 8.1, sun.jnu.encoding=GBK, java.library.path=C:\Program Files\Java\jdk1.8.0_31\jre\bin;C:\windows\Sun\Java\bin;C:\windows\system32;C:\windows;C:/Program Files/Java/jre1.8.0_31/bin/server;C:/Program Files/Java/jre1.8.0_31/bin;C:/Program Files/Java/jre1.8.0_31/lib/amd64;E:\Oracle\product\11.2.0\dbhome_1\bin;C:\ProgramData\Oracle\Java\javapath;G:\android\sdk\platform-tools;G:\android\sdk\tools;C:\Program Files\Java\jdk1.8.0_31\bin;C:\Program Files\Java\jre1.8.0_31\bin;C:\Program Files\Java\jdk1.8.0_31\jre\bin;C:\Program Files (x86)\GtkSharp\2.12\bin;C:\windows\system32;C:\windows;C:\windows\System32\Wbem;G:\android\sdk\platform-tools;G:\android\sdk\tools;C:\Program Files\Java\jdk1.8.0_31\bin;C:\Program Files\Java\jre1.8.0_31\bin;C:\Program Files\Java\jdk1.8.0_31\jre\bin;D:\apache-maven-3.3.9\bin;C:\Program Files\MySQL\MySQL Utilities 1.6\;C:\gradle-4.1\BIN;E:\Program Files\erl8.1\bin;C:\Program Files (x86)\scala\bin;C:\Program Files (x86)\scala\bin;C:\Program Files (x86)\scala\jre\bin;C:\Program Files\nodejs\;D:\Python27;D:\Python27\Scripts;C:\Users\Administrator\AppData\Local\Programs\Fiddler;C:\Program Files (x86)\SSH Communications Security\SSH Secure Shell;C:\Users\Administrator\AppData\Roaming\npm;E:\Program Files\Microsoft VS Code\bin;G:\eclipse-win64;;., surefire.test.class.path=C:\Users\Administrator\Desktop\learn\m2cn7s\target\test-classes;C:\Users\Administrator\Desktop\learn\m2cn7s\target\classes;C:\Users\Administrator\.m2\repository\org\springframework\boot\spring-boot-starter-data-jpa\1.5.7.RELEASE\spring-boot-starter-data-jpa-1.5.7.RELEASE.jar;C:\Users\Administrator\.m2\repository\org\springframework\boot\spring-boot-starter\1.5.7.RELEASE\spring-boot-starter-1.5.7.RELEASE.jar;C:\Users\Administrator\.m2\repository\org\springframework\boot\spring-boot-starter-logging\1.5.7.RELEASE\spring-boot-starter-logging-1.5.7.RELEASE.jar;C:\Users\Administrator\.m2\repository\ch\qos\logback\logback-classic\1.1.11\logback-classic-1.1.11.jar;C:\Users\Administrator\.m2\repository\ch\qos\logback\logback-core\1.1.11\logback-core-1.1.11.jar;C:\Users\Administrator\.m2\repository\org\slf4j\jul-to-slf4j\1.7.25\jul-to-slf4j-1.7.25.jar;C:\Users\Administrator\.m2\repository\org\slf4j\log4j-over-slf4j\1.7.25\log4j-over-slf4j-1.7.25.jar;C:\Users\Administrator\.m2\repository\org\yaml\snakeyaml\1.17\snakeyaml-1.17.jar;C:\Users\Administrator\.m2\repository\org\springframework\boot\spring-boot-starter-jdbc\1.5.7.RELEASE\spring-boot-starter-jdbc-1.5.7.RELEASE.jar;C:\Users\Administrator\.m2\repository\org\apache\tomcat\tomcat-jdbc\8.5.20\tomcat-jdbc-8.5.20.jar;C:\Users\Administrator\.m2\repository\org\apache\tomcat\tomcat-juli\8.5.20\tomcat-juli-8.5.20.jar;C:\Users\Administrator\.m2\repository\org\springframework\spring-jdbc\4.3.11.RELEASE\spring-jdbc-4.3.11.RELEASE.jar;C:\Users\Administrator\.m2\repository\org\hibernate\hibernate-core\5.0.12.Final\hibernate-core-5.0.12.Final.jar;C:\Users\Administrator\.m2\repository\org\jboss\logging\jboss-logging\3.3.1.Final\jboss-logging-3.3.1.Final.jar;C:\Users\Administrator\.m2\repository\org\hibernate\javax\persistence\hibernate-jpa-2.1-api\1.0.0.Final\hibernate-jpa-2.1-api-1.0.0.Final.jar;C:\Users\Administrator\.m2\repository\org\javassist\javassist\3.21.0-GA\javassist-3.21.0-GA.jar;C:\Users\Administrator\.m2\repository\antlr\antlr\2.7.7\antlr-2.7.7.jar;C:\Users\Administrator\.m2\repository\org\jboss\jandex\2.0.0.Final\jandex-2.0.0.Final.jar;C:\Users\Administrator\.m2\repository\dom4j\dom4j\1.6.1\dom4j-1.6.1.jar;C:\Users\Administrator\.m2\repository\org\hibernate\common\hibernate-commons-annotations\5.0.1.Final\hibernate-commons-annotations-5.0.1.Final.jar;C:\Users\Administrator\.m2\repository\org\hibernate\hibernate-entitymanager\5.0.12.Final\hibernate-entitymanager-5.0.12.Final.jar;C:\Users\Administrator\.m2\repository\javax\transaction\javax.transaction-api\1.2\javax.transaction-api-1.2.jar;C:\Users\Administrator\.m2\repository\org\springframework\data\spring-data-jpa\1.11.7.RELEASE\spring-data-jpa-1.11.7.RELEASE.jar;C:\Users\Administrator\.m2\repository\org\springframework\data\spring-data-commons\1.13.7.RELEASE\spring-data-commons-1.13.7.RELEASE.jar;C:\Users\Administrator\.m2\repository\org\springframework\spring-orm\4.3.11.RELEASE\spring-orm-4.3.11.RELEASE.jar;C:\Users\Administrator\.m2\repository\org\springframework\spring-tx\4.3.11.RELEASE\spring-tx-4.3.11.RELEASE.jar;C:\Users\Administrator\.m2\repository\org\springframework\spring-beans\4.3.11.RELEASE\spring-beans-4.3.11.RELEASE.jar;C:\Users\Administrator\.m2\repository\org\slf4j\jcl-over-slf4j\1.7.25\jcl-over-slf4j-1.7.25.jar;C:\Users\Administrator\.m2\repository\org\springframework\spring-aspects\4.3.11.RELEASE\spring-aspects-4.3.11.RELEASE.jar;C:\Users\Administrator\.m2\repository\com\h2database\h2\1.4.196\h2-1.4.196.jar;C:\Users\Administrator\.m2\repository\mysql\mysql-connector-java\5.1.44\mysql-connector-java-5.1.44.jar;C:\Users\Administrator\.m2\repository\org\springframework\boot\spring-boot-starter-thymeleaf\1.5.7.RELEASE\spring-boot-starter-thymeleaf-1.5.7.RELEASE.jar;C:\Users\Administrator\.m2\repository\nz\net\ultraq\thymeleaf\thymeleaf-layout-dialect\2.1.1\thymeleaf-layout-dialect-2.1.1.jar;C:\Users\Administrator\.m2\repository\org\codehaus\groovy\groovy\2.4.12\groovy-2.4.12.jar;C:\Users\Administrator\.m2\repository\nz\net\ultraq\thymeleaf\thymeleaf-expression-processor\1.1.2\thymeleaf-expression-processor-1.1.2.jar;C:\Users\Administrator\.m2\repository\org\thymeleaf\thymeleaf\3.0.3.RELEASE\thymeleaf-3.0.3.RELEASE.jar;C:\Users\Administrator\.m2\repository\ognl\ognl\3.1.12\ognl-3.1.12.jar;C:\Users\Administrator\.m2\repository\org\attoparser\attoparser\2.0.2.RELEASE\attoparser-2.0.2.RELEASE.jar;C:\Users\Administrator\.m2\repository\org\unbescape\unbescape\1.1.4.RELEASE\unbescape-1.1.4.RELEASE.jar;C:\Users\Administrator\.m2\repository\org\slf4j\slf4j-api\1.7.25\slf4j-api-1.7.25.jar;C:\Users\Administrator\.m2\repository\org\thymeleaf\thymeleaf-spring4\3.0.2.RELEASE\thymeleaf-spring4-3.0.2.RELEASE.jar;C:\Users\Administrator\.m2\repository\org\springframework\boot\spring-boot-starter-web\1.5.7.RELEASE\spring-boot-starter-web-1.5.7.RELEASE.jar;C:\Users\Administrator\.m2\repository\org\springframework\boot\spring-boot-starter-tomcat\1.5.7.RELEASE\spring-boot-starter-tomcat-1.5.7.RELEASE.jar;C:\Users\Administrator\.m2\repository\org\apache\tomcat\embed\tomcat-embed-core\8.5.20\tomcat-embed-core-8.5.20.jar;C:\Users\Administrator\.m2\repository\org\apache\tomcat\embed\tomcat-embed-el\8.5.20\tomcat-embed-el-8.5.20.jar;C:\Users\Administrator\.m2\repository\org\apache\tomcat\embed\tomcat-embed-websocket\8.5.20\tomcat-embed-websocket-8.5.20.jar;C:\Users\Administrator\.m2\repository\org\hibernate\hibernate-validator\5.3.5.Final\hibernate-validator-5.3.5.Final.jar;C:\Users\Administrator\.m2\repository\javax\validation\validation-api\1.1.0.Final\validation-api-1.1.0.Final.jar;C:\Users\Administrator\.m2\repository\com\fasterxml\classmate\1.3.4\classmate-1.3.4.jar;C:\Users\Administrator\.m2\repository\org\springframework\spring-web\4.3.11.RELEASE\spring-web-4.3.11.RELEASE.jar;C:\Users\Administrator\.m2\repository\org\springframework\spring-webmvc\4.3.11.RELEASE\spring-webmvc-4.3.11.RELEASE.jar;C:\Users\Administrator\.m2\repository\org\springframework\spring-expression\4.3.11.RELEASE\spring-expression-4.3.11.RELEASE.jar;C:\Users\Administrator\.m2\repository\org\springframework\boot\spring-boot-starter-security\1.5.7.RELEASE\spring-boot-starter-security-1.5.7.RELEASE.jar;C:\Users\Administrator\.m2\repository\org\springframework\spring-aop\4.3.11.RELEASE\spring-aop-4.3.11.RELEASE.jar;C:\Users\Administrator\.m2\repository\org\springframework\security\spring-security-config\4.2.3.RELEASE\spring-security-config-4.2.3.RELEASE.jar;C:\Users\Administrator\.m2\repository\org\springframework\security\spring-security-web\4.2.3.RELEASE\spring-security-web-4.2.3.RELEASE.jar;C:\Users\Administrator\.m2\repository\org\thymeleaf\extras\thymeleaf-extras-springsecurity4\3.0.2.RELEASE\thymeleaf-extras-springsecurity4-3.0.2.RELEASE.jar;C:\Users\Administrator\.m2\repository\org\springframework\session\spring-session\1.3.1.RELEASE\spring-session-1.3.1.RELEASE.jar;C:\Users\Administrator\.m2\repository\org\springframework\boot\spring-boot-starter-data-redis\1.5.7.RELEASE\spring-boot-starter-data-redis-1.5.7.RELEASE.jar;C:\Users\Administrator\.m2\repository\org\springframework\data\spring-data-redis\1.8.7.RELEASE\spring-data-redis-1.8.7.RELEASE.jar;C:\Users\Administrator\.m2\repository\org\springframework\data\spring-data-keyvalue\1.2.7.RELEASE\spring-data-keyvalue-1.2.7.RELEASE.jar;C:\Users\Administrator\.m2\repository\org\springframework\spring-oxm\4.3.11.RELEASE\spring-oxm-4.3.11.RELEASE.jar;C:\Users\Administrator\.m2\repository\redis\clients\jedis\2.9.0\jedis-2.9.0.jar;C:\Users\Administrator\.m2\repository\org\apache\commons\commons-pool2\2.4.2\commons-pool2-2.4.2.jar;C:\Users\Administrator\.m2\repository\org\springframework\boot\spring-boot-devtools\1.5.7.RELEASE\spring-boot-devtools-1.5.7.RELEASE.jar;C:\Users\Administrator\.m2\repository\org\springframework\boot\spring-boot\1.5.7.RELEASE\spring-boot-1.5.7.RELEASE.jar;C:\Users\Administrator\.m2\repository\org\springframework\boot\spring-boot-autoconfigure\1.5.7.RELEASE\spring-boot-autoconfigure-1.5.7.RELEASE.jar;C:\Users\Administrator\.m2\repository\joda-time\joda-time\2.3\joda-time-2.3.jar;C:\Users\Administrator\.m2\repository\com\fasterxml\jackson\core\jackson-databind\2.5.0\jackson-databind-2.5.0.jar;C:\Users\Administrator\.m2\repository\com\fasterxml\jackson\core\jackson-annotations\2.8.0\jackson-annotations-2.8.0.jar;C:\Users\Administrator\.m2\repository\com\fasterxml\jackson\core\jackson-core\2.8.10\jackson-core-2.8.10.jar;C:\Users\Administrator\.m2\repository\com\qiniu\qiniu-java-sdk\7.2.9\qiniu-java-sdk-7.2.9.jar;C:\Users\Administrator\.m2\repository\com\squareup\okhttp3\okhttp\3.9.1\okhttp-3.9.1.jar;C:\Users\Administrator\.m2\repository\com\squareup\okio\okio\1.13.0\okio-1.13.0.jar;C:\Users\Administrator\.m2\repository\com\google\code\gson\gson\2.8.1\gson-2.8.1.jar;C:\Users\Administrator\.m2\repository\com\qiniu\happy-dns-java\0.1.6\happy-dns-java-0.1.6.jar;C:\Users\Administrator\.m2\repository\org\modelmapper\modelmapper\1.1.0\modelmapper-1.1.0.jar;C:\Users\Administrator\.m2\repository\com\google\guava\guava\18.0\guava-18.0.jar;C:\Users\Administrator\.m2\repository\org\elasticsearch\client\transport\5.6.1\transport-5.6.1.jar;C:\Users\Administrator\.m2\repository\org\elasticsearch\elasticsearch\5.6.1\elasticsearch-5.6.1.jar;C:\Users\Administrator\.m2\repository\org\apache\lucene\lucene-core\6.6.1\lucene-core-6.6.1.jar;C:\Users\Administrator\.m2\repository\org\apache\lucene\lucene-analyzers-common\6.6.1\lucene-analyzers-common-6.6.1.jar;C:\Users\Administrator\.m2\repository\org\apache\lucene\lucene-backward-codecs\6.6.1\lucene-backward-codecs-6.6.1.jar;C:\Users\Administrator\.m2\repository\org\apache\lucene\lucene-grouping\6.6.1\lucene-grouping-6.6.1.jar;C:\Users\Administrator\.m2\repository\org\apache\lucene\lucene-highlighter\6.6.1\lucene-highlighter-6.6.1.jar;C:\Users\Administrator\.m2\repository\org\apache\lucene\lucene-join\6.6.1\lucene-join-6.6.1.jar;C:\Users\Administrator\.m2\repository\org\apache\lucene\lucene-memory\6.6.1\lucene-memory-6.6.1.jar;C:\Users\Administrator\.m2\repository\org\apache\lucene\lucene-misc\6.6.1\lucene-misc-6.6.1.jar;C:\Users\Administrator\.m2\repository\org\apache\lucene\lucene-queries\6.6.1\lucene-queries-6.6.1.jar;C:\Users\Administrator\.m2\repository\org\apache\lucene\lucene-queryparser\6.6.1\lucene-queryparser-6.6.1.jar;C:\Users\Administrator\.m2\repository\org\apache\lucene\lucene-sandbox\6.6.1\lucene-sandbox-6.6.1.jar;C:\Users\Administrator\.m2\repository\org\apache\lucene\lucene-spatial\6.6.1\lucene-spatial-6.6.1.jar;C:\Users\Administrator\.m2\repository\org\apache\lucene\lucene-spatial-extras\6.6.1\lucene-spatial-extras-6.6.1.jar;C:\Users\Administrator\.m2\repository\org\apache\lucene\lucene-spatial3d\6.6.1\lucene-spatial3d-6.6.1.jar;C:\Users\Administrator\.m2\repository\org\apache\lucene\lucene-suggest\6.6.1\lucene-suggest-6.6.1.jar;C:\Users\Administrator\.m2\repository\org\elasticsearch\securesm\1.1\securesm-1.1.jar;C:\Users\Administrator\.m2\repository\net\sf\jopt-simple\jopt-simple\5.0.2\jopt-simple-5.0.2.jar;C:\Users\Administrator\.m2\repository\com\carrotsearch\hppc\0.7.1\hppc-0.7.1.jar;C:\Users\Administrator\.m2\repository\com\fasterxml\jackson\dataformat\jackson-dataformat-smile\2.8.10\jackson-dataformat-smile-2.8.10.jar;C:\Users\Administrator\.m2\repository\com\fasterxml\jackson\dataformat\jackson-dataformat-yaml\2.8.10\jackson-dataformat-yaml-2.8.10.jar;C:\Users\Administrator\.m2\repository\com\fasterxml\jackson\dataformat\jackson-dataformat-cbor\2.8.10\jackson-dataformat-cbor-2.8.10.jar;C:\Users\Administrator\.m2\repository\com\tdunning\t-digest\3.0\t-digest-3.0.jar;C:\Users\Administrator\.m2\repository\org\hdrhistogram\HdrHistogram\2.1.9\HdrHistogram-2.1.9.jar;C:\Users\Administrator\.m2\repository\org\elasticsearch\jna\4.4.0-1\jna-4.4.0-1.jar;C:\Users\Administrator\.m2\repository\org\elasticsearch\plugin\transport-netty3-client\5.6.1\transport-netty3-client-5.6.1.jar;C:\Users\Administrator\.m2\repository\io\netty\netty\3.10.6.Final\netty-3.10.6.Final.jar;C:\Users\Administrator\.m2\repository\org\elasticsearch\plugin\transport-netty4-client\5.6.1\transport-netty4-client-5.6.1.jar;C:\Users\Administrator\.m2\repository\io\netty\netty-buffer\4.1.13.Final\netty-buffer-4.1.13.Final.jar;C:\Users\Administrator\.m2\repository\io\netty\netty-codec\4.1.13.Final\netty-codec-4.1.13.Final.jar;C:\Users\Administrator\.m2\repository\io\netty\netty-codec-http\4.1.13.Final\netty-codec-http-4.1.13.Final.jar;C:\Users\Administrator\.m2\repository\io\netty\netty-common\4.1.13.Final\netty-common-4.1.13.Final.jar;C:\Users\Administrator\.m2\repository\io\netty\netty-handler\4.1.13.Final\netty-handler-4.1.13.Final.jar;C:\Users\Administrator\.m2\repository\io\netty\netty-resolver\4.1.13.Final\netty-resolver-4.1.13.Final.jar;C:\Users\Administrator\.m2\repository\io\netty\netty-transport\4.1.13.Final\netty-transport-4.1.13.Final.jar;C:\Users\Administrator\.m2\repository\org\elasticsearch\plugin\reindex-client\5.6.1\reindex-client-5.6.1.jar;C:\Users\Administrator\.m2\repository\org\elasticsearch\client\elasticsearch-rest-client\5.6.1\elasticsearch-rest-client-5.6.1.jar;C:\Users\Administrator\.m2\repository\org\apache\httpcomponents\httpclient\4.5.3\httpclient-4.5.3.jar;C:\Users\Administrator\.m2\repository\org\apache\httpcomponents\httpcore\4.4.6\httpcore-4.4.6.jar;C:\Users\Administrator\.m2\repository\org\apache\httpcomponents\httpasyncclient\4.1.3\httpasyncclient-4.1.3.jar;C:\Users\Administrator\.m2\repository\org\apache\httpcomponents\httpcore-nio\4.4.5\httpcore-nio-4.4.5.jar;C:\Users\Administrator\.m2\repository\commons-codec\commons-codec\1.10\commons-codec-1.10.jar;C:\Users\Administrator\.m2\repository\commons-logging\commons-logging\1.1.3\commons-logging-1.1.3.jar;C:\Users\Administrator\.m2\repository\org\elasticsearch\plugin\lang-mustache-client\5.6.1\lang-mustache-client-5.6.1.jar;C:\Users\Administrator\.m2\repository\com\github\spullara\mustache\java\compiler\0.9.3\compiler-0.9.3.jar;C:\Users\Administrator\.m2\repository\org\elasticsearch\plugin\percolator-client\5.6.1\percolator-client-5.6.1.jar;C:\Users\Administrator\.m2\repository\org\elasticsearch\plugin\parent-join-client\5.6.1\parent-join-client-5.6.1.jar;C:\Users\Administrator\.m2\repository\org\apache\logging\log4j\log4j-core\2.7\log4j-core-2.7.jar;C:\Users\Administrator\.m2\repository\org\apache\logging\log4j\log4j-api\2.7\log4j-api-2.7.jar;C:\Users\Administrator\.m2\repository\org\springframework\kafka\spring-kafka\1.1.6.RELEASE\spring-kafka-1.1.6.RELEASE.jar;C:\Users\Administrator\.m2\repository\org\springframework\spring-messaging\4.3.11.RELEASE\spring-messaging-4.3.11.RELEASE.jar;C:\Users\Administrator\.m2\repository\org\springframework\retry\spring-retry\1.2.1.RELEASE\spring-retry-1.2.1.RELEASE.jar;C:\Users\Administrator\.m2\repository\org\apache\kafka\kafka-clients\0.10.1.1\kafka-clients-0.10.1.1.jar;C:\Users\Administrator\.m2\repository\net\jpountz\lz4\lz4\1.3.0\lz4-1.3.0.jar;C:\Users\Administrator\.m2\repository\org\xerial\snappy\snappy-java\1.1.2.6\snappy-java-1.1.2.6.jar;C:\Users\Administrator\.m2\repository\org\springframework\boot\spring-boot-starter-mail\1.5.7.RELEASE\spring-boot-starter-mail-1.5.7.RELEASE.jar;C:\Users\Administrator\.m2\repository\org\springframework\spring-context\4.3.11.RELEASE\spring-context-4.3.11.RELEASE.jar;C:\Users\Administrator\.m2\repository\org\springframework\spring-context-support\4.3.11.RELEASE\spring-context-support-4.3.11.RELEASE.jar;C:\Users\Administrator\.m2\repository\com\sun\mail\javax.mail\1.5.6\javax.mail-1.5.6.jar;C:\Users\Administrator\.m2\repository\javax\activation\activation\1.1\activation-1.1.jar;C:\Users\Administrator\.m2\repository\org\springframework\boot\spring-boot-starter-test\1.5.7.RELEASE\spring-boot-starter-test-1.5.7.RELEASE.jar;C:\Users\Administrator\.m2\repository\org\springframework\boot\spring-boot-test\1.5.7.RELEASE\spring-boot-test-1.5.7.RELEASE.jar;C:\Users\Administrator\.m2\repository\org\springframework\boot\spring-boot-test-autoconfigure\1.5.7.RELEASE\spring-boot-test-autoconfigure-1.5.7.RELEASE.jar;C:\Users\Administrator\.m2\repository\com\jayway\jsonpath\json-path\2.2.0\json-path-2.2.0.jar;C:\Users\Administrator\.m2\repository\net\minidev\json-smart\2.2.1\json-smart-2.2.1.jar;C:\Users\Administrator\.m2\repository\net\minidev\accessors-smart\1.1\accessors-smart-1.1.jar;C:\Users\Administrator\.m2\repository\org\ow2\asm\asm\5.0.3\asm-5.0.3.jar;C:\Users\Administrator\.m2\repository\junit\junit\4.12\junit-4.12.jar;C:\Users\Administrator\.m2\repository\org\assertj\assertj-core\2.6.0\assertj-core-2.6.0.jar;C:\Users\Administrator\.m2\repository\org\mockito\mockito-core\1.10.19\mockito-core-1.10.19.jar;C:\Users\Administrator\.m2\repository\org\objenesis\objenesis\2.1\objenesis-2.1.jar;C:\Users\Administrator\.m2\repository\org\hamcrest\hamcrest-core\1.3\hamcrest-core-1.3.jar;C:\Users\Administrator\.m2\repository\org\hamcrest\hamcrest-library\1.3\hamcrest-library-1.3.jar;C:\Users\Administrator\.m2\repository\org\skyscreamer\jsonassert\1.4.0\jsonassert-1.4.0.jar;C:\Users\Administrator\.m2\repository\com\vaadin\external\google\android-json\0.0.20131108.vaadin1\android-json-0.0.20131108.vaadin1.jar;C:\Users\Administrator\.m2\repository\org\springframework\spring-core\4.3.11.RELEASE\spring-core-4.3.11.RELEASE.jar;C:\Users\Administrator\.m2\repository\org\springframework\spring-test\4.3.11.RELEASE\spring-test-4.3.11.RELEASE.jar;C:\Users\Administrator\.m2\repository\org\springframework\security\spring-security-test\4.2.3.RELEASE\spring-security-test-4.2.3.RELEASE.jar;C:\Users\Administrator\.m2\repository\org\springframework\security\spring-security-core\4.2.3.RELEASE\spring-security-core-4.2.3.RELEASE.jar;C:\Users\Administrator\.m2\repository\aopalliance\aopalliance\1.0\aopalliance-1.0.jar;C:\Users\Administrator\.m2\repository\com\aliyun\aliyun-java-sdk-core\3.2.3\aliyun-java-sdk-core-3.2.3.jar;C:\Users\Administrator\.m2\repository\com\aliyun\aliyun-java-sdk-dysmsapi\1.0.0\aliyun-java-sdk-dysmsapi-1.0.0.jar;C:\Users\Administrator\.m2\repository\org\springframework\boot\spring-boot-starter-aop\1.5.7.RELEASE\spring-boot-starter-aop-1.5.7.RELEASE.jar;C:\Users\Administrator\.m2\repository\org\aspectj\aspectjweaver\1.8.10\aspectjweaver-1.8.10.jar;, java.specification.name=Java Platform API Specification, java.class.version=52.0, sun.management.compiler=HotSpot 64-Bit Tiered Compilers, os.version=6.3, user.home=C:\Users\Administrator, user.timezone=Asia/Shanghai, java.awt.printerjob=sun.awt.windows.WPrinterJob, file.encoding=GBK, java.specification.version=1.8, java.class.path=C:\Users\Administrator\Desktop\learn\m2cn7s\target\test-classes;C:\Users\Administrator\Desktop\learn\m2cn7s\target\classes;C:\Users\Administrator\.m2\repository\org\springframework\boot\spring-boot-starter-data-jpa\1.5.7.RELEASE\spring-boot-starter-data-jpa-1.5.7.RELEASE.jar;C:\Users\Administrator\.m2\repository\org\springframework\boot\spring-boot-starter\1.5.7.RELEASE\spring-boot-starter-1.5.7.RELEASE.jar;C:\Users\Administrator\.m2\repository\org\springframework\boot\spring-boot-starter-logging\1.5.7.RELEASE\spring-boot-starter-logging-1.5.7.RELEASE.jar;C:\Users\Administrator\.m2\repository\ch\qos\logback\logback-classic\1.1.11\logback-classic-1.1.11.jar;C:\Users\Administrator\.m2\repository\ch\qos\logback\logback-core\1.1.11\logback-core-1.1.11.jar;C:\Users\Administrator\.m2\repository\org\slf4j\jul-to-slf4j\1.7.25\jul-to-slf4j-1.7.25.jar;C:\Users\Administrator\.m2\repository\org\slf4j\log4j-over-slf4j\1.7.25\log4j-over-slf4j-1.7.25.jar;C:\Users\Administrator\.m2\repository\org\yaml\snakeyaml\1.17\snakeyaml-1.17.jar;C:\Users\Administrator\.m2\repository\org\springframework\boot\spring-boot-starter-jdbc\1.5.7.RELEASE\spring-boot-starter-jdbc-1.5.7.RELEASE.jar;C:\Users\Administrator\.m2\repository\org\apache\tomcat\tomcat-jdbc\8.5.20\tomcat-jdbc-8.5.20.jar;C:\Users\Administrator\.m2\repository\org\apache\tomcat\tomcat-juli\8.5.20\tomcat-juli-8.5.20.jar;C:\Users\Administrator\.m2\repository\org\springframework\spring-jdbc\4.3.11.RELEASE\spring-jdbc-4.3.11.RELEASE.jar;C:\Users\Administrator\.m2\repository\org\hibernate\hibernate-core\5.0.12.Final\hibernate-core-5.0.12.Final.jar;C:\Users\Administrator\.m2\repository\org\jboss\logging\jboss-logging\3.3.1.Final\jboss-logging-3.3.1.Final.jar;C:\Users\Administrator\.m2\repository\org\hibernate\javax\persistence\hibernate-jpa-2.1-api\1.0.0.Final\hibernate-jpa-2.1-api-1.0.0.Final.jar;C:\Users\Administrator\.m2\repository\org\javassist\javassist\3.21.0-GA\javassist-3.21.0-GA.jar;C:\Users\Administrator\.m2\repository\antlr\antlr\2.7.7\antlr-2.7.7.jar;C:\Users\Administrator\.m2\repository\org\jboss\jandex\2.0.0.Final\jandex-2.0.0.Final.jar;C:\Users\Administrator\.m2\repository\dom4j\dom4j\1.6.1\dom4j-1.6.1.jar;C:\Users\Administrator\.m2\repository\org\hibernate\common\hibernate-commons-annotations\5.0.1.Final\hibernate-commons-annotations-5.0.1.Final.jar;C:\Users\Administrator\.m2\repository\org\hibernate\hibernate-entitymanager\5.0.12.Final\hibernate-entitymanager-5.0.12.Final.jar;C:\Users\Administrator\.m2\repository\javax\transaction\javax.transaction-api\1.2\javax.transaction-api-1.2.jar;C:\Users\Administrator\.m2\repository\org\springframework\data\spring-data-jpa\1.11.7.RELEASE\spring-data-jpa-1.11.7.RELEASE.jar;C:\Users\Administrator\.m2\repository\org\springframework\data\spring-data-commons\1.13.7.RELEASE\spring-data-commons-1.13.7.RELEASE.jar;C:\Users\Administrator\.m2\repository\org\springframework\spring-orm\4.3.11.RELEASE\spring-orm-4.3.11.RELEASE.jar;C:\Users\Administrator\.m2\repository\org\springframework\spring-tx\4.3.11.RELEASE\spring-tx-4.3.11.RELEASE.jar;C:\Users\Administrator\.m2\repository\org\springframework\spring-beans\4.3.11.RELEASE\spring-beans-4.3.11.RELEASE.jar;C:\Users\Administrator\.m2\repository\org\slf4j\jcl-over-slf4j\1.7.25\jcl-over-slf4j-1.7.25.jar;C:\Users\Administrator\.m2\repository\org\springframework\spring-aspects\4.3.11.RELEASE\spring-aspects-4.3.11.RELEASE.jar;C:\Users\Administrator\.m2\repository\com\h2database\h2\1.4.196\h2-1.4.196.jar;C:\Users\Administrator\.m2\repository\mysql\mysql-connector-java\5.1.44\mysql-connector-java-5.1.44.jar;C:\Users\Administrator\.m2\repository\org\springframework\boot\spring-boot-starter-thymeleaf\1.5.7.RELEASE\spring-boot-starter-thymeleaf-1.5.7.RELEASE.jar;C:\Users\Administrator\.m2\repository\nz\net\ultraq\thymeleaf\thymeleaf-layout-dialect\2.1.1\thymeleaf-layout-dialect-2.1.1.jar;C:\Users\Administrator\.m2\repository\org\codehaus\groovy\groovy\2.4.12\groovy-2.4.12.jar;C:\Users\Administrator\.m2\repository\nz\net\ultraq\thymeleaf\thymeleaf-expression-processor\1.1.2\thymeleaf-expression-processor-1.1.2.jar;C:\Users\Administrator\.m2\repository\org\thymeleaf\thymeleaf\3.0.3.RELEASE\thymeleaf-3.0.3.RELEASE.jar;C:\Users\Administrator\.m2\repository\ognl\ognl\3.1.12\ognl-3.1.12.jar;C:\Users\Administrator\.m2\repository\org\attoparser\attoparser\2.0.2.RELEASE\attoparser-2.0.2.RELEASE.jar;C:\Users\Administrator\.m2\repository\org\unbescape\unbescape\1.1.4.RELEASE\unbescape-1.1.4.RELEASE.jar;C:\Users\Administrator\.m2\repository\org\slf4j\slf4j-api\1.7.25\slf4j-api-1.7.25.jar;C:\Users\Administrator\.m2\repository\org\thymeleaf\thymeleaf-spring4\3.0.2.RELEASE\thymeleaf-spring4-3.0.2.RELEASE.jar;C:\Users\Administrator\.m2\repository\org\springframework\boot\spring-boot-starter-web\1.5.7.RELEASE\spring-boot-starter-web-1.5.7.RELEASE.jar;C:\Users\Administrator\.m2\repository\org\springframework\boot\spring-boot-starter-tomcat\1.5.7.RELEASE\spring-boot-starter-tomcat-1.5.7.RELEASE.jar;C:\Users\Administrator\.m2\repository\org\apache\tomcat\embed\tomcat-embed-core\8.5.20\tomcat-embed-core-8.5.20.jar;C:\Users\Administrator\.m2\repository\org\apache\tomcat\embed\tomcat-embed-el\8.5.20\tomcat-embed-el-8.5.20.jar;C:\Users\Administrator\.m2\repository\org\apache\tomcat\embed\tomcat-embed-websocket\8.5.20\tomcat-embed-websocket-8.5.20.jar;C:\Users\Administrator\.m2\repository\org\hibernate\hibernate-validator\5.3.5.Final\hibernate-validator-5.3.5.Final.jar;C:\Users\Administrator\.m2\repository\javax\validation\validation-api\1.1.0.Final\validation-api-1.1.0.Final.jar;C:\Users\Administrator\.m2\repository\com\fasterxml\classmate\1.3.4\classmate-1.3.4.jar;C:\Users\Administrator\.m2\repository\org\springframework\spring-web\4.3.11.RELEASE\spring-web-4.3.11.RELEASE.jar;C:\Users\Administrator\.m2\repository\org\springframework\spring-webmvc\4.3.11.RELEASE\spring-webmvc-4.3.11.RELEASE.jar;C:\Users\Administrator\.m2\repository\org\springframework\spring-expression\4.3.11.RELEASE\spring-expression-4.3.11.RELEASE.jar;C:\Users\Administrator\.m2\repository\org\springframework\boot\spring-boot-starter-security\1.5.7.RELEASE\spring-boot-starter-security-1.5.7.RELEASE.jar;C:\Users\Administrator\.m2\repository\org\springframework\spring-aop\4.3.11.RELEASE\spring-aop-4.3.11.RELEASE.jar;C:\Users\Administrator\.m2\repository\org\springframework\security\spring-security-config\4.2.3.RELEASE\spring-security-config-4.2.3.RELEASE.jar;C:\Users\Administrator\.m2\repository\org\springframework\security\spring-security-web\4.2.3.RELEASE\spring-security-web-4.2.3.RELEASE.jar;C:\Users\Administrator\.m2\repository\org\thymeleaf\extras\thymeleaf-extras-springsecurity4\3.0.2.RELEASE\thymeleaf-extras-springsecurity4-3.0.2.RELEASE.jar;C:\Users\Administrator\.m2\repository\org\springframework\session\spring-session\1.3.1.RELEASE\spring-session-1.3.1.RELEASE.jar;C:\Users\Administrator\.m2\repository\org\springframework\boot\spring-boot-starter-data-redis\1.5.7.RELEASE\spring-boot-starter-data-redis-1.5.7.RELEASE.jar;C:\Users\Administrator\.m2\repository\org\springframework\data\spring-data-redis\1.8.7.RELEASE\spring-data-redis-1.8.7.RELEASE.jar;C:\Users\Administrator\.m2\repository\org\springframework\data\spring-data-keyvalue\1.2.7.RELEASE\spring-data-keyvalue-1.2.7.RELEASE.jar;C:\Users\Administrator\.m2\repository\org\springframework\spring-oxm\4.3.11.RELEASE\spring-oxm-4.3.11.RELEASE.jar;C:\Users\Administrator\.m2\repository\redis\clients\jedis\2.9.0\jedis-2.9.0.jar;C:\Users\Administrator\.m2\repository\org\apache\commons\commons-pool2\2.4.2\commons-pool2-2.4.2.jar;C:\Users\Administrator\.m2\repository\org\springframework\boot\spring-boot-devtools\1.5.7.RELEASE\spring-boot-devtools-1.5.7.RELEASE.jar;C:\Users\Administrator\.m2\repository\org\springframework\boot\spring-boot\1.5.7.RELEASE\spring-boot-1.5.7.RELEASE.jar;C:\Users\Administrator\.m2\repository\org\springframework\boot\spring-boot-autoconfigure\1.5.7.RELEASE\spring-boot-autoconfigure-1.5.7.RELEASE.jar;C:\Users\Administrator\.m2\repository\joda-time\joda-time\2.3\joda-time-2.3.jar;C:\Users\Administrator\.m2\repository\com\fasterxml\jackson\core\jackson-databind\2.5.0\jackson-databind-2.5.0.jar;C:\Users\Administrator\.m2\repository\com\fasterxml\jackson\core\jackson-annotations\2.8.0\jackson-annotations-2.8.0.jar;C:\Users\Administrator\.m2\repository\com\fasterxml\jackson\core\jackson-core\2.8.10\jackson-core-2.8.10.jar;C:\Users\Administrator\.m2\repository\com\qiniu\qiniu-java-sdk\7.2.9\qiniu-java-sdk-7.2.9.jar;C:\Users\Administrator\.m2\repository\com\squareup\okhttp3\okhttp\3.9.1\okhttp-3.9.1.jar;C:\Users\Administrator\.m2\repository\com\squareup\okio\okio\1.13.0\okio-1.13.0.jar;C:\Users\Administrator\.m2\repository\com\google\code\gson\gson\2.8.1\gson-2.8.1.jar;C:\Users\Administrator\.m2\repository\com\qiniu\happy-dns-java\0.1.6\happy-dns-java-0.1.6.jar;C:\Users\Administrator\.m2\repository\org\modelmapper\modelmapper\1.1.0\modelmapper-1.1.0.jar;C:\Users\Administrator\.m2\repository\com\google\guava\guava\18.0\guava-18.0.jar;C:\Users\Administrator\.m2\repository\org\elasticsearch\client\transport\5.6.1\transport-5.6.1.jar;C:\Users\Administrator\.m2\repository\org\elasticsearch\elasticsearch\5.6.1\elasticsearch-5.6.1.jar;C:\Users\Administrator\.m2\repository\org\apache\lucene\lucene-core\6.6.1\lucene-core-6.6.1.jar;C:\Users\Administrator\.m2\repository\org\apache\lucene\lucene-analyzers-common\6.6.1\lucene-analyzers-common-6.6.1.jar;C:\Users\Administrator\.m2\repository\org\apache\lucene\lucene-backward-codecs\6.6.1\lucene-backward-codecs-6.6.1.jar;C:\Users\Administrator\.m2\repository\org\apache\lucene\lucene-grouping\6.6.1\lucene-grouping-6.6.1.jar;C:\Users\Administrator\.m2\repository\org\apache\lucene\lucene-highlighter\6.6.1\lucene-highlighter-6.6.1.jar;C:\Users\Administrator\.m2\repository\org\apache\lucene\lucene-join\6.6.1\lucene-join-6.6.1.jar;C:\Users\Administrator\.m2\repository\org\apache\lucene\lucene-memory\6.6.1\lucene-memory-6.6.1.jar;C:\Users\Administrator\.m2\repository\org\apache\lucene\lucene-misc\6.6.1\lucene-misc-6.6.1.jar;C:\Users\Administrator\.m2\repository\org\apache\lucene\lucene-queries\6.6.1\lucene-queries-6.6.1.jar;C:\Users\Administrator\.m2\repository\org\apache\lucene\lucene-queryparser\6.6.1\lucene-queryparser-6.6.1.jar;C:\Users\Administrator\.m2\repository\org\apache\lucene\lucene-sandbox\6.6.1\lucene-sandbox-6.6.1.jar;C:\Users\Administrator\.m2\repository\org\apache\lucene\lucene-spatial\6.6.1\lucene-spatial-6.6.1.jar;C:\Users\Administrator\.m2\repository\org\apache\lucene\lucene-spatial-extras\6.6.1\lucene-spatial-extras-6.6.1.jar;C:\Users\Administrator\.m2\repository\org\apache\lucene\lucene-spatial3d\6.6.1\lucene-spatial3d-6.6.1.jar;C:\Users\Administrator\.m2\repository\org\apache\lucene\lucene-suggest\6.6.1\lucene-suggest-6.6.1.jar;C:\Users\Administrator\.m2\repository\org\elasticsearch\securesm\1.1\securesm-1.1.jar;C:\Users\Administrator\.m2\repository\net\sf\jopt-simple\jopt-simple\5.0.2\jopt-simple-5.0.2.jar;C:\Users\Administrator\.m2\repository\com\carrotsearch\hppc\0.7.1\hppc-0.7.1.jar;C:\Users\Administrator\.m2\repository\com\fasterxml\jackson\dataformat\jackson-dataformat-smile\2.8.10\jackson-dataformat-smile-2.8.10.jar;C:\Users\Administrator\.m2\repository\com\fasterxml\jackson\dataformat\jackson-dataformat-yaml\2.8.10\jackson-dataformat-yaml-2.8.10.jar;C:\Users\Administrator\.m2\repository\com\fasterxml\jackson\dataformat\jackson-dataformat-cbor\2.8.10\jackson-dataformat-cbor-2.8.10.jar;C:\Users\Administrator\.m2\repository\com\tdunning\t-digest\3.0\t-digest-3.0.jar;C:\Users\Administrator\.m2\repository\org\hdrhistogram\HdrHistogram\2.1.9\HdrHistogram-2.1.9.jar;C:\Users\Administrator\.m2\repository\org\elasticsearch\jna\4.4.0-1\jna-4.4.0-1.jar;C:\Users\Administrator\.m2\repository\org\elasticsearch\plugin\transport-netty3-client\5.6.1\transport-netty3-client-5.6.1.jar;C:\Users\Administrator\.m2\repository\io\netty\netty\3.10.6.Final\netty-3.10.6.Final.jar;C:\Users\Administrator\.m2\repository\org\elasticsearch\plugin\transport-netty4-client\5.6.1\transport-netty4-client-5.6.1.jar;C:\Users\Administrator\.m2\repository\io\netty\netty-buffer\4.1.13.Final\netty-buffer-4.1.13.Final.jar;C:\Users\Administrator\.m2\repository\io\netty\netty-codec\4.1.13.Final\netty-codec-4.1.13.Final.jar;C:\Users\Administrator\.m2\repository\io\netty\netty-codec-http\4.1.13.Final\netty-codec-http-4.1.13.Final.jar;C:\Users\Administrator\.m2\repository\io\netty\netty-common\4.1.13.Final\netty-common-4.1.13.Final.jar;C:\Users\Administrator\.m2\repository\io\netty\netty-handler\4.1.13.Final\netty-handler-4.1.13.Final.jar;C:\Users\Administrator\.m2\repository\io\netty\netty-resolver\4.1.13.Final\netty-resolver-4.1.13.Final.jar;C:\Users\Administrator\.m2\repository\io\netty\netty-transport\4.1.13.Final\netty-transport-4.1.13.Final.jar;C:\Users\Administrator\.m2\repository\org\elasticsearch\plugin\reindex-client\5.6.1\reindex-client-5.6.1.jar;C:\Users\Administrator\.m2\repository\org\elasticsearch\client\elasticsearch-rest-client\5.6.1\elasticsearch-rest-client-5.6.1.jar;C:\Users\Administrator\.m2\repository\org\apache\httpcomponents\httpclient\4.5.3\httpclient-4.5.3.jar;C:\Users\Administrator\.m2\repository\org\apache\httpcomponents\httpcore\4.4.6\httpcore-4.4.6.jar;C:\Users\Administrator\.m2\repository\org\apache\httpcomponents\httpasyncclient\4.1.3\httpasyncclient-4.1.3.jar;C:\Users\Administrator\.m2\repository\org\apache\httpcomponents\httpcore-nio\4.4.5\httpcore-nio-4.4.5.jar;C:\Users\Administrator\.m2\repository\commons-codec\commons-codec\1.10\commons-codec-1.10.jar;C:\Users\Administrator\.m2\repository\commons-logging\commons-logging\1.1.3\commons-logging-1.1.3.jar;C:\Users\Administrator\.m2\repository\org\elasticsearch\plugin\lang-mustache-client\5.6.1\lang-mustache-client-5.6.1.jar;C:\Users\Administrator\.m2\repository\com\github\spullara\mustache\java\compiler\0.9.3\compiler-0.9.3.jar;C:\Users\Administrator\.m2\repository\org\elasticsearch\plugin\percolator-client\5.6.1\percolator-client-5.6.1.jar;C:\Users\Administrator\.m2\repository\org\elasticsearch\plugin\parent-join-client\5.6.1\parent-join-client-5.6.1.jar;C:\Users\Administrator\.m2\repository\org\apache\logging\log4j\log4j-core\2.7\log4j-core-2.7.jar;C:\Users\Administrator\.m2\repository\org\apache\logging\log4j\log4j-api\2.7\log4j-api-2.7.jar;C:\Users\Administrator\.m2\repository\org\springframework\kafka\spring-kafka\1.1.6.RELEASE\spring-kafka-1.1.6.RELEASE.jar;C:\Users\Administrator\.m2\repository\org\springframework\spring-messaging\4.3.11.RELEASE\spring-messaging-4.3.11.RELEASE.jar;C:\Users\Administrator\.m2\repository\org\springframework\retry\spring-retry\1.2.1.RELEASE\spring-retry-1.2.1.RELEASE.jar;C:\Users\Administrator\.m2\repository\org\apache\kafka\kafka-clients\0.10.1.1\kafka-clients-0.10.1.1.jar;C:\Users\Administrator\.m2\repository\net\jpountz\lz4\lz4\1.3.0\lz4-1.3.0.jar;C:\Users\Administrator\.m2\repository\org\xerial\snappy\snappy-java\1.1.2.6\snappy-java-1.1.2.6.jar;C:\Users\Administrator\.m2\repository\org\springframework\boot\spring-boot-starter-mail\1.5.7.RELEASE\spring-boot-starter-mail-1.5.7.RELEASE.jar;C:\Users\Administrator\.m2\repository\org\springframework\spring-context\4.3.11.RELEASE\spring-context-4.3.11.RELEASE.jar;C:\Users\Administrator\.m2\repository\org\springframework\spring-context-support\4.3.11.RELEASE\spring-context-support-4.3.11.RELEASE.jar;C:\Users\Administrator\.m2\repository\com\sun\mail\javax.mail\1.5.6\javax.mail-1.5.6.jar;C:\Users\Administrator\.m2\repository\javax\activation\activation\1.1\activation-1.1.jar;C:\Users\Administrator\.m2\repository\org\springframework\boot\spring-boot-starter-test\1.5.7.RELEASE\spring-boot-starter-test-1.5.7.RELEASE.jar;C:\Users\Administrator\.m2\repository\org\springframework\boot\spring-boot-test\1.5.7.RELEASE\spring-boot-test-1.5.7.RELEASE.jar;C:\Users\Administrator\.m2\repository\org\springframework\boot\spring-boot-test-autoconfigure\1.5.7.RELEASE\spring-boot-test-autoconfigure-1.5.7.RELEASE.jar;C:\Users\Administrator\.m2\repository\com\jayway\jsonpath\json-path\2.2.0\json-path-2.2.0.jar;C:\Users\Administrator\.m2\repository\net\minidev\json-smart\2.2.1\json-smart-2.2.1.jar;C:\Users\Administrator\.m2\repository\net\minidev\accessors-smart\1.1\accessors-smart-1.1.jar;C:\Users\Administrator\.m2\repository\org\ow2\asm\asm\5.0.3\asm-5.0.3.jar;C:\Users\Administrator\.m2\repository\junit\junit\4.12\junit-4.12.jar;C:\Users\Administrator\.m2\repository\org\assertj\assertj-core\2.6.0\assertj-core-2.6.0.jar;C:\Users\Administrator\.m2\repository\org\mockito\mockito-core\1.10.19\mockito-core-1.10.19.jar;C:\Users\Administrator\.m2\repository\org\objenesis\objenesis\2.1\objenesis-2.1.jar;C:\Users\Administrator\.m2\repository\org\hamcrest\hamcrest-core\1.3\hamcrest-core-1.3.jar;C:\Users\Administrator\.m2\repository\org\hamcrest\hamcrest-library\1.3\hamcrest-library-1.3.jar;C:\Users\Administrator\.m2\repository\org\skyscreamer\jsonassert\1.4.0\jsonassert-1.4.0.jar;C:\Users\Administrator\.m2\repository\com\vaadin\external\google\android-json\0.0.20131108.vaadin1\android-json-0.0.20131108.vaadin1.jar;C:\Users\Administrator\.m2\repository\org\springframework\spring-core\4.3.11.RELEASE\spring-core-4.3.11.RELEASE.jar;C:\Users\Administrator\.m2\repository\org\springframework\spring-test\4.3.11.RELEASE\spring-test-4.3.11.RELEASE.jar;C:\Users\Administrator\.m2\repository\org\springframework\security\spring-security-test\4.2.3.RELEASE\spring-security-test-4.2.3.RELEASE.jar;C:\Users\Administrator\.m2\repository\org\springframework\security\spring-security-core\4.2.3.RELEASE\spring-security-core-4.2.3.RELEASE.jar;C:\Users\Administrator\.m2\repository\aopalliance\aopalliance\1.0\aopalliance-1.0.jar;C:\Users\Administrator\.m2\repository\com\aliyun\aliyun-java-sdk-core\3.2.3\aliyun-java-sdk-core-3.2.3.jar;C:\Users\Administrator\.m2\repository\com\aliyun\aliyun-java-sdk-dysmsapi\1.0.0\aliyun-java-sdk-dysmsapi-1.0.0.jar;C:\Users\Administrator\.m2\repository\org\springframework\boot\spring-boot-starter-aop\1.5.7.RELEASE\spring-boot-starter-aop-1.5.7.RELEASE.jar;C:\Users\Administrator\.m2\repository\org\aspectj\aspectjweaver\1.8.10\aspectjweaver-1.8.10.jar;, user.name=Administrator, java.vm.specification.version=1.8, sun.java.command=C:\Users\Administrator\Desktop\learn\m2cn7s\target\surefire\surefirebooter1103369608163825697.jar C:\Users\Administrator\Desktop\learn\m2cn7s\target\surefire\surefire6215325077581212918tmp C:\Users\Administrator\Desktop\learn\m2cn7s\target\surefire\surefire_08578416206993343501tmp, java.home=C:\Program Files\Java\jdk1.8.0_31\jre, sun.arch.data.model=64, user.language=zh, java.specification.vendor=Oracle Corporation, awt.toolkit=sun.awt.windows.WToolkit, java.vm.info=mixed mode, java.version=1.8.0_31, java.ext.dirs=C:\Program Files\Java\jdk1.8.0_31\jre\lib\ext;C:\windows\Sun\Java\lib\ext, sun.boot.class.path=C:\Program Files\Java\jdk1.8.0_31\jre\lib\resources.jar;C:\Program Files\Java\jdk1.8.0_31\jre\lib\rt.jar;C:\Program Files\Java\jdk1.8.0_31\jre\lib\sunrsasign.jar;C:\Program Files\Java\jdk1.8.0_31\jre\lib\jsse.jar;C:\Program Files\Java\jdk1.8.0_31\jre\lib\jce.jar;C:\Program Files\Java\jdk1.8.0_31\jre\lib\charsets.jar;C:\Program Files\Java\jdk1.8.0_31\jre\lib\jfr.jar;C:\Program Files\Java\jdk1.8.0_31\jre\classes, java.vendor=Oracle Corporation, localRepository=C:\Users\Administrator\.m2\repository, file.separator=\, java.vendor.url.bug=http://bugreport.sun.com/bugreport/, sun.io.unicode.encoding=UnicodeLittle, sun.cpu.endian=little, sun.desktop=windows, sun.cpu.isalist=amd64}}, SystemEnvironmentPropertySource@1883237069 {name='systemEnvironment', properties={PATH=C:/Program Files/Java/jre1.8.0_31/bin/server;C:/Program Files/Java/jre1.8.0_31/bin;C:/Program Files/Java/jre1.8.0_31/lib/amd64;E:\Oracle\product\11.2.0\dbhome_1\bin;C:\ProgramData\Oracle\Java\javapath;G:\android\sdk\platform-tools;G:\android\sdk\tools;C:\Program Files\Java\jdk1.8.0_31\bin;C:\Program Files\Java\jre1.8.0_31\bin;C:\Program Files\Java\jdk1.8.0_31\jre\bin;C:\Program Files (x86)\GtkSharp\2.12\bin;C:\windows\system32;C:\windows;C:\windows\System32\Wbem;G:\android\sdk\platform-tools;G:\android\sdk\tools;C:\Program Files\Java\jdk1.8.0_31\bin;C:\Program Files\Java\jre1.8.0_31\bin;C:\Program Files\Java\jdk1.8.0_31\jre\bin;D:\apache-maven-3.3.9\bin;C:\Program Files\MySQL\MySQL Utilities 1.6\;C:\gradle-4.1\BIN;E:\Program Files\erl8.1\bin;C:\Program Files (x86)\scala\bin;C:\Program Files (x86)\scala\bin;C:\Program Files (x86)\scala\jre\bin;C:\Program Files\nodejs\;D:\Python27;D:\Python27\Scripts;C:\Users\Administrator\AppData\Local\Programs\Fiddler;C:\Program Files (x86)\SSH Communications Security\SSH Secure Shell;C:\Users\Administrator\AppData\Roaming\npm;E:\Program Files\Microsoft VS Code\bin;G:\eclipse-win64;, USERDOMAIN_ROAMINGPROFILE=SC-201703091028, PROCESSOR_LEVEL=6, SYSTEMDRIVE=C:, SESSIONNAME=Console, ALLUSERSPROFILE=C:\ProgramData, PROCESSOR_ARCHITECTURE=AMD64, JRE_HOME=C:\Program Files\Java\jre1.8.0_31, MAVEN_HOME=D:\apache-maven-3.3.9, PROGRAMFILES=C:\Program Files, JAVA_JRE_HOME=C:\Program Files\Java\jdk1.8.0_31\jre, PSMODULEPATH=C:\windows\system32\WindowsPowerShell\v1.0\Modules\, PROGRAMDATA=C:\ProgramData, USERNAME=Administrator, PATHEXT=.COM;.EXE;.BAT;.CMD;.VBS;.VBE;.JS;.JSE;.WSF;.WSH;.MSC, DEVMGR_SHOW_DETAILS=1, WINDIR=C:\windows, HOMEPATH=\Users\Administrator, PROCESSOR_IDENTIFIER=Intel64 Family 6 Model 60 Stepping 3, GenuineIntel, PUBLIC=C:\Users\Public, =::=::\, LOCALAPPDATA=C:\Users\Administrator\AppData\Local, COMMONPROGRAMFILES(X86)=C:\Program Files (x86)\Common Files, USERDOMAIN=SC-201703091028, LOGONSERVER=\\SC-201703091028, JAVA_HOME=C:\Program Files\Java\jdk1.8.0_31, PROMPT=$P$G, PROGRAMFILES(X86)=C:\Program Files (x86), VS120COMNTOOLS=C:\Program Files (x86)\Microsoft Visual Studio 12.0\Common7\Tools\, GRADLE_HOME=C:\gradle-4.1, =C:=C:\Users\Administrator\Desktop\learn\m2cn7s, APPDATA=C:\Users\Administrator\AppData\Roaming, PROGRAMW6432=C:\Program Files, GTK_BASEPATH=C:\Program Files (x86)\GtkSharp\2.12\, SYSTEMROOT=C:\windows, SCALA_HOME=C:\Program Files (x86)\scala, ANDROID_SDK_HOME=G:\android\sdk, OS=Windows_NT, COMMONPROGRAMW6432=C:\Program Files\Common Files, COMPUTERNAME=SC-201703091028, COMMONPROGRAMFILES=C:\Program Files\Common Files, COMSPEC=C:\windows\system32\cmd.exe, PROCESSOR_REVISION=3c03, CLASSPATH=.;C:\Program Files\Java\jdk1.8.0_31\lib;C:\Program Files\Java\jdk1.8.0_31\lib\tools.jar;C:\Program Files\Java\jdk1.8.0_31\lib\dt.jar;C:\Program Files\Java\jre1.8.0_31\lib;C:\Program Files\Java\jre1.8.0_31\lib\rt.jar;C:\Program Files\Java\jdk1.8.0_31\jre\lib;C:\Program Files\Java\jdk1.8.0_31\jre\lib\rt.jar, TEMP=C:\Users\ADMINI~1\AppData\Local\Temp, HOMEDRIVE=C:, USERPROFILE=C:\Users\Administrator, TMP=C:\Users\ADMINI~1\AppData\Local\Temp, VS110COMNTOOLS=C:\Program Files (x86)\Microsoft Visual Studio 11.0\Common7\Tools\, MYSQLCONNECTOR_ASSEMBLIESPATH=C:\Program Files (x86)\MySQL\Connector.NET 6.9\Assemblies\v4.5, NUMBER_OF_PROCESSORS=8}}]
21:11:19.987 [main] DEBUG org.springframework.core.io.support.PathMatchingResourcePatternResolver - Resolved classpath location [com/imooc/] to resources [URL [file:/C:/Users/Administrator/Desktop/learn/m2cn7s/target/test-classes/com/imooc/], URL [file:/C:/Users/Administrator/Desktop/learn/m2cn7s/target/classes/com/imooc/]]
21:11:19.988 [main] DEBUG org.springframework.core.io.support.PathMatchingResourcePatternResolver - Looking for matching resources in directory tree [C:\Users\Administrator\Desktop\learn\m2cn7s\target\test-classes\com\imooc]
21:11:19.988 [main] DEBUG org.springframework.core.io.support.PathMatchingResourcePatternResolver - Searching directory [C:\Users\Administrator\Desktop\learn\m2cn7s\target\test-classes\com\imooc] for files matching pattern [C:/Users/Administrator/Desktop/learn/m2cn7s/target/test-classes/com/imooc/*.class]
21:11:19.995 [main] DEBUG org.springframework.core.io.support.PathMatchingResourcePatternResolver - Looking for matching resources in directory tree [C:\Users\Administrator\Desktop\learn\m2cn7s\target\classes\com\imooc]
21:11:19.996 [main] DEBUG org.springframework.core.io.support.PathMatchingResourcePatternResolver - Searching directory [C:\Users\Administrator\Desktop\learn\m2cn7s\target\classes\com\imooc] for files matching pattern [C:/Users/Administrator/Desktop/learn/m2cn7s/target/classes/com/imooc/*.class]
21:11:19.998 [main] DEBUG org.springframework.core.io.support.PathMatchingResourcePatternResolver - Resolved location pattern [classpath*:com/imooc/*.class] to resources [file [C:\Users\Administrator\Desktop\learn\m2cn7s\target\test-classes\com\imooc\ApplicationTests.class], file [C:\Users\Administrator\Desktop\learn\m2cn7s\target\classes\com\imooc\Application.class]]
21:11:20.130 [main] DEBUG org.springframework.context.annotation.ClassPathScanningCandidateComponentProvider - Identified candidate component class: file [C:\Users\Administrator\Desktop\learn\m2cn7s\target\classes\com\imooc\Application.class]
21:11:20.132 [main] INFO org.springframework.boot.test.context.SpringBootTestContextBootstrapper - Found @SpringBootConfiguration com.imooc.Application for test class com.imooc.ApplicationTests
21:11:20.138 [main] DEBUG org.springframework.boot.test.context.SpringBootTestContextBootstrapper - @TestExecutionListeners is not present for class [com.imooc.ApplicationTests]: using defaults.
21:11:20.146 [main] INFO org.springframework.boot.test.context.SpringBootTestContextBootstrapper - Loaded default TestExecutionListener class names from location [META-INF/spring.factories]: [org.springframework.boot.test.mock.mockito.MockitoTestExecutionListener, org.springframework.boot.test.mock.mockito.ResetMocksTestExecutionListener, org.springframework.boot.test.autoconfigure.restdocs.RestDocsTestExecutionListener, org.springframework.boot.test.autoconfigure.web.client.MockRestServiceServerResetTestExecutionListener, org.springframework.boot.test.autoconfigure.web.servlet.MockMvcPrintOnlyOnFailureTestExecutionListener, org.springframework.boot.test.autoconfigure.web.servlet.WebDriverTestExecutionListener, org.springframework.test.context.web.ServletTestExecutionListener, org.springframework.test.context.support.DirtiesContextBeforeModesTestExecutionListener, org.springframework.test.context.support.DependencyInjectionTestExecutionListener, org.springframework.test.context.support.DirtiesContextTestExecutionListener, org.springframework.test.context.transaction.TransactionalTestExecutionListener, org.springframework.test.context.jdbc.SqlScriptsTestExecutionListener, org.springframework.security.test.context.support.WithSecurityContextTestExecutionListener]
21:11:20.192 [main] INFO org.springframework.boot.test.context.SpringBootTestContextBootstrapper - Using TestExecutionListeners: [org.springframework.test.context.web.ServletTestExecutionListener@43c87306, org.springframework.test.context.support.DirtiesContextBeforeModesTestExecutionListener@14f40030, org.springframework.boot.test.autoconfigure.SpringBootDependencyInjectionTestExecutionListener@4c447c09, org.springframework.test.context.support.DirtiesContextTestExecutionListener@593a6726, org.springframework.test.context.transaction.TransactionalTestExecutionListener@596a7f44, org.springframework.test.context.jdbc.SqlScriptsTestExecutionListener@6dab01d9, org.springframework.security.test.context.support.WithSecurityContextTestExecutionListener@2e09c51, org.springframework.boot.test.autoconfigure.web.servlet.WebDriverTestExecutionListener@869d87c, org.springframework.boot.test.mock.mockito.MockitoTestExecutionListener@2f3166a, org.springframework.boot.test.autoconfigure.restdocs.RestDocsTestExecutionListener@37637a24, org.springframework.boot.test.mock.mockito.ResetMocksTestExecutionListener@31e76a8d, org.springframework.boot.test.autoconfigure.web.servlet.MockMvcPrintOnlyOnFailureTestExecutionListener@770beef5, org.springframework.boot.test.autoconfigure.web.client.MockRestServiceServerResetTestExecutionListener@6dd1f638]
21:11:20.198 [main] DEBUG org.springframework.test.context.junit4.SpringJUnit4ClassRunner - SpringJUnit4ClassRunner constructor called with [class com.imooc.entity.UserRepositoryTest]
21:11:20.198 [main] DEBUG org.springframework.test.context.BootstrapUtils - Instantiating CacheAwareContextLoaderDelegate from class [org.springframework.test.context.cache.DefaultCacheAwareContextLoaderDelegate]
21:11:20.198 [main] DEBUG org.springframework.test.context.BootstrapUtils - Instantiating BootstrapContext using constructor [public org.springframework.test.context.support.DefaultBootstrapContext(java.lang.Class,org.springframework.test.context.CacheAwareContextLoaderDelegate)]
21:11:20.199 [main] DEBUG org.springframework.test.context.BootstrapUtils - Instantiating TestContextBootstrapper for test class [com.imooc.entity.UserRepositoryTest] from class [org.springframework.boot.test.context.SpringBootTestContextBootstrapper]
21:11:20.200 [main] INFO org.springframework.boot.test.context.SpringBootTestContextBootstrapper - Neither @ContextConfiguration nor @ContextHierarchy found for test class [com.imooc.entity.UserRepositoryTest], using SpringBootContextLoader
21:11:20.201 [main] DEBUG org.springframework.test.context.support.AbstractContextLoader - Did not detect default resource location for test class [com.imooc.entity.UserRepositoryTest]: class path resource [com/imooc/entity/UserRepositoryTest-context.xml] does not exist
21:11:20.202 [main] DEBUG org.springframework.test.context.support.AbstractContextLoader - Did not detect default resource location for test class [com.imooc.entity.UserRepositoryTest]: class path resource [com/imooc/entity/UserRepositoryTestContext.groovy] does not exist
21:11:20.203 [main] INFO org.springframework.test.context.support.AbstractContextLoader - Could not detect default resource locations for test class [com.imooc.entity.UserRepositoryTest]: no resource found for suffixes {-context.xml, Context.groovy}.
21:11:20.203 [main] INFO org.springframework.test.context.support.AnnotationConfigContextLoaderUtils - Could not detect default configuration classes for test class [com.imooc.entity.UserRepositoryTest]: UserRepositoryTest does not declare any static, non-private, non-final, nested classes annotated with @Configuration.
21:11:20.212 [main] DEBUG org.springframework.core.env.StandardEnvironment - Adding PropertySource 'systemProperties' with lowest search precedence
21:11:20.212 [main] DEBUG org.springframework.core.env.StandardEnvironment - Adding PropertySource 'systemEnvironment' with lowest search precedence
21:11:20.213 [main] DEBUG org.springframework.core.env.StandardEnvironment - Initialized StandardEnvironment with PropertySources [MapPropertySource@27313641 {name='systemProperties', properties={java.runtime.name=Java(TM) SE Runtime Environment, sun.boot.library.path=C:\Program Files\Java\jdk1.8.0_31\jre\bin, java.vm.version=25.31-b07, java.vm.vendor=Oracle Corporation, java.vendor.url=http://java.oracle.com/, path.separator=;, java.vm.name=Java HotSpot(TM) 64-Bit Server VM, file.encoding.pkg=sun.io, user.country=CN, user.script=, sun.java.launcher=SUN_STANDARD, sun.os.patch.level=, java.vm.specification.name=Java Virtual Machine Specification, user.dir=C:\Users\Administrator\Desktop\learn\m2cn7s, java.runtime.version=1.8.0_31-b13, basedir=C:\Users\Administrator\Desktop\learn\m2cn7s, java.awt.graphicsenv=sun.awt.Win32GraphicsEnvironment, java.endorsed.dirs=C:\Program Files\Java\jdk1.8.0_31\jre\lib\endorsed, os.arch=amd64, surefire.real.class.path=C:\Users\Administrator\Desktop\learn\m2cn7s\target\surefire\surefirebooter1103369608163825697.jar;C:\\Users\\Administrator\\.m2\\repository\\org\\jacoco\\org.jacoco.agent\\0.7.5.201505241946\\org.jacoco.agent-0.7.5.201505241946-runtime.jar, java.io.tmpdir=C:\Users\ADMINI~1\AppData\Local\Temp\, line.separator=
, java.vm.specification.vendor=Oracle Corporation, user.variant=, os.name=Windows 8.1, sun.jnu.encoding=GBK, java.library.path=C:\Program Files\Java\jdk1.8.0_31\jre\bin;C:\windows\Sun\Java\bin;C:\windows\system32;C:\windows;C:/Program Files/Java/jre1.8.0_31/bin/server;C:/Program Files/Java/jre1.8.0_31/bin;C:/Program Files/Java/jre1.8.0_31/lib/amd64;E:\Oracle\product\11.2.0\dbhome_1\bin;C:\ProgramData\Oracle\Java\javapath;G:\android\sdk\platform-tools;G:\android\sdk\tools;C:\Program Files\Java\jdk1.8.0_31\bin;C:\Program Files\Java\jre1.8.0_31\bin;C:\Program Files\Java\jdk1.8.0_31\jre\bin;C:\Program Files (x86)\GtkSharp\2.12\bin;C:\windows\system32;C:\windows;C:\windows\System32\Wbem;G:\android\sdk\platform-tools;G:\android\sdk\tools;C:\Program Files\Java\jdk1.8.0_31\bin;C:\Program Files\Java\jre1.8.0_31\bin;C:\Program Files\Java\jdk1.8.0_31\jre\bin;D:\apache-maven-3.3.9\bin;C:\Program Files\MySQL\MySQL Utilities 1.6\;C:\gradle-4.1\BIN;E:\Program Files\erl8.1\bin;C:\Program Files (x86)\scala\bin;C:\Program Files (x86)\scala\bin;C:\Program Files (x86)\scala\jre\bin;C:\Program Files\nodejs\;D:\Python27;D:\Python27\Scripts;C:\Users\Administrator\AppData\Local\Programs\Fiddler;C:\Program Files (x86)\SSH Communications Security\SSH Secure Shell;C:\Users\Administrator\AppData\Roaming\npm;E:\Program Files\Microsoft VS Code\bin;G:\eclipse-win64;;., surefire.test.class.path=C:\Users\Administrator\Desktop\learn\m2cn7s\target\test-classes;C:\Users\Administrator\Desktop\learn\m2cn7s\target\classes;C:\Users\Administrator\.m2\repository\org\springframework\boot\spring-boot-starter-data-jpa\1.5.7.RELEASE\spring-boot-starter-data-jpa-1.5.7.RELEASE.jar;C:\Users\Administrator\.m2\repository\org\springframework\boot\spring-boot-starter\1.5.7.RELEASE\spring-boot-starter-1.5.7.RELEASE.jar;C:\Users\Administrator\.m2\repository\org\springframework\boot\spring-boot-starter-logging\1.5.7.RELEASE\spring-boot-starter-logging-1.5.7.RELEASE.jar;C:\Users\Administrator\.m2\repository\ch\qos\logback\logback-classic\1.1.11\logback-classic-1.1.11.jar;C:\Users\Administrator\.m2\repository\ch\qos\logback\logback-core\1.1.11\logback-core-1.1.11.jar;C:\Users\Administrator\.m2\repository\org\slf4j\jul-to-slf4j\1.7.25\jul-to-slf4j-1.7.25.jar;C:\Users\Administrator\.m2\repository\org\slf4j\log4j-over-slf4j\1.7.25\log4j-over-slf4j-1.7.25.jar;C:\Users\Administrator\.m2\repository\org\yaml\snakeyaml\1.17\snakeyaml-1.17.jar;C:\Users\Administrator\.m2\repository\org\springframework\boot\spring-boot-starter-jdbc\1.5.7.RELEASE\spring-boot-starter-jdbc-1.5.7.RELEASE.jar;C:\Users\Administrator\.m2\repository\org\apache\tomcat\tomcat-jdbc\8.5.20\tomcat-jdbc-8.5.20.jar;C:\Users\Administrator\.m2\repository\org\apache\tomcat\tomcat-juli\8.5.20\tomcat-juli-8.5.20.jar;C:\Users\Administrator\.m2\repository\org\springframework\spring-jdbc\4.3.11.RELEASE\spring-jdbc-4.3.11.RELEASE.jar;C:\Users\Administrator\.m2\repository\org\hibernate\hibernate-core\5.0.12.Final\hibernate-core-5.0.12.Final.jar;C:\Users\Administrator\.m2\repository\org\jboss\logging\jboss-logging\3.3.1.Final\jboss-logging-3.3.1.Final.jar;C:\Users\Administrator\.m2\repository\org\hibernate\javax\persistence\hibernate-jpa-2.1-api\1.0.0.Final\hibernate-jpa-2.1-api-1.0.0.Final.jar;C:\Users\Administrator\.m2\repository\org\javassist\javassist\3.21.0-GA\javassist-3.21.0-GA.jar;C:\Users\Administrator\.m2\repository\antlr\antlr\2.7.7\antlr-2.7.7.jar;C:\Users\Administrator\.m2\repository\org\jboss\jandex\2.0.0.Final\jandex-2.0.0.Final.jar;C:\Users\Administrator\.m2\repository\dom4j\dom4j\1.6.1\dom4j-1.6.1.jar;C:\Users\Administrator\.m2\repository\org\hibernate\common\hibernate-commons-annotations\5.0.1.Final\hibernate-commons-annotations-5.0.1.Final.jar;C:\Users\Administrator\.m2\repository\org\hibernate\hibernate-entitymanager\5.0.12.Final\hibernate-entitymanager-5.0.12.Final.jar;C:\Users\Administrator\.m2\repository\javax\transaction\javax.transaction-api\1.2\javax.transaction-api-1.2.jar;C:\Users\Administrator\.m2\repository\org\springframework\data\spring-data-jpa\1.11.7.RELEASE\spring-data-jpa-1.11.7.RELEASE.jar;C:\Users\Administrator\.m2\repository\org\springframework\data\spring-data-commons\1.13.7.RELEASE\spring-data-commons-1.13.7.RELEASE.jar;C:\Users\Administrator\.m2\repository\org\springframework\spring-orm\4.3.11.RELEASE\spring-orm-4.3.11.RELEASE.jar;C:\Users\Administrator\.m2\repository\org\springframework\spring-tx\4.3.11.RELEASE\spring-tx-4.3.11.RELEASE.jar;C:\Users\Administrator\.m2\repository\org\springframework\spring-beans\4.3.11.RELEASE\spring-beans-4.3.11.RELEASE.jar;C:\Users\Administrator\.m2\repository\org\slf4j\jcl-over-slf4j\1.7.25\jcl-over-slf4j-1.7.25.jar;C:\Users\Administrator\.m2\repository\org\springframework\spring-aspects\4.3.11.RELEASE\spring-aspects-4.3.11.RELEASE.jar;C:\Users\Administrator\.m2\repository\com\h2database\h2\1.4.196\h2-1.4.196.jar;C:\Users\Administrator\.m2\repository\mysql\mysql-connector-java\5.1.44\mysql-connector-java-5.1.44.jar;C:\Users\Administrator\.m2\repository\org\springframework\boot\spring-boot-starter-thymeleaf\1.5.7.RELEASE\spring-boot-starter-thymeleaf-1.5.7.RELEASE.jar;C:\Users\Administrator\.m2\repository\nz\net\ultraq\thymeleaf\thymeleaf-layout-dialect\2.1.1\thymeleaf-layout-dialect-2.1.1.jar;C:\Users\Administrator\.m2\repository\org\codehaus\groovy\groovy\2.4.12\groovy-2.4.12.jar;C:\Users\Administrator\.m2\repository\nz\net\ultraq\thymeleaf\thymeleaf-expression-processor\1.1.2\thymeleaf-expression-processor-1.1.2.jar;C:\Users\Administrator\.m2\repository\org\thymeleaf\thymeleaf\3.0.3.RELEASE\thymeleaf-3.0.3.RELEASE.jar;C:\Users\Administrator\.m2\repository\ognl\ognl\3.1.12\ognl-3.1.12.jar;C:\Users\Administrator\.m2\repository\org\attoparser\attoparser\2.0.2.RELEASE\attoparser-2.0.2.RELEASE.jar;C:\Users\Administrator\.m2\repository\org\unbescape\unbescape\1.1.4.RELEASE\unbescape-1.1.4.RELEASE.jar;C:\Users\Administrator\.m2\repository\org\slf4j\slf4j-api\1.7.25\slf4j-api-1.7.25.jar;C:\Users\Administrator\.m2\repository\org\thymeleaf\thymeleaf-spring4\3.0.2.RELEASE\thymeleaf-spring4-3.0.2.RELEASE.jar;C:\Users\Administrator\.m2\repository\org\springframework\boot\spring-boot-starter-web\1.5.7.RELEASE\spring-boot-starter-web-1.5.7.RELEASE.jar;C:\Users\Administrator\.m2\repository\org\springframework\boot\spring-boot-starter-tomcat\1.5.7.RELEASE\spring-boot-starter-tomcat-1.5.7.RELEASE.jar;C:\Users\Administrator\.m2\repository\org\apache\tomcat\embed\tomcat-embed-core\8.5.20\tomcat-embed-core-8.5.20.jar;C:\Users\Administrator\.m2\repository\org\apache\tomcat\embed\tomcat-embed-el\8.5.20\tomcat-embed-el-8.5.20.jar;C:\Users\Administrator\.m2\repository\org\apache\tomcat\embed\tomcat-embed-websocket\8.5.20\tomcat-embed-websocket-8.5.20.jar;C:\Users\Administrator\.m2\repository\org\hibernate\hibernate-validator\5.3.5.Final\hibernate-validator-5.3.5.Final.jar;C:\Users\Administrator\.m2\repository\javax\validation\validation-api\1.1.0.Final\validation-api-1.1.0.Final.jar;C:\Users\Administrator\.m2\repository\com\fasterxml\classmate\1.3.4\classmate-1.3.4.jar;C:\Users\Administrator\.m2\repository\org\springframework\spring-web\4.3.11.RELEASE\spring-web-4.3.11.RELEASE.jar;C:\Users\Administrator\.m2\repository\org\springframework\spring-webmvc\4.3.11.RELEASE\spring-webmvc-4.3.11.RELEASE.jar;C:\Users\Administrator\.m2\repository\org\springframework\spring-expression\4.3.11.RELEASE\spring-expression-4.3.11.RELEASE.jar;C:\Users\Administrator\.m2\repository\org\springframework\boot\spring-boot-starter-security\1.5.7.RELEASE\spring-boot-starter-security-1.5.7.RELEASE.jar;C:\Users\Administrator\.m2\repository\org\springframework\spring-aop\4.3.11.RELEASE\spring-aop-4.3.11.RELEASE.jar;C:\Users\Administrator\.m2\repository\org\springframework\security\spring-security-config\4.2.3.RELEASE\spring-security-config-4.2.3.RELEASE.jar;C:\Users\Administrator\.m2\repository\org\springframework\security\spring-security-web\4.2.3.RELEASE\spring-security-web-4.2.3.RELEASE.jar;C:\Users\Administrator\.m2\repository\org\thymeleaf\extras\thymeleaf-extras-springsecurity4\3.0.2.RELEASE\thymeleaf-extras-springsecurity4-3.0.2.RELEASE.jar;C:\Users\Administrator\.m2\repository\org\springframework\session\spring-session\1.3.1.RELEASE\spring-session-1.3.1.RELEASE.jar;C:\Users\Administrator\.m2\repository\org\springframework\boot\spring-boot-starter-data-redis\1.5.7.RELEASE\spring-boot-starter-data-redis-1.5.7.RELEASE.jar;C:\Users\Administrator\.m2\repository\org\springframework\data\spring-data-redis\1.8.7.RELEASE\spring-data-redis-1.8.7.RELEASE.jar;C:\Users\Administrator\.m2\repository\org\springframework\data\spring-data-keyvalue\1.2.7.RELEASE\spring-data-keyvalue-1.2.7.RELEASE.jar;C:\Users\Administrator\.m2\repository\org\springframework\spring-oxm\4.3.11.RELEASE\spring-oxm-4.3.11.RELEASE.jar;C:\Users\Administrator\.m2\repository\redis\clients\jedis\2.9.0\jedis-2.9.0.jar;C:\Users\Administrator\.m2\repository\org\apache\commons\commons-pool2\2.4.2\commons-pool2-2.4.2.jar;C:\Users\Administrator\.m2\repository\org\springframework\boot\spring-boot-devtools\1.5.7.RELEASE\spring-boot-devtools-1.5.7.RELEASE.jar;C:\Users\Administrator\.m2\repository\org\springframework\boot\spring-boot\1.5.7.RELEASE\spring-boot-1.5.7.RELEASE.jar;C:\Users\Administrator\.m2\repository\org\springframework\boot\spring-boot-autoconfigure\1.5.7.RELEASE\spring-boot-autoconfigure-1.5.7.RELEASE.jar;C:\Users\Administrator\.m2\repository\joda-time\joda-time\2.3\joda-time-2.3.jar;C:\Users\Administrator\.m2\repository\com\fasterxml\jackson\core\jackson-databind\2.5.0\jackson-databind-2.5.0.jar;C:\Users\Administrator\.m2\repository\com\fasterxml\jackson\core\jackson-annotations\2.8.0\jackson-annotations-2.8.0.jar;C:\Users\Administrator\.m2\repository\com\fasterxml\jackson\core\jackson-core\2.8.10\jackson-core-2.8.10.jar;C:\Users\Administrator\.m2\repository\com\qiniu\qiniu-java-sdk\7.2.9\qiniu-java-sdk-7.2.9.jar;C:\Users\Administrator\.m2\repository\com\squareup\okhttp3\okhttp\3.9.1\okhttp-3.9.1.jar;C:\Users\Administrator\.m2\repository\com\squareup\okio\okio\1.13.0\okio-1.13.0.jar;C:\Users\Administrator\.m2\repository\com\google\code\gson\gson\2.8.1\gson-2.8.1.jar;C:\Users\Administrator\.m2\repository\com\qiniu\happy-dns-java\0.1.6\happy-dns-java-0.1.6.jar;C:\Users\Administrator\.m2\repository\org\modelmapper\modelmapper\1.1.0\modelmapper-1.1.0.jar;C:\Users\Administrator\.m2\repository\com\google\guava\guava\18.0\guava-18.0.jar;C:\Users\Administrator\.m2\repository\org\elasticsearch\client\transport\5.6.1\transport-5.6.1.jar;C:\Users\Administrator\.m2\repository\org\elasticsearch\elasticsearch\5.6.1\elasticsearch-5.6.1.jar;C:\Users\Administrator\.m2\repository\org\apache\lucene\lucene-core\6.6.1\lucene-core-6.6.1.jar;C:\Users\Administrator\.m2\repository\org\apache\lucene\lucene-analyzers-common\6.6.1\lucene-analyzers-common-6.6.1.jar;C:\Users\Administrator\.m2\repository\org\apache\lucene\lucene-backward-codecs\6.6.1\lucene-backward-codecs-6.6.1.jar;C:\Users\Administrator\.m2\repository\org\apache\lucene\lucene-grouping\6.6.1\lucene-grouping-6.6.1.jar;C:\Users\Administrator\.m2\repository\org\apache\lucene\lucene-highlighter\6.6.1\lucene-highlighter-6.6.1.jar;C:\Users\Administrator\.m2\repository\org\apache\lucene\lucene-join\6.6.1\lucene-join-6.6.1.jar;C:\Users\Administrator\.m2\repository\org\apache\lucene\lucene-memory\6.6.1\lucene-memory-6.6.1.jar;C:\Users\Administrator\.m2\repository\org\apache\lucene\lucene-misc\6.6.1\lucene-misc-6.6.1.jar;C:\Users\Administrator\.m2\repository\org\apache\lucene\lucene-queries\6.6.1\lucene-queries-6.6.1.jar;C:\Users\Administrator\.m2\repository\org\apache\lucene\lucene-queryparser\6.6.1\lucene-queryparser-6.6.1.jar;C:\Users\Administrator\.m2\repository\org\apache\lucene\lucene-sandbox\6.6.1\lucene-sandbox-6.6.1.jar;C:\Users\Administrator\.m2\repository\org\apache\lucene\lucene-spatial\6.6.1\lucene-spatial-6.6.1.jar;C:\Users\Administrator\.m2\repository\org\apache\lucene\lucene-spatial-extras\6.6.1\lucene-spatial-extras-6.6.1.jar;C:\Users\Administrator\.m2\repository\org\apache\lucene\lucene-spatial3d\6.6.1\lucene-spatial3d-6.6.1.jar;C:\Users\Administrator\.m2\repository\org\apache\lucene\lucene-suggest\6.6.1\lucene-suggest-6.6.1.jar;C:\Users\Administrator\.m2\repository\org\elasticsearch\securesm\1.1\securesm-1.1.jar;C:\Users\Administrator\.m2\repository\net\sf\jopt-simple\jopt-simple\5.0.2\jopt-simple-5.0.2.jar;C:\Users\Administrator\.m2\repository\com\carrotsearch\hppc\0.7.1\hppc-0.7.1.jar;C:\Users\Administrator\.m2\repository\com\fasterxml\jackson\dataformat\jackson-dataformat-smile\2.8.10\jackson-dataformat-smile-2.8.10.jar;C:\Users\Administrator\.m2\repository\com\fasterxml\jackson\dataformat\jackson-dataformat-yaml\2.8.10\jackson-dataformat-yaml-2.8.10.jar;C:\Users\Administrator\.m2\repository\com\fasterxml\jackson\dataformat\jackson-dataformat-cbor\2.8.10\jackson-dataformat-cbor-2.8.10.jar;C:\Users\Administrator\.m2\repository\com\tdunning\t-digest\3.0\t-digest-3.0.jar;C:\Users\Administrator\.m2\repository\org\hdrhistogram\HdrHistogram\2.1.9\HdrHistogram-2.1.9.jar;C:\Users\Administrator\.m2\repository\org\elasticsearch\jna\4.4.0-1\jna-4.4.0-1.jar;C:\Users\Administrator\.m2\repository\org\elasticsearch\plugin\transport-netty3-client\5.6.1\transport-netty3-client-5.6.1.jar;C:\Users\Administrator\.m2\repository\io\netty\netty\3.10.6.Final\netty-3.10.6.Final.jar;C:\Users\Administrator\.m2\repository\org\elasticsearch\plugin\transport-netty4-client\5.6.1\transport-netty4-client-5.6.1.jar;C:\Users\Administrator\.m2\repository\io\netty\netty-buffer\4.1.13.Final\netty-buffer-4.1.13.Final.jar;C:\Users\Administrator\.m2\repository\io\netty\netty-codec\4.1.13.Final\netty-codec-4.1.13.Final.jar;C:\Users\Administrator\.m2\repository\io\netty\netty-codec-http\4.1.13.Final\netty-codec-http-4.1.13.Final.jar;C:\Users\Administrator\.m2\repository\io\netty\netty-common\4.1.13.Final\netty-common-4.1.13.Final.jar;C:\Users\Administrator\.m2\repository\io\netty\netty-handler\4.1.13.Final\netty-handler-4.1.13.Final.jar;C:\Users\Administrator\.m2\repository\io\netty\netty-resolver\4.1.13.Final\netty-resolver-4.1.13.Final.jar;C:\Users\Administrator\.m2\repository\io\netty\netty-transport\4.1.13.Final\netty-transport-4.1.13.Final.jar;C:\Users\Administrator\.m2\repository\org\elasticsearch\plugin\reindex-client\5.6.1\reindex-client-5.6.1.jar;C:\Users\Administrator\.m2\repository\org\elasticsearch\client\elasticsearch-rest-client\5.6.1\elasticsearch-rest-client-5.6.1.jar;C:\Users\Administrator\.m2\repository\org\apache\httpcomponents\httpclient\4.5.3\httpclient-4.5.3.jar;C:\Users\Administrator\.m2\repository\org\apache\httpcomponents\httpcore\4.4.6\httpcore-4.4.6.jar;C:\Users\Administrator\.m2\repository\org\apache\httpcomponents\httpasyncclient\4.1.3\httpasyncclient-4.1.3.jar;C:\Users\Administrator\.m2\repository\org\apache\httpcomponents\httpcore-nio\4.4.5\httpcore-nio-4.4.5.jar;C:\Users\Administrator\.m2\repository\commons-codec\commons-codec\1.10\commons-codec-1.10.jar;C:\Users\Administrator\.m2\repository\commons-logging\commons-logging\1.1.3\commons-logging-1.1.3.jar;C:\Users\Administrator\.m2\repository\org\elasticsearch\plugin\lang-mustache-client\5.6.1\lang-mustache-client-5.6.1.jar;C:\Users\Administrator\.m2\repository\com\github\spullara\mustache\java\compiler\0.9.3\compiler-0.9.3.jar;C:\Users\Administrator\.m2\repository\org\elasticsearch\plugin\percolator-client\5.6.1\percolator-client-5.6.1.jar;C:\Users\Administrator\.m2\repository\org\elasticsearch\plugin\parent-join-client\5.6.1\parent-join-client-5.6.1.jar;C:\Users\Administrator\.m2\repository\org\apache\logging\log4j\log4j-core\2.7\log4j-core-2.7.jar;C:\Users\Administrator\.m2\repository\org\apache\logging\log4j\log4j-api\2.7\log4j-api-2.7.jar;C:\Users\Administrator\.m2\repository\org\springframework\kafka\spring-kafka\1.1.6.RELEASE\spring-kafka-1.1.6.RELEASE.jar;C:\Users\Administrator\.m2\repository\org\springframework\spring-messaging\4.3.11.RELEASE\spring-messaging-4.3.11.RELEASE.jar;C:\Users\Administrator\.m2\repository\org\springframework\retry\spring-retry\1.2.1.RELEASE\spring-retry-1.2.1.RELEASE.jar;C:\Users\Administrator\.m2\repository\org\apache\kafka\kafka-clients\0.10.1.1\kafka-clients-0.10.1.1.jar;C:\Users\Administrator\.m2\repository\net\jpountz\lz4\lz4\1.3.0\lz4-1.3.0.jar;C:\Users\Administrator\.m2\repository\org\xerial\snappy\snappy-java\1.1.2.6\snappy-java-1.1.2.6.jar;C:\Users\Administrator\.m2\repository\org\springframework\boot\spring-boot-starter-mail\1.5.7.RELEASE\spring-boot-starter-mail-1.5.7.RELEASE.jar;C:\Users\Administrator\.m2\repository\org\springframework\spring-context\4.3.11.RELEASE\spring-context-4.3.11.RELEASE.jar;C:\Users\Administrator\.m2\repository\org\springframework\spring-context-support\4.3.11.RELEASE\spring-context-support-4.3.11.RELEASE.jar;C:\Users\Administrator\.m2\repository\com\sun\mail\javax.mail\1.5.6\javax.mail-1.5.6.jar;C:\Users\Administrator\.m2\repository\javax\activation\activation\1.1\activation-1.1.jar;C:\Users\Administrator\.m2\repository\org\springframework\boot\spring-boot-starter-test\1.5.7.RELEASE\spring-boot-starter-test-1.5.7.RELEASE.jar;C:\Users\Administrator\.m2\repository\org\springframework\boot\spring-boot-test\1.5.7.RELEASE\spring-boot-test-1.5.7.RELEASE.jar;C:\Users\Administrator\.m2\repository\org\springframework\boot\spring-boot-test-autoconfigure\1.5.7.RELEASE\spring-boot-test-autoconfigure-1.5.7.RELEASE.jar;C:\Users\Administrator\.m2\repository\com\jayway\jsonpath\json-path\2.2.0\json-path-2.2.0.jar;C:\Users\Administrator\.m2\repository\net\minidev\json-smart\2.2.1\json-smart-2.2.1.jar;C:\Users\Administrator\.m2\repository\net\minidev\accessors-smart\1.1\accessors-smart-1.1.jar;C:\Users\Administrator\.m2\repository\org\ow2\asm\asm\5.0.3\asm-5.0.3.jar;C:\Users\Administrator\.m2\repository\junit\junit\4.12\junit-4.12.jar;C:\Users\Administrator\.m2\repository\org\assertj\assertj-core\2.6.0\assertj-core-2.6.0.jar;C:\Users\Administrator\.m2\repository\org\mockito\mockito-core\1.10.19\mockito-core-1.10.19.jar;C:\Users\Administrator\.m2\repository\org\objenesis\objenesis\2.1\objenesis-2.1.jar;C:\Users\Administrator\.m2\repository\org\hamcrest\hamcrest-core\1.3\hamcrest-core-1.3.jar;C:\Users\Administrator\.m2\repository\org\hamcrest\hamcrest-library\1.3\hamcrest-library-1.3.jar;C:\Users\Administrator\.m2\repository\org\skyscreamer\jsonassert\1.4.0\jsonassert-1.4.0.jar;C:\Users\Administrator\.m2\repository\com\vaadin\external\google\android-json\0.0.20131108.vaadin1\android-json-0.0.20131108.vaadin1.jar;C:\Users\Administrator\.m2\repository\org\springframework\spring-core\4.3.11.RELEASE\spring-core-4.3.11.RELEASE.jar;C:\Users\Administrator\.m2\repository\org\springframework\spring-test\4.3.11.RELEASE\spring-test-4.3.11.RELEASE.jar;C:\Users\Administrator\.m2\repository\org\springframework\security\spring-security-test\4.2.3.RELEASE\spring-security-test-4.2.3.RELEASE.jar;C:\Users\Administrator\.m2\repository\org\springframework\security\spring-security-core\4.2.3.RELEASE\spring-security-core-4.2.3.RELEASE.jar;C:\Users\Administrator\.m2\repository\aopalliance\aopalliance\1.0\aopalliance-1.0.jar;C:\Users\Administrator\.m2\repository\com\aliyun\aliyun-java-sdk-core\3.2.3\aliyun-java-sdk-core-3.2.3.jar;C:\Users\Administrator\.m2\repository\com\aliyun\aliyun-java-sdk-dysmsapi\1.0.0\aliyun-java-sdk-dysmsapi-1.0.0.jar;C:\Users\Administrator\.m2\repository\org\springframework\boot\spring-boot-starter-aop\1.5.7.RELEASE\spring-boot-starter-aop-1.5.7.RELEASE.jar;C:\Users\Administrator\.m2\repository\org\aspectj\aspectjweaver\1.8.10\aspectjweaver-1.8.10.jar;, java.specification.name=Java Platform API Specification, java.class.version=52.0, sun.management.compiler=HotSpot 64-Bit Tiered Compilers, os.version=6.3, user.home=C:\Users\Administrator, user.timezone=Asia/Shanghai, java.awt.printerjob=sun.awt.windows.WPrinterJob, file.encoding=GBK, java.specification.version=1.8, java.class.path=C:\Users\Administrator\Desktop\learn\m2cn7s\target\test-classes;C:\Users\Administrator\Desktop\learn\m2cn7s\target\classes;C:\Users\Administrator\.m2\repository\org\springframework\boot\spring-boot-starter-data-jpa\1.5.7.RELEASE\spring-boot-starter-data-jpa-1.5.7.RELEASE.jar;C:\Users\Administrator\.m2\repository\org\springframework\boot\spring-boot-starter\1.5.7.RELEASE\spring-boot-starter-1.5.7.RELEASE.jar;C:\Users\Administrator\.m2\repository\org\springframework\boot\spring-boot-starter-logging\1.5.7.RELEASE\spring-boot-starter-logging-1.5.7.RELEASE.jar;C:\Users\Administrator\.m2\repository\ch\qos\logback\logback-classic\1.1.11\logback-classic-1.1.11.jar;C:\Users\Administrator\.m2\repository\ch\qos\logback\logback-core\1.1.11\logback-core-1.1.11.jar;C:\Users\Administrator\.m2\repository\org\slf4j\jul-to-slf4j\1.7.25\jul-to-slf4j-1.7.25.jar;C:\Users\Administrator\.m2\repository\org\slf4j\log4j-over-slf4j\1.7.25\log4j-over-slf4j-1.7.25.jar;C:\Users\Administrator\.m2\repository\org\yaml\snakeyaml\1.17\snakeyaml-1.17.jar;C:\Users\Administrator\.m2\repository\org\springframework\boot\spring-boot-starter-jdbc\1.5.7.RELEASE\spring-boot-starter-jdbc-1.5.7.RELEASE.jar;C:\Users\Administrator\.m2\repository\org\apache\tomcat\tomcat-jdbc\8.5.20\tomcat-jdbc-8.5.20.jar;C:\Users\Administrator\.m2\repository\org\apache\tomcat\tomcat-juli\8.5.20\tomcat-juli-8.5.20.jar;C:\Users\Administrator\.m2\repository\org\springframework\spring-jdbc\4.3.11.RELEASE\spring-jdbc-4.3.11.RELEASE.jar;C:\Users\Administrator\.m2\repository\org\hibernate\hibernate-core\5.0.12.Final\hibernate-core-5.0.12.Final.jar;C:\Users\Administrator\.m2\repository\org\jboss\logging\jboss-logging\3.3.1.Final\jboss-logging-3.3.1.Final.jar;C:\Users\Administrator\.m2\repository\org\hibernate\javax\persistence\hibernate-jpa-2.1-api\1.0.0.Final\hibernate-jpa-2.1-api-1.0.0.Final.jar;C:\Users\Administrator\.m2\repository\org\javassist\javassist\3.21.0-GA\javassist-3.21.0-GA.jar;C:\Users\Administrator\.m2\repository\antlr\antlr\2.7.7\antlr-2.7.7.jar;C:\Users\Administrator\.m2\repository\org\jboss\jandex\2.0.0.Final\jandex-2.0.0.Final.jar;C:\Users\Administrator\.m2\repository\dom4j\dom4j\1.6.1\dom4j-1.6.1.jar;C:\Users\Administrator\.m2\repository\org\hibernate\common\hibernate-commons-annotations\5.0.1.Final\hibernate-commons-annotations-5.0.1.Final.jar;C:\Users\Administrator\.m2\repository\org\hibernate\hibernate-entitymanager\5.0.12.Final\hibernate-entitymanager-5.0.12.Final.jar;C:\Users\Administrator\.m2\repository\javax\transaction\javax.transaction-api\1.2\javax.transaction-api-1.2.jar;C:\Users\Administrator\.m2\repository\org\springframework\data\spring-data-jpa\1.11.7.RELEASE\spring-data-jpa-1.11.7.RELEASE.jar;C:\Users\Administrator\.m2\repository\org\springframework\data\spring-data-commons\1.13.7.RELEASE\spring-data-commons-1.13.7.RELEASE.jar;C:\Users\Administrator\.m2\repository\org\springframework\spring-orm\4.3.11.RELEASE\spring-orm-4.3.11.RELEASE.jar;C:\Users\Administrator\.m2\repository\org\springframework\spring-tx\4.3.11.RELEASE\spring-tx-4.3.11.RELEASE.jar;C:\Users\Administrator\.m2\repository\org\springframework\spring-beans\4.3.11.RELEASE\spring-beans-4.3.11.RELEASE.jar;C:\Users\Administrator\.m2\repository\org\slf4j\jcl-over-slf4j\1.7.25\jcl-over-slf4j-1.7.25.jar;C:\Users\Administrator\.m2\repository\org\springframework\spring-aspects\4.3.11.RELEASE\spring-aspects-4.3.11.RELEASE.jar;C:\Users\Administrator\.m2\repository\com\h2database\h2\1.4.196\h2-1.4.196.jar;C:\Users\Administrator\.m2\repository\mysql\mysql-connector-java\5.1.44\mysql-connector-java-5.1.44.jar;C:\Users\Administrator\.m2\repository\org\springframework\boot\spring-boot-starter-thymeleaf\1.5.7.RELEASE\spring-boot-starter-thymeleaf-1.5.7.RELEASE.jar;C:\Users\Administrator\.m2\repository\nz\net\ultraq\thymeleaf\thymeleaf-layout-dialect\2.1.1\thymeleaf-layout-dialect-2.1.1.jar;C:\Users\Administrator\.m2\repository\org\codehaus\groovy\groovy\2.4.12\groovy-2.4.12.jar;C:\Users\Administrator\.m2\repository\nz\net\ultraq\thymeleaf\thymeleaf-expression-processor\1.1.2\thymeleaf-expression-processor-1.1.2.jar;C:\Users\Administrator\.m2\repository\org\thymeleaf\thymeleaf\3.0.3.RELEASE\thymeleaf-3.0.3.RELEASE.jar;C:\Users\Administrator\.m2\repository\ognl\ognl\3.1.12\ognl-3.1.12.jar;C:\Users\Administrator\.m2\repository\org\attoparser\attoparser\2.0.2.RELEASE\attoparser-2.0.2.RELEASE.jar;C:\Users\Administrator\.m2\repository\org\unbescape\unbescape\1.1.4.RELEASE\unbescape-1.1.4.RELEASE.jar;C:\Users\Administrator\.m2\repository\org\slf4j\slf4j-api\1.7.25\slf4j-api-1.7.25.jar;C:\Users\Administrator\.m2\repository\org\thymeleaf\thymeleaf-spring4\3.0.2.RELEASE\thymeleaf-spring4-3.0.2.RELEASE.jar;C:\Users\Administrator\.m2\repository\org\springframework\boot\spring-boot-starter-web\1.5.7.RELEASE\spring-boot-starter-web-1.5.7.RELEASE.jar;C:\Users\Administrator\.m2\repository\org\springframework\boot\spring-boot-starter-tomcat\1.5.7.RELEASE\spring-boot-starter-tomcat-1.5.7.RELEASE.jar;C:\Users\Administrator\.m2\repository\org\apache\tomcat\embed\tomcat-embed-core\8.5.20\tomcat-embed-core-8.5.20.jar;C:\Users\Administrator\.m2\repository\org\apache\tomcat\embed\tomcat-embed-el\8.5.20\tomcat-embed-el-8.5.20.jar;C:\Users\Administrator\.m2\repository\org\apache\tomcat\embed\tomcat-embed-websocket\8.5.20\tomcat-embed-websocket-8.5.20.jar;C:\Users\Administrator\.m2\repository\org\hibernate\hibernate-validator\5.3.5.Final\hibernate-validator-5.3.5.Final.jar;C:\Users\Administrator\.m2\repository\javax\validation\validation-api\1.1.0.Final\validation-api-1.1.0.Final.jar;C:\Users\Administrator\.m2\repository\com\fasterxml\classmate\1.3.4\classmate-1.3.4.jar;C:\Users\Administrator\.m2\repository\org\springframework\spring-web\4.3.11.RELEASE\spring-web-4.3.11.RELEASE.jar;C:\Users\Administrator\.m2\repository\org\springframework\spring-webmvc\4.3.11.RELEASE\spring-webmvc-4.3.11.RELEASE.jar;C:\Users\Administrator\.m2\repository\org\springframework\spring-expression\4.3.11.RELEASE\spring-expression-4.3.11.RELEASE.jar;C:\Users\Administrator\.m2\repository\org\springframework\boot\spring-boot-starter-security\1.5.7.RELEASE\spring-boot-starter-security-1.5.7.RELEASE.jar;C:\Users\Administrator\.m2\repository\org\springframework\spring-aop\4.3.11.RELEASE\spring-aop-4.3.11.RELEASE.jar;C:\Users\Administrator\.m2\repository\org\springframework\security\spring-security-config\4.2.3.RELEASE\spring-security-config-4.2.3.RELEASE.jar;C:\Users\Administrator\.m2\repository\org\springframework\security\spring-security-web\4.2.3.RELEASE\spring-security-web-4.2.3.RELEASE.jar;C:\Users\Administrator\.m2\repository\org\thymeleaf\extras\thymeleaf-extras-springsecurity4\3.0.2.RELEASE\thymeleaf-extras-springsecurity4-3.0.2.RELEASE.jar;C:\Users\Administrator\.m2\repository\org\springframework\session\spring-session\1.3.1.RELEASE\spring-session-1.3.1.RELEASE.jar;C:\Users\Administrator\.m2\repository\org\springframework\boot\spring-boot-starter-data-redis\1.5.7.RELEASE\spring-boot-starter-data-redis-1.5.7.RELEASE.jar;C:\Users\Administrator\.m2\repository\org\springframework\data\spring-data-redis\1.8.7.RELEASE\spring-data-redis-1.8.7.RELEASE.jar;C:\Users\Administrator\.m2\repository\org\springframework\data\spring-data-keyvalue\1.2.7.RELEASE\spring-data-keyvalue-1.2.7.RELEASE.jar;C:\Users\Administrator\.m2\repository\org\springframework\spring-oxm\4.3.11.RELEASE\spring-oxm-4.3.11.RELEASE.jar;C:\Users\Administrator\.m2\repository\redis\clients\jedis\2.9.0\jedis-2.9.0.jar;C:\Users\Administrator\.m2\repository\org\apache\commons\commons-pool2\2.4.2\commons-pool2-2.4.2.jar;C:\Users\Administrator\.m2\repository\org\springframework\boot\spring-boot-devtools\1.5.7.RELEASE\spring-boot-devtools-1.5.7.RELEASE.jar;C:\Users\Administrator\.m2\repository\org\springframework\boot\spring-boot\1.5.7.RELEASE\spring-boot-1.5.7.RELEASE.jar;C:\Users\Administrator\.m2\repository\org\springframework\boot\spring-boot-autoconfigure\1.5.7.RELEASE\spring-boot-autoconfigure-1.5.7.RELEASE.jar;C:\Users\Administrator\.m2\repository\joda-time\joda-time\2.3\joda-time-2.3.jar;C:\Users\Administrator\.m2\repository\com\fasterxml\jackson\core\jackson-databind\2.5.0\jackson-databind-2.5.0.jar;C:\Users\Administrator\.m2\repository\com\fasterxml\jackson\core\jackson-annotations\2.8.0\jackson-annotations-2.8.0.jar;C:\Users\Administrator\.m2\repository\com\fasterxml\jackson\core\jackson-core\2.8.10\jackson-core-2.8.10.jar;C:\Users\Administrator\.m2\repository\com\qiniu\qiniu-java-sdk\7.2.9\qiniu-java-sdk-7.2.9.jar;C:\Users\Administrator\.m2\repository\com\squareup\okhttp3\okhttp\3.9.1\okhttp-3.9.1.jar;C:\Users\Administrator\.m2\repository\com\squareup\okio\okio\1.13.0\okio-1.13.0.jar;C:\Users\Administrator\.m2\repository\com\google\code\gson\gson\2.8.1\gson-2.8.1.jar;C:\Users\Administrator\.m2\repository\com\qiniu\happy-dns-java\0.1.6\happy-dns-java-0.1.6.jar;C:\Users\Administrator\.m2\repository\org\modelmapper\modelmapper\1.1.0\modelmapper-1.1.0.jar;C:\Users\Administrator\.m2\repository\com\google\guava\guava\18.0\guava-18.0.jar;C:\Users\Administrator\.m2\repository\org\elasticsearch\client\transport\5.6.1\transport-5.6.1.jar;C:\Users\Administrator\.m2\repository\org\elasticsearch\elasticsearch\5.6.1\elasticsearch-5.6.1.jar;C:\Users\Administrator\.m2\repository\org\apache\lucene\lucene-core\6.6.1\lucene-core-6.6.1.jar;C:\Users\Administrator\.m2\repository\org\apache\lucene\lucene-analyzers-common\6.6.1\lucene-analyzers-common-6.6.1.jar;C:\Users\Administrator\.m2\repository\org\apache\lucene\lucene-backward-codecs\6.6.1\lucene-backward-codecs-6.6.1.jar;C:\Users\Administrator\.m2\repository\org\apache\lucene\lucene-grouping\6.6.1\lucene-grouping-6.6.1.jar;C:\Users\Administrator\.m2\repository\org\apache\lucene\lucene-highlighter\6.6.1\lucene-highlighter-6.6.1.jar;C:\Users\Administrator\.m2\repository\org\apache\lucene\lucene-join\6.6.1\lucene-join-6.6.1.jar;C:\Users\Administrator\.m2\repository\org\apache\lucene\lucene-memory\6.6.1\lucene-memory-6.6.1.jar;C:\Users\Administrator\.m2\repository\org\apache\lucene\lucene-misc\6.6.1\lucene-misc-6.6.1.jar;C:\Users\Administrator\.m2\repository\org\apache\lucene\lucene-queries\6.6.1\lucene-queries-6.6.1.jar;C:\Users\Administrator\.m2\repository\org\apache\lucene\lucene-queryparser\6.6.1\lucene-queryparser-6.6.1.jar;C:\Users\Administrator\.m2\repository\org\apache\lucene\lucene-sandbox\6.6.1\lucene-sandbox-6.6.1.jar;C:\Users\Administrator\.m2\repository\org\apache\lucene\lucene-spatial\6.6.1\lucene-spatial-6.6.1.jar;C:\Users\Administrator\.m2\repository\org\apache\lucene\lucene-spatial-extras\6.6.1\lucene-spatial-extras-6.6.1.jar;C:\Users\Administrator\.m2\repository\org\apache\lucene\lucene-spatial3d\6.6.1\lucene-spatial3d-6.6.1.jar;C:\Users\Administrator\.m2\repository\org\apache\lucene\lucene-suggest\6.6.1\lucene-suggest-6.6.1.jar;C:\Users\Administrator\.m2\repository\org\elasticsearch\securesm\1.1\securesm-1.1.jar;C:\Users\Administrator\.m2\repository\net\sf\jopt-simple\jopt-simple\5.0.2\jopt-simple-5.0.2.jar;C:\Users\Administrator\.m2\repository\com\carrotsearch\hppc\0.7.1\hppc-0.7.1.jar;C:\Users\Administrator\.m2\repository\com\fasterxml\jackson\dataformat\jackson-dataformat-smile\2.8.10\jackson-dataformat-smile-2.8.10.jar;C:\Users\Administrator\.m2\repository\com\fasterxml\jackson\dataformat\jackson-dataformat-yaml\2.8.10\jackson-dataformat-yaml-2.8.10.jar;C:\Users\Administrator\.m2\repository\com\fasterxml\jackson\dataformat\jackson-dataformat-cbor\2.8.10\jackson-dataformat-cbor-2.8.10.jar;C:\Users\Administrator\.m2\repository\com\tdunning\t-digest\3.0\t-digest-3.0.jar;C:\Users\Administrator\.m2\repository\org\hdrhistogram\HdrHistogram\2.1.9\HdrHistogram-2.1.9.jar;C:\Users\Administrator\.m2\repository\org\elasticsearch\jna\4.4.0-1\jna-4.4.0-1.jar;C:\Users\Administrator\.m2\repository\org\elasticsearch\plugin\transport-netty3-client\5.6.1\transport-netty3-client-5.6.1.jar;C:\Users\Administrator\.m2\repository\io\netty\netty\3.10.6.Final\netty-3.10.6.Final.jar;C:\Users\Administrator\.m2\repository\org\elasticsearch\plugin\transport-netty4-client\5.6.1\transport-netty4-client-5.6.1.jar;C:\Users\Administrator\.m2\repository\io\netty\netty-buffer\4.1.13.Final\netty-buffer-4.1.13.Final.jar;C:\Users\Administrator\.m2\repository\io\netty\netty-codec\4.1.13.Final\netty-codec-4.1.13.Final.jar;C:\Users\Administrator\.m2\repository\io\netty\netty-codec-http\4.1.13.Final\netty-codec-http-4.1.13.Final.jar;C:\Users\Administrator\.m2\repository\io\netty\netty-common\4.1.13.Final\netty-common-4.1.13.Final.jar;C:\Users\Administrator\.m2\repository\io\netty\netty-handler\4.1.13.Final\netty-handler-4.1.13.Final.jar;C:\Users\Administrator\.m2\repository\io\netty\netty-resolver\4.1.13.Final\netty-resolver-4.1.13.Final.jar;C:\Users\Administrator\.m2\repository\io\netty\netty-transport\4.1.13.Final\netty-transport-4.1.13.Final.jar;C:\Users\Administrator\.m2\repository\org\elasticsearch\plugin\reindex-client\5.6.1\reindex-client-5.6.1.jar;C:\Users\Administrator\.m2\repository\org\elasticsearch\client\elasticsearch-rest-client\5.6.1\elasticsearch-rest-client-5.6.1.jar;C:\Users\Administrator\.m2\repository\org\apache\httpcomponents\httpclient\4.5.3\httpclient-4.5.3.jar;C:\Users\Administrator\.m2\repository\org\apache\httpcomponents\httpcore\4.4.6\httpcore-4.4.6.jar;C:\Users\Administrator\.m2\repository\org\apache\httpcomponents\httpasyncclient\4.1.3\httpasyncclient-4.1.3.jar;C:\Users\Administrator\.m2\repository\org\apache\httpcomponents\httpcore-nio\4.4.5\httpcore-nio-4.4.5.jar;C:\Users\Administrator\.m2\repository\commons-codec\commons-codec\1.10\commons-codec-1.10.jar;C:\Users\Administrator\.m2\repository\commons-logging\commons-logging\1.1.3\commons-logging-1.1.3.jar;C:\Users\Administrator\.m2\repository\org\elasticsearch\plugin\lang-mustache-client\5.6.1\lang-mustache-client-5.6.1.jar;C:\Users\Administrator\.m2\repository\com\github\spullara\mustache\java\compiler\0.9.3\compiler-0.9.3.jar;C:\Users\Administrator\.m2\repository\org\elasticsearch\plugin\percolator-client\5.6.1\percolator-client-5.6.1.jar;C:\Users\Administrator\.m2\repository\org\elasticsearch\plugin\parent-join-client\5.6.1\parent-join-client-5.6.1.jar;C:\Users\Administrator\.m2\repository\org\apache\logging\log4j\log4j-core\2.7\log4j-core-2.7.jar;C:\Users\Administrator\.m2\repository\org\apache\logging\log4j\log4j-api\2.7\log4j-api-2.7.jar;C:\Users\Administrator\.m2\repository\org\springframework\kafka\spring-kafka\1.1.6.RELEASE\spring-kafka-1.1.6.RELEASE.jar;C:\Users\Administrator\.m2\repository\org\springframework\spring-messaging\4.3.11.RELEASE\spring-messaging-4.3.11.RELEASE.jar;C:\Users\Administrator\.m2\repository\org\springframework\retry\spring-retry\1.2.1.RELEASE\spring-retry-1.2.1.RELEASE.jar;C:\Users\Administrator\.m2\repository\org\apache\kafka\kafka-clients\0.10.1.1\kafka-clients-0.10.1.1.jar;C:\Users\Administrator\.m2\repository\net\jpountz\lz4\lz4\1.3.0\lz4-1.3.0.jar;C:\Users\Administrator\.m2\repository\org\xerial\snappy\snappy-java\1.1.2.6\snappy-java-1.1.2.6.jar;C:\Users\Administrator\.m2\repository\org\springframework\boot\spring-boot-starter-mail\1.5.7.RELEASE\spring-boot-starter-mail-1.5.7.RELEASE.jar;C:\Users\Administrator\.m2\repository\org\springframework\spring-context\4.3.11.RELEASE\spring-context-4.3.11.RELEASE.jar;C:\Users\Administrator\.m2\repository\org\springframework\spring-context-support\4.3.11.RELEASE\spring-context-support-4.3.11.RELEASE.jar;C:\Users\Administrator\.m2\repository\com\sun\mail\javax.mail\1.5.6\javax.mail-1.5.6.jar;C:\Users\Administrator\.m2\repository\javax\activation\activation\1.1\activation-1.1.jar;C:\Users\Administrator\.m2\repository\org\springframework\boot\spring-boot-starter-test\1.5.7.RELEASE\spring-boot-starter-test-1.5.7.RELEASE.jar;C:\Users\Administrator\.m2\repository\org\springframework\boot\spring-boot-test\1.5.7.RELEASE\spring-boot-test-1.5.7.RELEASE.jar;C:\Users\Administrator\.m2\repository\org\springframework\boot\spring-boot-test-autoconfigure\1.5.7.RELEASE\spring-boot-test-autoconfigure-1.5.7.RELEASE.jar;C:\Users\Administrator\.m2\repository\com\jayway\jsonpath\json-path\2.2.0\json-path-2.2.0.jar;C:\Users\Administrator\.m2\repository\net\minidev\json-smart\2.2.1\json-smart-2.2.1.jar;C:\Users\Administrator\.m2\repository\net\minidev\accessors-smart\1.1\accessors-smart-1.1.jar;C:\Users\Administrator\.m2\repository\org\ow2\asm\asm\5.0.3\asm-5.0.3.jar;C:\Users\Administrator\.m2\repository\junit\junit\4.12\junit-4.12.jar;C:\Users\Administrator\.m2\repository\org\assertj\assertj-core\2.6.0\assertj-core-2.6.0.jar;C:\Users\Administrator\.m2\repository\org\mockito\mockito-core\1.10.19\mockito-core-1.10.19.jar;C:\Users\Administrator\.m2\repository\org\objenesis\objenesis\2.1\objenesis-2.1.jar;C:\Users\Administrator\.m2\repository\org\hamcrest\hamcrest-core\1.3\hamcrest-core-1.3.jar;C:\Users\Administrator\.m2\repository\org\hamcrest\hamcrest-library\1.3\hamcrest-library-1.3.jar;C:\Users\Administrator\.m2\repository\org\skyscreamer\jsonassert\1.4.0\jsonassert-1.4.0.jar;C:\Users\Administrator\.m2\repository\com\vaadin\external\google\android-json\0.0.20131108.vaadin1\android-json-0.0.20131108.vaadin1.jar;C:\Users\Administrator\.m2\repository\org\springframework\spring-core\4.3.11.RELEASE\spring-core-4.3.11.RELEASE.jar;C:\Users\Administrator\.m2\repository\org\springframework\spring-test\4.3.11.RELEASE\spring-test-4.3.11.RELEASE.jar;C:\Users\Administrator\.m2\repository\org\springframework\security\spring-security-test\4.2.3.RELEASE\spring-security-test-4.2.3.RELEASE.jar;C:\Users\Administrator\.m2\repository\org\springframework\security\spring-security-core\4.2.3.RELEASE\spring-security-core-4.2.3.RELEASE.jar;C:\Users\Administrator\.m2\repository\aopalliance\aopalliance\1.0\aopalliance-1.0.jar;C:\Users\Administrator\.m2\repository\com\aliyun\aliyun-java-sdk-core\3.2.3\aliyun-java-sdk-core-3.2.3.jar;C:\Users\Administrator\.m2\repository\com\aliyun\aliyun-java-sdk-dysmsapi\1.0.0\aliyun-java-sdk-dysmsapi-1.0.0.jar;C:\Users\Administrator\.m2\repository\org\springframework\boot\spring-boot-starter-aop\1.5.7.RELEASE\spring-boot-starter-aop-1.5.7.RELEASE.jar;C:\Users\Administrator\.m2\repository\org\aspectj\aspectjweaver\1.8.10\aspectjweaver-1.8.10.jar;, user.name=Administrator, java.vm.specification.version=1.8, sun.java.command=C:\Users\Administrator\Desktop\learn\m2cn7s\target\surefire\surefirebooter1103369608163825697.jar C:\Users\Administrator\Desktop\learn\m2cn7s\target\surefire\surefire6215325077581212918tmp C:\Users\Administrator\Desktop\learn\m2cn7s\target\surefire\surefire_08578416206993343501tmp, java.home=C:\Program Files\Java\jdk1.8.0_31\jre, sun.arch.data.model=64, user.language=zh, java.specification.vendor=Oracle Corporation, awt.toolkit=sun.awt.windows.WToolkit, java.vm.info=mixed mode, java.version=1.8.0_31, java.ext.dirs=C:\Program Files\Java\jdk1.8.0_31\jre\lib\ext;C:\windows\Sun\Java\lib\ext, sun.boot.class.path=C:\Program Files\Java\jdk1.8.0_31\jre\lib\resources.jar;C:\Program Files\Java\jdk1.8.0_31\jre\lib\rt.jar;C:\Program Files\Java\jdk1.8.0_31\jre\lib\sunrsasign.jar;C:\Program Files\Java\jdk1.8.0_31\jre\lib\jsse.jar;C:\Program Files\Java\jdk1.8.0_31\jre\lib\jce.jar;C:\Program Files\Java\jdk1.8.0_31\jre\lib\charsets.jar;C:\Program Files\Java\jdk1.8.0_31\jre\lib\jfr.jar;C:\Program Files\Java\jdk1.8.0_31\jre\classes, java.vendor=Oracle Corporation, localRepository=C:\Users\Administrator\.m2\repository, file.separator=\, java.vendor.url.bug=http://bugreport.sun.com/bugreport/, sun.io.unicode.encoding=UnicodeLittle, sun.cpu.endian=little, sun.desktop=windows, sun.cpu.isalist=amd64}}, SystemEnvironmentPropertySource@306016343 {name='systemEnvironment', properties={PATH=C:/Program Files/Java/jre1.8.0_31/bin/server;C:/Program Files/Java/jre1.8.0_31/bin;C:/Program Files/Java/jre1.8.0_31/lib/amd64;E:\Oracle\product\11.2.0\dbhome_1\bin;C:\ProgramData\Oracle\Java\javapath;G:\android\sdk\platform-tools;G:\android\sdk\tools;C:\Program Files\Java\jdk1.8.0_31\bin;C:\Program Files\Java\jre1.8.0_31\bin;C:\Program Files\Java\jdk1.8.0_31\jre\bin;C:\Program Files (x86)\GtkSharp\2.12\bin;C:\windows\system32;C:\windows;C:\windows\System32\Wbem;G:\android\sdk\platform-tools;G:\android\sdk\tools;C:\Program Files\Java\jdk1.8.0_31\bin;C:\Program Files\Java\jre1.8.0_31\bin;C:\Program Files\Java\jdk1.8.0_31\jre\bin;D:\apache-maven-3.3.9\bin;C:\Program Files\MySQL\MySQL Utilities 1.6\;C:\gradle-4.1\BIN;E:\Program Files\erl8.1\bin;C:\Program Files (x86)\scala\bin;C:\Program Files (x86)\scala\bin;C:\Program Files (x86)\scala\jre\bin;C:\Program Files\nodejs\;D:\Python27;D:\Python27\Scripts;C:\Users\Administrator\AppData\Local\Programs\Fiddler;C:\Program Files (x86)\SSH Communications Security\SSH Secure Shell;C:\Users\Administrator\AppData\Roaming\npm;E:\Program Files\Microsoft VS Code\bin;G:\eclipse-win64;, USERDOMAIN_ROAMINGPROFILE=SC-201703091028, PROCESSOR_LEVEL=6, SYSTEMDRIVE=C:, SESSIONNAME=Console, ALLUSERSPROFILE=C:\ProgramData, PROCESSOR_ARCHITECTURE=AMD64, JRE_HOME=C:\Program Files\Java\jre1.8.0_31, MAVEN_HOME=D:\apache-maven-3.3.9, PROGRAMFILES=C:\Program Files, JAVA_JRE_HOME=C:\Program Files\Java\jdk1.8.0_31\jre, PSMODULEPATH=C:\windows\system32\WindowsPowerShell\v1.0\Modules\, PROGRAMDATA=C:\ProgramData, USERNAME=Administrator, PATHEXT=.COM;.EXE;.BAT;.CMD;.VBS;.VBE;.JS;.JSE;.WSF;.WSH;.MSC, DEVMGR_SHOW_DETAILS=1, WINDIR=C:\windows, HOMEPATH=\Users\Administrator, PROCESSOR_IDENTIFIER=Intel64 Family 6 Model 60 Stepping 3, GenuineIntel, PUBLIC=C:\Users\Public, =::=::\, LOCALAPPDATA=C:\Users\Administrator\AppData\Local, COMMONPROGRAMFILES(X86)=C:\Program Files (x86)\Common Files, USERDOMAIN=SC-201703091028, LOGONSERVER=\\SC-201703091028, JAVA_HOME=C:\Program Files\Java\jdk1.8.0_31, PROMPT=$P$G, PROGRAMFILES(X86)=C:\Program Files (x86), VS120COMNTOOLS=C:\Program Files (x86)\Microsoft Visual Studio 12.0\Common7\Tools\, GRADLE_HOME=C:\gradle-4.1, =C:=C:\Users\Administrator\Desktop\learn\m2cn7s, APPDATA=C:\Users\Administrator\AppData\Roaming, PROGRAMW6432=C:\Program Files, GTK_BASEPATH=C:\Program Files (x86)\GtkSharp\2.12\, SYSTEMROOT=C:\windows, SCALA_HOME=C:\Program Files (x86)\scala, ANDROID_SDK_HOME=G:\android\sdk, OS=Windows_NT, COMMONPROGRAMW6432=C:\Program Files\Common Files, COMPUTERNAME=SC-201703091028, COMMONPROGRAMFILES=C:\Program Files\Common Files, COMSPEC=C:\windows\system32\cmd.exe, PROCESSOR_REVISION=3c03, CLASSPATH=.;C:\Program Files\Java\jdk1.8.0_31\lib;C:\Program Files\Java\jdk1.8.0_31\lib\tools.jar;C:\Program Files\Java\jdk1.8.0_31\lib\dt.jar;C:\Program Files\Java\jre1.8.0_31\lib;C:\Program Files\Java\jre1.8.0_31\lib\rt.jar;C:\Program Files\Java\jdk1.8.0_31\jre\lib;C:\Program Files\Java\jdk1.8.0_31\jre\lib\rt.jar, TEMP=C:\Users\ADMINI~1\AppData\Local\Temp, HOMEDRIVE=C:, USERPROFILE=C:\Users\Administrator, TMP=C:\Users\ADMINI~1\AppData\Local\Temp, VS110COMNTOOLS=C:\Program Files (x86)\Microsoft Visual Studio 11.0\Common7\Tools\, MYSQLCONNECTOR_ASSEMBLIESPATH=C:\Program Files (x86)\MySQL\Connector.NET 6.9\Assemblies\v4.5, NUMBER_OF_PROCESSORS=8}}]
21:11:20.216 [main] DEBUG org.springframework.core.io.support.PathMatchingResourcePatternResolver - Resolved classpath location [com/imooc/entity/] to resources [URL [file:/C:/Users/Administrator/Desktop/learn/m2cn7s/target/test-classes/com/imooc/entity/], URL [file:/C:/Users/Administrator/Desktop/learn/m2cn7s/target/classes/com/imooc/entity/]]
21:11:20.217 [main] DEBUG org.springframework.core.io.support.PathMatchingResourcePatternResolver - Looking for matching resources in directory tree [C:\Users\Administrator\Desktop\learn\m2cn7s\target\test-classes\com\imooc\entity]
21:11:20.217 [main] DEBUG org.springframework.core.io.support.PathMatchingResourcePatternResolver - Searching directory [C:\Users\Administrator\Desktop\learn\m2cn7s\target\test-classes\com\imooc\entity] for files matching pattern [C:/Users/Administrator/Desktop/learn/m2cn7s/target/test-classes/com/imooc/entity/*.class]
21:11:20.218 [main] DEBUG org.springframework.core.io.support.PathMatchingResourcePatternResolver - Looking for matching resources in directory tree [C:\Users\Administrator\Desktop\learn\m2cn7s\target\classes\com\imooc\entity]
21:11:20.218 [main] DEBUG org.springframework.core.io.support.PathMatchingResourcePatternResolver - Searching directory [C:\Users\Administrator\Desktop\learn\m2cn7s\target\classes\com\imooc\entity] for files matching pattern [C:/Users/Administrator/Desktop/learn/m2cn7s/target/classes/com/imooc/entity/*.class]
21:11:20.220 [main] DEBUG org.springframework.core.io.support.PathMatchingResourcePatternResolver - Resolved location pattern [classpath*:com/imooc/entity/*.class] to resources [file [C:\Users\Administrator\Desktop\learn\m2cn7s\target\test-classes\com\imooc\entity\UserRepositoryTest.class], file [C:\Users\Administrator\Desktop\learn\m2cn7s\target\classes\com\imooc\entity\House.class], file [C:\Users\Administrator\Desktop\learn\m2cn7s\target\classes\com\imooc\entity\HouseDetail.class], file [C:\Users\Administrator\Desktop\learn\m2cn7s\target\classes\com\imooc\entity\HousePicture.class], file [C:\Users\Administrator\Desktop\learn\m2cn7s\target\classes\com\imooc\entity\HouseSubscribe.class], file [C:\Users\Administrator\Desktop\learn\m2cn7s\target\classes\com\imooc\entity\HouseTag.class], file [C:\Users\Administrator\Desktop\learn\m2cn7s\target\classes\com\imooc\entity\Role.class], file [C:\Users\Administrator\Desktop\learn\m2cn7s\target\classes\com\imooc\entity\Subway.class], file [C:\Users\Administrator\Desktop\learn\m2cn7s\target\classes\com\imooc\entity\SubwayStation.class], file [C:\Users\Administrator\Desktop\learn\m2cn7s\target\classes\com\imooc\entity\SupportAddress$Level.class], file [C:\Users\Administrator\Desktop\learn\m2cn7s\target\classes\com\imooc\entity\SupportAddress.class], file [C:\Users\Administrator\Desktop\learn\m2cn7s\target\classes\com\imooc\entity\User.class]]
21:11:20.236 [main] DEBUG org.springframework.core.io.support.PathMatchingResourcePatternResolver - Resolved classpath location [com/imooc/] to resources [URL [file:/C:/Users/Administrator/Desktop/learn/m2cn7s/target/test-classes/com/imooc/], URL [file:/C:/Users/Administrator/Desktop/learn/m2cn7s/target/classes/com/imooc/]]
21:11:20.236 [main] DEBUG org.springframework.core.io.support.PathMatchingResourcePatternResolver - Looking for matching resources in directory tree [C:\Users\Administrator\Desktop\learn\m2cn7s\target\test-classes\com\imooc]
21:11:20.237 [main] DEBUG org.springframework.core.io.support.PathMatchingResourcePatternResolver - Searching directory [C:\Users\Administrator\Desktop\learn\m2cn7s\target\test-classes\com\imooc] for files matching pattern [C:/Users/Administrator/Desktop/learn/m2cn7s/target/test-classes/com/imooc/*.class]
21:11:20.237 [main] DEBUG org.springframework.core.io.support.PathMatchingResourcePatternResolver - Looking for matching resources in directory tree [C:\Users\Administrator\Desktop\learn\m2cn7s\target\classes\com\imooc]
21:11:20.238 [main] DEBUG org.springframework.core.io.support.PathMatchingResourcePatternResolver - Searching directory [C:\Users\Administrator\Desktop\learn\m2cn7s\target\classes\com\imooc] for files matching pattern [C:/Users/Administrator/Desktop/learn/m2cn7s/target/classes/com/imooc/*.class]
21:11:20.240 [main] DEBUG org.springframework.core.io.support.PathMatchingResourcePatternResolver - Resolved location pattern [classpath*:com/imooc/*.class] to resources [file [C:\Users\Administrator\Desktop\learn\m2cn7s\target\test-classes\com\imooc\ApplicationTests.class], file [C:\Users\Administrator\Desktop\learn\m2cn7s\target\classes\com\imooc\Application.class]]
21:11:20.246 [main] DEBUG org.springframework.context.annotation.ClassPathScanningCandidateComponentProvider - Identified candidate component class: file [C:\Users\Administrator\Desktop\learn\m2cn7s\target\classes\com\imooc\Application.class]
21:11:20.246 [main] INFO org.springframework.boot.test.context.SpringBootTestContextBootstrapper - Found @SpringBootConfiguration com.imooc.Application for test class com.imooc.entity.UserRepositoryTest
21:11:20.250 [main] DEBUG org.springframework.boot.test.context.SpringBootTestContextBootstrapper - @TestExecutionListeners is not present for class [com.imooc.entity.UserRepositoryTest]: using defaults.
21:11:20.263 [main] INFO org.springframework.boot.test.context.SpringBootTestContextBootstrapper - Loaded default TestExecutionListener class names from location [META-INF/spring.factories]: [org.springframework.boot.test.mock.mockito.MockitoTestExecutionListener, org.springframework.boot.test.mock.mockito.ResetMocksTestExecutionListener, org.springframework.boot.test.autoconfigure.restdocs.RestDocsTestExecutionListener, org.springframework.boot.test.autoconfigure.web.client.MockRestServiceServerResetTestExecutionListener, org.springframework.boot.test.autoconfigure.web.servlet.MockMvcPrintOnlyOnFailureTestExecutionListener, org.springframework.boot.test.autoconfigure.web.servlet.WebDriverTestExecutionListener, org.springframework.test.context.web.ServletTestExecutionListener, org.springframework.test.context.support.DirtiesContextBeforeModesTestExecutionListener, org.springframework.test.context.support.DependencyInjectionTestExecutionListener, org.springframework.test.context.support.DirtiesContextTestExecutionListener, org.springframework.test.context.transaction.TransactionalTestExecutionListener, org.springframework.test.context.jdbc.SqlScriptsTestExecutionListener, org.springframework.security.test.context.support.WithSecurityContextTestExecutionListener]
21:11:20.268 [main] INFO org.springframework.boot.test.context.SpringBootTestContextBootstrapper - Using TestExecutionListeners: [org.springframework.test.context.web.ServletTestExecutionListener@6ed043d3, org.springframework.test.context.support.DirtiesContextBeforeModesTestExecutionListener@135a8c6f, org.springframework.boot.test.autoconfigure.SpringBootDependencyInjectionTestExecutionListener@6419a0e1, org.springframework.test.context.support.DirtiesContextTestExecutionListener@280d4882, org.springframework.test.context.transaction.TransactionalTestExecutionListener@44af588b, org.springframework.test.context.jdbc.SqlScriptsTestExecutionListener@3d19d85, org.springframework.security.test.context.support.WithSecurityContextTestExecutionListener@2ae62bb6, org.springframework.boot.test.autoconfigure.web.servlet.WebDriverTestExecutionListener@68ed3f30, org.springframework.boot.test.mock.mockito.MockitoTestExecutionListener@56b859a6, org.springframework.boot.test.autoconfigure.restdocs.RestDocsTestExecutionListener@590adb41, org.springframework.boot.test.mock.mockito.ResetMocksTestExecutionListener@42aae04d, org.springframework.boot.test.autoconfigure.web.servlet.MockMvcPrintOnlyOnFailureTestExecutionListener@43bf5397, org.springframework.boot.test.autoconfigure.web.client.MockRestServiceServerResetTestExecutionListener@575e572f]
21:11:20.270 [main] DEBUG org.springframework.test.context.junit4.SpringJUnit4ClassRunner - SpringJUnit4ClassRunner constructor called with [class com.imooc.service.address.AddressServiceTests]
21:11:20.270 [main] DEBUG org.springframework.test.context.BootstrapUtils - Instantiating CacheAwareContextLoaderDelegate from class [org.springframework.test.context.cache.DefaultCacheAwareContextLoaderDelegate]
21:11:20.270 [main] DEBUG org.springframework.test.context.BootstrapUtils - Instantiating BootstrapContext using constructor [public org.springframework.test.context.support.DefaultBootstrapContext(java.lang.Class,org.springframework.test.context.CacheAwareContextLoaderDelegate)]
21:11:20.271 [main] DEBUG org.springframework.test.context.BootstrapUtils - Instantiating TestContextBootstrapper for test class [com.imooc.service.address.AddressServiceTests] from class [org.springframework.boot.test.context.SpringBootTestContextBootstrapper]
21:11:20.271 [main] INFO org.springframework.boot.test.context.SpringBootTestContextBootstrapper - Neither @ContextConfiguration nor @ContextHierarchy found for test class [com.imooc.service.address.AddressServiceTests], using SpringBootContextLoader
21:11:20.272 [main] DEBUG org.springframework.test.context.support.AbstractContextLoader - Did not detect default resource location for test class [com.imooc.service.address.AddressServiceTests]: class path resource [com/imooc/service/address/AddressServiceTests-context.xml] does not exist
21:11:20.273 [main] DEBUG org.springframework.test.context.support.AbstractContextLoader - Did not detect default resource location for test class [com.imooc.service.address.AddressServiceTests]: class path resource [com/imooc/service/address/AddressServiceTestsContext.groovy] does not exist
21:11:20.273 [main] INFO org.springframework.test.context.support.AbstractContextLoader - Could not detect default resource locations for test class [com.imooc.service.address.AddressServiceTests]: no resource found for suffixes {-context.xml, Context.groovy}.
21:11:20.273 [main] INFO org.springframework.test.context.support.AnnotationConfigContextLoaderUtils - Could not detect default configuration classes for test class [com.imooc.service.address.AddressServiceTests]: AddressServiceTests does not declare any static, non-private, non-final, nested classes annotated with @Configuration.
21:11:20.282 [main] DEBUG org.springframework.core.env.StandardEnvironment - Adding PropertySource 'systemProperties' with lowest search precedence
21:11:20.282 [main] DEBUG org.springframework.core.env.StandardEnvironment - Adding PropertySource 'systemEnvironment' with lowest search precedence
21:11:20.283 [main] DEBUG org.springframework.core.env.StandardEnvironment - Initialized StandardEnvironment with PropertySources [MapPropertySource@640275932 {name='systemProperties', properties={java.runtime.name=Java(TM) SE Runtime Environment, sun.boot.library.path=C:\Program Files\Java\jdk1.8.0_31\jre\bin, java.vm.version=25.31-b07, java.vm.vendor=Oracle Corporation, java.vendor.url=http://java.oracle.com/, path.separator=;, java.vm.name=Java HotSpot(TM) 64-Bit Server VM, file.encoding.pkg=sun.io, user.country=CN, user.script=, sun.java.launcher=SUN_STANDARD, sun.os.patch.level=, java.vm.specification.name=Java Virtual Machine Specification, user.dir=C:\Users\Administrator\Desktop\learn\m2cn7s, java.runtime.version=1.8.0_31-b13, basedir=C:\Users\Administrator\Desktop\learn\m2cn7s, java.awt.graphicsenv=sun.awt.Win32GraphicsEnvironment, java.endorsed.dirs=C:\Program Files\Java\jdk1.8.0_31\jre\lib\endorsed, os.arch=amd64, surefire.real.class.path=C:\Users\Administrator\Desktop\learn\m2cn7s\target\surefire\surefirebooter1103369608163825697.jar;C:\\Users\\Administrator\\.m2\\repository\\org\\jacoco\\org.jacoco.agent\\0.7.5.201505241946\\org.jacoco.agent-0.7.5.201505241946-runtime.jar, java.io.tmpdir=C:\Users\ADMINI~1\AppData\Local\Temp\, line.separator=
, java.vm.specification.vendor=Oracle Corporation, user.variant=, os.name=Windows 8.1, sun.jnu.encoding=GBK, java.library.path=C:\Program Files\Java\jdk1.8.0_31\jre\bin;C:\windows\Sun\Java\bin;C:\windows\system32;C:\windows;C:/Program Files/Java/jre1.8.0_31/bin/server;C:/Program Files/Java/jre1.8.0_31/bin;C:/Program Files/Java/jre1.8.0_31/lib/amd64;E:\Oracle\product\11.2.0\dbhome_1\bin;C:\ProgramData\Oracle\Java\javapath;G:\android\sdk\platform-tools;G:\android\sdk\tools;C:\Program Files\Java\jdk1.8.0_31\bin;C:\Program Files\Java\jre1.8.0_31\bin;C:\Program Files\Java\jdk1.8.0_31\jre\bin;C:\Program Files (x86)\GtkSharp\2.12\bin;C:\windows\system32;C:\windows;C:\windows\System32\Wbem;G:\android\sdk\platform-tools;G:\android\sdk\tools;C:\Program Files\Java\jdk1.8.0_31\bin;C:\Program Files\Java\jre1.8.0_31\bin;C:\Program Files\Java\jdk1.8.0_31\jre\bin;D:\apache-maven-3.3.9\bin;C:\Program Files\MySQL\MySQL Utilities 1.6\;C:\gradle-4.1\BIN;E:\Program Files\erl8.1\bin;C:\Program Files (x86)\scala\bin;C:\Program Files (x86)\scala\bin;C:\Program Files (x86)\scala\jre\bin;C:\Program Files\nodejs\;D:\Python27;D:\Python27\Scripts;C:\Users\Administrator\AppData\Local\Programs\Fiddler;C:\Program Files (x86)\SSH Communications Security\SSH Secure Shell;C:\Users\Administrator\AppData\Roaming\npm;E:\Program Files\Microsoft VS Code\bin;G:\eclipse-win64;;., surefire.test.class.path=C:\Users\Administrator\Desktop\learn\m2cn7s\target\test-classes;C:\Users\Administrator\Desktop\learn\m2cn7s\target\classes;C:\Users\Administrator\.m2\repository\org\springframework\boot\spring-boot-starter-data-jpa\1.5.7.RELEASE\spring-boot-starter-data-jpa-1.5.7.RELEASE.jar;C:\Users\Administrator\.m2\repository\org\springframework\boot\spring-boot-starter\1.5.7.RELEASE\spring-boot-starter-1.5.7.RELEASE.jar;C:\Users\Administrator\.m2\repository\org\springframework\boot\spring-boot-starter-logging\1.5.7.RELEASE\spring-boot-starter-logging-1.5.7.RELEASE.jar;C:\Users\Administrator\.m2\repository\ch\qos\logback\logback-classic\1.1.11\logback-classic-1.1.11.jar;C:\Users\Administrator\.m2\repository\ch\qos\logback\logback-core\1.1.11\logback-core-1.1.11.jar;C:\Users\Administrator\.m2\repository\org\slf4j\jul-to-slf4j\1.7.25\jul-to-slf4j-1.7.25.jar;C:\Users\Administrator\.m2\repository\org\slf4j\log4j-over-slf4j\1.7.25\log4j-over-slf4j-1.7.25.jar;C:\Users\Administrator\.m2\repository\org\yaml\snakeyaml\1.17\snakeyaml-1.17.jar;C:\Users\Administrator\.m2\repository\org\springframework\boot\spring-boot-starter-jdbc\1.5.7.RELEASE\spring-boot-starter-jdbc-1.5.7.RELEASE.jar;C:\Users\Administrator\.m2\repository\org\apache\tomcat\tomcat-jdbc\8.5.20\tomcat-jdbc-8.5.20.jar;C:\Users\Administrator\.m2\repository\org\apache\tomcat\tomcat-juli\8.5.20\tomcat-juli-8.5.20.jar;C:\Users\Administrator\.m2\repository\org\springframework\spring-jdbc\4.3.11.RELEASE\spring-jdbc-4.3.11.RELEASE.jar;C:\Users\Administrator\.m2\repository\org\hibernate\hibernate-core\5.0.12.Final\hibernate-core-5.0.12.Final.jar;C:\Users\Administrator\.m2\repository\org\jboss\logging\jboss-logging\3.3.1.Final\jboss-logging-3.3.1.Final.jar;C:\Users\Administrator\.m2\repository\org\hibernate\javax\persistence\hibernate-jpa-2.1-api\1.0.0.Final\hibernate-jpa-2.1-api-1.0.0.Final.jar;C:\Users\Administrator\.m2\repository\org\javassist\javassist\3.21.0-GA\javassist-3.21.0-GA.jar;C:\Users\Administrator\.m2\repository\antlr\antlr\2.7.7\antlr-2.7.7.jar;C:\Users\Administrator\.m2\repository\org\jboss\jandex\2.0.0.Final\jandex-2.0.0.Final.jar;C:\Users\Administrator\.m2\repository\dom4j\dom4j\1.6.1\dom4j-1.6.1.jar;C:\Users\Administrator\.m2\repository\org\hibernate\common\hibernate-commons-annotations\5.0.1.Final\hibernate-commons-annotations-5.0.1.Final.jar;C:\Users\Administrator\.m2\repository\org\hibernate\hibernate-entitymanager\5.0.12.Final\hibernate-entitymanager-5.0.12.Final.jar;C:\Users\Administrator\.m2\repository\javax\transaction\javax.transaction-api\1.2\javax.transaction-api-1.2.jar;C:\Users\Administrator\.m2\repository\org\springframework\data\spring-data-jpa\1.11.7.RELEASE\spring-data-jpa-1.11.7.RELEASE.jar;C:\Users\Administrator\.m2\repository\org\springframework\data\spring-data-commons\1.13.7.RELEASE\spring-data-commons-1.13.7.RELEASE.jar;C:\Users\Administrator\.m2\repository\org\springframework\spring-orm\4.3.11.RELEASE\spring-orm-4.3.11.RELEASE.jar;C:\Users\Administrator\.m2\repository\org\springframework\spring-tx\4.3.11.RELEASE\spring-tx-4.3.11.RELEASE.jar;C:\Users\Administrator\.m2\repository\org\springframework\spring-beans\4.3.11.RELEASE\spring-beans-4.3.11.RELEASE.jar;C:\Users\Administrator\.m2\repository\org\slf4j\jcl-over-slf4j\1.7.25\jcl-over-slf4j-1.7.25.jar;C:\Users\Administrator\.m2\repository\org\springframework\spring-aspects\4.3.11.RELEASE\spring-aspects-4.3.11.RELEASE.jar;C:\Users\Administrator\.m2\repository\com\h2database\h2\1.4.196\h2-1.4.196.jar;C:\Users\Administrator\.m2\repository\mysql\mysql-connector-java\5.1.44\mysql-connector-java-5.1.44.jar;C:\Users\Administrator\.m2\repository\org\springframework\boot\spring-boot-starter-thymeleaf\1.5.7.RELEASE\spring-boot-starter-thymeleaf-1.5.7.RELEASE.jar;C:\Users\Administrator\.m2\repository\nz\net\ultraq\thymeleaf\thymeleaf-layout-dialect\2.1.1\thymeleaf-layout-dialect-2.1.1.jar;C:\Users\Administrator\.m2\repository\org\codehaus\groovy\groovy\2.4.12\groovy-2.4.12.jar;C:\Users\Administrator\.m2\repository\nz\net\ultraq\thymeleaf\thymeleaf-expression-processor\1.1.2\thymeleaf-expression-processor-1.1.2.jar;C:\Users\Administrator\.m2\repository\org\thymeleaf\thymeleaf\3.0.3.RELEASE\thymeleaf-3.0.3.RELEASE.jar;C:\Users\Administrator\.m2\repository\ognl\ognl\3.1.12\ognl-3.1.12.jar;C:\Users\Administrator\.m2\repository\org\attoparser\attoparser\2.0.2.RELEASE\attoparser-2.0.2.RELEASE.jar;C:\Users\Administrator\.m2\repository\org\unbescape\unbescape\1.1.4.RELEASE\unbescape-1.1.4.RELEASE.jar;C:\Users\Administrator\.m2\repository\org\slf4j\slf4j-api\1.7.25\slf4j-api-1.7.25.jar;C:\Users\Administrator\.m2\repository\org\thymeleaf\thymeleaf-spring4\3.0.2.RELEASE\thymeleaf-spring4-3.0.2.RELEASE.jar;C:\Users\Administrator\.m2\repository\org\springframework\boot\spring-boot-starter-web\1.5.7.RELEASE\spring-boot-starter-web-1.5.7.RELEASE.jar;C:\Users\Administrator\.m2\repository\org\springframework\boot\spring-boot-starter-tomcat\1.5.7.RELEASE\spring-boot-starter-tomcat-1.5.7.RELEASE.jar;C:\Users\Administrator\.m2\repository\org\apache\tomcat\embed\tomcat-embed-core\8.5.20\tomcat-embed-core-8.5.20.jar;C:\Users\Administrator\.m2\repository\org\apache\tomcat\embed\tomcat-embed-el\8.5.20\tomcat-embed-el-8.5.20.jar;C:\Users\Administrator\.m2\repository\org\apache\tomcat\embed\tomcat-embed-websocket\8.5.20\tomcat-embed-websocket-8.5.20.jar;C:\Users\Administrator\.m2\repository\org\hibernate\hibernate-validator\5.3.5.Final\hibernate-validator-5.3.5.Final.jar;C:\Users\Administrator\.m2\repository\javax\validation\validation-api\1.1.0.Final\validation-api-1.1.0.Final.jar;C:\Users\Administrator\.m2\repository\com\fasterxml\classmate\1.3.4\classmate-1.3.4.jar;C:\Users\Administrator\.m2\repository\org\springframework\spring-web\4.3.11.RELEASE\spring-web-4.3.11.RELEASE.jar;C:\Users\Administrator\.m2\repository\org\springframework\spring-webmvc\4.3.11.RELEASE\spring-webmvc-4.3.11.RELEASE.jar;C:\Users\Administrator\.m2\repository\org\springframework\spring-expression\4.3.11.RELEASE\spring-expression-4.3.11.RELEASE.jar;C:\Users\Administrator\.m2\repository\org\springframework\boot\spring-boot-starter-security\1.5.7.RELEASE\spring-boot-starter-security-1.5.7.RELEASE.jar;C:\Users\Administrator\.m2\repository\org\springframework\spring-aop\4.3.11.RELEASE\spring-aop-4.3.11.RELEASE.jar;C:\Users\Administrator\.m2\repository\org\springframework\security\spring-security-config\4.2.3.RELEASE\spring-security-config-4.2.3.RELEASE.jar;C:\Users\Administrator\.m2\repository\org\springframework\security\spring-security-web\4.2.3.RELEASE\spring-security-web-4.2.3.RELEASE.jar;C:\Users\Administrator\.m2\repository\org\thymeleaf\extras\thymeleaf-extras-springsecurity4\3.0.2.RELEASE\thymeleaf-extras-springsecurity4-3.0.2.RELEASE.jar;C:\Users\Administrator\.m2\repository\org\springframework\session\spring-session\1.3.1.RELEASE\spring-session-1.3.1.RELEASE.jar;C:\Users\Administrator\.m2\repository\org\springframework\boot\spring-boot-starter-data-redis\1.5.7.RELEASE\spring-boot-starter-data-redis-1.5.7.RELEASE.jar;C:\Users\Administrator\.m2\repository\org\springframework\data\spring-data-redis\1.8.7.RELEASE\spring-data-redis-1.8.7.RELEASE.jar;C:\Users\Administrator\.m2\repository\org\springframework\data\spring-data-keyvalue\1.2.7.RELEASE\spring-data-keyvalue-1.2.7.RELEASE.jar;C:\Users\Administrator\.m2\repository\org\springframework\spring-oxm\4.3.11.RELEASE\spring-oxm-4.3.11.RELEASE.jar;C:\Users\Administrator\.m2\repository\redis\clients\jedis\2.9.0\jedis-2.9.0.jar;C:\Users\Administrator\.m2\repository\org\apache\commons\commons-pool2\2.4.2\commons-pool2-2.4.2.jar;C:\Users\Administrator\.m2\repository\org\springframework\boot\spring-boot-devtools\1.5.7.RELEASE\spring-boot-devtools-1.5.7.RELEASE.jar;C:\Users\Administrator\.m2\repository\org\springframework\boot\spring-boot\1.5.7.RELEASE\spring-boot-1.5.7.RELEASE.jar;C:\Users\Administrator\.m2\repository\org\springframework\boot\spring-boot-autoconfigure\1.5.7.RELEASE\spring-boot-autoconfigure-1.5.7.RELEASE.jar;C:\Users\Administrator\.m2\repository\joda-time\joda-time\2.3\joda-time-2.3.jar;C:\Users\Administrator\.m2\repository\com\fasterxml\jackson\core\jackson-databind\2.5.0\jackson-databind-2.5.0.jar;C:\Users\Administrator\.m2\repository\com\fasterxml\jackson\core\jackson-annotations\2.8.0\jackson-annotations-2.8.0.jar;C:\Users\Administrator\.m2\repository\com\fasterxml\jackson\core\jackson-core\2.8.10\jackson-core-2.8.10.jar;C:\Users\Administrator\.m2\repository\com\qiniu\qiniu-java-sdk\7.2.9\qiniu-java-sdk-7.2.9.jar;C:\Users\Administrator\.m2\repository\com\squareup\okhttp3\okhttp\3.9.1\okhttp-3.9.1.jar;C:\Users\Administrator\.m2\repository\com\squareup\okio\okio\1.13.0\okio-1.13.0.jar;C:\Users\Administrator\.m2\repository\com\google\code\gson\gson\2.8.1\gson-2.8.1.jar;C:\Users\Administrator\.m2\repository\com\qiniu\happy-dns-java\0.1.6\happy-dns-java-0.1.6.jar;C:\Users\Administrator\.m2\repository\org\modelmapper\modelmapper\1.1.0\modelmapper-1.1.0.jar;C:\Users\Administrator\.m2\repository\com\google\guava\guava\18.0\guava-18.0.jar;C:\Users\Administrator\.m2\repository\org\elasticsearch\client\transport\5.6.1\transport-5.6.1.jar;C:\Users\Administrator\.m2\repository\org\elasticsearch\elasticsearch\5.6.1\elasticsearch-5.6.1.jar;C:\Users\Administrator\.m2\repository\org\apache\lucene\lucene-core\6.6.1\lucene-core-6.6.1.jar;C:\Users\Administrator\.m2\repository\org\apache\lucene\lucene-analyzers-common\6.6.1\lucene-analyzers-common-6.6.1.jar;C:\Users\Administrator\.m2\repository\org\apache\lucene\lucene-backward-codecs\6.6.1\lucene-backward-codecs-6.6.1.jar;C:\Users\Administrator\.m2\repository\org\apache\lucene\lucene-grouping\6.6.1\lucene-grouping-6.6.1.jar;C:\Users\Administrator\.m2\repository\org\apache\lucene\lucene-highlighter\6.6.1\lucene-highlighter-6.6.1.jar;C:\Users\Administrator\.m2\repository\org\apache\lucene\lucene-join\6.6.1\lucene-join-6.6.1.jar;C:\Users\Administrator\.m2\repository\org\apache\lucene\lucene-memory\6.6.1\lucene-memory-6.6.1.jar;C:\Users\Administrator\.m2\repository\org\apache\lucene\lucene-misc\6.6.1\lucene-misc-6.6.1.jar;C:\Users\Administrator\.m2\repository\org\apache\lucene\lucene-queries\6.6.1\lucene-queries-6.6.1.jar;C:\Users\Administrator\.m2\repository\org\apache\lucene\lucene-queryparser\6.6.1\lucene-queryparser-6.6.1.jar;C:\Users\Administrator\.m2\repository\org\apache\lucene\lucene-sandbox\6.6.1\lucene-sandbox-6.6.1.jar;C:\Users\Administrator\.m2\repository\org\apache\lucene\lucene-spatial\6.6.1\lucene-spatial-6.6.1.jar;C:\Users\Administrator\.m2\repository\org\apache\lucene\lucene-spatial-extras\6.6.1\lucene-spatial-extras-6.6.1.jar;C:\Users\Administrator\.m2\repository\org\apache\lucene\lucene-spatial3d\6.6.1\lucene-spatial3d-6.6.1.jar;C:\Users\Administrator\.m2\repository\org\apache\lucene\lucene-suggest\6.6.1\lucene-suggest-6.6.1.jar;C:\Users\Administrator\.m2\repository\org\elasticsearch\securesm\1.1\securesm-1.1.jar;C:\Users\Administrator\.m2\repository\net\sf\jopt-simple\jopt-simple\5.0.2\jopt-simple-5.0.2.jar;C:\Users\Administrator\.m2\repository\com\carrotsearch\hppc\0.7.1\hppc-0.7.1.jar;C:\Users\Administrator\.m2\repository\com\fasterxml\jackson\dataformat\jackson-dataformat-smile\2.8.10\jackson-dataformat-smile-2.8.10.jar;C:\Users\Administrator\.m2\repository\com\fasterxml\jackson\dataformat\jackson-dataformat-yaml\2.8.10\jackson-dataformat-yaml-2.8.10.jar;C:\Users\Administrator\.m2\repository\com\fasterxml\jackson\dataformat\jackson-dataformat-cbor\2.8.10\jackson-dataformat-cbor-2.8.10.jar;C:\Users\Administrator\.m2\repository\com\tdunning\t-digest\3.0\t-digest-3.0.jar;C:\Users\Administrator\.m2\repository\org\hdrhistogram\HdrHistogram\2.1.9\HdrHistogram-2.1.9.jar;C:\Users\Administrator\.m2\repository\org\elasticsearch\jna\4.4.0-1\jna-4.4.0-1.jar;C:\Users\Administrator\.m2\repository\org\elasticsearch\plugin\transport-netty3-client\5.6.1\transport-netty3-client-5.6.1.jar;C:\Users\Administrator\.m2\repository\io\netty\netty\3.10.6.Final\netty-3.10.6.Final.jar;C:\Users\Administrator\.m2\repository\org\elasticsearch\plugin\transport-netty4-client\5.6.1\transport-netty4-client-5.6.1.jar;C:\Users\Administrator\.m2\repository\io\netty\netty-buffer\4.1.13.Final\netty-buffer-4.1.13.Final.jar;C:\Users\Administrator\.m2\repository\io\netty\netty-codec\4.1.13.Final\netty-codec-4.1.13.Final.jar;C:\Users\Administrator\.m2\repository\io\netty\netty-codec-http\4.1.13.Final\netty-codec-http-4.1.13.Final.jar;C:\Users\Administrator\.m2\repository\io\netty\netty-common\4.1.13.Final\netty-common-4.1.13.Final.jar;C:\Users\Administrator\.m2\repository\io\netty\netty-handler\4.1.13.Final\netty-handler-4.1.13.Final.jar;C:\Users\Administrator\.m2\repository\io\netty\netty-resolver\4.1.13.Final\netty-resolver-4.1.13.Final.jar;C:\Users\Administrator\.m2\repository\io\netty\netty-transport\4.1.13.Final\netty-transport-4.1.13.Final.jar;C:\Users\Administrator\.m2\repository\org\elasticsearch\plugin\reindex-client\5.6.1\reindex-client-5.6.1.jar;C:\Users\Administrator\.m2\repository\org\elasticsearch\client\elasticsearch-rest-client\5.6.1\elasticsearch-rest-client-5.6.1.jar;C:\Users\Administrator\.m2\repository\org\apache\httpcomponents\httpclient\4.5.3\httpclient-4.5.3.jar;C:\Users\Administrator\.m2\repository\org\apache\httpcomponents\httpcore\4.4.6\httpcore-4.4.6.jar;C:\Users\Administrator\.m2\repository\org\apache\httpcomponents\httpasyncclient\4.1.3\httpasyncclient-4.1.3.jar;C:\Users\Administrator\.m2\repository\org\apache\httpcomponents\httpcore-nio\4.4.5\httpcore-nio-4.4.5.jar;C:\Users\Administrator\.m2\repository\commons-codec\commons-codec\1.10\commons-codec-1.10.jar;C:\Users\Administrator\.m2\repository\commons-logging\commons-logging\1.1.3\commons-logging-1.1.3.jar;C:\Users\Administrator\.m2\repository\org\elasticsearch\plugin\lang-mustache-client\5.6.1\lang-mustache-client-5.6.1.jar;C:\Users\Administrator\.m2\repository\com\github\spullara\mustache\java\compiler\0.9.3\compiler-0.9.3.jar;C:\Users\Administrator\.m2\repository\org\elasticsearch\plugin\percolator-client\5.6.1\percolator-client-5.6.1.jar;C:\Users\Administrator\.m2\repository\org\elasticsearch\plugin\parent-join-client\5.6.1\parent-join-client-5.6.1.jar;C:\Users\Administrator\.m2\repository\org\apache\logging\log4j\log4j-core\2.7\log4j-core-2.7.jar;C:\Users\Administrator\.m2\repository\org\apache\logging\log4j\log4j-api\2.7\log4j-api-2.7.jar;C:\Users\Administrator\.m2\repository\org\springframework\kafka\spring-kafka\1.1.6.RELEASE\spring-kafka-1.1.6.RELEASE.jar;C:\Users\Administrator\.m2\repository\org\springframework\spring-messaging\4.3.11.RELEASE\spring-messaging-4.3.11.RELEASE.jar;C:\Users\Administrator\.m2\repository\org\springframework\retry\spring-retry\1.2.1.RELEASE\spring-retry-1.2.1.RELEASE.jar;C:\Users\Administrator\.m2\repository\org\apache\kafka\kafka-clients\0.10.1.1\kafka-clients-0.10.1.1.jar;C:\Users\Administrator\.m2\repository\net\jpountz\lz4\lz4\1.3.0\lz4-1.3.0.jar;C:\Users\Administrator\.m2\repository\org\xerial\snappy\snappy-java\1.1.2.6\snappy-java-1.1.2.6.jar;C:\Users\Administrator\.m2\repository\org\springframework\boot\spring-boot-starter-mail\1.5.7.RELEASE\spring-boot-starter-mail-1.5.7.RELEASE.jar;C:\Users\Administrator\.m2\repository\org\springframework\spring-context\4.3.11.RELEASE\spring-context-4.3.11.RELEASE.jar;C:\Users\Administrator\.m2\repository\org\springframework\spring-context-support\4.3.11.RELEASE\spring-context-support-4.3.11.RELEASE.jar;C:\Users\Administrator\.m2\repository\com\sun\mail\javax.mail\1.5.6\javax.mail-1.5.6.jar;C:\Users\Administrator\.m2\repository\javax\activation\activation\1.1\activation-1.1.jar;C:\Users\Administrator\.m2\repository\org\springframework\boot\spring-boot-starter-test\1.5.7.RELEASE\spring-boot-starter-test-1.5.7.RELEASE.jar;C:\Users\Administrator\.m2\repository\org\springframework\boot\spring-boot-test\1.5.7.RELEASE\spring-boot-test-1.5.7.RELEASE.jar;C:\Users\Administrator\.m2\repository\org\springframework\boot\spring-boot-test-autoconfigure\1.5.7.RELEASE\spring-boot-test-autoconfigure-1.5.7.RELEASE.jar;C:\Users\Administrator\.m2\repository\com\jayway\jsonpath\json-path\2.2.0\json-path-2.2.0.jar;C:\Users\Administrator\.m2\repository\net\minidev\json-smart\2.2.1\json-smart-2.2.1.jar;C:\Users\Administrator\.m2\repository\net\minidev\accessors-smart\1.1\accessors-smart-1.1.jar;C:\Users\Administrator\.m2\repository\org\ow2\asm\asm\5.0.3\asm-5.0.3.jar;C:\Users\Administrator\.m2\repository\junit\junit\4.12\junit-4.12.jar;C:\Users\Administrator\.m2\repository\org\assertj\assertj-core\2.6.0\assertj-core-2.6.0.jar;C:\Users\Administrator\.m2\repository\org\mockito\mockito-core\1.10.19\mockito-core-1.10.19.jar;C:\Users\Administrator\.m2\repository\org\objenesis\objenesis\2.1\objenesis-2.1.jar;C:\Users\Administrator\.m2\repository\org\hamcrest\hamcrest-core\1.3\hamcrest-core-1.3.jar;C:\Users\Administrator\.m2\repository\org\hamcrest\hamcrest-library\1.3\hamcrest-library-1.3.jar;C:\Users\Administrator\.m2\repository\org\skyscreamer\jsonassert\1.4.0\jsonassert-1.4.0.jar;C:\Users\Administrator\.m2\repository\com\vaadin\external\google\android-json\0.0.20131108.vaadin1\android-json-0.0.20131108.vaadin1.jar;C:\Users\Administrator\.m2\repository\org\springframework\spring-core\4.3.11.RELEASE\spring-core-4.3.11.RELEASE.jar;C:\Users\Administrator\.m2\repository\org\springframework\spring-test\4.3.11.RELEASE\spring-test-4.3.11.RELEASE.jar;C:\Users\Administrator\.m2\repository\org\springframework\security\spring-security-test\4.2.3.RELEASE\spring-security-test-4.2.3.RELEASE.jar;C:\Users\Administrator\.m2\repository\org\springframework\security\spring-security-core\4.2.3.RELEASE\spring-security-core-4.2.3.RELEASE.jar;C:\Users\Administrator\.m2\repository\aopalliance\aopalliance\1.0\aopalliance-1.0.jar;C:\Users\Administrator\.m2\repository\com\aliyun\aliyun-java-sdk-core\3.2.3\aliyun-java-sdk-core-3.2.3.jar;C:\Users\Administrator\.m2\repository\com\aliyun\aliyun-java-sdk-dysmsapi\1.0.0\aliyun-java-sdk-dysmsapi-1.0.0.jar;C:\Users\Administrator\.m2\repository\org\springframework\boot\spring-boot-starter-aop\1.5.7.RELEASE\spring-boot-starter-aop-1.5.7.RELEASE.jar;C:\Users\Administrator\.m2\repository\org\aspectj\aspectjweaver\1.8.10\aspectjweaver-1.8.10.jar;, java.specification.name=Java Platform API Specification, java.class.version=52.0, sun.management.compiler=HotSpot 64-Bit Tiered Compilers, os.version=6.3, user.home=C:\Users\Administrator, user.timezone=Asia/Shanghai, java.awt.printerjob=sun.awt.windows.WPrinterJob, file.encoding=GBK, java.specification.version=1.8, java.class.path=C:\Users\Administrator\Desktop\learn\m2cn7s\target\test-classes;C:\Users\Administrator\Desktop\learn\m2cn7s\target\classes;C:\Users\Administrator\.m2\repository\org\springframework\boot\spring-boot-starter-data-jpa\1.5.7.RELEASE\spring-boot-starter-data-jpa-1.5.7.RELEASE.jar;C:\Users\Administrator\.m2\repository\org\springframework\boot\spring-boot-starter\1.5.7.RELEASE\spring-boot-starter-1.5.7.RELEASE.jar;C:\Users\Administrator\.m2\repository\org\springframework\boot\spring-boot-starter-logging\1.5.7.RELEASE\spring-boot-starter-logging-1.5.7.RELEASE.jar;C:\Users\Administrator\.m2\repository\ch\qos\logback\logback-classic\1.1.11\logback-classic-1.1.11.jar;C:\Users\Administrator\.m2\repository\ch\qos\logback\logback-core\1.1.11\logback-core-1.1.11.jar;C:\Users\Administrator\.m2\repository\org\slf4j\jul-to-slf4j\1.7.25\jul-to-slf4j-1.7.25.jar;C:\Users\Administrator\.m2\repository\org\slf4j\log4j-over-slf4j\1.7.25\log4j-over-slf4j-1.7.25.jar;C:\Users\Administrator\.m2\repository\org\yaml\snakeyaml\1.17\snakeyaml-1.17.jar;C:\Users\Administrator\.m2\repository\org\springframework\boot\spring-boot-starter-jdbc\1.5.7.RELEASE\spring-boot-starter-jdbc-1.5.7.RELEASE.jar;C:\Users\Administrator\.m2\repository\org\apache\tomcat\tomcat-jdbc\8.5.20\tomcat-jdbc-8.5.20.jar;C:\Users\Administrator\.m2\repository\org\apache\tomcat\tomcat-juli\8.5.20\tomcat-juli-8.5.20.jar;C:\Users\Administrator\.m2\repository\org\springframework\spring-jdbc\4.3.11.RELEASE\spring-jdbc-4.3.11.RELEASE.jar;C:\Users\Administrator\.m2\repository\org\hibernate\hibernate-core\5.0.12.Final\hibernate-core-5.0.12.Final.jar;C:\Users\Administrator\.m2\repository\org\jboss\logging\jboss-logging\3.3.1.Final\jboss-logging-3.3.1.Final.jar;C:\Users\Administrator\.m2\repository\org\hibernate\javax\persistence\hibernate-jpa-2.1-api\1.0.0.Final\hibernate-jpa-2.1-api-1.0.0.Final.jar;C:\Users\Administrator\.m2\repository\org\javassist\javassist\3.21.0-GA\javassist-3.21.0-GA.jar;C:\Users\Administrator\.m2\repository\antlr\antlr\2.7.7\antlr-2.7.7.jar;C:\Users\Administrator\.m2\repository\org\jboss\jandex\2.0.0.Final\jandex-2.0.0.Final.jar;C:\Users\Administrator\.m2\repository\dom4j\dom4j\1.6.1\dom4j-1.6.1.jar;C:\Users\Administrator\.m2\repository\org\hibernate\common\hibernate-commons-annotations\5.0.1.Final\hibernate-commons-annotations-5.0.1.Final.jar;C:\Users\Administrator\.m2\repository\org\hibernate\hibernate-entitymanager\5.0.12.Final\hibernate-entitymanager-5.0.12.Final.jar;C:\Users\Administrator\.m2\repository\javax\transaction\javax.transaction-api\1.2\javax.transaction-api-1.2.jar;C:\Users\Administrator\.m2\repository\org\springframework\data\spring-data-jpa\1.11.7.RELEASE\spring-data-jpa-1.11.7.RELEASE.jar;C:\Users\Administrator\.m2\repository\org\springframework\data\spring-data-commons\1.13.7.RELEASE\spring-data-commons-1.13.7.RELEASE.jar;C:\Users\Administrator\.m2\repository\org\springframework\spring-orm\4.3.11.RELEASE\spring-orm-4.3.11.RELEASE.jar;C:\Users\Administrator\.m2\repository\org\springframework\spring-tx\4.3.11.RELEASE\spring-tx-4.3.11.RELEASE.jar;C:\Users\Administrator\.m2\repository\org\springframework\spring-beans\4.3.11.RELEASE\spring-beans-4.3.11.RELEASE.jar;C:\Users\Administrator\.m2\repository\org\slf4j\jcl-over-slf4j\1.7.25\jcl-over-slf4j-1.7.25.jar;C:\Users\Administrator\.m2\repository\org\springframework\spring-aspects\4.3.11.RELEASE\spring-aspects-4.3.11.RELEASE.jar;C:\Users\Administrator\.m2\repository\com\h2database\h2\1.4.196\h2-1.4.196.jar;C:\Users\Administrator\.m2\repository\mysql\mysql-connector-java\5.1.44\mysql-connector-java-5.1.44.jar;C:\Users\Administrator\.m2\repository\org\springframework\boot\spring-boot-starter-thymeleaf\1.5.7.RELEASE\spring-boot-starter-thymeleaf-1.5.7.RELEASE.jar;C:\Users\Administrator\.m2\repository\nz\net\ultraq\thymeleaf\thymeleaf-layout-dialect\2.1.1\thymeleaf-layout-dialect-2.1.1.jar;C:\Users\Administrator\.m2\repository\org\codehaus\groovy\groovy\2.4.12\groovy-2.4.12.jar;C:\Users\Administrator\.m2\repository\nz\net\ultraq\thymeleaf\thymeleaf-expression-processor\1.1.2\thymeleaf-expression-processor-1.1.2.jar;C:\Users\Administrator\.m2\repository\org\thymeleaf\thymeleaf\3.0.3.RELEASE\thymeleaf-3.0.3.RELEASE.jar;C:\Users\Administrator\.m2\repository\ognl\ognl\3.1.12\ognl-3.1.12.jar;C:\Users\Administrator\.m2\repository\org\attoparser\attoparser\2.0.2.RELEASE\attoparser-2.0.2.RELEASE.jar;C:\Users\Administrator\.m2\repository\org\unbescape\unbescape\1.1.4.RELEASE\unbescape-1.1.4.RELEASE.jar;C:\Users\Administrator\.m2\repository\org\slf4j\slf4j-api\1.7.25\slf4j-api-1.7.25.jar;C:\Users\Administrator\.m2\repository\org\thymeleaf\thymeleaf-spring4\3.0.2.RELEASE\thymeleaf-spring4-3.0.2.RELEASE.jar;C:\Users\Administrator\.m2\repository\org\springframework\boot\spring-boot-starter-web\1.5.7.RELEASE\spring-boot-starter-web-1.5.7.RELEASE.jar;C:\Users\Administrator\.m2\repository\org\springframework\boot\spring-boot-starter-tomcat\1.5.7.RELEASE\spring-boot-starter-tomcat-1.5.7.RELEASE.jar;C:\Users\Administrator\.m2\repository\org\apache\tomcat\embed\tomcat-embed-core\8.5.20\tomcat-embed-core-8.5.20.jar;C:\Users\Administrator\.m2\repository\org\apache\tomcat\embed\tomcat-embed-el\8.5.20\tomcat-embed-el-8.5.20.jar;C:\Users\Administrator\.m2\repository\org\apache\tomcat\embed\tomcat-embed-websocket\8.5.20\tomcat-embed-websocket-8.5.20.jar;C:\Users\Administrator\.m2\repository\org\hibernate\hibernate-validator\5.3.5.Final\hibernate-validator-5.3.5.Final.jar;C:\Users\Administrator\.m2\repository\javax\validation\validation-api\1.1.0.Final\validation-api-1.1.0.Final.jar;C:\Users\Administrator\.m2\repository\com\fasterxml\classmate\1.3.4\classmate-1.3.4.jar;C:\Users\Administrator\.m2\repository\org\springframework\spring-web\4.3.11.RELEASE\spring-web-4.3.11.RELEASE.jar;C:\Users\Administrator\.m2\repository\org\springframework\spring-webmvc\4.3.11.RELEASE\spring-webmvc-4.3.11.RELEASE.jar;C:\Users\Administrator\.m2\repository\org\springframework\spring-expression\4.3.11.RELEASE\spring-expression-4.3.11.RELEASE.jar;C:\Users\Administrator\.m2\repository\org\springframework\boot\spring-boot-starter-security\1.5.7.RELEASE\spring-boot-starter-security-1.5.7.RELEASE.jar;C:\Users\Administrator\.m2\repository\org\springframework\spring-aop\4.3.11.RELEASE\spring-aop-4.3.11.RELEASE.jar;C:\Users\Administrator\.m2\repository\org\springframework\security\spring-security-config\4.2.3.RELEASE\spring-security-config-4.2.3.RELEASE.jar;C:\Users\Administrator\.m2\repository\org\springframework\security\spring-security-web\4.2.3.RELEASE\spring-security-web-4.2.3.RELEASE.jar;C:\Users\Administrator\.m2\repository\org\thymeleaf\extras\thymeleaf-extras-springsecurity4\3.0.2.RELEASE\thymeleaf-extras-springsecurity4-3.0.2.RELEASE.jar;C:\Users\Administrator\.m2\repository\org\springframework\session\spring-session\1.3.1.RELEASE\spring-session-1.3.1.RELEASE.jar;C:\Users\Administrator\.m2\repository\org\springframework\boot\spring-boot-starter-data-redis\1.5.7.RELEASE\spring-boot-starter-data-redis-1.5.7.RELEASE.jar;C:\Users\Administrator\.m2\repository\org\springframework\data\spring-data-redis\1.8.7.RELEASE\spring-data-redis-1.8.7.RELEASE.jar;C:\Users\Administrator\.m2\repository\org\springframework\data\spring-data-keyvalue\1.2.7.RELEASE\spring-data-keyvalue-1.2.7.RELEASE.jar;C:\Users\Administrator\.m2\repository\org\springframework\spring-oxm\4.3.11.RELEASE\spring-oxm-4.3.11.RELEASE.jar;C:\Users\Administrator\.m2\repository\redis\clients\jedis\2.9.0\jedis-2.9.0.jar;C:\Users\Administrator\.m2\repository\org\apache\commons\commons-pool2\2.4.2\commons-pool2-2.4.2.jar;C:\Users\Administrator\.m2\repository\org\springframework\boot\spring-boot-devtools\1.5.7.RELEASE\spring-boot-devtools-1.5.7.RELEASE.jar;C:\Users\Administrator\.m2\repository\org\springframework\boot\spring-boot\1.5.7.RELEASE\spring-boot-1.5.7.RELEASE.jar;C:\Users\Administrator\.m2\repository\org\springframework\boot\spring-boot-autoconfigure\1.5.7.RELEASE\spring-boot-autoconfigure-1.5.7.RELEASE.jar;C:\Users\Administrator\.m2\repository\joda-time\joda-time\2.3\joda-time-2.3.jar;C:\Users\Administrator\.m2\repository\com\fasterxml\jackson\core\jackson-databind\2.5.0\jackson-databind-2.5.0.jar;C:\Users\Administrator\.m2\repository\com\fasterxml\jackson\core\jackson-annotations\2.8.0\jackson-annotations-2.8.0.jar;C:\Users\Administrator\.m2\repository\com\fasterxml\jackson\core\jackson-core\2.8.10\jackson-core-2.8.10.jar;C:\Users\Administrator\.m2\repository\com\qiniu\qiniu-java-sdk\7.2.9\qiniu-java-sdk-7.2.9.jar;C:\Users\Administrator\.m2\repository\com\squareup\okhttp3\okhttp\3.9.1\okhttp-3.9.1.jar;C:\Users\Administrator\.m2\repository\com\squareup\okio\okio\1.13.0\okio-1.13.0.jar;C:\Users\Administrator\.m2\repository\com\google\code\gson\gson\2.8.1\gson-2.8.1.jar;C:\Users\Administrator\.m2\repository\com\qiniu\happy-dns-java\0.1.6\happy-dns-java-0.1.6.jar;C:\Users\Administrator\.m2\repository\org\modelmapper\modelmapper\1.1.0\modelmapper-1.1.0.jar;C:\Users\Administrator\.m2\repository\com\google\guava\guava\18.0\guava-18.0.jar;C:\Users\Administrator\.m2\repository\org\elasticsearch\client\transport\5.6.1\transport-5.6.1.jar;C:\Users\Administrator\.m2\repository\org\elasticsearch\elasticsearch\5.6.1\elasticsearch-5.6.1.jar;C:\Users\Administrator\.m2\repository\org\apache\lucene\lucene-core\6.6.1\lucene-core-6.6.1.jar;C:\Users\Administrator\.m2\repository\org\apache\lucene\lucene-analyzers-common\6.6.1\lucene-analyzers-common-6.6.1.jar;C:\Users\Administrator\.m2\repository\org\apache\lucene\lucene-backward-codecs\6.6.1\lucene-backward-codecs-6.6.1.jar;C:\Users\Administrator\.m2\repository\org\apache\lucene\lucene-grouping\6.6.1\lucene-grouping-6.6.1.jar;C:\Users\Administrator\.m2\repository\org\apache\lucene\lucene-highlighter\6.6.1\lucene-highlighter-6.6.1.jar;C:\Users\Administrator\.m2\repository\org\apache\lucene\lucene-join\6.6.1\lucene-join-6.6.1.jar;C:\Users\Administrator\.m2\repository\org\apache\lucene\lucene-memory\6.6.1\lucene-memory-6.6.1.jar;C:\Users\Administrator\.m2\repository\org\apache\lucene\lucene-misc\6.6.1\lucene-misc-6.6.1.jar;C:\Users\Administrator\.m2\repository\org\apache\lucene\lucene-queries\6.6.1\lucene-queries-6.6.1.jar;C:\Users\Administrator\.m2\repository\org\apache\lucene\lucene-queryparser\6.6.1\lucene-queryparser-6.6.1.jar;C:\Users\Administrator\.m2\repository\org\apache\lucene\lucene-sandbox\6.6.1\lucene-sandbox-6.6.1.jar;C:\Users\Administrator\.m2\repository\org\apache\lucene\lucene-spatial\6.6.1\lucene-spatial-6.6.1.jar;C:\Users\Administrator\.m2\repository\org\apache\lucene\lucene-spatial-extras\6.6.1\lucene-spatial-extras-6.6.1.jar;C:\Users\Administrator\.m2\repository\org\apache\lucene\lucene-spatial3d\6.6.1\lucene-spatial3d-6.6.1.jar;C:\Users\Administrator\.m2\repository\org\apache\lucene\lucene-suggest\6.6.1\lucene-suggest-6.6.1.jar;C:\Users\Administrator\.m2\repository\org\elasticsearch\securesm\1.1\securesm-1.1.jar;C:\Users\Administrator\.m2\repository\net\sf\jopt-simple\jopt-simple\5.0.2\jopt-simple-5.0.2.jar;C:\Users\Administrator\.m2\repository\com\carrotsearch\hppc\0.7.1\hppc-0.7.1.jar;C:\Users\Administrator\.m2\repository\com\fasterxml\jackson\dataformat\jackson-dataformat-smile\2.8.10\jackson-dataformat-smile-2.8.10.jar;C:\Users\Administrator\.m2\repository\com\fasterxml\jackson\dataformat\jackson-dataformat-yaml\2.8.10\jackson-dataformat-yaml-2.8.10.jar;C:\Users\Administrator\.m2\repository\com\fasterxml\jackson\dataformat\jackson-dataformat-cbor\2.8.10\jackson-dataformat-cbor-2.8.10.jar;C:\Users\Administrator\.m2\repository\com\tdunning\t-digest\3.0\t-digest-3.0.jar;C:\Users\Administrator\.m2\repository\org\hdrhistogram\HdrHistogram\2.1.9\HdrHistogram-2.1.9.jar;C:\Users\Administrator\.m2\repository\org\elasticsearch\jna\4.4.0-1\jna-4.4.0-1.jar;C:\Users\Administrator\.m2\repository\org\elasticsearch\plugin\transport-netty3-client\5.6.1\transport-netty3-client-5.6.1.jar;C:\Users\Administrator\.m2\repository\io\netty\netty\3.10.6.Final\netty-3.10.6.Final.jar;C:\Users\Administrator\.m2\repository\org\elasticsearch\plugin\transport-netty4-client\5.6.1\transport-netty4-client-5.6.1.jar;C:\Users\Administrator\.m2\repository\io\netty\netty-buffer\4.1.13.Final\netty-buffer-4.1.13.Final.jar;C:\Users\Administrator\.m2\repository\io\netty\netty-codec\4.1.13.Final\netty-codec-4.1.13.Final.jar;C:\Users\Administrator\.m2\repository\io\netty\netty-codec-http\4.1.13.Final\netty-codec-http-4.1.13.Final.jar;C:\Users\Administrator\.m2\repository\io\netty\netty-common\4.1.13.Final\netty-common-4.1.13.Final.jar;C:\Users\Administrator\.m2\repository\io\netty\netty-handler\4.1.13.Final\netty-handler-4.1.13.Final.jar;C:\Users\Administrator\.m2\repository\io\netty\netty-resolver\4.1.13.Final\netty-resolver-4.1.13.Final.jar;C:\Users\Administrator\.m2\repository\io\netty\netty-transport\4.1.13.Final\netty-transport-4.1.13.Final.jar;C:\Users\Administrator\.m2\repository\org\elasticsearch\plugin\reindex-client\5.6.1\reindex-client-5.6.1.jar;C:\Users\Administrator\.m2\repository\org\elasticsearch\client\elasticsearch-rest-client\5.6.1\elasticsearch-rest-client-5.6.1.jar;C:\Users\Administrator\.m2\repository\org\apache\httpcomponents\httpclient\4.5.3\httpclient-4.5.3.jar;C:\Users\Administrator\.m2\repository\org\apache\httpcomponents\httpcore\4.4.6\httpcore-4.4.6.jar;C:\Users\Administrator\.m2\repository\org\apache\httpcomponents\httpasyncclient\4.1.3\httpasyncclient-4.1.3.jar;C:\Users\Administrator\.m2\repository\org\apache\httpcomponents\httpcore-nio\4.4.5\httpcore-nio-4.4.5.jar;C:\Users\Administrator\.m2\repository\commons-codec\commons-codec\1.10\commons-codec-1.10.jar;C:\Users\Administrator\.m2\repository\commons-logging\commons-logging\1.1.3\commons-logging-1.1.3.jar;C:\Users\Administrator\.m2\repository\org\elasticsearch\plugin\lang-mustache-client\5.6.1\lang-mustache-client-5.6.1.jar;C:\Users\Administrator\.m2\repository\com\github\spullara\mustache\java\compiler\0.9.3\compiler-0.9.3.jar;C:\Users\Administrator\.m2\repository\org\elasticsearch\plugin\percolator-client\5.6.1\percolator-client-5.6.1.jar;C:\Users\Administrator\.m2\repository\org\elasticsearch\plugin\parent-join-client\5.6.1\parent-join-client-5.6.1.jar;C:\Users\Administrator\.m2\repository\org\apache\logging\log4j\log4j-core\2.7\log4j-core-2.7.jar;C:\Users\Administrator\.m2\repository\org\apache\logging\log4j\log4j-api\2.7\log4j-api-2.7.jar;C:\Users\Administrator\.m2\repository\org\springframework\kafka\spring-kafka\1.1.6.RELEASE\spring-kafka-1.1.6.RELEASE.jar;C:\Users\Administrator\.m2\repository\org\springframework\spring-messaging\4.3.11.RELEASE\spring-messaging-4.3.11.RELEASE.jar;C:\Users\Administrator\.m2\repository\org\springframework\retry\spring-retry\1.2.1.RELEASE\spring-retry-1.2.1.RELEASE.jar;C:\Users\Administrator\.m2\repository\org\apache\kafka\kafka-clients\0.10.1.1\kafka-clients-0.10.1.1.jar;C:\Users\Administrator\.m2\repository\net\jpountz\lz4\lz4\1.3.0\lz4-1.3.0.jar;C:\Users\Administrator\.m2\repository\org\xerial\snappy\snappy-java\1.1.2.6\snappy-java-1.1.2.6.jar;C:\Users\Administrator\.m2\repository\org\springframework\boot\spring-boot-starter-mail\1.5.7.RELEASE\spring-boot-starter-mail-1.5.7.RELEASE.jar;C:\Users\Administrator\.m2\repository\org\springframework\spring-context\4.3.11.RELEASE\spring-context-4.3.11.RELEASE.jar;C:\Users\Administrator\.m2\repository\org\springframework\spring-context-support\4.3.11.RELEASE\spring-context-support-4.3.11.RELEASE.jar;C:\Users\Administrator\.m2\repository\com\sun\mail\javax.mail\1.5.6\javax.mail-1.5.6.jar;C:\Users\Administrator\.m2\repository\javax\activation\activation\1.1\activation-1.1.jar;C:\Users\Administrator\.m2\repository\org\springframework\boot\spring-boot-starter-test\1.5.7.RELEASE\spring-boot-starter-test-1.5.7.RELEASE.jar;C:\Users\Administrator\.m2\repository\org\springframework\boot\spring-boot-test\1.5.7.RELEASE\spring-boot-test-1.5.7.RELEASE.jar;C:\Users\Administrator\.m2\repository\org\springframework\boot\spring-boot-test-autoconfigure\1.5.7.RELEASE\spring-boot-test-autoconfigure-1.5.7.RELEASE.jar;C:\Users\Administrator\.m2\repository\com\jayway\jsonpath\json-path\2.2.0\json-path-2.2.0.jar;C:\Users\Administrator\.m2\repository\net\minidev\json-smart\2.2.1\json-smart-2.2.1.jar;C:\Users\Administrator\.m2\repository\net\minidev\accessors-smart\1.1\accessors-smart-1.1.jar;C:\Users\Administrator\.m2\repository\org\ow2\asm\asm\5.0.3\asm-5.0.3.jar;C:\Users\Administrator\.m2\repository\junit\junit\4.12\junit-4.12.jar;C:\Users\Administrator\.m2\repository\org\assertj\assertj-core\2.6.0\assertj-core-2.6.0.jar;C:\Users\Administrator\.m2\repository\org\mockito\mockito-core\1.10.19\mockito-core-1.10.19.jar;C:\Users\Administrator\.m2\repository\org\objenesis\objenesis\2.1\objenesis-2.1.jar;C:\Users\Administrator\.m2\repository\org\hamcrest\hamcrest-core\1.3\hamcrest-core-1.3.jar;C:\Users\Administrator\.m2\repository\org\hamcrest\hamcrest-library\1.3\hamcrest-library-1.3.jar;C:\Users\Administrator\.m2\repository\org\skyscreamer\jsonassert\1.4.0\jsonassert-1.4.0.jar;C:\Users\Administrator\.m2\repository\com\vaadin\external\google\android-json\0.0.20131108.vaadin1\android-json-0.0.20131108.vaadin1.jar;C:\Users\Administrator\.m2\repository\org\springframework\spring-core\4.3.11.RELEASE\spring-core-4.3.11.RELEASE.jar;C:\Users\Administrator\.m2\repository\org\springframework\spring-test\4.3.11.RELEASE\spring-test-4.3.11.RELEASE.jar;C:\Users\Administrator\.m2\repository\org\springframework\security\spring-security-test\4.2.3.RELEASE\spring-security-test-4.2.3.RELEASE.jar;C:\Users\Administrator\.m2\repository\org\springframework\security\spring-security-core\4.2.3.RELEASE\spring-security-core-4.2.3.RELEASE.jar;C:\Users\Administrator\.m2\repository\aopalliance\aopalliance\1.0\aopalliance-1.0.jar;C:\Users\Administrator\.m2\repository\com\aliyun\aliyun-java-sdk-core\3.2.3\aliyun-java-sdk-core-3.2.3.jar;C:\Users\Administrator\.m2\repository\com\aliyun\aliyun-java-sdk-dysmsapi\1.0.0\aliyun-java-sdk-dysmsapi-1.0.0.jar;C:\Users\Administrator\.m2\repository\org\springframework\boot\spring-boot-starter-aop\1.5.7.RELEASE\spring-boot-starter-aop-1.5.7.RELEASE.jar;C:\Users\Administrator\.m2\repository\org\aspectj\aspectjweaver\1.8.10\aspectjweaver-1.8.10.jar;, user.name=Administrator, java.vm.specification.version=1.8, sun.java.command=C:\Users\Administrator\Desktop\learn\m2cn7s\target\surefire\surefirebooter1103369608163825697.jar C:\Users\Administrator\Desktop\learn\m2cn7s\target\surefire\surefire6215325077581212918tmp C:\Users\Administrator\Desktop\learn\m2cn7s\target\surefire\surefire_08578416206993343501tmp, java.home=C:\Program Files\Java\jdk1.8.0_31\jre, sun.arch.data.model=64, user.language=zh, java.specification.vendor=Oracle Corporation, awt.toolkit=sun.awt.windows.WToolkit, java.vm.info=mixed mode, java.version=1.8.0_31, java.ext.dirs=C:\Program Files\Java\jdk1.8.0_31\jre\lib\ext;C:\windows\Sun\Java\lib\ext, sun.boot.class.path=C:\Program Files\Java\jdk1.8.0_31\jre\lib\resources.jar;C:\Program Files\Java\jdk1.8.0_31\jre\lib\rt.jar;C:\Program Files\Java\jdk1.8.0_31\jre\lib\sunrsasign.jar;C:\Program Files\Java\jdk1.8.0_31\jre\lib\jsse.jar;C:\Program Files\Java\jdk1.8.0_31\jre\lib\jce.jar;C:\Program Files\Java\jdk1.8.0_31\jre\lib\charsets.jar;C:\Program Files\Java\jdk1.8.0_31\jre\lib\jfr.jar;C:\Program Files\Java\jdk1.8.0_31\jre\classes, java.vendor=Oracle Corporation, localRepository=C:\Users\Administrator\.m2\repository, file.separator=\, java.vendor.url.bug=http://bugreport.sun.com/bugreport/, sun.io.unicode.encoding=UnicodeLittle, sun.cpu.endian=little, sun.desktop=windows, sun.cpu.isalist=amd64}}, SystemEnvironmentPropertySource@630642676 {name='systemEnvironment', properties={PATH=C:/Program Files/Java/jre1.8.0_31/bin/server;C:/Program Files/Java/jre1.8.0_31/bin;C:/Program Files/Java/jre1.8.0_31/lib/amd64;E:\Oracle\product\11.2.0\dbhome_1\bin;C:\ProgramData\Oracle\Java\javapath;G:\android\sdk\platform-tools;G:\android\sdk\tools;C:\Program Files\Java\jdk1.8.0_31\bin;C:\Program Files\Java\jre1.8.0_31\bin;C:\Program Files\Java\jdk1.8.0_31\jre\bin;C:\Program Files (x86)\GtkSharp\2.12\bin;C:\windows\system32;C:\windows;C:\windows\System32\Wbem;G:\android\sdk\platform-tools;G:\android\sdk\tools;C:\Program Files\Java\jdk1.8.0_31\bin;C:\Program Files\Java\jre1.8.0_31\bin;C:\Program Files\Java\jdk1.8.0_31\jre\bin;D:\apache-maven-3.3.9\bin;C:\Program Files\MySQL\MySQL Utilities 1.6\;C:\gradle-4.1\BIN;E:\Program Files\erl8.1\bin;C:\Program Files (x86)\scala\bin;C:\Program Files (x86)\scala\bin;C:\Program Files (x86)\scala\jre\bin;C:\Program Files\nodejs\;D:\Python27;D:\Python27\Scripts;C:\Users\Administrator\AppData\Local\Programs\Fiddler;C:\Program Files (x86)\SSH Communications Security\SSH Secure Shell;C:\Users\Administrator\AppData\Roaming\npm;E:\Program Files\Microsoft VS Code\bin;G:\eclipse-win64;, USERDOMAIN_ROAMINGPROFILE=SC-201703091028, PROCESSOR_LEVEL=6, SYSTEMDRIVE=C:, SESSIONNAME=Console, ALLUSERSPROFILE=C:\ProgramData, PROCESSOR_ARCHITECTURE=AMD64, JRE_HOME=C:\Program Files\Java\jre1.8.0_31, MAVEN_HOME=D:\apache-maven-3.3.9, PROGRAMFILES=C:\Program Files, JAVA_JRE_HOME=C:\Program Files\Java\jdk1.8.0_31\jre, PSMODULEPATH=C:\windows\system32\WindowsPowerShell\v1.0\Modules\, PROGRAMDATA=C:\ProgramData, USERNAME=Administrator, PATHEXT=.COM;.EXE;.BAT;.CMD;.VBS;.VBE;.JS;.JSE;.WSF;.WSH;.MSC, DEVMGR_SHOW_DETAILS=1, WINDIR=C:\windows, HOMEPATH=\Users\Administrator, PROCESSOR_IDENTIFIER=Intel64 Family 6 Model 60 Stepping 3, GenuineIntel, PUBLIC=C:\Users\Public, =::=::\, LOCALAPPDATA=C:\Users\Administrator\AppData\Local, COMMONPROGRAMFILES(X86)=C:\Program Files (x86)\Common Files, USERDOMAIN=SC-201703091028, LOGONSERVER=\\SC-201703091028, JAVA_HOME=C:\Program Files\Java\jdk1.8.0_31, PROMPT=$P$G, PROGRAMFILES(X86)=C:\Program Files (x86), VS120COMNTOOLS=C:\Program Files (x86)\Microsoft Visual Studio 12.0\Common7\Tools\, GRADLE_HOME=C:\gradle-4.1, =C:=C:\Users\Administrator\Desktop\learn\m2cn7s, APPDATA=C:\Users\Administrator\AppData\Roaming, PROGRAMW6432=C:\Program Files, GTK_BASEPATH=C:\Program Files (x86)\GtkSharp\2.12\, SYSTEMROOT=C:\windows, SCALA_HOME=C:\Program Files (x86)\scala, ANDROID_SDK_HOME=G:\android\sdk, OS=Windows_NT, COMMONPROGRAMW6432=C:\Program Files\Common Files, COMPUTERNAME=SC-201703091028, COMMONPROGRAMFILES=C:\Program Files\Common Files, COMSPEC=C:\windows\system32\cmd.exe, PROCESSOR_REVISION=3c03, CLASSPATH=.;C:\Program Files\Java\jdk1.8.0_31\lib;C:\Program Files\Java\jdk1.8.0_31\lib\tools.jar;C:\Program Files\Java\jdk1.8.0_31\lib\dt.jar;C:\Program Files\Java\jre1.8.0_31\lib;C:\Program Files\Java\jre1.8.0_31\lib\rt.jar;C:\Program Files\Java\jdk1.8.0_31\jre\lib;C:\Program Files\Java\jdk1.8.0_31\jre\lib\rt.jar, TEMP=C:\Users\ADMINI~1\AppData\Local\Temp, HOMEDRIVE=C:, USERPROFILE=C:\Users\Administrator, TMP=C:\Users\ADMINI~1\AppData\Local\Temp, VS110COMNTOOLS=C:\Program Files (x86)\Microsoft Visual Studio 11.0\Common7\Tools\, MYSQLCONNECTOR_ASSEMBLIESPATH=C:\Program Files (x86)\MySQL\Connector.NET 6.9\Assemblies\v4.5, NUMBER_OF_PROCESSORS=8}}]
21:11:20.285 [main] DEBUG org.springframework.core.io.support.PathMatchingResourcePatternResolver - Resolved classpath location [com/imooc/service/address/] to resources [URL [file:/C:/Users/Administrator/Desktop/learn/m2cn7s/target/test-classes/com/imooc/service/address/]]
21:11:20.285 [main] DEBUG org.springframework.core.io.support.PathMatchingResourcePatternResolver - Looking for matching resources in directory tree [C:\Users\Administrator\Desktop\learn\m2cn7s\target\test-classes\com\imooc\service\address]
21:11:20.285 [main] DEBUG org.springframework.core.io.support.PathMatchingResourcePatternResolver - Searching directory [C:\Users\Administrator\Desktop\learn\m2cn7s\target\test-classes\com\imooc\service\address] for files matching pattern [C:/Users/Administrator/Desktop/learn/m2cn7s/target/test-classes/com/imooc/service/address/*.class]
21:11:20.286 [main] DEBUG org.springframework.core.io.support.PathMatchingResourcePatternResolver - Resolved location pattern [classpath*:com/imooc/service/address/*.class] to resources [file [C:\Users\Administrator\Desktop\learn\m2cn7s\target\test-classes\com\imooc\service\address\AddressServiceTests.class]]
21:11:20.287 [main] DEBUG org.springframework.core.io.support.PathMatchingResourcePatternResolver - Resolved classpath location [com/imooc/service/] to resources [URL [file:/C:/Users/Administrator/Desktop/learn/m2cn7s/target/test-classes/com/imooc/service/], URL [file:/C:/Users/Administrator/Desktop/learn/m2cn7s/target/classes/com/imooc/service/]]
21:11:20.288 [main] DEBUG org.springframework.core.io.support.PathMatchingResourcePatternResolver - Looking for matching resources in directory tree [C:\Users\Administrator\Desktop\learn\m2cn7s\target\test-classes\com\imooc\service]
21:11:20.288 [main] DEBUG org.springframework.core.io.support.PathMatchingResourcePatternResolver - Searching directory [C:\Users\Administrator\Desktop\learn\m2cn7s\target\test-classes\com\imooc\service] for files matching pattern [C:/Users/Administrator/Desktop/learn/m2cn7s/target/test-classes/com/imooc/service/*.class]
21:11:20.289 [main] DEBUG org.springframework.core.io.support.PathMatchingResourcePatternResolver - Looking for matching resources in directory tree [C:\Users\Administrator\Desktop\learn\m2cn7s\target\classes\com\imooc\service]
21:11:20.289 [main] DEBUG org.springframework.core.io.support.PathMatchingResourcePatternResolver - Searching directory [C:\Users\Administrator\Desktop\learn\m2cn7s\target\classes\com\imooc\service] for files matching pattern [C:/Users/Administrator/Desktop/learn/m2cn7s/target/classes/com/imooc/service/*.class]
21:11:20.290 [main] DEBUG org.springframework.core.io.support.PathMatchingResourcePatternResolver - Resolved location pattern [classpath*:com/imooc/service/*.class] to resources [file [C:\Users\Administrator\Desktop\learn\m2cn7s\target\classes\com\imooc\service\ISmsService.class], file [C:\Users\Administrator\Desktop\learn\m2cn7s\target\classes\com\imooc\service\IUserService.class], file [C:\Users\Administrator\Desktop\learn\m2cn7s\target\classes\com\imooc\service\ServiceMultiResult.class], file [C:\Users\Administrator\Desktop\learn\m2cn7s\target\classes\com\imooc\service\ServiceResult$Message.class], file [C:\Users\Administrator\Desktop\learn\m2cn7s\target\classes\com\imooc\service\ServiceResult.class], file [C:\Users\Administrator\Desktop\learn\m2cn7s\target\classes\com\imooc\service\SmsServiceImpl.class]]
21:11:20.296 [main] DEBUG org.springframework.core.io.support.PathMatchingResourcePatternResolver - Resolved classpath location [com/imooc/] to resources [URL [file:/C:/Users/Administrator/Desktop/learn/m2cn7s/target/test-classes/com/imooc/], URL [file:/C:/Users/Administrator/Desktop/learn/m2cn7s/target/classes/com/imooc/]]
21:11:20.296 [main] DEBUG org.springframework.core.io.support.PathMatchingResourcePatternResolver - Looking for matching resources in directory tree [C:\Users\Administrator\Desktop\learn\m2cn7s\target\test-classes\com\imooc]
21:11:20.296 [main] DEBUG org.springframework.core.io.support.PathMatchingResourcePatternResolver - Searching directory [C:\Users\Administrator\Desktop\learn\m2cn7s\target\test-classes\com\imooc] for files matching pattern [C:/Users/Administrator/Desktop/learn/m2cn7s/target/test-classes/com/imooc/*.class]
21:11:20.297 [main] DEBUG org.springframework.core.io.support.PathMatchingResourcePatternResolver - Looking for matching resources in directory tree [C:\Users\Administrator\Desktop\learn\m2cn7s\target\classes\com\imooc]
21:11:20.297 [main] DEBUG org.springframework.core.io.support.PathMatchingResourcePatternResolver - Searching directory [C:\Users\Administrator\Desktop\learn\m2cn7s\target\classes\com\imooc] for files matching pattern [C:/Users/Administrator/Desktop/learn/m2cn7s/target/classes/com/imooc/*.class]
21:11:20.298 [main] DEBUG org.springframework.core.io.support.PathMatchingResourcePatternResolver - Resolved location pattern [classpath*:com/imooc/*.class] to resources [file [C:\Users\Administrator\Desktop\learn\m2cn7s\target\test-classes\com\imooc\ApplicationTests.class], file [C:\Users\Administrator\Desktop\learn\m2cn7s\target\classes\com\imooc\Application.class]]
21:11:20.302 [main] DEBUG org.springframework.context.annotation.ClassPathScanningCandidateComponentProvider - Identified candidate component class: file [C:\Users\Administrator\Desktop\learn\m2cn7s\target\classes\com\imooc\Application.class]
21:11:20.302 [main] INFO org.springframework.boot.test.context.SpringBootTestContextBootstrapper - Found @SpringBootConfiguration com.imooc.Application for test class com.imooc.service.address.AddressServiceTests
21:11:20.303 [main] DEBUG org.springframework.boot.test.context.SpringBootTestContextBootstrapper - @TestExecutionListeners is not present for class [com.imooc.service.address.AddressServiceTests]: using defaults.
21:11:20.310 [main] INFO org.springframework.boot.test.context.SpringBootTestContextBootstrapper - Loaded default TestExecutionListener class names from location [META-INF/spring.factories]: [org.springframework.boot.test.mock.mockito.MockitoTestExecutionListener, org.springframework.boot.test.mock.mockito.ResetMocksTestExecutionListener, org.springframework.boot.test.autoconfigure.restdocs.RestDocsTestExecutionListener, org.springframework.boot.test.autoconfigure.web.client.MockRestServiceServerResetTestExecutionListener, org.springframework.boot.test.autoconfigure.web.servlet.MockMvcPrintOnlyOnFailureTestExecutionListener, org.springframework.boot.test.autoconfigure.web.servlet.WebDriverTestExecutionListener, org.springframework.test.context.web.ServletTestExecutionListener, org.springframework.test.context.support.DirtiesContextBeforeModesTestExecutionListener, org.springframework.test.context.support.DependencyInjectionTestExecutionListener, org.springframework.test.context.support.DirtiesContextTestExecutionListener, org.springframework.test.context.transaction.TransactionalTestExecutionListener, org.springframework.test.context.jdbc.SqlScriptsTestExecutionListener, org.springframework.security.test.context.support.WithSecurityContextTestExecutionListener]
21:11:20.314 [main] INFO org.springframework.boot.test.context.SpringBootTestContextBootstrapper - Using TestExecutionListeners: [org.springframework.test.context.web.ServletTestExecutionListener@2d55e826, org.springframework.test.context.support.DirtiesContextBeforeModesTestExecutionListener@4d1ff6b1, org.springframework.boot.test.autoconfigure.SpringBootDependencyInjectionTestExecutionListener@45f756e6, org.springframework.test.context.support.DirtiesContextTestExecutionListener@329548d0, org.springframework.test.context.transaction.TransactionalTestExecutionListener@3003827c, org.springframework.test.context.jdbc.SqlScriptsTestExecutionListener@29b40b3, org.springframework.security.test.context.support.WithSecurityContextTestExecutionListener@7d247660, org.springframework.boot.test.autoconfigure.web.servlet.WebDriverTestExecutionListener@656f62dc, org.springframework.boot.test.mock.mockito.MockitoTestExecutionListener@49d30c6f, org.springframework.boot.test.autoconfigure.restdocs.RestDocsTestExecutionListener@1115433e, org.springframework.boot.test.mock.mockito.ResetMocksTestExecutionListener@4fdca00a, org.springframework.boot.test.autoconfigure.web.servlet.MockMvcPrintOnlyOnFailureTestExecutionListener@513b52af, org.springframework.boot.test.autoconfigure.web.client.MockRestServiceServerResetTestExecutionListener@5a8c93]
21:11:20.315 [main] DEBUG org.springframework.test.context.junit4.SpringJUnit4ClassRunner - SpringJUnit4ClassRunner constructor called with [class com.imooc.service.house.QiNiuServiceTests]
21:11:20.316 [main] DEBUG org.springframework.test.context.BootstrapUtils - Instantiating CacheAwareContextLoaderDelegate from class [org.springframework.test.context.cache.DefaultCacheAwareContextLoaderDelegate]
21:11:20.316 [main] DEBUG org.springframework.test.context.BootstrapUtils - Instantiating BootstrapContext using constructor [public org.springframework.test.context.support.DefaultBootstrapContext(java.lang.Class,org.springframework.test.context.CacheAwareContextLoaderDelegate)]
21:11:20.317 [main] DEBUG org.springframework.test.context.BootstrapUtils - Instantiating TestContextBootstrapper for test class [com.imooc.service.house.QiNiuServiceTests] from class [org.springframework.boot.test.context.SpringBootTestContextBootstrapper]
21:11:20.317 [main] INFO org.springframework.boot.test.context.SpringBootTestContextBootstrapper - Neither @ContextConfiguration nor @ContextHierarchy found for test class [com.imooc.service.house.QiNiuServiceTests], using SpringBootContextLoader
21:11:20.318 [main] DEBUG org.springframework.test.context.support.AbstractContextLoader - Did not detect default resource location for test class [com.imooc.service.house.QiNiuServiceTests]: class path resource [com/imooc/service/house/QiNiuServiceTests-context.xml] does not exist
21:11:20.319 [main] DEBUG org.springframework.test.context.support.AbstractContextLoader - Did not detect default resource location for test class [com.imooc.service.house.QiNiuServiceTests]: class path resource [com/imooc/service/house/QiNiuServiceTestsContext.groovy] does not exist
21:11:20.320 [main] INFO org.springframework.test.context.support.AbstractContextLoader - Could not detect default resource locations for test class [com.imooc.service.house.QiNiuServiceTests]: no resource found for suffixes {-context.xml, Context.groovy}.
21:11:20.320 [main] INFO org.springframework.test.context.support.AnnotationConfigContextLoaderUtils - Could not detect default configuration classes for test class [com.imooc.service.house.QiNiuServiceTests]: QiNiuServiceTests does not declare any static, non-private, non-final, nested classes annotated with @Configuration.
21:11:20.331 [main] DEBUG org.springframework.core.env.StandardEnvironment - Adding PropertySource 'systemProperties' with lowest search precedence
21:11:20.331 [main] DEBUG org.springframework.core.env.StandardEnvironment - Adding PropertySource 'systemEnvironment' with lowest search precedence
21:11:20.331 [main] DEBUG org.springframework.core.env.StandardEnvironment - Initialized StandardEnvironment with PropertySources [MapPropertySource@360628795 {name='systemProperties', properties={java.runtime.name=Java(TM) SE Runtime Environment, sun.boot.library.path=C:\Program Files\Java\jdk1.8.0_31\jre\bin, java.vm.version=25.31-b07, java.vm.vendor=Oracle Corporation, java.vendor.url=http://java.oracle.com/, path.separator=;, java.vm.name=Java HotSpot(TM) 64-Bit Server VM, file.encoding.pkg=sun.io, user.country=CN, user.script=, sun.java.launcher=SUN_STANDARD, sun.os.patch.level=, java.vm.specification.name=Java Virtual Machine Specification, user.dir=C:\Users\Administrator\Desktop\learn\m2cn7s, java.runtime.version=1.8.0_31-b13, basedir=C:\Users\Administrator\Desktop\learn\m2cn7s, java.awt.graphicsenv=sun.awt.Win32GraphicsEnvironment, java.endorsed.dirs=C:\Program Files\Java\jdk1.8.0_31\jre\lib\endorsed, os.arch=amd64, surefire.real.class.path=C:\Users\Administrator\Desktop\learn\m2cn7s\target\surefire\surefirebooter1103369608163825697.jar;C:\\Users\\Administrator\\.m2\\repository\\org\\jacoco\\org.jacoco.agent\\0.7.5.201505241946\\org.jacoco.agent-0.7.5.201505241946-runtime.jar, java.io.tmpdir=C:\Users\ADMINI~1\AppData\Local\Temp\, line.separator=
, java.vm.specification.vendor=Oracle Corporation, user.variant=, os.name=Windows 8.1, sun.jnu.encoding=GBK, java.library.path=C:\Program Files\Java\jdk1.8.0_31\jre\bin;C:\windows\Sun\Java\bin;C:\windows\system32;C:\windows;C:/Program Files/Java/jre1.8.0_31/bin/server;C:/Program Files/Java/jre1.8.0_31/bin;C:/Program Files/Java/jre1.8.0_31/lib/amd64;E:\Oracle\product\11.2.0\dbhome_1\bin;C:\ProgramData\Oracle\Java\javapath;G:\android\sdk\platform-tools;G:\android\sdk\tools;C:\Program Files\Java\jdk1.8.0_31\bin;C:\Program Files\Java\jre1.8.0_31\bin;C:\Program Files\Java\jdk1.8.0_31\jre\bin;C:\Program Files (x86)\GtkSharp\2.12\bin;C:\windows\system32;C:\windows;C:\windows\System32\Wbem;G:\android\sdk\platform-tools;G:\android\sdk\tools;C:\Program Files\Java\jdk1.8.0_31\bin;C:\Program Files\Java\jre1.8.0_31\bin;C:\Program Files\Java\jdk1.8.0_31\jre\bin;D:\apache-maven-3.3.9\bin;C:\Program Files\MySQL\MySQL Utilities 1.6\;C:\gradle-4.1\BIN;E:\Program Files\erl8.1\bin;C:\Program Files (x86)\scala\bin;C:\Program Files (x86)\scala\bin;C:\Program Files (x86)\scala\jre\bin;C:\Program Files\nodejs\;D:\Python27;D:\Python27\Scripts;C:\Users\Administrator\AppData\Local\Programs\Fiddler;C:\Program Files (x86)\SSH Communications Security\SSH Secure Shell;C:\Users\Administrator\AppData\Roaming\npm;E:\Program Files\Microsoft VS Code\bin;G:\eclipse-win64;;., surefire.test.class.path=C:\Users\Administrator\Desktop\learn\m2cn7s\target\test-classes;C:\Users\Administrator\Desktop\learn\m2cn7s\target\classes;C:\Users\Administrator\.m2\repository\org\springframework\boot\spring-boot-starter-data-jpa\1.5.7.RELEASE\spring-boot-starter-data-jpa-1.5.7.RELEASE.jar;C:\Users\Administrator\.m2\repository\org\springframework\boot\spring-boot-starter\1.5.7.RELEASE\spring-boot-starter-1.5.7.RELEASE.jar;C:\Users\Administrator\.m2\repository\org\springframework\boot\spring-boot-starter-logging\1.5.7.RELEASE\spring-boot-starter-logging-1.5.7.RELEASE.jar;C:\Users\Administrator\.m2\repository\ch\qos\logback\logback-classic\1.1.11\logback-classic-1.1.11.jar;C:\Users\Administrator\.m2\repository\ch\qos\logback\logback-core\1.1.11\logback-core-1.1.11.jar;C:\Users\Administrator\.m2\repository\org\slf4j\jul-to-slf4j\1.7.25\jul-to-slf4j-1.7.25.jar;C:\Users\Administrator\.m2\repository\org\slf4j\log4j-over-slf4j\1.7.25\log4j-over-slf4j-1.7.25.jar;C:\Users\Administrator\.m2\repository\org\yaml\snakeyaml\1.17\snakeyaml-1.17.jar;C:\Users\Administrator\.m2\repository\org\springframework\boot\spring-boot-starter-jdbc\1.5.7.RELEASE\spring-boot-starter-jdbc-1.5.7.RELEASE.jar;C:\Users\Administrator\.m2\repository\org\apache\tomcat\tomcat-jdbc\8.5.20\tomcat-jdbc-8.5.20.jar;C:\Users\Administrator\.m2\repository\org\apache\tomcat\tomcat-juli\8.5.20\tomcat-juli-8.5.20.jar;C:\Users\Administrator\.m2\repository\org\springframework\spring-jdbc\4.3.11.RELEASE\spring-jdbc-4.3.11.RELEASE.jar;C:\Users\Administrator\.m2\repository\org\hibernate\hibernate-core\5.0.12.Final\hibernate-core-5.0.12.Final.jar;C:\Users\Administrator\.m2\repository\org\jboss\logging\jboss-logging\3.3.1.Final\jboss-logging-3.3.1.Final.jar;C:\Users\Administrator\.m2\repository\org\hibernate\javax\persistence\hibernate-jpa-2.1-api\1.0.0.Final\hibernate-jpa-2.1-api-1.0.0.Final.jar;C:\Users\Administrator\.m2\repository\org\javassist\javassist\3.21.0-GA\javassist-3.21.0-GA.jar;C:\Users\Administrator\.m2\repository\antlr\antlr\2.7.7\antlr-2.7.7.jar;C:\Users\Administrator\.m2\repository\org\jboss\jandex\2.0.0.Final\jandex-2.0.0.Final.jar;C:\Users\Administrator\.m2\repository\dom4j\dom4j\1.6.1\dom4j-1.6.1.jar;C:\Users\Administrator\.m2\repository\org\hibernate\common\hibernate-commons-annotations\5.0.1.Final\hibernate-commons-annotations-5.0.1.Final.jar;C:\Users\Administrator\.m2\repository\org\hibernate\hibernate-entitymanager\5.0.12.Final\hibernate-entitymanager-5.0.12.Final.jar;C:\Users\Administrator\.m2\repository\javax\transaction\javax.transaction-api\1.2\javax.transaction-api-1.2.jar;C:\Users\Administrator\.m2\repository\org\springframework\data\spring-data-jpa\1.11.7.RELEASE\spring-data-jpa-1.11.7.RELEASE.jar;C:\Users\Administrator\.m2\repository\org\springframework\data\spring-data-commons\1.13.7.RELEASE\spring-data-commons-1.13.7.RELEASE.jar;C:\Users\Administrator\.m2\repository\org\springframework\spring-orm\4.3.11.RELEASE\spring-orm-4.3.11.RELEASE.jar;C:\Users\Administrator\.m2\repository\org\springframework\spring-tx\4.3.11.RELEASE\spring-tx-4.3.11.RELEASE.jar;C:\Users\Administrator\.m2\repository\org\springframework\spring-beans\4.3.11.RELEASE\spring-beans-4.3.11.RELEASE.jar;C:\Users\Administrator\.m2\repository\org\slf4j\jcl-over-slf4j\1.7.25\jcl-over-slf4j-1.7.25.jar;C:\Users\Administrator\.m2\repository\org\springframework\spring-aspects\4.3.11.RELEASE\spring-aspects-4.3.11.RELEASE.jar;C:\Users\Administrator\.m2\repository\com\h2database\h2\1.4.196\h2-1.4.196.jar;C:\Users\Administrator\.m2\repository\mysql\mysql-connector-java\5.1.44\mysql-connector-java-5.1.44.jar;C:\Users\Administrator\.m2\repository\org\springframework\boot\spring-boot-starter-thymeleaf\1.5.7.RELEASE\spring-boot-starter-thymeleaf-1.5.7.RELEASE.jar;C:\Users\Administrator\.m2\repository\nz\net\ultraq\thymeleaf\thymeleaf-layout-dialect\2.1.1\thymeleaf-layout-dialect-2.1.1.jar;C:\Users\Administrator\.m2\repository\org\codehaus\groovy\groovy\2.4.12\groovy-2.4.12.jar;C:\Users\Administrator\.m2\repository\nz\net\ultraq\thymeleaf\thymeleaf-expression-processor\1.1.2\thymeleaf-expression-processor-1.1.2.jar;C:\Users\Administrator\.m2\repository\org\thymeleaf\thymeleaf\3.0.3.RELEASE\thymeleaf-3.0.3.RELEASE.jar;C:\Users\Administrator\.m2\repository\ognl\ognl\3.1.12\ognl-3.1.12.jar;C:\Users\Administrator\.m2\repository\org\attoparser\attoparser\2.0.2.RELEASE\attoparser-2.0.2.RELEASE.jar;C:\Users\Administrator\.m2\repository\org\unbescape\unbescape\1.1.4.RELEASE\unbescape-1.1.4.RELEASE.jar;C:\Users\Administrator\.m2\repository\org\slf4j\slf4j-api\1.7.25\slf4j-api-1.7.25.jar;C:\Users\Administrator\.m2\repository\org\thymeleaf\thymeleaf-spring4\3.0.2.RELEASE\thymeleaf-spring4-3.0.2.RELEASE.jar;C:\Users\Administrator\.m2\repository\org\springframework\boot\spring-boot-starter-web\1.5.7.RELEASE\spring-boot-starter-web-1.5.7.RELEASE.jar;C:\Users\Administrator\.m2\repository\org\springframework\boot\spring-boot-starter-tomcat\1.5.7.RELEASE\spring-boot-starter-tomcat-1.5.7.RELEASE.jar;C:\Users\Administrator\.m2\repository\org\apache\tomcat\embed\tomcat-embed-core\8.5.20\tomcat-embed-core-8.5.20.jar;C:\Users\Administrator\.m2\repository\org\apache\tomcat\embed\tomcat-embed-el\8.5.20\tomcat-embed-el-8.5.20.jar;C:\Users\Administrator\.m2\repository\org\apache\tomcat\embed\tomcat-embed-websocket\8.5.20\tomcat-embed-websocket-8.5.20.jar;C:\Users\Administrator\.m2\repository\org\hibernate\hibernate-validator\5.3.5.Final\hibernate-validator-5.3.5.Final.jar;C:\Users\Administrator\.m2\repository\javax\validation\validation-api\1.1.0.Final\validation-api-1.1.0.Final.jar;C:\Users\Administrator\.m2\repository\com\fasterxml\classmate\1.3.4\classmate-1.3.4.jar;C:\Users\Administrator\.m2\repository\org\springframework\spring-web\4.3.11.RELEASE\spring-web-4.3.11.RELEASE.jar;C:\Users\Administrator\.m2\repository\org\springframework\spring-webmvc\4.3.11.RELEASE\spring-webmvc-4.3.11.RELEASE.jar;C:\Users\Administrator\.m2\repository\org\springframework\spring-expression\4.3.11.RELEASE\spring-expression-4.3.11.RELEASE.jar;C:\Users\Administrator\.m2\repository\org\springframework\boot\spring-boot-starter-security\1.5.7.RELEASE\spring-boot-starter-security-1.5.7.RELEASE.jar;C:\Users\Administrator\.m2\repository\org\springframework\spring-aop\4.3.11.RELEASE\spring-aop-4.3.11.RELEASE.jar;C:\Users\Administrator\.m2\repository\org\springframework\security\spring-security-config\4.2.3.RELEASE\spring-security-config-4.2.3.RELEASE.jar;C:\Users\Administrator\.m2\repository\org\springframework\security\spring-security-web\4.2.3.RELEASE\spring-security-web-4.2.3.RELEASE.jar;C:\Users\Administrator\.m2\repository\org\thymeleaf\extras\thymeleaf-extras-springsecurity4\3.0.2.RELEASE\thymeleaf-extras-springsecurity4-3.0.2.RELEASE.jar;C:\Users\Administrator\.m2\repository\org\springframework\session\spring-session\1.3.1.RELEASE\spring-session-1.3.1.RELEASE.jar;C:\Users\Administrator\.m2\repository\org\springframework\boot\spring-boot-starter-data-redis\1.5.7.RELEASE\spring-boot-starter-data-redis-1.5.7.RELEASE.jar;C:\Users\Administrator\.m2\repository\org\springframework\data\spring-data-redis\1.8.7.RELEASE\spring-data-redis-1.8.7.RELEASE.jar;C:\Users\Administrator\.m2\repository\org\springframework\data\spring-data-keyvalue\1.2.7.RELEASE\spring-data-keyvalue-1.2.7.RELEASE.jar;C:\Users\Administrator\.m2\repository\org\springframework\spring-oxm\4.3.11.RELEASE\spring-oxm-4.3.11.RELEASE.jar;C:\Users\Administrator\.m2\repository\redis\clients\jedis\2.9.0\jedis-2.9.0.jar;C:\Users\Administrator\.m2\repository\org\apache\commons\commons-pool2\2.4.2\commons-pool2-2.4.2.jar;C:\Users\Administrator\.m2\repository\org\springframework\boot\spring-boot-devtools\1.5.7.RELEASE\spring-boot-devtools-1.5.7.RELEASE.jar;C:\Users\Administrator\.m2\repository\org\springframework\boot\spring-boot\1.5.7.RELEASE\spring-boot-1.5.7.RELEASE.jar;C:\Users\Administrator\.m2\repository\org\springframework\boot\spring-boot-autoconfigure\1.5.7.RELEASE\spring-boot-autoconfigure-1.5.7.RELEASE.jar;C:\Users\Administrator\.m2\repository\joda-time\joda-time\2.3\joda-time-2.3.jar;C:\Users\Administrator\.m2\repository\com\fasterxml\jackson\core\jackson-databind\2.5.0\jackson-databind-2.5.0.jar;C:\Users\Administrator\.m2\repository\com\fasterxml\jackson\core\jackson-annotations\2.8.0\jackson-annotations-2.8.0.jar;C:\Users\Administrator\.m2\repository\com\fasterxml\jackson\core\jackson-core\2.8.10\jackson-core-2.8.10.jar;C:\Users\Administrator\.m2\repository\com\qiniu\qiniu-java-sdk\7.2.9\qiniu-java-sdk-7.2.9.jar;C:\Users\Administrator\.m2\repository\com\squareup\okhttp3\okhttp\3.9.1\okhttp-3.9.1.jar;C:\Users\Administrator\.m2\repository\com\squareup\okio\okio\1.13.0\okio-1.13.0.jar;C:\Users\Administrator\.m2\repository\com\google\code\gson\gson\2.8.1\gson-2.8.1.jar;C:\Users\Administrator\.m2\repository\com\qiniu\happy-dns-java\0.1.6\happy-dns-java-0.1.6.jar;C:\Users\Administrator\.m2\repository\org\modelmapper\modelmapper\1.1.0\modelmapper-1.1.0.jar;C:\Users\Administrator\.m2\repository\com\google\guava\guava\18.0\guava-18.0.jar;C:\Users\Administrator\.m2\repository\org\elasticsearch\client\transport\5.6.1\transport-5.6.1.jar;C:\Users\Administrator\.m2\repository\org\elasticsearch\elasticsearch\5.6.1\elasticsearch-5.6.1.jar;C:\Users\Administrator\.m2\repository\org\apache\lucene\lucene-core\6.6.1\lucene-core-6.6.1.jar;C:\Users\Administrator\.m2\repository\org\apache\lucene\lucene-analyzers-common\6.6.1\lucene-analyzers-common-6.6.1.jar;C:\Users\Administrator\.m2\repository\org\apache\lucene\lucene-backward-codecs\6.6.1\lucene-backward-codecs-6.6.1.jar;C:\Users\Administrator\.m2\repository\org\apache\lucene\lucene-grouping\6.6.1\lucene-grouping-6.6.1.jar;C:\Users\Administrator\.m2\repository\org\apache\lucene\lucene-highlighter\6.6.1\lucene-highlighter-6.6.1.jar;C:\Users\Administrator\.m2\repository\org\apache\lucene\lucene-join\6.6.1\lucene-join-6.6.1.jar;C:\Users\Administrator\.m2\repository\org\apache\lucene\lucene-memory\6.6.1\lucene-memory-6.6.1.jar;C:\Users\Administrator\.m2\repository\org\apache\lucene\lucene-misc\6.6.1\lucene-misc-6.6.1.jar;C:\Users\Administrator\.m2\repository\org\apache\lucene\lucene-queries\6.6.1\lucene-queries-6.6.1.jar;C:\Users\Administrator\.m2\repository\org\apache\lucene\lucene-queryparser\6.6.1\lucene-queryparser-6.6.1.jar;C:\Users\Administrator\.m2\repository\org\apache\lucene\lucene-sandbox\6.6.1\lucene-sandbox-6.6.1.jar;C:\Users\Administrator\.m2\repository\org\apache\lucene\lucene-spatial\6.6.1\lucene-spatial-6.6.1.jar;C:\Users\Administrator\.m2\repository\org\apache\lucene\lucene-spatial-extras\6.6.1\lucene-spatial-extras-6.6.1.jar;C:\Users\Administrator\.m2\repository\org\apache\lucene\lucene-spatial3d\6.6.1\lucene-spatial3d-6.6.1.jar;C:\Users\Administrator\.m2\repository\org\apache\lucene\lucene-suggest\6.6.1\lucene-suggest-6.6.1.jar;C:\Users\Administrator\.m2\repository\org\elasticsearch\securesm\1.1\securesm-1.1.jar;C:\Users\Administrator\.m2\repository\net\sf\jopt-simple\jopt-simple\5.0.2\jopt-simple-5.0.2.jar;C:\Users\Administrator\.m2\repository\com\carrotsearch\hppc\0.7.1\hppc-0.7.1.jar;C:\Users\Administrator\.m2\repository\com\fasterxml\jackson\dataformat\jackson-dataformat-smile\2.8.10\jackson-dataformat-smile-2.8.10.jar;C:\Users\Administrator\.m2\repository\com\fasterxml\jackson\dataformat\jackson-dataformat-yaml\2.8.10\jackson-dataformat-yaml-2.8.10.jar;C:\Users\Administrator\.m2\repository\com\fasterxml\jackson\dataformat\jackson-dataformat-cbor\2.8.10\jackson-dataformat-cbor-2.8.10.jar;C:\Users\Administrator\.m2\repository\com\tdunning\t-digest\3.0\t-digest-3.0.jar;C:\Users\Administrator\.m2\repository\org\hdrhistogram\HdrHistogram\2.1.9\HdrHistogram-2.1.9.jar;C:\Users\Administrator\.m2\repository\org\elasticsearch\jna\4.4.0-1\jna-4.4.0-1.jar;C:\Users\Administrator\.m2\repository\org\elasticsearch\plugin\transport-netty3-client\5.6.1\transport-netty3-client-5.6.1.jar;C:\Users\Administrator\.m2\repository\io\netty\netty\3.10.6.Final\netty-3.10.6.Final.jar;C:\Users\Administrator\.m2\repository\org\elasticsearch\plugin\transport-netty4-client\5.6.1\transport-netty4-client-5.6.1.jar;C:\Users\Administrator\.m2\repository\io\netty\netty-buffer\4.1.13.Final\netty-buffer-4.1.13.Final.jar;C:\Users\Administrator\.m2\repository\io\netty\netty-codec\4.1.13.Final\netty-codec-4.1.13.Final.jar;C:\Users\Administrator\.m2\repository\io\netty\netty-codec-http\4.1.13.Final\netty-codec-http-4.1.13.Final.jar;C:\Users\Administrator\.m2\repository\io\netty\netty-common\4.1.13.Final\netty-common-4.1.13.Final.jar;C:\Users\Administrator\.m2\repository\io\netty\netty-handler\4.1.13.Final\netty-handler-4.1.13.Final.jar;C:\Users\Administrator\.m2\repository\io\netty\netty-resolver\4.1.13.Final\netty-resolver-4.1.13.Final.jar;C:\Users\Administrator\.m2\repository\io\netty\netty-transport\4.1.13.Final\netty-transport-4.1.13.Final.jar;C:\Users\Administrator\.m2\repository\org\elasticsearch\plugin\reindex-client\5.6.1\reindex-client-5.6.1.jar;C:\Users\Administrator\.m2\repository\org\elasticsearch\client\elasticsearch-rest-client\5.6.1\elasticsearch-rest-client-5.6.1.jar;C:\Users\Administrator\.m2\repository\org\apache\httpcomponents\httpclient\4.5.3\httpclient-4.5.3.jar;C:\Users\Administrator\.m2\repository\org\apache\httpcomponents\httpcore\4.4.6\httpcore-4.4.6.jar;C:\Users\Administrator\.m2\repository\org\apache\httpcomponents\httpasyncclient\4.1.3\httpasyncclient-4.1.3.jar;C:\Users\Administrator\.m2\repository\org\apache\httpcomponents\httpcore-nio\4.4.5\httpcore-nio-4.4.5.jar;C:\Users\Administrator\.m2\repository\commons-codec\commons-codec\1.10\commons-codec-1.10.jar;C:\Users\Administrator\.m2\repository\commons-logging\commons-logging\1.1.3\commons-logging-1.1.3.jar;C:\Users\Administrator\.m2\repository\org\elasticsearch\plugin\lang-mustache-client\5.6.1\lang-mustache-client-5.6.1.jar;C:\Users\Administrator\.m2\repository\com\github\spullara\mustache\java\compiler\0.9.3\compiler-0.9.3.jar;C:\Users\Administrator\.m2\repository\org\elasticsearch\plugin\percolator-client\5.6.1\percolator-client-5.6.1.jar;C:\Users\Administrator\.m2\repository\org\elasticsearch\plugin\parent-join-client\5.6.1\parent-join-client-5.6.1.jar;C:\Users\Administrator\.m2\repository\org\apache\logging\log4j\log4j-core\2.7\log4j-core-2.7.jar;C:\Users\Administrator\.m2\repository\org\apache\logging\log4j\log4j-api\2.7\log4j-api-2.7.jar;C:\Users\Administrator\.m2\repository\org\springframework\kafka\spring-kafka\1.1.6.RELEASE\spring-kafka-1.1.6.RELEASE.jar;C:\Users\Administrator\.m2\repository\org\springframework\spring-messaging\4.3.11.RELEASE\spring-messaging-4.3.11.RELEASE.jar;C:\Users\Administrator\.m2\repository\org\springframework\retry\spring-retry\1.2.1.RELEASE\spring-retry-1.2.1.RELEASE.jar;C:\Users\Administrator\.m2\repository\org\apache\kafka\kafka-clients\0.10.1.1\kafka-clients-0.10.1.1.jar;C:\Users\Administrator\.m2\repository\net\jpountz\lz4\lz4\1.3.0\lz4-1.3.0.jar;C:\Users\Administrator\.m2\repository\org\xerial\snappy\snappy-java\1.1.2.6\snappy-java-1.1.2.6.jar;C:\Users\Administrator\.m2\repository\org\springframework\boot\spring-boot-starter-mail\1.5.7.RELEASE\spring-boot-starter-mail-1.5.7.RELEASE.jar;C:\Users\Administrator\.m2\repository\org\springframework\spring-context\4.3.11.RELEASE\spring-context-4.3.11.RELEASE.jar;C:\Users\Administrator\.m2\repository\org\springframework\spring-context-support\4.3.11.RELEASE\spring-context-support-4.3.11.RELEASE.jar;C:\Users\Administrator\.m2\repository\com\sun\mail\javax.mail\1.5.6\javax.mail-1.5.6.jar;C:\Users\Administrator\.m2\repository\javax\activation\activation\1.1\activation-1.1.jar;C:\Users\Administrator\.m2\repository\org\springframework\boot\spring-boot-starter-test\1.5.7.RELEASE\spring-boot-starter-test-1.5.7.RELEASE.jar;C:\Users\Administrator\.m2\repository\org\springframework\boot\spring-boot-test\1.5.7.RELEASE\spring-boot-test-1.5.7.RELEASE.jar;C:\Users\Administrator\.m2\repository\org\springframework\boot\spring-boot-test-autoconfigure\1.5.7.RELEASE\spring-boot-test-autoconfigure-1.5.7.RELEASE.jar;C:\Users\Administrator\.m2\repository\com\jayway\jsonpath\json-path\2.2.0\json-path-2.2.0.jar;C:\Users\Administrator\.m2\repository\net\minidev\json-smart\2.2.1\json-smart-2.2.1.jar;C:\Users\Administrator\.m2\repository\net\minidev\accessors-smart\1.1\accessors-smart-1.1.jar;C:\Users\Administrator\.m2\repository\org\ow2\asm\asm\5.0.3\asm-5.0.3.jar;C:\Users\Administrator\.m2\repository\junit\junit\4.12\junit-4.12.jar;C:\Users\Administrator\.m2\repository\org\assertj\assertj-core\2.6.0\assertj-core-2.6.0.jar;C:\Users\Administrator\.m2\repository\org\mockito\mockito-core\1.10.19\mockito-core-1.10.19.jar;C:\Users\Administrator\.m2\repository\org\objenesis\objenesis\2.1\objenesis-2.1.jar;C:\Users\Administrator\.m2\repository\org\hamcrest\hamcrest-core\1.3\hamcrest-core-1.3.jar;C:\Users\Administrator\.m2\repository\org\hamcrest\hamcrest-library\1.3\hamcrest-library-1.3.jar;C:\Users\Administrator\.m2\repository\org\skyscreamer\jsonassert\1.4.0\jsonassert-1.4.0.jar;C:\Users\Administrator\.m2\repository\com\vaadin\external\google\android-json\0.0.20131108.vaadin1\android-json-0.0.20131108.vaadin1.jar;C:\Users\Administrator\.m2\repository\org\springframework\spring-core\4.3.11.RELEASE\spring-core-4.3.11.RELEASE.jar;C:\Users\Administrator\.m2\repository\org\springframework\spring-test\4.3.11.RELEASE\spring-test-4.3.11.RELEASE.jar;C:\Users\Administrator\.m2\repository\org\springframework\security\spring-security-test\4.2.3.RELEASE\spring-security-test-4.2.3.RELEASE.jar;C:\Users\Administrator\.m2\repository\org\springframework\security\spring-security-core\4.2.3.RELEASE\spring-security-core-4.2.3.RELEASE.jar;C:\Users\Administrator\.m2\repository\aopalliance\aopalliance\1.0\aopalliance-1.0.jar;C:\Users\Administrator\.m2\repository\com\aliyun\aliyun-java-sdk-core\3.2.3\aliyun-java-sdk-core-3.2.3.jar;C:\Users\Administrator\.m2\repository\com\aliyun\aliyun-java-sdk-dysmsapi\1.0.0\aliyun-java-sdk-dysmsapi-1.0.0.jar;C:\Users\Administrator\.m2\repository\org\springframework\boot\spring-boot-starter-aop\1.5.7.RELEASE\spring-boot-starter-aop-1.5.7.RELEASE.jar;C:\Users\Administrator\.m2\repository\org\aspectj\aspectjweaver\1.8.10\aspectjweaver-1.8.10.jar;, java.specification.name=Java Platform API Specification, java.class.version=52.0, sun.management.compiler=HotSpot 64-Bit Tiered Compilers, os.version=6.3, user.home=C:\Users\Administrator, user.timezone=Asia/Shanghai, java.awt.printerjob=sun.awt.windows.WPrinterJob, file.encoding=GBK, java.specification.version=1.8, java.class.path=C:\Users\Administrator\Desktop\learn\m2cn7s\target\test-classes;C:\Users\Administrator\Desktop\learn\m2cn7s\target\classes;C:\Users\Administrator\.m2\repository\org\springframework\boot\spring-boot-starter-data-jpa\1.5.7.RELEASE\spring-boot-starter-data-jpa-1.5.7.RELEASE.jar;C:\Users\Administrator\.m2\repository\org\springframework\boot\spring-boot-starter\1.5.7.RELEASE\spring-boot-starter-1.5.7.RELEASE.jar;C:\Users\Administrator\.m2\repository\org\springframework\boot\spring-boot-starter-logging\1.5.7.RELEASE\spring-boot-starter-logging-1.5.7.RELEASE.jar;C:\Users\Administrator\.m2\repository\ch\qos\logback\logback-classic\1.1.11\logback-classic-1.1.11.jar;C:\Users\Administrator\.m2\repository\ch\qos\logback\logback-core\1.1.11\logback-core-1.1.11.jar;C:\Users\Administrator\.m2\repository\org\slf4j\jul-to-slf4j\1.7.25\jul-to-slf4j-1.7.25.jar;C:\Users\Administrator\.m2\repository\org\slf4j\log4j-over-slf4j\1.7.25\log4j-over-slf4j-1.7.25.jar;C:\Users\Administrator\.m2\repository\org\yaml\snakeyaml\1.17\snakeyaml-1.17.jar;C:\Users\Administrator\.m2\repository\org\springframework\boot\spring-boot-starter-jdbc\1.5.7.RELEASE\spring-boot-starter-jdbc-1.5.7.RELEASE.jar;C:\Users\Administrator\.m2\repository\org\apache\tomcat\tomcat-jdbc\8.5.20\tomcat-jdbc-8.5.20.jar;C:\Users\Administrator\.m2\repository\org\apache\tomcat\tomcat-juli\8.5.20\tomcat-juli-8.5.20.jar;C:\Users\Administrator\.m2\repository\org\springframework\spring-jdbc\4.3.11.RELEASE\spring-jdbc-4.3.11.RELEASE.jar;C:\Users\Administrator\.m2\repository\org\hibernate\hibernate-core\5.0.12.Final\hibernate-core-5.0.12.Final.jar;C:\Users\Administrator\.m2\repository\org\jboss\logging\jboss-logging\3.3.1.Final\jboss-logging-3.3.1.Final.jar;C:\Users\Administrator\.m2\repository\org\hibernate\javax\persistence\hibernate-jpa-2.1-api\1.0.0.Final\hibernate-jpa-2.1-api-1.0.0.Final.jar;C:\Users\Administrator\.m2\repository\org\javassist\javassist\3.21.0-GA\javassist-3.21.0-GA.jar;C:\Users\Administrator\.m2\repository\antlr\antlr\2.7.7\antlr-2.7.7.jar;C:\Users\Administrator\.m2\repository\org\jboss\jandex\2.0.0.Final\jandex-2.0.0.Final.jar;C:\Users\Administrator\.m2\repository\dom4j\dom4j\1.6.1\dom4j-1.6.1.jar;C:\Users\Administrator\.m2\repository\org\hibernate\common\hibernate-commons-annotations\5.0.1.Final\hibernate-commons-annotations-5.0.1.Final.jar;C:\Users\Administrator\.m2\repository\org\hibernate\hibernate-entitymanager\5.0.12.Final\hibernate-entitymanager-5.0.12.Final.jar;C:\Users\Administrator\.m2\repository\javax\transaction\javax.transaction-api\1.2\javax.transaction-api-1.2.jar;C:\Users\Administrator\.m2\repository\org\springframework\data\spring-data-jpa\1.11.7.RELEASE\spring-data-jpa-1.11.7.RELEASE.jar;C:\Users\Administrator\.m2\repository\org\springframework\data\spring-data-commons\1.13.7.RELEASE\spring-data-commons-1.13.7.RELEASE.jar;C:\Users\Administrator\.m2\repository\org\springframework\spring-orm\4.3.11.RELEASE\spring-orm-4.3.11.RELEASE.jar;C:\Users\Administrator\.m2\repository\org\springframework\spring-tx\4.3.11.RELEASE\spring-tx-4.3.11.RELEASE.jar;C:\Users\Administrator\.m2\repository\org\springframework\spring-beans\4.3.11.RELEASE\spring-beans-4.3.11.RELEASE.jar;C:\Users\Administrator\.m2\repository\org\slf4j\jcl-over-slf4j\1.7.25\jcl-over-slf4j-1.7.25.jar;C:\Users\Administrator\.m2\repository\org\springframework\spring-aspects\4.3.11.RELEASE\spring-aspects-4.3.11.RELEASE.jar;C:\Users\Administrator\.m2\repository\com\h2database\h2\1.4.196\h2-1.4.196.jar;C:\Users\Administrator\.m2\repository\mysql\mysql-connector-java\5.1.44\mysql-connector-java-5.1.44.jar;C:\Users\Administrator\.m2\repository\org\springframework\boot\spring-boot-starter-thymeleaf\1.5.7.RELEASE\spring-boot-starter-thymeleaf-1.5.7.RELEASE.jar;C:\Users\Administrator\.m2\repository\nz\net\ultraq\thymeleaf\thymeleaf-layout-dialect\2.1.1\thymeleaf-layout-dialect-2.1.1.jar;C:\Users\Administrator\.m2\repository\org\codehaus\groovy\groovy\2.4.12\groovy-2.4.12.jar;C:\Users\Administrator\.m2\repository\nz\net\ultraq\thymeleaf\thymeleaf-expression-processor\1.1.2\thymeleaf-expression-processor-1.1.2.jar;C:\Users\Administrator\.m2\repository\org\thymeleaf\thymeleaf\3.0.3.RELEASE\thymeleaf-3.0.3.RELEASE.jar;C:\Users\Administrator\.m2\repository\ognl\ognl\3.1.12\ognl-3.1.12.jar;C:\Users\Administrator\.m2\repository\org\attoparser\attoparser\2.0.2.RELEASE\attoparser-2.0.2.RELEASE.jar;C:\Users\Administrator\.m2\repository\org\unbescape\unbescape\1.1.4.RELEASE\unbescape-1.1.4.RELEASE.jar;C:\Users\Administrator\.m2\repository\org\slf4j\slf4j-api\1.7.25\slf4j-api-1.7.25.jar;C:\Users\Administrator\.m2\repository\org\thymeleaf\thymeleaf-spring4\3.0.2.RELEASE\thymeleaf-spring4-3.0.2.RELEASE.jar;C:\Users\Administrator\.m2\repository\org\springframework\boot\spring-boot-starter-web\1.5.7.RELEASE\spring-boot-starter-web-1.5.7.RELEASE.jar;C:\Users\Administrator\.m2\repository\org\springframework\boot\spring-boot-starter-tomcat\1.5.7.RELEASE\spring-boot-starter-tomcat-1.5.7.RELEASE.jar;C:\Users\Administrator\.m2\repository\org\apache\tomcat\embed\tomcat-embed-core\8.5.20\tomcat-embed-core-8.5.20.jar;C:\Users\Administrator\.m2\repository\org\apache\tomcat\embed\tomcat-embed-el\8.5.20\tomcat-embed-el-8.5.20.jar;C:\Users\Administrator\.m2\repository\org\apache\tomcat\embed\tomcat-embed-websocket\8.5.20\tomcat-embed-websocket-8.5.20.jar;C:\Users\Administrator\.m2\repository\org\hibernate\hibernate-validator\5.3.5.Final\hibernate-validator-5.3.5.Final.jar;C:\Users\Administrator\.m2\repository\javax\validation\validation-api\1.1.0.Final\validation-api-1.1.0.Final.jar;C:\Users\Administrator\.m2\repository\com\fasterxml\classmate\1.3.4\classmate-1.3.4.jar;C:\Users\Administrator\.m2\repository\org\springframework\spring-web\4.3.11.RELEASE\spring-web-4.3.11.RELEASE.jar;C:\Users\Administrator\.m2\repository\org\springframework\spring-webmvc\4.3.11.RELEASE\spring-webmvc-4.3.11.RELEASE.jar;C:\Users\Administrator\.m2\repository\org\springframework\spring-expression\4.3.11.RELEASE\spring-expression-4.3.11.RELEASE.jar;C:\Users\Administrator\.m2\repository\org\springframework\boot\spring-boot-starter-security\1.5.7.RELEASE\spring-boot-starter-security-1.5.7.RELEASE.jar;C:\Users\Administrator\.m2\repository\org\springframework\spring-aop\4.3.11.RELEASE\spring-aop-4.3.11.RELEASE.jar;C:\Users\Administrator\.m2\repository\org\springframework\security\spring-security-config\4.2.3.RELEASE\spring-security-config-4.2.3.RELEASE.jar;C:\Users\Administrator\.m2\repository\org\springframework\security\spring-security-web\4.2.3.RELEASE\spring-security-web-4.2.3.RELEASE.jar;C:\Users\Administrator\.m2\repository\org\thymeleaf\extras\thymeleaf-extras-springsecurity4\3.0.2.RELEASE\thymeleaf-extras-springsecurity4-3.0.2.RELEASE.jar;C:\Users\Administrator\.m2\repository\org\springframework\session\spring-session\1.3.1.RELEASE\spring-session-1.3.1.RELEASE.jar;C:\Users\Administrator\.m2\repository\org\springframework\boot\spring-boot-starter-data-redis\1.5.7.RELEASE\spring-boot-starter-data-redis-1.5.7.RELEASE.jar;C:\Users\Administrator\.m2\repository\org\springframework\data\spring-data-redis\1.8.7.RELEASE\spring-data-redis-1.8.7.RELEASE.jar;C:\Users\Administrator\.m2\repository\org\springframework\data\spring-data-keyvalue\1.2.7.RELEASE\spring-data-keyvalue-1.2.7.RELEASE.jar;C:\Users\Administrator\.m2\repository\org\springframework\spring-oxm\4.3.11.RELEASE\spring-oxm-4.3.11.RELEASE.jar;C:\Users\Administrator\.m2\repository\redis\clients\jedis\2.9.0\jedis-2.9.0.jar;C:\Users\Administrator\.m2\repository\org\apache\commons\commons-pool2\2.4.2\commons-pool2-2.4.2.jar;C:\Users\Administrator\.m2\repository\org\springframework\boot\spring-boot-devtools\1.5.7.RELEASE\spring-boot-devtools-1.5.7.RELEASE.jar;C:\Users\Administrator\.m2\repository\org\springframework\boot\spring-boot\1.5.7.RELEASE\spring-boot-1.5.7.RELEASE.jar;C:\Users\Administrator\.m2\repository\org\springframework\boot\spring-boot-autoconfigure\1.5.7.RELEASE\spring-boot-autoconfigure-1.5.7.RELEASE.jar;C:\Users\Administrator\.m2\repository\joda-time\joda-time\2.3\joda-time-2.3.jar;C:\Users\Administrator\.m2\repository\com\fasterxml\jackson\core\jackson-databind\2.5.0\jackson-databind-2.5.0.jar;C:\Users\Administrator\.m2\repository\com\fasterxml\jackson\core\jackson-annotations\2.8.0\jackson-annotations-2.8.0.jar;C:\Users\Administrator\.m2\repository\com\fasterxml\jackson\core\jackson-core\2.8.10\jackson-core-2.8.10.jar;C:\Users\Administrator\.m2\repository\com\qiniu\qiniu-java-sdk\7.2.9\qiniu-java-sdk-7.2.9.jar;C:\Users\Administrator\.m2\repository\com\squareup\okhttp3\okhttp\3.9.1\okhttp-3.9.1.jar;C:\Users\Administrator\.m2\repository\com\squareup\okio\okio\1.13.0\okio-1.13.0.jar;C:\Users\Administrator\.m2\repository\com\google\code\gson\gson\2.8.1\gson-2.8.1.jar;C:\Users\Administrator\.m2\repository\com\qiniu\happy-dns-java\0.1.6\happy-dns-java-0.1.6.jar;C:\Users\Administrator\.m2\repository\org\modelmapper\modelmapper\1.1.0\modelmapper-1.1.0.jar;C:\Users\Administrator\.m2\repository\com\google\guava\guava\18.0\guava-18.0.jar;C:\Users\Administrator\.m2\repository\org\elasticsearch\client\transport\5.6.1\transport-5.6.1.jar;C:\Users\Administrator\.m2\repository\org\elasticsearch\elasticsearch\5.6.1\elasticsearch-5.6.1.jar;C:\Users\Administrator\.m2\repository\org\apache\lucene\lucene-core\6.6.1\lucene-core-6.6.1.jar;C:\Users\Administrator\.m2\repository\org\apache\lucene\lucene-analyzers-common\6.6.1\lucene-analyzers-common-6.6.1.jar;C:\Users\Administrator\.m2\repository\org\apache\lucene\lucene-backward-codecs\6.6.1\lucene-backward-codecs-6.6.1.jar;C:\Users\Administrator\.m2\repository\org\apache\lucene\lucene-grouping\6.6.1\lucene-grouping-6.6.1.jar;C:\Users\Administrator\.m2\repository\org\apache\lucene\lucene-highlighter\6.6.1\lucene-highlighter-6.6.1.jar;C:\Users\Administrator\.m2\repository\org\apache\lucene\lucene-join\6.6.1\lucene-join-6.6.1.jar;C:\Users\Administrator\.m2\repository\org\apache\lucene\lucene-memory\6.6.1\lucene-memory-6.6.1.jar;C:\Users\Administrator\.m2\repository\org\apache\lucene\lucene-misc\6.6.1\lucene-misc-6.6.1.jar;C:\Users\Administrator\.m2\repository\org\apache\lucene\lucene-queries\6.6.1\lucene-queries-6.6.1.jar;C:\Users\Administrator\.m2\repository\org\apache\lucene\lucene-queryparser\6.6.1\lucene-queryparser-6.6.1.jar;C:\Users\Administrator\.m2\repository\org\apache\lucene\lucene-sandbox\6.6.1\lucene-sandbox-6.6.1.jar;C:\Users\Administrator\.m2\repository\org\apache\lucene\lucene-spatial\6.6.1\lucene-spatial-6.6.1.jar;C:\Users\Administrator\.m2\repository\org\apache\lucene\lucene-spatial-extras\6.6.1\lucene-spatial-extras-6.6.1.jar;C:\Users\Administrator\.m2\repository\org\apache\lucene\lucene-spatial3d\6.6.1\lucene-spatial3d-6.6.1.jar;C:\Users\Administrator\.m2\repository\org\apache\lucene\lucene-suggest\6.6.1\lucene-suggest-6.6.1.jar;C:\Users\Administrator\.m2\repository\org\elasticsearch\securesm\1.1\securesm-1.1.jar;C:\Users\Administrator\.m2\repository\net\sf\jopt-simple\jopt-simple\5.0.2\jopt-simple-5.0.2.jar;C:\Users\Administrator\.m2\repository\com\carrotsearch\hppc\0.7.1\hppc-0.7.1.jar;C:\Users\Administrator\.m2\repository\com\fasterxml\jackson\dataformat\jackson-dataformat-smile\2.8.10\jackson-dataformat-smile-2.8.10.jar;C:\Users\Administrator\.m2\repository\com\fasterxml\jackson\dataformat\jackson-dataformat-yaml\2.8.10\jackson-dataformat-yaml-2.8.10.jar;C:\Users\Administrator\.m2\repository\com\fasterxml\jackson\dataformat\jackson-dataformat-cbor\2.8.10\jackson-dataformat-cbor-2.8.10.jar;C:\Users\Administrator\.m2\repository\com\tdunning\t-digest\3.0\t-digest-3.0.jar;C:\Users\Administrator\.m2\repository\org\hdrhistogram\HdrHistogram\2.1.9\HdrHistogram-2.1.9.jar;C:\Users\Administrator\.m2\repository\org\elasticsearch\jna\4.4.0-1\jna-4.4.0-1.jar;C:\Users\Administrator\.m2\repository\org\elasticsearch\plugin\transport-netty3-client\5.6.1\transport-netty3-client-5.6.1.jar;C:\Users\Administrator\.m2\repository\io\netty\netty\3.10.6.Final\netty-3.10.6.Final.jar;C:\Users\Administrator\.m2\repository\org\elasticsearch\plugin\transport-netty4-client\5.6.1\transport-netty4-client-5.6.1.jar;C:\Users\Administrator\.m2\repository\io\netty\netty-buffer\4.1.13.Final\netty-buffer-4.1.13.Final.jar;C:\Users\Administrator\.m2\repository\io\netty\netty-codec\4.1.13.Final\netty-codec-4.1.13.Final.jar;C:\Users\Administrator\.m2\repository\io\netty\netty-codec-http\4.1.13.Final\netty-codec-http-4.1.13.Final.jar;C:\Users\Administrator\.m2\repository\io\netty\netty-common\4.1.13.Final\netty-common-4.1.13.Final.jar;C:\Users\Administrator\.m2\repository\io\netty\netty-handler\4.1.13.Final\netty-handler-4.1.13.Final.jar;C:\Users\Administrator\.m2\repository\io\netty\netty-resolver\4.1.13.Final\netty-resolver-4.1.13.Final.jar;C:\Users\Administrator\.m2\repository\io\netty\netty-transport\4.1.13.Final\netty-transport-4.1.13.Final.jar;C:\Users\Administrator\.m2\repository\org\elasticsearch\plugin\reindex-client\5.6.1\reindex-client-5.6.1.jar;C:\Users\Administrator\.m2\repository\org\elasticsearch\client\elasticsearch-rest-client\5.6.1\elasticsearch-rest-client-5.6.1.jar;C:\Users\Administrator\.m2\repository\org\apache\httpcomponents\httpclient\4.5.3\httpclient-4.5.3.jar;C:\Users\Administrator\.m2\repository\org\apache\httpcomponents\httpcore\4.4.6\httpcore-4.4.6.jar;C:\Users\Administrator\.m2\repository\org\apache\httpcomponents\httpasyncclient\4.1.3\httpasyncclient-4.1.3.jar;C:\Users\Administrator\.m2\repository\org\apache\httpcomponents\httpcore-nio\4.4.5\httpcore-nio-4.4.5.jar;C:\Users\Administrator\.m2\repository\commons-codec\commons-codec\1.10\commons-codec-1.10.jar;C:\Users\Administrator\.m2\repository\commons-logging\commons-logging\1.1.3\commons-logging-1.1.3.jar;C:\Users\Administrator\.m2\repository\org\elasticsearch\plugin\lang-mustache-client\5.6.1\lang-mustache-client-5.6.1.jar;C:\Users\Administrator\.m2\repository\com\github\spullara\mustache\java\compiler\0.9.3\compiler-0.9.3.jar;C:\Users\Administrator\.m2\repository\org\elasticsearch\plugin\percolator-client\5.6.1\percolator-client-5.6.1.jar;C:\Users\Administrator\.m2\repository\org\elasticsearch\plugin\parent-join-client\5.6.1\parent-join-client-5.6.1.jar;C:\Users\Administrator\.m2\repository\org\apache\logging\log4j\log4j-core\2.7\log4j-core-2.7.jar;C:\Users\Administrator\.m2\repository\org\apache\logging\log4j\log4j-api\2.7\log4j-api-2.7.jar;C:\Users\Administrator\.m2\repository\org\springframework\kafka\spring-kafka\1.1.6.RELEASE\spring-kafka-1.1.6.RELEASE.jar;C:\Users\Administrator\.m2\repository\org\springframework\spring-messaging\4.3.11.RELEASE\spring-messaging-4.3.11.RELEASE.jar;C:\Users\Administrator\.m2\repository\org\springframework\retry\spring-retry\1.2.1.RELEASE\spring-retry-1.2.1.RELEASE.jar;C:\Users\Administrator\.m2\repository\org\apache\kafka\kafka-clients\0.10.1.1\kafka-clients-0.10.1.1.jar;C:\Users\Administrator\.m2\repository\net\jpountz\lz4\lz4\1.3.0\lz4-1.3.0.jar;C:\Users\Administrator\.m2\repository\org\xerial\snappy\snappy-java\1.1.2.6\snappy-java-1.1.2.6.jar;C:\Users\Administrator\.m2\repository\org\springframework\boot\spring-boot-starter-mail\1.5.7.RELEASE\spring-boot-starter-mail-1.5.7.RELEASE.jar;C:\Users\Administrator\.m2\repository\org\springframework\spring-context\4.3.11.RELEASE\spring-context-4.3.11.RELEASE.jar;C:\Users\Administrator\.m2\repository\org\springframework\spring-context-support\4.3.11.RELEASE\spring-context-support-4.3.11.RELEASE.jar;C:\Users\Administrator\.m2\repository\com\sun\mail\javax.mail\1.5.6\javax.mail-1.5.6.jar;C:\Users\Administrator\.m2\repository\javax\activation\activation\1.1\activation-1.1.jar;C:\Users\Administrator\.m2\repository\org\springframework\boot\spring-boot-starter-test\1.5.7.RELEASE\spring-boot-starter-test-1.5.7.RELEASE.jar;C:\Users\Administrator\.m2\repository\org\springframework\boot\spring-boot-test\1.5.7.RELEASE\spring-boot-test-1.5.7.RELEASE.jar;C:\Users\Administrator\.m2\repository\org\springframework\boot\spring-boot-test-autoconfigure\1.5.7.RELEASE\spring-boot-test-autoconfigure-1.5.7.RELEASE.jar;C:\Users\Administrator\.m2\repository\com\jayway\jsonpath\json-path\2.2.0\json-path-2.2.0.jar;C:\Users\Administrator\.m2\repository\net\minidev\json-smart\2.2.1\json-smart-2.2.1.jar;C:\Users\Administrator\.m2\repository\net\minidev\accessors-smart\1.1\accessors-smart-1.1.jar;C:\Users\Administrator\.m2\repository\org\ow2\asm\asm\5.0.3\asm-5.0.3.jar;C:\Users\Administrator\.m2\repository\junit\junit\4.12\junit-4.12.jar;C:\Users\Administrator\.m2\repository\org\assertj\assertj-core\2.6.0\assertj-core-2.6.0.jar;C:\Users\Administrator\.m2\repository\org\mockito\mockito-core\1.10.19\mockito-core-1.10.19.jar;C:\Users\Administrator\.m2\repository\org\objenesis\objenesis\2.1\objenesis-2.1.jar;C:\Users\Administrator\.m2\repository\org\hamcrest\hamcrest-core\1.3\hamcrest-core-1.3.jar;C:\Users\Administrator\.m2\repository\org\hamcrest\hamcrest-library\1.3\hamcrest-library-1.3.jar;C:\Users\Administrator\.m2\repository\org\skyscreamer\jsonassert\1.4.0\jsonassert-1.4.0.jar;C:\Users\Administrator\.m2\repository\com\vaadin\external\google\android-json\0.0.20131108.vaadin1\android-json-0.0.20131108.vaadin1.jar;C:\Users\Administrator\.m2\repository\org\springframework\spring-core\4.3.11.RELEASE\spring-core-4.3.11.RELEASE.jar;C:\Users\Administrator\.m2\repository\org\springframework\spring-test\4.3.11.RELEASE\spring-test-4.3.11.RELEASE.jar;C:\Users\Administrator\.m2\repository\org\springframework\security\spring-security-test\4.2.3.RELEASE\spring-security-test-4.2.3.RELEASE.jar;C:\Users\Administrator\.m2\repository\org\springframework\security\spring-security-core\4.2.3.RELEASE\spring-security-core-4.2.3.RELEASE.jar;C:\Users\Administrator\.m2\repository\aopalliance\aopalliance\1.0\aopalliance-1.0.jar;C:\Users\Administrator\.m2\repository\com\aliyun\aliyun-java-sdk-core\3.2.3\aliyun-java-sdk-core-3.2.3.jar;C:\Users\Administrator\.m2\repository\com\aliyun\aliyun-java-sdk-dysmsapi\1.0.0\aliyun-java-sdk-dysmsapi-1.0.0.jar;C:\Users\Administrator\.m2\repository\org\springframework\boot\spring-boot-starter-aop\1.5.7.RELEASE\spring-boot-starter-aop-1.5.7.RELEASE.jar;C:\Users\Administrator\.m2\repository\org\aspectj\aspectjweaver\1.8.10\aspectjweaver-1.8.10.jar;, user.name=Administrator, java.vm.specification.version=1.8, sun.java.command=C:\Users\Administrator\Desktop\learn\m2cn7s\target\surefire\surefirebooter1103369608163825697.jar C:\Users\Administrator\Desktop\learn\m2cn7s\target\surefire\surefire6215325077581212918tmp C:\Users\Administrator\Desktop\learn\m2cn7s\target\surefire\surefire_08578416206993343501tmp, java.home=C:\Program Files\Java\jdk1.8.0_31\jre, sun.arch.data.model=64, user.language=zh, java.specification.vendor=Oracle Corporation, awt.toolkit=sun.awt.windows.WToolkit, java.vm.info=mixed mode, java.version=1.8.0_31, java.ext.dirs=C:\Program Files\Java\jdk1.8.0_31\jre\lib\ext;C:\windows\Sun\Java\lib\ext, sun.boot.class.path=C:\Program Files\Java\jdk1.8.0_31\jre\lib\resources.jar;C:\Program Files\Java\jdk1.8.0_31\jre\lib\rt.jar;C:\Program Files\Java\jdk1.8.0_31\jre\lib\sunrsasign.jar;C:\Program Files\Java\jdk1.8.0_31\jre\lib\jsse.jar;C:\Program Files\Java\jdk1.8.0_31\jre\lib\jce.jar;C:\Program Files\Java\jdk1.8.0_31\jre\lib\charsets.jar;C:\Program Files\Java\jdk1.8.0_31\jre\lib\jfr.jar;C:\Program Files\Java\jdk1.8.0_31\jre\classes, java.vendor=Oracle Corporation, localRepository=C:\Users\Administrator\.m2\repository, file.separator=\, java.vendor.url.bug=http://bugreport.sun.com/bugreport/, sun.io.unicode.encoding=UnicodeLittle, sun.cpu.endian=little, sun.desktop=windows, sun.cpu.isalist=amd64}}, SystemEnvironmentPropertySource@1154895182 {name='systemEnvironment', properties={PATH=C:/Program Files/Java/jre1.8.0_31/bin/server;C:/Program Files/Java/jre1.8.0_31/bin;C:/Program Files/Java/jre1.8.0_31/lib/amd64;E:\Oracle\product\11.2.0\dbhome_1\bin;C:\ProgramData\Oracle\Java\javapath;G:\android\sdk\platform-tools;G:\android\sdk\tools;C:\Program Files\Java\jdk1.8.0_31\bin;C:\Program Files\Java\jre1.8.0_31\bin;C:\Program Files\Java\jdk1.8.0_31\jre\bin;C:\Program Files (x86)\GtkSharp\2.12\bin;C:\windows\system32;C:\windows;C:\windows\System32\Wbem;G:\android\sdk\platform-tools;G:\android\sdk\tools;C:\Program Files\Java\jdk1.8.0_31\bin;C:\Program Files\Java\jre1.8.0_31\bin;C:\Program Files\Java\jdk1.8.0_31\jre\bin;D:\apache-maven-3.3.9\bin;C:\Program Files\MySQL\MySQL Utilities 1.6\;C:\gradle-4.1\BIN;E:\Program Files\erl8.1\bin;C:\Program Files (x86)\scala\bin;C:\Program Files (x86)\scala\bin;C:\Program Files (x86)\scala\jre\bin;C:\Program Files\nodejs\;D:\Python27;D:\Python27\Scripts;C:\Users\Administrator\AppData\Local\Programs\Fiddler;C:\Program Files (x86)\SSH Communications Security\SSH Secure Shell;C:\Users\Administrator\AppData\Roaming\npm;E:\Program Files\Microsoft VS Code\bin;G:\eclipse-win64;, USERDOMAIN_ROAMINGPROFILE=SC-201703091028, PROCESSOR_LEVEL=6, SYSTEMDRIVE=C:, SESSIONNAME=Console, ALLUSERSPROFILE=C:\ProgramData, PROCESSOR_ARCHITECTURE=AMD64, JRE_HOME=C:\Program Files\Java\jre1.8.0_31, MAVEN_HOME=D:\apache-maven-3.3.9, PROGRAMFILES=C:\Program Files, JAVA_JRE_HOME=C:\Program Files\Java\jdk1.8.0_31\jre, PSMODULEPATH=C:\windows\system32\WindowsPowerShell\v1.0\Modules\, PROGRAMDATA=C:\ProgramData, USERNAME=Administrator, PATHEXT=.COM;.EXE;.BAT;.CMD;.VBS;.VBE;.JS;.JSE;.WSF;.WSH;.MSC, DEVMGR_SHOW_DETAILS=1, WINDIR=C:\windows, HOMEPATH=\Users\Administrator, PROCESSOR_IDENTIFIER=Intel64 Family 6 Model 60 Stepping 3, GenuineIntel, PUBLIC=C:\Users\Public, =::=::\, LOCALAPPDATA=C:\Users\Administrator\AppData\Local, COMMONPROGRAMFILES(X86)=C:\Program Files (x86)\Common Files, USERDOMAIN=SC-201703091028, LOGONSERVER=\\SC-201703091028, JAVA_HOME=C:\Program Files\Java\jdk1.8.0_31, PROMPT=$P$G, PROGRAMFILES(X86)=C:\Program Files (x86), VS120COMNTOOLS=C:\Program Files (x86)\Microsoft Visual Studio 12.0\Common7\Tools\, GRADLE_HOME=C:\gradle-4.1, =C:=C:\Users\Administrator\Desktop\learn\m2cn7s, APPDATA=C:\Users\Administrator\AppData\Roaming, PROGRAMW6432=C:\Program Files, GTK_BASEPATH=C:\Program Files (x86)\GtkSharp\2.12\, SYSTEMROOT=C:\windows, SCALA_HOME=C:\Program Files (x86)\scala, ANDROID_SDK_HOME=G:\android\sdk, OS=Windows_NT, COMMONPROGRAMW6432=C:\Program Files\Common Files, COMPUTERNAME=SC-201703091028, COMMONPROGRAMFILES=C:\Program Files\Common Files, COMSPEC=C:\windows\system32\cmd.exe, PROCESSOR_REVISION=3c03, CLASSPATH=.;C:\Program Files\Java\jdk1.8.0_31\lib;C:\Program Files\Java\jdk1.8.0_31\lib\tools.jar;C:\Program Files\Java\jdk1.8.0_31\lib\dt.jar;C:\Program Files\Java\jre1.8.0_31\lib;C:\Program Files\Java\jre1.8.0_31\lib\rt.jar;C:\Program Files\Java\jdk1.8.0_31\jre\lib;C:\Program Files\Java\jdk1.8.0_31\jre\lib\rt.jar, TEMP=C:\Users\ADMINI~1\AppData\Local\Temp, HOMEDRIVE=C:, USERPROFILE=C:\Users\Administrator, TMP=C:\Users\ADMINI~1\AppData\Local\Temp, VS110COMNTOOLS=C:\Program Files (x86)\Microsoft Visual Studio 11.0\Common7\Tools\, MYSQLCONNECTOR_ASSEMBLIESPATH=C:\Program Files (x86)\MySQL\Connector.NET 6.9\Assemblies\v4.5, NUMBER_OF_PROCESSORS=8}}]
21:11:20.334 [main] DEBUG org.springframework.core.io.support.PathMatchingResourcePatternResolver - Resolved classpath location [com/imooc/service/house/] to resources [URL [file:/C:/Users/Administrator/Desktop/learn/m2cn7s/target/test-classes/com/imooc/service/house/], URL [file:/C:/Users/Administrator/Desktop/learn/m2cn7s/target/classes/com/imooc/service/house/]]
21:11:20.334 [main] DEBUG org.springframework.core.io.support.PathMatchingResourcePatternResolver - Looking for matching resources in directory tree [C:\Users\Administrator\Desktop\learn\m2cn7s\target\test-classes\com\imooc\service\house]
21:11:20.334 [main] DEBUG org.springframework.core.io.support.PathMatchingResourcePatternResolver - Searching directory [C:\Users\Administrator\Desktop\learn\m2cn7s\target\test-classes\com\imooc\service\house] for files matching pattern [C:/Users/Administrator/Desktop/learn/m2cn7s/target/test-classes/com/imooc/service/house/*.class]
21:11:20.335 [main] DEBUG org.springframework.core.io.support.PathMatchingResourcePatternResolver - Looking for matching resources in directory tree [C:\Users\Administrator\Desktop\learn\m2cn7s\target\classes\com\imooc\service\house]
21:11:20.336 [main] DEBUG org.springframework.core.io.support.PathMatchingResourcePatternResolver - Searching directory [C:\Users\Administrator\Desktop\learn\m2cn7s\target\classes\com\imooc\service\house] for files matching pattern [C:/Users/Administrator/Desktop/learn/m2cn7s/target/classes/com/imooc/service/house/*.class]
21:11:20.337 [main] DEBUG org.springframework.core.io.support.PathMatchingResourcePatternResolver - Resolved location pattern [classpath*:com/imooc/service/house/*.class] to resources [file [C:\Users\Administrator\Desktop\learn\m2cn7s\target\test-classes\com\imooc\service\house\QiNiuServiceTests.class], file [C:\Users\Administrator\Desktop\learn\m2cn7s\target\classes\com\imooc\service\house\AddressServiceImpl.class], file [C:\Users\Administrator\Desktop\learn\m2cn7s\target\classes\com\imooc\service\house\HouseServiceImpl.class], file [C:\Users\Administrator\Desktop\learn\m2cn7s\target\classes\com\imooc\service\house\IAddressService.class], file [C:\Users\Administrator\Desktop\learn\m2cn7s\target\classes\com\imooc\service\house\IHouseService.class], file [C:\Users\Administrator\Desktop\learn\m2cn7s\target\classes\com\imooc\service\house\IQiNiuService.class], file [C:\Users\Administrator\Desktop\learn\m2cn7s\target\classes\com\imooc\service\house\QiNiuServiceImpl.class]]
21:11:20.355 [main] DEBUG org.springframework.core.io.support.PathMatchingResourcePatternResolver - Resolved classpath location [com/imooc/service/] to resources [URL [file:/C:/Users/Administrator/Desktop/learn/m2cn7s/target/test-classes/com/imooc/service/], URL [file:/C:/Users/Administrator/Desktop/learn/m2cn7s/target/classes/com/imooc/service/]]
21:11:20.355 [main] DEBUG org.springframework.core.io.support.PathMatchingResourcePatternResolver - Looking for matching resources in directory tree [C:\Users\Administrator\Desktop\learn\m2cn7s\target\test-classes\com\imooc\service]
21:11:20.355 [main] DEBUG org.springframework.core.io.support.PathMatchingResourcePatternResolver - Searching directory [C:\Users\Administrator\Desktop\learn\m2cn7s\target\test-classes\com\imooc\service] for files matching pattern [C:/Users/Administrator/Desktop/learn/m2cn7s/target/test-classes/com/imooc/service/*.class]
21:11:20.356 [main] DEBUG org.springframework.core.io.support.PathMatchingResourcePatternResolver - Looking for matching resources in directory tree [C:\Users\Administrator\Desktop\learn\m2cn7s\target\classes\com\imooc\service]
21:11:20.356 [main] DEBUG org.springframework.core.io.support.PathMatchingResourcePatternResolver - Searching directory [C:\Users\Administrator\Desktop\learn\m2cn7s\target\classes\com\imooc\service] for files matching pattern [C:/Users/Administrator/Desktop/learn/m2cn7s/target/classes/com/imooc/service/*.class]
21:11:20.357 [main] DEBUG org.springframework.core.io.support.PathMatchingResourcePatternResolver - Resolved location pattern [classpath*:com/imooc/service/*.class] to resources [file [C:\Users\Administrator\Desktop\learn\m2cn7s\target\classes\com\imooc\service\ISmsService.class], file [C:\Users\Administrator\Desktop\learn\m2cn7s\target\classes\com\imooc\service\IUserService.class], file [C:\Users\Administrator\Desktop\learn\m2cn7s\target\classes\com\imooc\service\ServiceMultiResult.class], file [C:\Users\Administrator\Desktop\learn\m2cn7s\target\classes\com\imooc\service\ServiceResult$Message.class], file [C:\Users\Administrator\Desktop\learn\m2cn7s\target\classes\com\imooc\service\ServiceResult.class], file [C:\Users\Administrator\Desktop\learn\m2cn7s\target\classes\com\imooc\service\SmsServiceImpl.class]]
21:11:20.360 [main] DEBUG org.springframework.core.io.support.PathMatchingResourcePatternResolver - Resolved classpath location [com/imooc/] to resources [URL [file:/C:/Users/Administrator/Desktop/learn/m2cn7s/target/test-classes/com/imooc/], URL [file:/C:/Users/Administrator/Desktop/learn/m2cn7s/target/classes/com/imooc/]]
21:11:20.361 [main] DEBUG org.springframework.core.io.support.PathMatchingResourcePatternResolver - Looking for matching resources in directory tree [C:\Users\Administrator\Desktop\learn\m2cn7s\target\test-classes\com\imooc]
21:11:20.361 [main] DEBUG org.springframework.core.io.support.PathMatchingResourcePatternResolver - Searching directory [C:\Users\Administrator\Desktop\learn\m2cn7s\target\test-classes\com\imooc] for files matching pattern [C:/Users/Administrator/Desktop/learn/m2cn7s/target/test-classes/com/imooc/*.class]
21:11:20.361 [main] DEBUG org.springframework.core.io.support.PathMatchingResourcePatternResolver - Looking for matching resources in directory tree [C:\Users\Administrator\Desktop\learn\m2cn7s\target\classes\com\imooc]
21:11:20.362 [main] DEBUG org.springframework.core.io.support.PathMatchingResourcePatternResolver - Searching directory [C:\Users\Administrator\Desktop\learn\m2cn7s\target\classes\com\imooc] for files matching pattern [C:/Users/Administrator/Desktop/learn/m2cn7s/target/classes/com/imooc/*.class]
21:11:20.362 [main] DEBUG org.springframework.core.io.support.PathMatchingResourcePatternResolver - Resolved location pattern [classpath*:com/imooc/*.class] to resources [file [C:\Users\Administrator\Desktop\learn\m2cn7s\target\test-classes\com\imooc\ApplicationTests.class], file [C:\Users\Administrator\Desktop\learn\m2cn7s\target\classes\com\imooc\Application.class]]
21:11:20.366 [main] DEBUG org.springframework.context.annotation.ClassPathScanningCandidateComponentProvider - Identified candidate component class: file [C:\Users\Administrator\Desktop\learn\m2cn7s\target\classes\com\imooc\Application.class]
21:11:20.367 [main] INFO org.springframework.boot.test.context.SpringBootTestContextBootstrapper - Found @SpringBootConfiguration com.imooc.Application for test class com.imooc.service.house.QiNiuServiceTests
21:11:20.368 [main] DEBUG org.springframework.boot.test.context.SpringBootTestContextBootstrapper - @TestExecutionListeners is not present for class [com.imooc.service.house.QiNiuServiceTests]: using defaults.
21:11:20.374 [main] INFO org.springframework.boot.test.context.SpringBootTestContextBootstrapper - Loaded default TestExecutionListener class names from location [META-INF/spring.factories]: [org.springframework.boot.test.mock.mockito.MockitoTestExecutionListener, org.springframework.boot.test.mock.mockito.ResetMocksTestExecutionListener, org.springframework.boot.test.autoconfigure.restdocs.RestDocsTestExecutionListener, org.springframework.boot.test.autoconfigure.web.client.MockRestServiceServerResetTestExecutionListener, org.springframework.boot.test.autoconfigure.web.servlet.MockMvcPrintOnlyOnFailureTestExecutionListener, org.springframework.boot.test.autoconfigure.web.servlet.WebDriverTestExecutionListener, org.springframework.test.context.web.ServletTestExecutionListener, org.springframework.test.context.support.DirtiesContextBeforeModesTestExecutionListener, org.springframework.test.context.support.DependencyInjectionTestExecutionListener, org.springframework.test.context.support.DirtiesContextTestExecutionListener, org.springframework.test.context.transaction.TransactionalTestExecutionListener, org.springframework.test.context.jdbc.SqlScriptsTestExecutionListener, org.springframework.security.test.context.support.WithSecurityContextTestExecutionListener]
21:11:20.381 [main] INFO org.springframework.boot.test.context.SpringBootTestContextBootstrapper - Using TestExecutionListeners: [org.springframework.test.context.web.ServletTestExecutionListener@76a805b7, org.springframework.test.context.support.DirtiesContextBeforeModesTestExecutionListener@15f35bc3, org.springframework.boot.test.autoconfigure.SpringBootDependencyInjectionTestExecutionListener@167381c7, org.springframework.test.context.support.DirtiesContextTestExecutionListener@608b1fd2, org.springframework.test.context.transaction.TransactionalTestExecutionListener@56382bc9, org.springframework.test.context.jdbc.SqlScriptsTestExecutionListener@591a4f8e, org.springframework.security.test.context.support.WithSecurityContextTestExecutionListener@53ed80d3, org.springframework.boot.test.autoconfigure.web.servlet.WebDriverTestExecutionListener@6ba060f3, org.springframework.boot.test.mock.mockito.MockitoTestExecutionListener@7c51782d, org.springframework.boot.test.autoconfigure.restdocs.RestDocsTestExecutionListener@77bc2e16, org.springframework.boot.test.mock.mockito.ResetMocksTestExecutionListener@48e8c32a, org.springframework.boot.test.autoconfigure.web.servlet.MockMvcPrintOnlyOnFailureTestExecutionListener@20a7953c, org.springframework.boot.test.autoconfigure.web.client.MockRestServiceServerResetTestExecutionListener@57c00115]
21:11:20.382 [main] DEBUG org.springframework.test.context.junit4.SpringJUnit4ClassRunner - SpringJUnit4ClassRunner constructor called with [class com.imooc.service.search.SearchServiceTests]
21:11:20.382 [main] DEBUG org.springframework.test.context.BootstrapUtils - Instantiating CacheAwareContextLoaderDelegate from class [org.springframework.test.context.cache.DefaultCacheAwareContextLoaderDelegate]
21:11:20.382 [main] DEBUG org.springframework.test.context.BootstrapUtils - Instantiating BootstrapContext using constructor [public org.springframework.test.context.support.DefaultBootstrapContext(java.lang.Class,org.springframework.test.context.CacheAwareContextLoaderDelegate)]
21:11:20.383 [main] DEBUG org.springframework.test.context.BootstrapUtils - Instantiating TestContextBootstrapper for test class [com.imooc.service.search.SearchServiceTests] from class [org.springframework.boot.test.context.SpringBootTestContextBootstrapper]
21:11:20.383 [main] INFO org.springframework.boot.test.context.SpringBootTestContextBootstrapper - Neither @ContextConfiguration nor @ContextHierarchy found for test class [com.imooc.service.search.SearchServiceTests], using SpringBootContextLoader
21:11:20.384 [main] DEBUG org.springframework.test.context.support.AbstractContextLoader - Did not detect default resource location for test class [com.imooc.service.search.SearchServiceTests]: class path resource [com/imooc/service/search/SearchServiceTests-context.xml] does not exist
21:11:20.385 [main] DEBUG org.springframework.test.context.support.AbstractContextLoader - Did not detect default resource location for test class [com.imooc.service.search.SearchServiceTests]: class path resource [com/imooc/service/search/SearchServiceTestsContext.groovy] does not exist
21:11:20.385 [main] INFO org.springframework.test.context.support.AbstractContextLoader - Could not detect default resource locations for test class [com.imooc.service.search.SearchServiceTests]: no resource found for suffixes {-context.xml, Context.groovy}.
21:11:20.385 [main] INFO org.springframework.test.context.support.AnnotationConfigContextLoaderUtils - Could not detect default configuration classes for test class [com.imooc.service.search.SearchServiceTests]: SearchServiceTests does not declare any static, non-private, non-final, nested classes annotated with @Configuration.
21:11:20.394 [main] DEBUG org.springframework.core.env.StandardEnvironment - Adding PropertySource 'systemProperties' with lowest search precedence
21:11:20.394 [main] DEBUG org.springframework.core.env.StandardEnvironment - Adding PropertySource 'systemEnvironment' with lowest search precedence
21:11:20.394 [main] DEBUG org.springframework.core.env.StandardEnvironment - Initialized StandardEnvironment with PropertySources [MapPropertySource@1041219253 {name='systemProperties', properties={java.runtime.name=Java(TM) SE Runtime Environment, sun.boot.library.path=C:\Program Files\Java\jdk1.8.0_31\jre\bin, java.vm.version=25.31-b07, java.vm.vendor=Oracle Corporation, java.vendor.url=http://java.oracle.com/, path.separator=;, java.vm.name=Java HotSpot(TM) 64-Bit Server VM, file.encoding.pkg=sun.io, user.country=CN, user.script=, sun.java.launcher=SUN_STANDARD, sun.os.patch.level=, java.vm.specification.name=Java Virtual Machine Specification, user.dir=C:\Users\Administrator\Desktop\learn\m2cn7s, java.runtime.version=1.8.0_31-b13, basedir=C:\Users\Administrator\Desktop\learn\m2cn7s, java.awt.graphicsenv=sun.awt.Win32GraphicsEnvironment, java.endorsed.dirs=C:\Program Files\Java\jdk1.8.0_31\jre\lib\endorsed, os.arch=amd64, surefire.real.class.path=C:\Users\Administrator\Desktop\learn\m2cn7s\target\surefire\surefirebooter1103369608163825697.jar;C:\\Users\\Administrator\\.m2\\repository\\org\\jacoco\\org.jacoco.agent\\0.7.5.201505241946\\org.jacoco.agent-0.7.5.201505241946-runtime.jar, java.io.tmpdir=C:\Users\ADMINI~1\AppData\Local\Temp\, line.separator=
, java.vm.specification.vendor=Oracle Corporation, user.variant=, os.name=Windows 8.1, sun.jnu.encoding=GBK, java.library.path=C:\Program Files\Java\jdk1.8.0_31\jre\bin;C:\windows\Sun\Java\bin;C:\windows\system32;C:\windows;C:/Program Files/Java/jre1.8.0_31/bin/server;C:/Program Files/Java/jre1.8.0_31/bin;C:/Program Files/Java/jre1.8.0_31/lib/amd64;E:\Oracle\product\11.2.0\dbhome_1\bin;C:\ProgramData\Oracle\Java\javapath;G:\android\sdk\platform-tools;G:\android\sdk\tools;C:\Program Files\Java\jdk1.8.0_31\bin;C:\Program Files\Java\jre1.8.0_31\bin;C:\Program Files\Java\jdk1.8.0_31\jre\bin;C:\Program Files (x86)\GtkSharp\2.12\bin;C:\windows\system32;C:\windows;C:\windows\System32\Wbem;G:\android\sdk\platform-tools;G:\android\sdk\tools;C:\Program Files\Java\jdk1.8.0_31\bin;C:\Program Files\Java\jre1.8.0_31\bin;C:\Program Files\Java\jdk1.8.0_31\jre\bin;D:\apache-maven-3.3.9\bin;C:\Program Files\MySQL\MySQL Utilities 1.6\;C:\gradle-4.1\BIN;E:\Program Files\erl8.1\bin;C:\Program Files (x86)\scala\bin;C:\Program Files (x86)\scala\bin;C:\Program Files (x86)\scala\jre\bin;C:\Program Files\nodejs\;D:\Python27;D:\Python27\Scripts;C:\Users\Administrator\AppData\Local\Programs\Fiddler;C:\Program Files (x86)\SSH Communications Security\SSH Secure Shell;C:\Users\Administrator\AppData\Roaming\npm;E:\Program Files\Microsoft VS Code\bin;G:\eclipse-win64;;., surefire.test.class.path=C:\Users\Administrator\Desktop\learn\m2cn7s\target\test-classes;C:\Users\Administrator\Desktop\learn\m2cn7s\target\classes;C:\Users\Administrator\.m2\repository\org\springframework\boot\spring-boot-starter-data-jpa\1.5.7.RELEASE\spring-boot-starter-data-jpa-1.5.7.RELEASE.jar;C:\Users\Administrator\.m2\repository\org\springframework\boot\spring-boot-starter\1.5.7.RELEASE\spring-boot-starter-1.5.7.RELEASE.jar;C:\Users\Administrator\.m2\repository\org\springframework\boot\spring-boot-starter-logging\1.5.7.RELEASE\spring-boot-starter-logging-1.5.7.RELEASE.jar;C:\Users\Administrator\.m2\repository\ch\qos\logback\logback-classic\1.1.11\logback-classic-1.1.11.jar;C:\Users\Administrator\.m2\repository\ch\qos\logback\logback-core\1.1.11\logback-core-1.1.11.jar;C:\Users\Administrator\.m2\repository\org\slf4j\jul-to-slf4j\1.7.25\jul-to-slf4j-1.7.25.jar;C:\Users\Administrator\.m2\repository\org\slf4j\log4j-over-slf4j\1.7.25\log4j-over-slf4j-1.7.25.jar;C:\Users\Administrator\.m2\repository\org\yaml\snakeyaml\1.17\snakeyaml-1.17.jar;C:\Users\Administrator\.m2\repository\org\springframework\boot\spring-boot-starter-jdbc\1.5.7.RELEASE\spring-boot-starter-jdbc-1.5.7.RELEASE.jar;C:\Users\Administrator\.m2\repository\org\apache\tomcat\tomcat-jdbc\8.5.20\tomcat-jdbc-8.5.20.jar;C:\Users\Administrator\.m2\repository\org\apache\tomcat\tomcat-juli\8.5.20\tomcat-juli-8.5.20.jar;C:\Users\Administrator\.m2\repository\org\springframework\spring-jdbc\4.3.11.RELEASE\spring-jdbc-4.3.11.RELEASE.jar;C:\Users\Administrator\.m2\repository\org\hibernate\hibernate-core\5.0.12.Final\hibernate-core-5.0.12.Final.jar;C:\Users\Administrator\.m2\repository\org\jboss\logging\jboss-logging\3.3.1.Final\jboss-logging-3.3.1.Final.jar;C:\Users\Administrator\.m2\repository\org\hibernate\javax\persistence\hibernate-jpa-2.1-api\1.0.0.Final\hibernate-jpa-2.1-api-1.0.0.Final.jar;C:\Users\Administrator\.m2\repository\org\javassist\javassist\3.21.0-GA\javassist-3.21.0-GA.jar;C:\Users\Administrator\.m2\repository\antlr\antlr\2.7.7\antlr-2.7.7.jar;C:\Users\Administrator\.m2\repository\org\jboss\jandex\2.0.0.Final\jandex-2.0.0.Final.jar;C:\Users\Administrator\.m2\repository\dom4j\dom4j\1.6.1\dom4j-1.6.1.jar;C:\Users\Administrator\.m2\repository\org\hibernate\common\hibernate-commons-annotations\5.0.1.Final\hibernate-commons-annotations-5.0.1.Final.jar;C:\Users\Administrator\.m2\repository\org\hibernate\hibernate-entitymanager\5.0.12.Final\hibernate-entitymanager-5.0.12.Final.jar;C:\Users\Administrator\.m2\repository\javax\transaction\javax.transaction-api\1.2\javax.transaction-api-1.2.jar;C:\Users\Administrator\.m2\repository\org\springframework\data\spring-data-jpa\1.11.7.RELEASE\spring-data-jpa-1.11.7.RELEASE.jar;C:\Users\Administrator\.m2\repository\org\springframework\data\spring-data-commons\1.13.7.RELEASE\spring-data-commons-1.13.7.RELEASE.jar;C:\Users\Administrator\.m2\repository\org\springframework\spring-orm\4.3.11.RELEASE\spring-orm-4.3.11.RELEASE.jar;C:\Users\Administrator\.m2\repository\org\springframework\spring-tx\4.3.11.RELEASE\spring-tx-4.3.11.RELEASE.jar;C:\Users\Administrator\.m2\repository\org\springframework\spring-beans\4.3.11.RELEASE\spring-beans-4.3.11.RELEASE.jar;C:\Users\Administrator\.m2\repository\org\slf4j\jcl-over-slf4j\1.7.25\jcl-over-slf4j-1.7.25.jar;C:\Users\Administrator\.m2\repository\org\springframework\spring-aspects\4.3.11.RELEASE\spring-aspects-4.3.11.RELEASE.jar;C:\Users\Administrator\.m2\repository\com\h2database\h2\1.4.196\h2-1.4.196.jar;C:\Users\Administrator\.m2\repository\mysql\mysql-connector-java\5.1.44\mysql-connector-java-5.1.44.jar;C:\Users\Administrator\.m2\repository\org\springframework\boot\spring-boot-starter-thymeleaf\1.5.7.RELEASE\spring-boot-starter-thymeleaf-1.5.7.RELEASE.jar;C:\Users\Administrator\.m2\repository\nz\net\ultraq\thymeleaf\thymeleaf-layout-dialect\2.1.1\thymeleaf-layout-dialect-2.1.1.jar;C:\Users\Administrator\.m2\repository\org\codehaus\groovy\groovy\2.4.12\groovy-2.4.12.jar;C:\Users\Administrator\.m2\repository\nz\net\ultraq\thymeleaf\thymeleaf-expression-processor\1.1.2\thymeleaf-expression-processor-1.1.2.jar;C:\Users\Administrator\.m2\repository\org\thymeleaf\thymeleaf\3.0.3.RELEASE\thymeleaf-3.0.3.RELEASE.jar;C:\Users\Administrator\.m2\repository\ognl\ognl\3.1.12\ognl-3.1.12.jar;C:\Users\Administrator\.m2\repository\org\attoparser\attoparser\2.0.2.RELEASE\attoparser-2.0.2.RELEASE.jar;C:\Users\Administrator\.m2\repository\org\unbescape\unbescape\1.1.4.RELEASE\unbescape-1.1.4.RELEASE.jar;C:\Users\Administrator\.m2\repository\org\slf4j\slf4j-api\1.7.25\slf4j-api-1.7.25.jar;C:\Users\Administrator\.m2\repository\org\thymeleaf\thymeleaf-spring4\3.0.2.RELEASE\thymeleaf-spring4-3.0.2.RELEASE.jar;C:\Users\Administrator\.m2\repository\org\springframework\boot\spring-boot-starter-web\1.5.7.RELEASE\spring-boot-starter-web-1.5.7.RELEASE.jar;C:\Users\Administrator\.m2\repository\org\springframework\boot\spring-boot-starter-tomcat\1.5.7.RELEASE\spring-boot-starter-tomcat-1.5.7.RELEASE.jar;C:\Users\Administrator\.m2\repository\org\apache\tomcat\embed\tomcat-embed-core\8.5.20\tomcat-embed-core-8.5.20.jar;C:\Users\Administrator\.m2\repository\org\apache\tomcat\embed\tomcat-embed-el\8.5.20\tomcat-embed-el-8.5.20.jar;C:\Users\Administrator\.m2\repository\org\apache\tomcat\embed\tomcat-embed-websocket\8.5.20\tomcat-embed-websocket-8.5.20.jar;C:\Users\Administrator\.m2\repository\org\hibernate\hibernate-validator\5.3.5.Final\hibernate-validator-5.3.5.Final.jar;C:\Users\Administrator\.m2\repository\javax\validation\validation-api\1.1.0.Final\validation-api-1.1.0.Final.jar;C:\Users\Administrator\.m2\repository\com\fasterxml\classmate\1.3.4\classmate-1.3.4.jar;C:\Users\Administrator\.m2\repository\org\springframework\spring-web\4.3.11.RELEASE\spring-web-4.3.11.RELEASE.jar;C:\Users\Administrator\.m2\repository\org\springframework\spring-webmvc\4.3.11.RELEASE\spring-webmvc-4.3.11.RELEASE.jar;C:\Users\Administrator\.m2\repository\org\springframework\spring-expression\4.3.11.RELEASE\spring-expression-4.3.11.RELEASE.jar;C:\Users\Administrator\.m2\repository\org\springframework\boot\spring-boot-starter-security\1.5.7.RELEASE\spring-boot-starter-security-1.5.7.RELEASE.jar;C:\Users\Administrator\.m2\repository\org\springframework\spring-aop\4.3.11.RELEASE\spring-aop-4.3.11.RELEASE.jar;C:\Users\Administrator\.m2\repository\org\springframework\security\spring-security-config\4.2.3.RELEASE\spring-security-config-4.2.3.RELEASE.jar;C:\Users\Administrator\.m2\repository\org\springframework\security\spring-security-web\4.2.3.RELEASE\spring-security-web-4.2.3.RELEASE.jar;C:\Users\Administrator\.m2\repository\org\thymeleaf\extras\thymeleaf-extras-springsecurity4\3.0.2.RELEASE\thymeleaf-extras-springsecurity4-3.0.2.RELEASE.jar;C:\Users\Administrator\.m2\repository\org\springframework\session\spring-session\1.3.1.RELEASE\spring-session-1.3.1.RELEASE.jar;C:\Users\Administrator\.m2\repository\org\springframework\boot\spring-boot-starter-data-redis\1.5.7.RELEASE\spring-boot-starter-data-redis-1.5.7.RELEASE.jar;C:\Users\Administrator\.m2\repository\org\springframework\data\spring-data-redis\1.8.7.RELEASE\spring-data-redis-1.8.7.RELEASE.jar;C:\Users\Administrator\.m2\repository\org\springframework\data\spring-data-keyvalue\1.2.7.RELEASE\spring-data-keyvalue-1.2.7.RELEASE.jar;C:\Users\Administrator\.m2\repository\org\springframework\spring-oxm\4.3.11.RELEASE\spring-oxm-4.3.11.RELEASE.jar;C:\Users\Administrator\.m2\repository\redis\clients\jedis\2.9.0\jedis-2.9.0.jar;C:\Users\Administrator\.m2\repository\org\apache\commons\commons-pool2\2.4.2\commons-pool2-2.4.2.jar;C:\Users\Administrator\.m2\repository\org\springframework\boot\spring-boot-devtools\1.5.7.RELEASE\spring-boot-devtools-1.5.7.RELEASE.jar;C:\Users\Administrator\.m2\repository\org\springframework\boot\spring-boot\1.5.7.RELEASE\spring-boot-1.5.7.RELEASE.jar;C:\Users\Administrator\.m2\repository\org\springframework\boot\spring-boot-autoconfigure\1.5.7.RELEASE\spring-boot-autoconfigure-1.5.7.RELEASE.jar;C:\Users\Administrator\.m2\repository\joda-time\joda-time\2.3\joda-time-2.3.jar;C:\Users\Administrator\.m2\repository\com\fasterxml\jackson\core\jackson-databind\2.5.0\jackson-databind-2.5.0.jar;C:\Users\Administrator\.m2\repository\com\fasterxml\jackson\core\jackson-annotations\2.8.0\jackson-annotations-2.8.0.jar;C:\Users\Administrator\.m2\repository\com\fasterxml\jackson\core\jackson-core\2.8.10\jackson-core-2.8.10.jar;C:\Users\Administrator\.m2\repository\com\qiniu\qiniu-java-sdk\7.2.9\qiniu-java-sdk-7.2.9.jar;C:\Users\Administrator\.m2\repository\com\squareup\okhttp3\okhttp\3.9.1\okhttp-3.9.1.jar;C:\Users\Administrator\.m2\repository\com\squareup\okio\okio\1.13.0\okio-1.13.0.jar;C:\Users\Administrator\.m2\repository\com\google\code\gson\gson\2.8.1\gson-2.8.1.jar;C:\Users\Administrator\.m2\repository\com\qiniu\happy-dns-java\0.1.6\happy-dns-java-0.1.6.jar;C:\Users\Administrator\.m2\repository\org\modelmapper\modelmapper\1.1.0\modelmapper-1.1.0.jar;C:\Users\Administrator\.m2\repository\com\google\guava\guava\18.0\guava-18.0.jar;C:\Users\Administrator\.m2\repository\org\elasticsearch\client\transport\5.6.1\transport-5.6.1.jar;C:\Users\Administrator\.m2\repository\org\elasticsearch\elasticsearch\5.6.1\elasticsearch-5.6.1.jar;C:\Users\Administrator\.m2\repository\org\apache\lucene\lucene-core\6.6.1\lucene-core-6.6.1.jar;C:\Users\Administrator\.m2\repository\org\apache\lucene\lucene-analyzers-common\6.6.1\lucene-analyzers-common-6.6.1.jar;C:\Users\Administrator\.m2\repository\org\apache\lucene\lucene-backward-codecs\6.6.1\lucene-backward-codecs-6.6.1.jar;C:\Users\Administrator\.m2\repository\org\apache\lucene\lucene-grouping\6.6.1\lucene-grouping-6.6.1.jar;C:\Users\Administrator\.m2\repository\org\apache\lucene\lucene-highlighter\6.6.1\lucene-highlighter-6.6.1.jar;C:\Users\Administrator\.m2\repository\org\apache\lucene\lucene-join\6.6.1\lucene-join-6.6.1.jar;C:\Users\Administrator\.m2\repository\org\apache\lucene\lucene-memory\6.6.1\lucene-memory-6.6.1.jar;C:\Users\Administrator\.m2\repository\org\apache\lucene\lucene-misc\6.6.1\lucene-misc-6.6.1.jar;C:\Users\Administrator\.m2\repository\org\apache\lucene\lucene-queries\6.6.1\lucene-queries-6.6.1.jar;C:\Users\Administrator\.m2\repository\org\apache\lucene\lucene-queryparser\6.6.1\lucene-queryparser-6.6.1.jar;C:\Users\Administrator\.m2\repository\org\apache\lucene\lucene-sandbox\6.6.1\lucene-sandbox-6.6.1.jar;C:\Users\Administrator\.m2\repository\org\apache\lucene\lucene-spatial\6.6.1\lucene-spatial-6.6.1.jar;C:\Users\Administrator\.m2\repository\org\apache\lucene\lucene-spatial-extras\6.6.1\lucene-spatial-extras-6.6.1.jar;C:\Users\Administrator\.m2\repository\org\apache\lucene\lucene-spatial3d\6.6.1\lucene-spatial3d-6.6.1.jar;C:\Users\Administrator\.m2\repository\org\apache\lucene\lucene-suggest\6.6.1\lucene-suggest-6.6.1.jar;C:\Users\Administrator\.m2\repository\org\elasticsearch\securesm\1.1\securesm-1.1.jar;C:\Users\Administrator\.m2\repository\net\sf\jopt-simple\jopt-simple\5.0.2\jopt-simple-5.0.2.jar;C:\Users\Administrator\.m2\repository\com\carrotsearch\hppc\0.7.1\hppc-0.7.1.jar;C:\Users\Administrator\.m2\repository\com\fasterxml\jackson\dataformat\jackson-dataformat-smile\2.8.10\jackson-dataformat-smile-2.8.10.jar;C:\Users\Administrator\.m2\repository\com\fasterxml\jackson\dataformat\jackson-dataformat-yaml\2.8.10\jackson-dataformat-yaml-2.8.10.jar;C:\Users\Administrator\.m2\repository\com\fasterxml\jackson\dataformat\jackson-dataformat-cbor\2.8.10\jackson-dataformat-cbor-2.8.10.jar;C:\Users\Administrator\.m2\repository\com\tdunning\t-digest\3.0\t-digest-3.0.jar;C:\Users\Administrator\.m2\repository\org\hdrhistogram\HdrHistogram\2.1.9\HdrHistogram-2.1.9.jar;C:\Users\Administrator\.m2\repository\org\elasticsearch\jna\4.4.0-1\jna-4.4.0-1.jar;C:\Users\Administrator\.m2\repository\org\elasticsearch\plugin\transport-netty3-client\5.6.1\transport-netty3-client-5.6.1.jar;C:\Users\Administrator\.m2\repository\io\netty\netty\3.10.6.Final\netty-3.10.6.Final.jar;C:\Users\Administrator\.m2\repository\org\elasticsearch\plugin\transport-netty4-client\5.6.1\transport-netty4-client-5.6.1.jar;C:\Users\Administrator\.m2\repository\io\netty\netty-buffer\4.1.13.Final\netty-buffer-4.1.13.Final.jar;C:\Users\Administrator\.m2\repository\io\netty\netty-codec\4.1.13.Final\netty-codec-4.1.13.Final.jar;C:\Users\Administrator\.m2\repository\io\netty\netty-codec-http\4.1.13.Final\netty-codec-http-4.1.13.Final.jar;C:\Users\Administrator\.m2\repository\io\netty\netty-common\4.1.13.Final\netty-common-4.1.13.Final.jar;C:\Users\Administrator\.m2\repository\io\netty\netty-handler\4.1.13.Final\netty-handler-4.1.13.Final.jar;C:\Users\Administrator\.m2\repository\io\netty\netty-resolver\4.1.13.Final\netty-resolver-4.1.13.Final.jar;C:\Users\Administrator\.m2\repository\io\netty\netty-transport\4.1.13.Final\netty-transport-4.1.13.Final.jar;C:\Users\Administrator\.m2\repository\org\elasticsearch\plugin\reindex-client\5.6.1\reindex-client-5.6.1.jar;C:\Users\Administrator\.m2\repository\org\elasticsearch\client\elasticsearch-rest-client\5.6.1\elasticsearch-rest-client-5.6.1.jar;C:\Users\Administrator\.m2\repository\org\apache\httpcomponents\httpclient\4.5.3\httpclient-4.5.3.jar;C:\Users\Administrator\.m2\repository\org\apache\httpcomponents\httpcore\4.4.6\httpcore-4.4.6.jar;C:\Users\Administrator\.m2\repository\org\apache\httpcomponents\httpasyncclient\4.1.3\httpasyncclient-4.1.3.jar;C:\Users\Administrator\.m2\repository\org\apache\httpcomponents\httpcore-nio\4.4.5\httpcore-nio-4.4.5.jar;C:\Users\Administrator\.m2\repository\commons-codec\commons-codec\1.10\commons-codec-1.10.jar;C:\Users\Administrator\.m2\repository\commons-logging\commons-logging\1.1.3\commons-logging-1.1.3.jar;C:\Users\Administrator\.m2\repository\org\elasticsearch\plugin\lang-mustache-client\5.6.1\lang-mustache-client-5.6.1.jar;C:\Users\Administrator\.m2\repository\com\github\spullara\mustache\java\compiler\0.9.3\compiler-0.9.3.jar;C:\Users\Administrator\.m2\repository\org\elasticsearch\plugin\percolator-client\5.6.1\percolator-client-5.6.1.jar;C:\Users\Administrator\.m2\repository\org\elasticsearch\plugin\parent-join-client\5.6.1\parent-join-client-5.6.1.jar;C:\Users\Administrator\.m2\repository\org\apache\logging\log4j\log4j-core\2.7\log4j-core-2.7.jar;C:\Users\Administrator\.m2\repository\org\apache\logging\log4j\log4j-api\2.7\log4j-api-2.7.jar;C:\Users\Administrator\.m2\repository\org\springframework\kafka\spring-kafka\1.1.6.RELEASE\spring-kafka-1.1.6.RELEASE.jar;C:\Users\Administrator\.m2\repository\org\springframework\spring-messaging\4.3.11.RELEASE\spring-messaging-4.3.11.RELEASE.jar;C:\Users\Administrator\.m2\repository\org\springframework\retry\spring-retry\1.2.1.RELEASE\spring-retry-1.2.1.RELEASE.jar;C:\Users\Administrator\.m2\repository\org\apache\kafka\kafka-clients\0.10.1.1\kafka-clients-0.10.1.1.jar;C:\Users\Administrator\.m2\repository\net\jpountz\lz4\lz4\1.3.0\lz4-1.3.0.jar;C:\Users\Administrator\.m2\repository\org\xerial\snappy\snappy-java\1.1.2.6\snappy-java-1.1.2.6.jar;C:\Users\Administrator\.m2\repository\org\springframework\boot\spring-boot-starter-mail\1.5.7.RELEASE\spring-boot-starter-mail-1.5.7.RELEASE.jar;C:\Users\Administrator\.m2\repository\org\springframework\spring-context\4.3.11.RELEASE\spring-context-4.3.11.RELEASE.jar;C:\Users\Administrator\.m2\repository\org\springframework\spring-context-support\4.3.11.RELEASE\spring-context-support-4.3.11.RELEASE.jar;C:\Users\Administrator\.m2\repository\com\sun\mail\javax.mail\1.5.6\javax.mail-1.5.6.jar;C:\Users\Administrator\.m2\repository\javax\activation\activation\1.1\activation-1.1.jar;C:\Users\Administrator\.m2\repository\org\springframework\boot\spring-boot-starter-test\1.5.7.RELEASE\spring-boot-starter-test-1.5.7.RELEASE.jar;C:\Users\Administrator\.m2\repository\org\springframework\boot\spring-boot-test\1.5.7.RELEASE\spring-boot-test-1.5.7.RELEASE.jar;C:\Users\Administrator\.m2\repository\org\springframework\boot\spring-boot-test-autoconfigure\1.5.7.RELEASE\spring-boot-test-autoconfigure-1.5.7.RELEASE.jar;C:\Users\Administrator\.m2\repository\com\jayway\jsonpath\json-path\2.2.0\json-path-2.2.0.jar;C:\Users\Administrator\.m2\repository\net\minidev\json-smart\2.2.1\json-smart-2.2.1.jar;C:\Users\Administrator\.m2\repository\net\minidev\accessors-smart\1.1\accessors-smart-1.1.jar;C:\Users\Administrator\.m2\repository\org\ow2\asm\asm\5.0.3\asm-5.0.3.jar;C:\Users\Administrator\.m2\repository\junit\junit\4.12\junit-4.12.jar;C:\Users\Administrator\.m2\repository\org\assertj\assertj-core\2.6.0\assertj-core-2.6.0.jar;C:\Users\Administrator\.m2\repository\org\mockito\mockito-core\1.10.19\mockito-core-1.10.19.jar;C:\Users\Administrator\.m2\repository\org\objenesis\objenesis\2.1\objenesis-2.1.jar;C:\Users\Administrator\.m2\repository\org\hamcrest\hamcrest-core\1.3\hamcrest-core-1.3.jar;C:\Users\Administrator\.m2\repository\org\hamcrest\hamcrest-library\1.3\hamcrest-library-1.3.jar;C:\Users\Administrator\.m2\repository\org\skyscreamer\jsonassert\1.4.0\jsonassert-1.4.0.jar;C:\Users\Administrator\.m2\repository\com\vaadin\external\google\android-json\0.0.20131108.vaadin1\android-json-0.0.20131108.vaadin1.jar;C:\Users\Administrator\.m2\repository\org\springframework\spring-core\4.3.11.RELEASE\spring-core-4.3.11.RELEASE.jar;C:\Users\Administrator\.m2\repository\org\springframework\spring-test\4.3.11.RELEASE\spring-test-4.3.11.RELEASE.jar;C:\Users\Administrator\.m2\repository\org\springframework\security\spring-security-test\4.2.3.RELEASE\spring-security-test-4.2.3.RELEASE.jar;C:\Users\Administrator\.m2\repository\org\springframework\security\spring-security-core\4.2.3.RELEASE\spring-security-core-4.2.3.RELEASE.jar;C:\Users\Administrator\.m2\repository\aopalliance\aopalliance\1.0\aopalliance-1.0.jar;C:\Users\Administrator\.m2\repository\com\aliyun\aliyun-java-sdk-core\3.2.3\aliyun-java-sdk-core-3.2.3.jar;C:\Users\Administrator\.m2\repository\com\aliyun\aliyun-java-sdk-dysmsapi\1.0.0\aliyun-java-sdk-dysmsapi-1.0.0.jar;C:\Users\Administrator\.m2\repository\org\springframework\boot\spring-boot-starter-aop\1.5.7.RELEASE\spring-boot-starter-aop-1.5.7.RELEASE.jar;C:\Users\Administrator\.m2\repository\org\aspectj\aspectjweaver\1.8.10\aspectjweaver-1.8.10.jar;, java.specification.name=Java Platform API Specification, java.class.version=52.0, sun.management.compiler=HotSpot 64-Bit Tiered Compilers, os.version=6.3, user.home=C:\Users\Administrator, user.timezone=Asia/Shanghai, java.awt.printerjob=sun.awt.windows.WPrinterJob, file.encoding=GBK, java.specification.version=1.8, java.class.path=C:\Users\Administrator\Desktop\learn\m2cn7s\target\test-classes;C:\Users\Administrator\Desktop\learn\m2cn7s\target\classes;C:\Users\Administrator\.m2\repository\org\springframework\boot\spring-boot-starter-data-jpa\1.5.7.RELEASE\spring-boot-starter-data-jpa-1.5.7.RELEASE.jar;C:\Users\Administrator\.m2\repository\org\springframework\boot\spring-boot-starter\1.5.7.RELEASE\spring-boot-starter-1.5.7.RELEASE.jar;C:\Users\Administrator\.m2\repository\org\springframework\boot\spring-boot-starter-logging\1.5.7.RELEASE\spring-boot-starter-logging-1.5.7.RELEASE.jar;C:\Users\Administrator\.m2\repository\ch\qos\logback\logback-classic\1.1.11\logback-classic-1.1.11.jar;C:\Users\Administrator\.m2\repository\ch\qos\logback\logback-core\1.1.11\logback-core-1.1.11.jar;C:\Users\Administrator\.m2\repository\org\slf4j\jul-to-slf4j\1.7.25\jul-to-slf4j-1.7.25.jar;C:\Users\Administrator\.m2\repository\org\slf4j\log4j-over-slf4j\1.7.25\log4j-over-slf4j-1.7.25.jar;C:\Users\Administrator\.m2\repository\org\yaml\snakeyaml\1.17\snakeyaml-1.17.jar;C:\Users\Administrator\.m2\repository\org\springframework\boot\spring-boot-starter-jdbc\1.5.7.RELEASE\spring-boot-starter-jdbc-1.5.7.RELEASE.jar;C:\Users\Administrator\.m2\repository\org\apache\tomcat\tomcat-jdbc\8.5.20\tomcat-jdbc-8.5.20.jar;C:\Users\Administrator\.m2\repository\org\apache\tomcat\tomcat-juli\8.5.20\tomcat-juli-8.5.20.jar;C:\Users\Administrator\.m2\repository\org\springframework\spring-jdbc\4.3.11.RELEASE\spring-jdbc-4.3.11.RELEASE.jar;C:\Users\Administrator\.m2\repository\org\hibernate\hibernate-core\5.0.12.Final\hibernate-core-5.0.12.Final.jar;C:\Users\Administrator\.m2\repository\org\jboss\logging\jboss-logging\3.3.1.Final\jboss-logging-3.3.1.Final.jar;C:\Users\Administrator\.m2\repository\org\hibernate\javax\persistence\hibernate-jpa-2.1-api\1.0.0.Final\hibernate-jpa-2.1-api-1.0.0.Final.jar;C:\Users\Administrator\.m2\repository\org\javassist\javassist\3.21.0-GA\javassist-3.21.0-GA.jar;C:\Users\Administrator\.m2\repository\antlr\antlr\2.7.7\antlr-2.7.7.jar;C:\Users\Administrator\.m2\repository\org\jboss\jandex\2.0.0.Final\jandex-2.0.0.Final.jar;C:\Users\Administrator\.m2\repository\dom4j\dom4j\1.6.1\dom4j-1.6.1.jar;C:\Users\Administrator\.m2\repository\org\hibernate\common\hibernate-commons-annotations\5.0.1.Final\hibernate-commons-annotations-5.0.1.Final.jar;C:\Users\Administrator\.m2\repository\org\hibernate\hibernate-entitymanager\5.0.12.Final\hibernate-entitymanager-5.0.12.Final.jar;C:\Users\Administrator\.m2\repository\javax\transaction\javax.transaction-api\1.2\javax.transaction-api-1.2.jar;C:\Users\Administrator\.m2\repository\org\springframework\data\spring-data-jpa\1.11.7.RELEASE\spring-data-jpa-1.11.7.RELEASE.jar;C:\Users\Administrator\.m2\repository\org\springframework\data\spring-data-commons\1.13.7.RELEASE\spring-data-commons-1.13.7.RELEASE.jar;C:\Users\Administrator\.m2\repository\org\springframework\spring-orm\4.3.11.RELEASE\spring-orm-4.3.11.RELEASE.jar;C:\Users\Administrator\.m2\repository\org\springframework\spring-tx\4.3.11.RELEASE\spring-tx-4.3.11.RELEASE.jar;C:\Users\Administrator\.m2\repository\org\springframework\spring-beans\4.3.11.RELEASE\spring-beans-4.3.11.RELEASE.jar;C:\Users\Administrator\.m2\repository\org\slf4j\jcl-over-slf4j\1.7.25\jcl-over-slf4j-1.7.25.jar;C:\Users\Administrator\.m2\repository\org\springframework\spring-aspects\4.3.11.RELEASE\spring-aspects-4.3.11.RELEASE.jar;C:\Users\Administrator\.m2\repository\com\h2database\h2\1.4.196\h2-1.4.196.jar;C:\Users\Administrator\.m2\repository\mysql\mysql-connector-java\5.1.44\mysql-connector-java-5.1.44.jar;C:\Users\Administrator\.m2\repository\org\springframework\boot\spring-boot-starter-thymeleaf\1.5.7.RELEASE\spring-boot-starter-thymeleaf-1.5.7.RELEASE.jar;C:\Users\Administrator\.m2\repository\nz\net\ultraq\thymeleaf\thymeleaf-layout-dialect\2.1.1\thymeleaf-layout-dialect-2.1.1.jar;C:\Users\Administrator\.m2\repository\org\codehaus\groovy\groovy\2.4.12\groovy-2.4.12.jar;C:\Users\Administrator\.m2\repository\nz\net\ultraq\thymeleaf\thymeleaf-expression-processor\1.1.2\thymeleaf-expression-processor-1.1.2.jar;C:\Users\Administrator\.m2\repository\org\thymeleaf\thymeleaf\3.0.3.RELEASE\thymeleaf-3.0.3.RELEASE.jar;C:\Users\Administrator\.m2\repository\ognl\ognl\3.1.12\ognl-3.1.12.jar;C:\Users\Administrator\.m2\repository\org\attoparser\attoparser\2.0.2.RELEASE\attoparser-2.0.2.RELEASE.jar;C:\Users\Administrator\.m2\repository\org\unbescape\unbescape\1.1.4.RELEASE\unbescape-1.1.4.RELEASE.jar;C:\Users\Administrator\.m2\repository\org\slf4j\slf4j-api\1.7.25\slf4j-api-1.7.25.jar;C:\Users\Administrator\.m2\repository\org\thymeleaf\thymeleaf-spring4\3.0.2.RELEASE\thymeleaf-spring4-3.0.2.RELEASE.jar;C:\Users\Administrator\.m2\repository\org\springframework\boot\spring-boot-starter-web\1.5.7.RELEASE\spring-boot-starter-web-1.5.7.RELEASE.jar;C:\Users\Administrator\.m2\repository\org\springframework\boot\spring-boot-starter-tomcat\1.5.7.RELEASE\spring-boot-starter-tomcat-1.5.7.RELEASE.jar;C:\Users\Administrator\.m2\repository\org\apache\tomcat\embed\tomcat-embed-core\8.5.20\tomcat-embed-core-8.5.20.jar;C:\Users\Administrator\.m2\repository\org\apache\tomcat\embed\tomcat-embed-el\8.5.20\tomcat-embed-el-8.5.20.jar;C:\Users\Administrator\.m2\repository\org\apache\tomcat\embed\tomcat-embed-websocket\8.5.20\tomcat-embed-websocket-8.5.20.jar;C:\Users\Administrator\.m2\repository\org\hibernate\hibernate-validator\5.3.5.Final\hibernate-validator-5.3.5.Final.jar;C:\Users\Administrator\.m2\repository\javax\validation\validation-api\1.1.0.Final\validation-api-1.1.0.Final.jar;C:\Users\Administrator\.m2\repository\com\fasterxml\classmate\1.3.4\classmate-1.3.4.jar;C:\Users\Administrator\.m2\repository\org\springframework\spring-web\4.3.11.RELEASE\spring-web-4.3.11.RELEASE.jar;C:\Users\Administrator\.m2\repository\org\springframework\spring-webmvc\4.3.11.RELEASE\spring-webmvc-4.3.11.RELEASE.jar;C:\Users\Administrator\.m2\repository\org\springframework\spring-expression\4.3.11.RELEASE\spring-expression-4.3.11.RELEASE.jar;C:\Users\Administrator\.m2\repository\org\springframework\boot\spring-boot-starter-security\1.5.7.RELEASE\spring-boot-starter-security-1.5.7.RELEASE.jar;C:\Users\Administrator\.m2\repository\org\springframework\spring-aop\4.3.11.RELEASE\spring-aop-4.3.11.RELEASE.jar;C:\Users\Administrator\.m2\repository\org\springframework\security\spring-security-config\4.2.3.RELEASE\spring-security-config-4.2.3.RELEASE.jar;C:\Users\Administrator\.m2\repository\org\springframework\security\spring-security-web\4.2.3.RELEASE\spring-security-web-4.2.3.RELEASE.jar;C:\Users\Administrator\.m2\repository\org\thymeleaf\extras\thymeleaf-extras-springsecurity4\3.0.2.RELEASE\thymeleaf-extras-springsecurity4-3.0.2.RELEASE.jar;C:\Users\Administrator\.m2\repository\org\springframework\session\spring-session\1.3.1.RELEASE\spring-session-1.3.1.RELEASE.jar;C:\Users\Administrator\.m2\repository\org\springframework\boot\spring-boot-starter-data-redis\1.5.7.RELEASE\spring-boot-starter-data-redis-1.5.7.RELEASE.jar;C:\Users\Administrator\.m2\repository\org\springframework\data\spring-data-redis\1.8.7.RELEASE\spring-data-redis-1.8.7.RELEASE.jar;C:\Users\Administrator\.m2\repository\org\springframework\data\spring-data-keyvalue\1.2.7.RELEASE\spring-data-keyvalue-1.2.7.RELEASE.jar;C:\Users\Administrator\.m2\repository\org\springframework\spring-oxm\4.3.11.RELEASE\spring-oxm-4.3.11.RELEASE.jar;C:\Users\Administrator\.m2\repository\redis\clients\jedis\2.9.0\jedis-2.9.0.jar;C:\Users\Administrator\.m2\repository\org\apache\commons\commons-pool2\2.4.2\commons-pool2-2.4.2.jar;C:\Users\Administrator\.m2\repository\org\springframework\boot\spring-boot-devtools\1.5.7.RELEASE\spring-boot-devtools-1.5.7.RELEASE.jar;C:\Users\Administrator\.m2\repository\org\springframework\boot\spring-boot\1.5.7.RELEASE\spring-boot-1.5.7.RELEASE.jar;C:\Users\Administrator\.m2\repository\org\springframework\boot\spring-boot-autoconfigure\1.5.7.RELEASE\spring-boot-autoconfigure-1.5.7.RELEASE.jar;C:\Users\Administrator\.m2\repository\joda-time\joda-time\2.3\joda-time-2.3.jar;C:\Users\Administrator\.m2\repository\com\fasterxml\jackson\core\jackson-databind\2.5.0\jackson-databind-2.5.0.jar;C:\Users\Administrator\.m2\repository\com\fasterxml\jackson\core\jackson-annotations\2.8.0\jackson-annotations-2.8.0.jar;C:\Users\Administrator\.m2\repository\com\fasterxml\jackson\core\jackson-core\2.8.10\jackson-core-2.8.10.jar;C:\Users\Administrator\.m2\repository\com\qiniu\qiniu-java-sdk\7.2.9\qiniu-java-sdk-7.2.9.jar;C:\Users\Administrator\.m2\repository\com\squareup\okhttp3\okhttp\3.9.1\okhttp-3.9.1.jar;C:\Users\Administrator\.m2\repository\com\squareup\okio\okio\1.13.0\okio-1.13.0.jar;C:\Users\Administrator\.m2\repository\com\google\code\gson\gson\2.8.1\gson-2.8.1.jar;C:\Users\Administrator\.m2\repository\com\qiniu\happy-dns-java\0.1.6\happy-dns-java-0.1.6.jar;C:\Users\Administrator\.m2\repository\org\modelmapper\modelmapper\1.1.0\modelmapper-1.1.0.jar;C:\Users\Administrator\.m2\repository\com\google\guava\guava\18.0\guava-18.0.jar;C:\Users\Administrator\.m2\repository\org\elasticsearch\client\transport\5.6.1\transport-5.6.1.jar;C:\Users\Administrator\.m2\repository\org\elasticsearch\elasticsearch\5.6.1\elasticsearch-5.6.1.jar;C:\Users\Administrator\.m2\repository\org\apache\lucene\lucene-core\6.6.1\lucene-core-6.6.1.jar;C:\Users\Administrator\.m2\repository\org\apache\lucene\lucene-analyzers-common\6.6.1\lucene-analyzers-common-6.6.1.jar;C:\Users\Administrator\.m2\repository\org\apache\lucene\lucene-backward-codecs\6.6.1\lucene-backward-codecs-6.6.1.jar;C:\Users\Administrator\.m2\repository\org\apache\lucene\lucene-grouping\6.6.1\lucene-grouping-6.6.1.jar;C:\Users\Administrator\.m2\repository\org\apache\lucene\lucene-highlighter\6.6.1\lucene-highlighter-6.6.1.jar;C:\Users\Administrator\.m2\repository\org\apache\lucene\lucene-join\6.6.1\lucene-join-6.6.1.jar;C:\Users\Administrator\.m2\repository\org\apache\lucene\lucene-memory\6.6.1\lucene-memory-6.6.1.jar;C:\Users\Administrator\.m2\repository\org\apache\lucene\lucene-misc\6.6.1\lucene-misc-6.6.1.jar;C:\Users\Administrator\.m2\repository\org\apache\lucene\lucene-queries\6.6.1\lucene-queries-6.6.1.jar;C:\Users\Administrator\.m2\repository\org\apache\lucene\lucene-queryparser\6.6.1\lucene-queryparser-6.6.1.jar;C:\Users\Administrator\.m2\repository\org\apache\lucene\lucene-sandbox\6.6.1\lucene-sandbox-6.6.1.jar;C:\Users\Administrator\.m2\repository\org\apache\lucene\lucene-spatial\6.6.1\lucene-spatial-6.6.1.jar;C:\Users\Administrator\.m2\repository\org\apache\lucene\lucene-spatial-extras\6.6.1\lucene-spatial-extras-6.6.1.jar;C:\Users\Administrator\.m2\repository\org\apache\lucene\lucene-spatial3d\6.6.1\lucene-spatial3d-6.6.1.jar;C:\Users\Administrator\.m2\repository\org\apache\lucene\lucene-suggest\6.6.1\lucene-suggest-6.6.1.jar;C:\Users\Administrator\.m2\repository\org\elasticsearch\securesm\1.1\securesm-1.1.jar;C:\Users\Administrator\.m2\repository\net\sf\jopt-simple\jopt-simple\5.0.2\jopt-simple-5.0.2.jar;C:\Users\Administrator\.m2\repository\com\carrotsearch\hppc\0.7.1\hppc-0.7.1.jar;C:\Users\Administrator\.m2\repository\com\fasterxml\jackson\dataformat\jackson-dataformat-smile\2.8.10\jackson-dataformat-smile-2.8.10.jar;C:\Users\Administrator\.m2\repository\com\fasterxml\jackson\dataformat\jackson-dataformat-yaml\2.8.10\jackson-dataformat-yaml-2.8.10.jar;C:\Users\Administrator\.m2\repository\com\fasterxml\jackson\dataformat\jackson-dataformat-cbor\2.8.10\jackson-dataformat-cbor-2.8.10.jar;C:\Users\Administrator\.m2\repository\com\tdunning\t-digest\3.0\t-digest-3.0.jar;C:\Users\Administrator\.m2\repository\org\hdrhistogram\HdrHistogram\2.1.9\HdrHistogram-2.1.9.jar;C:\Users\Administrator\.m2\repository\org\elasticsearch\jna\4.4.0-1\jna-4.4.0-1.jar;C:\Users\Administrator\.m2\repository\org\elasticsearch\plugin\transport-netty3-client\5.6.1\transport-netty3-client-5.6.1.jar;C:\Users\Administrator\.m2\repository\io\netty\netty\3.10.6.Final\netty-3.10.6.Final.jar;C:\Users\Administrator\.m2\repository\org\elasticsearch\plugin\transport-netty4-client\5.6.1\transport-netty4-client-5.6.1.jar;C:\Users\Administrator\.m2\repository\io\netty\netty-buffer\4.1.13.Final\netty-buffer-4.1.13.Final.jar;C:\Users\Administrator\.m2\repository\io\netty\netty-codec\4.1.13.Final\netty-codec-4.1.13.Final.jar;C:\Users\Administrator\.m2\repository\io\netty\netty-codec-http\4.1.13.Final\netty-codec-http-4.1.13.Final.jar;C:\Users\Administrator\.m2\repository\io\netty\netty-common\4.1.13.Final\netty-common-4.1.13.Final.jar;C:\Users\Administrator\.m2\repository\io\netty\netty-handler\4.1.13.Final\netty-handler-4.1.13.Final.jar;C:\Users\Administrator\.m2\repository\io\netty\netty-resolver\4.1.13.Final\netty-resolver-4.1.13.Final.jar;C:\Users\Administrator\.m2\repository\io\netty\netty-transport\4.1.13.Final\netty-transport-4.1.13.Final.jar;C:\Users\Administrator\.m2\repository\org\elasticsearch\plugin\reindex-client\5.6.1\reindex-client-5.6.1.jar;C:\Users\Administrator\.m2\repository\org\elasticsearch\client\elasticsearch-rest-client\5.6.1\elasticsearch-rest-client-5.6.1.jar;C:\Users\Administrator\.m2\repository\org\apache\httpcomponents\httpclient\4.5.3\httpclient-4.5.3.jar;C:\Users\Administrator\.m2\repository\org\apache\httpcomponents\httpcore\4.4.6\httpcore-4.4.6.jar;C:\Users\Administrator\.m2\repository\org\apache\httpcomponents\httpasyncclient\4.1.3\httpasyncclient-4.1.3.jar;C:\Users\Administrator\.m2\repository\org\apache\httpcomponents\httpcore-nio\4.4.5\httpcore-nio-4.4.5.jar;C:\Users\Administrator\.m2\repository\commons-codec\commons-codec\1.10\commons-codec-1.10.jar;C:\Users\Administrator\.m2\repository\commons-logging\commons-logging\1.1.3\commons-logging-1.1.3.jar;C:\Users\Administrator\.m2\repository\org\elasticsearch\plugin\lang-mustache-client\5.6.1\lang-mustache-client-5.6.1.jar;C:\Users\Administrator\.m2\repository\com\github\spullara\mustache\java\compiler\0.9.3\compiler-0.9.3.jar;C:\Users\Administrator\.m2\repository\org\elasticsearch\plugin\percolator-client\5.6.1\percolator-client-5.6.1.jar;C:\Users\Administrator\.m2\repository\org\elasticsearch\plugin\parent-join-client\5.6.1\parent-join-client-5.6.1.jar;C:\Users\Administrator\.m2\repository\org\apache\logging\log4j\log4j-core\2.7\log4j-core-2.7.jar;C:\Users\Administrator\.m2\repository\org\apache\logging\log4j\log4j-api\2.7\log4j-api-2.7.jar;C:\Users\Administrator\.m2\repository\org\springframework\kafka\spring-kafka\1.1.6.RELEASE\spring-kafka-1.1.6.RELEASE.jar;C:\Users\Administrator\.m2\repository\org\springframework\spring-messaging\4.3.11.RELEASE\spring-messaging-4.3.11.RELEASE.jar;C:\Users\Administrator\.m2\repository\org\springframework\retry\spring-retry\1.2.1.RELEASE\spring-retry-1.2.1.RELEASE.jar;C:\Users\Administrator\.m2\repository\org\apache\kafka\kafka-clients\0.10.1.1\kafka-clients-0.10.1.1.jar;C:\Users\Administrator\.m2\repository\net\jpountz\lz4\lz4\1.3.0\lz4-1.3.0.jar;C:\Users\Administrator\.m2\repository\org\xerial\snappy\snappy-java\1.1.2.6\snappy-java-1.1.2.6.jar;C:\Users\Administrator\.m2\repository\org\springframework\boot\spring-boot-starter-mail\1.5.7.RELEASE\spring-boot-starter-mail-1.5.7.RELEASE.jar;C:\Users\Administrator\.m2\repository\org\springframework\spring-context\4.3.11.RELEASE\spring-context-4.3.11.RELEASE.jar;C:\Users\Administrator\.m2\repository\org\springframework\spring-context-support\4.3.11.RELEASE\spring-context-support-4.3.11.RELEASE.jar;C:\Users\Administrator\.m2\repository\com\sun\mail\javax.mail\1.5.6\javax.mail-1.5.6.jar;C:\Users\Administrator\.m2\repository\javax\activation\activation\1.1\activation-1.1.jar;C:\Users\Administrator\.m2\repository\org\springframework\boot\spring-boot-starter-test\1.5.7.RELEASE\spring-boot-starter-test-1.5.7.RELEASE.jar;C:\Users\Administrator\.m2\repository\org\springframework\boot\spring-boot-test\1.5.7.RELEASE\spring-boot-test-1.5.7.RELEASE.jar;C:\Users\Administrator\.m2\repository\org\springframework\boot\spring-boot-test-autoconfigure\1.5.7.RELEASE\spring-boot-test-autoconfigure-1.5.7.RELEASE.jar;C:\Users\Administrator\.m2\repository\com\jayway\jsonpath\json-path\2.2.0\json-path-2.2.0.jar;C:\Users\Administrator\.m2\repository\net\minidev\json-smart\2.2.1\json-smart-2.2.1.jar;C:\Users\Administrator\.m2\repository\net\minidev\accessors-smart\1.1\accessors-smart-1.1.jar;C:\Users\Administrator\.m2\repository\org\ow2\asm\asm\5.0.3\asm-5.0.3.jar;C:\Users\Administrator\.m2\repository\junit\junit\4.12\junit-4.12.jar;C:\Users\Administrator\.m2\repository\org\assertj\assertj-core\2.6.0\assertj-core-2.6.0.jar;C:\Users\Administrator\.m2\repository\org\mockito\mockito-core\1.10.19\mockito-core-1.10.19.jar;C:\Users\Administrator\.m2\repository\org\objenesis\objenesis\2.1\objenesis-2.1.jar;C:\Users\Administrator\.m2\repository\org\hamcrest\hamcrest-core\1.3\hamcrest-core-1.3.jar;C:\Users\Administrator\.m2\repository\org\hamcrest\hamcrest-library\1.3\hamcrest-library-1.3.jar;C:\Users\Administrator\.m2\repository\org\skyscreamer\jsonassert\1.4.0\jsonassert-1.4.0.jar;C:\Users\Administrator\.m2\repository\com\vaadin\external\google\android-json\0.0.20131108.vaadin1\android-json-0.0.20131108.vaadin1.jar;C:\Users\Administrator\.m2\repository\org\springframework\spring-core\4.3.11.RELEASE\spring-core-4.3.11.RELEASE.jar;C:\Users\Administrator\.m2\repository\org\springframework\spring-test\4.3.11.RELEASE\spring-test-4.3.11.RELEASE.jar;C:\Users\Administrator\.m2\repository\org\springframework\security\spring-security-test\4.2.3.RELEASE\spring-security-test-4.2.3.RELEASE.jar;C:\Users\Administrator\.m2\repository\org\springframework\security\spring-security-core\4.2.3.RELEASE\spring-security-core-4.2.3.RELEASE.jar;C:\Users\Administrator\.m2\repository\aopalliance\aopalliance\1.0\aopalliance-1.0.jar;C:\Users\Administrator\.m2\repository\com\aliyun\aliyun-java-sdk-core\3.2.3\aliyun-java-sdk-core-3.2.3.jar;C:\Users\Administrator\.m2\repository\com\aliyun\aliyun-java-sdk-dysmsapi\1.0.0\aliyun-java-sdk-dysmsapi-1.0.0.jar;C:\Users\Administrator\.m2\repository\org\springframework\boot\spring-boot-starter-aop\1.5.7.RELEASE\spring-boot-starter-aop-1.5.7.RELEASE.jar;C:\Users\Administrator\.m2\repository\org\aspectj\aspectjweaver\1.8.10\aspectjweaver-1.8.10.jar;, user.name=Administrator, java.vm.specification.version=1.8, sun.java.command=C:\Users\Administrator\Desktop\learn\m2cn7s\target\surefire\surefirebooter1103369608163825697.jar C:\Users\Administrator\Desktop\learn\m2cn7s\target\surefire\surefire6215325077581212918tmp C:\Users\Administrator\Desktop\learn\m2cn7s\target\surefire\surefire_08578416206993343501tmp, java.home=C:\Program Files\Java\jdk1.8.0_31\jre, sun.arch.data.model=64, user.language=zh, java.specification.vendor=Oracle Corporation, awt.toolkit=sun.awt.windows.WToolkit, java.vm.info=mixed mode, java.version=1.8.0_31, java.ext.dirs=C:\Program Files\Java\jdk1.8.0_31\jre\lib\ext;C:\windows\Sun\Java\lib\ext, sun.boot.class.path=C:\Program Files\Java\jdk1.8.0_31\jre\lib\resources.jar;C:\Program Files\Java\jdk1.8.0_31\jre\lib\rt.jar;C:\Program Files\Java\jdk1.8.0_31\jre\lib\sunrsasign.jar;C:\Program Files\Java\jdk1.8.0_31\jre\lib\jsse.jar;C:\Program Files\Java\jdk1.8.0_31\jre\lib\jce.jar;C:\Program Files\Java\jdk1.8.0_31\jre\lib\charsets.jar;C:\Program Files\Java\jdk1.8.0_31\jre\lib\jfr.jar;C:\Program Files\Java\jdk1.8.0_31\jre\classes, java.vendor=Oracle Corporation, localRepository=C:\Users\Administrator\.m2\repository, file.separator=\, java.vendor.url.bug=http://bugreport.sun.com/bugreport/, sun.io.unicode.encoding=UnicodeLittle, sun.cpu.endian=little, sun.desktop=windows, sun.cpu.isalist=amd64}}, SystemEnvironmentPropertySource@964094970 {name='systemEnvironment', properties={PATH=C:/Program Files/Java/jre1.8.0_31/bin/server;C:/Program Files/Java/jre1.8.0_31/bin;C:/Program Files/Java/jre1.8.0_31/lib/amd64;E:\Oracle\product\11.2.0\dbhome_1\bin;C:\ProgramData\Oracle\Java\javapath;G:\android\sdk\platform-tools;G:\android\sdk\tools;C:\Program Files\Java\jdk1.8.0_31\bin;C:\Program Files\Java\jre1.8.0_31\bin;C:\Program Files\Java\jdk1.8.0_31\jre\bin;C:\Program Files (x86)\GtkSharp\2.12\bin;C:\windows\system32;C:\windows;C:\windows\System32\Wbem;G:\android\sdk\platform-tools;G:\android\sdk\tools;C:\Program Files\Java\jdk1.8.0_31\bin;C:\Program Files\Java\jre1.8.0_31\bin;C:\Program Files\Java\jdk1.8.0_31\jre\bin;D:\apache-maven-3.3.9\bin;C:\Program Files\MySQL\MySQL Utilities 1.6\;C:\gradle-4.1\BIN;E:\Program Files\erl8.1\bin;C:\Program Files (x86)\scala\bin;C:\Program Files (x86)\scala\bin;C:\Program Files (x86)\scala\jre\bin;C:\Program Files\nodejs\;D:\Python27;D:\Python27\Scripts;C:\Users\Administrator\AppData\Local\Programs\Fiddler;C:\Program Files (x86)\SSH Communications Security\SSH Secure Shell;C:\Users\Administrator\AppData\Roaming\npm;E:\Program Files\Microsoft VS Code\bin;G:\eclipse-win64;, USERDOMAIN_ROAMINGPROFILE=SC-201703091028, PROCESSOR_LEVEL=6, SYSTEMDRIVE=C:, SESSIONNAME=Console, ALLUSERSPROFILE=C:\ProgramData, PROCESSOR_ARCHITECTURE=AMD64, JRE_HOME=C:\Program Files\Java\jre1.8.0_31, MAVEN_HOME=D:\apache-maven-3.3.9, PROGRAMFILES=C:\Program Files, JAVA_JRE_HOME=C:\Program Files\Java\jdk1.8.0_31\jre, PSMODULEPATH=C:\windows\system32\WindowsPowerShell\v1.0\Modules\, PROGRAMDATA=C:\ProgramData, USERNAME=Administrator, PATHEXT=.COM;.EXE;.BAT;.CMD;.VBS;.VBE;.JS;.JSE;.WSF;.WSH;.MSC, DEVMGR_SHOW_DETAILS=1, WINDIR=C:\windows, HOMEPATH=\Users\Administrator, PROCESSOR_IDENTIFIER=Intel64 Family 6 Model 60 Stepping 3, GenuineIntel, PUBLIC=C:\Users\Public, =::=::\, LOCALAPPDATA=C:\Users\Administrator\AppData\Local, COMMONPROGRAMFILES(X86)=C:\Program Files (x86)\Common Files, USERDOMAIN=SC-201703091028, LOGONSERVER=\\SC-201703091028, JAVA_HOME=C:\Program Files\Java\jdk1.8.0_31, PROMPT=$P$G, PROGRAMFILES(X86)=C:\Program Files (x86), VS120COMNTOOLS=C:\Program Files (x86)\Microsoft Visual Studio 12.0\Common7\Tools\, GRADLE_HOME=C:\gradle-4.1, =C:=C:\Users\Administrator\Desktop\learn\m2cn7s, APPDATA=C:\Users\Administrator\AppData\Roaming, PROGRAMW6432=C:\Program Files, GTK_BASEPATH=C:\Program Files (x86)\GtkSharp\2.12\, SYSTEMROOT=C:\windows, SCALA_HOME=C:\Program Files (x86)\scala, ANDROID_SDK_HOME=G:\android\sdk, OS=Windows_NT, COMMONPROGRAMW6432=C:\Program Files\Common Files, COMPUTERNAME=SC-201703091028, COMMONPROGRAMFILES=C:\Program Files\Common Files, COMSPEC=C:\windows\system32\cmd.exe, PROCESSOR_REVISION=3c03, CLASSPATH=.;C:\Program Files\Java\jdk1.8.0_31\lib;C:\Program Files\Java\jdk1.8.0_31\lib\tools.jar;C:\Program Files\Java\jdk1.8.0_31\lib\dt.jar;C:\Program Files\Java\jre1.8.0_31\lib;C:\Program Files\Java\jre1.8.0_31\lib\rt.jar;C:\Program Files\Java\jdk1.8.0_31\jre\lib;C:\Program Files\Java\jdk1.8.0_31\jre\lib\rt.jar, TEMP=C:\Users\ADMINI~1\AppData\Local\Temp, HOMEDRIVE=C:, USERPROFILE=C:\Users\Administrator, TMP=C:\Users\ADMINI~1\AppData\Local\Temp, VS110COMNTOOLS=C:\Program Files (x86)\Microsoft Visual Studio 11.0\Common7\Tools\, MYSQLCONNECTOR_ASSEMBLIESPATH=C:\Program Files (x86)\MySQL\Connector.NET 6.9\Assemblies\v4.5, NUMBER_OF_PROCESSORS=8}}]
21:11:20.396 [main] DEBUG org.springframework.core.io.support.PathMatchingResourcePatternResolver - Resolved classpath location [com/imooc/service/search/] to resources [URL [file:/C:/Users/Administrator/Desktop/learn/m2cn7s/target/test-classes/com/imooc/service/search/], URL [file:/C:/Users/Administrator/Desktop/learn/m2cn7s/target/classes/com/imooc/service/search/]]
21:11:20.396 [main] DEBUG org.springframework.core.io.support.PathMatchingResourcePatternResolver - Looking for matching resources in directory tree [C:\Users\Administrator\Desktop\learn\m2cn7s\target\test-classes\com\imooc\service\search]
21:11:20.396 [main] DEBUG org.springframework.core.io.support.PathMatchingResourcePatternResolver - Searching directory [C:\Users\Administrator\Desktop\learn\m2cn7s\target\test-classes\com\imooc\service\search] for files matching pattern [C:/Users/Administrator/Desktop/learn/m2cn7s/target/test-classes/com/imooc/service/search/*.class]
21:11:20.397 [main] DEBUG org.springframework.core.io.support.PathMatchingResourcePatternResolver - Looking for matching resources in directory tree [C:\Users\Administrator\Desktop\learn\m2cn7s\target\classes\com\imooc\service\search]
21:11:20.397 [main] DEBUG org.springframework.core.io.support.PathMatchingResourcePatternResolver - Searching directory [C:\Users\Administrator\Desktop\learn\m2cn7s\target\classes\com\imooc\service\search] for files matching pattern [C:/Users/Administrator/Desktop/learn/m2cn7s/target/classes/com/imooc/service/search/*.class]
21:11:20.398 [main] DEBUG org.springframework.core.io.support.PathMatchingResourcePatternResolver - Resolved location pattern [classpath*:com/imooc/service/search/*.class] to resources [file [C:\Users\Administrator\Desktop\learn\m2cn7s\target\test-classes\com\imooc\service\search\SearchServiceTests.class], file [C:\Users\Administrator\Desktop\learn\m2cn7s\target\classes\com\imooc\service\search\BaiduMapLocation.class], file [C:\Users\Administrator\Desktop\learn\m2cn7s\target\classes\com\imooc\service\search\HouseBucketDTO.class], file [C:\Users\Administrator\Desktop\learn\m2cn7s\target\classes\com\imooc\service\search\HouseIndexKey.class], file [C:\Users\Administrator\Desktop\learn\m2cn7s\target\classes\com\imooc\service\search\HouseIndexMessage.class], file [C:\Users\Administrator\Desktop\learn\m2cn7s\target\classes\com\imooc\service\search\HouseIndexTemplate.class], file [C:\Users\Administrator\Desktop\learn\m2cn7s\target\classes\com\imooc\service\search\HouseSuggest.class], file [C:\Users\Administrator\Desktop\learn\m2cn7s\target\classes\com\imooc\service\search\ISearchService.class], file [C:\Users\Administrator\Desktop\learn\m2cn7s\target\classes\com\imooc\service\search\SearchServiceImpl.class]]
21:11:20.411 [main] DEBUG org.springframework.core.io.support.PathMatchingResourcePatternResolver - Resolved classpath location [com/imooc/service/] to resources [URL [file:/C:/Users/Administrator/Desktop/learn/m2cn7s/target/test-classes/com/imooc/service/], URL [file:/C:/Users/Administrator/Desktop/learn/m2cn7s/target/classes/com/imooc/service/]]
21:11:20.411 [main] DEBUG org.springframework.core.io.support.PathMatchingResourcePatternResolver - Looking for matching resources in directory tree [C:\Users\Administrator\Desktop\learn\m2cn7s\target\test-classes\com\imooc\service]
21:11:20.411 [main] DEBUG org.springframework.core.io.support.PathMatchingResourcePatternResolver - Searching directory [C:\Users\Administrator\Desktop\learn\m2cn7s\target\test-classes\com\imooc\service] for files matching pattern [C:/Users/Administrator/Desktop/learn/m2cn7s/target/test-classes/com/imooc/service/*.class]
21:11:20.412 [main] DEBUG org.springframework.core.io.support.PathMatchingResourcePatternResolver - Looking for matching resources in directory tree [C:\Users\Administrator\Desktop\learn\m2cn7s\target\classes\com\imooc\service]
21:11:20.412 [main] DEBUG org.springframework.core.io.support.PathMatchingResourcePatternResolver - Searching directory [C:\Users\Administrator\Desktop\learn\m2cn7s\target\classes\com\imooc\service] for files matching pattern [C:/Users/Administrator/Desktop/learn/m2cn7s/target/classes/com/imooc/service/*.class]
21:11:20.413 [main] DEBUG org.springframework.core.io.support.PathMatchingResourcePatternResolver - Resolved location pattern [classpath*:com/imooc/service/*.class] to resources [file [C:\Users\Administrator\Desktop\learn\m2cn7s\target\classes\com\imooc\service\ISmsService.class], file [C:\Users\Administrator\Desktop\learn\m2cn7s\target\classes\com\imooc\service\IUserService.class], file [C:\Users\Administrator\Desktop\learn\m2cn7s\target\classes\com\imooc\service\ServiceMultiResult.class], file [C:\Users\Administrator\Desktop\learn\m2cn7s\target\classes\com\imooc\service\ServiceResult$Message.class], file [C:\Users\Administrator\Desktop\learn\m2cn7s\target\classes\com\imooc\service\ServiceResult.class], file [C:\Users\Administrator\Desktop\learn\m2cn7s\target\classes\com\imooc\service\SmsServiceImpl.class]]
21:11:20.415 [main] DEBUG org.springframework.core.io.support.PathMatchingResourcePatternResolver - Resolved classpath location [com/imooc/] to resources [URL [file:/C:/Users/Administrator/Desktop/learn/m2cn7s/target/test-classes/com/imooc/], URL [file:/C:/Users/Administrator/Desktop/learn/m2cn7s/target/classes/com/imooc/]]
21:11:20.415 [main] DEBUG org.springframework.core.io.support.PathMatchingResourcePatternResolver - Looking for matching resources in directory tree [C:\Users\Administrator\Desktop\learn\m2cn7s\target\test-classes\com\imooc]
21:11:20.415 [main] DEBUG org.springframework.core.io.support.PathMatchingResourcePatternResolver - Searching directory [C:\Users\Administrator\Desktop\learn\m2cn7s\target\test-classes\com\imooc] for files matching pattern [C:/Users/Administrator/Desktop/learn/m2cn7s/target/test-classes/com/imooc/*.class]
21:11:20.416 [main] DEBUG org.springframework.core.io.support.PathMatchingResourcePatternResolver - Looking for matching resources in directory tree [C:\Users\Administrator\Desktop\learn\m2cn7s\target\classes\com\imooc]
21:11:20.416 [main] DEBUG org.springframework.core.io.support.PathMatchingResourcePatternResolver - Searching directory [C:\Users\Administrator\Desktop\learn\m2cn7s\target\classes\com\imooc] for files matching pattern [C:/Users/Administrator/Desktop/learn/m2cn7s/target/classes/com/imooc/*.class]
21:11:20.417 [main] DEBUG org.springframework.core.io.support.PathMatchingResourcePatternResolver - Resolved location pattern [classpath*:com/imooc/*.class] to resources [file [C:\Users\Administrator\Desktop\learn\m2cn7s\target\test-classes\com\imooc\ApplicationTests.class], file [C:\Users\Administrator\Desktop\learn\m2cn7s\target\classes\com\imooc\Application.class]]
21:11:20.419 [main] DEBUG org.springframework.context.annotation.ClassPathScanningCandidateComponentProvider - Identified candidate component class: file [C:\Users\Administrator\Desktop\learn\m2cn7s\target\classes\com\imooc\Application.class]
21:11:20.420 [main] INFO org.springframework.boot.test.context.SpringBootTestContextBootstrapper - Found @SpringBootConfiguration com.imooc.Application for test class com.imooc.service.search.SearchServiceTests
21:11:20.421 [main] DEBUG org.springframework.boot.test.context.SpringBootTestContextBootstrapper - @TestExecutionListeners is not present for class [com.imooc.service.search.SearchServiceTests]: using defaults.
21:11:20.425 [main] INFO org.springframework.boot.test.context.SpringBootTestContextBootstrapper - Loaded default TestExecutionListener class names from location [META-INF/spring.factories]: [org.springframework.boot.test.mock.mockito.MockitoTestExecutionListener, org.springframework.boot.test.mock.mockito.ResetMocksTestExecutionListener, org.springframework.boot.test.autoconfigure.restdocs.RestDocsTestExecutionListener, org.springframework.boot.test.autoconfigure.web.client.MockRestServiceServerResetTestExecutionListener, org.springframework.boot.test.autoconfigure.web.servlet.MockMvcPrintOnlyOnFailureTestExecutionListener, org.springframework.boot.test.autoconfigure.web.servlet.WebDriverTestExecutionListener, org.springframework.test.context.web.ServletTestExecutionListener, org.springframework.test.context.support.DirtiesContextBeforeModesTestExecutionListener, org.springframework.test.context.support.DependencyInjectionTestExecutionListener, org.springframework.test.context.support.DirtiesContextTestExecutionListener, org.springframework.test.context.transaction.TransactionalTestExecutionListener, org.springframework.test.context.jdbc.SqlScriptsTestExecutionListener, org.springframework.security.test.context.support.WithSecurityContextTestExecutionListener]
21:11:20.431 [main] INFO org.springframework.boot.test.context.SpringBootTestContextBootstrapper - Using TestExecutionListeners: [org.springframework.test.context.web.ServletTestExecutionListener@4fc5563d, org.springframework.test.context.support.DirtiesContextBeforeModesTestExecutionListener@286090c, org.springframework.boot.test.autoconfigure.SpringBootDependencyInjectionTestExecutionListener@31120021, org.springframework.test.context.support.DirtiesContextTestExecutionListener@3df1a1ac, org.springframework.test.context.transaction.TransactionalTestExecutionListener@58606c91, org.springframework.test.context.jdbc.SqlScriptsTestExecutionListener@6a9cd0f8, org.springframework.security.test.context.support.WithSecurityContextTestExecutionListener@4baed682, org.springframework.boot.test.autoconfigure.web.servlet.WebDriverTestExecutionListener@7be2f29a, org.springframework.boot.test.mock.mockito.MockitoTestExecutionListener@203d1d93, org.springframework.boot.test.autoconfigure.restdocs.RestDocsTestExecutionListener@2c2a027c, org.springframework.boot.test.mock.mockito.ResetMocksTestExecutionListener@118dcbbd, org.springframework.boot.test.autoconfigure.web.servlet.MockMvcPrintOnlyOnFailureTestExecutionListener@7d979d34, org.springframework.boot.test.autoconfigure.web.client.MockRestServiceServerResetTestExecutionListener@350ec690]
21:11:20.438 [main] DEBUG org.springframework.test.annotation.ProfileValueUtils - Retrieved @ProfileValueSourceConfiguration [null] for test class [com.imooc.ApplicationTests]
21:11:20.439 [main] DEBUG org.springframework.test.annotation.ProfileValueUtils - Retrieved ProfileValueSource type [class org.springframework.test.annotation.SystemProfileValueSource] for class [com.imooc.ApplicationTests]
21:11:20.440 [main] DEBUG org.springframework.test.annotation.ProfileValueUtils - Retrieved @ProfileValueSourceConfiguration [null] for test class [com.imooc.entity.UserRepositoryTest]
21:11:20.440 [main] DEBUG org.springframework.test.annotation.ProfileValueUtils - Retrieved ProfileValueSource type [class org.springframework.test.annotation.SystemProfileValueSource] for class [com.imooc.entity.UserRepositoryTest]
21:11:20.441 [main] DEBUG org.springframework.test.annotation.ProfileValueUtils - Retrieved @ProfileValueSourceConfiguration [null] for test class [com.imooc.service.address.AddressServiceTests]
21:11:20.441 [main] DEBUG org.springframework.test.annotation.ProfileValueUtils - Retrieved ProfileValueSource type [class org.springframework.test.annotation.SystemProfileValueSource] for class [com.imooc.service.address.AddressServiceTests]
21:11:20.441 [main] DEBUG org.springframework.test.annotation.ProfileValueUtils - Retrieved @ProfileValueSourceConfiguration [null] for test class [com.imooc.service.house.QiNiuServiceTests]
21:11:20.442 [main] DEBUG org.springframework.test.annotation.ProfileValueUtils - Retrieved ProfileValueSource type [class org.springframework.test.annotation.SystemProfileValueSource] for class [com.imooc.service.house.QiNiuServiceTests]
21:11:20.442 [main] DEBUG org.springframework.test.annotation.ProfileValueUtils - Retrieved @ProfileValueSourceConfiguration [null] for test class [com.imooc.service.search.SearchServiceTests]
21:11:20.442 [main] DEBUG org.springframework.test.annotation.ProfileValueUtils - Retrieved ProfileValueSource type [class org.springframework.test.annotation.SystemProfileValueSource] for class [com.imooc.service.search.SearchServiceTests]
21:11:20.449 [main] DEBUG org.springframework.test.context.junit4.SpringJUnit4ClassRunner - SpringJUnit4ClassRunner constructor called with [class com.imooc.ApplicationTests]
21:11:20.450 [main] DEBUG org.springframework.test.context.BootstrapUtils - Instantiating CacheAwareContextLoaderDelegate from class [org.springframework.test.context.cache.DefaultCacheAwareContextLoaderDelegate]
21:11:20.450 [main] DEBUG org.springframework.test.context.BootstrapUtils - Instantiating BootstrapContext using constructor [public org.springframework.test.context.support.DefaultBootstrapContext(java.lang.Class,org.springframework.test.context.CacheAwareContextLoaderDelegate)]
21:11:20.451 [main] DEBUG org.springframework.test.context.BootstrapUtils - Instantiating TestContextBootstrapper for test class [com.imooc.ApplicationTests] from class [org.springframework.boot.test.context.SpringBootTestContextBootstrapper]
21:11:20.451 [main] INFO org.springframework.boot.test.context.SpringBootTestContextBootstrapper - Neither @ContextConfiguration nor @ContextHierarchy found for test class [com.imooc.ApplicationTests], using SpringBootContextLoader
21:11:20.452 [main] DEBUG org.springframework.test.context.support.AbstractContextLoader - Did not detect default resource location for test class [com.imooc.ApplicationTests]: class path resource [com/imooc/ApplicationTests-context.xml] does not exist
21:11:20.452 [main] DEBUG org.springframework.test.context.support.AbstractContextLoader - Did not detect default resource location for test class [com.imooc.ApplicationTests]: class path resource [com/imooc/ApplicationTestsContext.groovy] does not exist
21:11:20.452 [main] INFO org.springframework.test.context.support.AbstractContextLoader - Could not detect default resource locations for test class [com.imooc.ApplicationTests]: no resource found for suffixes {-context.xml, Context.groovy}.
21:11:20.452 [main] INFO org.springframework.test.context.support.AnnotationConfigContextLoaderUtils - Could not detect default configuration classes for test class [com.imooc.ApplicationTests]: ApplicationTests does not declare any static, non-private, non-final, nested classes annotated with @Configuration.
21:11:20.457 [main] DEBUG org.springframework.core.env.StandardEnvironment - Adding PropertySource 'systemProperties' with lowest search precedence
21:11:20.457 [main] DEBUG org.springframework.core.env.StandardEnvironment - Adding PropertySource 'systemEnvironment' with lowest search precedence
21:11:20.457 [main] DEBUG org.springframework.core.env.StandardEnvironment - Initialized StandardEnvironment with PropertySources [MapPropertySource@166022233 {name='systemProperties', properties={java.runtime.name=Java(TM) SE Runtime Environment, sun.boot.library.path=C:\Program Files\Java\jdk1.8.0_31\jre\bin, java.vm.version=25.31-b07, java.vm.vendor=Oracle Corporation, java.vendor.url=http://java.oracle.com/, path.separator=;, java.vm.name=Java HotSpot(TM) 64-Bit Server VM, file.encoding.pkg=sun.io, user.country=CN, user.script=, sun.java.launcher=SUN_STANDARD, sun.os.patch.level=, java.vm.specification.name=Java Virtual Machine Specification, user.dir=C:\Users\Administrator\Desktop\learn\m2cn7s, java.runtime.version=1.8.0_31-b13, basedir=C:\Users\Administrator\Desktop\learn\m2cn7s, java.awt.graphicsenv=sun.awt.Win32GraphicsEnvironment, java.endorsed.dirs=C:\Program Files\Java\jdk1.8.0_31\jre\lib\endorsed, os.arch=amd64, surefire.real.class.path=C:\Users\Administrator\Desktop\learn\m2cn7s\target\surefire\surefirebooter1103369608163825697.jar;C:\\Users\\Administrator\\.m2\\repository\\org\\jacoco\\org.jacoco.agent\\0.7.5.201505241946\\org.jacoco.agent-0.7.5.201505241946-runtime.jar, java.io.tmpdir=C:\Users\ADMINI~1\AppData\Local\Temp\, line.separator=
, java.vm.specification.vendor=Oracle Corporation, user.variant=, os.name=Windows 8.1, sun.jnu.encoding=GBK, java.library.path=C:\Program Files\Java\jdk1.8.0_31\jre\bin;C:\windows\Sun\Java\bin;C:\windows\system32;C:\windows;C:/Program Files/Java/jre1.8.0_31/bin/server;C:/Program Files/Java/jre1.8.0_31/bin;C:/Program Files/Java/jre1.8.0_31/lib/amd64;E:\Oracle\product\11.2.0\dbhome_1\bin;C:\ProgramData\Oracle\Java\javapath;G:\android\sdk\platform-tools;G:\android\sdk\tools;C:\Program Files\Java\jdk1.8.0_31\bin;C:\Program Files\Java\jre1.8.0_31\bin;C:\Program Files\Java\jdk1.8.0_31\jre\bin;C:\Program Files (x86)\GtkSharp\2.12\bin;C:\windows\system32;C:\windows;C:\windows\System32\Wbem;G:\android\sdk\platform-tools;G:\android\sdk\tools;C:\Program Files\Java\jdk1.8.0_31\bin;C:\Program Files\Java\jre1.8.0_31\bin;C:\Program Files\Java\jdk1.8.0_31\jre\bin;D:\apache-maven-3.3.9\bin;C:\Program Files\MySQL\MySQL Utilities 1.6\;C:\gradle-4.1\BIN;E:\Program Files\erl8.1\bin;C:\Program Files (x86)\scala\bin;C:\Program Files (x86)\scala\bin;C:\Program Files (x86)\scala\jre\bin;C:\Program Files\nodejs\;D:\Python27;D:\Python27\Scripts;C:\Users\Administrator\AppData\Local\Programs\Fiddler;C:\Program Files (x86)\SSH Communications Security\SSH Secure Shell;C:\Users\Administrator\AppData\Roaming\npm;E:\Program Files\Microsoft VS Code\bin;G:\eclipse-win64;;., surefire.test.class.path=C:\Users\Administrator\Desktop\learn\m2cn7s\target\test-classes;C:\Users\Administrator\Desktop\learn\m2cn7s\target\classes;C:\Users\Administrator\.m2\repository\org\springframework\boot\spring-boot-starter-data-jpa\1.5.7.RELEASE\spring-boot-starter-data-jpa-1.5.7.RELEASE.jar;C:\Users\Administrator\.m2\repository\org\springframework\boot\spring-boot-starter\1.5.7.RELEASE\spring-boot-starter-1.5.7.RELEASE.jar;C:\Users\Administrator\.m2\repository\org\springframework\boot\spring-boot-starter-logging\1.5.7.RELEASE\spring-boot-starter-logging-1.5.7.RELEASE.jar;C:\Users\Administrator\.m2\repository\ch\qos\logback\logback-classic\1.1.11\logback-classic-1.1.11.jar;C:\Users\Administrator\.m2\repository\ch\qos\logback\logback-core\1.1.11\logback-core-1.1.11.jar;C:\Users\Administrator\.m2\repository\org\slf4j\jul-to-slf4j\1.7.25\jul-to-slf4j-1.7.25.jar;C:\Users\Administrator\.m2\repository\org\slf4j\log4j-over-slf4j\1.7.25\log4j-over-slf4j-1.7.25.jar;C:\Users\Administrator\.m2\repository\org\yaml\snakeyaml\1.17\snakeyaml-1.17.jar;C:\Users\Administrator\.m2\repository\org\springframework\boot\spring-boot-starter-jdbc\1.5.7.RELEASE\spring-boot-starter-jdbc-1.5.7.RELEASE.jar;C:\Users\Administrator\.m2\repository\org\apache\tomcat\tomcat-jdbc\8.5.20\tomcat-jdbc-8.5.20.jar;C:\Users\Administrator\.m2\repository\org\apache\tomcat\tomcat-juli\8.5.20\tomcat-juli-8.5.20.jar;C:\Users\Administrator\.m2\repository\org\springframework\spring-jdbc\4.3.11.RELEASE\spring-jdbc-4.3.11.RELEASE.jar;C:\Users\Administrator\.m2\repository\org\hibernate\hibernate-core\5.0.12.Final\hibernate-core-5.0.12.Final.jar;C:\Users\Administrator\.m2\repository\org\jboss\logging\jboss-logging\3.3.1.Final\jboss-logging-3.3.1.Final.jar;C:\Users\Administrator\.m2\repository\org\hibernate\javax\persistence\hibernate-jpa-2.1-api\1.0.0.Final\hibernate-jpa-2.1-api-1.0.0.Final.jar;C:\Users\Administrator\.m2\repository\org\javassist\javassist\3.21.0-GA\javassist-3.21.0-GA.jar;C:\Users\Administrator\.m2\repository\antlr\antlr\2.7.7\antlr-2.7.7.jar;C:\Users\Administrator\.m2\repository\org\jboss\jandex\2.0.0.Final\jandex-2.0.0.Final.jar;C:\Users\Administrator\.m2\repository\dom4j\dom4j\1.6.1\dom4j-1.6.1.jar;C:\Users\Administrator\.m2\repository\org\hibernate\common\hibernate-commons-annotations\5.0.1.Final\hibernate-commons-annotations-5.0.1.Final.jar;C:\Users\Administrator\.m2\repository\org\hibernate\hibernate-entitymanager\5.0.12.Final\hibernate-entitymanager-5.0.12.Final.jar;C:\Users\Administrator\.m2\repository\javax\transaction\javax.transaction-api\1.2\javax.transaction-api-1.2.jar;C:\Users\Administrator\.m2\repository\org\springframework\data\spring-data-jpa\1.11.7.RELEASE\spring-data-jpa-1.11.7.RELEASE.jar;C:\Users\Administrator\.m2\repository\org\springframework\data\spring-data-commons\1.13.7.RELEASE\spring-data-commons-1.13.7.RELEASE.jar;C:\Users\Administrator\.m2\repository\org\springframework\spring-orm\4.3.11.RELEASE\spring-orm-4.3.11.RELEASE.jar;C:\Users\Administrator\.m2\repository\org\springframework\spring-tx\4.3.11.RELEASE\spring-tx-4.3.11.RELEASE.jar;C:\Users\Administrator\.m2\repository\org\springframework\spring-beans\4.3.11.RELEASE\spring-beans-4.3.11.RELEASE.jar;C:\Users\Administrator\.m2\repository\org\slf4j\jcl-over-slf4j\1.7.25\jcl-over-slf4j-1.7.25.jar;C:\Users\Administrator\.m2\repository\org\springframework\spring-aspects\4.3.11.RELEASE\spring-aspects-4.3.11.RELEASE.jar;C:\Users\Administrator\.m2\repository\com\h2database\h2\1.4.196\h2-1.4.196.jar;C:\Users\Administrator\.m2\repository\mysql\mysql-connector-java\5.1.44\mysql-connector-java-5.1.44.jar;C:\Users\Administrator\.m2\repository\org\springframework\boot\spring-boot-starter-thymeleaf\1.5.7.RELEASE\spring-boot-starter-thymeleaf-1.5.7.RELEASE.jar;C:\Users\Administrator\.m2\repository\nz\net\ultraq\thymeleaf\thymeleaf-layout-dialect\2.1.1\thymeleaf-layout-dialect-2.1.1.jar;C:\Users\Administrator\.m2\repository\org\codehaus\groovy\groovy\2.4.12\groovy-2.4.12.jar;C:\Users\Administrator\.m2\repository\nz\net\ultraq\thymeleaf\thymeleaf-expression-processor\1.1.2\thymeleaf-expression-processor-1.1.2.jar;C:\Users\Administrator\.m2\repository\org\thymeleaf\thymeleaf\3.0.3.RELEASE\thymeleaf-3.0.3.RELEASE.jar;C:\Users\Administrator\.m2\repository\ognl\ognl\3.1.12\ognl-3.1.12.jar;C:\Users\Administrator\.m2\repository\org\attoparser\attoparser\2.0.2.RELEASE\attoparser-2.0.2.RELEASE.jar;C:\Users\Administrator\.m2\repository\org\unbescape\unbescape\1.1.4.RELEASE\unbescape-1.1.4.RELEASE.jar;C:\Users\Administrator\.m2\repository\org\slf4j\slf4j-api\1.7.25\slf4j-api-1.7.25.jar;C:\Users\Administrator\.m2\repository\org\thymeleaf\thymeleaf-spring4\3.0.2.RELEASE\thymeleaf-spring4-3.0.2.RELEASE.jar;C:\Users\Administrator\.m2\repository\org\springframework\boot\spring-boot-starter-web\1.5.7.RELEASE\spring-boot-starter-web-1.5.7.RELEASE.jar;C:\Users\Administrator\.m2\repository\org\springframework\boot\spring-boot-starter-tomcat\1.5.7.RELEASE\spring-boot-starter-tomcat-1.5.7.RELEASE.jar;C:\Users\Administrator\.m2\repository\org\apache\tomcat\embed\tomcat-embed-core\8.5.20\tomcat-embed-core-8.5.20.jar;C:\Users\Administrator\.m2\repository\org\apache\tomcat\embed\tomcat-embed-el\8.5.20\tomcat-embed-el-8.5.20.jar;C:\Users\Administrator\.m2\repository\org\apache\tomcat\embed\tomcat-embed-websocket\8.5.20\tomcat-embed-websocket-8.5.20.jar;C:\Users\Administrator\.m2\repository\org\hibernate\hibernate-validator\5.3.5.Final\hibernate-validator-5.3.5.Final.jar;C:\Users\Administrator\.m2\repository\javax\validation\validation-api\1.1.0.Final\validation-api-1.1.0.Final.jar;C:\Users\Administrator\.m2\repository\com\fasterxml\classmate\1.3.4\classmate-1.3.4.jar;C:\Users\Administrator\.m2\repository\org\springframework\spring-web\4.3.11.RELEASE\spring-web-4.3.11.RELEASE.jar;C:\Users\Administrator\.m2\repository\org\springframework\spring-webmvc\4.3.11.RELEASE\spring-webmvc-4.3.11.RELEASE.jar;C:\Users\Administrator\.m2\repository\org\springframework\spring-expression\4.3.11.RELEASE\spring-expression-4.3.11.RELEASE.jar;C:\Users\Administrator\.m2\repository\org\springframework\boot\spring-boot-starter-security\1.5.7.RELEASE\spring-boot-starter-security-1.5.7.RELEASE.jar;C:\Users\Administrator\.m2\repository\org\springframework\spring-aop\4.3.11.RELEASE\spring-aop-4.3.11.RELEASE.jar;C:\Users\Administrator\.m2\repository\org\springframework\security\spring-security-config\4.2.3.RELEASE\spring-security-config-4.2.3.RELEASE.jar;C:\Users\Administrator\.m2\repository\org\springframework\security\spring-security-web\4.2.3.RELEASE\spring-security-web-4.2.3.RELEASE.jar;C:\Users\Administrator\.m2\repository\org\thymeleaf\extras\thymeleaf-extras-springsecurity4\3.0.2.RELEASE\thymeleaf-extras-springsecurity4-3.0.2.RELEASE.jar;C:\Users\Administrator\.m2\repository\org\springframework\session\spring-session\1.3.1.RELEASE\spring-session-1.3.1.RELEASE.jar;C:\Users\Administrator\.m2\repository\org\springframework\boot\spring-boot-starter-data-redis\1.5.7.RELEASE\spring-boot-starter-data-redis-1.5.7.RELEASE.jar;C:\Users\Administrator\.m2\repository\org\springframework\data\spring-data-redis\1.8.7.RELEASE\spring-data-redis-1.8.7.RELEASE.jar;C:\Users\Administrator\.m2\repository\org\springframework\data\spring-data-keyvalue\1.2.7.RELEASE\spring-data-keyvalue-1.2.7.RELEASE.jar;C:\Users\Administrator\.m2\repository\org\springframework\spring-oxm\4.3.11.RELEASE\spring-oxm-4.3.11.RELEASE.jar;C:\Users\Administrator\.m2\repository\redis\clients\jedis\2.9.0\jedis-2.9.0.jar;C:\Users\Administrator\.m2\repository\org\apache\commons\commons-pool2\2.4.2\commons-pool2-2.4.2.jar;C:\Users\Administrator\.m2\repository\org\springframework\boot\spring-boot-devtools\1.5.7.RELEASE\spring-boot-devtools-1.5.7.RELEASE.jar;C:\Users\Administrator\.m2\repository\org\springframework\boot\spring-boot\1.5.7.RELEASE\spring-boot-1.5.7.RELEASE.jar;C:\Users\Administrator\.m2\repository\org\springframework\boot\spring-boot-autoconfigure\1.5.7.RELEASE\spring-boot-autoconfigure-1.5.7.RELEASE.jar;C:\Users\Administrator\.m2\repository\joda-time\joda-time\2.3\joda-time-2.3.jar;C:\Users\Administrator\.m2\repository\com\fasterxml\jackson\core\jackson-databind\2.5.0\jackson-databind-2.5.0.jar;C:\Users\Administrator\.m2\repository\com\fasterxml\jackson\core\jackson-annotations\2.8.0\jackson-annotations-2.8.0.jar;C:\Users\Administrator\.m2\repository\com\fasterxml\jackson\core\jackson-core\2.8.10\jackson-core-2.8.10.jar;C:\Users\Administrator\.m2\repository\com\qiniu\qiniu-java-sdk\7.2.9\qiniu-java-sdk-7.2.9.jar;C:\Users\Administrator\.m2\repository\com\squareup\okhttp3\okhttp\3.9.1\okhttp-3.9.1.jar;C:\Users\Administrator\.m2\repository\com\squareup\okio\okio\1.13.0\okio-1.13.0.jar;C:\Users\Administrator\.m2\repository\com\google\code\gson\gson\2.8.1\gson-2.8.1.jar;C:\Users\Administrator\.m2\repository\com\qiniu\happy-dns-java\0.1.6\happy-dns-java-0.1.6.jar;C:\Users\Administrator\.m2\repository\org\modelmapper\modelmapper\1.1.0\modelmapper-1.1.0.jar;C:\Users\Administrator\.m2\repository\com\google\guava\guava\18.0\guava-18.0.jar;C:\Users\Administrator\.m2\repository\org\elasticsearch\client\transport\5.6.1\transport-5.6.1.jar;C:\Users\Administrator\.m2\repository\org\elasticsearch\elasticsearch\5.6.1\elasticsearch-5.6.1.jar;C:\Users\Administrator\.m2\repository\org\apache\lucene\lucene-core\6.6.1\lucene-core-6.6.1.jar;C:\Users\Administrator\.m2\repository\org\apache\lucene\lucene-analyzers-common\6.6.1\lucene-analyzers-common-6.6.1.jar;C:\Users\Administrator\.m2\repository\org\apache\lucene\lucene-backward-codecs\6.6.1\lucene-backward-codecs-6.6.1.jar;C:\Users\Administrator\.m2\repository\org\apache\lucene\lucene-grouping\6.6.1\lucene-grouping-6.6.1.jar;C:\Users\Administrator\.m2\repository\org\apache\lucene\lucene-highlighter\6.6.1\lucene-highlighter-6.6.1.jar;C:\Users\Administrator\.m2\repository\org\apache\lucene\lucene-join\6.6.1\lucene-join-6.6.1.jar;C:\Users\Administrator\.m2\repository\org\apache\lucene\lucene-memory\6.6.1\lucene-memory-6.6.1.jar;C:\Users\Administrator\.m2\repository\org\apache\lucene\lucene-misc\6.6.1\lucene-misc-6.6.1.jar;C:\Users\Administrator\.m2\repository\org\apache\lucene\lucene-queries\6.6.1\lucene-queries-6.6.1.jar;C:\Users\Administrator\.m2\repository\org\apache\lucene\lucene-queryparser\6.6.1\lucene-queryparser-6.6.1.jar;C:\Users\Administrator\.m2\repository\org\apache\lucene\lucene-sandbox\6.6.1\lucene-sandbox-6.6.1.jar;C:\Users\Administrator\.m2\repository\org\apache\lucene\lucene-spatial\6.6.1\lucene-spatial-6.6.1.jar;C:\Users\Administrator\.m2\repository\org\apache\lucene\lucene-spatial-extras\6.6.1\lucene-spatial-extras-6.6.1.jar;C:\Users\Administrator\.m2\repository\org\apache\lucene\lucene-spatial3d\6.6.1\lucene-spatial3d-6.6.1.jar;C:\Users\Administrator\.m2\repository\org\apache\lucene\lucene-suggest\6.6.1\lucene-suggest-6.6.1.jar;C:\Users\Administrator\.m2\repository\org\elasticsearch\securesm\1.1\securesm-1.1.jar;C:\Users\Administrator\.m2\repository\net\sf\jopt-simple\jopt-simple\5.0.2\jopt-simple-5.0.2.jar;C:\Users\Administrator\.m2\repository\com\carrotsearch\hppc\0.7.1\hppc-0.7.1.jar;C:\Users\Administrator\.m2\repository\com\fasterxml\jackson\dataformat\jackson-dataformat-smile\2.8.10\jackson-dataformat-smile-2.8.10.jar;C:\Users\Administrator\.m2\repository\com\fasterxml\jackson\dataformat\jackson-dataformat-yaml\2.8.10\jackson-dataformat-yaml-2.8.10.jar;C:\Users\Administrator\.m2\repository\com\fasterxml\jackson\dataformat\jackson-dataformat-cbor\2.8.10\jackson-dataformat-cbor-2.8.10.jar;C:\Users\Administrator\.m2\repository\com\tdunning\t-digest\3.0\t-digest-3.0.jar;C:\Users\Administrator\.m2\repository\org\hdrhistogram\HdrHistogram\2.1.9\HdrHistogram-2.1.9.jar;C:\Users\Administrator\.m2\repository\org\elasticsearch\jna\4.4.0-1\jna-4.4.0-1.jar;C:\Users\Administrator\.m2\repository\org\elasticsearch\plugin\transport-netty3-client\5.6.1\transport-netty3-client-5.6.1.jar;C:\Users\Administrator\.m2\repository\io\netty\netty\3.10.6.Final\netty-3.10.6.Final.jar;C:\Users\Administrator\.m2\repository\org\elasticsearch\plugin\transport-netty4-client\5.6.1\transport-netty4-client-5.6.1.jar;C:\Users\Administrator\.m2\repository\io\netty\netty-buffer\4.1.13.Final\netty-buffer-4.1.13.Final.jar;C:\Users\Administrator\.m2\repository\io\netty\netty-codec\4.1.13.Final\netty-codec-4.1.13.Final.jar;C:\Users\Administrator\.m2\repository\io\netty\netty-codec-http\4.1.13.Final\netty-codec-http-4.1.13.Final.jar;C:\Users\Administrator\.m2\repository\io\netty\netty-common\4.1.13.Final\netty-common-4.1.13.Final.jar;C:\Users\Administrator\.m2\repository\io\netty\netty-handler\4.1.13.Final\netty-handler-4.1.13.Final.jar;C:\Users\Administrator\.m2\repository\io\netty\netty-resolver\4.1.13.Final\netty-resolver-4.1.13.Final.jar;C:\Users\Administrator\.m2\repository\io\netty\netty-transport\4.1.13.Final\netty-transport-4.1.13.Final.jar;C:\Users\Administrator\.m2\repository\org\elasticsearch\plugin\reindex-client\5.6.1\reindex-client-5.6.1.jar;C:\Users\Administrator\.m2\repository\org\elasticsearch\client\elasticsearch-rest-client\5.6.1\elasticsearch-rest-client-5.6.1.jar;C:\Users\Administrator\.m2\repository\org\apache\httpcomponents\httpclient\4.5.3\httpclient-4.5.3.jar;C:\Users\Administrator\.m2\repository\org\apache\httpcomponents\httpcore\4.4.6\httpcore-4.4.6.jar;C:\Users\Administrator\.m2\repository\org\apache\httpcomponents\httpasyncclient\4.1.3\httpasyncclient-4.1.3.jar;C:\Users\Administrator\.m2\repository\org\apache\httpcomponents\httpcore-nio\4.4.5\httpcore-nio-4.4.5.jar;C:\Users\Administrator\.m2\repository\commons-codec\commons-codec\1.10\commons-codec-1.10.jar;C:\Users\Administrator\.m2\repository\commons-logging\commons-logging\1.1.3\commons-logging-1.1.3.jar;C:\Users\Administrator\.m2\repository\org\elasticsearch\plugin\lang-mustache-client\5.6.1\lang-mustache-client-5.6.1.jar;C:\Users\Administrator\.m2\repository\com\github\spullara\mustache\java\compiler\0.9.3\compiler-0.9.3.jar;C:\Users\Administrator\.m2\repository\org\elasticsearch\plugin\percolator-client\5.6.1\percolator-client-5.6.1.jar;C:\Users\Administrator\.m2\repository\org\elasticsearch\plugin\parent-join-client\5.6.1\parent-join-client-5.6.1.jar;C:\Users\Administrator\.m2\repository\org\apache\logging\log4j\log4j-core\2.7\log4j-core-2.7.jar;C:\Users\Administrator\.m2\repository\org\apache\logging\log4j\log4j-api\2.7\log4j-api-2.7.jar;C:\Users\Administrator\.m2\repository\org\springframework\kafka\spring-kafka\1.1.6.RELEASE\spring-kafka-1.1.6.RELEASE.jar;C:\Users\Administrator\.m2\repository\org\springframework\spring-messaging\4.3.11.RELEASE\spring-messaging-4.3.11.RELEASE.jar;C:\Users\Administrator\.m2\repository\org\springframework\retry\spring-retry\1.2.1.RELEASE\spring-retry-1.2.1.RELEASE.jar;C:\Users\Administrator\.m2\repository\org\apache\kafka\kafka-clients\0.10.1.1\kafka-clients-0.10.1.1.jar;C:\Users\Administrator\.m2\repository\net\jpountz\lz4\lz4\1.3.0\lz4-1.3.0.jar;C:\Users\Administrator\.m2\repository\org\xerial\snappy\snappy-java\1.1.2.6\snappy-java-1.1.2.6.jar;C:\Users\Administrator\.m2\repository\org\springframework\boot\spring-boot-starter-mail\1.5.7.RELEASE\spring-boot-starter-mail-1.5.7.RELEASE.jar;C:\Users\Administrator\.m2\repository\org\springframework\spring-context\4.3.11.RELEASE\spring-context-4.3.11.RELEASE.jar;C:\Users\Administrator\.m2\repository\org\springframework\spring-context-support\4.3.11.RELEASE\spring-context-support-4.3.11.RELEASE.jar;C:\Users\Administrator\.m2\repository\com\sun\mail\javax.mail\1.5.6\javax.mail-1.5.6.jar;C:\Users\Administrator\.m2\repository\javax\activation\activation\1.1\activation-1.1.jar;C:\Users\Administrator\.m2\repository\org\springframework\boot\spring-boot-starter-test\1.5.7.RELEASE\spring-boot-starter-test-1.5.7.RELEASE.jar;C:\Users\Administrator\.m2\repository\org\springframework\boot\spring-boot-test\1.5.7.RELEASE\spring-boot-test-1.5.7.RELEASE.jar;C:\Users\Administrator\.m2\repository\org\springframework\boot\spring-boot-test-autoconfigure\1.5.7.RELEASE\spring-boot-test-autoconfigure-1.5.7.RELEASE.jar;C:\Users\Administrator\.m2\repository\com\jayway\jsonpath\json-path\2.2.0\json-path-2.2.0.jar;C:\Users\Administrator\.m2\repository\net\minidev\json-smart\2.2.1\json-smart-2.2.1.jar;C:\Users\Administrator\.m2\repository\net\minidev\accessors-smart\1.1\accessors-smart-1.1.jar;C:\Users\Administrator\.m2\repository\org\ow2\asm\asm\5.0.3\asm-5.0.3.jar;C:\Users\Administrator\.m2\repository\junit\junit\4.12\junit-4.12.jar;C:\Users\Administrator\.m2\repository\org\assertj\assertj-core\2.6.0\assertj-core-2.6.0.jar;C:\Users\Administrator\.m2\repository\org\mockito\mockito-core\1.10.19\mockito-core-1.10.19.jar;C:\Users\Administrator\.m2\repository\org\objenesis\objenesis\2.1\objenesis-2.1.jar;C:\Users\Administrator\.m2\repository\org\hamcrest\hamcrest-core\1.3\hamcrest-core-1.3.jar;C:\Users\Administrator\.m2\repository\org\hamcrest\hamcrest-library\1.3\hamcrest-library-1.3.jar;C:\Users\Administrator\.m2\repository\org\skyscreamer\jsonassert\1.4.0\jsonassert-1.4.0.jar;C:\Users\Administrator\.m2\repository\com\vaadin\external\google\android-json\0.0.20131108.vaadin1\android-json-0.0.20131108.vaadin1.jar;C:\Users\Administrator\.m2\repository\org\springframework\spring-core\4.3.11.RELEASE\spring-core-4.3.11.RELEASE.jar;C:\Users\Administrator\.m2\repository\org\springframework\spring-test\4.3.11.RELEASE\spring-test-4.3.11.RELEASE.jar;C:\Users\Administrator\.m2\repository\org\springframework\security\spring-security-test\4.2.3.RELEASE\spring-security-test-4.2.3.RELEASE.jar;C:\Users\Administrator\.m2\repository\org\springframework\security\spring-security-core\4.2.3.RELEASE\spring-security-core-4.2.3.RELEASE.jar;C:\Users\Administrator\.m2\repository\aopalliance\aopalliance\1.0\aopalliance-1.0.jar;C:\Users\Administrator\.m2\repository\com\aliyun\aliyun-java-sdk-core\3.2.3\aliyun-java-sdk-core-3.2.3.jar;C:\Users\Administrator\.m2\repository\com\aliyun\aliyun-java-sdk-dysmsapi\1.0.0\aliyun-java-sdk-dysmsapi-1.0.0.jar;C:\Users\Administrator\.m2\repository\org\springframework\boot\spring-boot-starter-aop\1.5.7.RELEASE\spring-boot-starter-aop-1.5.7.RELEASE.jar;C:\Users\Administrator\.m2\repository\org\aspectj\aspectjweaver\1.8.10\aspectjweaver-1.8.10.jar;, java.specification.name=Java Platform API Specification, java.class.version=52.0, sun.management.compiler=HotSpot 64-Bit Tiered Compilers, os.version=6.3, user.home=C:\Users\Administrator, user.timezone=Asia/Shanghai, java.awt.printerjob=sun.awt.windows.WPrinterJob, file.encoding=GBK, java.specification.version=1.8, java.class.path=C:\Users\Administrator\Desktop\learn\m2cn7s\target\test-classes;C:\Users\Administrator\Desktop\learn\m2cn7s\target\classes;C:\Users\Administrator\.m2\repository\org\springframework\boot\spring-boot-starter-data-jpa\1.5.7.RELEASE\spring-boot-starter-data-jpa-1.5.7.RELEASE.jar;C:\Users\Administrator\.m2\repository\org\springframework\boot\spring-boot-starter\1.5.7.RELEASE\spring-boot-starter-1.5.7.RELEASE.jar;C:\Users\Administrator\.m2\repository\org\springframework\boot\spring-boot-starter-logging\1.5.7.RELEASE\spring-boot-starter-logging-1.5.7.RELEASE.jar;C:\Users\Administrator\.m2\repository\ch\qos\logback\logback-classic\1.1.11\logback-classic-1.1.11.jar;C:\Users\Administrator\.m2\repository\ch\qos\logback\logback-core\1.1.11\logback-core-1.1.11.jar;C:\Users\Administrator\.m2\repository\org\slf4j\jul-to-slf4j\1.7.25\jul-to-slf4j-1.7.25.jar;C:\Users\Administrator\.m2\repository\org\slf4j\log4j-over-slf4j\1.7.25\log4j-over-slf4j-1.7.25.jar;C:\Users\Administrator\.m2\repository\org\yaml\snakeyaml\1.17\snakeyaml-1.17.jar;C:\Users\Administrator\.m2\repository\org\springframework\boot\spring-boot-starter-jdbc\1.5.7.RELEASE\spring-boot-starter-jdbc-1.5.7.RELEASE.jar;C:\Users\Administrator\.m2\repository\org\apache\tomcat\tomcat-jdbc\8.5.20\tomcat-jdbc-8.5.20.jar;C:\Users\Administrator\.m2\repository\org\apache\tomcat\tomcat-juli\8.5.20\tomcat-juli-8.5.20.jar;C:\Users\Administrator\.m2\repository\org\springframework\spring-jdbc\4.3.11.RELEASE\spring-jdbc-4.3.11.RELEASE.jar;C:\Users\Administrator\.m2\repository\org\hibernate\hibernate-core\5.0.12.Final\hibernate-core-5.0.12.Final.jar;C:\Users\Administrator\.m2\repository\org\jboss\logging\jboss-logging\3.3.1.Final\jboss-logging-3.3.1.Final.jar;C:\Users\Administrator\.m2\repository\org\hibernate\javax\persistence\hibernate-jpa-2.1-api\1.0.0.Final\hibernate-jpa-2.1-api-1.0.0.Final.jar;C:\Users\Administrator\.m2\repository\org\javassist\javassist\3.21.0-GA\javassist-3.21.0-GA.jar;C:\Users\Administrator\.m2\repository\antlr\antlr\2.7.7\antlr-2.7.7.jar;C:\Users\Administrator\.m2\repository\org\jboss\jandex\2.0.0.Final\jandex-2.0.0.Final.jar;C:\Users\Administrator\.m2\repository\dom4j\dom4j\1.6.1\dom4j-1.6.1.jar;C:\Users\Administrator\.m2\repository\org\hibernate\common\hibernate-commons-annotations\5.0.1.Final\hibernate-commons-annotations-5.0.1.Final.jar;C:\Users\Administrator\.m2\repository\org\hibernate\hibernate-entitymanager\5.0.12.Final\hibernate-entitymanager-5.0.12.Final.jar;C:\Users\Administrator\.m2\repository\javax\transaction\javax.transaction-api\1.2\javax.transaction-api-1.2.jar;C:\Users\Administrator\.m2\repository\org\springframework\data\spring-data-jpa\1.11.7.RELEASE\spring-data-jpa-1.11.7.RELEASE.jar;C:\Users\Administrator\.m2\repository\org\springframework\data\spring-data-commons\1.13.7.RELEASE\spring-data-commons-1.13.7.RELEASE.jar;C:\Users\Administrator\.m2\repository\org\springframework\spring-orm\4.3.11.RELEASE\spring-orm-4.3.11.RELEASE.jar;C:\Users\Administrator\.m2\repository\org\springframework\spring-tx\4.3.11.RELEASE\spring-tx-4.3.11.RELEASE.jar;C:\Users\Administrator\.m2\repository\org\springframework\spring-beans\4.3.11.RELEASE\spring-beans-4.3.11.RELEASE.jar;C:\Users\Administrator\.m2\repository\org\slf4j\jcl-over-slf4j\1.7.25\jcl-over-slf4j-1.7.25.jar;C:\Users\Administrator\.m2\repository\org\springframework\spring-aspects\4.3.11.RELEASE\spring-aspects-4.3.11.RELEASE.jar;C:\Users\Administrator\.m2\repository\com\h2database\h2\1.4.196\h2-1.4.196.jar;C:\Users\Administrator\.m2\repository\mysql\mysql-connector-java\5.1.44\mysql-connector-java-5.1.44.jar;C:\Users\Administrator\.m2\repository\org\springframework\boot\spring-boot-starter-thymeleaf\1.5.7.RELEASE\spring-boot-starter-thymeleaf-1.5.7.RELEASE.jar;C:\Users\Administrator\.m2\repository\nz\net\ultraq\thymeleaf\thymeleaf-layout-dialect\2.1.1\thymeleaf-layout-dialect-2.1.1.jar;C:\Users\Administrator\.m2\repository\org\codehaus\groovy\groovy\2.4.12\groovy-2.4.12.jar;C:\Users\Administrator\.m2\repository\nz\net\ultraq\thymeleaf\thymeleaf-expression-processor\1.1.2\thymeleaf-expression-processor-1.1.2.jar;C:\Users\Administrator\.m2\repository\org\thymeleaf\thymeleaf\3.0.3.RELEASE\thymeleaf-3.0.3.RELEASE.jar;C:\Users\Administrator\.m2\repository\ognl\ognl\3.1.12\ognl-3.1.12.jar;C:\Users\Administrator\.m2\repository\org\attoparser\attoparser\2.0.2.RELEASE\attoparser-2.0.2.RELEASE.jar;C:\Users\Administrator\.m2\repository\org\unbescape\unbescape\1.1.4.RELEASE\unbescape-1.1.4.RELEASE.jar;C:\Users\Administrator\.m2\repository\org\slf4j\slf4j-api\1.7.25\slf4j-api-1.7.25.jar;C:\Users\Administrator\.m2\repository\org\thymeleaf\thymeleaf-spring4\3.0.2.RELEASE\thymeleaf-spring4-3.0.2.RELEASE.jar;C:\Users\Administrator\.m2\repository\org\springframework\boot\spring-boot-starter-web\1.5.7.RELEASE\spring-boot-starter-web-1.5.7.RELEASE.jar;C:\Users\Administrator\.m2\repository\org\springframework\boot\spring-boot-starter-tomcat\1.5.7.RELEASE\spring-boot-starter-tomcat-1.5.7.RELEASE.jar;C:\Users\Administrator\.m2\repository\org\apache\tomcat\embed\tomcat-embed-core\8.5.20\tomcat-embed-core-8.5.20.jar;C:\Users\Administrator\.m2\repository\org\apache\tomcat\embed\tomcat-embed-el\8.5.20\tomcat-embed-el-8.5.20.jar;C:\Users\Administrator\.m2\repository\org\apache\tomcat\embed\tomcat-embed-websocket\8.5.20\tomcat-embed-websocket-8.5.20.jar;C:\Users\Administrator\.m2\repository\org\hibernate\hibernate-validator\5.3.5.Final\hibernate-validator-5.3.5.Final.jar;C:\Users\Administrator\.m2\repository\javax\validation\validation-api\1.1.0.Final\validation-api-1.1.0.Final.jar;C:\Users\Administrator\.m2\repository\com\fasterxml\classmate\1.3.4\classmate-1.3.4.jar;C:\Users\Administrator\.m2\repository\org\springframework\spring-web\4.3.11.RELEASE\spring-web-4.3.11.RELEASE.jar;C:\Users\Administrator\.m2\repository\org\springframework\spring-webmvc\4.3.11.RELEASE\spring-webmvc-4.3.11.RELEASE.jar;C:\Users\Administrator\.m2\repository\org\springframework\spring-expression\4.3.11.RELEASE\spring-expression-4.3.11.RELEASE.jar;C:\Users\Administrator\.m2\repository\org\springframework\boot\spring-boot-starter-security\1.5.7.RELEASE\spring-boot-starter-security-1.5.7.RELEASE.jar;C:\Users\Administrator\.m2\repository\org\springframework\spring-aop\4.3.11.RELEASE\spring-aop-4.3.11.RELEASE.jar;C:\Users\Administrator\.m2\repository\org\springframework\security\spring-security-config\4.2.3.RELEASE\spring-security-config-4.2.3.RELEASE.jar;C:\Users\Administrator\.m2\repository\org\springframework\security\spring-security-web\4.2.3.RELEASE\spring-security-web-4.2.3.RELEASE.jar;C:\Users\Administrator\.m2\repository\org\thymeleaf\extras\thymeleaf-extras-springsecurity4\3.0.2.RELEASE\thymeleaf-extras-springsecurity4-3.0.2.RELEASE.jar;C:\Users\Administrator\.m2\repository\org\springframework\session\spring-session\1.3.1.RELEASE\spring-session-1.3.1.RELEASE.jar;C:\Users\Administrator\.m2\repository\org\springframework\boot\spring-boot-starter-data-redis\1.5.7.RELEASE\spring-boot-starter-data-redis-1.5.7.RELEASE.jar;C:\Users\Administrator\.m2\repository\org\springframework\data\spring-data-redis\1.8.7.RELEASE\spring-data-redis-1.8.7.RELEASE.jar;C:\Users\Administrator\.m2\repository\org\springframework\data\spring-data-keyvalue\1.2.7.RELEASE\spring-data-keyvalue-1.2.7.RELEASE.jar;C:\Users\Administrator\.m2\repository\org\springframework\spring-oxm\4.3.11.RELEASE\spring-oxm-4.3.11.RELEASE.jar;C:\Users\Administrator\.m2\repository\redis\clients\jedis\2.9.0\jedis-2.9.0.jar;C:\Users\Administrator\.m2\repository\org\apache\commons\commons-pool2\2.4.2\commons-pool2-2.4.2.jar;C:\Users\Administrator\.m2\repository\org\springframework\boot\spring-boot-devtools\1.5.7.RELEASE\spring-boot-devtools-1.5.7.RELEASE.jar;C:\Users\Administrator\.m2\repository\org\springframework\boot\spring-boot\1.5.7.RELEASE\spring-boot-1.5.7.RELEASE.jar;C:\Users\Administrator\.m2\repository\org\springframework\boot\spring-boot-autoconfigure\1.5.7.RELEASE\spring-boot-autoconfigure-1.5.7.RELEASE.jar;C:\Users\Administrator\.m2\repository\joda-time\joda-time\2.3\joda-time-2.3.jar;C:\Users\Administrator\.m2\repository\com\fasterxml\jackson\core\jackson-databind\2.5.0\jackson-databind-2.5.0.jar;C:\Users\Administrator\.m2\repository\com\fasterxml\jackson\core\jackson-annotations\2.8.0\jackson-annotations-2.8.0.jar;C:\Users\Administrator\.m2\repository\com\fasterxml\jackson\core\jackson-core\2.8.10\jackson-core-2.8.10.jar;C:\Users\Administrator\.m2\repository\com\qiniu\qiniu-java-sdk\7.2.9\qiniu-java-sdk-7.2.9.jar;C:\Users\Administrator\.m2\repository\com\squareup\okhttp3\okhttp\3.9.1\okhttp-3.9.1.jar;C:\Users\Administrator\.m2\repository\com\squareup\okio\okio\1.13.0\okio-1.13.0.jar;C:\Users\Administrator\.m2\repository\com\google\code\gson\gson\2.8.1\gson-2.8.1.jar;C:\Users\Administrator\.m2\repository\com\qiniu\happy-dns-java\0.1.6\happy-dns-java-0.1.6.jar;C:\Users\Administrator\.m2\repository\org\modelmapper\modelmapper\1.1.0\modelmapper-1.1.0.jar;C:\Users\Administrator\.m2\repository\com\google\guava\guava\18.0\guava-18.0.jar;C:\Users\Administrator\.m2\repository\org\elasticsearch\client\transport\5.6.1\transport-5.6.1.jar;C:\Users\Administrator\.m2\repository\org\elasticsearch\elasticsearch\5.6.1\elasticsearch-5.6.1.jar;C:\Users\Administrator\.m2\repository\org\apache\lucene\lucene-core\6.6.1\lucene-core-6.6.1.jar;C:\Users\Administrator\.m2\repository\org\apache\lucene\lucene-analyzers-common\6.6.1\lucene-analyzers-common-6.6.1.jar;C:\Users\Administrator\.m2\repository\org\apache\lucene\lucene-backward-codecs\6.6.1\lucene-backward-codecs-6.6.1.jar;C:\Users\Administrator\.m2\repository\org\apache\lucene\lucene-grouping\6.6.1\lucene-grouping-6.6.1.jar;C:\Users\Administrator\.m2\repository\org\apache\lucene\lucene-highlighter\6.6.1\lucene-highlighter-6.6.1.jar;C:\Users\Administrator\.m2\repository\org\apache\lucene\lucene-join\6.6.1\lucene-join-6.6.1.jar;C:\Users\Administrator\.m2\repository\org\apache\lucene\lucene-memory\6.6.1\lucene-memory-6.6.1.jar;C:\Users\Administrator\.m2\repository\org\apache\lucene\lucene-misc\6.6.1\lucene-misc-6.6.1.jar;C:\Users\Administrator\.m2\repository\org\apache\lucene\lucene-queries\6.6.1\lucene-queries-6.6.1.jar;C:\Users\Administrator\.m2\repository\org\apache\lucene\lucene-queryparser\6.6.1\lucene-queryparser-6.6.1.jar;C:\Users\Administrator\.m2\repository\org\apache\lucene\lucene-sandbox\6.6.1\lucene-sandbox-6.6.1.jar;C:\Users\Administrator\.m2\repository\org\apache\lucene\lucene-spatial\6.6.1\lucene-spatial-6.6.1.jar;C:\Users\Administrator\.m2\repository\org\apache\lucene\lucene-spatial-extras\6.6.1\lucene-spatial-extras-6.6.1.jar;C:\Users\Administrator\.m2\repository\org\apache\lucene\lucene-spatial3d\6.6.1\lucene-spatial3d-6.6.1.jar;C:\Users\Administrator\.m2\repository\org\apache\lucene\lucene-suggest\6.6.1\lucene-suggest-6.6.1.jar;C:\Users\Administrator\.m2\repository\org\elasticsearch\securesm\1.1\securesm-1.1.jar;C:\Users\Administrator\.m2\repository\net\sf\jopt-simple\jopt-simple\5.0.2\jopt-simple-5.0.2.jar;C:\Users\Administrator\.m2\repository\com\carrotsearch\hppc\0.7.1\hppc-0.7.1.jar;C:\Users\Administrator\.m2\repository\com\fasterxml\jackson\dataformat\jackson-dataformat-smile\2.8.10\jackson-dataformat-smile-2.8.10.jar;C:\Users\Administrator\.m2\repository\com\fasterxml\jackson\dataformat\jackson-dataformat-yaml\2.8.10\jackson-dataformat-yaml-2.8.10.jar;C:\Users\Administrator\.m2\repository\com\fasterxml\jackson\dataformat\jackson-dataformat-cbor\2.8.10\jackson-dataformat-cbor-2.8.10.jar;C:\Users\Administrator\.m2\repository\com\tdunning\t-digest\3.0\t-digest-3.0.jar;C:\Users\Administrator\.m2\repository\org\hdrhistogram\HdrHistogram\2.1.9\HdrHistogram-2.1.9.jar;C:\Users\Administrator\.m2\repository\org\elasticsearch\jna\4.4.0-1\jna-4.4.0-1.jar;C:\Users\Administrator\.m2\repository\org\elasticsearch\plugin\transport-netty3-client\5.6.1\transport-netty3-client-5.6.1.jar;C:\Users\Administrator\.m2\repository\io\netty\netty\3.10.6.Final\netty-3.10.6.Final.jar;C:\Users\Administrator\.m2\repository\org\elasticsearch\plugin\transport-netty4-client\5.6.1\transport-netty4-client-5.6.1.jar;C:\Users\Administrator\.m2\repository\io\netty\netty-buffer\4.1.13.Final\netty-buffer-4.1.13.Final.jar;C:\Users\Administrator\.m2\repository\io\netty\netty-codec\4.1.13.Final\netty-codec-4.1.13.Final.jar;C:\Users\Administrator\.m2\repository\io\netty\netty-codec-http\4.1.13.Final\netty-codec-http-4.1.13.Final.jar;C:\Users\Administrator\.m2\repository\io\netty\netty-common\4.1.13.Final\netty-common-4.1.13.Final.jar;C:\Users\Administrator\.m2\repository\io\netty\netty-handler\4.1.13.Final\netty-handler-4.1.13.Final.jar;C:\Users\Administrator\.m2\repository\io\netty\netty-resolver\4.1.13.Final\netty-resolver-4.1.13.Final.jar;C:\Users\Administrator\.m2\repository\io\netty\netty-transport\4.1.13.Final\netty-transport-4.1.13.Final.jar;C:\Users\Administrator\.m2\repository\org\elasticsearch\plugin\reindex-client\5.6.1\reindex-client-5.6.1.jar;C:\Users\Administrator\.m2\repository\org\elasticsearch\client\elasticsearch-rest-client\5.6.1\elasticsearch-rest-client-5.6.1.jar;C:\Users\Administrator\.m2\repository\org\apache\httpcomponents\httpclient\4.5.3\httpclient-4.5.3.jar;C:\Users\Administrator\.m2\repository\org\apache\httpcomponents\httpcore\4.4.6\httpcore-4.4.6.jar;C:\Users\Administrator\.m2\repository\org\apache\httpcomponents\httpasyncclient\4.1.3\httpasyncclient-4.1.3.jar;C:\Users\Administrator\.m2\repository\org\apache\httpcomponents\httpcore-nio\4.4.5\httpcore-nio-4.4.5.jar;C:\Users\Administrator\.m2\repository\commons-codec\commons-codec\1.10\commons-codec-1.10.jar;C:\Users\Administrator\.m2\repository\commons-logging\commons-logging\1.1.3\commons-logging-1.1.3.jar;C:\Users\Administrator\.m2\repository\org\elasticsearch\plugin\lang-mustache-client\5.6.1\lang-mustache-client-5.6.1.jar;C:\Users\Administrator\.m2\repository\com\github\spullara\mustache\java\compiler\0.9.3\compiler-0.9.3.jar;C:\Users\Administrator\.m2\repository\org\elasticsearch\plugin\percolator-client\5.6.1\percolator-client-5.6.1.jar;C:\Users\Administrator\.m2\repository\org\elasticsearch\plugin\parent-join-client\5.6.1\parent-join-client-5.6.1.jar;C:\Users\Administrator\.m2\repository\org\apache\logging\log4j\log4j-core\2.7\log4j-core-2.7.jar;C:\Users\Administrator\.m2\repository\org\apache\logging\log4j\log4j-api\2.7\log4j-api-2.7.jar;C:\Users\Administrator\.m2\repository\org\springframework\kafka\spring-kafka\1.1.6.RELEASE\spring-kafka-1.1.6.RELEASE.jar;C:\Users\Administrator\.m2\repository\org\springframework\spring-messaging\4.3.11.RELEASE\spring-messaging-4.3.11.RELEASE.jar;C:\Users\Administrator\.m2\repository\org\springframework\retry\spring-retry\1.2.1.RELEASE\spring-retry-1.2.1.RELEASE.jar;C:\Users\Administrator\.m2\repository\org\apache\kafka\kafka-clients\0.10.1.1\kafka-clients-0.10.1.1.jar;C:\Users\Administrator\.m2\repository\net\jpountz\lz4\lz4\1.3.0\lz4-1.3.0.jar;C:\Users\Administrator\.m2\repository\org\xerial\snappy\snappy-java\1.1.2.6\snappy-java-1.1.2.6.jar;C:\Users\Administrator\.m2\repository\org\springframework\boot\spring-boot-starter-mail\1.5.7.RELEASE\spring-boot-starter-mail-1.5.7.RELEASE.jar;C:\Users\Administrator\.m2\repository\org\springframework\spring-context\4.3.11.RELEASE\spring-context-4.3.11.RELEASE.jar;C:\Users\Administrator\.m2\repository\org\springframework\spring-context-support\4.3.11.RELEASE\spring-context-support-4.3.11.RELEASE.jar;C:\Users\Administrator\.m2\repository\com\sun\mail\javax.mail\1.5.6\javax.mail-1.5.6.jar;C:\Users\Administrator\.m2\repository\javax\activation\activation\1.1\activation-1.1.jar;C:\Users\Administrator\.m2\repository\org\springframework\boot\spring-boot-starter-test\1.5.7.RELEASE\spring-boot-starter-test-1.5.7.RELEASE.jar;C:\Users\Administrator\.m2\repository\org\springframework\boot\spring-boot-test\1.5.7.RELEASE\spring-boot-test-1.5.7.RELEASE.jar;C:\Users\Administrator\.m2\repository\org\springframework\boot\spring-boot-test-autoconfigure\1.5.7.RELEASE\spring-boot-test-autoconfigure-1.5.7.RELEASE.jar;C:\Users\Administrator\.m2\repository\com\jayway\jsonpath\json-path\2.2.0\json-path-2.2.0.jar;C:\Users\Administrator\.m2\repository\net\minidev\json-smart\2.2.1\json-smart-2.2.1.jar;C:\Users\Administrator\.m2\repository\net\minidev\accessors-smart\1.1\accessors-smart-1.1.jar;C:\Users\Administrator\.m2\repository\org\ow2\asm\asm\5.0.3\asm-5.0.3.jar;C:\Users\Administrator\.m2\repository\junit\junit\4.12\junit-4.12.jar;C:\Users\Administrator\.m2\repository\org\assertj\assertj-core\2.6.0\assertj-core-2.6.0.jar;C:\Users\Administrator\.m2\repository\org\mockito\mockito-core\1.10.19\mockito-core-1.10.19.jar;C:\Users\Administrator\.m2\repository\org\objenesis\objenesis\2.1\objenesis-2.1.jar;C:\Users\Administrator\.m2\repository\org\hamcrest\hamcrest-core\1.3\hamcrest-core-1.3.jar;C:\Users\Administrator\.m2\repository\org\hamcrest\hamcrest-library\1.3\hamcrest-library-1.3.jar;C:\Users\Administrator\.m2\repository\org\skyscreamer\jsonassert\1.4.0\jsonassert-1.4.0.jar;C:\Users\Administrator\.m2\repository\com\vaadin\external\google\android-json\0.0.20131108.vaadin1\android-json-0.0.20131108.vaadin1.jar;C:\Users\Administrator\.m2\repository\org\springframework\spring-core\4.3.11.RELEASE\spring-core-4.3.11.RELEASE.jar;C:\Users\Administrator\.m2\repository\org\springframework\spring-test\4.3.11.RELEASE\spring-test-4.3.11.RELEASE.jar;C:\Users\Administrator\.m2\repository\org\springframework\security\spring-security-test\4.2.3.RELEASE\spring-security-test-4.2.3.RELEASE.jar;C:\Users\Administrator\.m2\repository\org\springframework\security\spring-security-core\4.2.3.RELEASE\spring-security-core-4.2.3.RELEASE.jar;C:\Users\Administrator\.m2\repository\aopalliance\aopalliance\1.0\aopalliance-1.0.jar;C:\Users\Administrator\.m2\repository\com\aliyun\aliyun-java-sdk-core\3.2.3\aliyun-java-sdk-core-3.2.3.jar;C:\Users\Administrator\.m2\repository\com\aliyun\aliyun-java-sdk-dysmsapi\1.0.0\aliyun-java-sdk-dysmsapi-1.0.0.jar;C:\Users\Administrator\.m2\repository\org\springframework\boot\spring-boot-starter-aop\1.5.7.RELEASE\spring-boot-starter-aop-1.5.7.RELEASE.jar;C:\Users\Administrator\.m2\repository\org\aspectj\aspectjweaver\1.8.10\aspectjweaver-1.8.10.jar;, user.name=Administrator, java.vm.specification.version=1.8, sun.java.command=C:\Users\Administrator\Desktop\learn\m2cn7s\target\surefire\surefirebooter1103369608163825697.jar C:\Users\Administrator\Desktop\learn\m2cn7s\target\surefire\surefire6215325077581212918tmp C:\Users\Administrator\Desktop\learn\m2cn7s\target\surefire\surefire_08578416206993343501tmp, java.home=C:\Program Files\Java\jdk1.8.0_31\jre, sun.arch.data.model=64, user.language=zh, java.specification.vendor=Oracle Corporation, awt.toolkit=sun.awt.windows.WToolkit, java.vm.info=mixed mode, java.version=1.8.0_31, java.ext.dirs=C:\Program Files\Java\jdk1.8.0_31\jre\lib\ext;C:\windows\Sun\Java\lib\ext, sun.boot.class.path=C:\Program Files\Java\jdk1.8.0_31\jre\lib\resources.jar;C:\Program Files\Java\jdk1.8.0_31\jre\lib\rt.jar;C:\Program Files\Java\jdk1.8.0_31\jre\lib\sunrsasign.jar;C:\Program Files\Java\jdk1.8.0_31\jre\lib\jsse.jar;C:\Program Files\Java\jdk1.8.0_31\jre\lib\jce.jar;C:\Program Files\Java\jdk1.8.0_31\jre\lib\charsets.jar;C:\Program Files\Java\jdk1.8.0_31\jre\lib\jfr.jar;C:\Program Files\Java\jdk1.8.0_31\jre\classes, java.vendor=Oracle Corporation, localRepository=C:\Users\Administrator\.m2\repository, file.separator=\, java.vendor.url.bug=http://bugreport.sun.com/bugreport/, sun.io.unicode.encoding=UnicodeLittle, sun.cpu.endian=little, sun.desktop=windows, sun.cpu.isalist=amd64}}, SystemEnvironmentPropertySource@1572557043 {name='systemEnvironment', properties={PATH=C:/Program Files/Java/jre1.8.0_31/bin/server;C:/Program Files/Java/jre1.8.0_31/bin;C:/Program Files/Java/jre1.8.0_31/lib/amd64;E:\Oracle\product\11.2.0\dbhome_1\bin;C:\ProgramData\Oracle\Java\javapath;G:\android\sdk\platform-tools;G:\android\sdk\tools;C:\Program Files\Java\jdk1.8.0_31\bin;C:\Program Files\Java\jre1.8.0_31\bin;C:\Program Files\Java\jdk1.8.0_31\jre\bin;C:\Program Files (x86)\GtkSharp\2.12\bin;C:\windows\system32;C:\windows;C:\windows\System32\Wbem;G:\android\sdk\platform-tools;G:\android\sdk\tools;C:\Program Files\Java\jdk1.8.0_31\bin;C:\Program Files\Java\jre1.8.0_31\bin;C:\Program Files\Java\jdk1.8.0_31\jre\bin;D:\apache-maven-3.3.9\bin;C:\Program Files\MySQL\MySQL Utilities 1.6\;C:\gradle-4.1\BIN;E:\Program Files\erl8.1\bin;C:\Program Files (x86)\scala\bin;C:\Program Files (x86)\scala\bin;C:\Program Files (x86)\scala\jre\bin;C:\Program Files\nodejs\;D:\Python27;D:\Python27\Scripts;C:\Users\Administrator\AppData\Local\Programs\Fiddler;C:\Program Files (x86)\SSH Communications Security\SSH Secure Shell;C:\Users\Administrator\AppData\Roaming\npm;E:\Program Files\Microsoft VS Code\bin;G:\eclipse-win64;, USERDOMAIN_ROAMINGPROFILE=SC-201703091028, PROCESSOR_LEVEL=6, SYSTEMDRIVE=C:, SESSIONNAME=Console, ALLUSERSPROFILE=C:\ProgramData, PROCESSOR_ARCHITECTURE=AMD64, JRE_HOME=C:\Program Files\Java\jre1.8.0_31, MAVEN_HOME=D:\apache-maven-3.3.9, PROGRAMFILES=C:\Program Files, JAVA_JRE_HOME=C:\Program Files\Java\jdk1.8.0_31\jre, PSMODULEPATH=C:\windows\system32\WindowsPowerShell\v1.0\Modules\, PROGRAMDATA=C:\ProgramData, USERNAME=Administrator, PATHEXT=.COM;.EXE;.BAT;.CMD;.VBS;.VBE;.JS;.JSE;.WSF;.WSH;.MSC, DEVMGR_SHOW_DETAILS=1, WINDIR=C:\windows, HOMEPATH=\Users\Administrator, PROCESSOR_IDENTIFIER=Intel64 Family 6 Model 60 Stepping 3, GenuineIntel, PUBLIC=C:\Users\Public, =::=::\, LOCALAPPDATA=C:\Users\Administrator\AppData\Local, COMMONPROGRAMFILES(X86)=C:\Program Files (x86)\Common Files, USERDOMAIN=SC-201703091028, LOGONSERVER=\\SC-201703091028, JAVA_HOME=C:\Program Files\Java\jdk1.8.0_31, PROMPT=$P$G, PROGRAMFILES(X86)=C:\Program Files (x86), VS120COMNTOOLS=C:\Program Files (x86)\Microsoft Visual Studio 12.0\Common7\Tools\, GRADLE_HOME=C:\gradle-4.1, =C:=C:\Users\Administrator\Desktop\learn\m2cn7s, APPDATA=C:\Users\Administrator\AppData\Roaming, PROGRAMW6432=C:\Program Files, GTK_BASEPATH=C:\Program Files (x86)\GtkSharp\2.12\, SYSTEMROOT=C:\windows, SCALA_HOME=C:\Program Files (x86)\scala, ANDROID_SDK_HOME=G:\android\sdk, OS=Windows_NT, COMMONPROGRAMW6432=C:\Program Files\Common Files, COMPUTERNAME=SC-201703091028, COMMONPROGRAMFILES=C:\Program Files\Common Files, COMSPEC=C:\windows\system32\cmd.exe, PROCESSOR_REVISION=3c03, CLASSPATH=.;C:\Program Files\Java\jdk1.8.0_31\lib;C:\Program Files\Java\jdk1.8.0_31\lib\tools.jar;C:\Program Files\Java\jdk1.8.0_31\lib\dt.jar;C:\Program Files\Java\jre1.8.0_31\lib;C:\Program Files\Java\jre1.8.0_31\lib\rt.jar;C:\Program Files\Java\jdk1.8.0_31\jre\lib;C:\Program Files\Java\jdk1.8.0_31\jre\lib\rt.jar, TEMP=C:\Users\ADMINI~1\AppData\Local\Temp, HOMEDRIVE=C:, USERPROFILE=C:\Users\Administrator, TMP=C:\Users\ADMINI~1\AppData\Local\Temp, VS110COMNTOOLS=C:\Program Files (x86)\Microsoft Visual Studio 11.0\Common7\Tools\, MYSQLCONNECTOR_ASSEMBLIESPATH=C:\Program Files (x86)\MySQL\Connector.NET 6.9\Assemblies\v4.5, NUMBER_OF_PROCESSORS=8}}]
21:11:20.459 [main] INFO org.springframework.boot.test.context.SpringBootTestContextBootstrapper - Found @SpringBootConfiguration com.imooc.Application for test class com.imooc.ApplicationTests
21:11:20.460 [main] DEBUG org.springframework.boot.test.context.SpringBootTestContextBootstrapper - @TestExecutionListeners is not present for class [com.imooc.ApplicationTests]: using defaults.
21:11:20.464 [main] INFO org.springframework.boot.test.context.SpringBootTestContextBootstrapper - Loaded default TestExecutionListener class names from location [META-INF/spring.factories]: [org.springframework.boot.test.mock.mockito.MockitoTestExecutionListener, org.springframework.boot.test.mock.mockito.ResetMocksTestExecutionListener, org.springframework.boot.test.autoconfigure.restdocs.RestDocsTestExecutionListener, org.springframework.boot.test.autoconfigure.web.client.MockRestServiceServerResetTestExecutionListener, org.springframework.boot.test.autoconfigure.web.servlet.MockMvcPrintOnlyOnFailureTestExecutionListener, org.springframework.boot.test.autoconfigure.web.servlet.WebDriverTestExecutionListener, org.springframework.test.context.web.ServletTestExecutionListener, org.springframework.test.context.support.DirtiesContextBeforeModesTestExecutionListener, org.springframework.test.context.support.DependencyInjectionTestExecutionListener, org.springframework.test.context.support.DirtiesContextTestExecutionListener, org.springframework.test.context.transaction.TransactionalTestExecutionListener, org.springframework.test.context.jdbc.SqlScriptsTestExecutionListener, org.springframework.security.test.context.support.WithSecurityContextTestExecutionListener]
21:11:20.472 [main] INFO org.springframework.boot.test.context.SpringBootTestContextBootstrapper - Using TestExecutionListeners: [org.springframework.test.context.web.ServletTestExecutionListener@3625a016, org.springframework.test.context.support.DirtiesContextBeforeModesTestExecutionListener@267cde2e, org.springframework.boot.test.autoconfigure.SpringBootDependencyInjectionTestExecutionListener@609e57da, org.springframework.test.context.support.DirtiesContextTestExecutionListener@56dd6efa, org.springframework.test.context.transaction.TransactionalTestExecutionListener@4d634127, org.springframework.test.context.jdbc.SqlScriptsTestExecutionListener@d2e6b0b, org.springframework.security.test.context.support.WithSecurityContextTestExecutionListener@1f1cddf3, org.springframework.boot.test.autoconfigure.web.servlet.WebDriverTestExecutionListener@228bda54, org.springframework.boot.test.mock.mockito.MockitoTestExecutionListener@75b6dd5b, org.springframework.boot.test.autoconfigure.restdocs.RestDocsTestExecutionListener@b3e86d5, org.springframework.boot.test.mock.mockito.ResetMocksTestExecutionListener@72b43104, org.springframework.boot.test.autoconfigure.web.servlet.MockMvcPrintOnlyOnFailureTestExecutionListener@e111c7c, org.springframework.boot.test.autoconfigure.web.client.MockRestServiceServerResetTestExecutionListener@4d0e54e0]
21:11:20.472 [main] DEBUG org.springframework.test.annotation.ProfileValueUtils - Retrieved @ProfileValueSourceConfiguration [null] for test class [com.imooc.ApplicationTests]
21:11:20.472 [main] DEBUG org.springframework.test.annotation.ProfileValueUtils - Retrieved ProfileValueSource type [class org.springframework.test.annotation.SystemProfileValueSource] for class [com.imooc.ApplicationTests]
21:11:20.473 [main] DEBUG org.springframework.test.annotation.ProfileValueUtils - Retrieved @ProfileValueSourceConfiguration [null] for test class [com.imooc.ApplicationTests]
21:11:20.474 [main] DEBUG org.springframework.test.annotation.ProfileValueUtils - Retrieved ProfileValueSource type [class org.springframework.test.annotation.SystemProfileValueSource] for class [com.imooc.ApplicationTests]
21:11:20.485 [main] DEBUG org.springframework.test.context.support.AbstractDirtiesContextTestExecutionListener - Before test class: context [DefaultTestContext@6d0be7ab testClass = ApplicationTests, testInstance = [null], testMethod = [null], testException = [null], mergedContextConfiguration = [WebMergedContextConfiguration@1d4fb213 testClass = ApplicationTests, locations = '{}', classes = '{class com.imooc.Application}', contextInitializerClasses = '[]', activeProfiles = '{test}', propertySourceLocations = '{}', propertySourceProperties = '{org.springframework.boot.test.context.SpringBootTestContextBootstrapper=true}', contextCustomizers = set[org.springframework.boot.test.context.SpringBootTestContextCustomizer@7e053511, org.springframework.boot.test.context.filter.ExcludeFilterContextCustomizer@a68df9, org.springframework.boot.test.json.DuplicateJsonObjectContextCustomizerFactory$DuplicateJsonObjectContextCustomizer@74cf8b28, org.springframework.boot.test.mock.mockito.MockitoContextCustomizer@0, org.springframework.boot.test.autoconfigure.properties.PropertyMappingContextCustomizer@0, org.springframework.boot.test.autoconfigure.web.servlet.WebDriverContextCustomizerFactory$Customizer@25cc7470], resourceBasePath = 'src/main/webapp', contextLoader = 'org.springframework.boot.test.context.SpringBootContextLoader', parent = [null]]], class annotated with @DirtiesContext [false] with mode [null].
21:11:20.486 [main] DEBUG org.springframework.test.annotation.ProfileValueUtils - Retrieved @ProfileValueSourceConfiguration [null] for test class [com.imooc.ApplicationTests]
21:11:20.486 [main] DEBUG org.springframework.test.annotation.ProfileValueUtils - Retrieved ProfileValueSource type [class org.springframework.test.annotation.SystemProfileValueSource] for class [com.imooc.ApplicationTests]
21:11:20.656 [main] DEBUG org.springframework.core.env.StandardEnvironment - Adding PropertySource 'systemProperties' with lowest search precedence
21:11:20.656 [main] DEBUG org.springframework.core.env.StandardEnvironment - Adding PropertySource 'systemEnvironment' with lowest search precedence
21:11:20.657 [main] DEBUG org.springframework.core.env.StandardEnvironment - Initialized StandardEnvironment with PropertySources [MapPropertySource@861887593 {name='systemProperties', properties={java.runtime.name=Java(TM) SE Runtime Environment, sun.boot.library.path=C:\Program Files\Java\jdk1.8.0_31\jre\bin, java.vm.version=25.31-b07, java.vm.vendor=Oracle Corporation, java.vendor.url=http://java.oracle.com/, path.separator=;, java.vm.name=Java HotSpot(TM) 64-Bit Server VM, file.encoding.pkg=sun.io, user.country=CN, user.script=, sun.java.launcher=SUN_STANDARD, sun.os.patch.level=, java.vm.specification.name=Java Virtual Machine Specification, user.dir=C:\Users\Administrator\Desktop\learn\m2cn7s, java.runtime.version=1.8.0_31-b13, basedir=C:\Users\Administrator\Desktop\learn\m2cn7s, java.awt.graphicsenv=sun.awt.Win32GraphicsEnvironment, java.endorsed.dirs=C:\Program Files\Java\jdk1.8.0_31\jre\lib\endorsed, os.arch=amd64, surefire.real.class.path=C:\Users\Administrator\Desktop\learn\m2cn7s\target\surefire\surefirebooter1103369608163825697.jar;C:\\Users\\Administrator\\.m2\\repository\\org\\jacoco\\org.jacoco.agent\\0.7.5.201505241946\\org.jacoco.agent-0.7.5.201505241946-runtime.jar, java.io.tmpdir=C:\Users\ADMINI~1\AppData\Local\Temp\, line.separator=
, java.vm.specification.vendor=Oracle Corporation, user.variant=, os.name=Windows 8.1, sun.jnu.encoding=GBK, java.library.path=C:\Program Files\Java\jdk1.8.0_31\jre\bin;C:\windows\Sun\Java\bin;C:\windows\system32;C:\windows;C:/Program Files/Java/jre1.8.0_31/bin/server;C:/Program Files/Java/jre1.8.0_31/bin;C:/Program Files/Java/jre1.8.0_31/lib/amd64;E:\Oracle\product\11.2.0\dbhome_1\bin;C:\ProgramData\Oracle\Java\javapath;G:\android\sdk\platform-tools;G:\android\sdk\tools;C:\Program Files\Java\jdk1.8.0_31\bin;C:\Program Files\Java\jre1.8.0_31\bin;C:\Program Files\Java\jdk1.8.0_31\jre\bin;C:\Program Files (x86)\GtkSharp\2.12\bin;C:\windows\system32;C:\windows;C:\windows\System32\Wbem;G:\android\sdk\platform-tools;G:\android\sdk\tools;C:\Program Files\Java\jdk1.8.0_31\bin;C:\Program Files\Java\jre1.8.0_31\bin;C:\Program Files\Java\jdk1.8.0_31\jre\bin;D:\apache-maven-3.3.9\bin;C:\Program Files\MySQL\MySQL Utilities 1.6\;C:\gradle-4.1\BIN;E:\Program Files\erl8.1\bin;C:\Program Files (x86)\scala\bin;C:\Program Files (x86)\scala\bin;C:\Program Files (x86)\scala\jre\bin;C:\Program Files\nodejs\;D:\Python27;D:\Python27\Scripts;C:\Users\Administrator\AppData\Local\Programs\Fiddler;C:\Program Files (x86)\SSH Communications Security\SSH Secure Shell;C:\Users\Administrator\AppData\Roaming\npm;E:\Program Files\Microsoft VS Code\bin;G:\eclipse-win64;;., surefire.test.class.path=C:\Users\Administrator\Desktop\learn\m2cn7s\target\test-classes;C:\Users\Administrator\Desktop\learn\m2cn7s\target\classes;C:\Users\Administrator\.m2\repository\org\springframework\boot\spring-boot-starter-data-jpa\1.5.7.RELEASE\spring-boot-starter-data-jpa-1.5.7.RELEASE.jar;C:\Users\Administrator\.m2\repository\org\springframework\boot\spring-boot-starter\1.5.7.RELEASE\spring-boot-starter-1.5.7.RELEASE.jar;C:\Users\Administrator\.m2\repository\org\springframework\boot\spring-boot-starter-logging\1.5.7.RELEASE\spring-boot-starter-logging-1.5.7.RELEASE.jar;C:\Users\Administrator\.m2\repository\ch\qos\logback\logback-classic\1.1.11\logback-classic-1.1.11.jar;C:\Users\Administrator\.m2\repository\ch\qos\logback\logback-core\1.1.11\logback-core-1.1.11.jar;C:\Users\Administrator\.m2\repository\org\slf4j\jul-to-slf4j\1.7.25\jul-to-slf4j-1.7.25.jar;C:\Users\Administrator\.m2\repository\org\slf4j\log4j-over-slf4j\1.7.25\log4j-over-slf4j-1.7.25.jar;C:\Users\Administrator\.m2\repository\org\yaml\snakeyaml\1.17\snakeyaml-1.17.jar;C:\Users\Administrator\.m2\repository\org\springframework\boot\spring-boot-starter-jdbc\1.5.7.RELEASE\spring-boot-starter-jdbc-1.5.7.RELEASE.jar;C:\Users\Administrator\.m2\repository\org\apache\tomcat\tomcat-jdbc\8.5.20\tomcat-jdbc-8.5.20.jar;C:\Users\Administrator\.m2\repository\org\apache\tomcat\tomcat-juli\8.5.20\tomcat-juli-8.5.20.jar;C:\Users\Administrator\.m2\repository\org\springframework\spring-jdbc\4.3.11.RELEASE\spring-jdbc-4.3.11.RELEASE.jar;C:\Users\Administrator\.m2\repository\org\hibernate\hibernate-core\5.0.12.Final\hibernate-core-5.0.12.Final.jar;C:\Users\Administrator\.m2\repository\org\jboss\logging\jboss-logging\3.3.1.Final\jboss-logging-3.3.1.Final.jar;C:\Users\Administrator\.m2\repository\org\hibernate\javax\persistence\hibernate-jpa-2.1-api\1.0.0.Final\hibernate-jpa-2.1-api-1.0.0.Final.jar;C:\Users\Administrator\.m2\repository\org\javassist\javassist\3.21.0-GA\javassist-3.21.0-GA.jar;C:\Users\Administrator\.m2\repository\antlr\antlr\2.7.7\antlr-2.7.7.jar;C:\Users\Administrator\.m2\repository\org\jboss\jandex\2.0.0.Final\jandex-2.0.0.Final.jar;C:\Users\Administrator\.m2\repository\dom4j\dom4j\1.6.1\dom4j-1.6.1.jar;C:\Users\Administrator\.m2\repository\org\hibernate\common\hibernate-commons-annotations\5.0.1.Final\hibernate-commons-annotations-5.0.1.Final.jar;C:\Users\Administrator\.m2\repository\org\hibernate\hibernate-entitymanager\5.0.12.Final\hibernate-entitymanager-5.0.12.Final.jar;C:\Users\Administrator\.m2\repository\javax\transaction\javax.transaction-api\1.2\javax.transaction-api-1.2.jar;C:\Users\Administrator\.m2\repository\org\springframework\data\spring-data-jpa\1.11.7.RELEASE\spring-data-jpa-1.11.7.RELEASE.jar;C:\Users\Administrator\.m2\repository\org\springframework\data\spring-data-commons\1.13.7.RELEASE\spring-data-commons-1.13.7.RELEASE.jar;C:\Users\Administrator\.m2\repository\org\springframework\spring-orm\4.3.11.RELEASE\spring-orm-4.3.11.RELEASE.jar;C:\Users\Administrator\.m2\repository\org\springframework\spring-tx\4.3.11.RELEASE\spring-tx-4.3.11.RELEASE.jar;C:\Users\Administrator\.m2\repository\org\springframework\spring-beans\4.3.11.RELEASE\spring-beans-4.3.11.RELEASE.jar;C:\Users\Administrator\.m2\repository\org\slf4j\jcl-over-slf4j\1.7.25\jcl-over-slf4j-1.7.25.jar;C:\Users\Administrator\.m2\repository\org\springframework\spring-aspects\4.3.11.RELEASE\spring-aspects-4.3.11.RELEASE.jar;C:\Users\Administrator\.m2\repository\com\h2database\h2\1.4.196\h2-1.4.196.jar;C:\Users\Administrator\.m2\repository\mysql\mysql-connector-java\5.1.44\mysql-connector-java-5.1.44.jar;C:\Users\Administrator\.m2\repository\org\springframework\boot\spring-boot-starter-thymeleaf\1.5.7.RELEASE\spring-boot-starter-thymeleaf-1.5.7.RELEASE.jar;C:\Users\Administrator\.m2\repository\nz\net\ultraq\thymeleaf\thymeleaf-layout-dialect\2.1.1\thymeleaf-layout-dialect-2.1.1.jar;C:\Users\Administrator\.m2\repository\org\codehaus\groovy\groovy\2.4.12\groovy-2.4.12.jar;C:\Users\Administrator\.m2\repository\nz\net\ultraq\thymeleaf\thymeleaf-expression-processor\1.1.2\thymeleaf-expression-processor-1.1.2.jar;C:\Users\Administrator\.m2\repository\org\thymeleaf\thymeleaf\3.0.3.RELEASE\thymeleaf-3.0.3.RELEASE.jar;C:\Users\Administrator\.m2\repository\ognl\ognl\3.1.12\ognl-3.1.12.jar;C:\Users\Administrator\.m2\repository\org\attoparser\attoparser\2.0.2.RELEASE\attoparser-2.0.2.RELEASE.jar;C:\Users\Administrator\.m2\repository\org\unbescape\unbescape\1.1.4.RELEASE\unbescape-1.1.4.RELEASE.jar;C:\Users\Administrator\.m2\repository\org\slf4j\slf4j-api\1.7.25\slf4j-api-1.7.25.jar;C:\Users\Administrator\.m2\repository\org\thymeleaf\thymeleaf-spring4\3.0.2.RELEASE\thymeleaf-spring4-3.0.2.RELEASE.jar;C:\Users\Administrator\.m2\repository\org\springframework\boot\spring-boot-starter-web\1.5.7.RELEASE\spring-boot-starter-web-1.5.7.RELEASE.jar;C:\Users\Administrator\.m2\repository\org\springframework\boot\spring-boot-starter-tomcat\1.5.7.RELEASE\spring-boot-starter-tomcat-1.5.7.RELEASE.jar;C:\Users\Administrator\.m2\repository\org\apache\tomcat\embed\tomcat-embed-core\8.5.20\tomcat-embed-core-8.5.20.jar;C:\Users\Administrator\.m2\repository\org\apache\tomcat\embed\tomcat-embed-el\8.5.20\tomcat-embed-el-8.5.20.jar;C:\Users\Administrator\.m2\repository\org\apache\tomcat\embed\tomcat-embed-websocket\8.5.20\tomcat-embed-websocket-8.5.20.jar;C:\Users\Administrator\.m2\repository\org\hibernate\hibernate-validator\5.3.5.Final\hibernate-validator-5.3.5.Final.jar;C:\Users\Administrator\.m2\repository\javax\validation\validation-api\1.1.0.Final\validation-api-1.1.0.Final.jar;C:\Users\Administrator\.m2\repository\com\fasterxml\classmate\1.3.4\classmate-1.3.4.jar;C:\Users\Administrator\.m2\repository\org\springframework\spring-web\4.3.11.RELEASE\spring-web-4.3.11.RELEASE.jar;C:\Users\Administrator\.m2\repository\org\springframework\spring-webmvc\4.3.11.RELEASE\spring-webmvc-4.3.11.RELEASE.jar;C:\Users\Administrator\.m2\repository\org\springframework\spring-expression\4.3.11.RELEASE\spring-expression-4.3.11.RELEASE.jar;C:\Users\Administrator\.m2\repository\org\springframework\boot\spring-boot-starter-security\1.5.7.RELEASE\spring-boot-starter-security-1.5.7.RELEASE.jar;C:\Users\Administrator\.m2\repository\org\springframework\spring-aop\4.3.11.RELEASE\spring-aop-4.3.11.RELEASE.jar;C:\Users\Administrator\.m2\repository\org\springframework\security\spring-security-config\4.2.3.RELEASE\spring-security-config-4.2.3.RELEASE.jar;C:\Users\Administrator\.m2\repository\org\springframework\security\spring-security-web\4.2.3.RELEASE\spring-security-web-4.2.3.RELEASE.jar;C:\Users\Administrator\.m2\repository\org\thymeleaf\extras\thymeleaf-extras-springsecurity4\3.0.2.RELEASE\thymeleaf-extras-springsecurity4-3.0.2.RELEASE.jar;C:\Users\Administrator\.m2\repository\org\springframework\session\spring-session\1.3.1.RELEASE\spring-session-1.3.1.RELEASE.jar;C:\Users\Administrator\.m2\repository\org\springframework\boot\spring-boot-starter-data-redis\1.5.7.RELEASE\spring-boot-starter-data-redis-1.5.7.RELEASE.jar;C:\Users\Administrator\.m2\repository\org\springframework\data\spring-data-redis\1.8.7.RELEASE\spring-data-redis-1.8.7.RELEASE.jar;C:\Users\Administrator\.m2\repository\org\springframework\data\spring-data-keyvalue\1.2.7.RELEASE\spring-data-keyvalue-1.2.7.RELEASE.jar;C:\Users\Administrator\.m2\repository\org\springframework\spring-oxm\4.3.11.RELEASE\spring-oxm-4.3.11.RELEASE.jar;C:\Users\Administrator\.m2\repository\redis\clients\jedis\2.9.0\jedis-2.9.0.jar;C:\Users\Administrator\.m2\repository\org\apache\commons\commons-pool2\2.4.2\commons-pool2-2.4.2.jar;C:\Users\Administrator\.m2\repository\org\springframework\boot\spring-boot-devtools\1.5.7.RELEASE\spring-boot-devtools-1.5.7.RELEASE.jar;C:\Users\Administrator\.m2\repository\org\springframework\boot\spring-boot\1.5.7.RELEASE\spring-boot-1.5.7.RELEASE.jar;C:\Users\Administrator\.m2\repository\org\springframework\boot\spring-boot-autoconfigure\1.5.7.RELEASE\spring-boot-autoconfigure-1.5.7.RELEASE.jar;C:\Users\Administrator\.m2\repository\joda-time\joda-time\2.3\joda-time-2.3.jar;C:\Users\Administrator\.m2\repository\com\fasterxml\jackson\core\jackson-databind\2.5.0\jackson-databind-2.5.0.jar;C:\Users\Administrator\.m2\repository\com\fasterxml\jackson\core\jackson-annotations\2.8.0\jackson-annotations-2.8.0.jar;C:\Users\Administrator\.m2\repository\com\fasterxml\jackson\core\jackson-core\2.8.10\jackson-core-2.8.10.jar;C:\Users\Administrator\.m2\repository\com\qiniu\qiniu-java-sdk\7.2.9\qiniu-java-sdk-7.2.9.jar;C:\Users\Administrator\.m2\repository\com\squareup\okhttp3\okhttp\3.9.1\okhttp-3.9.1.jar;C:\Users\Administrator\.m2\repository\com\squareup\okio\okio\1.13.0\okio-1.13.0.jar;C:\Users\Administrator\.m2\repository\com\google\code\gson\gson\2.8.1\gson-2.8.1.jar;C:\Users\Administrator\.m2\repository\com\qiniu\happy-dns-java\0.1.6\happy-dns-java-0.1.6.jar;C:\Users\Administrator\.m2\repository\org\modelmapper\modelmapper\1.1.0\modelmapper-1.1.0.jar;C:\Users\Administrator\.m2\repository\com\google\guava\guava\18.0\guava-18.0.jar;C:\Users\Administrator\.m2\repository\org\elasticsearch\client\transport\5.6.1\transport-5.6.1.jar;C:\Users\Administrator\.m2\repository\org\elasticsearch\elasticsearch\5.6.1\elasticsearch-5.6.1.jar;C:\Users\Administrator\.m2\repository\org\apache\lucene\lucene-core\6.6.1\lucene-core-6.6.1.jar;C:\Users\Administrator\.m2\repository\org\apache\lucene\lucene-analyzers-common\6.6.1\lucene-analyzers-common-6.6.1.jar;C:\Users\Administrator\.m2\repository\org\apache\lucene\lucene-backward-codecs\6.6.1\lucene-backward-codecs-6.6.1.jar;C:\Users\Administrator\.m2\repository\org\apache\lucene\lucene-grouping\6.6.1\lucene-grouping-6.6.1.jar;C:\Users\Administrator\.m2\repository\org\apache\lucene\lucene-highlighter\6.6.1\lucene-highlighter-6.6.1.jar;C:\Users\Administrator\.m2\repository\org\apache\lucene\lucene-join\6.6.1\lucene-join-6.6.1.jar;C:\Users\Administrator\.m2\repository\org\apache\lucene\lucene-memory\6.6.1\lucene-memory-6.6.1.jar;C:\Users\Administrator\.m2\repository\org\apache\lucene\lucene-misc\6.6.1\lucene-misc-6.6.1.jar;C:\Users\Administrator\.m2\repository\org\apache\lucene\lucene-queries\6.6.1\lucene-queries-6.6.1.jar;C:\Users\Administrator\.m2\repository\org\apache\lucene\lucene-queryparser\6.6.1\lucene-queryparser-6.6.1.jar;C:\Users\Administrator\.m2\repository\org\apache\lucene\lucene-sandbox\6.6.1\lucene-sandbox-6.6.1.jar;C:\Users\Administrator\.m2\repository\org\apache\lucene\lucene-spatial\6.6.1\lucene-spatial-6.6.1.jar;C:\Users\Administrator\.m2\repository\org\apache\lucene\lucene-spatial-extras\6.6.1\lucene-spatial-extras-6.6.1.jar;C:\Users\Administrator\.m2\repository\org\apache\lucene\lucene-spatial3d\6.6.1\lucene-spatial3d-6.6.1.jar;C:\Users\Administrator\.m2\repository\org\apache\lucene\lucene-suggest\6.6.1\lucene-suggest-6.6.1.jar;C:\Users\Administrator\.m2\repository\org\elasticsearch\securesm\1.1\securesm-1.1.jar;C:\Users\Administrator\.m2\repository\net\sf\jopt-simple\jopt-simple\5.0.2\jopt-simple-5.0.2.jar;C:\Users\Administrator\.m2\repository\com\carrotsearch\hppc\0.7.1\hppc-0.7.1.jar;C:\Users\Administrator\.m2\repository\com\fasterxml\jackson\dataformat\jackson-dataformat-smile\2.8.10\jackson-dataformat-smile-2.8.10.jar;C:\Users\Administrator\.m2\repository\com\fasterxml\jackson\dataformat\jackson-dataformat-yaml\2.8.10\jackson-dataformat-yaml-2.8.10.jar;C:\Users\Administrator\.m2\repository\com\fasterxml\jackson\dataformat\jackson-dataformat-cbor\2.8.10\jackson-dataformat-cbor-2.8.10.jar;C:\Users\Administrator\.m2\repository\com\tdunning\t-digest\3.0\t-digest-3.0.jar;C:\Users\Administrator\.m2\repository\org\hdrhistogram\HdrHistogram\2.1.9\HdrHistogram-2.1.9.jar;C:\Users\Administrator\.m2\repository\org\elasticsearch\jna\4.4.0-1\jna-4.4.0-1.jar;C:\Users\Administrator\.m2\repository\org\elasticsearch\plugin\transport-netty3-client\5.6.1\transport-netty3-client-5.6.1.jar;C:\Users\Administrator\.m2\repository\io\netty\netty\3.10.6.Final\netty-3.10.6.Final.jar;C:\Users\Administrator\.m2\repository\org\elasticsearch\plugin\transport-netty4-client\5.6.1\transport-netty4-client-5.6.1.jar;C:\Users\Administrator\.m2\repository\io\netty\netty-buffer\4.1.13.Final\netty-buffer-4.1.13.Final.jar;C:\Users\Administrator\.m2\repository\io\netty\netty-codec\4.1.13.Final\netty-codec-4.1.13.Final.jar;C:\Users\Administrator\.m2\repository\io\netty\netty-codec-http\4.1.13.Final\netty-codec-http-4.1.13.Final.jar;C:\Users\Administrator\.m2\repository\io\netty\netty-common\4.1.13.Final\netty-common-4.1.13.Final.jar;C:\Users\Administrator\.m2\repository\io\netty\netty-handler\4.1.13.Final\netty-handler-4.1.13.Final.jar;C:\Users\Administrator\.m2\repository\io\netty\netty-resolver\4.1.13.Final\netty-resolver-4.1.13.Final.jar;C:\Users\Administrator\.m2\repository\io\netty\netty-transport\4.1.13.Final\netty-transport-4.1.13.Final.jar;C:\Users\Administrator\.m2\repository\org\elasticsearch\plugin\reindex-client\5.6.1\reindex-client-5.6.1.jar;C:\Users\Administrator\.m2\repository\org\elasticsearch\client\elasticsearch-rest-client\5.6.1\elasticsearch-rest-client-5.6.1.jar;C:\Users\Administrator\.m2\repository\org\apache\httpcomponents\httpclient\4.5.3\httpclient-4.5.3.jar;C:\Users\Administrator\.m2\repository\org\apache\httpcomponents\httpcore\4.4.6\httpcore-4.4.6.jar;C:\Users\Administrator\.m2\repository\org\apache\httpcomponents\httpasyncclient\4.1.3\httpasyncclient-4.1.3.jar;C:\Users\Administrator\.m2\repository\org\apache\httpcomponents\httpcore-nio\4.4.5\httpcore-nio-4.4.5.jar;C:\Users\Administrator\.m2\repository\commons-codec\commons-codec\1.10\commons-codec-1.10.jar;C:\Users\Administrator\.m2\repository\commons-logging\commons-logging\1.1.3\commons-logging-1.1.3.jar;C:\Users\Administrator\.m2\repository\org\elasticsearch\plugin\lang-mustache-client\5.6.1\lang-mustache-client-5.6.1.jar;C:\Users\Administrator\.m2\repository\com\github\spullara\mustache\java\compiler\0.9.3\compiler-0.9.3.jar;C:\Users\Administrator\.m2\repository\org\elasticsearch\plugin\percolator-client\5.6.1\percolator-client-5.6.1.jar;C:\Users\Administrator\.m2\repository\org\elasticsearch\plugin\parent-join-client\5.6.1\parent-join-client-5.6.1.jar;C:\Users\Administrator\.m2\repository\org\apache\logging\log4j\log4j-core\2.7\log4j-core-2.7.jar;C:\Users\Administrator\.m2\repository\org\apache\logging\log4j\log4j-api\2.7\log4j-api-2.7.jar;C:\Users\Administrator\.m2\repository\org\springframework\kafka\spring-kafka\1.1.6.RELEASE\spring-kafka-1.1.6.RELEASE.jar;C:\Users\Administrator\.m2\repository\org\springframework\spring-messaging\4.3.11.RELEASE\spring-messaging-4.3.11.RELEASE.jar;C:\Users\Administrator\.m2\repository\org\springframework\retry\spring-retry\1.2.1.RELEASE\spring-retry-1.2.1.RELEASE.jar;C:\Users\Administrator\.m2\repository\org\apache\kafka\kafka-clients\0.10.1.1\kafka-clients-0.10.1.1.jar;C:\Users\Administrator\.m2\repository\net\jpountz\lz4\lz4\1.3.0\lz4-1.3.0.jar;C:\Users\Administrator\.m2\repository\org\xerial\snappy\snappy-java\1.1.2.6\snappy-java-1.1.2.6.jar;C:\Users\Administrator\.m2\repository\org\springframework\boot\spring-boot-starter-mail\1.5.7.RELEASE\spring-boot-starter-mail-1.5.7.RELEASE.jar;C:\Users\Administrator\.m2\repository\org\springframework\spring-context\4.3.11.RELEASE\spring-context-4.3.11.RELEASE.jar;C:\Users\Administrator\.m2\repository\org\springframework\spring-context-support\4.3.11.RELEASE\spring-context-support-4.3.11.RELEASE.jar;C:\Users\Administrator\.m2\repository\com\sun\mail\javax.mail\1.5.6\javax.mail-1.5.6.jar;C:\Users\Administrator\.m2\repository\javax\activation\activation\1.1\activation-1.1.jar;C:\Users\Administrator\.m2\repository\org\springframework\boot\spring-boot-starter-test\1.5.7.RELEASE\spring-boot-starter-test-1.5.7.RELEASE.jar;C:\Users\Administrator\.m2\repository\org\springframework\boot\spring-boot-test\1.5.7.RELEASE\spring-boot-test-1.5.7.RELEASE.jar;C:\Users\Administrator\.m2\repository\org\springframework\boot\spring-boot-test-autoconfigure\1.5.7.RELEASE\spring-boot-test-autoconfigure-1.5.7.RELEASE.jar;C:\Users\Administrator\.m2\repository\com\jayway\jsonpath\json-path\2.2.0\json-path-2.2.0.jar;C:\Users\Administrator\.m2\repository\net\minidev\json-smart\2.2.1\json-smart-2.2.1.jar;C:\Users\Administrator\.m2\repository\net\minidev\accessors-smart\1.1\accessors-smart-1.1.jar;C:\Users\Administrator\.m2\repository\org\ow2\asm\asm\5.0.3\asm-5.0.3.jar;C:\Users\Administrator\.m2\repository\junit\junit\4.12\junit-4.12.jar;C:\Users\Administrator\.m2\repository\org\assertj\assertj-core\2.6.0\assertj-core-2.6.0.jar;C:\Users\Administrator\.m2\repository\org\mockito\mockito-core\1.10.19\mockito-core-1.10.19.jar;C:\Users\Administrator\.m2\repository\org\objenesis\objenesis\2.1\objenesis-2.1.jar;C:\Users\Administrator\.m2\repository\org\hamcrest\hamcrest-core\1.3\hamcrest-core-1.3.jar;C:\Users\Administrator\.m2\repository\org\hamcrest\hamcrest-library\1.3\hamcrest-library-1.3.jar;C:\Users\Administrator\.m2\repository\org\skyscreamer\jsonassert\1.4.0\jsonassert-1.4.0.jar;C:\Users\Administrator\.m2\repository\com\vaadin\external\google\android-json\0.0.20131108.vaadin1\android-json-0.0.20131108.vaadin1.jar;C:\Users\Administrator\.m2\repository\org\springframework\spring-core\4.3.11.RELEASE\spring-core-4.3.11.RELEASE.jar;C:\Users\Administrator\.m2\repository\org\springframework\spring-test\4.3.11.RELEASE\spring-test-4.3.11.RELEASE.jar;C:\Users\Administrator\.m2\repository\org\springframework\security\spring-security-test\4.2.3.RELEASE\spring-security-test-4.2.3.RELEASE.jar;C:\Users\Administrator\.m2\repository\org\springframework\security\spring-security-core\4.2.3.RELEASE\spring-security-core-4.2.3.RELEASE.jar;C:\Users\Administrator\.m2\repository\aopalliance\aopalliance\1.0\aopalliance-1.0.jar;C:\Users\Administrator\.m2\repository\com\aliyun\aliyun-java-sdk-core\3.2.3\aliyun-java-sdk-core-3.2.3.jar;C:\Users\Administrator\.m2\repository\com\aliyun\aliyun-java-sdk-dysmsapi\1.0.0\aliyun-java-sdk-dysmsapi-1.0.0.jar;C:\Users\Administrator\.m2\repository\org\springframework\boot\spring-boot-starter-aop\1.5.7.RELEASE\spring-boot-starter-aop-1.5.7.RELEASE.jar;C:\Users\Administrator\.m2\repository\org\aspectj\aspectjweaver\1.8.10\aspectjweaver-1.8.10.jar;, java.specification.name=Java Platform API Specification, java.class.version=52.0, sun.management.compiler=HotSpot 64-Bit Tiered Compilers, os.version=6.3, user.home=C:\Users\Administrator, user.timezone=Asia/Shanghai, java.awt.printerjob=sun.awt.windows.WPrinterJob, file.encoding=GBK, java.specification.version=1.8, java.class.path=C:\Users\Administrator\Desktop\learn\m2cn7s\target\test-classes;C:\Users\Administrator\Desktop\learn\m2cn7s\target\classes;C:\Users\Administrator\.m2\repository\org\springframework\boot\spring-boot-starter-data-jpa\1.5.7.RELEASE\spring-boot-starter-data-jpa-1.5.7.RELEASE.jar;C:\Users\Administrator\.m2\repository\org\springframework\boot\spring-boot-starter\1.5.7.RELEASE\spring-boot-starter-1.5.7.RELEASE.jar;C:\Users\Administrator\.m2\repository\org\springframework\boot\spring-boot-starter-logging\1.5.7.RELEASE\spring-boot-starter-logging-1.5.7.RELEASE.jar;C:\Users\Administrator\.m2\repository\ch\qos\logback\logback-classic\1.1.11\logback-classic-1.1.11.jar;C:\Users\Administrator\.m2\repository\ch\qos\logback\logback-core\1.1.11\logback-core-1.1.11.jar;C:\Users\Administrator\.m2\repository\org\slf4j\jul-to-slf4j\1.7.25\jul-to-slf4j-1.7.25.jar;C:\Users\Administrator\.m2\repository\org\slf4j\log4j-over-slf4j\1.7.25\log4j-over-slf4j-1.7.25.jar;C:\Users\Administrator\.m2\repository\org\yaml\snakeyaml\1.17\snakeyaml-1.17.jar;C:\Users\Administrator\.m2\repository\org\springframework\boot\spring-boot-starter-jdbc\1.5.7.RELEASE\spring-boot-starter-jdbc-1.5.7.RELEASE.jar;C:\Users\Administrator\.m2\repository\org\apache\tomcat\tomcat-jdbc\8.5.20\tomcat-jdbc-8.5.20.jar;C:\Users\Administrator\.m2\repository\org\apache\tomcat\tomcat-juli\8.5.20\tomcat-juli-8.5.20.jar;C:\Users\Administrator\.m2\repository\org\springframework\spring-jdbc\4.3.11.RELEASE\spring-jdbc-4.3.11.RELEASE.jar;C:\Users\Administrator\.m2\repository\org\hibernate\hibernate-core\5.0.12.Final\hibernate-core-5.0.12.Final.jar;C:\Users\Administrator\.m2\repository\org\jboss\logging\jboss-logging\3.3.1.Final\jboss-logging-3.3.1.Final.jar;C:\Users\Administrator\.m2\repository\org\hibernate\javax\persistence\hibernate-jpa-2.1-api\1.0.0.Final\hibernate-jpa-2.1-api-1.0.0.Final.jar;C:\Users\Administrator\.m2\repository\org\javassist\javassist\3.21.0-GA\javassist-3.21.0-GA.jar;C:\Users\Administrator\.m2\repository\antlr\antlr\2.7.7\antlr-2.7.7.jar;C:\Users\Administrator\.m2\repository\org\jboss\jandex\2.0.0.Final\jandex-2.0.0.Final.jar;C:\Users\Administrator\.m2\repository\dom4j\dom4j\1.6.1\dom4j-1.6.1.jar;C:\Users\Administrator\.m2\repository\org\hibernate\common\hibernate-commons-annotations\5.0.1.Final\hibernate-commons-annotations-5.0.1.Final.jar;C:\Users\Administrator\.m2\repository\org\hibernate\hibernate-entitymanager\5.0.12.Final\hibernate-entitymanager-5.0.12.Final.jar;C:\Users\Administrator\.m2\repository\javax\transaction\javax.transaction-api\1.2\javax.transaction-api-1.2.jar;C:\Users\Administrator\.m2\repository\org\springframework\data\spring-data-jpa\1.11.7.RELEASE\spring-data-jpa-1.11.7.RELEASE.jar;C:\Users\Administrator\.m2\repository\org\springframework\data\spring-data-commons\1.13.7.RELEASE\spring-data-commons-1.13.7.RELEASE.jar;C:\Users\Administrator\.m2\repository\org\springframework\spring-orm\4.3.11.RELEASE\spring-orm-4.3.11.RELEASE.jar;C:\Users\Administrator\.m2\repository\org\springframework\spring-tx\4.3.11.RELEASE\spring-tx-4.3.11.RELEASE.jar;C:\Users\Administrator\.m2\repository\org\springframework\spring-beans\4.3.11.RELEASE\spring-beans-4.3.11.RELEASE.jar;C:\Users\Administrator\.m2\repository\org\slf4j\jcl-over-slf4j\1.7.25\jcl-over-slf4j-1.7.25.jar;C:\Users\Administrator\.m2\repository\org\springframework\spring-aspects\4.3.11.RELEASE\spring-aspects-4.3.11.RELEASE.jar;C:\Users\Administrator\.m2\repository\com\h2database\h2\1.4.196\h2-1.4.196.jar;C:\Users\Administrator\.m2\repository\mysql\mysql-connector-java\5.1.44\mysql-connector-java-5.1.44.jar;C:\Users\Administrator\.m2\repository\org\springframework\boot\spring-boot-starter-thymeleaf\1.5.7.RELEASE\spring-boot-starter-thymeleaf-1.5.7.RELEASE.jar;C:\Users\Administrator\.m2\repository\nz\net\ultraq\thymeleaf\thymeleaf-layout-dialect\2.1.1\thymeleaf-layout-dialect-2.1.1.jar;C:\Users\Administrator\.m2\repository\org\codehaus\groovy\groovy\2.4.12\groovy-2.4.12.jar;C:\Users\Administrator\.m2\repository\nz\net\ultraq\thymeleaf\thymeleaf-expression-processor\1.1.2\thymeleaf-expression-processor-1.1.2.jar;C:\Users\Administrator\.m2\repository\org\thymeleaf\thymeleaf\3.0.3.RELEASE\thymeleaf-3.0.3.RELEASE.jar;C:\Users\Administrator\.m2\repository\ognl\ognl\3.1.12\ognl-3.1.12.jar;C:\Users\Administrator\.m2\repository\org\attoparser\attoparser\2.0.2.RELEASE\attoparser-2.0.2.RELEASE.jar;C:\Users\Administrator\.m2\repository\org\unbescape\unbescape\1.1.4.RELEASE\unbescape-1.1.4.RELEASE.jar;C:\Users\Administrator\.m2\repository\org\slf4j\slf4j-api\1.7.25\slf4j-api-1.7.25.jar;C:\Users\Administrator\.m2\repository\org\thymeleaf\thymeleaf-spring4\3.0.2.RELEASE\thymeleaf-spring4-3.0.2.RELEASE.jar;C:\Users\Administrator\.m2\repository\org\springframework\boot\spring-boot-starter-web\1.5.7.RELEASE\spring-boot-starter-web-1.5.7.RELEASE.jar;C:\Users\Administrator\.m2\repository\org\springframework\boot\spring-boot-starter-tomcat\1.5.7.RELEASE\spring-boot-starter-tomcat-1.5.7.RELEASE.jar;C:\Users\Administrator\.m2\repository\org\apache\tomcat\embed\tomcat-embed-core\8.5.20\tomcat-embed-core-8.5.20.jar;C:\Users\Administrator\.m2\repository\org\apache\tomcat\embed\tomcat-embed-el\8.5.20\tomcat-embed-el-8.5.20.jar;C:\Users\Administrator\.m2\repository\org\apache\tomcat\embed\tomcat-embed-websocket\8.5.20\tomcat-embed-websocket-8.5.20.jar;C:\Users\Administrator\.m2\repository\org\hibernate\hibernate-validator\5.3.5.Final\hibernate-validator-5.3.5.Final.jar;C:\Users\Administrator\.m2\repository\javax\validation\validation-api\1.1.0.Final\validation-api-1.1.0.Final.jar;C:\Users\Administrator\.m2\repository\com\fasterxml\classmate\1.3.4\classmate-1.3.4.jar;C:\Users\Administrator\.m2\repository\org\springframework\spring-web\4.3.11.RELEASE\spring-web-4.3.11.RELEASE.jar;C:\Users\Administrator\.m2\repository\org\springframework\spring-webmvc\4.3.11.RELEASE\spring-webmvc-4.3.11.RELEASE.jar;C:\Users\Administrator\.m2\repository\org\springframework\spring-expression\4.3.11.RELEASE\spring-expression-4.3.11.RELEASE.jar;C:\Users\Administrator\.m2\repository\org\springframework\boot\spring-boot-starter-security\1.5.7.RELEASE\spring-boot-starter-security-1.5.7.RELEASE.jar;C:\Users\Administrator\.m2\repository\org\springframework\spring-aop\4.3.11.RELEASE\spring-aop-4.3.11.RELEASE.jar;C:\Users\Administrator\.m2\repository\org\springframework\security\spring-security-config\4.2.3.RELEASE\spring-security-config-4.2.3.RELEASE.jar;C:\Users\Administrator\.m2\repository\org\springframework\security\spring-security-web\4.2.3.RELEASE\spring-security-web-4.2.3.RELEASE.jar;C:\Users\Administrator\.m2\repository\org\thymeleaf\extras\thymeleaf-extras-springsecurity4\3.0.2.RELEASE\thymeleaf-extras-springsecurity4-3.0.2.RELEASE.jar;C:\Users\Administrator\.m2\repository\org\springframework\session\spring-session\1.3.1.RELEASE\spring-session-1.3.1.RELEASE.jar;C:\Users\Administrator\.m2\repository\org\springframework\boot\spring-boot-starter-data-redis\1.5.7.RELEASE\spring-boot-starter-data-redis-1.5.7.RELEASE.jar;C:\Users\Administrator\.m2\repository\org\springframework\data\spring-data-redis\1.8.7.RELEASE\spring-data-redis-1.8.7.RELEASE.jar;C:\Users\Administrator\.m2\repository\org\springframework\data\spring-data-keyvalue\1.2.7.RELEASE\spring-data-keyvalue-1.2.7.RELEASE.jar;C:\Users\Administrator\.m2\repository\org\springframework\spring-oxm\4.3.11.RELEASE\spring-oxm-4.3.11.RELEASE.jar;C:\Users\Administrator\.m2\repository\redis\clients\jedis\2.9.0\jedis-2.9.0.jar;C:\Users\Administrator\.m2\repository\org\apache\commons\commons-pool2\2.4.2\commons-pool2-2.4.2.jar;C:\Users\Administrator\.m2\repository\org\springframework\boot\spring-boot-devtools\1.5.7.RELEASE\spring-boot-devtools-1.5.7.RELEASE.jar;C:\Users\Administrator\.m2\repository\org\springframework\boot\spring-boot\1.5.7.RELEASE\spring-boot-1.5.7.RELEASE.jar;C:\Users\Administrator\.m2\repository\org\springframework\boot\spring-boot-autoconfigure\1.5.7.RELEASE\spring-boot-autoconfigure-1.5.7.RELEASE.jar;C:\Users\Administrator\.m2\repository\joda-time\joda-time\2.3\joda-time-2.3.jar;C:\Users\Administrator\.m2\repository\com\fasterxml\jackson\core\jackson-databind\2.5.0\jackson-databind-2.5.0.jar;C:\Users\Administrator\.m2\repository\com\fasterxml\jackson\core\jackson-annotations\2.8.0\jackson-annotations-2.8.0.jar;C:\Users\Administrator\.m2\repository\com\fasterxml\jackson\core\jackson-core\2.8.10\jackson-core-2.8.10.jar;C:\Users\Administrator\.m2\repository\com\qiniu\qiniu-java-sdk\7.2.9\qiniu-java-sdk-7.2.9.jar;C:\Users\Administrator\.m2\repository\com\squareup\okhttp3\okhttp\3.9.1\okhttp-3.9.1.jar;C:\Users\Administrator\.m2\repository\com\squareup\okio\okio\1.13.0\okio-1.13.0.jar;C:\Users\Administrator\.m2\repository\com\google\code\gson\gson\2.8.1\gson-2.8.1.jar;C:\Users\Administrator\.m2\repository\com\qiniu\happy-dns-java\0.1.6\happy-dns-java-0.1.6.jar;C:\Users\Administrator\.m2\repository\org\modelmapper\modelmapper\1.1.0\modelmapper-1.1.0.jar;C:\Users\Administrator\.m2\repository\com\google\guava\guava\18.0\guava-18.0.jar;C:\Users\Administrator\.m2\repository\org\elasticsearch\client\transport\5.6.1\transport-5.6.1.jar;C:\Users\Administrator\.m2\repository\org\elasticsearch\elasticsearch\5.6.1\elasticsearch-5.6.1.jar;C:\Users\Administrator\.m2\repository\org\apache\lucene\lucene-core\6.6.1\lucene-core-6.6.1.jar;C:\Users\Administrator\.m2\repository\org\apache\lucene\lucene-analyzers-common\6.6.1\lucene-analyzers-common-6.6.1.jar;C:\Users\Administrator\.m2\repository\org\apache\lucene\lucene-backward-codecs\6.6.1\lucene-backward-codecs-6.6.1.jar;C:\Users\Administrator\.m2\repository\org\apache\lucene\lucene-grouping\6.6.1\lucene-grouping-6.6.1.jar;C:\Users\Administrator\.m2\repository\org\apache\lucene\lucene-highlighter\6.6.1\lucene-highlighter-6.6.1.jar;C:\Users\Administrator\.m2\repository\org\apache\lucene\lucene-join\6.6.1\lucene-join-6.6.1.jar;C:\Users\Administrator\.m2\repository\org\apache\lucene\lucene-memory\6.6.1\lucene-memory-6.6.1.jar;C:\Users\Administrator\.m2\repository\org\apache\lucene\lucene-misc\6.6.1\lucene-misc-6.6.1.jar;C:\Users\Administrator\.m2\repository\org\apache\lucene\lucene-queries\6.6.1\lucene-queries-6.6.1.jar;C:\Users\Administrator\.m2\repository\org\apache\lucene\lucene-queryparser\6.6.1\lucene-queryparser-6.6.1.jar;C:\Users\Administrator\.m2\repository\org\apache\lucene\lucene-sandbox\6.6.1\lucene-sandbox-6.6.1.jar;C:\Users\Administrator\.m2\repository\org\apache\lucene\lucene-spatial\6.6.1\lucene-spatial-6.6.1.jar;C:\Users\Administrator\.m2\repository\org\apache\lucene\lucene-spatial-extras\6.6.1\lucene-spatial-extras-6.6.1.jar;C:\Users\Administrator\.m2\repository\org\apache\lucene\lucene-spatial3d\6.6.1\lucene-spatial3d-6.6.1.jar;C:\Users\Administrator\.m2\repository\org\apache\lucene\lucene-suggest\6.6.1\lucene-suggest-6.6.1.jar;C:\Users\Administrator\.m2\repository\org\elasticsearch\securesm\1.1\securesm-1.1.jar;C:\Users\Administrator\.m2\repository\net\sf\jopt-simple\jopt-simple\5.0.2\jopt-simple-5.0.2.jar;C:\Users\Administrator\.m2\repository\com\carrotsearch\hppc\0.7.1\hppc-0.7.1.jar;C:\Users\Administrator\.m2\repository\com\fasterxml\jackson\dataformat\jackson-dataformat-smile\2.8.10\jackson-dataformat-smile-2.8.10.jar;C:\Users\Administrator\.m2\repository\com\fasterxml\jackson\dataformat\jackson-dataformat-yaml\2.8.10\jackson-dataformat-yaml-2.8.10.jar;C:\Users\Administrator\.m2\repository\com\fasterxml\jackson\dataformat\jackson-dataformat-cbor\2.8.10\jackson-dataformat-cbor-2.8.10.jar;C:\Users\Administrator\.m2\repository\com\tdunning\t-digest\3.0\t-digest-3.0.jar;C:\Users\Administrator\.m2\repository\org\hdrhistogram\HdrHistogram\2.1.9\HdrHistogram-2.1.9.jar;C:\Users\Administrator\.m2\repository\org\elasticsearch\jna\4.4.0-1\jna-4.4.0-1.jar;C:\Users\Administrator\.m2\repository\org\elasticsearch\plugin\transport-netty3-client\5.6.1\transport-netty3-client-5.6.1.jar;C:\Users\Administrator\.m2\repository\io\netty\netty\3.10.6.Final\netty-3.10.6.Final.jar;C:\Users\Administrator\.m2\repository\org\elasticsearch\plugin\transport-netty4-client\5.6.1\transport-netty4-client-5.6.1.jar;C:\Users\Administrator\.m2\repository\io\netty\netty-buffer\4.1.13.Final\netty-buffer-4.1.13.Final.jar;C:\Users\Administrator\.m2\repository\io\netty\netty-codec\4.1.13.Final\netty-codec-4.1.13.Final.jar;C:\Users\Administrator\.m2\repository\io\netty\netty-codec-http\4.1.13.Final\netty-codec-http-4.1.13.Final.jar;C:\Users\Administrator\.m2\repository\io\netty\netty-common\4.1.13.Final\netty-common-4.1.13.Final.jar;C:\Users\Administrator\.m2\repository\io\netty\netty-handler\4.1.13.Final\netty-handler-4.1.13.Final.jar;C:\Users\Administrator\.m2\repository\io\netty\netty-resolver\4.1.13.Final\netty-resolver-4.1.13.Final.jar;C:\Users\Administrator\.m2\repository\io\netty\netty-transport\4.1.13.Final\netty-transport-4.1.13.Final.jar;C:\Users\Administrator\.m2\repository\org\elasticsearch\plugin\reindex-client\5.6.1\reindex-client-5.6.1.jar;C:\Users\Administrator\.m2\repository\org\elasticsearch\client\elasticsearch-rest-client\5.6.1\elasticsearch-rest-client-5.6.1.jar;C:\Users\Administrator\.m2\repository\org\apache\httpcomponents\httpclient\4.5.3\httpclient-4.5.3.jar;C:\Users\Administrator\.m2\repository\org\apache\httpcomponents\httpcore\4.4.6\httpcore-4.4.6.jar;C:\Users\Administrator\.m2\repository\org\apache\httpcomponents\httpasyncclient\4.1.3\httpasyncclient-4.1.3.jar;C:\Users\Administrator\.m2\repository\org\apache\httpcomponents\httpcore-nio\4.4.5\httpcore-nio-4.4.5.jar;C:\Users\Administrator\.m2\repository\commons-codec\commons-codec\1.10\commons-codec-1.10.jar;C:\Users\Administrator\.m2\repository\commons-logging\commons-logging\1.1.3\commons-logging-1.1.3.jar;C:\Users\Administrator\.m2\repository\org\elasticsearch\plugin\lang-mustache-client\5.6.1\lang-mustache-client-5.6.1.jar;C:\Users\Administrator\.m2\repository\com\github\spullara\mustache\java\compiler\0.9.3\compiler-0.9.3.jar;C:\Users\Administrator\.m2\repository\org\elasticsearch\plugin\percolator-client\5.6.1\percolator-client-5.6.1.jar;C:\Users\Administrator\.m2\repository\org\elasticsearch\plugin\parent-join-client\5.6.1\parent-join-client-5.6.1.jar;C:\Users\Administrator\.m2\repository\org\apache\logging\log4j\log4j-core\2.7\log4j-core-2.7.jar;C:\Users\Administrator\.m2\repository\org\apache\logging\log4j\log4j-api\2.7\log4j-api-2.7.jar;C:\Users\Administrator\.m2\repository\org\springframework\kafka\spring-kafka\1.1.6.RELEASE\spring-kafka-1.1.6.RELEASE.jar;C:\Users\Administrator\.m2\repository\org\springframework\spring-messaging\4.3.11.RELEASE\spring-messaging-4.3.11.RELEASE.jar;C:\Users\Administrator\.m2\repository\org\springframework\retry\spring-retry\1.2.1.RELEASE\spring-retry-1.2.1.RELEASE.jar;C:\Users\Administrator\.m2\repository\org\apache\kafka\kafka-clients\0.10.1.1\kafka-clients-0.10.1.1.jar;C:\Users\Administrator\.m2\repository\net\jpountz\lz4\lz4\1.3.0\lz4-1.3.0.jar;C:\Users\Administrator\.m2\repository\org\xerial\snappy\snappy-java\1.1.2.6\snappy-java-1.1.2.6.jar;C:\Users\Administrator\.m2\repository\org\springframework\boot\spring-boot-starter-mail\1.5.7.RELEASE\spring-boot-starter-mail-1.5.7.RELEASE.jar;C:\Users\Administrator\.m2\repository\org\springframework\spring-context\4.3.11.RELEASE\spring-context-4.3.11.RELEASE.jar;C:\Users\Administrator\.m2\repository\org\springframework\spring-context-support\4.3.11.RELEASE\spring-context-support-4.3.11.RELEASE.jar;C:\Users\Administrator\.m2\repository\com\sun\mail\javax.mail\1.5.6\javax.mail-1.5.6.jar;C:\Users\Administrator\.m2\repository\javax\activation\activation\1.1\activation-1.1.jar;C:\Users\Administrator\.m2\repository\org\springframework\boot\spring-boot-starter-test\1.5.7.RELEASE\spring-boot-starter-test-1.5.7.RELEASE.jar;C:\Users\Administrator\.m2\repository\org\springframework\boot\spring-boot-test\1.5.7.RELEASE\spring-boot-test-1.5.7.RELEASE.jar;C:\Users\Administrator\.m2\repository\org\springframework\boot\spring-boot-test-autoconfigure\1.5.7.RELEASE\spring-boot-test-autoconfigure-1.5.7.RELEASE.jar;C:\Users\Administrator\.m2\repository\com\jayway\jsonpath\json-path\2.2.0\json-path-2.2.0.jar;C:\Users\Administrator\.m2\repository\net\minidev\json-smart\2.2.1\json-smart-2.2.1.jar;C:\Users\Administrator\.m2\repository\net\minidev\accessors-smart\1.1\accessors-smart-1.1.jar;C:\Users\Administrator\.m2\repository\org\ow2\asm\asm\5.0.3\asm-5.0.3.jar;C:\Users\Administrator\.m2\repository\junit\junit\4.12\junit-4.12.jar;C:\Users\Administrator\.m2\repository\org\assertj\assertj-core\2.6.0\assertj-core-2.6.0.jar;C:\Users\Administrator\.m2\repository\org\mockito\mockito-core\1.10.19\mockito-core-1.10.19.jar;C:\Users\Administrator\.m2\repository\org\objenesis\objenesis\2.1\objenesis-2.1.jar;C:\Users\Administrator\.m2\repository\org\hamcrest\hamcrest-core\1.3\hamcrest-core-1.3.jar;C:\Users\Administrator\.m2\repository\org\hamcrest\hamcrest-library\1.3\hamcrest-library-1.3.jar;C:\Users\Administrator\.m2\repository\org\skyscreamer\jsonassert\1.4.0\jsonassert-1.4.0.jar;C:\Users\Administrator\.m2\repository\com\vaadin\external\google\android-json\0.0.20131108.vaadin1\android-json-0.0.20131108.vaadin1.jar;C:\Users\Administrator\.m2\repository\org\springframework\spring-core\4.3.11.RELEASE\spring-core-4.3.11.RELEASE.jar;C:\Users\Administrator\.m2\repository\org\springframework\spring-test\4.3.11.RELEASE\spring-test-4.3.11.RELEASE.jar;C:\Users\Administrator\.m2\repository\org\springframework\security\spring-security-test\4.2.3.RELEASE\spring-security-test-4.2.3.RELEASE.jar;C:\Users\Administrator\.m2\repository\org\springframework\security\spring-security-core\4.2.3.RELEASE\spring-security-core-4.2.3.RELEASE.jar;C:\Users\Administrator\.m2\repository\aopalliance\aopalliance\1.0\aopalliance-1.0.jar;C:\Users\Administrator\.m2\repository\com\aliyun\aliyun-java-sdk-core\3.2.3\aliyun-java-sdk-core-3.2.3.jar;C:\Users\Administrator\.m2\repository\com\aliyun\aliyun-java-sdk-dysmsapi\1.0.0\aliyun-java-sdk-dysmsapi-1.0.0.jar;C:\Users\Administrator\.m2\repository\org\springframework\boot\spring-boot-starter-aop\1.5.7.RELEASE\spring-boot-starter-aop-1.5.7.RELEASE.jar;C:\Users\Administrator\.m2\repository\org\aspectj\aspectjweaver\1.8.10\aspectjweaver-1.8.10.jar;, user.name=Administrator, java.vm.specification.version=1.8, sun.java.command=C:\Users\Administrator\Desktop\learn\m2cn7s\target\surefire\surefirebooter1103369608163825697.jar C:\Users\Administrator\Desktop\learn\m2cn7s\target\surefire\surefire6215325077581212918tmp C:\Users\Administrator\Desktop\learn\m2cn7s\target\surefire\surefire_08578416206993343501tmp, java.home=C:\Program Files\Java\jdk1.8.0_31\jre, sun.arch.data.model=64, user.language=zh, java.specification.vendor=Oracle Corporation, awt.toolkit=sun.awt.windows.WToolkit, java.vm.info=mixed mode, java.version=1.8.0_31, java.ext.dirs=C:\Program Files\Java\jdk1.8.0_31\jre\lib\ext;C:\windows\Sun\Java\lib\ext, sun.boot.class.path=C:\Program Files\Java\jdk1.8.0_31\jre\lib\resources.jar;C:\Program Files\Java\jdk1.8.0_31\jre\lib\rt.jar;C:\Program Files\Java\jdk1.8.0_31\jre\lib\sunrsasign.jar;C:\Program Files\Java\jdk1.8.0_31\jre\lib\jsse.jar;C:\Program Files\Java\jdk1.8.0_31\jre\lib\jce.jar;C:\Program Files\Java\jdk1.8.0_31\jre\lib\charsets.jar;C:\Program Files\Java\jdk1.8.0_31\jre\lib\jfr.jar;C:\Program Files\Java\jdk1.8.0_31\jre\classes, java.vendor=Oracle Corporation, localRepository=C:\Users\Administrator\.m2\repository, file.separator=\, java.vendor.url.bug=http://bugreport.sun.com/bugreport/, sun.io.unicode.encoding=UnicodeLittle, sun.cpu.endian=little, sun.desktop=windows, sun.cpu.isalist=amd64}}, SystemEnvironmentPropertySource@1677544922 {name='systemEnvironment', properties={PATH=C:/Program Files/Java/jre1.8.0_31/bin/server;C:/Program Files/Java/jre1.8.0_31/bin;C:/Program Files/Java/jre1.8.0_31/lib/amd64;E:\Oracle\product\11.2.0\dbhome_1\bin;C:\ProgramData\Oracle\Java\javapath;G:\android\sdk\platform-tools;G:\android\sdk\tools;C:\Program Files\Java\jdk1.8.0_31\bin;C:\Program Files\Java\jre1.8.0_31\bin;C:\Program Files\Java\jdk1.8.0_31\jre\bin;C:\Program Files (x86)\GtkSharp\2.12\bin;C:\windows\system32;C:\windows;C:\windows\System32\Wbem;G:\android\sdk\platform-tools;G:\android\sdk\tools;C:\Program Files\Java\jdk1.8.0_31\bin;C:\Program Files\Java\jre1.8.0_31\bin;C:\Program Files\Java\jdk1.8.0_31\jre\bin;D:\apache-maven-3.3.9\bin;C:\Program Files\MySQL\MySQL Utilities 1.6\;C:\gradle-4.1\BIN;E:\Program Files\erl8.1\bin;C:\Program Files (x86)\scala\bin;C:\Program Files (x86)\scala\bin;C:\Program Files (x86)\scala\jre\bin;C:\Program Files\nodejs\;D:\Python27;D:\Python27\Scripts;C:\Users\Administrator\AppData\Local\Programs\Fiddler;C:\Program Files (x86)\SSH Communications Security\SSH Secure Shell;C:\Users\Administrator\AppData\Roaming\npm;E:\Program Files\Microsoft VS Code\bin;G:\eclipse-win64;, USERDOMAIN_ROAMINGPROFILE=SC-201703091028, PROCESSOR_LEVEL=6, SYSTEMDRIVE=C:, SESSIONNAME=Console, ALLUSERSPROFILE=C:\ProgramData, PROCESSOR_ARCHITECTURE=AMD64, JRE_HOME=C:\Program Files\Java\jre1.8.0_31, MAVEN_HOME=D:\apache-maven-3.3.9, PROGRAMFILES=C:\Program Files, JAVA_JRE_HOME=C:\Program Files\Java\jdk1.8.0_31\jre, PSMODULEPATH=C:\windows\system32\WindowsPowerShell\v1.0\Modules\, PROGRAMDATA=C:\ProgramData, USERNAME=Administrator, PATHEXT=.COM;.EXE;.BAT;.CMD;.VBS;.VBE;.JS;.JSE;.WSF;.WSH;.MSC, DEVMGR_SHOW_DETAILS=1, WINDIR=C:\windows, HOMEPATH=\Users\Administrator, PROCESSOR_IDENTIFIER=Intel64 Family 6 Model 60 Stepping 3, GenuineIntel, PUBLIC=C:\Users\Public, =::=::\, LOCALAPPDATA=C:\Users\Administrator\AppData\Local, COMMONPROGRAMFILES(X86)=C:\Program Files (x86)\Common Files, USERDOMAIN=SC-201703091028, LOGONSERVER=\\SC-201703091028, JAVA_HOME=C:\Program Files\Java\jdk1.8.0_31, PROMPT=$P$G, PROGRAMFILES(X86)=C:\Program Files (x86), VS120COMNTOOLS=C:\Program Files (x86)\Microsoft Visual Studio 12.0\Common7\Tools\, GRADLE_HOME=C:\gradle-4.1, =C:=C:\Users\Administrator\Desktop\learn\m2cn7s, APPDATA=C:\Users\Administrator\AppData\Roaming, PROGRAMW6432=C:\Program Files, GTK_BASEPATH=C:\Program Files (x86)\GtkSharp\2.12\, SYSTEMROOT=C:\windows, SCALA_HOME=C:\Program Files (x86)\scala, ANDROID_SDK_HOME=G:\android\sdk, OS=Windows_NT, COMMONPROGRAMW6432=C:\Program Files\Common Files, COMPUTERNAME=SC-201703091028, COMMONPROGRAMFILES=C:\Program Files\Common Files, COMSPEC=C:\windows\system32\cmd.exe, PROCESSOR_REVISION=3c03, CLASSPATH=.;C:\Program Files\Java\jdk1.8.0_31\lib;C:\Program Files\Java\jdk1.8.0_31\lib\tools.jar;C:\Program Files\Java\jdk1.8.0_31\lib\dt.jar;C:\Program Files\Java\jre1.8.0_31\lib;C:\Program Files\Java\jre1.8.0_31\lib\rt.jar;C:\Program Files\Java\jdk1.8.0_31\jre\lib;C:\Program Files\Java\jdk1.8.0_31\jre\lib\rt.jar, TEMP=C:\Users\ADMINI~1\AppData\Local\Temp, HOMEDRIVE=C:, USERPROFILE=C:\Users\Administrator, TMP=C:\Users\ADMINI~1\AppData\Local\Temp, VS110COMNTOOLS=C:\Program Files (x86)\Microsoft Visual Studio 11.0\Common7\Tools\, MYSQLCONNECTOR_ASSEMBLIESPATH=C:\Program Files (x86)\MySQL\Connector.NET 6.9\Assemblies\v4.5, NUMBER_OF_PROCESSORS=8}}]
21:11:20.660 [main] DEBUG org.springframework.core.env.StandardEnvironment - Adding PropertySource 'test' with highest search precedence
21:11:20.663 [main] DEBUG org.springframework.core.env.MutablePropertySources - Adding PropertySource 'inline' with highest search precedence
21:11:20.673 [main] DEBUG org.springframework.test.context.support.TestPropertySourceUtils - Adding inlined properties to environment: {spring.jmx.enabled=false, org.springframework.boot.test.context.SpringBootTestContextBootstrapper=true, server.port=-1}
21:11:20.673 [main] DEBUG org.springframework.core.env.StandardEnvironment - Adding PropertySource 'Inlined Test Properties' with highest search precedence

  .   ____          _            __ _ _
 /\\ / ___'_ __ _ _(_)_ __  __ _ \ \ \ \
( ( )\___ | '_ | '_| | '_ \/ _` | \ \ \ \
 \\/  ___)| |_)| | | | | || (_| |  ) ) ) )
  '  |____| .__|_| |_|_| |_\__, | / / / /
 =========|_|==============|___/=/_/_/_/
 :: Spring Boot ::        (v1.5.7.RELEASE)

2018-01-18 21:11:21.273  INFO 4044 --- [           main] com.imooc.ApplicationTests               : Starting ApplicationTests on SC-201703091028 with PID 4044 (started by Administrator in C:\Users\Administrator\Desktop\learn\m2cn7s)
2018-01-18 21:11:21.276  INFO 4044 --- [           main] com.imooc.ApplicationTests               : The following profiles are active: test
2018-01-18 21:11:21.790  INFO 4044 --- [           main] o.s.w.c.s.GenericWebApplicationContext   : Refreshing org.springframework.web.context.support.GenericWebApplicationContext@6585df70: startup date [Thu Jan 18 21:11:21 CST 2018]; root of context hierarchy
2018-01-18 21:11:23.056  INFO 4044 --- [           main] .s.d.r.c.RepositoryConfigurationDelegate : Multiple Spring Data modules found, entering strict repository configuration mode!
2018-01-18 21:11:23.400  INFO 4044 --- [           main] .s.d.r.c.RepositoryConfigurationDelegate : Multiple Spring Data modules found, entering strict repository configuration mode!
2018-01-18 21:11:23.501  INFO 4044 --- [           main] .RepositoryConfigurationExtensionSupport : Spring Data Redis - Could not safely identify store assignment for repository candidate interface com.imooc.repository.HouseTagRepository.
2018-01-18 21:11:23.505  INFO 4044 --- [           main] .RepositoryConfigurationExtensionSupport : Spring Data Redis - Could not safely identify store assignment for repository candidate interface com.imooc.repository.SupportAddressRepository.
2018-01-18 21:11:23.505  INFO 4044 --- [           main] .RepositoryConfigurationExtensionSupport : Spring Data Redis - Could not safely identify store assignment for repository candidate interface com.imooc.repository.SubwayRepository.
2018-01-18 21:11:23.506  INFO 4044 --- [           main] .RepositoryConfigurationExtensionSupport : Spring Data Redis - Could not safely identify store assignment for repository candidate interface com.imooc.repository.HousePictureRepository.
2018-01-18 21:11:23.506  INFO 4044 --- [           main] .RepositoryConfigurationExtensionSupport : Spring Data Redis - Could not safely identify store assignment for repository candidate interface com.imooc.repository.SubwayStationRepository.
2018-01-18 21:11:23.507  INFO 4044 --- [           main] .RepositoryConfigurationExtensionSupport : Spring Data Redis - Could not safely identify store assignment for repository candidate interface com.imooc.repository.HouseSubscribeRespository.
2018-01-18 21:11:23.507  INFO 4044 --- [           main] .RepositoryConfigurationExtensionSupport : Spring Data Redis - Could not safely identify store assignment for repository candidate interface com.imooc.repository.HouseDetailRepository.
2018-01-18 21:11:23.507  INFO 4044 --- [           main] .RepositoryConfigurationExtensionSupport : Spring Data Redis - Could not safely identify store assignment for repository candidate interface com.imooc.repository.RoleRepository.
2018-01-18 21:11:23.508  INFO 4044 --- [           main] .RepositoryConfigurationExtensionSupport : Spring Data Redis - Could not safely identify store assignment for repository candidate interface com.imooc.repository.UserRepository.
2018-01-18 21:11:23.508  INFO 4044 --- [           main] .RepositoryConfigurationExtensionSupport : Spring Data Redis - Could not safely identify store assignment for repository candidate interface com.imooc.repository.HouseRepository.
2018-01-18 21:11:24.524  INFO 4044 --- [           main] trationDelegate$BeanPostProcessorChecker : Bean 'org.springframework.kafka.annotation.KafkaBootstrapConfiguration' of type [org.springframework.kafka.annotation.KafkaBootstrapConfiguration$$EnhancerBySpringCGLIB$$61d9ec0e] is not eligible for getting processed by all BeanPostProcessors (for example: not eligible for auto-proxying)
2018-01-18 21:11:25.547  INFO 4044 --- [           main] o.s.jdbc.datasource.init.ScriptUtils     : Executing SQL script from class path resource [db/schema.sql]
2018-01-18 21:11:25.598  INFO 4044 --- [           main] o.s.jdbc.datasource.init.ScriptUtils     : Executed SQL script from class path resource [db/schema.sql] in 51 ms.
2018-01-18 21:11:25.604  INFO 4044 --- [           main] o.s.jdbc.datasource.init.ScriptUtils     : Executing SQL script from class path resource [db/data.sql]
2018-01-18 21:11:25.629  WARN 4044 --- [           main] o.s.w.c.s.GenericWebApplicationContext   : Exception encountered during context initialization - cancelling refresh attempt: org.springframework.beans.factory.BeanCreationException: Error creating bean with name 'entityManagerFactory' defined in class path resource [com/imooc/config/JPAConfig.class]: Bean instantiation via factory method failed; nested exception is org.springframework.beans.BeanInstantiationException: Failed to instantiate [org.springframework.orm.jpa.LocalContainerEntityManagerFactoryBean]: Factory method 'entityManagerFactory' threw exception; nested exception is org.springframework.beans.factory.BeanCreationException: Error creating bean with name 'dataSource' defined in class path resource [com/imooc/config/JPAConfig.class]: Initialization of bean failed; nested exception is org.springframework.beans.factory.BeanCreationException: Error creating bean with name 'dataSourceInitializer': Invocation of init method failed; nested exception is org.springframework.jdbc.datasource.init.ScriptStatementFailedException: Failed to execute SQL script statement #7 of class path resource [db/data.sql]: INSERT INTO `house`(`id`, `title`, `price`, `area`, `room`, `floor`, `total_floor`, `watch_times`, `build_year`, `status`, `create_time`, `last_update_time`, `city_en_name`, `region_en_name`, `cover`, `direction`, `distance_to_subway`, `parlour`, `district`, `admin_id`, `bathroom`, `street`) VALUES ('15', '鐎靛苯濮忛崺锟� 閸ュ�熼敜CBD 閺冭泛鐨绘导鎴︽＝ 閸熷棗濮熼崝鐐插彆 鐡掑懏顥楅悺锕�濮�', '6200', '70', '2', '10', '20', '2', '2005', '1', '2017-09-06 18:56:14', '2017-09-15 00:26:59', 'bj', 'hdq', 'FmD3zKG-gUPOrNv0HwzZN7IbkAC_', '2', '10', '1', '閾诲秵杈伴崲澶婃疮', '2', '0', '姒瑥鐓欑憲澶哥癌鐠猴拷'), ('16', '鐎靛苯濮忛崺锟� 閸ュ�熼敜CBD 閺冭泛鐨绘导鎴︽＝ 閸熷棗濮熼崝鐐插彆', '6300', '70', '2', '10', '20', '0', '2012', '1', '2017-09-06 19:53:35', '2017-09-11 00:35:13', 'bj', 'hdq', 'FmD3zKG-gUPOrNv0HwzZN7IbkAC_', '1', '-1', '1', '閾诲秵杈伴崲澶婃疮', '2', '0', '姒瑥鐓欑憲澶哥癌鐠猴拷'), ('17', '娴滃瞼骞嗘稉婊呮纯闂傘劌婀撮柧浣虹彲闂勫嫯绻庨妴浣哄竾鎼存粈绨抽妴浣搞亯鐎瑰妫妴浣告禇鐠愭悶锟戒椒绗侀柌灞芥偛閵嗕礁宕￠柨锝夌处瀹革拷', '3000', '35', '1', '5', '10', '0', '2013', '1', '2017-09-06 20:45:35', '2017-09-11 00:35:05', 'bj', 'hdq', 'FhVdDhzVDH1dLVVx4jOaVXOCfnea', '1', '200', '0', '閾诲秵杈伴崲澶婃疮', '2', '0', '姒瑥鐓欑憲澶哥癌鐠猴拷'), ('18', '閸楀氦閿ら崺锟� 娑撴粌鎮滄稉锟界仦鍛缁岀皞oft 楠炴彃鍣ｅ〒鈺呂� 闂呭繑妞傞崣顖欎簰缁涘墽瀹�', '5700', '52', '1', '7', '20', '0', '2012', '1', '2017-09-06 21:01:02', '2017-09-11 00:35:01', 'bj', 'hdq', 'FsxiS6rOTpSg5pK7tv41e8Zpnn_c', '2', '1085', '1', '閾诲秵杈伴崲澶婃疮', '2', '0', '姒瑥鐓欑憲澶哥癌鐠猴拷'), ('19', '閺堟稒妲崶顓熸緲濡ら棿绗佺仦鍛吇 閼奉亙缍囩划鎹愵棅 閸楁瀵抽柅姘讹拷锟� 闁插洤鍘滄總鍊燁潒闁插孩顥楅敍锟�', '9200', '132', '3', '6', '14', '0', '2005', '1', '2017-09-06 22:44:25', '2017-09-11 00:34:55', 'bj', 'hdq', 'Fl1lNikhmMIecbTn-JTsurxugtFU', '2', '1108', '2', '閾诲秵杈伴崲澶婃疮', '2', '0', '姒瑥鐓欑憲澶哥癌鐠猴拷'), ('20', '妤傛ê銇囨稉濠勬畱閺佸顫ゆ稉銈呯湷鐎癸拷 娑撴矮瀵岀拠姘壈閸戣櫣顫�', '5400', '56', '2', '12', '20', '0', '2012', '1', '2017-09-06 23:39:50', '2017-09-11 00:34:21', 'bj', 'hdq', 'FtNl9uPM6p5PjEs8z2FnOuViNtOM', '2', '-1', '1', '閾诲秵杈伴崲澶婃疮', '2', '0', '姒瑥鐓欑憲澶哥癌鐠猴拷'), ('21', '閺傛澘鎮嶉崶锟� 濮濓綀顫夋稉澶婄湷鐎癸拷 缁崘顥婃穱锟� 鐎瑰墎鏁哥�硅泛鍙挎鎰弿', '1900', '18', '1', '13', '25', '0', '2012', '1', '2017-09-07 00:52:47', '2017-09-11 00:34:13', 'bj', 'hdq', 'Fn9sHC3Wx7qpYCmSxt-z8FZluf0Z', '3', '1302', '0', '閾诲秵杈伴崲澶婃疮', '2', '0', '姒瑥鐓欑憲澶哥癌鐠猴拷'), ('24', '濠�鏍у帨婢圭懓褰块張娑楀惈閸楀骸绨�183-387閵曪繝妲橀弲顖氥亣鐎癸拷', '50000', '288', '5', '1', '1', '0', '2015', '1', '2017-09-07 11:42:20', '2017-09-18 20:14:14', 'bj', 'hdq', 'FvVqU8LneZZ5xaLBAOM1KXR2Pz1X', '5', '200', '3', '閾诲秵杈伴崲澶婃疮', '2', '0', '姒瑥鐓欑憲澶哥癌鐠猴拷'); nested exception is org.h2.jdbc.JdbcSQLException: Value too long for column "TITLE VARCHAR(32) NOT NULL": "STRINGDECODE('\u7035\u5c7d\u59cf\u9369\ufffd \u9365\u501f\u9524CBD \u93c3\u8dfa\u76bb\u6d7c\u6226\u68fd \u935f\u55d7\u59df\u9354... (33)"; SQL statement:
INSERT INTO `house`(`id`, `title`, `price`, `area`, `room`, `floor`, `total_floor`, `watch_times`, `build_year`, `status`, `create_time`, `last_update_time`, `city_en_name`, `region_en_name`, `cover`, `direction`, `distance_to_subway`, `parlour`, `district`, `admin_id`, `bathroom`, `street`) VALUES ('15', '鐎靛苯濮忛崺锟� 閸ュ�熼敜CBD 閺冭泛鐨绘导鎴︽＝ 閸熷棗濮熼崝鐐插彆 鐡掑懏顥楅悺锕�濮�', '6200', '70', '2', '10', '20', '2', '2005', '1', '2017-09-06 18:56:14', '2017-09-15 00:26:59', 'bj', 'hdq', 'FmD3zKG-gUPOrNv0HwzZN7IbkAC_', '2', '10', '1', '閾诲秵杈伴崲澶婃疮', '2', '0', '姒瑥鐓欑憲澶哥癌鐠猴拷'), ('16', '鐎靛苯濮忛崺锟� 閸ュ�熼敜CBD 閺冭泛鐨绘导鎴︽＝ 閸熷棗濮熼崝鐐插彆', '6300', '70', '2', '10', '20', '0', '2012', '1', '2017-09-06 19:53:35', '2017-09-11 00:35:13', 'bj', 'hdq', 'FmD3zKG-gUPOrNv0HwzZN7IbkAC_', '1', '-1', '1', '閾诲秵杈伴崲澶婃疮', '2', '0', '姒瑥鐓欑憲澶哥癌鐠猴拷'), ('17', '娴滃瞼骞嗘稉婊呮纯闂傘劌婀撮柧浣虹彲闂勫嫯绻庨妴浣哄竾鎼存粈绨抽妴浣搞亯鐎瑰妫妴浣告禇鐠愭悶锟戒椒绗侀柌灞芥偛閵嗕礁宕￠柨锝夌处瀹革拷', '3000', '35', '1', '5', '10', '0', '2013', '1', '2017-09-06 20:45:35', '2017-09-11 00:35:05', 'bj', 'hdq', 'FhVdDhzVDH1dLVVx4jOaVXOCfnea', '1', '200', '0', '閾诲秵杈伴崲澶婃疮', '2', '0', '姒瑥鐓欑憲澶哥癌鐠猴拷'), ('18', '閸楀氦閿ら崺锟� 娑撴粌鎮滄稉锟界仦鍛缁岀皞oft 楠炴彃鍣ｅ〒鈺呂� 闂呭繑妞傞崣顖欎簰缁涘墽瀹�', '5700', '52', '1', '7', '20', '0', '2012', '1', '2017-09-06 21:01:02', '2017-09-11 00:35:01', 'bj', 'hdq', 'FsxiS6rOTpSg5pK7tv41e8Zpnn_c', '2', '1085', '1', '閾诲秵杈伴崲澶婃疮', '2', '0', '姒瑥鐓欑憲澶哥癌鐠猴拷'), ('19', '閺堟稒妲崶顓熸緲濡ら棿绗佺仦鍛吇 閼奉亙缍囩划鎹愵棅 閸楁瀵抽柅姘讹拷锟� 闁插洤鍘滄總鍊燁潒闁插孩顥楅敍锟�', '9200', '132', '3', '6', '14', '0', '2005', '1', '2017-09-06 22:44:25', '2017-09-11 00:34:55', 'bj', 'hdq', 'Fl1lNikhmMIecbTn-JTsurxugtFU', '2', '1108', '2', '閾诲秵杈伴崲澶婃疮', '2', '0', '姒瑥鐓欑憲澶哥癌鐠猴拷'), ('20', '妤傛ê銇囨稉濠勬畱閺佸顫ゆ稉銈呯湷鐎癸拷 娑撴矮瀵岀拠姘壈閸戣櫣顫�', '5400', '56', '2', '12', '20', '0', '2012', '1', '2017-09-06 23:39:50', '2017-09-11 00:34:21', 'bj', 'hdq', 'FtNl9uPM6p5PjEs8z2FnOuViNtOM', '2', '-1', '1', '閾诲秵杈伴崲澶婃疮', '2', '0', '姒瑥鐓欑憲澶哥癌鐠猴拷'), ('21', '閺傛澘鎮嶉崶锟� 濮濓綀顫夋稉澶婄湷鐎癸拷 缁崘顥婃穱锟� 鐎瑰墎鏁哥�硅泛鍙挎鎰弿', '1900', '18', '1', '13', '25', '0', '2012', '1', '2017-09-07 00:52:47', '2017-09-11 00:34:13', 'bj', 'hdq', 'Fn9sHC3Wx7qpYCmSxt-z8FZluf0Z', '3', '1302', '0', '閾诲秵杈伴崲澶婃疮', '2', '0', '姒瑥鐓欑憲澶哥癌鐠猴拷'), ('24', '濠�鏍у帨婢圭懓褰块張娑楀惈閸楀骸绨�183-387閵曪繝妲橀弲顖氥亣鐎癸拷', '50000', '288', '5', '1', '1', '0', '2015', '1', '2017-09-07 11:42:20', '2017-09-18 20:14:14', 'bj', 'hdq', 'FvVqU8LneZZ5xaLBAOM1KXR2Pz1X', '5', '200', '3', '閾诲秵杈伴崲澶婃疮', '2', '0', '姒瑥鐓欑憲澶哥癌鐠猴拷') [22001-196]
2018-01-18 21:11:25.639  INFO 4044 --- [           main] utoConfigurationReportLoggingInitializer : 

Error starting ApplicationContext. To display the auto-configuration report re-run your application with 'debug' enabled.
2018-01-18 21:11:25.655 ERROR 4044 --- [           main] o.s.boot.SpringApplication               : Application startup failed

org.springframework.beans.factory.BeanCreationException: Error creating bean with name 'entityManagerFactory' defined in class path resource [com/imooc/config/JPAConfig.class]: Bean instantiation via factory method failed; nested exception is org.springframework.beans.BeanInstantiationException: Failed to instantiate [org.springframework.orm.jpa.LocalContainerEntityManagerFactoryBean]: Factory method 'entityManagerFactory' threw exception; nested exception is org.springframework.beans.factory.BeanCreationException: Error creating bean with name 'dataSource' defined in class path resource [com/imooc/config/JPAConfig.class]: Initialization of bean failed; nested exception is org.springframework.beans.factory.BeanCreationException: Error creating bean with name 'dataSourceInitializer': Invocation of init method failed; nested exception is org.springframework.jdbc.datasource.init.ScriptStatementFailedException: Failed to execute SQL script statement #7 of class path resource [db/data.sql]: INSERT INTO `house`(`id`, `title`, `price`, `area`, `room`, `floor`, `total_floor`, `watch_times`, `build_year`, `status`, `create_time`, `last_update_time`, `city_en_name`, `region_en_name`, `cover`, `direction`, `distance_to_subway`, `parlour`, `district`, `admin_id`, `bathroom`, `street`) VALUES ('15', '鐎靛苯濮忛崺锟� 閸ュ�熼敜CBD 閺冭泛鐨绘导鎴︽＝ 閸熷棗濮熼崝鐐插彆 鐡掑懏顥楅悺锕�濮�', '6200', '70', '2', '10', '20', '2', '2005', '1', '2017-09-06 18:56:14', '2017-09-15 00:26:59', 'bj', 'hdq', 'FmD3zKG-gUPOrNv0HwzZN7IbkAC_', '2', '10', '1', '閾诲秵杈伴崲澶婃疮', '2', '0', '姒瑥鐓欑憲澶哥癌鐠猴拷'), ('16', '鐎靛苯濮忛崺锟� 閸ュ�熼敜CBD 閺冭泛鐨绘导鎴︽＝ 閸熷棗濮熼崝鐐插彆', '6300', '70', '2', '10', '20', '0', '2012', '1', '2017-09-06 19:53:35', '2017-09-11 00:35:13', 'bj', 'hdq', 'FmD3zKG-gUPOrNv0HwzZN7IbkAC_', '1', '-1', '1', '閾诲秵杈伴崲澶婃疮', '2', '0', '姒瑥鐓欑憲澶哥癌鐠猴拷'), ('17', '娴滃瞼骞嗘稉婊呮纯闂傘劌婀撮柧浣虹彲闂勫嫯绻庨妴浣哄竾鎼存粈绨抽妴浣搞亯鐎瑰妫妴浣告禇鐠愭悶锟戒椒绗侀柌灞芥偛閵嗕礁宕￠柨锝夌处瀹革拷', '3000', '35', '1', '5', '10', '0', '2013', '1', '2017-09-06 20:45:35', '2017-09-11 00:35:05', 'bj', 'hdq', 'FhVdDhzVDH1dLVVx4jOaVXOCfnea', '1', '200', '0', '閾诲秵杈伴崲澶婃疮', '2', '0', '姒瑥鐓欑憲澶哥癌鐠猴拷'), ('18', '閸楀氦閿ら崺锟� 娑撴粌鎮滄稉锟界仦鍛缁岀皞oft 楠炴彃鍣ｅ〒鈺呂� 闂呭繑妞傞崣顖欎簰缁涘墽瀹�', '5700', '52', '1', '7', '20', '0', '2012', '1', '2017-09-06 21:01:02', '2017-09-11 00:35:01', 'bj', 'hdq', 'FsxiS6rOTpSg5pK7tv41e8Zpnn_c', '2', '1085', '1', '閾诲秵杈伴崲澶婃疮', '2', '0', '姒瑥鐓欑憲澶哥癌鐠猴拷'), ('19', '閺堟稒妲崶顓熸緲濡ら棿绗佺仦鍛吇 閼奉亙缍囩划鎹愵棅 閸楁瀵抽柅姘讹拷锟� 闁插洤鍘滄總鍊燁潒闁插孩顥楅敍锟�', '9200', '132', '3', '6', '14', '0', '2005', '1', '2017-09-06 22:44:25', '2017-09-11 00:34:55', 'bj', 'hdq', 'Fl1lNikhmMIecbTn-JTsurxugtFU', '2', '1108', '2', '閾诲秵杈伴崲澶婃疮', '2', '0', '姒瑥鐓欑憲澶哥癌鐠猴拷'), ('20', '妤傛ê銇囨稉濠勬畱閺佸顫ゆ稉銈呯湷鐎癸拷 娑撴矮瀵岀拠姘壈閸戣櫣顫�', '5400', '56', '2', '12', '20', '0', '2012', '1', '2017-09-06 23:39:50', '2017-09-11 00:34:21', 'bj', 'hdq', 'FtNl9uPM6p5PjEs8z2FnOuViNtOM', '2', '-1', '1', '閾诲秵杈伴崲澶婃疮', '2', '0', '姒瑥鐓欑憲澶哥癌鐠猴拷'), ('21', '閺傛澘鎮嶉崶锟� 濮濓綀顫夋稉澶婄湷鐎癸拷 缁崘顥婃穱锟� 鐎瑰墎鏁哥�硅泛鍙挎鎰弿', '1900', '18', '1', '13', '25', '0', '2012', '1', '2017-09-07 00:52:47', '2017-09-11 00:34:13', 'bj', 'hdq', 'Fn9sHC3Wx7qpYCmSxt-z8FZluf0Z', '3', '1302', '0', '閾诲秵杈伴崲澶婃疮', '2', '0', '姒瑥鐓欑憲澶哥癌鐠猴拷'), ('24', '濠�鏍у帨婢圭懓褰块張娑楀惈閸楀骸绨�183-387閵曪繝妲橀弲顖氥亣鐎癸拷', '50000', '288', '5', '1', '1', '0', '2015', '1', '2017-09-07 11:42:20', '2017-09-18 20:14:14', 'bj', 'hdq', 'FvVqU8LneZZ5xaLBAOM1KXR2Pz1X', '5', '200', '3', '閾诲秵杈伴崲澶婃疮', '2', '0', '姒瑥鐓欑憲澶哥癌鐠猴拷'); nested exception is org.h2.jdbc.JdbcSQLException: Value too long for column "TITLE VARCHAR(32) NOT NULL": "STRINGDECODE('\u7035\u5c7d\u59cf\u9369\ufffd \u9365\u501f\u9524CBD \u93c3\u8dfa\u76bb\u6d7c\u6226\u68fd \u935f\u55d7\u59df\u9354... (33)"; SQL statement:
INSERT INTO `house`(`id`, `title`, `price`, `area`, `room`, `floor`, `total_floor`, `watch_times`, `build_year`, `status`, `create_time`, `last_update_time`, `city_en_name`, `region_en_name`, `cover`, `direction`, `distance_to_subway`, `parlour`, `district`, `admin_id`, `bathroom`, `street`) VALUES ('15', '鐎靛苯濮忛崺锟� 閸ュ�熼敜CBD 閺冭泛鐨绘导鎴︽＝ 閸熷棗濮熼崝鐐插彆 鐡掑懏顥楅悺锕�濮�', '6200', '70', '2', '10', '20', '2', '2005', '1', '2017-09-06 18:56:14', '2017-09-15 00:26:59', 'bj', 'hdq', 'FmD3zKG-gUPOrNv0HwzZN7IbkAC_', '2', '10', '1', '閾诲秵杈伴崲澶婃疮', '2', '0', '姒瑥鐓欑憲澶哥癌鐠猴拷'), ('16', '鐎靛苯濮忛崺锟� 閸ュ�熼敜CBD 閺冭泛鐨绘导鎴︽＝ 閸熷棗濮熼崝鐐插彆', '6300', '70', '2', '10', '20', '0', '2012', '1', '2017-09-06 19:53:35', '2017-09-11 00:35:13', 'bj', 'hdq', 'FmD3zKG-gUPOrNv0HwzZN7IbkAC_', '1', '-1', '1', '閾诲秵杈伴崲澶婃疮', '2', '0', '姒瑥鐓欑憲澶哥癌鐠猴拷'), ('17', '娴滃瞼骞嗘稉婊呮纯闂傘劌婀撮柧浣虹彲闂勫嫯绻庨妴浣哄竾鎼存粈绨抽妴浣搞亯鐎瑰妫妴浣告禇鐠愭悶锟戒椒绗侀柌灞芥偛閵嗕礁宕￠柨锝夌处瀹革拷', '3000', '35', '1', '5', '10', '0', '2013', '1', '2017-09-06 20:45:35', '2017-09-11 00:35:05', 'bj', 'hdq', 'FhVdDhzVDH1dLVVx4jOaVXOCfnea', '1', '200', '0', '閾诲秵杈伴崲澶婃疮', '2', '0', '姒瑥鐓欑憲澶哥癌鐠猴拷'), ('18', '閸楀氦閿ら崺锟� 娑撴粌鎮滄稉锟界仦鍛缁岀皞oft 楠炴彃鍣ｅ〒鈺呂� 闂呭繑妞傞崣顖欎簰缁涘墽瀹�', '5700', '52', '1', '7', '20', '0', '2012', '1', '2017-09-06 21:01:02', '2017-09-11 00:35:01', 'bj', 'hdq', 'FsxiS6rOTpSg5pK7tv41e8Zpnn_c', '2', '1085', '1', '閾诲秵杈伴崲澶婃疮', '2', '0', '姒瑥鐓欑憲澶哥癌鐠猴拷'), ('19', '閺堟稒妲崶顓熸緲濡ら棿绗佺仦鍛吇 閼奉亙缍囩划鎹愵棅 閸楁瀵抽柅姘讹拷锟� 闁插洤鍘滄總鍊燁潒闁插孩顥楅敍锟�', '9200', '132', '3', '6', '14', '0', '2005', '1', '2017-09-06 22:44:25', '2017-09-11 00:34:55', 'bj', 'hdq', 'Fl1lNikhmMIecbTn-JTsurxugtFU', '2', '1108', '2', '閾诲秵杈伴崲澶婃疮', '2', '0', '姒瑥鐓欑憲澶哥癌鐠猴拷'), ('20', '妤傛ê銇囨稉濠勬畱閺佸顫ゆ稉銈呯湷鐎癸拷 娑撴矮瀵岀拠姘壈閸戣櫣顫�', '5400', '56', '2', '12', '20', '0', '2012', '1', '2017-09-06 23:39:50', '2017-09-11 00:34:21', 'bj', 'hdq', 'FtNl9uPM6p5PjEs8z2FnOuViNtOM', '2', '-1', '1', '閾诲秵杈伴崲澶婃疮', '2', '0', '姒瑥鐓欑憲澶哥癌鐠猴拷'), ('21', '閺傛澘鎮嶉崶锟� 濮濓綀顫夋稉澶婄湷鐎癸拷 缁崘顥婃穱锟� 鐎瑰墎鏁哥�硅泛鍙挎鎰弿', '1900', '18', '1', '13', '25', '0', '2012', '1', '2017-09-07 00:52:47', '2017-09-11 00:34:13', 'bj', 'hdq', 'Fn9sHC3Wx7qpYCmSxt-z8FZluf0Z', '3', '1302', '0', '閾诲秵杈伴崲澶婃疮', '2', '0', '姒瑥鐓欑憲澶哥癌鐠猴拷'), ('24', '濠�鏍у帨婢圭懓褰块張娑楀惈閸楀骸绨�183-387閵曪繝妲橀弲顖氥亣鐎癸拷', '50000', '288', '5', '1', '1', '0', '2015', '1', '2017-09-07 11:42:20', '2017-09-18 20:14:14', 'bj', 'hdq', 'FvVqU8LneZZ5xaLBAOM1KXR2Pz1X', '5', '200', '3', '閾诲秵杈伴崲澶婃疮', '2', '0', '姒瑥鐓欑憲澶哥癌鐠猴拷') [22001-196]
	at org.springframework.beans.factory.support.ConstructorResolver.instantiateUsingFactoryMethod(ConstructorResolver.java:599) ~[spring-beans-4.3.11.RELEASE.jar:4.3.11.RELEASE]
	at org.springframework.beans.factory.support.AbstractAutowireCapableBeanFactory.instantiateUsingFactoryMethod(AbstractAutowireCapableBeanFactory.java:1173) ~[spring-beans-4.3.11.RELEASE.jar:4.3.11.RELEASE]
	at org.springframework.beans.factory.support.AbstractAutowireCapableBeanFactory.createBeanInstance(AbstractAutowireCapableBeanFactory.java:1067) ~[spring-beans-4.3.11.RELEASE.jar:4.3.11.RELEASE]
	at org.springframework.beans.factory.support.AbstractAutowireCapableBeanFactory.doCreateBean(AbstractAutowireCapableBeanFactory.java:513) ~[spring-beans-4.3.11.RELEASE.jar:4.3.11.RELEASE]
	at org.springframework.beans.factory.support.AbstractAutowireCapableBeanFactory.createBean(AbstractAutowireCapableBeanFactory.java:483) ~[spring-beans-4.3.11.RELEASE.jar:4.3.11.RELEASE]
	at org.springframework.beans.factory.support.AbstractBeanFactory$1.getObject(AbstractBeanFactory.java:306) ~[spring-beans-4.3.11.RELEASE.jar:4.3.11.RELEASE]
	at org.springframework.beans.factory.support.DefaultSingletonBeanRegistry.getSingleton(DefaultSingletonBeanRegistry.java:230) ~[spring-beans-4.3.11.RELEASE.jar:4.3.11.RELEASE]
	at org.springframework.beans.factory.support.AbstractBeanFactory.doGetBean(AbstractBeanFactory.java:302) ~[spring-beans-4.3.11.RELEASE.jar:4.3.11.RELEASE]
	at org.springframework.beans.factory.support.AbstractBeanFactory.getBean(AbstractBeanFactory.java:197) ~[spring-beans-4.3.11.RELEASE.jar:4.3.11.RELEASE]
	at org.springframework.context.support.AbstractApplicationContext.getBean(AbstractApplicationContext.java:1078) ~[spring-context-4.3.11.RELEASE.jar:4.3.11.RELEASE]
	at org.springframework.context.support.AbstractApplicationContext.finishBeanFactoryInitialization(AbstractApplicationContext.java:857) ~[spring-context-4.3.11.RELEASE.jar:4.3.11.RELEASE]
	at org.springframework.context.support.AbstractApplicationContext.refresh(AbstractApplicationContext.java:543) ~[spring-context-4.3.11.RELEASE.jar:4.3.11.RELEASE]
	at org.springframework.boot.SpringApplication.refresh(SpringApplication.java:693) ~[spring-boot-1.5.7.RELEASE.jar:1.5.7.RELEASE]
	at org.springframework.boot.SpringApplication.refreshContext(SpringApplication.java:360) ~[spring-boot-1.5.7.RELEASE.jar:1.5.7.RELEASE]
	at org.springframework.boot.SpringApplication.run(SpringApplication.java:303) ~[spring-boot-1.5.7.RELEASE.jar:1.5.7.RELEASE]
	at org.springframework.boot.test.context.SpringBootContextLoader.loadContext(SpringBootContextLoader.java:120) [spring-boot-test-1.5.7.RELEASE.jar:1.5.7.RELEASE]
	at org.springframework.test.context.cache.DefaultCacheAwareContextLoaderDelegate.loadContextInternal(DefaultCacheAwareContextLoaderDelegate.java:98) [spring-test-4.3.11.RELEASE.jar:4.3.11.RELEASE]
	at org.springframework.test.context.cache.DefaultCacheAwareContextLoaderDelegate.loadContext(DefaultCacheAwareContextLoaderDelegate.java:116) [spring-test-4.3.11.RELEASE.jar:4.3.11.RELEASE]
	at org.springframework.test.context.support.DefaultTestContext.getApplicationContext(DefaultTestContext.java:83) [spring-test-4.3.11.RELEASE.jar:4.3.11.RELEASE]
	at org.springframework.test.context.web.ServletTestExecutionListener.setUpRequestContextIfNecessary(ServletTestExecutionListener.java:189) [spring-test-4.3.11.RELEASE.jar:4.3.11.RELEASE]
	at org.springframework.test.context.web.ServletTestExecutionListener.prepareTestInstance(ServletTestExecutionListener.java:131) [spring-test-4.3.11.RELEASE.jar:4.3.11.RELEASE]
	at org.springframework.test.context.TestContextManager.prepareTestInstance(TestContextManager.java:230) [spring-test-4.3.11.RELEASE.jar:4.3.11.RELEASE]
	at org.springframework.test.context.junit4.SpringJUnit4ClassRunner.createTest(SpringJUnit4ClassRunner.java:228) [spring-test-4.3.11.RELEASE.jar:4.3.11.RELEASE]
	at org.springframework.test.context.junit4.SpringJUnit4ClassRunner$1.runReflectiveCall(SpringJUnit4ClassRunner.java:287) [spring-test-4.3.11.RELEASE.jar:4.3.11.RELEASE]
	at org.junit.internal.runners.model.ReflectiveCallable.run(ReflectiveCallable.java:12) [junit-4.12.jar:4.12]
	at org.springframework.test.context.junit4.SpringJUnit4ClassRunner.methodBlock(SpringJUnit4ClassRunner.java:289) [spring-test-4.3.11.RELEASE.jar:4.3.11.RELEASE]
	at org.springframework.test.context.junit4.SpringJUnit4ClassRunner.runChild(SpringJUnit4ClassRunner.java:247) [spring-test-4.3.11.RELEASE.jar:4.3.11.RELEASE]
	at org.springframework.test.context.junit4.SpringJUnit4ClassRunner.runChild(SpringJUnit4ClassRunner.java:94) [spring-test-4.3.11.RELEASE.jar:4.3.11.RELEASE]
	at org.junit.runners.ParentRunner$3.run(ParentRunner.java:290) [junit-4.12.jar:4.12]
	at org.junit.runners.ParentRunner$1.schedule(ParentRunner.java:71) [junit-4.12.jar:4.12]
	at org.junit.runners.ParentRunner.runChildren(ParentRunner.java:288) [junit-4.12.jar:4.12]
	at org.junit.runners.ParentRunner.access$000(ParentRunner.java:58) [junit-4.12.jar:4.12]
	at org.junit.runners.ParentRunner$2.evaluate(ParentRunner.java:268) [junit-4.12.jar:4.12]
	at org.springframework.test.context.junit4.statements.RunBeforeTestClassCallbacks.evaluate(RunBeforeTestClassCallbacks.java:61) [spring-test-4.3.11.RELEASE.jar:4.3.11.RELEASE]
	at org.springframework.test.context.junit4.statements.RunAfterTestClassCallbacks.evaluate(RunAfterTestClassCallbacks.java:70) [spring-test-4.3.11.RELEASE.jar:4.3.11.RELEASE]
	at org.junit.runners.ParentRunner.run(ParentRunner.java:363) [junit-4.12.jar:4.12]
	at org.springframework.test.context.junit4.SpringJUnit4ClassRunner.run(SpringJUnit4ClassRunner.java:191) [spring-test-4.3.11.RELEASE.jar:4.3.11.RELEASE]
	at org.apache.maven.surefire.junit4.JUnit4Provider.execute(JUnit4Provider.java:283) [surefire-junit4-2.18.1.jar:2.18.1]
	at org.apache.maven.surefire.junit4.JUnit4Provider.executeWithRerun(JUnit4Provider.java:173) [surefire-junit4-2.18.1.jar:2.18.1]
	at org.apache.maven.surefire.junit4.JUnit4Provider.executeTestSet(JUnit4Provider.java:153) [surefire-junit4-2.18.1.jar:2.18.1]
	at org.apache.maven.surefire.junit4.JUnit4Provider.invoke(JUnit4Provider.java:128) [surefire-junit4-2.18.1.jar:2.18.1]
	at org.apache.maven.surefire.booter.ForkedBooter.invokeProviderInSameClassLoader(ForkedBooter.java:203) [surefire-booter-2.18.1.jar:2.18.1]
	at org.apache.maven.surefire.booter.ForkedBooter.runSuitesInProcess(ForkedBooter.java:155) [surefire-booter-2.18.1.jar:2.18.1]
	at org.apache.maven.surefire.booter.ForkedBooter.main(ForkedBooter.java:103) [surefire-booter-2.18.1.jar:2.18.1]
Caused by: org.springframework.beans.BeanInstantiationException: Failed to instantiate [org.springframework.orm.jpa.LocalContainerEntityManagerFactoryBean]: Factory method 'entityManagerFactory' threw exception; nested exception is org.springframework.beans.factory.BeanCreationException: Error creating bean with name 'dataSource' defined in class path resource [com/imooc/config/JPAConfig.class]: Initialization of bean failed; nested exception is org.springframework.beans.factory.BeanCreationException: Error creating bean with name 'dataSourceInitializer': Invocation of init method failed; nested exception is org.springframework.jdbc.datasource.init.ScriptStatementFailedException: Failed to execute SQL script statement #7 of class path resource [db/data.sql]: INSERT INTO `house`(`id`, `title`, `price`, `area`, `room`, `floor`, `total_floor`, `watch_times`, `build_year`, `status`, `create_time`, `last_update_time`, `city_en_name`, `region_en_name`, `cover`, `direction`, `distance_to_subway`, `parlour`, `district`, `admin_id`, `bathroom`, `street`) VALUES ('15', '鐎靛苯濮忛崺锟� 閸ュ�熼敜CBD 閺冭泛鐨绘导鎴︽＝ 閸熷棗濮熼崝鐐插彆 鐡掑懏顥楅悺锕�濮�', '6200', '70', '2', '10', '20', '2', '2005', '1', '2017-09-06 18:56:14', '2017-09-15 00:26:59', 'bj', 'hdq', 'FmD3zKG-gUPOrNv0HwzZN7IbkAC_', '2', '10', '1', '閾诲秵杈伴崲澶婃疮', '2', '0', '姒瑥鐓欑憲澶哥癌鐠猴拷'), ('16', '鐎靛苯濮忛崺锟� 閸ュ�熼敜CBD 閺冭泛鐨绘导鎴︽＝ 閸熷棗濮熼崝鐐插彆', '6300', '70', '2', '10', '20', '0', '2012', '1', '2017-09-06 19:53:35', '2017-09-11 00:35:13', 'bj', 'hdq', 'FmD3zKG-gUPOrNv0HwzZN7IbkAC_', '1', '-1', '1', '閾诲秵杈伴崲澶婃疮', '2', '0', '姒瑥鐓欑憲澶哥癌鐠猴拷'), ('17', '娴滃瞼骞嗘稉婊呮纯闂傘劌婀撮柧浣虹彲闂勫嫯绻庨妴浣哄竾鎼存粈绨抽妴浣搞亯鐎瑰妫妴浣告禇鐠愭悶锟戒椒绗侀柌灞芥偛閵嗕礁宕￠柨锝夌处瀹革拷', '3000', '35', '1', '5', '10', '0', '2013', '1', '2017-09-06 20:45:35', '2017-09-11 00:35:05', 'bj', 'hdq', 'FhVdDhzVDH1dLVVx4jOaVXOCfnea', '1', '200', '0', '閾诲秵杈伴崲澶婃疮', '2', '0', '姒瑥鐓欑憲澶哥癌鐠猴拷'), ('18', '閸楀氦閿ら崺锟� 娑撴粌鎮滄稉锟界仦鍛缁岀皞oft 楠炴彃鍣ｅ〒鈺呂� 闂呭繑妞傞崣顖欎簰缁涘墽瀹�', '5700', '52', '1', '7', '20', '0', '2012', '1', '2017-09-06 21:01:02', '2017-09-11 00:35:01', 'bj', 'hdq', 'FsxiS6rOTpSg5pK7tv41e8Zpnn_c', '2', '1085', '1', '閾诲秵杈伴崲澶婃疮', '2', '0', '姒瑥鐓欑憲澶哥癌鐠猴拷'), ('19', '閺堟稒妲崶顓熸緲濡ら棿绗佺仦鍛吇 閼奉亙缍囩划鎹愵棅 閸楁瀵抽柅姘讹拷锟� 闁插洤鍘滄總鍊燁潒闁插孩顥楅敍锟�', '9200', '132', '3', '6', '14', '0', '2005', '1', '2017-09-06 22:44:25', '2017-09-11 00:34:55', 'bj', 'hdq', 'Fl1lNikhmMIecbTn-JTsurxugtFU', '2', '1108', '2', '閾诲秵杈伴崲澶婃疮', '2', '0', '姒瑥鐓欑憲澶哥癌鐠猴拷'), ('20', '妤傛ê銇囨稉濠勬畱閺佸顫ゆ稉銈呯湷鐎癸拷 娑撴矮瀵岀拠姘壈閸戣櫣顫�', '5400', '56', '2', '12', '20', '0', '2012', '1', '2017-09-06 23:39:50', '2017-09-11 00:34:21', 'bj', 'hdq', 'FtNl9uPM6p5PjEs8z2FnOuViNtOM', '2', '-1', '1', '閾诲秵杈伴崲澶婃疮', '2', '0', '姒瑥鐓欑憲澶哥癌鐠猴拷'), ('21', '閺傛澘鎮嶉崶锟� 濮濓綀顫夋稉澶婄湷鐎癸拷 缁崘顥婃穱锟� 鐎瑰墎鏁哥�硅泛鍙挎鎰弿', '1900', '18', '1', '13', '25', '0', '2012', '1', '2017-09-07 00:52:47', '2017-09-11 00:34:13', 'bj', 'hdq', 'Fn9sHC3Wx7qpYCmSxt-z8FZluf0Z', '3', '1302', '0', '閾诲秵杈伴崲澶婃疮', '2', '0', '姒瑥鐓欑憲澶哥癌鐠猴拷'), ('24', '濠�鏍у帨婢圭懓褰块張娑楀惈閸楀骸绨�183-387閵曪繝妲橀弲顖氥亣鐎癸拷', '50000', '288', '5', '1', '1', '0', '2015', '1', '2017-09-07 11:42:20', '2017-09-18 20:14:14', 'bj', 'hdq', 'FvVqU8LneZZ5xaLBAOM1KXR2Pz1X', '5', '200', '3', '閾诲秵杈伴崲澶婃疮', '2', '0', '姒瑥鐓欑憲澶哥癌鐠猴拷'); nested exception is org.h2.jdbc.JdbcSQLException: Value too long for column "TITLE VARCHAR(32) NOT NULL": "STRINGDECODE('\u7035\u5c7d\u59cf\u9369\ufffd \u9365\u501f\u9524CBD \u93c3\u8dfa\u76bb\u6d7c\u6226\u68fd \u935f\u55d7\u59df\u9354... (33)"; SQL statement:
INSERT INTO `house`(`id`, `title`, `price`, `area`, `room`, `floor`, `total_floor`, `watch_times`, `build_year`, `status`, `create_time`, `last_update_time`, `city_en_name`, `region_en_name`, `cover`, `direction`, `distance_to_subway`, `parlour`, `district`, `admin_id`, `bathroom`, `street`) VALUES ('15', '鐎靛苯濮忛崺锟� 閸ュ�熼敜CBD 閺冭泛鐨绘导鎴︽＝ 閸熷棗濮熼崝鐐插彆 鐡掑懏顥楅悺锕�濮�', '6200', '70', '2', '10', '20', '2', '2005', '1', '2017-09-06 18:56:14', '2017-09-15 00:26:59', 'bj', 'hdq', 'FmD3zKG-gUPOrNv0HwzZN7IbkAC_', '2', '10', '1', '閾诲秵杈伴崲澶婃疮', '2', '0', '姒瑥鐓欑憲澶哥癌鐠猴拷'), ('16', '鐎靛苯濮忛崺锟� 閸ュ�熼敜CBD 閺冭泛鐨绘导鎴︽＝ 閸熷棗濮熼崝鐐插彆', '6300', '70', '2', '10', '20', '0', '2012', '1', '2017-09-06 19:53:35', '2017-09-11 00:35:13', 'bj', 'hdq', 'FmD3zKG-gUPOrNv0HwzZN7IbkAC_', '1', '-1', '1', '閾诲秵杈伴崲澶婃疮', '2', '0', '姒瑥鐓欑憲澶哥癌鐠猴拷'), ('17', '娴滃瞼骞嗘稉婊呮纯闂傘劌婀撮柧浣虹彲闂勫嫯绻庨妴浣哄竾鎼存粈绨抽妴浣搞亯鐎瑰妫妴浣告禇鐠愭悶锟戒椒绗侀柌灞芥偛閵嗕礁宕￠柨锝夌处瀹革拷', '3000', '35', '1', '5', '10', '0', '2013', '1', '2017-09-06 20:45:35', '2017-09-11 00:35:05', 'bj', 'hdq', 'FhVdDhzVDH1dLVVx4jOaVXOCfnea', '1', '200', '0', '閾诲秵杈伴崲澶婃疮', '2', '0', '姒瑥鐓欑憲澶哥癌鐠猴拷'), ('18', '閸楀氦閿ら崺锟� 娑撴粌鎮滄稉锟界仦鍛缁岀皞oft 楠炴彃鍣ｅ〒鈺呂� 闂呭繑妞傞崣顖欎簰缁涘墽瀹�', '5700', '52', '1', '7', '20', '0', '2012', '1', '2017-09-06 21:01:02', '2017-09-11 00:35:01', 'bj', 'hdq', 'FsxiS6rOTpSg5pK7tv41e8Zpnn_c', '2', '1085', '1', '閾诲秵杈伴崲澶婃疮', '2', '0', '姒瑥鐓欑憲澶哥癌鐠猴拷'), ('19', '閺堟稒妲崶顓熸緲濡ら棿绗佺仦鍛吇 閼奉亙缍囩划鎹愵棅 閸楁瀵抽柅姘讹拷锟� 闁插洤鍘滄總鍊燁潒闁插孩顥楅敍锟�', '9200', '132', '3', '6', '14', '0', '2005', '1', '2017-09-06 22:44:25', '2017-09-11 00:34:55', 'bj', 'hdq', 'Fl1lNikhmMIecbTn-JTsurxugtFU', '2', '1108', '2', '閾诲秵杈伴崲澶婃疮', '2', '0', '姒瑥鐓欑憲澶哥癌鐠猴拷'), ('20', '妤傛ê銇囨稉濠勬畱閺佸顫ゆ稉銈呯湷鐎癸拷 娑撴矮瀵岀拠姘壈閸戣櫣顫�', '5400', '56', '2', '12', '20', '0', '2012', '1', '2017-09-06 23:39:50', '2017-09-11 00:34:21', 'bj', 'hdq', 'FtNl9uPM6p5PjEs8z2FnOuViNtOM', '2', '-1', '1', '閾诲秵杈伴崲澶婃疮', '2', '0', '姒瑥鐓欑憲澶哥癌鐠猴拷'), ('21', '閺傛澘鎮嶉崶锟� 濮濓綀顫夋稉澶婄湷鐎癸拷 缁崘顥婃穱锟� 鐎瑰墎鏁哥�硅泛鍙挎鎰弿', '1900', '18', '1', '13', '25', '0', '2012', '1', '2017-09-07 00:52:47', '2017-09-11 00:34:13', 'bj', 'hdq', 'Fn9sHC3Wx7qpYCmSxt-z8FZluf0Z', '3', '1302', '0', '閾诲秵杈伴崲澶婃疮', '2', '0', '姒瑥鐓欑憲澶哥癌鐠猴拷'), ('24', '濠�鏍у帨婢圭懓褰块張娑楀惈閸楀骸绨�183-387閵曪繝妲橀弲顖氥亣鐎癸拷', '50000', '288', '5', '1', '1', '0', '2015', '1', '2017-09-07 11:42:20', '2017-09-18 20:14:14', 'bj', 'hdq', 'FvVqU8LneZZ5xaLBAOM1KXR2Pz1X', '5', '200', '3', '閾诲秵杈伴崲澶婃疮', '2', '0', '姒瑥鐓欑憲澶哥癌鐠猴拷') [22001-196]
	at org.springframework.beans.factory.support.SimpleInstantiationStrategy.instantiate(SimpleInstantiationStrategy.java:189) ~[spring-beans-4.3.11.RELEASE.jar:4.3.11.RELEASE]
	at org.springframework.beans.factory.support.ConstructorResolver.instantiateUsingFactoryMethod(ConstructorResolver.java:588) ~[spring-beans-4.3.11.RELEASE.jar:4.3.11.RELEASE]
	... 43 common frames omitted
Caused by: org.springframework.beans.factory.BeanCreationException: Error creating bean with name 'dataSource' defined in class path resource [com/imooc/config/JPAConfig.class]: Initialization of bean failed; nested exception is org.springframework.beans.factory.BeanCreationException: Error creating bean with name 'dataSourceInitializer': Invocation of init method failed; nested exception is org.springframework.jdbc.datasource.init.ScriptStatementFailedException: Failed to execute SQL script statement #7 of class path resource [db/data.sql]: INSERT INTO `house`(`id`, `title`, `price`, `area`, `room`, `floor`, `total_floor`, `watch_times`, `build_year`, `status`, `create_time`, `last_update_time`, `city_en_name`, `region_en_name`, `cover`, `direction`, `distance_to_subway`, `parlour`, `district`, `admin_id`, `bathroom`, `street`) VALUES ('15', '鐎靛苯濮忛崺锟� 閸ュ�熼敜CBD 閺冭泛鐨绘导鎴︽＝ 閸熷棗濮熼崝鐐插彆 鐡掑懏顥楅悺锕�濮�', '6200', '70', '2', '10', '20', '2', '2005', '1', '2017-09-06 18:56:14', '2017-09-15 00:26:59', 'bj', 'hdq', 'FmD3zKG-gUPOrNv0HwzZN7IbkAC_', '2', '10', '1', '閾诲秵杈伴崲澶婃疮', '2', '0', '姒瑥鐓欑憲澶哥癌鐠猴拷'), ('16', '鐎靛苯濮忛崺锟� 閸ュ�熼敜CBD 閺冭泛鐨绘导鎴︽＝ 閸熷棗濮熼崝鐐插彆', '6300', '70', '2', '10', '20', '0', '2012', '1', '2017-09-06 19:53:35', '2017-09-11 00:35:13', 'bj', 'hdq', 'FmD3zKG-gUPOrNv0HwzZN7IbkAC_', '1', '-1', '1', '閾诲秵杈伴崲澶婃疮', '2', '0', '姒瑥鐓欑憲澶哥癌鐠猴拷'), ('17', '娴滃瞼骞嗘稉婊呮纯闂傘劌婀撮柧浣虹彲闂勫嫯绻庨妴浣哄竾鎼存粈绨抽妴浣搞亯鐎瑰妫妴浣告禇鐠愭悶锟戒椒绗侀柌灞芥偛閵嗕礁宕￠柨锝夌处瀹革拷', '3000', '35', '1', '5', '10', '0', '2013', '1', '2017-09-06 20:45:35', '2017-09-11 00:35:05', 'bj', 'hdq', 'FhVdDhzVDH1dLVVx4jOaVXOCfnea', '1', '200', '0', '閾诲秵杈伴崲澶婃疮', '2', '0', '姒瑥鐓欑憲澶哥癌鐠猴拷'), ('18', '閸楀氦閿ら崺锟� 娑撴粌鎮滄稉锟界仦鍛缁岀皞oft 楠炴彃鍣ｅ〒鈺呂� 闂呭繑妞傞崣顖欎簰缁涘墽瀹�', '5700', '52', '1', '7', '20', '0', '2012', '1', '2017-09-06 21:01:02', '2017-09-11 00:35:01', 'bj', 'hdq', 'FsxiS6rOTpSg5pK7tv41e8Zpnn_c', '2', '1085', '1', '閾诲秵杈伴崲澶婃疮', '2', '0', '姒瑥鐓欑憲澶哥癌鐠猴拷'), ('19', '閺堟稒妲崶顓熸緲濡ら棿绗佺仦鍛吇 閼奉亙缍囩划鎹愵棅 閸楁瀵抽柅姘讹拷锟� 闁插洤鍘滄總鍊燁潒闁插孩顥楅敍锟�', '9200', '132', '3', '6', '14', '0', '2005', '1', '2017-09-06 22:44:25', '2017-09-11 00:34:55', 'bj', 'hdq', 'Fl1lNikhmMIecbTn-JTsurxugtFU', '2', '1108', '2', '閾诲秵杈伴崲澶婃疮', '2', '0', '姒瑥鐓欑憲澶哥癌鐠猴拷'), ('20', '妤傛ê銇囨稉濠勬畱閺佸顫ゆ稉銈呯湷鐎癸拷 娑撴矮瀵岀拠姘壈閸戣櫣顫�', '5400', '56', '2', '12', '20', '0', '2012', '1', '2017-09-06 23:39:50', '2017-09-11 00:34:21', 'bj', 'hdq', 'FtNl9uPM6p5PjEs8z2FnOuViNtOM', '2', '-1', '1', '閾诲秵杈伴崲澶婃疮', '2', '0', '姒瑥鐓欑憲澶哥癌鐠猴拷'), ('21', '閺傛澘鎮嶉崶锟� 濮濓綀顫夋稉澶婄湷鐎癸拷 缁崘顥婃穱锟� 鐎瑰墎鏁哥�硅泛鍙挎鎰弿', '1900', '18', '1', '13', '25', '0', '2012', '1', '2017-09-07 00:52:47', '2017-09-11 00:34:13', 'bj', 'hdq', 'Fn9sHC3Wx7qpYCmSxt-z8FZluf0Z', '3', '1302', '0', '閾诲秵杈伴崲澶婃疮', '2', '0', '姒瑥鐓欑憲澶哥癌鐠猴拷'), ('24', '濠�鏍у帨婢圭懓褰块張娑楀惈閸楀骸绨�183-387閵曪繝妲橀弲顖氥亣鐎癸拷', '50000', '288', '5', '1', '1', '0', '2015', '1', '2017-09-07 11:42:20', '2017-09-18 20:14:14', 'bj', 'hdq', 'FvVqU8LneZZ5xaLBAOM1KXR2Pz1X', '5', '200', '3', '閾诲秵杈伴崲澶婃疮', '2', '0', '姒瑥鐓欑憲澶哥癌鐠猴拷'); nested exception is org.h2.jdbc.JdbcSQLException: Value too long for column "TITLE VARCHAR(32) NOT NULL": "STRINGDECODE('\u7035\u5c7d\u59cf\u9369\ufffd \u9365\u501f\u9524CBD \u93c3\u8dfa\u76bb\u6d7c\u6226\u68fd \u935f\u55d7\u59df\u9354... (33)"; SQL statement:
INSERT INTO `house`(`id`, `title`, `price`, `area`, `room`, `floor`, `total_floor`, `watch_times`, `build_year`, `status`, `create_time`, `last_update_time`, `city_en_name`, `region_en_name`, `cover`, `direction`, `distance_to_subway`, `parlour`, `district`, `admin_id`, `bathroom`, `street`) VALUES ('15', '鐎靛苯濮忛崺锟� 閸ュ�熼敜CBD 閺冭泛鐨绘导鎴︽＝ 閸熷棗濮熼崝鐐插彆 鐡掑懏顥楅悺锕�濮�', '6200', '70', '2', '10', '20', '2', '2005', '1', '2017-09-06 18:56:14', '2017-09-15 00:26:59', 'bj', 'hdq', 'FmD3zKG-gUPOrNv0HwzZN7IbkAC_', '2', '10', '1', '閾诲秵杈伴崲澶婃疮', '2', '0', '姒瑥鐓欑憲澶哥癌鐠猴拷'), ('16', '鐎靛苯濮忛崺锟� 閸ュ�熼敜CBD 閺冭泛鐨绘导鎴︽＝ 閸熷棗濮熼崝鐐插彆', '6300', '70', '2', '10', '20', '0', '2012', '1', '2017-09-06 19:53:35', '2017-09-11 00:35:13', 'bj', 'hdq', 'FmD3zKG-gUPOrNv0HwzZN7IbkAC_', '1', '-1', '1', '閾诲秵杈伴崲澶婃疮', '2', '0', '姒瑥鐓欑憲澶哥癌鐠猴拷'), ('17', '娴滃瞼骞嗘稉婊呮纯闂傘劌婀撮柧浣虹彲闂勫嫯绻庨妴浣哄竾鎼存粈绨抽妴浣搞亯鐎瑰妫妴浣告禇鐠愭悶锟戒椒绗侀柌灞芥偛閵嗕礁宕￠柨锝夌处瀹革拷', '3000', '35', '1', '5', '10', '0', '2013', '1', '2017-09-06 20:45:35', '2017-09-11 00:35:05', 'bj', 'hdq', 'FhVdDhzVDH1dLVVx4jOaVXOCfnea', '1', '200', '0', '閾诲秵杈伴崲澶婃疮', '2', '0', '姒瑥鐓欑憲澶哥癌鐠猴拷'), ('18', '閸楀氦閿ら崺锟� 娑撴粌鎮滄稉锟界仦鍛缁岀皞oft 楠炴彃鍣ｅ〒鈺呂� 闂呭繑妞傞崣顖欎簰缁涘墽瀹�', '5700', '52', '1', '7', '20', '0', '2012', '1', '2017-09-06 21:01:02', '2017-09-11 00:35:01', 'bj', 'hdq', 'FsxiS6rOTpSg5pK7tv41e8Zpnn_c', '2', '1085', '1', '閾诲秵杈伴崲澶婃疮', '2', '0', '姒瑥鐓欑憲澶哥癌鐠猴拷'), ('19', '閺堟稒妲崶顓熸緲濡ら棿绗佺仦鍛吇 閼奉亙缍囩划鎹愵棅 閸楁瀵抽柅姘讹拷锟� 闁插洤鍘滄總鍊燁潒闁插孩顥楅敍锟�', '9200', '132', '3', '6', '14', '0', '2005', '1', '2017-09-06 22:44:25', '2017-09-11 00:34:55', 'bj', 'hdq', 'Fl1lNikhmMIecbTn-JTsurxugtFU', '2', '1108', '2', '閾诲秵杈伴崲澶婃疮', '2', '0', '姒瑥鐓欑憲澶哥癌鐠猴拷'), ('20', '妤傛ê銇囨稉濠勬畱閺佸顫ゆ稉銈呯湷鐎癸拷 娑撴矮瀵岀拠姘壈閸戣櫣顫�', '5400', '56', '2', '12', '20', '0', '2012', '1', '2017-09-06 23:39:50', '2017-09-11 00:34:21', 'bj', 'hdq', 'FtNl9uPM6p5PjEs8z2FnOuViNtOM', '2', '-1', '1', '閾诲秵杈伴崲澶婃疮', '2', '0', '姒瑥鐓欑憲澶哥癌鐠猴拷'), ('21', '閺傛澘鎮嶉崶锟� 濮濓綀顫夋稉澶婄湷鐎癸拷 缁崘顥婃穱锟� 鐎瑰墎鏁哥�硅泛鍙挎鎰弿', '1900', '18', '1', '13', '25', '0', '2012', '1', '2017-09-07 00:52:47', '2017-09-11 00:34:13', 'bj', 'hdq', 'Fn9sHC3Wx7qpYCmSxt-z8FZluf0Z', '3', '1302', '0', '閾诲秵杈伴崲澶婃疮', '2', '0', '姒瑥鐓欑憲澶哥癌鐠猴拷'), ('24', '濠�鏍у帨婢圭懓褰块張娑楀惈閸楀骸绨�183-387閵曪繝妲橀弲顖氥亣鐎癸拷', '50000', '288', '5', '1', '1', '0', '2015', '1', '2017-09-07 11:42:20', '2017-09-18 20:14:14', 'bj', 'hdq', 'FvVqU8LneZZ5xaLBAOM1KXR2Pz1X', '5', '200', '3', '閾诲秵杈伴崲澶婃疮', '2', '0', '姒瑥鐓欑憲澶哥癌鐠猴拷') [22001-196]
	at org.springframework.beans.factory.support.AbstractAutowireCapableBeanFactory.doCreateBean(AbstractAutowireCapableBeanFactory.java:564) ~[spring-beans-4.3.11.RELEASE.jar:4.3.11.RELEASE]
	at org.springframework.beans.factory.support.AbstractAutowireCapableBeanFactory.createBean(AbstractAutowireCapableBeanFactory.java:483) ~[spring-beans-4.3.11.RELEASE.jar:4.3.11.RELEASE]
	at org.springframework.beans.factory.support.AbstractBeanFactory$1.getObject(AbstractBeanFactory.java:306) ~[spring-beans-4.3.11.RELEASE.jar:4.3.11.RELEASE]
	at org.springframework.beans.factory.support.DefaultSingletonBeanRegistry.getSingleton(DefaultSingletonBeanRegistry.java:230) ~[spring-beans-4.3.11.RELEASE.jar:4.3.11.RELEASE]
	at org.springframework.beans.factory.support.AbstractBeanFactory.doGetBean(AbstractBeanFactory.java:302) ~[spring-beans-4.3.11.RELEASE.jar:4.3.11.RELEASE]
	at org.springframework.beans.factory.support.AbstractBeanFactory.getBean(AbstractBeanFactory.java:197) ~[spring-beans-4.3.11.RELEASE.jar:4.3.11.RELEASE]
	at org.springframework.context.annotation.ConfigurationClassEnhancer$BeanMethodInterceptor.obtainBeanInstanceFromFactory(ConfigurationClassEnhancer.java:389) ~[spring-context-4.3.11.RELEASE.jar:4.3.11.RELEASE]
	at org.springframework.context.annotation.ConfigurationClassEnhancer$BeanMethodInterceptor.intercept(ConfigurationClassEnhancer.java:361) ~[spring-context-4.3.11.RELEASE.jar:4.3.11.RELEASE]
	at com.imooc.config.JPAConfig$$EnhancerBySpringCGLIB$$ac3be7fd.dataSource(<generated>) ~[classes/:na]
	at com.imooc.config.JPAConfig.entityManagerFactory(JPAConfig.java:36) ~[classes/:na]
	at com.imooc.config.JPAConfig$$EnhancerBySpringCGLIB$$ac3be7fd.CGLIB$entityManagerFactory$2(<generated>) ~[classes/:na]
	at com.imooc.config.JPAConfig$$EnhancerBySpringCGLIB$$ac3be7fd$$FastClassBySpringCGLIB$$914d9ecd.invoke(<generated>) ~[classes/:na]
	at org.springframework.cglib.proxy.MethodProxy.invokeSuper(MethodProxy.java:228) ~[spring-core-4.3.11.RELEASE.jar:4.3.11.RELEASE]
	at org.springframework.context.annotation.ConfigurationClassEnhancer$BeanMethodInterceptor.intercept(ConfigurationClassEnhancer.java:358) ~[spring-context-4.3.11.RELEASE.jar:4.3.11.RELEASE]
	at com.imooc.config.JPAConfig$$EnhancerBySpringCGLIB$$ac3be7fd.entityManagerFactory(<generated>) ~[classes/:na]
	at sun.reflect.NativeMethodAccessorImpl.invoke0(Native Method) ~[na:1.8.0_31]
	at sun.reflect.NativeMethodAccessorImpl.invoke(NativeMethodAccessorImpl.java:62) ~[na:1.8.0_31]
	at sun.reflect.DelegatingMethodAccessorImpl.invoke(DelegatingMethodAccessorImpl.java:43) ~[na:1.8.0_31]
	at java.lang.reflect.Method.invoke(Method.java:483) ~[na:1.8.0_31]
	at org.springframework.beans.factory.support.SimpleInstantiationStrategy.instantiate(SimpleInstantiationStrategy.java:162) ~[spring-beans-4.3.11.RELEASE.jar:4.3.11.RELEASE]
	... 44 common frames omitted
Caused by: org.springframework.beans.factory.BeanCreationException: Error creating bean with name 'dataSourceInitializer': Invocation of init method failed; nested exception is org.springframework.jdbc.datasource.init.ScriptStatementFailedException: Failed to execute SQL script statement #7 of class path resource [db/data.sql]: INSERT INTO `house`(`id`, `title`, `price`, `area`, `room`, `floor`, `total_floor`, `watch_times`, `build_year`, `status`, `create_time`, `last_update_time`, `city_en_name`, `region_en_name`, `cover`, `direction`, `distance_to_subway`, `parlour`, `district`, `admin_id`, `bathroom`, `street`) VALUES ('15', '鐎靛苯濮忛崺锟� 閸ュ�熼敜CBD 閺冭泛鐨绘导鎴︽＝ 閸熷棗濮熼崝鐐插彆 鐡掑懏顥楅悺锕�濮�', '6200', '70', '2', '10', '20', '2', '2005', '1', '2017-09-06 18:56:14', '2017-09-15 00:26:59', 'bj', 'hdq', 'FmD3zKG-gUPOrNv0HwzZN7IbkAC_', '2', '10', '1', '閾诲秵杈伴崲澶婃疮', '2', '0', '姒瑥鐓欑憲澶哥癌鐠猴拷'), ('16', '鐎靛苯濮忛崺锟� 閸ュ�熼敜CBD 閺冭泛鐨绘导鎴︽＝ 閸熷棗濮熼崝鐐插彆', '6300', '70', '2', '10', '20', '0', '2012', '1', '2017-09-06 19:53:35', '2017-09-11 00:35:13', 'bj', 'hdq', 'FmD3zKG-gUPOrNv0HwzZN7IbkAC_', '1', '-1', '1', '閾诲秵杈伴崲澶婃疮', '2', '0', '姒瑥鐓欑憲澶哥癌鐠猴拷'), ('17', '娴滃瞼骞嗘稉婊呮纯闂傘劌婀撮柧浣虹彲闂勫嫯绻庨妴浣哄竾鎼存粈绨抽妴浣搞亯鐎瑰妫妴浣告禇鐠愭悶锟戒椒绗侀柌灞芥偛閵嗕礁宕￠柨锝夌处瀹革拷', '3000', '35', '1', '5', '10', '0', '2013', '1', '2017-09-06 20:45:35', '2017-09-11 00:35:05', 'bj', 'hdq', 'FhVdDhzVDH1dLVVx4jOaVXOCfnea', '1', '200', '0', '閾诲秵杈伴崲澶婃疮', '2', '0', '姒瑥鐓欑憲澶哥癌鐠猴拷'), ('18', '閸楀氦閿ら崺锟� 娑撴粌鎮滄稉锟界仦鍛缁岀皞oft 楠炴彃鍣ｅ〒鈺呂� 闂呭繑妞傞崣顖欎簰缁涘墽瀹�', '5700', '52', '1', '7', '20', '0', '2012', '1', '2017-09-06 21:01:02', '2017-09-11 00:35:01', 'bj', 'hdq', 'FsxiS6rOTpSg5pK7tv41e8Zpnn_c', '2', '1085', '1', '閾诲秵杈伴崲澶婃疮', '2', '0', '姒瑥鐓欑憲澶哥癌鐠猴拷'), ('19', '閺堟稒妲崶顓熸緲濡ら棿绗佺仦鍛吇 閼奉亙缍囩划鎹愵棅 閸楁瀵抽柅姘讹拷锟� 闁插洤鍘滄總鍊燁潒闁插孩顥楅敍锟�', '9200', '132', '3', '6', '14', '0', '2005', '1', '2017-09-06 22:44:25', '2017-09-11 00:34:55', 'bj', 'hdq', 'Fl1lNikhmMIecbTn-JTsurxugtFU', '2', '1108', '2', '閾诲秵杈伴崲澶婃疮', '2', '0', '姒瑥鐓欑憲澶哥癌鐠猴拷'), ('20', '妤傛ê銇囨稉濠勬畱閺佸顫ゆ稉銈呯湷鐎癸拷 娑撴矮瀵岀拠姘壈閸戣櫣顫�', '5400', '56', '2', '12', '20', '0', '2012', '1', '2017-09-06 23:39:50', '2017-09-11 00:34:21', 'bj', 'hdq', 'FtNl9uPM6p5PjEs8z2FnOuViNtOM', '2', '-1', '1', '閾诲秵杈伴崲澶婃疮', '2', '0', '姒瑥鐓欑憲澶哥癌鐠猴拷'), ('21', '閺傛澘鎮嶉崶锟� 濮濓綀顫夋稉澶婄湷鐎癸拷 缁崘顥婃穱锟� 鐎瑰墎鏁哥�硅泛鍙挎鎰弿', '1900', '18', '1', '13', '25', '0', '2012', '1', '2017-09-07 00:52:47', '2017-09-11 00:34:13', 'bj', 'hdq', 'Fn9sHC3Wx7qpYCmSxt-z8FZluf0Z', '3', '1302', '0', '閾诲秵杈伴崲澶婃疮', '2', '0', '姒瑥鐓欑憲澶哥癌鐠猴拷'), ('24', '濠�鏍у帨婢圭懓褰块張娑楀惈閸楀骸绨�183-387閵曪繝妲橀弲顖氥亣鐎癸拷', '50000', '288', '5', '1', '1', '0', '2015', '1', '2017-09-07 11:42:20', '2017-09-18 20:14:14', 'bj', 'hdq', 'FvVqU8LneZZ5xaLBAOM1KXR2Pz1X', '5', '200', '3', '閾诲秵杈伴崲澶婃疮', '2', '0', '姒瑥鐓欑憲澶哥癌鐠猴拷'); nested exception is org.h2.jdbc.JdbcSQLException: Value too long for column "TITLE VARCHAR(32) NOT NULL": "STRINGDECODE('\u7035\u5c7d\u59cf\u9369\ufffd \u9365\u501f\u9524CBD \u93c3\u8dfa\u76bb\u6d7c\u6226\u68fd \u935f\u55d7\u59df\u9354... (33)"; SQL statement:
INSERT INTO `house`(`id`, `title`, `price`, `area`, `room`, `floor`, `total_floor`, `watch_times`, `build_year`, `status`, `create_time`, `last_update_time`, `city_en_name`, `region_en_name`, `cover`, `direction`, `distance_to_subway`, `parlour`, `district`, `admin_id`, `bathroom`, `street`) VALUES ('15', '鐎靛苯濮忛崺锟� 閸ュ�熼敜CBD 閺冭泛鐨绘导鎴︽＝ 閸熷棗濮熼崝鐐插彆 鐡掑懏顥楅悺锕�濮�', '6200', '70', '2', '10', '20', '2', '2005', '1', '2017-09-06 18:56:14', '2017-09-15 00:26:59', 'bj', 'hdq', 'FmD3zKG-gUPOrNv0HwzZN7IbkAC_', '2', '10', '1', '閾诲秵杈伴崲澶婃疮', '2', '0', '姒瑥鐓欑憲澶哥癌鐠猴拷'), ('16', '鐎靛苯濮忛崺锟� 閸ュ�熼敜CBD 閺冭泛鐨绘导鎴︽＝ 閸熷棗濮熼崝鐐插彆', '6300', '70', '2', '10', '20', '0', '2012', '1', '2017-09-06 19:53:35', '2017-09-11 00:35:13', 'bj', 'hdq', 'FmD3zKG-gUPOrNv0HwzZN7IbkAC_', '1', '-1', '1', '閾诲秵杈伴崲澶婃疮', '2', '0', '姒瑥鐓欑憲澶哥癌鐠猴拷'), ('17', '娴滃瞼骞嗘稉婊呮纯闂傘劌婀撮柧浣虹彲闂勫嫯绻庨妴浣哄竾鎼存粈绨抽妴浣搞亯鐎瑰妫妴浣告禇鐠愭悶锟戒椒绗侀柌灞芥偛閵嗕礁宕￠柨锝夌处瀹革拷', '3000', '35', '1', '5', '10', '0', '2013', '1', '2017-09-06 20:45:35', '2017-09-11 00:35:05', 'bj', 'hdq', 'FhVdDhzVDH1dLVVx4jOaVXOCfnea', '1', '200', '0', '閾诲秵杈伴崲澶婃疮', '2', '0', '姒瑥鐓欑憲澶哥癌鐠猴拷'), ('18', '閸楀氦閿ら崺锟� 娑撴粌鎮滄稉锟界仦鍛缁岀皞oft 楠炴彃鍣ｅ〒鈺呂� 闂呭繑妞傞崣顖欎簰缁涘墽瀹�', '5700', '52', '1', '7', '20', '0', '2012', '1', '2017-09-06 21:01:02', '2017-09-11 00:35:01', 'bj', 'hdq', 'FsxiS6rOTpSg5pK7tv41e8Zpnn_c', '2', '1085', '1', '閾诲秵杈伴崲澶婃疮', '2', '0', '姒瑥鐓欑憲澶哥癌鐠猴拷'), ('19', '閺堟稒妲崶顓熸緲濡ら棿绗佺仦鍛吇 閼奉亙缍囩划鎹愵棅 閸楁瀵抽柅姘讹拷锟� 闁插洤鍘滄總鍊燁潒闁插孩顥楅敍锟�', '9200', '132', '3', '6', '14', '0', '2005', '1', '2017-09-06 22:44:25', '2017-09-11 00:34:55', 'bj', 'hdq', 'Fl1lNikhmMIecbTn-JTsurxugtFU', '2', '1108', '2', '閾诲秵杈伴崲澶婃疮', '2', '0', '姒瑥鐓欑憲澶哥癌鐠猴拷'), ('20', '妤傛ê銇囨稉濠勬畱閺佸顫ゆ稉銈呯湷鐎癸拷 娑撴矮瀵岀拠姘壈閸戣櫣顫�', '5400', '56', '2', '12', '20', '0', '2012', '1', '2017-09-06 23:39:50', '2017-09-11 00:34:21', 'bj', 'hdq', 'FtNl9uPM6p5PjEs8z2FnOuViNtOM', '2', '-1', '1', '閾诲秵杈伴崲澶婃疮', '2', '0', '姒瑥鐓欑憲澶哥癌鐠猴拷'), ('21', '閺傛澘鎮嶉崶锟� 濮濓綀顫夋稉澶婄湷鐎癸拷 缁崘顥婃穱锟� 鐎瑰墎鏁哥�硅泛鍙挎鎰弿', '1900', '18', '1', '13', '25', '0', '2012', '1', '2017-09-07 00:52:47', '2017-09-11 00:34:13', 'bj', 'hdq', 'Fn9sHC3Wx7qpYCmSxt-z8FZluf0Z', '3', '1302', '0', '閾诲秵杈伴崲澶婃疮', '2', '0', '姒瑥鐓欑憲澶哥癌鐠猴拷'), ('24', '濠�鏍у帨婢圭懓褰块張娑楀惈閸楀骸绨�183-387閵曪繝妲橀弲顖氥亣鐎癸拷', '50000', '288', '5', '1', '1', '0', '2015', '1', '2017-09-07 11:42:20', '2017-09-18 20:14:14', 'bj', 'hdq', 'FvVqU8LneZZ5xaLBAOM1KXR2Pz1X', '5', '200', '3', '閾诲秵杈伴崲澶婃疮', '2', '0', '姒瑥鐓欑憲澶哥癌鐠猴拷') [22001-196]
	at org.springframework.beans.factory.annotation.InitDestroyAnnotationBeanPostProcessor.postProcessBeforeInitialization(InitDestroyAnnotationBeanPostProcessor.java:137) ~[spring-beans-4.3.11.RELEASE.jar:4.3.11.RELEASE]
	at org.springframework.beans.factory.support.AbstractAutowireCapableBeanFactory.applyBeanPostProcessorsBeforeInitialization(AbstractAutowireCapableBeanFactory.java:409) ~[spring-beans-4.3.11.RELEASE.jar:4.3.11.RELEASE]
	at org.springframework.beans.factory.support.AbstractAutowireCapableBeanFactory.initializeBean(AbstractAutowireCapableBeanFactory.java:1620) ~[spring-beans-4.3.11.RELEASE.jar:4.3.11.RELEASE]
	at org.springframework.beans.factory.support.AbstractAutowireCapableBeanFactory.doCreateBean(AbstractAutowireCapableBeanFactory.java:555) ~[spring-beans-4.3.11.RELEASE.jar:4.3.11.RELEASE]
	at org.springframework.beans.factory.support.AbstractAutowireCapableBeanFactory.createBean(AbstractAutowireCapableBeanFactory.java:483) ~[spring-beans-4.3.11.RELEASE.jar:4.3.11.RELEASE]
	at org.springframework.beans.factory.support.AbstractBeanFactory$1.getObject(AbstractBeanFactory.java:306) ~[spring-beans-4.3.11.RELEASE.jar:4.3.11.RELEASE]
	at org.springframework.beans.factory.support.DefaultSingletonBeanRegistry.getSingleton(DefaultSingletonBeanRegistry.java:230) ~[spring-beans-4.3.11.RELEASE.jar:4.3.11.RELEASE]
	at org.springframework.beans.factory.support.AbstractBeanFactory.doGetBean(AbstractBeanFactory.java:302) ~[spring-beans-4.3.11.RELEASE.jar:4.3.11.RELEASE]
	at org.springframework.beans.factory.support.AbstractBeanFactory.getBean(AbstractBeanFactory.java:220) ~[spring-beans-4.3.11.RELEASE.jar:4.3.11.RELEASE]
	at org.springframework.beans.factory.support.DefaultListableBeanFactory.resolveNamedBean(DefaultListableBeanFactory.java:1018) ~[spring-beans-4.3.11.RELEASE.jar:4.3.11.RELEASE]
	at org.springframework.beans.factory.support.DefaultListableBeanFactory.getBean(DefaultListableBeanFactory.java:345) ~[spring-beans-4.3.11.RELEASE.jar:4.3.11.RELEASE]
	at org.springframework.beans.factory.support.DefaultListableBeanFactory.getBean(DefaultListableBeanFactory.java:340) ~[spring-beans-4.3.11.RELEASE.jar:4.3.11.RELEASE]
	at org.springframework.boot.autoconfigure.jdbc.DataSourceInitializerPostProcessor.postProcessAfterInitialization(DataSourceInitializerPostProcessor.java:62) ~[spring-boot-autoconfigure-1.5.7.RELEASE.jar:1.5.7.RELEASE]
	at org.springframework.beans.factory.support.AbstractAutowireCapableBeanFactory.applyBeanPostProcessorsAfterInitialization(AbstractAutowireCapableBeanFactory.java:423) ~[spring-beans-4.3.11.RELEASE.jar:4.3.11.RELEASE]
	at org.springframework.beans.factory.support.AbstractAutowireCapableBeanFactory.initializeBean(AbstractAutowireCapableBeanFactory.java:1633) ~[spring-beans-4.3.11.RELEASE.jar:4.3.11.RELEASE]
	at org.springframework.beans.factory.support.AbstractAutowireCapableBeanFactory.doCreateBean(AbstractAutowireCapableBeanFactory.java:555) ~[spring-beans-4.3.11.RELEASE.jar:4.3.11.RELEASE]
	... 63 common frames omitted
Caused by: org.springframework.jdbc.datasource.init.ScriptStatementFailedException: Failed to execute SQL script statement #7 of class path resource [db/data.sql]: INSERT INTO `house`(`id`, `title`, `price`, `area`, `room`, `floor`, `total_floor`, `watch_times`, `build_year`, `status`, `create_time`, `last_update_time`, `city_en_name`, `region_en_name`, `cover`, `direction`, `distance_to_subway`, `parlour`, `district`, `admin_id`, `bathroom`, `street`) VALUES ('15', '鐎靛苯濮忛崺锟� 閸ュ�熼敜CBD 閺冭泛鐨绘导鎴︽＝ 閸熷棗濮熼崝鐐插彆 鐡掑懏顥楅悺锕�濮�', '6200', '70', '2', '10', '20', '2', '2005', '1', '2017-09-06 18:56:14', '2017-09-15 00:26:59', 'bj', 'hdq', 'FmD3zKG-gUPOrNv0HwzZN7IbkAC_', '2', '10', '1', '閾诲秵杈伴崲澶婃疮', '2', '0', '姒瑥鐓欑憲澶哥癌鐠猴拷'), ('16', '鐎靛苯濮忛崺锟� 閸ュ�熼敜CBD 閺冭泛鐨绘导鎴︽＝ 閸熷棗濮熼崝鐐插彆', '6300', '70', '2', '10', '20', '0', '2012', '1', '2017-09-06 19:53:35', '2017-09-11 00:35:13', 'bj', 'hdq', 'FmD3zKG-gUPOrNv0HwzZN7IbkAC_', '1', '-1', '1', '閾诲秵杈伴崲澶婃疮', '2', '0', '姒瑥鐓欑憲澶哥癌鐠猴拷'), ('17', '娴滃瞼骞嗘稉婊呮纯闂傘劌婀撮柧浣虹彲闂勫嫯绻庨妴浣哄竾鎼存粈绨抽妴浣搞亯鐎瑰妫妴浣告禇鐠愭悶锟戒椒绗侀柌灞芥偛閵嗕礁宕￠柨锝夌处瀹革拷', '3000', '35', '1', '5', '10', '0', '2013', '1', '2017-09-06 20:45:35', '2017-09-11 00:35:05', 'bj', 'hdq', 'FhVdDhzVDH1dLVVx4jOaVXOCfnea', '1', '200', '0', '閾诲秵杈伴崲澶婃疮', '2', '0', '姒瑥鐓欑憲澶哥癌鐠猴拷'), ('18', '閸楀氦閿ら崺锟� 娑撴粌鎮滄稉锟界仦鍛缁岀皞oft 楠炴彃鍣ｅ〒鈺呂� 闂呭繑妞傞崣顖欎簰缁涘墽瀹�', '5700', '52', '1', '7', '20', '0', '2012', '1', '2017-09-06 21:01:02', '2017-09-11 00:35:01', 'bj', 'hdq', 'FsxiS6rOTpSg5pK7tv41e8Zpnn_c', '2', '1085', '1', '閾诲秵杈伴崲澶婃疮', '2', '0', '姒瑥鐓欑憲澶哥癌鐠猴拷'), ('19', '閺堟稒妲崶顓熸緲濡ら棿绗佺仦鍛吇 閼奉亙缍囩划鎹愵棅 閸楁瀵抽柅姘讹拷锟� 闁插洤鍘滄總鍊燁潒闁插孩顥楅敍锟�', '9200', '132', '3', '6', '14', '0', '2005', '1', '2017-09-06 22:44:25', '2017-09-11 00:34:55', 'bj', 'hdq', 'Fl1lNikhmMIecbTn-JTsurxugtFU', '2', '1108', '2', '閾诲秵杈伴崲澶婃疮', '2', '0', '姒瑥鐓欑憲澶哥癌鐠猴拷'), ('20', '妤傛ê銇囨稉濠勬畱閺佸顫ゆ稉銈呯湷鐎癸拷 娑撴矮瀵岀拠姘壈閸戣櫣顫�', '5400', '56', '2', '12', '20', '0', '2012', '1', '2017-09-06 23:39:50', '2017-09-11 00:34:21', 'bj', 'hdq', 'FtNl9uPM6p5PjEs8z2FnOuViNtOM', '2', '-1', '1', '閾诲秵杈伴崲澶婃疮', '2', '0', '姒瑥鐓欑憲澶哥癌鐠猴拷'), ('21', '閺傛澘鎮嶉崶锟� 濮濓綀顫夋稉澶婄湷鐎癸拷 缁崘顥婃穱锟� 鐎瑰墎鏁哥�硅泛鍙挎鎰弿', '1900', '18', '1', '13', '25', '0', '2012', '1', '2017-09-07 00:52:47', '2017-09-11 00:34:13', 'bj', 'hdq', 'Fn9sHC3Wx7qpYCmSxt-z8FZluf0Z', '3', '1302', '0', '閾诲秵杈伴崲澶婃疮', '2', '0', '姒瑥鐓欑憲澶哥癌鐠猴拷'), ('24', '濠�鏍у帨婢圭懓褰块張娑楀惈閸楀骸绨�183-387閵曪繝妲橀弲顖氥亣鐎癸拷', '50000', '288', '5', '1', '1', '0', '2015', '1', '2017-09-07 11:42:20', '2017-09-18 20:14:14', 'bj', 'hdq', 'FvVqU8LneZZ5xaLBAOM1KXR2Pz1X', '5', '200', '3', '閾诲秵杈伴崲澶婃疮', '2', '0', '姒瑥鐓欑憲澶哥癌鐠猴拷'); nested exception is org.h2.jdbc.JdbcSQLException: Value too long for column "TITLE VARCHAR(32) NOT NULL": "STRINGDECODE('\u7035\u5c7d\u59cf\u9369\ufffd \u9365\u501f\u9524CBD \u93c3\u8dfa\u76bb\u6d7c\u6226\u68fd \u935f\u55d7\u59df\u9354... (33)"; SQL statement:
INSERT INTO `house`(`id`, `title`, `price`, `area`, `room`, `floor`, `total_floor`, `watch_times`, `build_year`, `status`, `create_time`, `last_update_time`, `city_en_name`, `region_en_name`, `cover`, `direction`, `distance_to_subway`, `parlour`, `district`, `admin_id`, `bathroom`, `street`) VALUES ('15', '鐎靛苯濮忛崺锟� 閸ュ�熼敜CBD 閺冭泛鐨绘导鎴︽＝ 閸熷棗濮熼崝鐐插彆 鐡掑懏顥楅悺锕�濮�', '6200', '70', '2', '10', '20', '2', '2005', '1', '2017-09-06 18:56:14', '2017-09-15 00:26:59', 'bj', 'hdq', 'FmD3zKG-gUPOrNv0HwzZN7IbkAC_', '2', '10', '1', '閾诲秵杈伴崲澶婃疮', '2', '0', '姒瑥鐓欑憲澶哥癌鐠猴拷'), ('16', '鐎靛苯濮忛崺锟� 閸ュ�熼敜CBD 閺冭泛鐨绘导鎴︽＝ 閸熷棗濮熼崝鐐插彆', '6300', '70', '2', '10', '20', '0', '2012', '1', '2017-09-06 19:53:35', '2017-09-11 00:35:13', 'bj', 'hdq', 'FmD3zKG-gUPOrNv0HwzZN7IbkAC_', '1', '-1', '1', '閾诲秵杈伴崲澶婃疮', '2', '0', '姒瑥鐓欑憲澶哥癌鐠猴拷'), ('17', '娴滃瞼骞嗘稉婊呮纯闂傘劌婀撮柧浣虹彲闂勫嫯绻庨妴浣哄竾鎼存粈绨抽妴浣搞亯鐎瑰妫妴浣告禇鐠愭悶锟戒椒绗侀柌灞芥偛閵嗕礁宕￠柨锝夌处瀹革拷', '3000', '35', '1', '5', '10', '0', '2013', '1', '2017-09-06 20:45:35', '2017-09-11 00:35:05', 'bj', 'hdq', 'FhVdDhzVDH1dLVVx4jOaVXOCfnea', '1', '200', '0', '閾诲秵杈伴崲澶婃疮', '2', '0', '姒瑥鐓欑憲澶哥癌鐠猴拷'), ('18', '閸楀氦閿ら崺锟� 娑撴粌鎮滄稉锟界仦鍛缁岀皞oft 楠炴彃鍣ｅ〒鈺呂� 闂呭繑妞傞崣顖欎簰缁涘墽瀹�', '5700', '52', '1', '7', '20', '0', '2012', '1', '2017-09-06 21:01:02', '2017-09-11 00:35:01', 'bj', 'hdq', 'FsxiS6rOTpSg5pK7tv41e8Zpnn_c', '2', '1085', '1', '閾诲秵杈伴崲澶婃疮', '2', '0', '姒瑥鐓欑憲澶哥癌鐠猴拷'), ('19', '閺堟稒妲崶顓熸緲濡ら棿绗佺仦鍛吇 閼奉亙缍囩划鎹愵棅 閸楁瀵抽柅姘讹拷锟� 闁插洤鍘滄總鍊燁潒闁插孩顥楅敍锟�', '9200', '132', '3', '6', '14', '0', '2005', '1', '2017-09-06 22:44:25', '2017-09-11 00:34:55', 'bj', 'hdq', 'Fl1lNikhmMIecbTn-JTsurxugtFU', '2', '1108', '2', '閾诲秵杈伴崲澶婃疮', '2', '0', '姒瑥鐓欑憲澶哥癌鐠猴拷'), ('20', '妤傛ê銇囨稉濠勬畱閺佸顫ゆ稉銈呯湷鐎癸拷 娑撴矮瀵岀拠姘壈閸戣櫣顫�', '5400', '56', '2', '12', '20', '0', '2012', '1', '2017-09-06 23:39:50', '2017-09-11 00:34:21', 'bj', 'hdq', 'FtNl9uPM6p5PjEs8z2FnOuViNtOM', '2', '-1', '1', '閾诲秵杈伴崲澶婃疮', '2', '0', '姒瑥鐓欑憲澶哥癌鐠猴拷'), ('21', '閺傛澘鎮嶉崶锟� 濮濓綀顫夋稉澶婄湷鐎癸拷 缁崘顥婃穱锟� 鐎瑰墎鏁哥�硅泛鍙挎鎰弿', '1900', '18', '1', '13', '25', '0', '2012', '1', '2017-09-07 00:52:47', '2017-09-11 00:34:13', 'bj', 'hdq', 'Fn9sHC3Wx7qpYCmSxt-z8FZluf0Z', '3', '1302', '0', '閾诲秵杈伴崲澶婃疮', '2', '0', '姒瑥鐓欑憲澶哥癌鐠猴拷'), ('24', '濠�鏍у帨婢圭懓褰块張娑楀惈閸楀骸绨�183-387閵曪繝妲橀弲顖氥亣鐎癸拷', '50000', '288', '5', '1', '1', '0', '2015', '1', '2017-09-07 11:42:20', '2017-09-18 20:14:14', 'bj', 'hdq', 'FvVqU8LneZZ5xaLBAOM1KXR2Pz1X', '5', '200', '3', '閾诲秵杈伴崲澶婃疮', '2', '0', '姒瑥鐓欑憲澶哥癌鐠猴拷') [22001-196]
	at org.springframework.jdbc.datasource.init.ScriptUtils.executeSqlScript(ScriptUtils.java:491) ~[spring-jdbc-4.3.11.RELEASE.jar:4.3.11.RELEASE]
	at org.springframework.jdbc.datasource.init.ResourceDatabasePopulator.populate(ResourceDatabasePopulator.java:238) ~[spring-jdbc-4.3.11.RELEASE.jar:4.3.11.RELEASE]
	at org.springframework.jdbc.datasource.init.DatabasePopulatorUtils.execute(DatabasePopulatorUtils.java:48) ~[spring-jdbc-4.3.11.RELEASE.jar:4.3.11.RELEASE]
	at org.springframework.boot.autoconfigure.jdbc.DataSourceInitializer.runScripts(DataSourceInitializer.java:192) ~[spring-boot-autoconfigure-1.5.7.RELEASE.jar:1.5.7.RELEASE]
	at org.springframework.boot.autoconfigure.jdbc.DataSourceInitializer.runDataScripts(DataSourceInitializer.java:128) ~[spring-boot-autoconfigure-1.5.7.RELEASE.jar:1.5.7.RELEASE]
	at org.springframework.boot.autoconfigure.jdbc.DataSourceInitializer.onApplicationEvent(DataSourceInitializer.java:118) ~[spring-boot-autoconfigure-1.5.7.RELEASE.jar:1.5.7.RELEASE]
	at org.springframework.boot.autoconfigure.jdbc.DataSourceInitializer.onApplicationEvent(DataSourceInitializer.java:51) ~[spring-boot-autoconfigure-1.5.7.RELEASE.jar:1.5.7.RELEASE]
	at org.springframework.context.event.SimpleApplicationEventMulticaster.doInvokeListener(SimpleApplicationEventMulticaster.java:172) ~[spring-context-4.3.11.RELEASE.jar:4.3.11.RELEASE]
	at org.springframework.context.event.SimpleApplicationEventMulticaster.invokeListener(SimpleApplicationEventMulticaster.java:165) ~[spring-context-4.3.11.RELEASE.jar:4.3.11.RELEASE]
	at org.springframework.context.event.SimpleApplicationEventMulticaster.multicastEvent(SimpleApplicationEventMulticaster.java:139) ~[spring-context-4.3.11.RELEASE.jar:4.3.11.RELEASE]
	at org.springframework.context.support.AbstractApplicationContext.publishEvent(AbstractApplicationContext.java:393) ~[spring-context-4.3.11.RELEASE.jar:4.3.11.RELEASE]
	at org.springframework.context.support.AbstractApplicationContext.publishEvent(AbstractApplicationContext.java:347) ~[spring-context-4.3.11.RELEASE.jar:4.3.11.RELEASE]
	at org.springframework.boot.autoconfigure.jdbc.DataSourceInitializer.runSchemaScripts(DataSourceInitializer.java:95) ~[spring-boot-autoconfigure-1.5.7.RELEASE.jar:1.5.7.RELEASE]
	at org.springframework.boot.autoconfigure.jdbc.DataSourceInitializer.init(DataSourceInitializer.java:83) ~[spring-boot-autoconfigure-1.5.7.RELEASE.jar:1.5.7.RELEASE]
	at sun.reflect.NativeMethodAccessorImpl.invoke0(Native Method) ~[na:1.8.0_31]
	at sun.reflect.NativeMethodAccessorImpl.invoke(NativeMethodAccessorImpl.java:62) ~[na:1.8.0_31]
	at sun.reflect.DelegatingMethodAccessorImpl.invoke(DelegatingMethodAccessorImpl.java:43) ~[na:1.8.0_31]
	at java.lang.reflect.Method.invoke(Method.java:483) ~[na:1.8.0_31]
	at org.springframework.beans.factory.annotation.InitDestroyAnnotationBeanPostProcessor$LifecycleElement.invoke(InitDestroyAnnotationBeanPostProcessor.java:366) ~[spring-beans-4.3.11.RELEASE.jar:4.3.11.RELEASE]
	at org.springframework.beans.factory.annotation.InitDestroyAnnotationBeanPostProcessor$LifecycleMetadata.invokeInitMethods(InitDestroyAnnotationBeanPostProcessor.java:311) ~[spring-beans-4.3.11.RELEASE.jar:4.3.11.RELEASE]
	at org.springframework.beans.factory.annotation.InitDestroyAnnotationBeanPostProcessor.postProcessBeforeInitialization(InitDestroyAnnotationBeanPostProcessor.java:134) ~[spring-beans-4.3.11.RELEASE.jar:4.3.11.RELEASE]
	... 78 common frames omitted
Caused by: org.h2.jdbc.JdbcSQLException: Value too long for column "TITLE VARCHAR(32) NOT NULL": "STRINGDECODE('\u7035\u5c7d\u59cf\u9369\ufffd \u9365\u501f\u9524CBD \u93c3\u8dfa\u76bb\u6d7c\u6226\u68fd \u935f\u55d7\u59df\u9354... (33)"; SQL statement:
INSERT INTO `house`(`id`, `title`, `price`, `area`, `room`, `floor`, `total_floor`, `watch_times`, `build_year`, `status`, `create_time`, `last_update_time`, `city_en_name`, `region_en_name`, `cover`, `direction`, `distance_to_subway`, `parlour`, `district`, `admin_id`, `bathroom`, `street`) VALUES ('15', '鐎靛苯濮忛崺锟� 閸ュ�熼敜CBD 閺冭泛鐨绘导鎴︽＝ 閸熷棗濮熼崝鐐插彆 鐡掑懏顥楅悺锕�濮�', '6200', '70', '2', '10', '20', '2', '2005', '1', '2017-09-06 18:56:14', '2017-09-15 00:26:59', 'bj', 'hdq', 'FmD3zKG-gUPOrNv0HwzZN7IbkAC_', '2', '10', '1', '閾诲秵杈伴崲澶婃疮', '2', '0', '姒瑥鐓欑憲澶哥癌鐠猴拷'), ('16', '鐎靛苯濮忛崺锟� 閸ュ�熼敜CBD 閺冭泛鐨绘导鎴︽＝ 閸熷棗濮熼崝鐐插彆', '6300', '70', '2', '10', '20', '0', '2012', '1', '2017-09-06 19:53:35', '2017-09-11 00:35:13', 'bj', 'hdq', 'FmD3zKG-gUPOrNv0HwzZN7IbkAC_', '1', '-1', '1', '閾诲秵杈伴崲澶婃疮', '2', '0', '姒瑥鐓欑憲澶哥癌鐠猴拷'), ('17', '娴滃瞼骞嗘稉婊呮纯闂傘劌婀撮柧浣虹彲闂勫嫯绻庨妴浣哄竾鎼存粈绨抽妴浣搞亯鐎瑰妫妴浣告禇鐠愭悶锟戒椒绗侀柌灞芥偛閵嗕礁宕￠柨锝夌处瀹革拷', '3000', '35', '1', '5', '10', '0', '2013', '1', '2017-09-06 20:45:35', '2017-09-11 00:35:05', 'bj', 'hdq', 'FhVdDhzVDH1dLVVx4jOaVXOCfnea', '1', '200', '0', '閾诲秵杈伴崲澶婃疮', '2', '0', '姒瑥鐓欑憲澶哥癌鐠猴拷'), ('18', '閸楀氦閿ら崺锟� 娑撴粌鎮滄稉锟界仦鍛缁岀皞oft 楠炴彃鍣ｅ〒鈺呂� 闂呭繑妞傞崣顖欎簰缁涘墽瀹�', '5700', '52', '1', '7', '20', '0', '2012', '1', '2017-09-06 21:01:02', '2017-09-11 00:35:01', 'bj', 'hdq', 'FsxiS6rOTpSg5pK7tv41e8Zpnn_c', '2', '1085', '1', '閾诲秵杈伴崲澶婃疮', '2', '0', '姒瑥鐓欑憲澶哥癌鐠猴拷'), ('19', '閺堟稒妲崶顓熸緲濡ら棿绗佺仦鍛吇 閼奉亙缍囩划鎹愵棅 閸楁瀵抽柅姘讹拷锟� 闁插洤鍘滄總鍊燁潒闁插孩顥楅敍锟�', '9200', '132', '3', '6', '14', '0', '2005', '1', '2017-09-06 22:44:25', '2017-09-11 00:34:55', 'bj', 'hdq', 'Fl1lNikhmMIecbTn-JTsurxugtFU', '2', '1108', '2', '閾诲秵杈伴崲澶婃疮', '2', '0', '姒瑥鐓欑憲澶哥癌鐠猴拷'), ('20', '妤傛ê銇囨稉濠勬畱閺佸顫ゆ稉銈呯湷鐎癸拷 娑撴矮瀵岀拠姘壈閸戣櫣顫�', '5400', '56', '2', '12', '20', '0', '2012', '1', '2017-09-06 23:39:50', '2017-09-11 00:34:21', 'bj', 'hdq', 'FtNl9uPM6p5PjEs8z2FnOuViNtOM', '2', '-1', '1', '閾诲秵杈伴崲澶婃疮', '2', '0', '姒瑥鐓欑憲澶哥癌鐠猴拷'), ('21', '閺傛澘鎮嶉崶锟� 濮濓綀顫夋稉澶婄湷鐎癸拷 缁崘顥婃穱锟� 鐎瑰墎鏁哥�硅泛鍙挎鎰弿', '1900', '18', '1', '13', '25', '0', '2012', '1', '2017-09-07 00:52:47', '2017-09-11 00:34:13', 'bj', 'hdq', 'Fn9sHC3Wx7qpYCmSxt-z8FZluf0Z', '3', '1302', '0', '閾诲秵杈伴崲澶婃疮', '2', '0', '姒瑥鐓欑憲澶哥癌鐠猴拷'), ('24', '濠�鏍у帨婢圭懓褰块張娑楀惈閸楀骸绨�183-387閵曪繝妲橀弲顖氥亣鐎癸拷', '50000', '288', '5', '1', '1', '0', '2015', '1', '2017-09-07 11:42:20', '2017-09-18 20:14:14', 'bj', 'hdq', 'FvVqU8LneZZ5xaLBAOM1KXR2Pz1X', '5', '200', '3', '閾诲秵杈伴崲澶婃疮', '2', '0', '姒瑥鐓欑憲澶哥癌鐠猴拷') [22001-196]
	at org.h2.message.DbException.getJdbcSQLException(DbException.java:345) ~[h2-1.4.196.jar:1.4.196]
	at org.h2.message.DbException.get(DbException.java:179) ~[h2-1.4.196.jar:1.4.196]
	at org.h2.table.Column.validateConvertUpdateSequence(Column.java:369) ~[h2-1.4.196.jar:1.4.196]
	at org.h2.table.Table.validateConvertUpdateSequence(Table.java:797) ~[h2-1.4.196.jar:1.4.196]
	at org.h2.command.dml.Insert.insertRows(Insert.java:151) ~[h2-1.4.196.jar:1.4.196]
	at org.h2.command.dml.Insert.update(Insert.java:114) ~[h2-1.4.196.jar:1.4.196]
	at org.h2.command.CommandContainer.update(CommandContainer.java:101) ~[h2-1.4.196.jar:1.4.196]
	at org.h2.command.Command.executeUpdate(Command.java:260) ~[h2-1.4.196.jar:1.4.196]
	at org.h2.jdbc.JdbcStatement.executeInternal(JdbcStatement.java:192) ~[h2-1.4.196.jar:1.4.196]
	at org.h2.jdbc.JdbcStatement.execute(JdbcStatement.java:164) ~[h2-1.4.196.jar:1.4.196]
	at sun.reflect.GeneratedMethodAccessor63.invoke(Unknown Source) ~[na:na]
	at sun.reflect.DelegatingMethodAccessorImpl.invoke(DelegatingMethodAccessorImpl.java:43) ~[na:1.8.0_31]
	at java.lang.reflect.Method.invoke(Method.java:483) ~[na:1.8.0_31]
	at org.apache.tomcat.jdbc.pool.StatementFacade$StatementProxy.invoke(StatementFacade.java:114) ~[tomcat-jdbc-8.5.20.jar:na]
	at com.sun.proxy.$Proxy90.execute(Unknown Source) ~[na:na]
	at org.springframework.jdbc.datasource.init.ScriptUtils.executeSqlScript(ScriptUtils.java:470) ~[spring-jdbc-4.3.11.RELEASE.jar:4.3.11.RELEASE]
	... 98 common frames omitted

2018-01-18 21:11:25.664 ERROR 4044 --- [           main] o.s.test.context.TestContextManager      : Caught exception while allowing TestExecutionListener [org.springframework.test.context.web.ServletTestExecutionListener@3625a016] to prepare test instance [com.imooc.ApplicationTests@612c909a]

java.lang.IllegalStateException: Failed to load ApplicationContext
	at org.springframework.test.context.cache.DefaultCacheAwareContextLoaderDelegate.loadContext(DefaultCacheAwareContextLoaderDelegate.java:124) ~[spring-test-4.3.11.RELEASE.jar:4.3.11.RELEASE]
	at org.springframework.test.context.support.DefaultTestContext.getApplicationContext(DefaultTestContext.java:83) ~[spring-test-4.3.11.RELEASE.jar:4.3.11.RELEASE]
	at org.springframework.test.context.web.ServletTestExecutionListener.setUpRequestContextIfNecessary(ServletTestExecutionListener.java:189) ~[spring-test-4.3.11.RELEASE.jar:4.3.11.RELEASE]
	at org.springframework.test.context.web.ServletTestExecutionListener.prepareTestInstance(ServletTestExecutionListener.java:131) ~[spring-test-4.3.11.RELEASE.jar:4.3.11.RELEASE]
	at org.springframework.test.context.TestContextManager.prepareTestInstance(TestContextManager.java:230) ~[spring-test-4.3.11.RELEASE.jar:4.3.11.RELEASE]
	at org.springframework.test.context.junit4.SpringJUnit4ClassRunner.createTest(SpringJUnit4ClassRunner.java:228) [spring-test-4.3.11.RELEASE.jar:4.3.11.RELEASE]
	at org.springframework.test.context.junit4.SpringJUnit4ClassRunner$1.runReflectiveCall(SpringJUnit4ClassRunner.java:287) [spring-test-4.3.11.RELEASE.jar:4.3.11.RELEASE]
	at org.junit.internal.runners.model.ReflectiveCallable.run(ReflectiveCallable.java:12) [junit-4.12.jar:4.12]
	at org.springframework.test.context.junit4.SpringJUnit4ClassRunner.methodBlock(SpringJUnit4ClassRunner.java:289) [spring-test-4.3.11.RELEASE.jar:4.3.11.RELEASE]
	at org.springframework.test.context.junit4.SpringJUnit4ClassRunner.runChild(SpringJUnit4ClassRunner.java:247) [spring-test-4.3.11.RELEASE.jar:4.3.11.RELEASE]
	at org.springframework.test.context.junit4.SpringJUnit4ClassRunner.runChild(SpringJUnit4ClassRunner.java:94) [spring-test-4.3.11.RELEASE.jar:4.3.11.RELEASE]
	at org.junit.runners.ParentRunner$3.run(ParentRunner.java:290) [junit-4.12.jar:4.12]
	at org.junit.runners.ParentRunner$1.schedule(ParentRunner.java:71) [junit-4.12.jar:4.12]
	at org.junit.runners.ParentRunner.runChildren(ParentRunner.java:288) [junit-4.12.jar:4.12]
	at org.junit.runners.ParentRunner.access$000(ParentRunner.java:58) [junit-4.12.jar:4.12]
	at org.junit.runners.ParentRunner$2.evaluate(ParentRunner.java:268) [junit-4.12.jar:4.12]
	at org.springframework.test.context.junit4.statements.RunBeforeTestClassCallbacks.evaluate(RunBeforeTestClassCallbacks.java:61) [spring-test-4.3.11.RELEASE.jar:4.3.11.RELEASE]
	at org.springframework.test.context.junit4.statements.RunAfterTestClassCallbacks.evaluate(RunAfterTestClassCallbacks.java:70) [spring-test-4.3.11.RELEASE.jar:4.3.11.RELEASE]
	at org.junit.runners.ParentRunner.run(ParentRunner.java:363) [junit-4.12.jar:4.12]
	at org.springframework.test.context.junit4.SpringJUnit4ClassRunner.run(SpringJUnit4ClassRunner.java:191) [spring-test-4.3.11.RELEASE.jar:4.3.11.RELEASE]
	at org.apache.maven.surefire.junit4.JUnit4Provider.execute(JUnit4Provider.java:283) [surefire-junit4-2.18.1.jar:2.18.1]
	at org.apache.maven.surefire.junit4.JUnit4Provider.executeWithRerun(JUnit4Provider.java:173) [surefire-junit4-2.18.1.jar:2.18.1]
	at org.apache.maven.surefire.junit4.JUnit4Provider.executeTestSet(JUnit4Provider.java:153) [surefire-junit4-2.18.1.jar:2.18.1]
	at org.apache.maven.surefire.junit4.JUnit4Provider.invoke(JUnit4Provider.java:128) [surefire-junit4-2.18.1.jar:2.18.1]
	at org.apache.maven.surefire.booter.ForkedBooter.invokeProviderInSameClassLoader(ForkedBooter.java:203) [surefire-booter-2.18.1.jar:2.18.1]
	at org.apache.maven.surefire.booter.ForkedBooter.runSuitesInProcess(ForkedBooter.java:155) [surefire-booter-2.18.1.jar:2.18.1]
	at org.apache.maven.surefire.booter.ForkedBooter.main(ForkedBooter.java:103) [surefire-booter-2.18.1.jar:2.18.1]
Caused by: org.springframework.beans.factory.BeanCreationException: Error creating bean with name 'entityManagerFactory' defined in class path resource [com/imooc/config/JPAConfig.class]: Bean instantiation via factory method failed; nested exception is org.springframework.beans.BeanInstantiationException: Failed to instantiate [org.springframework.orm.jpa.LocalContainerEntityManagerFactoryBean]: Factory method 'entityManagerFactory' threw exception; nested exception is org.springframework.beans.factory.BeanCreationException: Error creating bean with name 'dataSource' defined in class path resource [com/imooc/config/JPAConfig.class]: Initialization of bean failed; nested exception is org.springframework.beans.factory.BeanCreationException: Error creating bean with name 'dataSourceInitializer': Invocation of init method failed; nested exception is org.springframework.jdbc.datasource.init.ScriptStatementFailedException: Failed to execute SQL script statement #7 of class path resource [db/data.sql]: INSERT INTO `house`(`id`, `title`, `price`, `area`, `room`, `floor`, `total_floor`, `watch_times`, `build_year`, `status`, `create_time`, `last_update_time`, `city_en_name`, `region_en_name`, `cover`, `direction`, `distance_to_subway`, `parlour`, `district`, `admin_id`, `bathroom`, `street`) VALUES ('15', '鐎靛苯濮忛崺锟� 閸ュ�熼敜CBD 閺冭泛鐨绘导鎴︽＝ 閸熷棗濮熼崝鐐插彆 鐡掑懏顥楅悺锕�濮�', '6200', '70', '2', '10', '20', '2', '2005', '1', '2017-09-06 18:56:14', '2017-09-15 00:26:59', 'bj', 'hdq', 'FmD3zKG-gUPOrNv0HwzZN7IbkAC_', '2', '10', '1', '閾诲秵杈伴崲澶婃疮', '2', '0', '姒瑥鐓欑憲澶哥癌鐠猴拷'), ('16', '鐎靛苯濮忛崺锟� 閸ュ�熼敜CBD 閺冭泛鐨绘导鎴︽＝ 閸熷棗濮熼崝鐐插彆', '6300', '70', '2', '10', '20', '0', '2012', '1', '2017-09-06 19:53:35', '2017-09-11 00:35:13', 'bj', 'hdq', 'FmD3zKG-gUPOrNv0HwzZN7IbkAC_', '1', '-1', '1', '閾诲秵杈伴崲澶婃疮', '2', '0', '姒瑥鐓欑憲澶哥癌鐠猴拷'), ('17', '娴滃瞼骞嗘稉婊呮纯闂傘劌婀撮柧浣虹彲闂勫嫯绻庨妴浣哄竾鎼存粈绨抽妴浣搞亯鐎瑰妫妴浣告禇鐠愭悶锟戒椒绗侀柌灞芥偛閵嗕礁宕￠柨锝夌处瀹革拷', '3000', '35', '1', '5', '10', '0', '2013', '1', '2017-09-06 20:45:35', '2017-09-11 00:35:05', 'bj', 'hdq', 'FhVdDhzVDH1dLVVx4jOaVXOCfnea', '1', '200', '0', '閾诲秵杈伴崲澶婃疮', '2', '0', '姒瑥鐓欑憲澶哥癌鐠猴拷'), ('18', '閸楀氦閿ら崺锟� 娑撴粌鎮滄稉锟界仦鍛缁岀皞oft 楠炴彃鍣ｅ〒鈺呂� 闂呭繑妞傞崣顖欎簰缁涘墽瀹�', '5700', '52', '1', '7', '20', '0', '2012', '1', '2017-09-06 21:01:02', '2017-09-11 00:35:01', 'bj', 'hdq', 'FsxiS6rOTpSg5pK7tv41e8Zpnn_c', '2', '1085', '1', '閾诲秵杈伴崲澶婃疮', '2', '0', '姒瑥鐓欑憲澶哥癌鐠猴拷'), ('19', '閺堟稒妲崶顓熸緲濡ら棿绗佺仦鍛吇 閼奉亙缍囩划鎹愵棅 閸楁瀵抽柅姘讹拷锟� 闁插洤鍘滄總鍊燁潒闁插孩顥楅敍锟�', '9200', '132', '3', '6', '14', '0', '2005', '1', '2017-09-06 22:44:25', '2017-09-11 00:34:55', 'bj', 'hdq', 'Fl1lNikhmMIecbTn-JTsurxugtFU', '2', '1108', '2', '閾诲秵杈伴崲澶婃疮', '2', '0', '姒瑥鐓欑憲澶哥癌鐠猴拷'), ('20', '妤傛ê銇囨稉濠勬畱閺佸顫ゆ稉銈呯湷鐎癸拷 娑撴矮瀵岀拠姘壈閸戣櫣顫�', '5400', '56', '2', '12', '20', '0', '2012', '1', '2017-09-06 23:39:50', '2017-09-11 00:34:21', 'bj', 'hdq', 'FtNl9uPM6p5PjEs8z2FnOuViNtOM', '2', '-1', '1', '閾诲秵杈伴崲澶婃疮', '2', '0', '姒瑥鐓欑憲澶哥癌鐠猴拷'), ('21', '閺傛澘鎮嶉崶锟� 濮濓綀顫夋稉澶婄湷鐎癸拷 缁崘顥婃穱锟� 鐎瑰墎鏁哥�硅泛鍙挎鎰弿', '1900', '18', '1', '13', '25', '0', '2012', '1', '2017-09-07 00:52:47', '2017-09-11 00:34:13', 'bj', 'hdq', 'Fn9sHC3Wx7qpYCmSxt-z8FZluf0Z', '3', '1302', '0', '閾诲秵杈伴崲澶婃疮', '2', '0', '姒瑥鐓欑憲澶哥癌鐠猴拷'), ('24', '濠�鏍у帨婢圭懓褰块張娑楀惈閸楀骸绨�183-387閵曪繝妲橀弲顖氥亣鐎癸拷', '50000', '288', '5', '1', '1', '0', '2015', '1', '2017-09-07 11:42:20', '2017-09-18 20:14:14', 'bj', 'hdq', 'FvVqU8LneZZ5xaLBAOM1KXR2Pz1X', '5', '200', '3', '閾诲秵杈伴崲澶婃疮', '2', '0', '姒瑥鐓欑憲澶哥癌鐠猴拷'); nested exception is org.h2.jdbc.JdbcSQLException: Value too long for column "TITLE VARCHAR(32) NOT NULL": "STRINGDECODE('\u7035\u5c7d\u59cf\u9369\ufffd \u9365\u501f\u9524CBD \u93c3\u8dfa\u76bb\u6d7c\u6226\u68fd \u935f\u55d7\u59df\u9354... (33)"; SQL statement:
INSERT INTO `house`(`id`, `title`, `price`, `area`, `room`, `floor`, `total_floor`, `watch_times`, `build_year`, `status`, `create_time`, `last_update_time`, `city_en_name`, `region_en_name`, `cover`, `direction`, `distance_to_subway`, `parlour`, `district`, `admin_id`, `bathroom`, `street`) VALUES ('15', '鐎靛苯濮忛崺锟� 閸ュ�熼敜CBD 閺冭泛鐨绘导鎴︽＝ 閸熷棗濮熼崝鐐插彆 鐡掑懏顥楅悺锕�濮�', '6200', '70', '2', '10', '20', '2', '2005', '1', '2017-09-06 18:56:14', '2017-09-15 00:26:59', 'bj', 'hdq', 'FmD3zKG-gUPOrNv0HwzZN7IbkAC_', '2', '10', '1', '閾诲秵杈伴崲澶婃疮', '2', '0', '姒瑥鐓欑憲澶哥癌鐠猴拷'), ('16', '鐎靛苯濮忛崺锟� 閸ュ�熼敜CBD 閺冭泛鐨绘导鎴︽＝ 閸熷棗濮熼崝鐐插彆', '6300', '70', '2', '10', '20', '0', '2012', '1', '2017-09-06 19:53:35', '2017-09-11 00:35:13', 'bj', 'hdq', 'FmD3zKG-gUPOrNv0HwzZN7IbkAC_', '1', '-1', '1', '閾诲秵杈伴崲澶婃疮', '2', '0', '姒瑥鐓欑憲澶哥癌鐠猴拷'), ('17', '娴滃瞼骞嗘稉婊呮纯闂傘劌婀撮柧浣虹彲闂勫嫯绻庨妴浣哄竾鎼存粈绨抽妴浣搞亯鐎瑰妫妴浣告禇鐠愭悶锟戒椒绗侀柌灞芥偛閵嗕礁宕￠柨锝夌处瀹革拷', '3000', '35', '1', '5', '10', '0', '2013', '1', '2017-09-06 20:45:35', '2017-09-11 00:35:05', 'bj', 'hdq', 'FhVdDhzVDH1dLVVx4jOaVXOCfnea', '1', '200', '0', '閾诲秵杈伴崲澶婃疮', '2', '0', '姒瑥鐓欑憲澶哥癌鐠猴拷'), ('18', '閸楀氦閿ら崺锟� 娑撴粌鎮滄稉锟界仦鍛缁岀皞oft 楠炴彃鍣ｅ〒鈺呂� 闂呭繑妞傞崣顖欎簰缁涘墽瀹�', '5700', '52', '1', '7', '20', '0', '2012', '1', '2017-09-06 21:01:02', '2017-09-11 00:35:01', 'bj', 'hdq', 'FsxiS6rOTpSg5pK7tv41e8Zpnn_c', '2', '1085', '1', '閾诲秵杈伴崲澶婃疮', '2', '0', '姒瑥鐓欑憲澶哥癌鐠猴拷'), ('19', '閺堟稒妲崶顓熸緲濡ら棿绗佺仦鍛吇 閼奉亙缍囩划鎹愵棅 閸楁瀵抽柅姘讹拷锟� 闁插洤鍘滄總鍊燁潒闁插孩顥楅敍锟�', '9200', '132', '3', '6', '14', '0', '2005', '1', '2017-09-06 22:44:25', '2017-09-11 00:34:55', 'bj', 'hdq', 'Fl1lNikhmMIecbTn-JTsurxugtFU', '2', '1108', '2', '閾诲秵杈伴崲澶婃疮', '2', '0', '姒瑥鐓欑憲澶哥癌鐠猴拷'), ('20', '妤傛ê銇囨稉濠勬畱閺佸顫ゆ稉銈呯湷鐎癸拷 娑撴矮瀵岀拠姘壈閸戣櫣顫�', '5400', '56', '2', '12', '20', '0', '2012', '1', '2017-09-06 23:39:50', '2017-09-11 00:34:21', 'bj', 'hdq', 'FtNl9uPM6p5PjEs8z2FnOuViNtOM', '2', '-1', '1', '閾诲秵杈伴崲澶婃疮', '2', '0', '姒瑥鐓欑憲澶哥癌鐠猴拷'), ('21', '閺傛澘鎮嶉崶锟� 濮濓綀顫夋稉澶婄湷鐎癸拷 缁崘顥婃穱锟� 鐎瑰墎鏁哥�硅泛鍙挎鎰弿', '1900', '18', '1', '13', '25', '0', '2012', '1', '2017-09-07 00:52:47', '2017-09-11 00:34:13', 'bj', 'hdq', 'Fn9sHC3Wx7qpYCmSxt-z8FZluf0Z', '3', '1302', '0', '閾诲秵杈伴崲澶婃疮', '2', '0', '姒瑥鐓欑憲澶哥癌鐠猴拷'), ('24', '濠�鏍у帨婢圭懓褰块張娑楀惈閸楀骸绨�183-387閵曪繝妲橀弲顖氥亣鐎癸拷', '50000', '288', '5', '1', '1', '0', '2015', '1', '2017-09-07 11:42:20', '2017-09-18 20:14:14', 'bj', 'hdq', 'FvVqU8LneZZ5xaLBAOM1KXR2Pz1X', '5', '200', '3', '閾诲秵杈伴崲澶婃疮', '2', '0', '姒瑥鐓欑憲澶哥癌鐠猴拷') [22001-196]
	at org.springframework.beans.factory.support.ConstructorResolver.instantiateUsingFactoryMethod(ConstructorResolver.java:599) ~[spring-beans-4.3.11.RELEASE.jar:4.3.11.RELEASE]
	at org.springframework.beans.factory.support.AbstractAutowireCapableBeanFactory.instantiateUsingFactoryMethod(AbstractAutowireCapableBeanFactory.java:1173) ~[spring-beans-4.3.11.RELEASE.jar:4.3.11.RELEASE]
	at org.springframework.beans.factory.support.AbstractAutowireCapableBeanFactory.createBeanInstance(AbstractAutowireCapableBeanFactory.java:1067) ~[spring-beans-4.3.11.RELEASE.jar:4.3.11.RELEASE]
	at org.springframework.beans.factory.support.AbstractAutowireCapableBeanFactory.doCreateBean(AbstractAutowireCapableBeanFactory.java:513) ~[spring-beans-4.3.11.RELEASE.jar:4.3.11.RELEASE]
	at org.springframework.beans.factory.support.AbstractAutowireCapableBeanFactory.createBean(AbstractAutowireCapableBeanFactory.java:483) ~[spring-beans-4.3.11.RELEASE.jar:4.3.11.RELEASE]
	at org.springframework.beans.factory.support.AbstractBeanFactory$1.getObject(AbstractBeanFactory.java:306) ~[spring-beans-4.3.11.RELEASE.jar:4.3.11.RELEASE]
	at org.springframework.beans.factory.support.DefaultSingletonBeanRegistry.getSingleton(DefaultSingletonBeanRegistry.java:230) ~[spring-beans-4.3.11.RELEASE.jar:4.3.11.RELEASE]
	at org.springframework.beans.factory.support.AbstractBeanFactory.doGetBean(AbstractBeanFactory.java:302) ~[spring-beans-4.3.11.RELEASE.jar:4.3.11.RELEASE]
	at org.springframework.beans.factory.support.AbstractBeanFactory.getBean(AbstractBeanFactory.java:197) ~[spring-beans-4.3.11.RELEASE.jar:4.3.11.RELEASE]
	at org.springframework.context.support.AbstractApplicationContext.getBean(AbstractApplicationContext.java:1078) ~[spring-context-4.3.11.RELEASE.jar:4.3.11.RELEASE]
	at org.springframework.context.support.AbstractApplicationContext.finishBeanFactoryInitialization(AbstractApplicationContext.java:857) ~[spring-context-4.3.11.RELEASE.jar:4.3.11.RELEASE]
	at org.springframework.context.support.AbstractApplicationContext.refresh(AbstractApplicationContext.java:543) ~[spring-context-4.3.11.RELEASE.jar:4.3.11.RELEASE]
	at org.springframework.boot.SpringApplication.refresh(SpringApplication.java:693) ~[spring-boot-1.5.7.RELEASE.jar:1.5.7.RELEASE]
	at org.springframework.boot.SpringApplication.refreshContext(SpringApplication.java:360) ~[spring-boot-1.5.7.RELEASE.jar:1.5.7.RELEASE]
	at org.springframework.boot.SpringApplication.run(SpringApplication.java:303) ~[spring-boot-1.5.7.RELEASE.jar:1.5.7.RELEASE]
	at org.springframework.boot.test.context.SpringBootContextLoader.loadContext(SpringBootContextLoader.java:120) ~[spring-boot-test-1.5.7.RELEASE.jar:1.5.7.RELEASE]
	at org.springframework.test.context.cache.DefaultCacheAwareContextLoaderDelegate.loadContextInternal(DefaultCacheAwareContextLoaderDelegate.java:98) ~[spring-test-4.3.11.RELEASE.jar:4.3.11.RELEASE]
	at org.springframework.test.context.cache.DefaultCacheAwareContextLoaderDelegate.loadContext(DefaultCacheAwareContextLoaderDelegate.java:116) ~[spring-test-4.3.11.RELEASE.jar:4.3.11.RELEASE]
	... 26 common frames omitted
Caused by: org.springframework.beans.BeanInstantiationException: Failed to instantiate [org.springframework.orm.jpa.LocalContainerEntityManagerFactoryBean]: Factory method 'entityManagerFactory' threw exception; nested exception is org.springframework.beans.factory.BeanCreationException: Error creating bean with name 'dataSource' defined in class path resource [com/imooc/config/JPAConfig.class]: Initialization of bean failed; nested exception is org.springframework.beans.factory.BeanCreationException: Error creating bean with name 'dataSourceInitializer': Invocation of init method failed; nested exception is org.springframework.jdbc.datasource.init.ScriptStatementFailedException: Failed to execute SQL script statement #7 of class path resource [db/data.sql]: INSERT INTO `house`(`id`, `title`, `price`, `area`, `room`, `floor`, `total_floor`, `watch_times`, `build_year`, `status`, `create_time`, `last_update_time`, `city_en_name`, `region_en_name`, `cover`, `direction`, `distance_to_subway`, `parlour`, `district`, `admin_id`, `bathroom`, `street`) VALUES ('15', '鐎靛苯濮忛崺锟� 閸ュ�熼敜CBD 閺冭泛鐨绘导鎴︽＝ 閸熷棗濮熼崝鐐插彆 鐡掑懏顥楅悺锕�濮�', '6200', '70', '2', '10', '20', '2', '2005', '1', '2017-09-06 18:56:14', '2017-09-15 00:26:59', 'bj', 'hdq', 'FmD3zKG-gUPOrNv0HwzZN7IbkAC_', '2', '10', '1', '閾诲秵杈伴崲澶婃疮', '2', '0', '姒瑥鐓欑憲澶哥癌鐠猴拷'), ('16', '鐎靛苯濮忛崺锟� 閸ュ�熼敜CBD 閺冭泛鐨绘导鎴︽＝ 閸熷棗濮熼崝鐐插彆', '6300', '70', '2', '10', '20', '0', '2012', '1', '2017-09-06 19:53:35', '2017-09-11 00:35:13', 'bj', 'hdq', 'FmD3zKG-gUPOrNv0HwzZN7IbkAC_', '1', '-1', '1', '閾诲秵杈伴崲澶婃疮', '2', '0', '姒瑥鐓欑憲澶哥癌鐠猴拷'), ('17', '娴滃瞼骞嗘稉婊呮纯闂傘劌婀撮柧浣虹彲闂勫嫯绻庨妴浣哄竾鎼存粈绨抽妴浣搞亯鐎瑰妫妴浣告禇鐠愭悶锟戒椒绗侀柌灞芥偛閵嗕礁宕￠柨锝夌处瀹革拷', '3000', '35', '1', '5', '10', '0', '2013', '1', '2017-09-06 20:45:35', '2017-09-11 00:35:05', 'bj', 'hdq', 'FhVdDhzVDH1dLVVx4jOaVXOCfnea', '1', '200', '0', '閾诲秵杈伴崲澶婃疮', '2', '0', '姒瑥鐓欑憲澶哥癌鐠猴拷'), ('18', '閸楀氦閿ら崺锟� 娑撴粌鎮滄稉锟界仦鍛缁岀皞oft 楠炴彃鍣ｅ〒鈺呂� 闂呭繑妞傞崣顖欎簰缁涘墽瀹�', '5700', '52', '1', '7', '20', '0', '2012', '1', '2017-09-06 21:01:02', '2017-09-11 00:35:01', 'bj', 'hdq', 'FsxiS6rOTpSg5pK7tv41e8Zpnn_c', '2', '1085', '1', '閾诲秵杈伴崲澶婃疮', '2', '0', '姒瑥鐓欑憲澶哥癌鐠猴拷'), ('19', '閺堟稒妲崶顓熸緲濡ら棿绗佺仦鍛吇 閼奉亙缍囩划鎹愵棅 閸楁瀵抽柅姘讹拷锟� 闁插洤鍘滄總鍊燁潒闁插孩顥楅敍锟�', '9200', '132', '3', '6', '14', '0', '2005', '1', '2017-09-06 22:44:25', '2017-09-11 00:34:55', 'bj', 'hdq', 'Fl1lNikhmMIecbTn-JTsurxugtFU', '2', '1108', '2', '閾诲秵杈伴崲澶婃疮', '2', '0', '姒瑥鐓欑憲澶哥癌鐠猴拷'), ('20', '妤傛ê銇囨稉濠勬畱閺佸顫ゆ稉銈呯湷鐎癸拷 娑撴矮瀵岀拠姘壈閸戣櫣顫�', '5400', '56', '2', '12', '20', '0', '2012', '1', '2017-09-06 23:39:50', '2017-09-11 00:34:21', 'bj', 'hdq', 'FtNl9uPM6p5PjEs8z2FnOuViNtOM', '2', '-1', '1', '閾诲秵杈伴崲澶婃疮', '2', '0', '姒瑥鐓欑憲澶哥癌鐠猴拷'), ('21', '閺傛澘鎮嶉崶锟� 濮濓綀顫夋稉澶婄湷鐎癸拷 缁崘顥婃穱锟� 鐎瑰墎鏁哥�硅泛鍙挎鎰弿', '1900', '18', '1', '13', '25', '0', '2012', '1', '2017-09-07 00:52:47', '2017-09-11 00:34:13', 'bj', 'hdq', 'Fn9sHC3Wx7qpYCmSxt-z8FZluf0Z', '3', '1302', '0', '閾诲秵杈伴崲澶婃疮', '2', '0', '姒瑥鐓欑憲澶哥癌鐠猴拷'), ('24', '濠�鏍у帨婢圭懓褰块張娑楀惈閸楀骸绨�183-387閵曪繝妲橀弲顖氥亣鐎癸拷', '50000', '288', '5', '1', '1', '0', '2015', '1', '2017-09-07 11:42:20', '2017-09-18 20:14:14', 'bj', 'hdq', 'FvVqU8LneZZ5xaLBAOM1KXR2Pz1X', '5', '200', '3', '閾诲秵杈伴崲澶婃疮', '2', '0', '姒瑥鐓欑憲澶哥癌鐠猴拷'); nested exception is org.h2.jdbc.JdbcSQLException: Value too long for column "TITLE VARCHAR(32) NOT NULL": "STRINGDECODE('\u7035\u5c7d\u59cf\u9369\ufffd \u9365\u501f\u9524CBD \u93c3\u8dfa\u76bb\u6d7c\u6226\u68fd \u935f\u55d7\u59df\u9354... (33)"; SQL statement:
INSERT INTO `house`(`id`, `title`, `price`, `area`, `room`, `floor`, `total_floor`, `watch_times`, `build_year`, `status`, `create_time`, `last_update_time`, `city_en_name`, `region_en_name`, `cover`, `direction`, `distance_to_subway`, `parlour`, `district`, `admin_id`, `bathroom`, `street`) VALUES ('15', '鐎靛苯濮忛崺锟� 閸ュ�熼敜CBD 閺冭泛鐨绘导鎴︽＝ 閸熷棗濮熼崝鐐插彆 鐡掑懏顥楅悺锕�濮�', '6200', '70', '2', '10', '20', '2', '2005', '1', '2017-09-06 18:56:14', '2017-09-15 00:26:59', 'bj', 'hdq', 'FmD3zKG-gUPOrNv0HwzZN7IbkAC_', '2', '10', '1', '閾诲秵杈伴崲澶婃疮', '2', '0', '姒瑥鐓欑憲澶哥癌鐠猴拷'), ('16', '鐎靛苯濮忛崺锟� 閸ュ�熼敜CBD 閺冭泛鐨绘导鎴︽＝ 閸熷棗濮熼崝鐐插彆', '6300', '70', '2', '10', '20', '0', '2012', '1', '2017-09-06 19:53:35', '2017-09-11 00:35:13', 'bj', 'hdq', 'FmD3zKG-gUPOrNv0HwzZN7IbkAC_', '1', '-1', '1', '閾诲秵杈伴崲澶婃疮', '2', '0', '姒瑥鐓欑憲澶哥癌鐠猴拷'), ('17', '娴滃瞼骞嗘稉婊呮纯闂傘劌婀撮柧浣虹彲闂勫嫯绻庨妴浣哄竾鎼存粈绨抽妴浣搞亯鐎瑰妫妴浣告禇鐠愭悶锟戒椒绗侀柌灞芥偛閵嗕礁宕￠柨锝夌处瀹革拷', '3000', '35', '1', '5', '10', '0', '2013', '1', '2017-09-06 20:45:35', '2017-09-11 00:35:05', 'bj', 'hdq', 'FhVdDhzVDH1dLVVx4jOaVXOCfnea', '1', '200', '0', '閾诲秵杈伴崲澶婃疮', '2', '0', '姒瑥鐓欑憲澶哥癌鐠猴拷'), ('18', '閸楀氦閿ら崺锟� 娑撴粌鎮滄稉锟界仦鍛缁岀皞oft 楠炴彃鍣ｅ〒鈺呂� 闂呭繑妞傞崣顖欎簰缁涘墽瀹�', '5700', '52', '1', '7', '20', '0', '2012', '1', '2017-09-06 21:01:02', '2017-09-11 00:35:01', 'bj', 'hdq', 'FsxiS6rOTpSg5pK7tv41e8Zpnn_c', '2', '1085', '1', '閾诲秵杈伴崲澶婃疮', '2', '0', '姒瑥鐓欑憲澶哥癌鐠猴拷'), ('19', '閺堟稒妲崶顓熸緲濡ら棿绗佺仦鍛吇 閼奉亙缍囩划鎹愵棅 閸楁瀵抽柅姘讹拷锟� 闁插洤鍘滄總鍊燁潒闁插孩顥楅敍锟�', '9200', '132', '3', '6', '14', '0', '2005', '1', '2017-09-06 22:44:25', '2017-09-11 00:34:55', 'bj', 'hdq', 'Fl1lNikhmMIecbTn-JTsurxugtFU', '2', '1108', '2', '閾诲秵杈伴崲澶婃疮', '2', '0', '姒瑥鐓欑憲澶哥癌鐠猴拷'), ('20', '妤傛ê銇囨稉濠勬畱閺佸顫ゆ稉銈呯湷鐎癸拷 娑撴矮瀵岀拠姘壈閸戣櫣顫�', '5400', '56', '2', '12', '20', '0', '2012', '1', '2017-09-06 23:39:50', '2017-09-11 00:34:21', 'bj', 'hdq', 'FtNl9uPM6p5PjEs8z2FnOuViNtOM', '2', '-1', '1', '閾诲秵杈伴崲澶婃疮', '2', '0', '姒瑥鐓欑憲澶哥癌鐠猴拷'), ('21', '閺傛澘鎮嶉崶锟� 濮濓綀顫夋稉澶婄湷鐎癸拷 缁崘顥婃穱锟� 鐎瑰墎鏁哥�硅泛鍙挎鎰弿', '1900', '18', '1', '13', '25', '0', '2012', '1', '2017-09-07 00:52:47', '2017-09-11 00:34:13', 'bj', 'hdq', 'Fn9sHC3Wx7qpYCmSxt-z8FZluf0Z', '3', '1302', '0', '閾诲秵杈伴崲澶婃疮', '2', '0', '姒瑥鐓欑憲澶哥癌鐠猴拷'), ('24', '濠�鏍у帨婢圭懓褰块張娑楀惈閸楀骸绨�183-387閵曪繝妲橀弲顖氥亣鐎癸拷', '50000', '288', '5', '1', '1', '0', '2015', '1', '2017-09-07 11:42:20', '2017-09-18 20:14:14', 'bj', 'hdq', 'FvVqU8LneZZ5xaLBAOM1KXR2Pz1X', '5', '200', '3', '閾诲秵杈伴崲澶婃疮', '2', '0', '姒瑥鐓欑憲澶哥癌鐠猴拷') [22001-196]
	at org.springframework.beans.factory.support.SimpleInstantiationStrategy.instantiate(SimpleInstantiationStrategy.java:189) ~[spring-beans-4.3.11.RELEASE.jar:4.3.11.RELEASE]
	at org.springframework.beans.factory.support.ConstructorResolver.instantiateUsingFactoryMethod(ConstructorResolver.java:588) ~[spring-beans-4.3.11.RELEASE.jar:4.3.11.RELEASE]
	... 43 common frames omitted
Caused by: org.springframework.beans.factory.BeanCreationException: Error creating bean with name 'dataSource' defined in class path resource [com/imooc/config/JPAConfig.class]: Initialization of bean failed; nested exception is org.springframework.beans.factory.BeanCreationException: Error creating bean with name 'dataSourceInitializer': Invocation of init method failed; nested exception is org.springframework.jdbc.datasource.init.ScriptStatementFailedException: Failed to execute SQL script statement #7 of class path resource [db/data.sql]: INSERT INTO `house`(`id`, `title`, `price`, `area`, `room`, `floor`, `total_floor`, `watch_times`, `build_year`, `status`, `create_time`, `last_update_time`, `city_en_name`, `region_en_name`, `cover`, `direction`, `distance_to_subway`, `parlour`, `district`, `admin_id`, `bathroom`, `street`) VALUES ('15', '鐎靛苯濮忛崺锟� 閸ュ�熼敜CBD 閺冭泛鐨绘导鎴︽＝ 閸熷棗濮熼崝鐐插彆 鐡掑懏顥楅悺锕�濮�', '6200', '70', '2', '10', '20', '2', '2005', '1', '2017-09-06 18:56:14', '2017-09-15 00:26:59', 'bj', 'hdq', 'FmD3zKG-gUPOrNv0HwzZN7IbkAC_', '2', '10', '1', '閾诲秵杈伴崲澶婃疮', '2', '0', '姒瑥鐓欑憲澶哥癌鐠猴拷'), ('16', '鐎靛苯濮忛崺锟� 閸ュ�熼敜CBD 閺冭泛鐨绘导鎴︽＝ 閸熷棗濮熼崝鐐插彆', '6300', '70', '2', '10', '20', '0', '2012', '1', '2017-09-06 19:53:35', '2017-09-11 00:35:13', 'bj', 'hdq', 'FmD3zKG-gUPOrNv0HwzZN7IbkAC_', '1', '-1', '1', '閾诲秵杈伴崲澶婃疮', '2', '0', '姒瑥鐓欑憲澶哥癌鐠猴拷'), ('17', '娴滃瞼骞嗘稉婊呮纯闂傘劌婀撮柧浣虹彲闂勫嫯绻庨妴浣哄竾鎼存粈绨抽妴浣搞亯鐎瑰妫妴浣告禇鐠愭悶锟戒椒绗侀柌灞芥偛閵嗕礁宕￠柨锝夌处瀹革拷', '3000', '35', '1', '5', '10', '0', '2013', '1', '2017-09-06 20:45:35', '2017-09-11 00:35:05', 'bj', 'hdq', 'FhVdDhzVDH1dLVVx4jOaVXOCfnea', '1', '200', '0', '閾诲秵杈伴崲澶婃疮', '2', '0', '姒瑥鐓欑憲澶哥癌鐠猴拷'), ('18', '閸楀氦閿ら崺锟� 娑撴粌鎮滄稉锟界仦鍛缁岀皞oft 楠炴彃鍣ｅ〒鈺呂� 闂呭繑妞傞崣顖欎簰缁涘墽瀹�', '5700', '52', '1', '7', '20', '0', '2012', '1', '2017-09-06 21:01:02', '2017-09-11 00:35:01', 'bj', 'hdq', 'FsxiS6rOTpSg5pK7tv41e8Zpnn_c', '2', '1085', '1', '閾诲秵杈伴崲澶婃疮', '2', '0', '姒瑥鐓欑憲澶哥癌鐠猴拷'), ('19', '閺堟稒妲崶顓熸緲濡ら棿绗佺仦鍛吇 閼奉亙缍囩划鎹愵棅 閸楁瀵抽柅姘讹拷锟� 闁插洤鍘滄總鍊燁潒闁插孩顥楅敍锟�', '9200', '132', '3', '6', '14', '0', '2005', '1', '2017-09-06 22:44:25', '2017-09-11 00:34:55', 'bj', 'hdq', 'Fl1lNikhmMIecbTn-JTsurxugtFU', '2', '1108', '2', '閾诲秵杈伴崲澶婃疮', '2', '0', '姒瑥鐓欑憲澶哥癌鐠猴拷'), ('20', '妤傛ê銇囨稉濠勬畱閺佸顫ゆ稉銈呯湷鐎癸拷 娑撴矮瀵岀拠姘壈閸戣櫣顫�', '5400', '56', '2', '12', '20', '0', '2012', '1', '2017-09-06 23:39:50', '2017-09-11 00:34:21', 'bj', 'hdq', 'FtNl9uPM6p5PjEs8z2FnOuViNtOM', '2', '-1', '1', '閾诲秵杈伴崲澶婃疮', '2', '0', '姒瑥鐓欑憲澶哥癌鐠猴拷'), ('21', '閺傛澘鎮嶉崶锟� 濮濓綀顫夋稉澶婄湷鐎癸拷 缁崘顥婃穱锟� 鐎瑰墎鏁哥�硅泛鍙挎鎰弿', '1900', '18', '1', '13', '25', '0', '2012', '1', '2017-09-07 00:52:47', '2017-09-11 00:34:13', 'bj', 'hdq', 'Fn9sHC3Wx7qpYCmSxt-z8FZluf0Z', '3', '1302', '0', '閾诲秵杈伴崲澶婃疮', '2', '0', '姒瑥鐓欑憲澶哥癌鐠猴拷'), ('24', '濠�鏍у帨婢圭懓褰块張娑楀惈閸楀骸绨�183-387閵曪繝妲橀弲顖氥亣鐎癸拷', '50000', '288', '5', '1', '1', '0', '2015', '1', '2017-09-07 11:42:20', '2017-09-18 20:14:14', 'bj', 'hdq', 'FvVqU8LneZZ5xaLBAOM1KXR2Pz1X', '5', '200', '3', '閾诲秵杈伴崲澶婃疮', '2', '0', '姒瑥鐓欑憲澶哥癌鐠猴拷'); nested exception is org.h2.jdbc.JdbcSQLException: Value too long for column "TITLE VARCHAR(32) NOT NULL": "STRINGDECODE('\u7035\u5c7d\u59cf\u9369\ufffd \u9365\u501f\u9524CBD \u93c3\u8dfa\u76bb\u6d7c\u6226\u68fd \u935f\u55d7\u59df\u9354... (33)"; SQL statement:
INSERT INTO `house`(`id`, `title`, `price`, `area`, `room`, `floor`, `total_floor`, `watch_times`, `build_year`, `status`, `create_time`, `last_update_time`, `city_en_name`, `region_en_name`, `cover`, `direction`, `distance_to_subway`, `parlour`, `district`, `admin_id`, `bathroom`, `street`) VALUES ('15', '鐎靛苯濮忛崺锟� 閸ュ�熼敜CBD 閺冭泛鐨绘导鎴︽＝ 閸熷棗濮熼崝鐐插彆 鐡掑懏顥楅悺锕�濮�', '6200', '70', '2', '10', '20', '2', '2005', '1', '2017-09-06 18:56:14', '2017-09-15 00:26:59', 'bj', 'hdq', 'FmD3zKG-gUPOrNv0HwzZN7IbkAC_', '2', '10', '1', '閾诲秵杈伴崲澶婃疮', '2', '0', '姒瑥鐓欑憲澶哥癌鐠猴拷'), ('16', '鐎靛苯濮忛崺锟� 閸ュ�熼敜CBD 閺冭泛鐨绘导鎴︽＝ 閸熷棗濮熼崝鐐插彆', '6300', '70', '2', '10', '20', '0', '2012', '1', '2017-09-06 19:53:35', '2017-09-11 00:35:13', 'bj', 'hdq', 'FmD3zKG-gUPOrNv0HwzZN7IbkAC_', '1', '-1', '1', '閾诲秵杈伴崲澶婃疮', '2', '0', '姒瑥鐓欑憲澶哥癌鐠猴拷'), ('17', '娴滃瞼骞嗘稉婊呮纯闂傘劌婀撮柧浣虹彲闂勫嫯绻庨妴浣哄竾鎼存粈绨抽妴浣搞亯鐎瑰妫妴浣告禇鐠愭悶锟戒椒绗侀柌灞芥偛閵嗕礁宕￠柨锝夌处瀹革拷', '3000', '35', '1', '5', '10', '0', '2013', '1', '2017-09-06 20:45:35', '2017-09-11 00:35:05', 'bj', 'hdq', 'FhVdDhzVDH1dLVVx4jOaVXOCfnea', '1', '200', '0', '閾诲秵杈伴崲澶婃疮', '2', '0', '姒瑥鐓欑憲澶哥癌鐠猴拷'), ('18', '閸楀氦閿ら崺锟� 娑撴粌鎮滄稉锟界仦鍛缁岀皞oft 楠炴彃鍣ｅ〒鈺呂� 闂呭繑妞傞崣顖欎簰缁涘墽瀹�', '5700', '52', '1', '7', '20', '0', '2012', '1', '2017-09-06 21:01:02', '2017-09-11 00:35:01', 'bj', 'hdq', 'FsxiS6rOTpSg5pK7tv41e8Zpnn_c', '2', '1085', '1', '閾诲秵杈伴崲澶婃疮', '2', '0', '姒瑥鐓欑憲澶哥癌鐠猴拷'), ('19', '閺堟稒妲崶顓熸緲濡ら棿绗佺仦鍛吇 閼奉亙缍囩划鎹愵棅 閸楁瀵抽柅姘讹拷锟� 闁插洤鍘滄總鍊燁潒闁插孩顥楅敍锟�', '9200', '132', '3', '6', '14', '0', '2005', '1', '2017-09-06 22:44:25', '2017-09-11 00:34:55', 'bj', 'hdq', 'Fl1lNikhmMIecbTn-JTsurxugtFU', '2', '1108', '2', '閾诲秵杈伴崲澶婃疮', '2', '0', '姒瑥鐓欑憲澶哥癌鐠猴拷'), ('20', '妤傛ê銇囨稉濠勬畱閺佸顫ゆ稉銈呯湷鐎癸拷 娑撴矮瀵岀拠姘壈閸戣櫣顫�', '5400', '56', '2', '12', '20', '0', '2012', '1', '2017-09-06 23:39:50', '2017-09-11 00:34:21', 'bj', 'hdq', 'FtNl9uPM6p5PjEs8z2FnOuViNtOM', '2', '-1', '1', '閾诲秵杈伴崲澶婃疮', '2', '0', '姒瑥鐓欑憲澶哥癌鐠猴拷'), ('21', '閺傛澘鎮嶉崶锟� 濮濓綀顫夋稉澶婄湷鐎癸拷 缁崘顥婃穱锟� 鐎瑰墎鏁哥�硅泛鍙挎鎰弿', '1900', '18', '1', '13', '25', '0', '2012', '1', '2017-09-07 00:52:47', '2017-09-11 00:34:13', 'bj', 'hdq', 'Fn9sHC3Wx7qpYCmSxt-z8FZluf0Z', '3', '1302', '0', '閾诲秵杈伴崲澶婃疮', '2', '0', '姒瑥鐓欑憲澶哥癌鐠猴拷'), ('24', '濠�鏍у帨婢圭懓褰块張娑楀惈閸楀骸绨�183-387閵曪繝妲橀弲顖氥亣鐎癸拷', '50000', '288', '5', '1', '1', '0', '2015', '1', '2017-09-07 11:42:20', '2017-09-18 20:14:14', 'bj', 'hdq', 'FvVqU8LneZZ5xaLBAOM1KXR2Pz1X', '5', '200', '3', '閾诲秵杈伴崲澶婃疮', '2', '0', '姒瑥鐓欑憲澶哥癌鐠猴拷') [22001-196]
	at org.springframework.beans.factory.support.AbstractAutowireCapableBeanFactory.doCreateBean(AbstractAutowireCapableBeanFactory.java:564) ~[spring-beans-4.3.11.RELEASE.jar:4.3.11.RELEASE]
	at org.springframework.beans.factory.support.AbstractAutowireCapableBeanFactory.createBean(AbstractAutowireCapableBeanFactory.java:483) ~[spring-beans-4.3.11.RELEASE.jar:4.3.11.RELEASE]
	at org.springframework.beans.factory.support.AbstractBeanFactory$1.getObject(AbstractBeanFactory.java:306) ~[spring-beans-4.3.11.RELEASE.jar:4.3.11.RELEASE]
	at org.springframework.beans.factory.support.DefaultSingletonBeanRegistry.getSingleton(DefaultSingletonBeanRegistry.java:230) ~[spring-beans-4.3.11.RELEASE.jar:4.3.11.RELEASE]
	at org.springframework.beans.factory.support.AbstractBeanFactory.doGetBean(AbstractBeanFactory.java:302) ~[spring-beans-4.3.11.RELEASE.jar:4.3.11.RELEASE]
	at org.springframework.beans.factory.support.AbstractBeanFactory.getBean(AbstractBeanFactory.java:197) ~[spring-beans-4.3.11.RELEASE.jar:4.3.11.RELEASE]
	at org.springframework.context.annotation.ConfigurationClassEnhancer$BeanMethodInterceptor.obtainBeanInstanceFromFactory(ConfigurationClassEnhancer.java:389) ~[spring-context-4.3.11.RELEASE.jar:4.3.11.RELEASE]
	at org.springframework.context.annotation.ConfigurationClassEnhancer$BeanMethodInterceptor.intercept(ConfigurationClassEnhancer.java:361) ~[spring-context-4.3.11.RELEASE.jar:4.3.11.RELEASE]
	at com.imooc.config.JPAConfig$$EnhancerBySpringCGLIB$$ac3be7fd.dataSource(<generated>) ~[classes/:na]
	at com.imooc.config.JPAConfig.entityManagerFactory(JPAConfig.java:36) ~[classes/:na]
	at com.imooc.config.JPAConfig$$EnhancerBySpringCGLIB$$ac3be7fd.CGLIB$entityManagerFactory$2(<generated>) ~[classes/:na]
	at com.imooc.config.JPAConfig$$EnhancerBySpringCGLIB$$ac3be7fd$$FastClassBySpringCGLIB$$914d9ecd.invoke(<generated>) ~[classes/:na]
	at org.springframework.cglib.proxy.MethodProxy.invokeSuper(MethodProxy.java:228) ~[spring-core-4.3.11.RELEASE.jar:4.3.11.RELEASE]
	at org.springframework.context.annotation.ConfigurationClassEnhancer$BeanMethodInterceptor.intercept(ConfigurationClassEnhancer.java:358) ~[spring-context-4.3.11.RELEASE.jar:4.3.11.RELEASE]
	at com.imooc.config.JPAConfig$$EnhancerBySpringCGLIB$$ac3be7fd.entityManagerFactory(<generated>) ~[classes/:na]
	at sun.reflect.NativeMethodAccessorImpl.invoke0(Native Method) ~[na:1.8.0_31]
	at sun.reflect.NativeMethodAccessorImpl.invoke(NativeMethodAccessorImpl.java:62) ~[na:1.8.0_31]
	at sun.reflect.DelegatingMethodAccessorImpl.invoke(DelegatingMethodAccessorImpl.java:43) ~[na:1.8.0_31]
	at java.lang.reflect.Method.invoke(Method.java:483) ~[na:1.8.0_31]
	at org.springframework.beans.factory.support.SimpleInstantiationStrategy.instantiate(SimpleInstantiationStrategy.java:162) ~[spring-beans-4.3.11.RELEASE.jar:4.3.11.RELEASE]
	... 44 common frames omitted
Caused by: org.springframework.beans.factory.BeanCreationException: Error creating bean with name 'dataSourceInitializer': Invocation of init method failed; nested exception is org.springframework.jdbc.datasource.init.ScriptStatementFailedException: Failed to execute SQL script statement #7 of class path resource [db/data.sql]: INSERT INTO `house`(`id`, `title`, `price`, `area`, `room`, `floor`, `total_floor`, `watch_times`, `build_year`, `status`, `create_time`, `last_update_time`, `city_en_name`, `region_en_name`, `cover`, `direction`, `distance_to_subway`, `parlour`, `district`, `admin_id`, `bathroom`, `street`) VALUES ('15', '鐎靛苯濮忛崺锟� 閸ュ�熼敜CBD 閺冭泛鐨绘导鎴︽＝ 閸熷棗濮熼崝鐐插彆 鐡掑懏顥楅悺锕�濮�', '6200', '70', '2', '10', '20', '2', '2005', '1', '2017-09-06 18:56:14', '2017-09-15 00:26:59', 'bj', 'hdq', 'FmD3zKG-gUPOrNv0HwzZN7IbkAC_', '2', '10', '1', '閾诲秵杈伴崲澶婃疮', '2', '0', '姒瑥鐓欑憲澶哥癌鐠猴拷'), ('16', '鐎靛苯濮忛崺锟� 閸ュ�熼敜CBD 閺冭泛鐨绘导鎴︽＝ 閸熷棗濮熼崝鐐插彆', '6300', '70', '2', '10', '20', '0', '2012', '1', '2017-09-06 19:53:35', '2017-09-11 00:35:13', 'bj', 'hdq', 'FmD3zKG-gUPOrNv0HwzZN7IbkAC_', '1', '-1', '1', '閾诲秵杈伴崲澶婃疮', '2', '0', '姒瑥鐓欑憲澶哥癌鐠猴拷'), ('17', '娴滃瞼骞嗘稉婊呮纯闂傘劌婀撮柧浣虹彲闂勫嫯绻庨妴浣哄竾鎼存粈绨抽妴浣搞亯鐎瑰妫妴浣告禇鐠愭悶锟戒椒绗侀柌灞芥偛閵嗕礁宕￠柨锝夌处瀹革拷', '3000', '35', '1', '5', '10', '0', '2013', '1', '2017-09-06 20:45:35', '2017-09-11 00:35:05', 'bj', 'hdq', 'FhVdDhzVDH1dLVVx4jOaVXOCfnea', '1', '200', '0', '閾诲秵杈伴崲澶婃疮', '2', '0', '姒瑥鐓欑憲澶哥癌鐠猴拷'), ('18', '閸楀氦閿ら崺锟� 娑撴粌鎮滄稉锟界仦鍛缁岀皞oft 楠炴彃鍣ｅ〒鈺呂� 闂呭繑妞傞崣顖欎簰缁涘墽瀹�', '5700', '52', '1', '7', '20', '0', '2012', '1', '2017-09-06 21:01:02', '2017-09-11 00:35:01', 'bj', 'hdq', 'FsxiS6rOTpSg5pK7tv41e8Zpnn_c', '2', '1085', '1', '閾诲秵杈伴崲澶婃疮', '2', '0', '姒瑥鐓欑憲澶哥癌鐠猴拷'), ('19', '閺堟稒妲崶顓熸緲濡ら棿绗佺仦鍛吇 閼奉亙缍囩划鎹愵棅 閸楁瀵抽柅姘讹拷锟� 闁插洤鍘滄總鍊燁潒闁插孩顥楅敍锟�', '9200', '132', '3', '6', '14', '0', '2005', '1', '2017-09-06 22:44:25', '2017-09-11 00:34:55', 'bj', 'hdq', 'Fl1lNikhmMIecbTn-JTsurxugtFU', '2', '1108', '2', '閾诲秵杈伴崲澶婃疮', '2', '0', '姒瑥鐓欑憲澶哥癌鐠猴拷'), ('20', '妤傛ê銇囨稉濠勬畱閺佸顫ゆ稉銈呯湷鐎癸拷 娑撴矮瀵岀拠姘壈閸戣櫣顫�', '5400', '56', '2', '12', '20', '0', '2012', '1', '2017-09-06 23:39:50', '2017-09-11 00:34:21', 'bj', 'hdq', 'FtNl9uPM6p5PjEs8z2FnOuViNtOM', '2', '-1', '1', '閾诲秵杈伴崲澶婃疮', '2', '0', '姒瑥鐓欑憲澶哥癌鐠猴拷'), ('21', '閺傛澘鎮嶉崶锟� 濮濓綀顫夋稉澶婄湷鐎癸拷 缁崘顥婃穱锟� 鐎瑰墎鏁哥�硅泛鍙挎鎰弿', '1900', '18', '1', '13', '25', '0', '2012', '1', '2017-09-07 00:52:47', '2017-09-11 00:34:13', 'bj', 'hdq', 'Fn9sHC3Wx7qpYCmSxt-z8FZluf0Z', '3', '1302', '0', '閾诲秵杈伴崲澶婃疮', '2', '0', '姒瑥鐓欑憲澶哥癌鐠猴拷'), ('24', '濠�鏍у帨婢圭懓褰块張娑楀惈閸楀骸绨�183-387閵曪繝妲橀弲顖氥亣鐎癸拷', '50000', '288', '5', '1', '1', '0', '2015', '1', '2017-09-07 11:42:20', '2017-09-18 20:14:14', 'bj', 'hdq', 'FvVqU8LneZZ5xaLBAOM1KXR2Pz1X', '5', '200', '3', '閾诲秵杈伴崲澶婃疮', '2', '0', '姒瑥鐓欑憲澶哥癌鐠猴拷'); nested exception is org.h2.jdbc.JdbcSQLException: Value too long for column "TITLE VARCHAR(32) NOT NULL": "STRINGDECODE('\u7035\u5c7d\u59cf\u9369\ufffd \u9365\u501f\u9524CBD \u93c3\u8dfa\u76bb\u6d7c\u6226\u68fd \u935f\u55d7\u59df\u9354... (33)"; SQL statement:
INSERT INTO `house`(`id`, `title`, `price`, `area`, `room`, `floor`, `total_floor`, `watch_times`, `build_year`, `status`, `create_time`, `last_update_time`, `city_en_name`, `region_en_name`, `cover`, `direction`, `distance_to_subway`, `parlour`, `district`, `admin_id`, `bathroom`, `street`) VALUES ('15', '鐎靛苯濮忛崺锟� 閸ュ�熼敜CBD 閺冭泛鐨绘导鎴︽＝ 閸熷棗濮熼崝鐐插彆 鐡掑懏顥楅悺锕�濮�', '6200', '70', '2', '10', '20', '2', '2005', '1', '2017-09-06 18:56:14', '2017-09-15 00:26:59', 'bj', 'hdq', 'FmD3zKG-gUPOrNv0HwzZN7IbkAC_', '2', '10', '1', '閾诲秵杈伴崲澶婃疮', '2', '0', '姒瑥鐓欑憲澶哥癌鐠猴拷'), ('16', '鐎靛苯濮忛崺锟� 閸ュ�熼敜CBD 閺冭泛鐨绘导鎴︽＝ 閸熷棗濮熼崝鐐插彆', '6300', '70', '2', '10', '20', '0', '2012', '1', '2017-09-06 19:53:35', '2017-09-11 00:35:13', 'bj', 'hdq', 'FmD3zKG-gUPOrNv0HwzZN7IbkAC_', '1', '-1', '1', '閾诲秵杈伴崲澶婃疮', '2', '0', '姒瑥鐓欑憲澶哥癌鐠猴拷'), ('17', '娴滃瞼骞嗘稉婊呮纯闂傘劌婀撮柧浣虹彲闂勫嫯绻庨妴浣哄竾鎼存粈绨抽妴浣搞亯鐎瑰妫妴浣告禇鐠愭悶锟戒椒绗侀柌灞芥偛閵嗕礁宕￠柨锝夌处瀹革拷', '3000', '35', '1', '5', '10', '0', '2013', '1', '2017-09-06 20:45:35', '2017-09-11 00:35:05', 'bj', 'hdq', 'FhVdDhzVDH1dLVVx4jOaVXOCfnea', '1', '200', '0', '閾诲秵杈伴崲澶婃疮', '2', '0', '姒瑥鐓欑憲澶哥癌鐠猴拷'), ('18', '閸楀氦閿ら崺锟� 娑撴粌鎮滄稉锟界仦鍛缁岀皞oft 楠炴彃鍣ｅ〒鈺呂� 闂呭繑妞傞崣顖欎簰缁涘墽瀹�', '5700', '52', '1', '7', '20', '0', '2012', '1', '2017-09-06 21:01:02', '2017-09-11 00:35:01', 'bj', 'hdq', 'FsxiS6rOTpSg5pK7tv41e8Zpnn_c', '2', '1085', '1', '閾诲秵杈伴崲澶婃疮', '2', '0', '姒瑥鐓欑憲澶哥癌鐠猴拷'), ('19', '閺堟稒妲崶顓熸緲濡ら棿绗佺仦鍛吇 閼奉亙缍囩划鎹愵棅 閸楁瀵抽柅姘讹拷锟� 闁插洤鍘滄總鍊燁潒闁插孩顥楅敍锟�', '9200', '132', '3', '6', '14', '0', '2005', '1', '2017-09-06 22:44:25', '2017-09-11 00:34:55', 'bj', 'hdq', 'Fl1lNikhmMIecbTn-JTsurxugtFU', '2', '1108', '2', '閾诲秵杈伴崲澶婃疮', '2', '0', '姒瑥鐓欑憲澶哥癌鐠猴拷'), ('20', '妤傛ê銇囨稉濠勬畱閺佸顫ゆ稉銈呯湷鐎癸拷 娑撴矮瀵岀拠姘壈閸戣櫣顫�', '5400', '56', '2', '12', '20', '0', '2012', '1', '2017-09-06 23:39:50', '2017-09-11 00:34:21', 'bj', 'hdq', 'FtNl9uPM6p5PjEs8z2FnOuViNtOM', '2', '-1', '1', '閾诲秵杈伴崲澶婃疮', '2', '0', '姒瑥鐓欑憲澶哥癌鐠猴拷'), ('21', '閺傛澘鎮嶉崶锟� 濮濓綀顫夋稉澶婄湷鐎癸拷 缁崘顥婃穱锟� 鐎瑰墎鏁哥�硅泛鍙挎鎰弿', '1900', '18', '1', '13', '25', '0', '2012', '1', '2017-09-07 00:52:47', '2017-09-11 00:34:13', 'bj', 'hdq', 'Fn9sHC3Wx7qpYCmSxt-z8FZluf0Z', '3', '1302', '0', '閾诲秵杈伴崲澶婃疮', '2', '0', '姒瑥鐓欑憲澶哥癌鐠猴拷'), ('24', '濠�鏍у帨婢圭懓褰块張娑楀惈閸楀骸绨�183-387閵曪繝妲橀弲顖氥亣鐎癸拷', '50000', '288', '5', '1', '1', '0', '2015', '1', '2017-09-07 11:42:20', '2017-09-18 20:14:14', 'bj', 'hdq', 'FvVqU8LneZZ5xaLBAOM1KXR2Pz1X', '5', '200', '3', '閾诲秵杈伴崲澶婃疮', '2', '0', '姒瑥鐓欑憲澶哥癌鐠猴拷') [22001-196]
	at org.springframework.beans.factory.annotation.InitDestroyAnnotationBeanPostProcessor.postProcessBeforeInitialization(InitDestroyAnnotationBeanPostProcessor.java:137) ~[spring-beans-4.3.11.RELEASE.jar:4.3.11.RELEASE]
	at org.springframework.beans.factory.support.AbstractAutowireCapableBeanFactory.applyBeanPostProcessorsBeforeInitialization(AbstractAutowireCapableBeanFactory.java:409) ~[spring-beans-4.3.11.RELEASE.jar:4.3.11.RELEASE]
	at org.springframework.beans.factory.support.AbstractAutowireCapableBeanFactory.initializeBean(AbstractAutowireCapableBeanFactory.java:1620) ~[spring-beans-4.3.11.RELEASE.jar:4.3.11.RELEASE]
	at org.springframework.beans.factory.support.AbstractAutowireCapableBeanFactory.doCreateBean(AbstractAutowireCapableBeanFactory.java:555) ~[spring-beans-4.3.11.RELEASE.jar:4.3.11.RELEASE]
	at org.springframework.beans.factory.support.AbstractAutowireCapableBeanFactory.createBean(AbstractAutowireCapableBeanFactory.java:483) ~[spring-beans-4.3.11.RELEASE.jar:4.3.11.RELEASE]
	at org.springframework.beans.factory.support.AbstractBeanFactory$1.getObject(AbstractBeanFactory.java:306) ~[spring-beans-4.3.11.RELEASE.jar:4.3.11.RELEASE]
	at org.springframework.beans.factory.support.DefaultSingletonBeanRegistry.getSingleton(DefaultSingletonBeanRegistry.java:230) ~[spring-beans-4.3.11.RELEASE.jar:4.3.11.RELEASE]
	at org.springframework.beans.factory.support.AbstractBeanFactory.doGetBean(AbstractBeanFactory.java:302) ~[spring-beans-4.3.11.RELEASE.jar:4.3.11.RELEASE]
	at org.springframework.beans.factory.support.AbstractBeanFactory.getBean(AbstractBeanFactory.java:220) ~[spring-beans-4.3.11.RELEASE.jar:4.3.11.RELEASE]
	at org.springframework.beans.factory.support.DefaultListableBeanFactory.resolveNamedBean(DefaultListableBeanFactory.java:1018) ~[spring-beans-4.3.11.RELEASE.jar:4.3.11.RELEASE]
	at org.springframework.beans.factory.support.DefaultListableBeanFactory.getBean(DefaultListableBeanFactory.java:345) ~[spring-beans-4.3.11.RELEASE.jar:4.3.11.RELEASE]
	at org.springframework.beans.factory.support.DefaultListableBeanFactory.getBean(DefaultListableBeanFactory.java:340) ~[spring-beans-4.3.11.RELEASE.jar:4.3.11.RELEASE]
	at org.springframework.boot.autoconfigure.jdbc.DataSourceInitializerPostProcessor.postProcessAfterInitialization(DataSourceInitializerPostProcessor.java:62) ~[spring-boot-autoconfigure-1.5.7.RELEASE.jar:1.5.7.RELEASE]
	at org.springframework.beans.factory.support.AbstractAutowireCapableBeanFactory.applyBeanPostProcessorsAfterInitialization(AbstractAutowireCapableBeanFactory.java:423) ~[spring-beans-4.3.11.RELEASE.jar:4.3.11.RELEASE]
	at org.springframework.beans.factory.support.AbstractAutowireCapableBeanFactory.initializeBean(AbstractAutowireCapableBeanFactory.java:1633) ~[spring-beans-4.3.11.RELEASE.jar:4.3.11.RELEASE]
	at org.springframework.beans.factory.support.AbstractAutowireCapableBeanFactory.doCreateBean(AbstractAutowireCapableBeanFactory.java:555) ~[spring-beans-4.3.11.RELEASE.jar:4.3.11.RELEASE]
	... 63 common frames omitted
Caused by: org.springframework.jdbc.datasource.init.ScriptStatementFailedException: Failed to execute SQL script statement #7 of class path resource [db/data.sql]: INSERT INTO `house`(`id`, `title`, `price`, `area`, `room`, `floor`, `total_floor`, `watch_times`, `build_year`, `status`, `create_time`, `last_update_time`, `city_en_name`, `region_en_name`, `cover`, `direction`, `distance_to_subway`, `parlour`, `district`, `admin_id`, `bathroom`, `street`) VALUES ('15', '鐎靛苯濮忛崺锟� 閸ュ�熼敜CBD 閺冭泛鐨绘导鎴︽＝ 閸熷棗濮熼崝鐐插彆 鐡掑懏顥楅悺锕�濮�', '6200', '70', '2', '10', '20', '2', '2005', '1', '2017-09-06 18:56:14', '2017-09-15 00:26:59', 'bj', 'hdq', 'FmD3zKG-gUPOrNv0HwzZN7IbkAC_', '2', '10', '1', '閾诲秵杈伴崲澶婃疮', '2', '0', '姒瑥鐓欑憲澶哥癌鐠猴拷'), ('16', '鐎靛苯濮忛崺锟� 閸ュ�熼敜CBD 閺冭泛鐨绘导鎴︽＝ 閸熷棗濮熼崝鐐插彆', '6300', '70', '2', '10', '20', '0', '2012', '1', '2017-09-06 19:53:35', '2017-09-11 00:35:13', 'bj', 'hdq', 'FmD3zKG-gUPOrNv0HwzZN7IbkAC_', '1', '-1', '1', '閾诲秵杈伴崲澶婃疮', '2', '0', '姒瑥鐓欑憲澶哥癌鐠猴拷'), ('17', '娴滃瞼骞嗘稉婊呮纯闂傘劌婀撮柧浣虹彲闂勫嫯绻庨妴浣哄竾鎼存粈绨抽妴浣搞亯鐎瑰妫妴浣告禇鐠愭悶锟戒椒绗侀柌灞芥偛閵嗕礁宕￠柨锝夌处瀹革拷', '3000', '35', '1', '5', '10', '0', '2013', '1', '2017-09-06 20:45:35', '2017-09-11 00:35:05', 'bj', 'hdq', 'FhVdDhzVDH1dLVVx4jOaVXOCfnea', '1', '200', '0', '閾诲秵杈伴崲澶婃疮', '2', '0', '姒瑥鐓欑憲澶哥癌鐠猴拷'), ('18', '閸楀氦閿ら崺锟� 娑撴粌鎮滄稉锟界仦鍛缁岀皞oft 楠炴彃鍣ｅ〒鈺呂� 闂呭繑妞傞崣顖欎簰缁涘墽瀹�', '5700', '52', '1', '7', '20', '0', '2012', '1', '2017-09-06 21:01:02', '2017-09-11 00:35:01', 'bj', 'hdq', 'FsxiS6rOTpSg5pK7tv41e8Zpnn_c', '2', '1085', '1', '閾诲秵杈伴崲澶婃疮', '2', '0', '姒瑥鐓欑憲澶哥癌鐠猴拷'), ('19', '閺堟稒妲崶顓熸緲濡ら棿绗佺仦鍛吇 閼奉亙缍囩划鎹愵棅 閸楁瀵抽柅姘讹拷锟� 闁插洤鍘滄總鍊燁潒闁插孩顥楅敍锟�', '9200', '132', '3', '6', '14', '0', '2005', '1', '2017-09-06 22:44:25', '2017-09-11 00:34:55', 'bj', 'hdq', 'Fl1lNikhmMIecbTn-JTsurxugtFU', '2', '1108', '2', '閾诲秵杈伴崲澶婃疮', '2', '0', '姒瑥鐓欑憲澶哥癌鐠猴拷'), ('20', '妤傛ê銇囨稉濠勬畱閺佸顫ゆ稉銈呯湷鐎癸拷 娑撴矮瀵岀拠姘壈閸戣櫣顫�', '5400', '56', '2', '12', '20', '0', '2012', '1', '2017-09-06 23:39:50', '2017-09-11 00:34:21', 'bj', 'hdq', 'FtNl9uPM6p5PjEs8z2FnOuViNtOM', '2', '-1', '1', '閾诲秵杈伴崲澶婃疮', '2', '0', '姒瑥鐓欑憲澶哥癌鐠猴拷'), ('21', '閺傛澘鎮嶉崶锟� 濮濓綀顫夋稉澶婄湷鐎癸拷 缁崘顥婃穱锟� 鐎瑰墎鏁哥�硅泛鍙挎鎰弿', '1900', '18', '1', '13', '25', '0', '2012', '1', '2017-09-07 00:52:47', '2017-09-11 00:34:13', 'bj', 'hdq', 'Fn9sHC3Wx7qpYCmSxt-z8FZluf0Z', '3', '1302', '0', '閾诲秵杈伴崲澶婃疮', '2', '0', '姒瑥鐓欑憲澶哥癌鐠猴拷'), ('24', '濠�鏍у帨婢圭懓褰块張娑楀惈閸楀骸绨�183-387閵曪繝妲橀弲顖氥亣鐎癸拷', '50000', '288', '5', '1', '1', '0', '2015', '1', '2017-09-07 11:42:20', '2017-09-18 20:14:14', 'bj', 'hdq', 'FvVqU8LneZZ5xaLBAOM1KXR2Pz1X', '5', '200', '3', '閾诲秵杈伴崲澶婃疮', '2', '0', '姒瑥鐓欑憲澶哥癌鐠猴拷'); nested exception is org.h2.jdbc.JdbcSQLException: Value too long for column "TITLE VARCHAR(32) NOT NULL": "STRINGDECODE('\u7035\u5c7d\u59cf\u9369\ufffd \u9365\u501f\u9524CBD \u93c3\u8dfa\u76bb\u6d7c\u6226\u68fd \u935f\u55d7\u59df\u9354... (33)"; SQL statement:
INSERT INTO `house`(`id`, `title`, `price`, `area`, `room`, `floor`, `total_floor`, `watch_times`, `build_year`, `status`, `create_time`, `last_update_time`, `city_en_name`, `region_en_name`, `cover`, `direction`, `distance_to_subway`, `parlour`, `district`, `admin_id`, `bathroom`, `street`) VALUES ('15', '鐎靛苯濮忛崺锟� 閸ュ�熼敜CBD 閺冭泛鐨绘导鎴︽＝ 閸熷棗濮熼崝鐐插彆 鐡掑懏顥楅悺锕�濮�', '6200', '70', '2', '10', '20', '2', '2005', '1', '2017-09-06 18:56:14', '2017-09-15 00:26:59', 'bj', 'hdq', 'FmD3zKG-gUPOrNv0HwzZN7IbkAC_', '2', '10', '1', '閾诲秵杈伴崲澶婃疮', '2', '0', '姒瑥鐓欑憲澶哥癌鐠猴拷'), ('16', '鐎靛苯濮忛崺锟� 閸ュ�熼敜CBD 閺冭泛鐨绘导鎴︽＝ 閸熷棗濮熼崝鐐插彆', '6300', '70', '2', '10', '20', '0', '2012', '1', '2017-09-06 19:53:35', '2017-09-11 00:35:13', 'bj', 'hdq', 'FmD3zKG-gUPOrNv0HwzZN7IbkAC_', '1', '-1', '1', '閾诲秵杈伴崲澶婃疮', '2', '0', '姒瑥鐓欑憲澶哥癌鐠猴拷'), ('17', '娴滃瞼骞嗘稉婊呮纯闂傘劌婀撮柧浣虹彲闂勫嫯绻庨妴浣哄竾鎼存粈绨抽妴浣搞亯鐎瑰妫妴浣告禇鐠愭悶锟戒椒绗侀柌灞芥偛閵嗕礁宕￠柨锝夌处瀹革拷', '3000', '35', '1', '5', '10', '0', '2013', '1', '2017-09-06 20:45:35', '2017-09-11 00:35:05', 'bj', 'hdq', 'FhVdDhzVDH1dLVVx4jOaVXOCfnea', '1', '200', '0', '閾诲秵杈伴崲澶婃疮', '2', '0', '姒瑥鐓欑憲澶哥癌鐠猴拷'), ('18', '閸楀氦閿ら崺锟� 娑撴粌鎮滄稉锟界仦鍛缁岀皞oft 楠炴彃鍣ｅ〒鈺呂� 闂呭繑妞傞崣顖欎簰缁涘墽瀹�', '5700', '52', '1', '7', '20', '0', '2012', '1', '2017-09-06 21:01:02', '2017-09-11 00:35:01', 'bj', 'hdq', 'FsxiS6rOTpSg5pK7tv41e8Zpnn_c', '2', '1085', '1', '閾诲秵杈伴崲澶婃疮', '2', '0', '姒瑥鐓欑憲澶哥癌鐠猴拷'), ('19', '閺堟稒妲崶顓熸緲濡ら棿绗佺仦鍛吇 閼奉亙缍囩划鎹愵棅 閸楁瀵抽柅姘讹拷锟� 闁插洤鍘滄總鍊燁潒闁插孩顥楅敍锟�', '9200', '132', '3', '6', '14', '0', '2005', '1', '2017-09-06 22:44:25', '2017-09-11 00:34:55', 'bj', 'hdq', 'Fl1lNikhmMIecbTn-JTsurxugtFU', '2', '1108', '2', '閾诲秵杈伴崲澶婃疮', '2', '0', '姒瑥鐓欑憲澶哥癌鐠猴拷'), ('20', '妤傛ê銇囨稉濠勬畱閺佸顫ゆ稉銈呯湷鐎癸拷 娑撴矮瀵岀拠姘壈閸戣櫣顫�', '5400', '56', '2', '12', '20', '0', '2012', '1', '2017-09-06 23:39:50', '2017-09-11 00:34:21', 'bj', 'hdq', 'FtNl9uPM6p5PjEs8z2FnOuViNtOM', '2', '-1', '1', '閾诲秵杈伴崲澶婃疮', '2', '0', '姒瑥鐓欑憲澶哥癌鐠猴拷'), ('21', '閺傛澘鎮嶉崶锟� 濮濓綀顫夋稉澶婄湷鐎癸拷 缁崘顥婃穱锟� 鐎瑰墎鏁哥�硅泛鍙挎鎰弿', '1900', '18', '1', '13', '25', '0', '2012', '1', '2017-09-07 00:52:47', '2017-09-11 00:34:13', 'bj', 'hdq', 'Fn9sHC3Wx7qpYCmSxt-z8FZluf0Z', '3', '1302', '0', '閾诲秵杈伴崲澶婃疮', '2', '0', '姒瑥鐓欑憲澶哥癌鐠猴拷'), ('24', '濠�鏍у帨婢圭懓褰块張娑楀惈閸楀骸绨�183-387閵曪繝妲橀弲顖氥亣鐎癸拷', '50000', '288', '5', '1', '1', '0', '2015', '1', '2017-09-07 11:42:20', '2017-09-18 20:14:14', 'bj', 'hdq', 'FvVqU8LneZZ5xaLBAOM1KXR2Pz1X', '5', '200', '3', '閾诲秵杈伴崲澶婃疮', '2', '0', '姒瑥鐓欑憲澶哥癌鐠猴拷') [22001-196]
	at org.springframework.jdbc.datasource.init.ScriptUtils.executeSqlScript(ScriptUtils.java:491) ~[spring-jdbc-4.3.11.RELEASE.jar:4.3.11.RELEASE]
	at org.springframework.jdbc.datasource.init.ResourceDatabasePopulator.populate(ResourceDatabasePopulator.java:238) ~[spring-jdbc-4.3.11.RELEASE.jar:4.3.11.RELEASE]
	at org.springframework.jdbc.datasource.init.DatabasePopulatorUtils.execute(DatabasePopulatorUtils.java:48) ~[spring-jdbc-4.3.11.RELEASE.jar:4.3.11.RELEASE]
	at org.springframework.boot.autoconfigure.jdbc.DataSourceInitializer.runScripts(DataSourceInitializer.java:192) ~[spring-boot-autoconfigure-1.5.7.RELEASE.jar:1.5.7.RELEASE]
	at org.springframework.boot.autoconfigure.jdbc.DataSourceInitializer.runDataScripts(DataSourceInitializer.java:128) ~[spring-boot-autoconfigure-1.5.7.RELEASE.jar:1.5.7.RELEASE]
	at org.springframework.boot.autoconfigure.jdbc.DataSourceInitializer.onApplicationEvent(DataSourceInitializer.java:118) ~[spring-boot-autoconfigure-1.5.7.RELEASE.jar:1.5.7.RELEASE]
	at org.springframework.boot.autoconfigure.jdbc.DataSourceInitializer.onApplicationEvent(DataSourceInitializer.java:51) ~[spring-boot-autoconfigure-1.5.7.RELEASE.jar:1.5.7.RELEASE]
	at org.springframework.context.event.SimpleApplicationEventMulticaster.doInvokeListener(SimpleApplicationEventMulticaster.java:172) ~[spring-context-4.3.11.RELEASE.jar:4.3.11.RELEASE]
	at org.springframework.context.event.SimpleApplicationEventMulticaster.invokeListener(SimpleApplicationEventMulticaster.java:165) ~[spring-context-4.3.11.RELEASE.jar:4.3.11.RELEASE]
	at org.springframework.context.event.SimpleApplicationEventMulticaster.multicastEvent(SimpleApplicationEventMulticaster.java:139) ~[spring-context-4.3.11.RELEASE.jar:4.3.11.RELEASE]
	at org.springframework.context.support.AbstractApplicationContext.publishEvent(AbstractApplicationContext.java:393) ~[spring-context-4.3.11.RELEASE.jar:4.3.11.RELEASE]
	at org.springframework.context.support.AbstractApplicationContext.publishEvent(AbstractApplicationContext.java:347) ~[spring-context-4.3.11.RELEASE.jar:4.3.11.RELEASE]
	at org.springframework.boot.autoconfigure.jdbc.DataSourceInitializer.runSchemaScripts(DataSourceInitializer.java:95) ~[spring-boot-autoconfigure-1.5.7.RELEASE.jar:1.5.7.RELEASE]
	at org.springframework.boot.autoconfigure.jdbc.DataSourceInitializer.init(DataSourceInitializer.java:83) ~[spring-boot-autoconfigure-1.5.7.RELEASE.jar:1.5.7.RELEASE]
	at sun.reflect.NativeMethodAccessorImpl.invoke0(Native Method) ~[na:1.8.0_31]
	at sun.reflect.NativeMethodAccessorImpl.invoke(NativeMethodAccessorImpl.java:62) ~[na:1.8.0_31]
	at sun.reflect.DelegatingMethodAccessorImpl.invoke(DelegatingMethodAccessorImpl.java:43) ~[na:1.8.0_31]
	at java.lang.reflect.Method.invoke(Method.java:483) ~[na:1.8.0_31]
	at org.springframework.beans.factory.annotation.InitDestroyAnnotationBeanPostProcessor$LifecycleElement.invoke(InitDestroyAnnotationBeanPostProcessor.java:366) ~[spring-beans-4.3.11.RELEASE.jar:4.3.11.RELEASE]
	at org.springframework.beans.factory.annotation.InitDestroyAnnotationBeanPostProcessor$LifecycleMetadata.invokeInitMethods(InitDestroyAnnotationBeanPostProcessor.java:311) ~[spring-beans-4.3.11.RELEASE.jar:4.3.11.RELEASE]
	at org.springframework.beans.factory.annotation.InitDestroyAnnotationBeanPostProcessor.postProcessBeforeInitialization(InitDestroyAnnotationBeanPostProcessor.java:134) ~[spring-beans-4.3.11.RELEASE.jar:4.3.11.RELEASE]
	... 78 common frames omitted
Caused by: org.h2.jdbc.JdbcSQLException: Value too long for column "TITLE VARCHAR(32) NOT NULL": "STRINGDECODE('\u7035\u5c7d\u59cf\u9369\ufffd \u9365\u501f\u9524CBD \u93c3\u8dfa\u76bb\u6d7c\u6226\u68fd \u935f\u55d7\u59df\u9354... (33)"; SQL statement:
INSERT INTO `house`(`id`, `title`, `price`, `area`, `room`, `floor`, `total_floor`, `watch_times`, `build_year`, `status`, `create_time`, `last_update_time`, `city_en_name`, `region_en_name`, `cover`, `direction`, `distance_to_subway`, `parlour`, `district`, `admin_id`, `bathroom`, `street`) VALUES ('15', '鐎靛苯濮忛崺锟� 閸ュ�熼敜CBD 閺冭泛鐨绘导鎴︽＝ 閸熷棗濮熼崝鐐插彆 鐡掑懏顥楅悺锕�濮�', '6200', '70', '2', '10', '20', '2', '2005', '1', '2017-09-06 18:56:14', '2017-09-15 00:26:59', 'bj', 'hdq', 'FmD3zKG-gUPOrNv0HwzZN7IbkAC_', '2', '10', '1', '閾诲秵杈伴崲澶婃疮', '2', '0', '姒瑥鐓欑憲澶哥癌鐠猴拷'), ('16', '鐎靛苯濮忛崺锟� 閸ュ�熼敜CBD 閺冭泛鐨绘导鎴︽＝ 閸熷棗濮熼崝鐐插彆', '6300', '70', '2', '10', '20', '0', '2012', '1', '2017-09-06 19:53:35', '2017-09-11 00:35:13', 'bj', 'hdq', 'FmD3zKG-gUPOrNv0HwzZN7IbkAC_', '1', '-1', '1', '閾诲秵杈伴崲澶婃疮', '2', '0', '姒瑥鐓欑憲澶哥癌鐠猴拷'), ('17', '娴滃瞼骞嗘稉婊呮纯闂傘劌婀撮柧浣虹彲闂勫嫯绻庨妴浣哄竾鎼存粈绨抽妴浣搞亯鐎瑰妫妴浣告禇鐠愭悶锟戒椒绗侀柌灞芥偛閵嗕礁宕￠柨锝夌处瀹革拷', '3000', '35', '1', '5', '10', '0', '2013', '1', '2017-09-06 20:45:35', '2017-09-11 00:35:05', 'bj', 'hdq', 'FhVdDhzVDH1dLVVx4jOaVXOCfnea', '1', '200', '0', '閾诲秵杈伴崲澶婃疮', '2', '0', '姒瑥鐓欑憲澶哥癌鐠猴拷'), ('18', '閸楀氦閿ら崺锟� 娑撴粌鎮滄稉锟界仦鍛缁岀皞oft 楠炴彃鍣ｅ〒鈺呂� 闂呭繑妞傞崣顖欎簰缁涘墽瀹�', '5700', '52', '1', '7', '20', '0', '2012', '1', '2017-09-06 21:01:02', '2017-09-11 00:35:01', 'bj', 'hdq', 'FsxiS6rOTpSg5pK7tv41e8Zpnn_c', '2', '1085', '1', '閾诲秵杈伴崲澶婃疮', '2', '0', '姒瑥鐓欑憲澶哥癌鐠猴拷'), ('19', '閺堟稒妲崶顓熸緲濡ら棿绗佺仦鍛吇 閼奉亙缍囩划鎹愵棅 閸楁瀵抽柅姘讹拷锟� 闁插洤鍘滄總鍊燁潒闁插孩顥楅敍锟�', '9200', '132', '3', '6', '14', '0', '2005', '1', '2017-09-06 22:44:25', '2017-09-11 00:34:55', 'bj', 'hdq', 'Fl1lNikhmMIecbTn-JTsurxugtFU', '2', '1108', '2', '閾诲秵杈伴崲澶婃疮', '2', '0', '姒瑥鐓欑憲澶哥癌鐠猴拷'), ('20', '妤傛ê銇囨稉濠勬畱閺佸顫ゆ稉銈呯湷鐎癸拷 娑撴矮瀵岀拠姘壈閸戣櫣顫�', '5400', '56', '2', '12', '20', '0', '2012', '1', '2017-09-06 23:39:50', '2017-09-11 00:34:21', 'bj', 'hdq', 'FtNl9uPM6p5PjEs8z2FnOuViNtOM', '2', '-1', '1', '閾诲秵杈伴崲澶婃疮', '2', '0', '姒瑥鐓欑憲澶哥癌鐠猴拷'), ('21', '閺傛澘鎮嶉崶锟� 濮濓綀顫夋稉澶婄湷鐎癸拷 缁崘顥婃穱锟� 鐎瑰墎鏁哥�硅泛鍙挎鎰弿', '1900', '18', '1', '13', '25', '0', '2012', '1', '2017-09-07 00:52:47', '2017-09-11 00:34:13', 'bj', 'hdq', 'Fn9sHC3Wx7qpYCmSxt-z8FZluf0Z', '3', '1302', '0', '閾诲秵杈伴崲澶婃疮', '2', '0', '姒瑥鐓欑憲澶哥癌鐠猴拷'), ('24', '濠�鏍у帨婢圭懓褰块張娑楀惈閸楀骸绨�183-387閵曪繝妲橀弲顖氥亣鐎癸拷', '50000', '288', '5', '1', '1', '0', '2015', '1', '2017-09-07 11:42:20', '2017-09-18 20:14:14', 'bj', 'hdq', 'FvVqU8LneZZ5xaLBAOM1KXR2Pz1X', '5', '200', '3', '閾诲秵杈伴崲澶婃疮', '2', '0', '姒瑥鐓欑憲澶哥癌鐠猴拷') [22001-196]
	at org.h2.message.DbException.getJdbcSQLException(DbException.java:345) ~[h2-1.4.196.jar:1.4.196]
	at org.h2.message.DbException.get(DbException.java:179) ~[h2-1.4.196.jar:1.4.196]
	at org.h2.table.Column.validateConvertUpdateSequence(Column.java:369) ~[h2-1.4.196.jar:1.4.196]
	at org.h2.table.Table.validateConvertUpdateSequence(Table.java:797) ~[h2-1.4.196.jar:1.4.196]
	at org.h2.command.dml.Insert.insertRows(Insert.java:151) ~[h2-1.4.196.jar:1.4.196]
	at org.h2.command.dml.Insert.update(Insert.java:114) ~[h2-1.4.196.jar:1.4.196]
	at org.h2.command.CommandContainer.update(CommandContainer.java:101) ~[h2-1.4.196.jar:1.4.196]
	at org.h2.command.Command.executeUpdate(Command.java:260) ~[h2-1.4.196.jar:1.4.196]
	at org.h2.jdbc.JdbcStatement.executeInternal(JdbcStatement.java:192) ~[h2-1.4.196.jar:1.4.196]
	at org.h2.jdbc.JdbcStatement.execute(JdbcStatement.java:164) ~[h2-1.4.196.jar:1.4.196]
	at sun.reflect.GeneratedMethodAccessor63.invoke(Unknown Source) ~[na:na]
	at sun.reflect.DelegatingMethodAccessorImpl.invoke(DelegatingMethodAccessorImpl.java:43) ~[na:1.8.0_31]
	at java.lang.reflect.Method.invoke(Method.java:483) ~[na:1.8.0_31]
	at org.apache.tomcat.jdbc.pool.StatementFacade$StatementProxy.invoke(StatementFacade.java:114) ~[tomcat-jdbc-8.5.20.jar:na]
	at com.sun.proxy.$Proxy90.execute(Unknown Source) ~[na:na]
	at org.springframework.jdbc.datasource.init.ScriptUtils.executeSqlScript(ScriptUtils.java:470) ~[spring-jdbc-4.3.11.RELEASE.jar:4.3.11.RELEASE]
	... 98 common frames omitted

]]></system-out>
  </testcase>
</testsuite>