<?xml version="1.0" encoding="UTF-8"?>
<testsuite name="com.imooc.service.house.QiNiuServiceTests" time="0.005" tests="3" errors="3" skipped="0" failures="0">
  <properties>
    <property name="java.runtime.name" value="Java(TM) SE Runtime Environment"/>
    <property name="sun.boot.library.path" value="C:\Program Files\Java\jdk1.8.0_31\jre\bin"/>
    <property name="java.vm.version" value="25.31-b07"/>
    <property name="java.vm.vendor" value="Oracle Corporation"/>
    <property name="maven.multiModuleProjectDirectory" value="C:\Users\Administrator\Desktop\learn\m2cn7s"/>
    <property name="java.vendor.url" value="http://java.oracle.com/"/>
    <property name="path.separator" value=";"/>
    <property name="guice.disable.misplaced.annotation.check" value="true"/>
    <property name="java.vm.name" value="Java HotSpot(TM) 64-Bit Server VM"/>
    <property name="file.encoding.pkg" value="sun.io"/>
    <property name="user.script" value=""/>
    <property name="user.country" value="CN"/>
    <property name="sun.java.launcher" value="SUN_STANDARD"/>
    <property name="sun.os.patch.level" value=""/>
    <property name="java.vm.specification.name" value="Java Virtual Machine Specification"/>
    <property name="user.dir" value="C:\Users\Administrator\Desktop\learn\m2cn7s"/>
    <property name="java.runtime.version" value="1.8.0_31-b13"/>
    <property name="java.awt.graphicsenv" value="sun.awt.Win32GraphicsEnvironment"/>
    <property name="java.endorsed.dirs" value="C:\Program Files\Java\jdk1.8.0_31\jre\lib\endorsed"/>
    <property name="os.arch" value="amd64"/>
    <property name="java.io.tmpdir" value="C:\Users\ADMINI~1\AppData\Local\Temp\"/>
    <property name="line.separator" value="&#10;"/>
    <property name="java.vm.specification.vendor" value="Oracle Corporation"/>
    <property name="user.variant" value=""/>
    <property name="os.name" value="Windows 8.1"/>
    <property name="classworlds.conf" value="C:\Users\Administrator\Desktop\learn\.metadata\.plugins\org.eclipse.m2e.launching\launches\m2conf7290055160537826380.tmp"/>
    <property name="sun.jnu.encoding" value="GBK"/>
    <property name="java.library.path" value="C:\Program Files\Java\jdk1.8.0_31\bin;C:\windows\Sun\Java\bin;C:\windows\system32;C:\windows;C:/Program Files/Java/jre1.8.0_31/bin/server;C:/Program Files/Java/jre1.8.0_31/bin;C:/Program Files/Java/jre1.8.0_31/lib/amd64;E:\Oracle\product\11.2.0\dbhome_1\bin;C:\ProgramData\Oracle\Java\javapath;G:\android\sdk\platform-tools;G:\android\sdk\tools;C:\Program Files\Java\jdk1.8.0_31\bin;C:\Program Files\Java\jre1.8.0_31\bin;C:\Program Files\Java\jdk1.8.0_31\jre\bin;C:\Program Files (x86)\GtkSharp\2.12\bin;C:\windows\system32;C:\windows;C:\windows\System32\Wbem;G:\android\sdk\platform-tools;G:\android\sdk\tools;C:\Program Files\Java\jdk1.8.0_31\bin;C:\Program Files\Java\jre1.8.0_31\bin;C:\Program Files\Java\jdk1.8.0_31\jre\bin;D:\apache-maven-3.3.9\bin;C:\Program Files\MySQL\MySQL Utilities 1.6\;C:\gradle-4.1\BIN;E:\Program Files\erl8.1\bin;C:\Program Files (x86)\scala\bin;C:\Program Files (x86)\scala\bin;C:\Program Files (x86)\scala\jre\bin;C:\Program Files\nodejs\;D:\Python27;D:\Python27\Scripts;C:\Users\Administrator\AppData\Local\Programs\Fiddler;C:\Program Files (x86)\SSH Communications Security\SSH Secure Shell;C:\Users\Administrator\AppData\Roaming\npm;E:\Program Files\Microsoft VS Code\bin;G:\eclipse-win64;;."/>
    <property name="java.specification.name" value="Java Platform API Specification"/>
    <property name="java.class.version" value="52.0"/>
    <property name="sun.management.compiler" value="HotSpot 64-Bit Tiered Compilers"/>
    <property name="os.version" value="6.3"/>
    <property name="user.home" value="C:\Users\Administrator"/>
    <property name="user.timezone" value="Asia/Shanghai"/>
    <property name="java.awt.printerjob" value="sun.awt.windows.WPrinterJob"/>
    <property name="java.specification.version" value="1.8"/>
    <property name="file.encoding" value="GBK"/>
    <property name="user.name" value="Administrator"/>
    <property name="java.class.path" value="/G:/eclipse-win64/plugins/org.eclipse.m2e.maven.runtime_1.7.0.20160603-1931/jars/plexus-classworlds-2.5.2.jar"/>
    <property name="java.vm.specification.version" value="1.8"/>
    <property name="sun.arch.data.model" value="64"/>
    <property name="java.home" value="C:\Program Files\Java\jdk1.8.0_31\jre"/>
    <property name="sun.java.command" value="org.codehaus.plexus.classworlds.launcher.Launcher -B install"/>
    <property name="java.specification.vendor" value="Oracle Corporation"/>
    <property name="user.language" value="zh"/>
    <property name="awt.toolkit" value="sun.awt.windows.WToolkit"/>
    <property name="java.vm.info" value="mixed mode"/>
    <property name="java.version" value="1.8.0_31"/>
    <property name="java.ext.dirs" value="C:\Program Files\Java\jdk1.8.0_31\jre\lib\ext;C:\windows\Sun\Java\lib\ext"/>
    <property name="sun.boot.class.path" value="C:\Program Files\Java\jdk1.8.0_31\jre\lib\resources.jar;C:\Program Files\Java\jdk1.8.0_31\jre\lib\rt.jar;C:\Program Files\Java\jdk1.8.0_31\jre\lib\sunrsasign.jar;C:\Program Files\Java\jdk1.8.0_31\jre\lib\jsse.jar;C:\Program Files\Java\jdk1.8.0_31\jre\lib\jce.jar;C:\Program Files\Java\jdk1.8.0_31\jre\lib\charsets.jar;C:\Program Files\Java\jdk1.8.0_31\jre\lib\jfr.jar;C:\Program Files\Java\jdk1.8.0_31\jre\classes"/>
    <property name="java.vendor" value="Oracle Corporation"/>
    <property name="maven.home" value="C:\Users\Administrator\Desktop\learn\m2cn7s\EMBEDDED"/>
    <property name="file.separator" value="\"/>
    <property name="java.vendor.url.bug" value="http://bugreport.sun.com/bugreport/"/>
    <property name="sun.cpu.endian" value="little"/>
    <property name="sun.io.unicode.encoding" value="UnicodeLittle"/>
    <property name="sun.desktop" value="windows"/>
    <property name="sun.cpu.isalist" value="amd64"/>
  </properties>
  <testcase name="testUploadFile" classname="com.imooc.service.house.QiNiuServiceTests" time="0.002">
    <error message="Failed to load ApplicationContext" type="java.lang.IllegalStateException"><![CDATA[java.lang.IllegalStateException: Failed to load ApplicationContext
	at org.springframework.test.context.cache.DefaultCacheAwareContextLoaderDelegate.loadContext(DefaultCacheAwareContextLoaderDelegate.java:124)
	at org.springframework.test.context.support.DefaultTestContext.getApplicationContext(DefaultTestContext.java:83)
	at org.springframework.test.context.web.ServletTestExecutionListener.setUpRequestContextIfNecessary(ServletTestExecutionListener.java:189)
	at org.springframework.test.context.web.ServletTestExecutionListener.prepareTestInstance(ServletTestExecutionListener.java:131)
	at org.springframework.test.context.TestContextManager.prepareTestInstance(TestContextManager.java:230)
	at org.springframework.test.context.junit4.SpringJUnit4ClassRunner.createTest(SpringJUnit4ClassRunner.java:228)
	at org.springframework.test.context.junit4.SpringJUnit4ClassRunner$1.runReflectiveCall(SpringJUnit4ClassRunner.java:287)
	at org.junit.internal.runners.model.ReflectiveCallable.run(ReflectiveCallable.java:12)
	at org.springframework.test.context.junit4.SpringJUnit4ClassRunner.methodBlock(SpringJUnit4ClassRunner.java:289)
	at org.springframework.test.context.junit4.SpringJUnit4ClassRunner.runChild(SpringJUnit4ClassRunner.java:247)
	at org.springframework.test.context.junit4.SpringJUnit4ClassRunner.runChild(SpringJUnit4ClassRunner.java:94)
	at org.junit.runners.ParentRunner$3.run(ParentRunner.java:290)
	at org.junit.runners.ParentRunner$1.schedule(ParentRunner.java:71)
	at org.junit.runners.ParentRunner.runChildren(ParentRunner.java:288)
	at org.junit.runners.ParentRunner.access$000(ParentRunner.java:58)
	at org.junit.runners.ParentRunner$2.evaluate(ParentRunner.java:268)
	at org.springframework.test.context.junit4.statements.RunBeforeTestClassCallbacks.evaluate(RunBeforeTestClassCallbacks.java:61)
	at org.springframework.test.context.junit4.statements.RunAfterTestClassCallbacks.evaluate(RunAfterTestClassCallbacks.java:70)
	at org.junit.runners.ParentRunner.run(ParentRunner.java:363)
	at org.springframework.test.context.junit4.SpringJUnit4ClassRunner.run(SpringJUnit4ClassRunner.java:191)
	at org.apache.maven.surefire.junit4.JUnit4Provider.execute(JUnit4Provider.java:283)
	at org.apache.maven.surefire.junit4.JUnit4Provider.executeWithRerun(JUnit4Provider.java:173)
	at org.apache.maven.surefire.junit4.JUnit4Provider.executeTestSet(JUnit4Provider.java:153)
	at org.apache.maven.surefire.junit4.JUnit4Provider.invoke(JUnit4Provider.java:128)
	at org.apache.maven.surefire.booter.ForkedBooter.invokeProviderInSameClassLoader(ForkedBooter.java:203)
	at org.apache.maven.surefire.booter.ForkedBooter.runSuitesInProcess(ForkedBooter.java:155)
	at org.apache.maven.surefire.booter.ForkedBooter.main(ForkedBooter.java:103)
Caused by: org.springframework.beans.factory.BeanCreationException: Error creating bean with name 'entityManagerFactory' defined in class path resource [com/imooc/config/JPAConfig.class]: Bean instantiation via factory method failed; nested exception is org.springframework.beans.BeanInstantiationException: Failed to instantiate [org.springframework.orm.jpa.LocalContainerEntityManagerFactoryBean]: Factory method 'entityManagerFactory' threw exception; nested exception is org.springframework.beans.factory.BeanCreationException: Error creating bean with name 'dataSource' defined in class path resource [com/imooc/config/JPAConfig.class]: Initialization of bean failed; nested exception is org.springframework.beans.factory.BeanCreationException: Error creating bean with name 'dataSourceInitializer': Invocation of init method failed; nested exception is org.springframework.jdbc.datasource.init.ScriptStatementFailedException: Failed to execute SQL script statement #7 of class path resource [db/data.sql]: INSERT INTO `house`(`id`, `title`, `price`, `area`, `room`, `floor`, `total_floor`, `watch_times`, `build_year`, `status`, `create_time`, `last_update_time`, `city_en_name`, `region_en_name`, `cover`, `direction`, `distance_to_subway`, `parlour`, `district`, `admin_id`, `bathroom`, `street`) VALUES ('15', '瀵屽姏鍩� 鍥借锤CBD 鏃跺皻浼戦棽 鍟嗗姟鍔炲叕 瓒呮鐡﹀姏', '6200', '70', '2', '10', '20', '2', '2005', '1', '2017-09-06 18:56:14', '2017-09-15 00:26:59', 'bj', 'hdq', 'FmD3zKG-gUPOrNv0HwzZN7IbkAC_', '2', '10', '1', '铻嶆辰鍢夊洯', '2', '0', '榫欏煙瑗夸簩璺�'), ('16', '瀵屽姏鍩� 鍥借锤CBD 鏃跺皻浼戦棽 鍟嗗姟鍔炲叕', '6300', '70', '2', '10', '20', '0', '2012', '1', '2017-09-06 19:53:35', '2017-09-11 00:35:13', 'bj', 'hdq', 'FmD3zKG-gUPOrNv0HwzZN7IbkAC_', '1', '-1', '1', '铻嶆辰鍢夊洯', '2', '0', '榫欏煙瑗夸簩璺�'), ('17', '浜岀幆涓滅洿闂ㄥ湴閾佺珯闄勮繎銆佺帇搴滀簳銆佸ぉ瀹夐棬銆佸浗璐搞�佷笁閲屽悲銆佸崡閿ｉ紦宸�', '3000', '35', '1', '5', '10', '0', '2013', '1', '2017-09-06 20:45:35', '2017-09-11 00:35:05', 'bj', 'hdq', 'FhVdDhzVDH1dLVVx4jOaVXOCfnea', '1', '200', '0', '铻嶆辰鍢夊洯', '2', '0', '榫欏煙瑗夸簩璺�'), ('18', '鍗庤锤鍩� 涓滃悜涓�灞呮寫绌簂oft 骞插噣娓╅Θ 闅忔椂鍙互绛剧害', '5700', '52', '1', '7', '20', '0', '2012', '1', '2017-09-06 21:01:02', '2017-09-11 00:35:01', 'bj', 'hdq', 'FsxiS6rOTpSg5pK7tv41e8Zpnn_c', '2', '1085', '1', '铻嶆辰鍢夊洯', '2', '0', '榫欏煙瑗夸簩璺�'), ('19', '鏈涙槬鍥澘妤间笁灞呭 鑷綇绮捐 鍗楀寳閫氶�� 閲囧厜濂借閲庢锛�', '9200', '132', '3', '6', '14', '0', '2005', '1', '2017-09-06 22:44:25', '2017-09-11 00:34:55', 'bj', 'hdq', 'Fl1lNikhmMIecbTn-JTsurxugtFU', '2', '1108', '2', '铻嶆辰鍢夊洯', '2', '0', '榫欏煙瑗夸簩璺�'), ('20', '楂樺ぇ涓婄殑鏁寸涓ゅ眳瀹� 涓氫富璇氭剰鍑虹', '5400', '56', '2', '12', '20', '0', '2012', '1', '2017-09-06 23:39:50', '2017-09-11 00:34:21', 'bj', 'hdq', 'FtNl9uPM6p5PjEs8z2FnOuViNtOM', '2', '-1', '1', '铻嶆辰鍢夊洯', '2', '0', '榫欏煙瑗夸簩璺�'), ('21', '鏂板悍鍥� 姝ｈ涓夊眳瀹� 绮捐淇� 瀹剁數瀹跺叿榻愬叏', '1900', '18', '1', '13', '25', '0', '2012', '1', '2017-09-07 00:52:47', '2017-09-11 00:34:13', 'bj', 'hdq', 'Fn9sHC3Wx7qpYCmSxt-z8FZluf0Z', '3', '1302', '0', '铻嶆辰鍢夊洯', '2', '0', '榫欏煙瑗夸簩璺�'), ('24', '婀栧厜澹瑰彿鏈涗含鍗庡簻183-387銕￠様鏅ぇ瀹�', '50000', '288', '5', '1', '1', '0', '2015', '1', '2017-09-07 11:42:20', '2017-09-18 20:14:14', 'bj', 'hdq', 'FvVqU8LneZZ5xaLBAOM1KXR2Pz1X', '5', '200', '3', '铻嶆辰鍢夊洯', '2', '0', '榫欏煙瑗夸簩璺�'); nested exception is org.h2.jdbc.JdbcSQLException: Value too long for column "TITLE VARCHAR(32) NOT NULL": "STRINGDECODE('\u7035\u5c7d\u59cf\u9369\ufffd \u9365\u501f\u9524CBD \u93c3\u8dfa\u76bb\u6d7c\u6226\u68fd \u935f\u55d7\u59df\u9354... (33)"; SQL statement:
INSERT INTO `house`(`id`, `title`, `price`, `area`, `room`, `floor`, `total_floor`, `watch_times`, `build_year`, `status`, `create_time`, `last_update_time`, `city_en_name`, `region_en_name`, `cover`, `direction`, `distance_to_subway`, `parlour`, `district`, `admin_id`, `bathroom`, `street`) VALUES ('15', '瀵屽姏鍩� 鍥借锤CBD 鏃跺皻浼戦棽 鍟嗗姟鍔炲叕 瓒呮鐡﹀姏', '6200', '70', '2', '10', '20', '2', '2005', '1', '2017-09-06 18:56:14', '2017-09-15 00:26:59', 'bj', 'hdq', 'FmD3zKG-gUPOrNv0HwzZN7IbkAC_', '2', '10', '1', '铻嶆辰鍢夊洯', '2', '0', '榫欏煙瑗夸簩璺�'), ('16', '瀵屽姏鍩� 鍥借锤CBD 鏃跺皻浼戦棽 鍟嗗姟鍔炲叕', '6300', '70', '2', '10', '20', '0', '2012', '1', '2017-09-06 19:53:35', '2017-09-11 00:35:13', 'bj', 'hdq', 'FmD3zKG-gUPOrNv0HwzZN7IbkAC_', '1', '-1', '1', '铻嶆辰鍢夊洯', '2', '0', '榫欏煙瑗夸簩璺�'), ('17', '浜岀幆涓滅洿闂ㄥ湴閾佺珯闄勮繎銆佺帇搴滀簳銆佸ぉ瀹夐棬銆佸浗璐搞�佷笁閲屽悲銆佸崡閿ｉ紦宸�', '3000', '35', '1', '5', '10', '0', '2013', '1', '2017-09-06 20:45:35', '2017-09-11 00:35:05', 'bj', 'hdq', 'FhVdDhzVDH1dLVVx4jOaVXOCfnea', '1', '200', '0', '铻嶆辰鍢夊洯', '2', '0', '榫欏煙瑗夸簩璺�'), ('18', '鍗庤锤鍩� 涓滃悜涓�灞呮寫绌簂oft 骞插噣娓╅Θ 闅忔椂鍙互绛剧害', '5700', '52', '1', '7', '20', '0', '2012', '1', '2017-09-06 21:01:02', '2017-09-11 00:35:01', 'bj', 'hdq', 'FsxiS6rOTpSg5pK7tv41e8Zpnn_c', '2', '1085', '1', '铻嶆辰鍢夊洯', '2', '0', '榫欏煙瑗夸簩璺�'), ('19', '鏈涙槬鍥澘妤间笁灞呭 鑷綇绮捐 鍗楀寳閫氶�� 閲囧厜濂借閲庢锛�', '9200', '132', '3', '6', '14', '0', '2005', '1', '2017-09-06 22:44:25', '2017-09-11 00:34:55', 'bj', 'hdq', 'Fl1lNikhmMIecbTn-JTsurxugtFU', '2', '1108', '2', '铻嶆辰鍢夊洯', '2', '0', '榫欏煙瑗夸簩璺�'), ('20', '楂樺ぇ涓婄殑鏁寸涓ゅ眳瀹� 涓氫富璇氭剰鍑虹', '5400', '56', '2', '12', '20', '0', '2012', '1', '2017-09-06 23:39:50', '2017-09-11 00:34:21', 'bj', 'hdq', 'FtNl9uPM6p5PjEs8z2FnOuViNtOM', '2', '-1', '1', '铻嶆辰鍢夊洯', '2', '0', '榫欏煙瑗夸簩璺�'), ('21', '鏂板悍鍥� 姝ｈ涓夊眳瀹� 绮捐淇� 瀹剁數瀹跺叿榻愬叏', '1900', '18', '1', '13', '25', '0', '2012', '1', '2017-09-07 00:52:47', '2017-09-11 00:34:13', 'bj', 'hdq', 'Fn9sHC3Wx7qpYCmSxt-z8FZluf0Z', '3', '1302', '0', '铻嶆辰鍢夊洯', '2', '0', '榫欏煙瑗夸簩璺�'), ('24', '婀栧厜澹瑰彿鏈涗含鍗庡簻183-387銕￠様鏅ぇ瀹�', '50000', '288', '5', '1', '1', '0', '2015', '1', '2017-09-07 11:42:20', '2017-09-18 20:14:14', 'bj', 'hdq', 'FvVqU8LneZZ5xaLBAOM1KXR2Pz1X', '5', '200', '3', '铻嶆辰鍢夊洯', '2', '0', '榫欏煙瑗夸簩璺�') [22001-196]
	at org.springframework.beans.factory.support.ConstructorResolver.instantiateUsingFactoryMethod(ConstructorResolver.java:599)
	at org.springframework.beans.factory.support.AbstractAutowireCapableBeanFactory.instantiateUsingFactoryMethod(AbstractAutowireCapableBeanFactory.java:1173)
	at org.springframework.beans.factory.support.AbstractAutowireCapableBeanFactory.createBeanInstance(AbstractAutowireCapableBeanFactory.java:1067)
	at org.springframework.beans.factory.support.AbstractAutowireCapableBeanFactory.doCreateBean(AbstractAutowireCapableBeanFactory.java:513)
	at org.springframework.beans.factory.support.AbstractAutowireCapableBeanFactory.createBean(AbstractAutowireCapableBeanFactory.java:483)
	at org.springframework.beans.factory.support.AbstractBeanFactory$1.getObject(AbstractBeanFactory.java:306)
	at org.springframework.beans.factory.support.DefaultSingletonBeanRegistry.getSingleton(DefaultSingletonBeanRegistry.java:230)
	at org.springframework.beans.factory.support.AbstractBeanFactory.doGetBean(AbstractBeanFactory.java:302)
	at org.springframework.beans.factory.support.AbstractBeanFactory.getBean(AbstractBeanFactory.java:197)
	at org.springframework.context.support.AbstractApplicationContext.getBean(AbstractApplicationContext.java:1078)
	at org.springframework.context.support.AbstractApplicationContext.finishBeanFactoryInitialization(AbstractApplicationContext.java:857)
	at org.springframework.context.support.AbstractApplicationContext.refresh(AbstractApplicationContext.java:543)
	at org.springframework.boot.SpringApplication.refresh(SpringApplication.java:693)
	at org.springframework.boot.SpringApplication.refreshContext(SpringApplication.java:360)
	at org.springframework.boot.SpringApplication.run(SpringApplication.java:303)
	at org.springframework.boot.test.context.SpringBootContextLoader.loadContext(SpringBootContextLoader.java:120)
	at org.springframework.test.context.cache.DefaultCacheAwareContextLoaderDelegate.loadContextInternal(DefaultCacheAwareContextLoaderDelegate.java:98)
	at org.springframework.test.context.cache.DefaultCacheAwareContextLoaderDelegate.loadContext(DefaultCacheAwareContextLoaderDelegate.java:116)
	at org.springframework.test.context.support.DefaultTestContext.getApplicationContext(DefaultTestContext.java:83)
	at org.springframework.test.context.web.ServletTestExecutionListener.setUpRequestContextIfNecessary(ServletTestExecutionListener.java:189)
	at org.springframework.test.context.web.ServletTestExecutionListener.prepareTestInstance(ServletTestExecutionListener.java:131)
	at org.springframework.test.context.TestContextManager.prepareTestInstance(TestContextManager.java:230)
	at org.springframework.test.context.junit4.SpringJUnit4ClassRunner.createTest(SpringJUnit4ClassRunner.java:228)
	at org.springframework.test.context.junit4.SpringJUnit4ClassRunner$1.runReflectiveCall(SpringJUnit4ClassRunner.java:287)
	at org.junit.internal.runners.model.ReflectiveCallable.run(ReflectiveCallable.java:12)
	at org.springframework.test.context.junit4.SpringJUnit4ClassRunner.methodBlock(SpringJUnit4ClassRunner.java:289)
	at org.springframework.test.context.junit4.SpringJUnit4ClassRunner.runChild(SpringJUnit4ClassRunner.java:247)
	at org.springframework.test.context.junit4.SpringJUnit4ClassRunner.runChild(SpringJUnit4ClassRunner.java:94)
	at org.junit.runners.ParentRunner$3.run(ParentRunner.java:290)
	at org.junit.runners.ParentRunner$1.schedule(ParentRunner.java:71)
	at org.junit.runners.ParentRunner.runChildren(ParentRunner.java:288)
	at org.junit.runners.ParentRunner.access$000(ParentRunner.java:58)
	at org.junit.runners.ParentRunner$2.evaluate(ParentRunner.java:268)
	at org.springframework.test.context.junit4.statements.RunBeforeTestClassCallbacks.evaluate(RunBeforeTestClassCallbacks.java:61)
	at org.springframework.test.context.junit4.statements.RunAfterTestClassCallbacks.evaluate(RunAfterTestClassCallbacks.java:70)
	at org.junit.runners.ParentRunner.run(ParentRunner.java:363)
	at org.springframework.test.context.junit4.SpringJUnit4ClassRunner.run(SpringJUnit4ClassRunner.java:191)
	at org.apache.maven.surefire.junit4.JUnit4Provider.execute(JUnit4Provider.java:283)
	at org.apache.maven.surefire.junit4.JUnit4Provider.executeWithRerun(JUnit4Provider.java:173)
	at org.apache.maven.surefire.junit4.JUnit4Provider.executeTestSet(JUnit4Provider.java:153)
	at org.apache.maven.surefire.junit4.JUnit4Provider.invoke(JUnit4Provider.java:128)
	at org.apache.maven.surefire.booter.ForkedBooter.invokeProviderInSameClassLoader(ForkedBooter.java:203)
	at org.apache.maven.surefire.booter.ForkedBooter.runSuitesInProcess(ForkedBooter.java:155)
	at org.apache.maven.surefire.booter.ForkedBooter.main(ForkedBooter.java:103)
Caused by: org.springframework.beans.BeanInstantiationException: Failed to instantiate [org.springframework.orm.jpa.LocalContainerEntityManagerFactoryBean]: Factory method 'entityManagerFactory' threw exception; nested exception is org.springframework.beans.factory.BeanCreationException: Error creating bean with name 'dataSource' defined in class path resource [com/imooc/config/JPAConfig.class]: Initialization of bean failed; nested exception is org.springframework.beans.factory.BeanCreationException: Error creating bean with name 'dataSourceInitializer': Invocation of init method failed; nested exception is org.springframework.jdbc.datasource.init.ScriptStatementFailedException: Failed to execute SQL script statement #7 of class path resource [db/data.sql]: INSERT INTO `house`(`id`, `title`, `price`, `area`, `room`, `floor`, `total_floor`, `watch_times`, `build_year`, `status`, `create_time`, `last_update_time`, `city_en_name`, `region_en_name`, `cover`, `direction`, `distance_to_subway`, `parlour`, `district`, `admin_id`, `bathroom`, `street`) VALUES ('15', '瀵屽姏鍩� 鍥借锤CBD 鏃跺皻浼戦棽 鍟嗗姟鍔炲叕 瓒呮鐡﹀姏', '6200', '70', '2', '10', '20', '2', '2005', '1', '2017-09-06 18:56:14', '2017-09-15 00:26:59', 'bj', 'hdq', 'FmD3zKG-gUPOrNv0HwzZN7IbkAC_', '2', '10', '1', '铻嶆辰鍢夊洯', '2', '0', '榫欏煙瑗夸簩璺�'), ('16', '瀵屽姏鍩� 鍥借锤CBD 鏃跺皻浼戦棽 鍟嗗姟鍔炲叕', '6300', '70', '2', '10', '20', '0', '2012', '1', '2017-09-06 19:53:35', '2017-09-11 00:35:13', 'bj', 'hdq', 'FmD3zKG-gUPOrNv0HwzZN7IbkAC_', '1', '-1', '1', '铻嶆辰鍢夊洯', '2', '0', '榫欏煙瑗夸簩璺�'), ('17', '浜岀幆涓滅洿闂ㄥ湴閾佺珯闄勮繎銆佺帇搴滀簳銆佸ぉ瀹夐棬銆佸浗璐搞�佷笁閲屽悲銆佸崡閿ｉ紦宸�', '3000', '35', '1', '5', '10', '0', '2013', '1', '2017-09-06 20:45:35', '2017-09-11 00:35:05', 'bj', 'hdq', 'FhVdDhzVDH1dLVVx4jOaVXOCfnea', '1', '200', '0', '铻嶆辰鍢夊洯', '2', '0', '榫欏煙瑗夸簩璺�'), ('18', '鍗庤锤鍩� 涓滃悜涓�灞呮寫绌簂oft 骞插噣娓╅Θ 闅忔椂鍙互绛剧害', '5700', '52', '1', '7', '20', '0', '2012', '1', '2017-09-06 21:01:02', '2017-09-11 00:35:01', 'bj', 'hdq', 'FsxiS6rOTpSg5pK7tv41e8Zpnn_c', '2', '1085', '1', '铻嶆辰鍢夊洯', '2', '0', '榫欏煙瑗夸簩璺�'), ('19', '鏈涙槬鍥澘妤间笁灞呭 鑷綇绮捐 鍗楀寳閫氶�� 閲囧厜濂借閲庢锛�', '9200', '132', '3', '6', '14', '0', '2005', '1', '2017-09-06 22:44:25', '2017-09-11 00:34:55', 'bj', 'hdq', 'Fl1lNikhmMIecbTn-JTsurxugtFU', '2', '1108', '2', '铻嶆辰鍢夊洯', '2', '0', '榫欏煙瑗夸簩璺�'), ('20', '楂樺ぇ涓婄殑鏁寸涓ゅ眳瀹� 涓氫富璇氭剰鍑虹', '5400', '56', '2', '12', '20', '0', '2012', '1', '2017-09-06 23:39:50', '2017-09-11 00:34:21', 'bj', 'hdq', 'FtNl9uPM6p5PjEs8z2FnOuViNtOM', '2', '-1', '1', '铻嶆辰鍢夊洯', '2', '0', '榫欏煙瑗夸簩璺�'), ('21', '鏂板悍鍥� 姝ｈ涓夊眳瀹� 绮捐淇� 瀹剁數瀹跺叿榻愬叏', '1900', '18', '1', '13', '25', '0', '2012', '1', '2017-09-07 00:52:47', '2017-09-11 00:34:13', 'bj', 'hdq', 'Fn9sHC3Wx7qpYCmSxt-z8FZluf0Z', '3', '1302', '0', '铻嶆辰鍢夊洯', '2', '0', '榫欏煙瑗夸簩璺�'), ('24', '婀栧厜澹瑰彿鏈涗含鍗庡簻183-387銕￠様鏅ぇ瀹�', '50000', '288', '5', '1', '1', '0', '2015', '1', '2017-09-07 11:42:20', '2017-09-18 20:14:14', 'bj', 'hdq', 'FvVqU8LneZZ5xaLBAOM1KXR2Pz1X', '5', '200', '3', '铻嶆辰鍢夊洯', '2', '0', '榫欏煙瑗夸簩璺�'); nested exception is org.h2.jdbc.JdbcSQLException: Value too long for column "TITLE VARCHAR(32) NOT NULL": "STRINGDECODE('\u7035\u5c7d\u59cf\u9369\ufffd \u9365\u501f\u9524CBD \u93c3\u8dfa\u76bb\u6d7c\u6226\u68fd \u935f\u55d7\u59df\u9354... (33)"; SQL statement:
INSERT INTO `house`(`id`, `title`, `price`, `area`, `room`, `floor`, `total_floor`, `watch_times`, `build_year`, `status`, `create_time`, `last_update_time`, `city_en_name`, `region_en_name`, `cover`, `direction`, `distance_to_subway`, `parlour`, `district`, `admin_id`, `bathroom`, `street`) VALUES ('15', '瀵屽姏鍩� 鍥借锤CBD 鏃跺皻浼戦棽 鍟嗗姟鍔炲叕 瓒呮鐡﹀姏', '6200', '70', '2', '10', '20', '2', '2005', '1', '2017-09-06 18:56:14', '2017-09-15 00:26:59', 'bj', 'hdq', 'FmD3zKG-gUPOrNv0HwzZN7IbkAC_', '2', '10', '1', '铻嶆辰鍢夊洯', '2', '0', '榫欏煙瑗夸簩璺�'), ('16', '瀵屽姏鍩� 鍥借锤CBD 鏃跺皻浼戦棽 鍟嗗姟鍔炲叕', '6300', '70', '2', '10', '20', '0', '2012', '1', '2017-09-06 19:53:35', '2017-09-11 00:35:13', 'bj', 'hdq', 'FmD3zKG-gUPOrNv0HwzZN7IbkAC_', '1', '-1', '1', '铻嶆辰鍢夊洯', '2', '0', '榫欏煙瑗夸簩璺�'), ('17', '浜岀幆涓滅洿闂ㄥ湴閾佺珯闄勮繎銆佺帇搴滀簳銆佸ぉ瀹夐棬銆佸浗璐搞�佷笁閲屽悲銆佸崡閿ｉ紦宸�', '3000', '35', '1', '5', '10', '0', '2013', '1', '2017-09-06 20:45:35', '2017-09-11 00:35:05', 'bj', 'hdq', 'FhVdDhzVDH1dLVVx4jOaVXOCfnea', '1', '200', '0', '铻嶆辰鍢夊洯', '2', '0', '榫欏煙瑗夸簩璺�'), ('18', '鍗庤锤鍩� 涓滃悜涓�灞呮寫绌簂oft 骞插噣娓╅Θ 闅忔椂鍙互绛剧害', '5700', '52', '1', '7', '20', '0', '2012', '1', '2017-09-06 21:01:02', '2017-09-11 00:35:01', 'bj', 'hdq', 'FsxiS6rOTpSg5pK7tv41e8Zpnn_c', '2', '1085', '1', '铻嶆辰鍢夊洯', '2', '0', '榫欏煙瑗夸簩璺�'), ('19', '鏈涙槬鍥澘妤间笁灞呭 鑷綇绮捐 鍗楀寳閫氶�� 閲囧厜濂借閲庢锛�', '9200', '132', '3', '6', '14', '0', '2005', '1', '2017-09-06 22:44:25', '2017-09-11 00:34:55', 'bj', 'hdq', 'Fl1lNikhmMIecbTn-JTsurxugtFU', '2', '1108', '2', '铻嶆辰鍢夊洯', '2', '0', '榫欏煙瑗夸簩璺�'), ('20', '楂樺ぇ涓婄殑鏁寸涓ゅ眳瀹� 涓氫富璇氭剰鍑虹', '5400', '56', '2', '12', '20', '0', '2012', '1', '2017-09-06 23:39:50', '2017-09-11 00:34:21', 'bj', 'hdq', 'FtNl9uPM6p5PjEs8z2FnOuViNtOM', '2', '-1', '1', '铻嶆辰鍢夊洯', '2', '0', '榫欏煙瑗夸簩璺�'), ('21', '鏂板悍鍥� 姝ｈ涓夊眳瀹� 绮捐淇� 瀹剁數瀹跺叿榻愬叏', '1900', '18', '1', '13', '25', '0', '2012', '1', '2017-09-07 00:52:47', '2017-09-11 00:34:13', 'bj', 'hdq', 'Fn9sHC3Wx7qpYCmSxt-z8FZluf0Z', '3', '1302', '0', '铻嶆辰鍢夊洯', '2', '0', '榫欏煙瑗夸簩璺�'), ('24', '婀栧厜澹瑰彿鏈涗含鍗庡簻183-387銕￠様鏅ぇ瀹�', '50000', '288', '5', '1', '1', '0', '2015', '1', '2017-09-07 11:42:20', '2017-09-18 20:14:14', 'bj', 'hdq', 'FvVqU8LneZZ5xaLBAOM1KXR2Pz1X', '5', '200', '3', '铻嶆辰鍢夊洯', '2', '0', '榫欏煙瑗夸簩璺�') [22001-196]
	at org.springframework.beans.factory.support.SimpleInstantiationStrategy.instantiate(SimpleInstantiationStrategy.java:189)
	at org.springframework.beans.factory.support.ConstructorResolver.instantiateUsingFactoryMethod(ConstructorResolver.java:588)
	at org.springframework.beans.factory.support.AbstractAutowireCapableBeanFactory.instantiateUsingFactoryMethod(AbstractAutowireCapableBeanFactory.java:1173)
	at org.springframework.beans.factory.support.AbstractAutowireCapableBeanFactory.createBeanInstance(AbstractAutowireCapableBeanFactory.java:1067)
	at org.springframework.beans.factory.support.AbstractAutowireCapableBeanFactory.doCreateBean(AbstractAutowireCapableBeanFactory.java:513)
	at org.springframework.beans.factory.support.AbstractAutowireCapableBeanFactory.createBean(AbstractAutowireCapableBeanFactory.java:483)
	at org.springframework.beans.factory.support.AbstractBeanFactory$1.getObject(AbstractBeanFactory.java:306)
	at org.springframework.beans.factory.support.DefaultSingletonBeanRegistry.getSingleton(DefaultSingletonBeanRegistry.java:230)
	at org.springframework.beans.factory.support.AbstractBeanFactory.doGetBean(AbstractBeanFactory.java:302)
	at org.springframework.beans.factory.support.AbstractBeanFactory.getBean(AbstractBeanFactory.java:197)
	at org.springframework.context.support.AbstractApplicationContext.getBean(AbstractApplicationContext.java:1078)
	at org.springframework.context.support.AbstractApplicationContext.finishBeanFactoryInitialization(AbstractApplicationContext.java:857)
	at org.springframework.context.support.AbstractApplicationContext.refresh(AbstractApplicationContext.java:543)
	at org.springframework.boot.SpringApplication.refresh(SpringApplication.java:693)
	at org.springframework.boot.SpringApplication.refreshContext(SpringApplication.java:360)
	at org.springframework.boot.SpringApplication.run(SpringApplication.java:303)
	at org.springframework.boot.test.context.SpringBootContextLoader.loadContext(SpringBootContextLoader.java:120)
	at org.springframework.test.context.cache.DefaultCacheAwareContextLoaderDelegate.loadContextInternal(DefaultCacheAwareContextLoaderDelegate.java:98)
	at org.springframework.test.context.cache.DefaultCacheAwareContextLoaderDelegate.loadContext(DefaultCacheAwareContextLoaderDelegate.java:116)
	at org.springframework.test.context.support.DefaultTestContext.getApplicationContext(DefaultTestContext.java:83)
	at org.springframework.test.context.web.ServletTestExecutionListener.setUpRequestContextIfNecessary(ServletTestExecutionListener.java:189)
	at org.springframework.test.context.web.ServletTestExecutionListener.prepareTestInstance(ServletTestExecutionListener.java:131)
	at org.springframework.test.context.TestContextManager.prepareTestInstance(TestContextManager.java:230)
	at org.springframework.test.context.junit4.SpringJUnit4ClassRunner.createTest(SpringJUnit4ClassRunner.java:228)
	at org.springframework.test.context.junit4.SpringJUnit4ClassRunner$1.runReflectiveCall(SpringJUnit4ClassRunner.java:287)
	at org.junit.internal.runners.model.ReflectiveCallable.run(ReflectiveCallable.java:12)
	at org.springframework.test.context.junit4.SpringJUnit4ClassRunner.methodBlock(SpringJUnit4ClassRunner.java:289)
	at org.springframework.test.context.junit4.SpringJUnit4ClassRunner.runChild(SpringJUnit4ClassRunner.java:247)
	at org.springframework.test.context.junit4.SpringJUnit4ClassRunner.runChild(SpringJUnit4ClassRunner.java:94)
	at org.junit.runners.ParentRunner$3.run(ParentRunner.java:290)
	at org.junit.runners.ParentRunner$1.schedule(ParentRunner.java:71)
	at org.junit.runners.ParentRunner.runChildren(ParentRunner.java:288)
	at org.junit.runners.ParentRunner.access$000(ParentRunner.java:58)
	at org.junit.runners.ParentRunner$2.evaluate(ParentRunner.java:268)
	at org.springframework.test.context.junit4.statements.RunBeforeTestClassCallbacks.evaluate(RunBeforeTestClassCallbacks.java:61)
	at org.springframework.test.context.junit4.statements.RunAfterTestClassCallbacks.evaluate(RunAfterTestClassCallbacks.java:70)
	at org.junit.runners.ParentRunner.run(ParentRunner.java:363)
	at org.springframework.test.context.junit4.SpringJUnit4ClassRunner.run(SpringJUnit4ClassRunner.java:191)
	at org.apache.maven.surefire.junit4.JUnit4Provider.execute(JUnit4Provider.java:283)
	at org.apache.maven.surefire.junit4.JUnit4Provider.executeWithRerun(JUnit4Provider.java:173)
	at org.apache.maven.surefire.junit4.JUnit4Provider.executeTestSet(JUnit4Provider.java:153)
	at org.apache.maven.surefire.junit4.JUnit4Provider.invoke(JUnit4Provider.java:128)
	at org.apache.maven.surefire.booter.ForkedBooter.invokeProviderInSameClassLoader(ForkedBooter.java:203)
	at org.apache.maven.surefire.booter.ForkedBooter.runSuitesInProcess(ForkedBooter.java:155)
	at org.apache.maven.surefire.booter.ForkedBooter.main(ForkedBooter.java:103)
Caused by: org.springframework.beans.factory.BeanCreationException: Error creating bean with name 'dataSource' defined in class path resource [com/imooc/config/JPAConfig.class]: Initialization of bean failed; nested exception is org.springframework.beans.factory.BeanCreationException: Error creating bean with name 'dataSourceInitializer': Invocation of init method failed; nested exception is org.springframework.jdbc.datasource.init.ScriptStatementFailedException: Failed to execute SQL script statement #7 of class path resource [db/data.sql]: INSERT INTO `house`(`id`, `title`, `price`, `area`, `room`, `floor`, `total_floor`, `watch_times`, `build_year`, `status`, `create_time`, `last_update_time`, `city_en_name`, `region_en_name`, `cover`, `direction`, `distance_to_subway`, `parlour`, `district`, `admin_id`, `bathroom`, `street`) VALUES ('15', '瀵屽姏鍩� 鍥借锤CBD 鏃跺皻浼戦棽 鍟嗗姟鍔炲叕 瓒呮鐡﹀姏', '6200', '70', '2', '10', '20', '2', '2005', '1', '2017-09-06 18:56:14', '2017-09-15 00:26:59', 'bj', 'hdq', 'FmD3zKG-gUPOrNv0HwzZN7IbkAC_', '2', '10', '1', '铻嶆辰鍢夊洯', '2', '0', '榫欏煙瑗夸簩璺�'), ('16', '瀵屽姏鍩� 鍥借锤CBD 鏃跺皻浼戦棽 鍟嗗姟鍔炲叕', '6300', '70', '2', '10', '20', '0', '2012', '1', '2017-09-06 19:53:35', '2017-09-11 00:35:13', 'bj', 'hdq', 'FmD3zKG-gUPOrNv0HwzZN7IbkAC_', '1', '-1', '1', '铻嶆辰鍢夊洯', '2', '0', '榫欏煙瑗夸簩璺�'), ('17', '浜岀幆涓滅洿闂ㄥ湴閾佺珯闄勮繎銆佺帇搴滀簳銆佸ぉ瀹夐棬銆佸浗璐搞�佷笁閲屽悲銆佸崡閿ｉ紦宸�', '3000', '35', '1', '5', '10', '0', '2013', '1', '2017-09-06 20:45:35', '2017-09-11 00:35:05', 'bj', 'hdq', 'FhVdDhzVDH1dLVVx4jOaVXOCfnea', '1', '200', '0', '铻嶆辰鍢夊洯', '2', '0', '榫欏煙瑗夸簩璺�'), ('18', '鍗庤锤鍩� 涓滃悜涓�灞呮寫绌簂oft 骞插噣娓╅Θ 闅忔椂鍙互绛剧害', '5700', '52', '1', '7', '20', '0', '2012', '1', '2017-09-06 21:01:02', '2017-09-11 00:35:01', 'bj', 'hdq', 'FsxiS6rOTpSg5pK7tv41e8Zpnn_c', '2', '1085', '1', '铻嶆辰鍢夊洯', '2', '0', '榫欏煙瑗夸簩璺�'), ('19', '鏈涙槬鍥澘妤间笁灞呭 鑷綇绮捐 鍗楀寳閫氶�� 閲囧厜濂借閲庢锛�', '9200', '132', '3', '6', '14', '0', '2005', '1', '2017-09-06 22:44:25', '2017-09-11 00:34:55', 'bj', 'hdq', 'Fl1lNikhmMIecbTn-JTsurxugtFU', '2', '1108', '2', '铻嶆辰鍢夊洯', '2', '0', '榫欏煙瑗夸簩璺�'), ('20', '楂樺ぇ涓婄殑鏁寸涓ゅ眳瀹� 涓氫富璇氭剰鍑虹', '5400', '56', '2', '12', '20', '0', '2012', '1', '2017-09-06 23:39:50', '2017-09-11 00:34:21', 'bj', 'hdq', 'FtNl9uPM6p5PjEs8z2FnOuViNtOM', '2', '-1', '1', '铻嶆辰鍢夊洯', '2', '0', '榫欏煙瑗夸簩璺�'), ('21', '鏂板悍鍥� 姝ｈ涓夊眳瀹� 绮捐淇� 瀹剁數瀹跺叿榻愬叏', '1900', '18', '1', '13', '25', '0', '2012', '1', '2017-09-07 00:52:47', '2017-09-11 00:34:13', 'bj', 'hdq', 'Fn9sHC3Wx7qpYCmSxt-z8FZluf0Z', '3', '1302', '0', '铻嶆辰鍢夊洯', '2', '0', '榫欏煙瑗夸簩璺�'), ('24', '婀栧厜澹瑰彿鏈涗含鍗庡簻183-387銕￠様鏅ぇ瀹�', '50000', '288', '5', '1', '1', '0', '2015', '1', '2017-09-07 11:42:20', '2017-09-18 20:14:14', 'bj', 'hdq', 'FvVqU8LneZZ5xaLBAOM1KXR2Pz1X', '5', '200', '3', '铻嶆辰鍢夊洯', '2', '0', '榫欏煙瑗夸簩璺�'); nested exception is org.h2.jdbc.JdbcSQLException: Value too long for column "TITLE VARCHAR(32) NOT NULL": "STRINGDECODE('\u7035\u5c7d\u59cf\u9369\ufffd \u9365\u501f\u9524CBD \u93c3\u8dfa\u76bb\u6d7c\u6226\u68fd \u935f\u55d7\u59df\u9354... (33)"; SQL statement:
INSERT INTO `house`(`id`, `title`, `price`, `area`, `room`, `floor`, `total_floor`, `watch_times`, `build_year`, `status`, `create_time`, `last_update_time`, `city_en_name`, `region_en_name`, `cover`, `direction`, `distance_to_subway`, `parlour`, `district`, `admin_id`, `bathroom`, `street`) VALUES ('15', '瀵屽姏鍩� 鍥借锤CBD 鏃跺皻浼戦棽 鍟嗗姟鍔炲叕 瓒呮鐡﹀姏', '6200', '70', '2', '10', '20', '2', '2005', '1', '2017-09-06 18:56:14', '2017-09-15 00:26:59', 'bj', 'hdq', 'FmD3zKG-gUPOrNv0HwzZN7IbkAC_', '2', '10', '1', '铻嶆辰鍢夊洯', '2', '0', '榫欏煙瑗夸簩璺�'), ('16', '瀵屽姏鍩� 鍥借锤CBD 鏃跺皻浼戦棽 鍟嗗姟鍔炲叕', '6300', '70', '2', '10', '20', '0', '2012', '1', '2017-09-06 19:53:35', '2017-09-11 00:35:13', 'bj', 'hdq', 'FmD3zKG-gUPOrNv0HwzZN7IbkAC_', '1', '-1', '1', '铻嶆辰鍢夊洯', '2', '0', '榫欏煙瑗夸簩璺�'), ('17', '浜岀幆涓滅洿闂ㄥ湴閾佺珯闄勮繎銆佺帇搴滀簳銆佸ぉ瀹夐棬銆佸浗璐搞�佷笁閲屽悲銆佸崡閿ｉ紦宸�', '3000', '35', '1', '5', '10', '0', '2013', '1', '2017-09-06 20:45:35', '2017-09-11 00:35:05', 'bj', 'hdq', 'FhVdDhzVDH1dLVVx4jOaVXOCfnea', '1', '200', '0', '铻嶆辰鍢夊洯', '2', '0', '榫欏煙瑗夸簩璺�'), ('18', '鍗庤锤鍩� 涓滃悜涓�灞呮寫绌簂oft 骞插噣娓╅Θ 闅忔椂鍙互绛剧害', '5700', '52', '1', '7', '20', '0', '2012', '1', '2017-09-06 21:01:02', '2017-09-11 00:35:01', 'bj', 'hdq', 'FsxiS6rOTpSg5pK7tv41e8Zpnn_c', '2', '1085', '1', '铻嶆辰鍢夊洯', '2', '0', '榫欏煙瑗夸簩璺�'), ('19', '鏈涙槬鍥澘妤间笁灞呭 鑷綇绮捐 鍗楀寳閫氶�� 閲囧厜濂借閲庢锛�', '9200', '132', '3', '6', '14', '0', '2005', '1', '2017-09-06 22:44:25', '2017-09-11 00:34:55', 'bj', 'hdq', 'Fl1lNikhmMIecbTn-JTsurxugtFU', '2', '1108', '2', '铻嶆辰鍢夊洯', '2', '0', '榫欏煙瑗夸簩璺�'), ('20', '楂樺ぇ涓婄殑鏁寸涓ゅ眳瀹� 涓氫富璇氭剰鍑虹', '5400', '56', '2', '12', '20', '0', '2012', '1', '2017-09-06 23:39:50', '2017-09-11 00:34:21', 'bj', 'hdq', 'FtNl9uPM6p5PjEs8z2FnOuViNtOM', '2', '-1', '1', '铻嶆辰鍢夊洯', '2', '0', '榫欏煙瑗夸簩璺�'), ('21', '鏂板悍鍥� 姝ｈ涓夊眳瀹� 绮捐淇� 瀹剁數瀹跺叿榻愬叏', '1900', '18', '1', '13', '25', '0', '2012', '1', '2017-09-07 00:52:47', '2017-09-11 00:34:13', 'bj', 'hdq', 'Fn9sHC3Wx7qpYCmSxt-z8FZluf0Z', '3', '1302', '0', '铻嶆辰鍢夊洯', '2', '0', '榫欏煙瑗夸簩璺�'), ('24', '婀栧厜澹瑰彿鏈涗含鍗庡簻183-387銕￠様鏅ぇ瀹�', '50000', '288', '5', '1', '1', '0', '2015', '1', '2017-09-07 11:42:20', '2017-09-18 20:14:14', 'bj', 'hdq', 'FvVqU8LneZZ5xaLBAOM1KXR2Pz1X', '5', '200', '3', '铻嶆辰鍢夊洯', '2', '0', '榫欏煙瑗夸簩璺�') [22001-196]
	at org.springframework.beans.factory.support.AbstractAutowireCapableBeanFactory.doCreateBean(AbstractAutowireCapableBeanFactory.java:564)
	at org.springframework.beans.factory.support.AbstractAutowireCapableBeanFactory.createBean(AbstractAutowireCapableBeanFactory.java:483)
	at org.springframework.beans.factory.support.AbstractBeanFactory$1.getObject(AbstractBeanFactory.java:306)
	at org.springframework.beans.factory.support.DefaultSingletonBeanRegistry.getSingleton(DefaultSingletonBeanRegistry.java:230)
	at org.springframework.beans.factory.support.AbstractBeanFactory.doGetBean(AbstractBeanFactory.java:302)
	at org.springframework.beans.factory.support.AbstractBeanFactory.getBean(AbstractBeanFactory.java:197)
	at org.springframework.context.annotation.ConfigurationClassEnhancer$BeanMethodInterceptor.obtainBeanInstanceFromFactory(ConfigurationClassEnhancer.java:389)
	at org.springframework.context.annotation.ConfigurationClassEnhancer$BeanMethodInterceptor.intercept(ConfigurationClassEnhancer.java:361)
	at com.imooc.config.JPAConfig$$EnhancerBySpringCGLIB$$ac3be7fd.dataSource(<generated>)
	at com.imooc.config.JPAConfig.entityManagerFactory(JPAConfig.java:36)
	at com.imooc.config.JPAConfig$$EnhancerBySpringCGLIB$$ac3be7fd.CGLIB$entityManagerFactory$2(<generated>)
	at com.imooc.config.JPAConfig$$EnhancerBySpringCGLIB$$ac3be7fd$$FastClassBySpringCGLIB$$914d9ecd.invoke(<generated>)
	at org.springframework.cglib.proxy.MethodProxy.invokeSuper(MethodProxy.java:228)
	at org.springframework.context.annotation.ConfigurationClassEnhancer$BeanMethodInterceptor.intercept(ConfigurationClassEnhancer.java:358)
	at com.imooc.config.JPAConfig$$EnhancerBySpringCGLIB$$ac3be7fd.entityManagerFactory(<generated>)
	at sun.reflect.NativeMethodAccessorImpl.invoke0(Native Method)
	at sun.reflect.NativeMethodAccessorImpl.invoke(NativeMethodAccessorImpl.java:62)
	at sun.reflect.DelegatingMethodAccessorImpl.invoke(DelegatingMethodAccessorImpl.java:43)
	at java.lang.reflect.Method.invoke(Method.java:483)
	at org.springframework.beans.factory.support.SimpleInstantiationStrategy.instantiate(SimpleInstantiationStrategy.java:162)
	at org.springframework.beans.factory.support.ConstructorResolver.instantiateUsingFactoryMethod(ConstructorResolver.java:588)
	at org.springframework.beans.factory.support.AbstractAutowireCapableBeanFactory.instantiateUsingFactoryMethod(AbstractAutowireCapableBeanFactory.java:1173)
	at org.springframework.beans.factory.support.AbstractAutowireCapableBeanFactory.createBeanInstance(AbstractAutowireCapableBeanFactory.java:1067)
	at org.springframework.beans.factory.support.AbstractAutowireCapableBeanFactory.doCreateBean(AbstractAutowireCapableBeanFactory.java:513)
	at org.springframework.beans.factory.support.AbstractAutowireCapableBeanFactory.createBean(AbstractAutowireCapableBeanFactory.java:483)
	at org.springframework.beans.factory.support.AbstractBeanFactory$1.getObject(AbstractBeanFactory.java:306)
	at org.springframework.beans.factory.support.DefaultSingletonBeanRegistry.getSingleton(DefaultSingletonBeanRegistry.java:230)
	at org.springframework.beans.factory.support.AbstractBeanFactory.doGetBean(AbstractBeanFactory.java:302)
	at org.springframework.beans.factory.support.AbstractBeanFactory.getBean(AbstractBeanFactory.java:197)
	at org.springframework.context.support.AbstractApplicationContext.getBean(AbstractApplicationContext.java:1078)
	at org.springframework.context.support.AbstractApplicationContext.finishBeanFactoryInitialization(AbstractApplicationContext.java:857)
	at org.springframework.context.support.AbstractApplicationContext.refresh(AbstractApplicationContext.java:543)
	at org.springframework.boot.SpringApplication.refresh(SpringApplication.java:693)
	at org.springframework.boot.SpringApplication.refreshContext(SpringApplication.java:360)
	at org.springframework.boot.SpringApplication.run(SpringApplication.java:303)
	at org.springframework.boot.test.context.SpringBootContextLoader.loadContext(SpringBootContextLoader.java:120)
	at org.springframework.test.context.cache.DefaultCacheAwareContextLoaderDelegate.loadContextInternal(DefaultCacheAwareContextLoaderDelegate.java:98)
	at org.springframework.test.context.cache.DefaultCacheAwareContextLoaderDelegate.loadContext(DefaultCacheAwareContextLoaderDelegate.java:116)
	at org.springframework.test.context.support.DefaultTestContext.getApplicationContext(DefaultTestContext.java:83)
	at org.springframework.test.context.web.ServletTestExecutionListener.setUpRequestContextIfNecessary(ServletTestExecutionListener.java:189)
	at org.springframework.test.context.web.ServletTestExecutionListener.prepareTestInstance(ServletTestExecutionListener.java:131)
	at org.springframework.test.context.TestContextManager.prepareTestInstance(TestContextManager.java:230)
	at org.springframework.test.context.junit4.SpringJUnit4ClassRunner.createTest(SpringJUnit4ClassRunner.java:228)
	at org.springframework.test.context.junit4.SpringJUnit4ClassRunner$1.runReflectiveCall(SpringJUnit4ClassRunner.java:287)
	at org.junit.internal.runners.model.ReflectiveCallable.run(ReflectiveCallable.java:12)
	at org.springframework.test.context.junit4.SpringJUnit4ClassRunner.methodBlock(SpringJUnit4ClassRunner.java:289)
	at org.springframework.test.context.junit4.SpringJUnit4ClassRunner.runChild(SpringJUnit4ClassRunner.java:247)
	at org.springframework.test.context.junit4.SpringJUnit4ClassRunner.runChild(SpringJUnit4ClassRunner.java:94)
	at org.junit.runners.ParentRunner$3.run(ParentRunner.java:290)
	at org.junit.runners.ParentRunner$1.schedule(ParentRunner.java:71)
	at org.junit.runners.ParentRunner.runChildren(ParentRunner.java:288)
	at org.junit.runners.ParentRunner.access$000(ParentRunner.java:58)
	at org.junit.runners.ParentRunner$2.evaluate(ParentRunner.java:268)
	at org.springframework.test.context.junit4.statements.RunBeforeTestClassCallbacks.evaluate(RunBeforeTestClassCallbacks.java:61)
	at org.springframework.test.context.junit4.statements.RunAfterTestClassCallbacks.evaluate(RunAfterTestClassCallbacks.java:70)
	at org.junit.runners.ParentRunner.run(ParentRunner.java:363)
	at org.springframework.test.context.junit4.SpringJUnit4ClassRunner.run(SpringJUnit4ClassRunner.java:191)
	at org.apache.maven.surefire.junit4.JUnit4Provider.execute(JUnit4Provider.java:283)
	at org.apache.maven.surefire.junit4.JUnit4Provider.executeWithRerun(JUnit4Provider.java:173)
	at org.apache.maven.surefire.junit4.JUnit4Provider.executeTestSet(JUnit4Provider.java:153)
	at org.apache.maven.surefire.junit4.JUnit4Provider.invoke(JUnit4Provider.java:128)
	at org.apache.maven.surefire.booter.ForkedBooter.invokeProviderInSameClassLoader(ForkedBooter.java:203)
	at org.apache.maven.surefire.booter.ForkedBooter.runSuitesInProcess(ForkedBooter.java:155)
	at org.apache.maven.surefire.booter.ForkedBooter.main(ForkedBooter.java:103)
Caused by: org.springframework.beans.factory.BeanCreationException: Error creating bean with name 'dataSourceInitializer': Invocation of init method failed; nested exception is org.springframework.jdbc.datasource.init.ScriptStatementFailedException: Failed to execute SQL script statement #7 of class path resource [db/data.sql]: INSERT INTO `house`(`id`, `title`, `price`, `area`, `room`, `floor`, `total_floor`, `watch_times`, `build_year`, `status`, `create_time`, `last_update_time`, `city_en_name`, `region_en_name`, `cover`, `direction`, `distance_to_subway`, `parlour`, `district`, `admin_id`, `bathroom`, `street`) VALUES ('15', '瀵屽姏鍩� 鍥借锤CBD 鏃跺皻浼戦棽 鍟嗗姟鍔炲叕 瓒呮鐡﹀姏', '6200', '70', '2', '10', '20', '2', '2005', '1', '2017-09-06 18:56:14', '2017-09-15 00:26:59', 'bj', 'hdq', 'FmD3zKG-gUPOrNv0HwzZN7IbkAC_', '2', '10', '1', '铻嶆辰鍢夊洯', '2', '0', '榫欏煙瑗夸簩璺�'), ('16', '瀵屽姏鍩� 鍥借锤CBD 鏃跺皻浼戦棽 鍟嗗姟鍔炲叕', '6300', '70', '2', '10', '20', '0', '2012', '1', '2017-09-06 19:53:35', '2017-09-11 00:35:13', 'bj', 'hdq', 'FmD3zKG-gUPOrNv0HwzZN7IbkAC_', '1', '-1', '1', '铻嶆辰鍢夊洯', '2', '0', '榫欏煙瑗夸簩璺�'), ('17', '浜岀幆涓滅洿闂ㄥ湴閾佺珯闄勮繎銆佺帇搴滀簳銆佸ぉ瀹夐棬銆佸浗璐搞�佷笁閲屽悲銆佸崡閿ｉ紦宸�', '3000', '35', '1', '5', '10', '0', '2013', '1', '2017-09-06 20:45:35', '2017-09-11 00:35:05', 'bj', 'hdq', 'FhVdDhzVDH1dLVVx4jOaVXOCfnea', '1', '200', '0', '铻嶆辰鍢夊洯', '2', '0', '榫欏煙瑗夸簩璺�'), ('18', '鍗庤锤鍩� 涓滃悜涓�灞呮寫绌簂oft 骞插噣娓╅Θ 闅忔椂鍙互绛剧害', '5700', '52', '1', '7', '20', '0', '2012', '1', '2017-09-06 21:01:02', '2017-09-11 00:35:01', 'bj', 'hdq', 'FsxiS6rOTpSg5pK7tv41e8Zpnn_c', '2', '1085', '1', '铻嶆辰鍢夊洯', '2', '0', '榫欏煙瑗夸簩璺�'), ('19', '鏈涙槬鍥澘妤间笁灞呭 鑷綇绮捐 鍗楀寳閫氶�� 閲囧厜濂借閲庢锛�', '9200', '132', '3', '6', '14', '0', '2005', '1', '2017-09-06 22:44:25', '2017-09-11 00:34:55', 'bj', 'hdq', 'Fl1lNikhmMIecbTn-JTsurxugtFU', '2', '1108', '2', '铻嶆辰鍢夊洯', '2', '0', '榫欏煙瑗夸簩璺�'), ('20', '楂樺ぇ涓婄殑鏁寸涓ゅ眳瀹� 涓氫富璇氭剰鍑虹', '5400', '56', '2', '12', '20', '0', '2012', '1', '2017-09-06 23:39:50', '2017-09-11 00:34:21', 'bj', 'hdq', 'FtNl9uPM6p5PjEs8z2FnOuViNtOM', '2', '-1', '1', '铻嶆辰鍢夊洯', '2', '0', '榫欏煙瑗夸簩璺�'), ('21', '鏂板悍鍥� 姝ｈ涓夊眳瀹� 绮捐淇� 瀹剁數瀹跺叿榻愬叏', '1900', '18', '1', '13', '25', '0', '2012', '1', '2017-09-07 00:52:47', '2017-09-11 00:34:13', 'bj', 'hdq', 'Fn9sHC3Wx7qpYCmSxt-z8FZluf0Z', '3', '1302', '0', '铻嶆辰鍢夊洯', '2', '0', '榫欏煙瑗夸簩璺�'), ('24', '婀栧厜澹瑰彿鏈涗含鍗庡簻183-387銕￠様鏅ぇ瀹�', '50000', '288', '5', '1', '1', '0', '2015', '1', '2017-09-07 11:42:20', '2017-09-18 20:14:14', 'bj', 'hdq', 'FvVqU8LneZZ5xaLBAOM1KXR2Pz1X', '5', '200', '3', '铻嶆辰鍢夊洯', '2', '0', '榫欏煙瑗夸簩璺�'); nested exception is org.h2.jdbc.JdbcSQLException: Value too long for column "TITLE VARCHAR(32) NOT NULL": "STRINGDECODE('\u7035\u5c7d\u59cf\u9369\ufffd \u9365\u501f\u9524CBD \u93c3\u8dfa\u76bb\u6d7c\u6226\u68fd \u935f\u55d7\u59df\u9354... (33)"; SQL statement:
INSERT INTO `house`(`id`, `title`, `price`, `area`, `room`, `floor`, `total_floor`, `watch_times`, `build_year`, `status`, `create_time`, `last_update_time`, `city_en_name`, `region_en_name`, `cover`, `direction`, `distance_to_subway`, `parlour`, `district`, `admin_id`, `bathroom`, `street`) VALUES ('15', '瀵屽姏鍩� 鍥借锤CBD 鏃跺皻浼戦棽 鍟嗗姟鍔炲叕 瓒呮鐡﹀姏', '6200', '70', '2', '10', '20', '2', '2005', '1', '2017-09-06 18:56:14', '2017-09-15 00:26:59', 'bj', 'hdq', 'FmD3zKG-gUPOrNv0HwzZN7IbkAC_', '2', '10', '1', '铻嶆辰鍢夊洯', '2', '0', '榫欏煙瑗夸簩璺�'), ('16', '瀵屽姏鍩� 鍥借锤CBD 鏃跺皻浼戦棽 鍟嗗姟鍔炲叕', '6300', '70', '2', '10', '20', '0', '2012', '1', '2017-09-06 19:53:35', '2017-09-11 00:35:13', 'bj', 'hdq', 'FmD3zKG-gUPOrNv0HwzZN7IbkAC_', '1', '-1', '1', '铻嶆辰鍢夊洯', '2', '0', '榫欏煙瑗夸簩璺�'), ('17', '浜岀幆涓滅洿闂ㄥ湴閾佺珯闄勮繎銆佺帇搴滀簳銆佸ぉ瀹夐棬銆佸浗璐搞�佷笁閲屽悲銆佸崡閿ｉ紦宸�', '3000', '35', '1', '5', '10', '0', '2013', '1', '2017-09-06 20:45:35', '2017-09-11 00:35:05', 'bj', 'hdq', 'FhVdDhzVDH1dLVVx4jOaVXOCfnea', '1', '200', '0', '铻嶆辰鍢夊洯', '2', '0', '榫欏煙瑗夸簩璺�'), ('18', '鍗庤锤鍩� 涓滃悜涓�灞呮寫绌簂oft 骞插噣娓╅Θ 闅忔椂鍙互绛剧害', '5700', '52', '1', '7', '20', '0', '2012', '1', '2017-09-06 21:01:02', '2017-09-11 00:35:01', 'bj', 'hdq', 'FsxiS6rOTpSg5pK7tv41e8Zpnn_c', '2', '1085', '1', '铻嶆辰鍢夊洯', '2', '0', '榫欏煙瑗夸簩璺�'), ('19', '鏈涙槬鍥澘妤间笁灞呭 鑷綇绮捐 鍗楀寳閫氶�� 閲囧厜濂借閲庢锛�', '9200', '132', '3', '6', '14', '0', '2005', '1', '2017-09-06 22:44:25', '2017-09-11 00:34:55', 'bj', 'hdq', 'Fl1lNikhmMIecbTn-JTsurxugtFU', '2', '1108', '2', '铻嶆辰鍢夊洯', '2', '0', '榫欏煙瑗夸簩璺�'), ('20', '楂樺ぇ涓婄殑鏁寸涓ゅ眳瀹� 涓氫富璇氭剰鍑虹', '5400', '56', '2', '12', '20', '0', '2012', '1', '2017-09-06 23:39:50', '2017-09-11 00:34:21', 'bj', 'hdq', 'FtNl9uPM6p5PjEs8z2FnOuViNtOM', '2', '-1', '1', '铻嶆辰鍢夊洯', '2', '0', '榫欏煙瑗夸簩璺�'), ('21', '鏂板悍鍥� 姝ｈ涓夊眳瀹� 绮捐淇� 瀹剁數瀹跺叿榻愬叏', '1900', '18', '1', '13', '25', '0', '2012', '1', '2017-09-07 00:52:47', '2017-09-11 00:34:13', 'bj', 'hdq', 'Fn9sHC3Wx7qpYCmSxt-z8FZluf0Z', '3', '1302', '0', '铻嶆辰鍢夊洯', '2', '0', '榫欏煙瑗夸簩璺�'), ('24', '婀栧厜澹瑰彿鏈涗含鍗庡簻183-387銕￠様鏅ぇ瀹�', '50000', '288', '5', '1', '1', '0', '2015', '1', '2017-09-07 11:42:20', '2017-09-18 20:14:14', 'bj', 'hdq', 'FvVqU8LneZZ5xaLBAOM1KXR2Pz1X', '5', '200', '3', '铻嶆辰鍢夊洯', '2', '0', '榫欏煙瑗夸簩璺�') [22001-196]
	at org.springframework.beans.factory.annotation.InitDestroyAnnotationBeanPostProcessor.postProcessBeforeInitialization(InitDestroyAnnotationBeanPostProcessor.java:137)
	at org.springframework.beans.factory.support.AbstractAutowireCapableBeanFactory.applyBeanPostProcessorsBeforeInitialization(AbstractAutowireCapableBeanFactory.java:409)
	at org.springframework.beans.factory.support.AbstractAutowireCapableBeanFactory.initializeBean(AbstractAutowireCapableBeanFactory.java:1620)
	at org.springframework.beans.factory.support.AbstractAutowireCapableBeanFactory.doCreateBean(AbstractAutowireCapableBeanFactory.java:555)
	at org.springframework.beans.factory.support.AbstractAutowireCapableBeanFactory.createBean(AbstractAutowireCapableBeanFactory.java:483)
	at org.springframework.beans.factory.support.AbstractBeanFactory$1.getObject(AbstractBeanFactory.java:306)
	at org.springframework.beans.factory.support.DefaultSingletonBeanRegistry.getSingleton(DefaultSingletonBeanRegistry.java:230)
	at org.springframework.beans.factory.support.AbstractBeanFactory.doGetBean(AbstractBeanFactory.java:302)
	at org.springframework.beans.factory.support.AbstractBeanFactory.getBean(AbstractBeanFactory.java:220)
	at org.springframework.beans.factory.support.DefaultListableBeanFactory.resolveNamedBean(DefaultListableBeanFactory.java:1018)
	at org.springframework.beans.factory.support.DefaultListableBeanFactory.getBean(DefaultListableBeanFactory.java:345)
	at org.springframework.beans.factory.support.DefaultListableBeanFactory.getBean(DefaultListableBeanFactory.java:340)
	at org.springframework.boot.autoconfigure.jdbc.DataSourceInitializerPostProcessor.postProcessAfterInitialization(DataSourceInitializerPostProcessor.java:62)
	at org.springframework.beans.factory.support.AbstractAutowireCapableBeanFactory.applyBeanPostProcessorsAfterInitialization(AbstractAutowireCapableBeanFactory.java:423)
	at org.springframework.beans.factory.support.AbstractAutowireCapableBeanFactory.initializeBean(AbstractAutowireCapableBeanFactory.java:1633)
	at org.springframework.beans.factory.support.AbstractAutowireCapableBeanFactory.doCreateBean(AbstractAutowireCapableBeanFactory.java:555)
	at org.springframework.beans.factory.support.AbstractAutowireCapableBeanFactory.createBean(AbstractAutowireCapableBeanFactory.java:483)
	at org.springframework.beans.factory.support.AbstractBeanFactory$1.getObject(AbstractBeanFactory.java:306)
	at org.springframework.beans.factory.support.DefaultSingletonBeanRegistry.getSingleton(DefaultSingletonBeanRegistry.java:230)
	at org.springframework.beans.factory.support.AbstractBeanFactory.doGetBean(AbstractBeanFactory.java:302)
	at org.springframework.beans.factory.support.AbstractBeanFactory.getBean(AbstractBeanFactory.java:197)
	at org.springframework.context.annotation.ConfigurationClassEnhancer$BeanMethodInterceptor.obtainBeanInstanceFromFactory(ConfigurationClassEnhancer.java:389)
	at org.springframework.context.annotation.ConfigurationClassEnhancer$BeanMethodInterceptor.intercept(ConfigurationClassEnhancer.java:361)
	at com.imooc.config.JPAConfig$$EnhancerBySpringCGLIB$$ac3be7fd.dataSource(<generated>)
	at com.imooc.config.JPAConfig.entityManagerFactory(JPAConfig.java:36)
	at com.imooc.config.JPAConfig$$EnhancerBySpringCGLIB$$ac3be7fd.CGLIB$entityManagerFactory$2(<generated>)
	at com.imooc.config.JPAConfig$$EnhancerBySpringCGLIB$$ac3be7fd$$FastClassBySpringCGLIB$$914d9ecd.invoke(<generated>)
	at org.springframework.cglib.proxy.MethodProxy.invokeSuper(MethodProxy.java:228)
	at org.springframework.context.annotation.ConfigurationClassEnhancer$BeanMethodInterceptor.intercept(ConfigurationClassEnhancer.java:358)
	at com.imooc.config.JPAConfig$$EnhancerBySpringCGLIB$$ac3be7fd.entityManagerFactory(<generated>)
	at sun.reflect.NativeMethodAccessorImpl.invoke0(Native Method)
	at sun.reflect.NativeMethodAccessorImpl.invoke(NativeMethodAccessorImpl.java:62)
	at sun.reflect.DelegatingMethodAccessorImpl.invoke(DelegatingMethodAccessorImpl.java:43)
	at java.lang.reflect.Method.invoke(Method.java:483)
	at org.springframework.beans.factory.support.SimpleInstantiationStrategy.instantiate(SimpleInstantiationStrategy.java:162)
	at org.springframework.beans.factory.support.ConstructorResolver.instantiateUsingFactoryMethod(ConstructorResolver.java:588)
	at org.springframework.beans.factory.support.AbstractAutowireCapableBeanFactory.instantiateUsingFactoryMethod(AbstractAutowireCapableBeanFactory.java:1173)
	at org.springframework.beans.factory.support.AbstractAutowireCapableBeanFactory.createBeanInstance(AbstractAutowireCapableBeanFactory.java:1067)
	at org.springframework.beans.factory.support.AbstractAutowireCapableBeanFactory.doCreateBean(AbstractAutowireCapableBeanFactory.java:513)
	at org.springframework.beans.factory.support.AbstractAutowireCapableBeanFactory.createBean(AbstractAutowireCapableBeanFactory.java:483)
	at org.springframework.beans.factory.support.AbstractBeanFactory$1.getObject(AbstractBeanFactory.java:306)
	at org.springframework.beans.factory.support.DefaultSingletonBeanRegistry.getSingleton(DefaultSingletonBeanRegistry.java:230)
	at org.springframework.beans.factory.support.AbstractBeanFactory.doGetBean(AbstractBeanFactory.java:302)
	at org.springframework.beans.factory.support.AbstractBeanFactory.getBean(AbstractBeanFactory.java:197)
	at org.springframework.context.support.AbstractApplicationContext.getBean(AbstractApplicationContext.java:1078)
	at org.springframework.context.support.AbstractApplicationContext.finishBeanFactoryInitialization(AbstractApplicationContext.java:857)
	at org.springframework.context.support.AbstractApplicationContext.refresh(AbstractApplicationContext.java:543)
	at org.springframework.boot.SpringApplication.refresh(SpringApplication.java:693)
	at org.springframework.boot.SpringApplication.refreshContext(SpringApplication.java:360)
	at org.springframework.boot.SpringApplication.run(SpringApplication.java:303)
	at org.springframework.boot.test.context.SpringBootContextLoader.loadContext(SpringBootContextLoader.java:120)
	at org.springframework.test.context.cache.DefaultCacheAwareContextLoaderDelegate.loadContextInternal(DefaultCacheAwareContextLoaderDelegate.java:98)
	at org.springframework.test.context.cache.DefaultCacheAwareContextLoaderDelegate.loadContext(DefaultCacheAwareContextLoaderDelegate.java:116)
	at org.springframework.test.context.support.DefaultTestContext.getApplicationContext(DefaultTestContext.java:83)
	at org.springframework.test.context.web.ServletTestExecutionListener.setUpRequestContextIfNecessary(ServletTestExecutionListener.java:189)
	at org.springframework.test.context.web.ServletTestExecutionListener.prepareTestInstance(ServletTestExecutionListener.java:131)
	at org.springframework.test.context.TestContextManager.prepareTestInstance(TestContextManager.java:230)
	at org.springframework.test.context.junit4.SpringJUnit4ClassRunner.createTest(SpringJUnit4ClassRunner.java:228)
	at org.springframework.test.context.junit4.SpringJUnit4ClassRunner$1.runReflectiveCall(SpringJUnit4ClassRunner.java:287)
	at org.junit.internal.runners.model.ReflectiveCallable.run(ReflectiveCallable.java:12)
	at org.springframework.test.context.junit4.SpringJUnit4ClassRunner.methodBlock(SpringJUnit4ClassRunner.java:289)
	at org.springframework.test.context.junit4.SpringJUnit4ClassRunner.runChild(SpringJUnit4ClassRunner.java:247)
	at org.springframework.test.context.junit4.SpringJUnit4ClassRunner.runChild(SpringJUnit4ClassRunner.java:94)
	at org.junit.runners.ParentRunner$3.run(ParentRunner.java:290)
	at org.junit.runners.ParentRunner$1.schedule(ParentRunner.java:71)
	at org.junit.runners.ParentRunner.runChildren(ParentRunner.java:288)
	at org.junit.runners.ParentRunner.access$000(ParentRunner.java:58)
	at org.junit.runners.ParentRunner$2.evaluate(ParentRunner.java:268)
	at org.springframework.test.context.junit4.statements.RunBeforeTestClassCallbacks.evaluate(RunBeforeTestClassCallbacks.java:61)
	at org.springframework.test.context.junit4.statements.RunAfterTestClassCallbacks.evaluate(RunAfterTestClassCallbacks.java:70)
	at org.junit.runners.ParentRunner.run(ParentRunner.java:363)
	at org.springframework.test.context.junit4.SpringJUnit4ClassRunner.run(SpringJUnit4ClassRunner.java:191)
	at org.apache.maven.surefire.junit4.JUnit4Provider.execute(JUnit4Provider.java:283)
	at org.apache.maven.surefire.junit4.JUnit4Provider.executeWithRerun(JUnit4Provider.java:173)
	at org.apache.maven.surefire.junit4.JUnit4Provider.executeTestSet(JUnit4Provider.java:153)
	at org.apache.maven.surefire.junit4.JUnit4Provider.invoke(JUnit4Provider.java:128)
	at org.apache.maven.surefire.booter.ForkedBooter.invokeProviderInSameClassLoader(ForkedBooter.java:203)
	at org.apache.maven.surefire.booter.ForkedBooter.runSuitesInProcess(ForkedBooter.java:155)
	at org.apache.maven.surefire.booter.ForkedBooter.main(ForkedBooter.java:103)
Caused by: org.springframework.jdbc.datasource.init.ScriptStatementFailedException: Failed to execute SQL script statement #7 of class path resource [db/data.sql]: INSERT INTO `house`(`id`, `title`, `price`, `area`, `room`, `floor`, `total_floor`, `watch_times`, `build_year`, `status`, `create_time`, `last_update_time`, `city_en_name`, `region_en_name`, `cover`, `direction`, `distance_to_subway`, `parlour`, `district`, `admin_id`, `bathroom`, `street`) VALUES ('15', '瀵屽姏鍩� 鍥借锤CBD 鏃跺皻浼戦棽 鍟嗗姟鍔炲叕 瓒呮鐡﹀姏', '6200', '70', '2', '10', '20', '2', '2005', '1', '2017-09-06 18:56:14', '2017-09-15 00:26:59', 'bj', 'hdq', 'FmD3zKG-gUPOrNv0HwzZN7IbkAC_', '2', '10', '1', '铻嶆辰鍢夊洯', '2', '0', '榫欏煙瑗夸簩璺�'), ('16', '瀵屽姏鍩� 鍥借锤CBD 鏃跺皻浼戦棽 鍟嗗姟鍔炲叕', '6300', '70', '2', '10', '20', '0', '2012', '1', '2017-09-06 19:53:35', '2017-09-11 00:35:13', 'bj', 'hdq', 'FmD3zKG-gUPOrNv0HwzZN7IbkAC_', '1', '-1', '1', '铻嶆辰鍢夊洯', '2', '0', '榫欏煙瑗夸簩璺�'), ('17', '浜岀幆涓滅洿闂ㄥ湴閾佺珯闄勮繎銆佺帇搴滀簳銆佸ぉ瀹夐棬銆佸浗璐搞�佷笁閲屽悲銆佸崡閿ｉ紦宸�', '3000', '35', '1', '5', '10', '0', '2013', '1', '2017-09-06 20:45:35', '2017-09-11 00:35:05', 'bj', 'hdq', 'FhVdDhzVDH1dLVVx4jOaVXOCfnea', '1', '200', '0', '铻嶆辰鍢夊洯', '2', '0', '榫欏煙瑗夸簩璺�'), ('18', '鍗庤锤鍩� 涓滃悜涓�灞呮寫绌簂oft 骞插噣娓╅Θ 闅忔椂鍙互绛剧害', '5700', '52', '1', '7', '20', '0', '2012', '1', '2017-09-06 21:01:02', '2017-09-11 00:35:01', 'bj', 'hdq', 'FsxiS6rOTpSg5pK7tv41e8Zpnn_c', '2', '1085', '1', '铻嶆辰鍢夊洯', '2', '0', '榫欏煙瑗夸簩璺�'), ('19', '鏈涙槬鍥澘妤间笁灞呭 鑷綇绮捐 鍗楀寳閫氶�� 閲囧厜濂借閲庢锛�', '9200', '132', '3', '6', '14', '0', '2005', '1', '2017-09-06 22:44:25', '2017-09-11 00:34:55', 'bj', 'hdq', 'Fl1lNikhmMIecbTn-JTsurxugtFU', '2', '1108', '2', '铻嶆辰鍢夊洯', '2', '0', '榫欏煙瑗夸簩璺�'), ('20', '楂樺ぇ涓婄殑鏁寸涓ゅ眳瀹� 涓氫富璇氭剰鍑虹', '5400', '56', '2', '12', '20', '0', '2012', '1', '2017-09-06 23:39:50', '2017-09-11 00:34:21', 'bj', 'hdq', 'FtNl9uPM6p5PjEs8z2FnOuViNtOM', '2', '-1', '1', '铻嶆辰鍢夊洯', '2', '0', '榫欏煙瑗夸簩璺�'), ('21', '鏂板悍鍥� 姝ｈ涓夊眳瀹� 绮捐淇� 瀹剁數瀹跺叿榻愬叏', '1900', '18', '1', '13', '25', '0', '2012', '1', '2017-09-07 00:52:47', '2017-09-11 00:34:13', 'bj', 'hdq', 'Fn9sHC3Wx7qpYCmSxt-z8FZluf0Z', '3', '1302', '0', '铻嶆辰鍢夊洯', '2', '0', '榫欏煙瑗夸簩璺�'), ('24', '婀栧厜澹瑰彿鏈涗含鍗庡簻183-387銕￠様鏅ぇ瀹�', '50000', '288', '5', '1', '1', '0', '2015', '1', '2017-09-07 11:42:20', '2017-09-18 20:14:14', 'bj', 'hdq', 'FvVqU8LneZZ5xaLBAOM1KXR2Pz1X', '5', '200', '3', '铻嶆辰鍢夊洯', '2', '0', '榫欏煙瑗夸簩璺�'); nested exception is org.h2.jdbc.JdbcSQLException: Value too long for column "TITLE VARCHAR(32) NOT NULL": "STRINGDECODE('\u7035\u5c7d\u59cf\u9369\ufffd \u9365\u501f\u9524CBD \u93c3\u8dfa\u76bb\u6d7c\u6226\u68fd \u935f\u55d7\u59df\u9354... (33)"; SQL statement:
INSERT INTO `house`(`id`, `title`, `price`, `area`, `room`, `floor`, `total_floor`, `watch_times`, `build_year`, `status`, `create_time`, `last_update_time`, `city_en_name`, `region_en_name`, `cover`, `direction`, `distance_to_subway`, `parlour`, `district`, `admin_id`, `bathroom`, `street`) VALUES ('15', '瀵屽姏鍩� 鍥借锤CBD 鏃跺皻浼戦棽 鍟嗗姟鍔炲叕 瓒呮鐡﹀姏', '6200', '70', '2', '10', '20', '2', '2005', '1', '2017-09-06 18:56:14', '2017-09-15 00:26:59', 'bj', 'hdq', 'FmD3zKG-gUPOrNv0HwzZN7IbkAC_', '2', '10', '1', '铻嶆辰鍢夊洯', '2', '0', '榫欏煙瑗夸簩璺�'), ('16', '瀵屽姏鍩� 鍥借锤CBD 鏃跺皻浼戦棽 鍟嗗姟鍔炲叕', '6300', '70', '2', '10', '20', '0', '2012', '1', '2017-09-06 19:53:35', '2017-09-11 00:35:13', 'bj', 'hdq', 'FmD3zKG-gUPOrNv0HwzZN7IbkAC_', '1', '-1', '1', '铻嶆辰鍢夊洯', '2', '0', '榫欏煙瑗夸簩璺�'), ('17', '浜岀幆涓滅洿闂ㄥ湴閾佺珯闄勮繎銆佺帇搴滀簳銆佸ぉ瀹夐棬銆佸浗璐搞�佷笁閲屽悲銆佸崡閿ｉ紦宸�', '3000', '35', '1', '5', '10', '0', '2013', '1', '2017-09-06 20:45:35', '2017-09-11 00:35:05', 'bj', 'hdq', 'FhVdDhzVDH1dLVVx4jOaVXOCfnea', '1', '200', '0', '铻嶆辰鍢夊洯', '2', '0', '榫欏煙瑗夸簩璺�'), ('18', '鍗庤锤鍩� 涓滃悜涓�灞呮寫绌簂oft 骞插噣娓╅Θ 闅忔椂鍙互绛剧害', '5700', '52', '1', '7', '20', '0', '2012', '1', '2017-09-06 21:01:02', '2017-09-11 00:35:01', 'bj', 'hdq', 'FsxiS6rOTpSg5pK7tv41e8Zpnn_c', '2', '1085', '1', '铻嶆辰鍢夊洯', '2', '0', '榫欏煙瑗夸簩璺�'), ('19', '鏈涙槬鍥澘妤间笁灞呭 鑷綇绮捐 鍗楀寳閫氶�� 閲囧厜濂借閲庢锛�', '9200', '132', '3', '6', '14', '0', '2005', '1', '2017-09-06 22:44:25', '2017-09-11 00:34:55', 'bj', 'hdq', 'Fl1lNikhmMIecbTn-JTsurxugtFU', '2', '1108', '2', '铻嶆辰鍢夊洯', '2', '0', '榫欏煙瑗夸簩璺�'), ('20', '楂樺ぇ涓婄殑鏁寸涓ゅ眳瀹� 涓氫富璇氭剰鍑虹', '5400', '56', '2', '12', '20', '0', '2012', '1', '2017-09-06 23:39:50', '2017-09-11 00:34:21', 'bj', 'hdq', 'FtNl9uPM6p5PjEs8z2FnOuViNtOM', '2', '-1', '1', '铻嶆辰鍢夊洯', '2', '0', '榫欏煙瑗夸簩璺�'), ('21', '鏂板悍鍥� 姝ｈ涓夊眳瀹� 绮捐淇� 瀹剁數瀹跺叿榻愬叏', '1900', '18', '1', '13', '25', '0', '2012', '1', '2017-09-07 00:52:47', '2017-09-11 00:34:13', 'bj', 'hdq', 'Fn9sHC3Wx7qpYCmSxt-z8FZluf0Z', '3', '1302', '0', '铻嶆辰鍢夊洯', '2', '0', '榫欏煙瑗夸簩璺�'), ('24', '婀栧厜澹瑰彿鏈涗含鍗庡簻183-387銕￠様鏅ぇ瀹�', '50000', '288', '5', '1', '1', '0', '2015', '1', '2017-09-07 11:42:20', '2017-09-18 20:14:14', 'bj', 'hdq', 'FvVqU8LneZZ5xaLBAOM1KXR2Pz1X', '5', '200', '3', '铻嶆辰鍢夊洯', '2', '0', '榫欏煙瑗夸簩璺�') [22001-196]
	at org.springframework.jdbc.datasource.init.ScriptUtils.executeSqlScript(ScriptUtils.java:491)
	at org.springframework.jdbc.datasource.init.ResourceDatabasePopulator.populate(ResourceDatabasePopulator.java:238)
	at org.springframework.jdbc.datasource.init.DatabasePopulatorUtils.execute(DatabasePopulatorUtils.java:48)
	at org.springframework.boot.autoconfigure.jdbc.DataSourceInitializer.runScripts(DataSourceInitializer.java:192)
	at org.springframework.boot.autoconfigure.jdbc.DataSourceInitializer.runDataScripts(DataSourceInitializer.java:128)
	at org.springframework.boot.autoconfigure.jdbc.DataSourceInitializer.onApplicationEvent(DataSourceInitializer.java:118)
	at org.springframework.boot.autoconfigure.jdbc.DataSourceInitializer.onApplicationEvent(DataSourceInitializer.java:51)
	at org.springframework.context.event.SimpleApplicationEventMulticaster.doInvokeListener(SimpleApplicationEventMulticaster.java:172)
	at org.springframework.context.event.SimpleApplicationEventMulticaster.invokeListener(SimpleApplicationEventMulticaster.java:165)
	at org.springframework.context.event.SimpleApplicationEventMulticaster.multicastEvent(SimpleApplicationEventMulticaster.java:139)
	at org.springframework.context.support.AbstractApplicationContext.publishEvent(AbstractApplicationContext.java:393)
	at org.springframework.context.support.AbstractApplicationContext.publishEvent(AbstractApplicationContext.java:347)
	at org.springframework.boot.autoconfigure.jdbc.DataSourceInitializer.runSchemaScripts(DataSourceInitializer.java:95)
	at org.springframework.boot.autoconfigure.jdbc.DataSourceInitializer.init(DataSourceInitializer.java:83)
	at sun.reflect.NativeMethodAccessorImpl.invoke0(Native Method)
	at sun.reflect.NativeMethodAccessorImpl.invoke(NativeMethodAccessorImpl.java:62)
	at sun.reflect.DelegatingMethodAccessorImpl.invoke(DelegatingMethodAccessorImpl.java:43)
	at java.lang.reflect.Method.invoke(Method.java:483)
	at org.springframework.beans.factory.annotation.InitDestroyAnnotationBeanPostProcessor$LifecycleElement.invoke(InitDestroyAnnotationBeanPostProcessor.java:366)
	at org.springframework.beans.factory.annotation.InitDestroyAnnotationBeanPostProcessor$LifecycleMetadata.invokeInitMethods(InitDestroyAnnotationBeanPostProcessor.java:311)
	at org.springframework.beans.factory.annotation.InitDestroyAnnotationBeanPostProcessor.postProcessBeforeInitialization(InitDestroyAnnotationBeanPostProcessor.java:134)
	at org.springframework.beans.factory.support.AbstractAutowireCapableBeanFactory.applyBeanPostProcessorsBeforeInitialization(AbstractAutowireCapableBeanFactory.java:409)
	at org.springframework.beans.factory.support.AbstractAutowireCapableBeanFactory.initializeBean(AbstractAutowireCapableBeanFactory.java:1620)
	at org.springframework.beans.factory.support.AbstractAutowireCapableBeanFactory.doCreateBean(AbstractAutowireCapableBeanFactory.java:555)
	at org.springframework.beans.factory.support.AbstractAutowireCapableBeanFactory.createBean(AbstractAutowireCapableBeanFactory.java:483)
	at org.springframework.beans.factory.support.AbstractBeanFactory$1.getObject(AbstractBeanFactory.java:306)
	at org.springframework.beans.factory.support.DefaultSingletonBeanRegistry.getSingleton(DefaultSingletonBeanRegistry.java:230)
	at org.springframework.beans.factory.support.AbstractBeanFactory.doGetBean(AbstractBeanFactory.java:302)
	at org.springframework.beans.factory.support.AbstractBeanFactory.getBean(AbstractBeanFactory.java:220)
	at org.springframework.beans.factory.support.DefaultListableBeanFactory.resolveNamedBean(DefaultListableBeanFactory.java:1018)
	at org.springframework.beans.factory.support.DefaultListableBeanFactory.getBean(DefaultListableBeanFactory.java:345)
	at org.springframework.beans.factory.support.DefaultListableBeanFactory.getBean(DefaultListableBeanFactory.java:340)
	at org.springframework.boot.autoconfigure.jdbc.DataSourceInitializerPostProcessor.postProcessAfterInitialization(DataSourceInitializerPostProcessor.java:62)
	at org.springframework.beans.factory.support.AbstractAutowireCapableBeanFactory.applyBeanPostProcessorsAfterInitialization(AbstractAutowireCapableBeanFactory.java:423)
	at org.springframework.beans.factory.support.AbstractAutowireCapableBeanFactory.initializeBean(AbstractAutowireCapableBeanFactory.java:1633)
	at org.springframework.beans.factory.support.AbstractAutowireCapableBeanFactory.doCreateBean(AbstractAutowireCapableBeanFactory.java:555)
	at org.springframework.beans.factory.support.AbstractAutowireCapableBeanFactory.createBean(AbstractAutowireCapableBeanFactory.java:483)
	at org.springframework.beans.factory.support.AbstractBeanFactory$1.getObject(AbstractBeanFactory.java:306)
	at org.springframework.beans.factory.support.DefaultSingletonBeanRegistry.getSingleton(DefaultSingletonBeanRegistry.java:230)
	at org.springframework.beans.factory.support.AbstractBeanFactory.doGetBean(AbstractBeanFactory.java:302)
	at org.springframework.beans.factory.support.AbstractBeanFactory.getBean(AbstractBeanFactory.java:197)
	at org.springframework.context.annotation.ConfigurationClassEnhancer$BeanMethodInterceptor.obtainBeanInstanceFromFactory(ConfigurationClassEnhancer.java:389)
	at org.springframework.context.annotation.ConfigurationClassEnhancer$BeanMethodInterceptor.intercept(ConfigurationClassEnhancer.java:361)
	at com.imooc.config.JPAConfig$$EnhancerBySpringCGLIB$$ac3be7fd.dataSource(<generated>)
	at com.imooc.config.JPAConfig.entityManagerFactory(JPAConfig.java:36)
	at com.imooc.config.JPAConfig$$EnhancerBySpringCGLIB$$ac3be7fd.CGLIB$entityManagerFactory$2(<generated>)
	at com.imooc.config.JPAConfig$$EnhancerBySpringCGLIB$$ac3be7fd$$FastClassBySpringCGLIB$$914d9ecd.invoke(<generated>)
	at org.springframework.cglib.proxy.MethodProxy.invokeSuper(MethodProxy.java:228)
	at org.springframework.context.annotation.ConfigurationClassEnhancer$BeanMethodInterceptor.intercept(ConfigurationClassEnhancer.java:358)
	at com.imooc.config.JPAConfig$$EnhancerBySpringCGLIB$$ac3be7fd.entityManagerFactory(<generated>)
	at sun.reflect.NativeMethodAccessorImpl.invoke0(Native Method)
	at sun.reflect.NativeMethodAccessorImpl.invoke(NativeMethodAccessorImpl.java:62)
	at sun.reflect.DelegatingMethodAccessorImpl.invoke(DelegatingMethodAccessorImpl.java:43)
	at java.lang.reflect.Method.invoke(Method.java:483)
	at org.springframework.beans.factory.support.SimpleInstantiationStrategy.instantiate(SimpleInstantiationStrategy.java:162)
	at org.springframework.beans.factory.support.ConstructorResolver.instantiateUsingFactoryMethod(ConstructorResolver.java:588)
	at org.springframework.beans.factory.support.AbstractAutowireCapableBeanFactory.instantiateUsingFactoryMethod(AbstractAutowireCapableBeanFactory.java:1173)
	at org.springframework.beans.factory.support.AbstractAutowireCapableBeanFactory.createBeanInstance(AbstractAutowireCapableBeanFactory.java:1067)
	at org.springframework.beans.factory.support.AbstractAutowireCapableBeanFactory.doCreateBean(AbstractAutowireCapableBeanFactory.java:513)
	at org.springframework.beans.factory.support.AbstractAutowireCapableBeanFactory.createBean(AbstractAutowireCapableBeanFactory.java:483)
	at org.springframework.beans.factory.support.AbstractBeanFactory$1.getObject(AbstractBeanFactory.java:306)
	at org.springframework.beans.factory.support.DefaultSingletonBeanRegistry.getSingleton(DefaultSingletonBeanRegistry.java:230)
	at org.springframework.beans.factory.support.AbstractBeanFactory.doGetBean(AbstractBeanFactory.java:302)
	at org.springframework.beans.factory.support.AbstractBeanFactory.getBean(AbstractBeanFactory.java:197)
	at org.springframework.context.support.AbstractApplicationContext.getBean(AbstractApplicationContext.java:1078)
	at org.springframework.context.support.AbstractApplicationContext.finishBeanFactoryInitialization(AbstractApplicationContext.java:857)
	at org.springframework.context.support.AbstractApplicationContext.refresh(AbstractApplicationContext.java:543)
	at org.springframework.boot.SpringApplication.refresh(SpringApplication.java:693)
	at org.springframework.boot.SpringApplication.refreshContext(SpringApplication.java:360)
	at org.springframework.boot.SpringApplication.run(SpringApplication.java:303)
	at org.springframework.boot.test.context.SpringBootContextLoader.loadContext(SpringBootContextLoader.java:120)
	at org.springframework.test.context.cache.DefaultCacheAwareContextLoaderDelegate.loadContextInternal(DefaultCacheAwareContextLoaderDelegate.java:98)
	at org.springframework.test.context.cache.DefaultCacheAwareContextLoaderDelegate.loadContext(DefaultCacheAwareContextLoaderDelegate.java:116)
	at org.springframework.test.context.support.DefaultTestContext.getApplicationContext(DefaultTestContext.java:83)
	at org.springframework.test.context.web.ServletTestExecutionListener.setUpRequestContextIfNecessary(ServletTestExecutionListener.java:189)
	at org.springframework.test.context.web.ServletTestExecutionListener.prepareTestInstance(ServletTestExecutionListener.java:131)
	at org.springframework.test.context.TestContextManager.prepareTestInstance(TestContextManager.java:230)
	at org.springframework.test.context.junit4.SpringJUnit4ClassRunner.createTest(SpringJUnit4ClassRunner.java:228)
	at org.springframework.test.context.junit4.SpringJUnit4ClassRunner$1.runReflectiveCall(SpringJUnit4ClassRunner.java:287)
	at org.junit.internal.runners.model.ReflectiveCallable.run(ReflectiveCallable.java:12)
	at org.springframework.test.context.junit4.SpringJUnit4ClassRunner.methodBlock(SpringJUnit4ClassRunner.java:289)
	at org.springframework.test.context.junit4.SpringJUnit4ClassRunner.runChild(SpringJUnit4ClassRunner.java:247)
	at org.springframework.test.context.junit4.SpringJUnit4ClassRunner.runChild(SpringJUnit4ClassRunner.java:94)
	at org.junit.runners.ParentRunner$3.run(ParentRunner.java:290)
	at org.junit.runners.ParentRunner$1.schedule(ParentRunner.java:71)
	at org.junit.runners.ParentRunner.runChildren(ParentRunner.java:288)
	at org.junit.runners.ParentRunner.access$000(ParentRunner.java:58)
	at org.junit.runners.ParentRunner$2.evaluate(ParentRunner.java:268)
	at org.springframework.test.context.junit4.statements.RunBeforeTestClassCallbacks.evaluate(RunBeforeTestClassCallbacks.java:61)
	at org.springframework.test.context.junit4.statements.RunAfterTestClassCallbacks.evaluate(RunAfterTestClassCallbacks.java:70)
	at org.junit.runners.ParentRunner.run(ParentRunner.java:363)
	at org.springframework.test.context.junit4.SpringJUnit4ClassRunner.run(SpringJUnit4ClassRunner.java:191)
	at org.apache.maven.surefire.junit4.JUnit4Provider.execute(JUnit4Provider.java:283)
	at org.apache.maven.surefire.junit4.JUnit4Provider.executeWithRerun(JUnit4Provider.java:173)
	at org.apache.maven.surefire.junit4.JUnit4Provider.executeTestSet(JUnit4Provider.java:153)
	at org.apache.maven.surefire.junit4.JUnit4Provider.invoke(JUnit4Provider.java:128)
	at org.apache.maven.surefire.booter.ForkedBooter.invokeProviderInSameClassLoader(ForkedBooter.java:203)
	at org.apache.maven.surefire.booter.ForkedBooter.runSuitesInProcess(ForkedBooter.java:155)
	at org.apache.maven.surefire.booter.ForkedBooter.main(ForkedBooter.java:103)
Caused by: org.h2.jdbc.JdbcSQLException: Value too long for column "TITLE VARCHAR(32) NOT NULL": "STRINGDECODE('\u7035\u5c7d\u59cf\u9369\ufffd \u9365\u501f\u9524CBD \u93c3\u8dfa\u76bb\u6d7c\u6226\u68fd \u935f\u55d7\u59df\u9354... (33)"; SQL statement:
INSERT INTO `house`(`id`, `title`, `price`, `area`, `room`, `floor`, `total_floor`, `watch_times`, `build_year`, `status`, `create_time`, `last_update_time`, `city_en_name`, `region_en_name`, `cover`, `direction`, `distance_to_subway`, `parlour`, `district`, `admin_id`, `bathroom`, `street`) VALUES ('15', '瀵屽姏鍩� 鍥借锤CBD 鏃跺皻浼戦棽 鍟嗗姟鍔炲叕 瓒呮鐡﹀姏', '6200', '70', '2', '10', '20', '2', '2005', '1', '2017-09-06 18:56:14', '2017-09-15 00:26:59', 'bj', 'hdq', 'FmD3zKG-gUPOrNv0HwzZN7IbkAC_', '2', '10', '1', '铻嶆辰鍢夊洯', '2', '0', '榫欏煙瑗夸簩璺�'), ('16', '瀵屽姏鍩� 鍥借锤CBD 鏃跺皻浼戦棽 鍟嗗姟鍔炲叕', '6300', '70', '2', '10', '20', '0', '2012', '1', '2017-09-06 19:53:35', '2017-09-11 00:35:13', 'bj', 'hdq', 'FmD3zKG-gUPOrNv0HwzZN7IbkAC_', '1', '-1', '1', '铻嶆辰鍢夊洯', '2', '0', '榫欏煙瑗夸簩璺�'), ('17', '浜岀幆涓滅洿闂ㄥ湴閾佺珯闄勮繎銆佺帇搴滀簳銆佸ぉ瀹夐棬銆佸浗璐搞�佷笁閲屽悲銆佸崡閿ｉ紦宸�', '3000', '35', '1', '5', '10', '0', '2013', '1', '2017-09-06 20:45:35', '2017-09-11 00:35:05', 'bj', 'hdq', 'FhVdDhzVDH1dLVVx4jOaVXOCfnea', '1', '200', '0', '铻嶆辰鍢夊洯', '2', '0', '榫欏煙瑗夸簩璺�'), ('18', '鍗庤锤鍩� 涓滃悜涓�灞呮寫绌簂oft 骞插噣娓╅Θ 闅忔椂鍙互绛剧害', '5700', '52', '1', '7', '20', '0', '2012', '1', '2017-09-06 21:01:02', '2017-09-11 00:35:01', 'bj', 'hdq', 'FsxiS6rOTpSg5pK7tv41e8Zpnn_c', '2', '1085', '1', '铻嶆辰鍢夊洯', '2', '0', '榫欏煙瑗夸簩璺�'), ('19', '鏈涙槬鍥澘妤间笁灞呭 鑷綇绮捐 鍗楀寳閫氶�� 閲囧厜濂借閲庢锛�', '9200', '132', '3', '6', '14', '0', '2005', '1', '2017-09-06 22:44:25', '2017-09-11 00:34:55', 'bj', 'hdq', 'Fl1lNikhmMIecbTn-JTsurxugtFU', '2', '1108', '2', '铻嶆辰鍢夊洯', '2', '0', '榫欏煙瑗夸簩璺�'), ('20', '楂樺ぇ涓婄殑鏁寸涓ゅ眳瀹� 涓氫富璇氭剰鍑虹', '5400', '56', '2', '12', '20', '0', '2012', '1', '2017-09-06 23:39:50', '2017-09-11 00:34:21', 'bj', 'hdq', 'FtNl9uPM6p5PjEs8z2FnOuViNtOM', '2', '-1', '1', '铻嶆辰鍢夊洯', '2', '0', '榫欏煙瑗夸簩璺�'), ('21', '鏂板悍鍥� 姝ｈ涓夊眳瀹� 绮捐淇� 瀹剁數瀹跺叿榻愬叏', '1900', '18', '1', '13', '25', '0', '2012', '1', '2017-09-07 00:52:47', '2017-09-11 00:34:13', 'bj', 'hdq', 'Fn9sHC3Wx7qpYCmSxt-z8FZluf0Z', '3', '1302', '0', '铻嶆辰鍢夊洯', '2', '0', '榫欏煙瑗夸簩璺�'), ('24', '婀栧厜澹瑰彿鏈涗含鍗庡簻183-387銕￠様鏅ぇ瀹�', '50000', '288', '5', '1', '1', '0', '2015', '1', '2017-09-07 11:42:20', '2017-09-18 20:14:14', 'bj', 'hdq', 'FvVqU8LneZZ5xaLBAOM1KXR2Pz1X', '5', '200', '3', '铻嶆辰鍢夊洯', '2', '0', '榫欏煙瑗夸簩璺�') [22001-196]
	at org.h2.message.DbException.getJdbcSQLException(DbException.java:345)
	at org.h2.message.DbException.get(DbException.java:179)
	at org.h2.table.Column.validateConvertUpdateSequence(Column.java:369)
	at org.h2.table.Table.validateConvertUpdateSequence(Table.java:797)
	at org.h2.command.dml.Insert.insertRows(Insert.java:151)
	at org.h2.command.dml.Insert.update(Insert.java:114)
	at org.h2.command.CommandContainer.update(CommandContainer.java:101)
	at org.h2.command.Command.executeUpdate(Command.java:260)
	at org.h2.jdbc.JdbcStatement.executeInternal(JdbcStatement.java:192)
	at org.h2.jdbc.JdbcStatement.execute(JdbcStatement.java:164)
	at sun.reflect.GeneratedMethodAccessor63.invoke(Unknown Source)
	at sun.reflect.DelegatingMethodAccessorImpl.invoke(DelegatingMethodAccessorImpl.java:43)
	at java.lang.reflect.Method.invoke(Method.java:483)
	at org.apache.tomcat.jdbc.pool.StatementFacade$StatementProxy.invoke(StatementFacade.java:114)
	at com.sun.proxy.$Proxy90.execute(Unknown Source)
	at org.springframework.jdbc.datasource.init.ScriptUtils.executeSqlScript(ScriptUtils.java:470)
	at org.springframework.jdbc.datasource.init.ResourceDatabasePopulator.populate(ResourceDatabasePopulator.java:238)
	at org.springframework.jdbc.datasource.init.DatabasePopulatorUtils.execute(DatabasePopulatorUtils.java:48)
	at org.springframework.boot.autoconfigure.jdbc.DataSourceInitializer.runScripts(DataSourceInitializer.java:192)
	at org.springframework.boot.autoconfigure.jdbc.DataSourceInitializer.runDataScripts(DataSourceInitializer.java:128)
	at org.springframework.boot.autoconfigure.jdbc.DataSourceInitializer.onApplicationEvent(DataSourceInitializer.java:118)
	at org.springframework.boot.autoconfigure.jdbc.DataSourceInitializer.onApplicationEvent(DataSourceInitializer.java:51)
	at org.springframework.context.event.SimpleApplicationEventMulticaster.doInvokeListener(SimpleApplicationEventMulticaster.java:172)
	at org.springframework.context.event.SimpleApplicationEventMulticaster.invokeListener(SimpleApplicationEventMulticaster.java:165)
	at org.springframework.context.event.SimpleApplicationEventMulticaster.multicastEvent(SimpleApplicationEventMulticaster.java:139)
	at org.springframework.context.support.AbstractApplicationContext.publishEvent(AbstractApplicationContext.java:393)
	at org.springframework.context.support.AbstractApplicationContext.publishEvent(AbstractApplicationContext.java:347)
	at org.springframework.boot.autoconfigure.jdbc.DataSourceInitializer.runSchemaScripts(DataSourceInitializer.java:95)
	at org.springframework.boot.autoconfigure.jdbc.DataSourceInitializer.init(DataSourceInitializer.java:83)
	at sun.reflect.NativeMethodAccessorImpl.invoke0(Native Method)
	at sun.reflect.NativeMethodAccessorImpl.invoke(NativeMethodAccessorImpl.java:62)
	at sun.reflect.DelegatingMethodAccessorImpl.invoke(DelegatingMethodAccessorImpl.java:43)
	at java.lang.reflect.Method.invoke(Method.java:483)
	at org.springframework.beans.factory.annotation.InitDestroyAnnotationBeanPostProcessor$LifecycleElement.invoke(InitDestroyAnnotationBeanPostProcessor.java:366)
	at org.springframework.beans.factory.annotation.InitDestroyAnnotationBeanPostProcessor$LifecycleMetadata.invokeInitMethods(InitDestroyAnnotationBeanPostProcessor.java:311)
	at org.springframework.beans.factory.annotation.InitDestroyAnnotationBeanPostProcessor.postProcessBeforeInitialization(InitDestroyAnnotationBeanPostProcessor.java:134)
	at org.springframework.beans.factory.support.AbstractAutowireCapableBeanFactory.applyBeanPostProcessorsBeforeInitialization(AbstractAutowireCapableBeanFactory.java:409)
	at org.springframework.beans.factory.support.AbstractAutowireCapableBeanFactory.initializeBean(AbstractAutowireCapableBeanFactory.java:1620)
	at org.springframework.beans.factory.support.AbstractAutowireCapableBeanFactory.doCreateBean(AbstractAutowireCapableBeanFactory.java:555)
	at org.springframework.beans.factory.support.AbstractAutowireCapableBeanFactory.createBean(AbstractAutowireCapableBeanFactory.java:483)
	at org.springframework.beans.factory.support.AbstractBeanFactory$1.getObject(AbstractBeanFactory.java:306)
	at org.springframework.beans.factory.support.DefaultSingletonBeanRegistry.getSingleton(DefaultSingletonBeanRegistry.java:230)
	at org.springframework.beans.factory.support.AbstractBeanFactory.doGetBean(AbstractBeanFactory.java:302)
	at org.springframework.beans.factory.support.AbstractBeanFactory.getBean(AbstractBeanFactory.java:220)
	at org.springframework.beans.factory.support.DefaultListableBeanFactory.resolveNamedBean(DefaultListableBeanFactory.java:1018)
	at org.springframework.beans.factory.support.DefaultListableBeanFactory.getBean(DefaultListableBeanFactory.java:345)
	at org.springframework.beans.factory.support.DefaultListableBeanFactory.getBean(DefaultListableBeanFactory.java:340)
	at org.springframework.boot.autoconfigure.jdbc.DataSourceInitializerPostProcessor.postProcessAfterInitialization(DataSourceInitializerPostProcessor.java:62)
	at org.springframework.beans.factory.support.AbstractAutowireCapableBeanFactory.applyBeanPostProcessorsAfterInitialization(AbstractAutowireCapableBeanFactory.java:423)
	at org.springframework.beans.factory.support.AbstractAutowireCapableBeanFactory.initializeBean(AbstractAutowireCapableBeanFactory.java:1633)
	at org.springframework.beans.factory.support.AbstractAutowireCapableBeanFactory.doCreateBean(AbstractAutowireCapableBeanFactory.java:555)
	at org.springframework.beans.factory.support.AbstractAutowireCapableBeanFactory.createBean(AbstractAutowireCapableBeanFactory.java:483)
	at org.springframework.beans.factory.support.AbstractBeanFactory$1.getObject(AbstractBeanFactory.java:306)
	at org.springframework.beans.factory.support.DefaultSingletonBeanRegistry.getSingleton(DefaultSingletonBeanRegistry.java:230)
	at org.springframework.beans.factory.support.AbstractBeanFactory.doGetBean(AbstractBeanFactory.java:302)
	at org.springframework.beans.factory.support.AbstractBeanFactory.getBean(AbstractBeanFactory.java:197)
	at org.springframework.context.annotation.ConfigurationClassEnhancer$BeanMethodInterceptor.obtainBeanInstanceFromFactory(ConfigurationClassEnhancer.java:389)
	at org.springframework.context.annotation.ConfigurationClassEnhancer$BeanMethodInterceptor.intercept(ConfigurationClassEnhancer.java:361)
	at com.imooc.config.JPAConfig$$EnhancerBySpringCGLIB$$ac3be7fd.dataSource(<generated>)
	at com.imooc.config.JPAConfig.entityManagerFactory(JPAConfig.java:36)
	at com.imooc.config.JPAConfig$$EnhancerBySpringCGLIB$$ac3be7fd.CGLIB$entityManagerFactory$2(<generated>)
	at com.imooc.config.JPAConfig$$EnhancerBySpringCGLIB$$ac3be7fd$$FastClassBySpringCGLIB$$914d9ecd.invoke(<generated>)
	at org.springframework.cglib.proxy.MethodProxy.invokeSuper(MethodProxy.java:228)
	at org.springframework.context.annotation.ConfigurationClassEnhancer$BeanMethodInterceptor.intercept(ConfigurationClassEnhancer.java:358)
	at com.imooc.config.JPAConfig$$EnhancerBySpringCGLIB$$ac3be7fd.entityManagerFactory(<generated>)
	at sun.reflect.NativeMethodAccessorImpl.invoke0(Native Method)
	at sun.reflect.NativeMethodAccessorImpl.invoke(NativeMethodAccessorImpl.java:62)
	at sun.reflect.DelegatingMethodAccessorImpl.invoke(DelegatingMethodAccessorImpl.java:43)
	at java.lang.reflect.Method.invoke(Method.java:483)
	at org.springframework.beans.factory.support.SimpleInstantiationStrategy.instantiate(SimpleInstantiationStrategy.java:162)
	at org.springframework.beans.factory.support.ConstructorResolver.instantiateUsingFactoryMethod(ConstructorResolver.java:588)
	at org.springframework.beans.factory.support.AbstractAutowireCapableBeanFactory.instantiateUsingFactoryMethod(AbstractAutowireCapableBeanFactory.java:1173)
	at org.springframework.beans.factory.support.AbstractAutowireCapableBeanFactory.createBeanInstance(AbstractAutowireCapableBeanFactory.java:1067)
	at org.springframework.beans.factory.support.AbstractAutowireCapableBeanFactory.doCreateBean(AbstractAutowireCapableBeanFactory.java:513)
	at org.springframework.beans.factory.support.AbstractAutowireCapableBeanFactory.createBean(AbstractAutowireCapableBeanFactory.java:483)
	at org.springframework.beans.factory.support.AbstractBeanFactory$1.getObject(AbstractBeanFactory.java:306)
	at org.springframework.beans.factory.support.DefaultSingletonBeanRegistry.getSingleton(DefaultSingletonBeanRegistry.java:230)
	at org.springframework.beans.factory.support.AbstractBeanFactory.doGetBean(AbstractBeanFactory.java:302)
	at org.springframework.beans.factory.support.AbstractBeanFactory.getBean(AbstractBeanFactory.java:197)
	at org.springframework.context.support.AbstractApplicationContext.getBean(AbstractApplicationContext.java:1078)
	at org.springframework.context.support.AbstractApplicationContext.finishBeanFactoryInitialization(AbstractApplicationContext.java:857)
	at org.springframework.context.support.AbstractApplicationContext.refresh(AbstractApplicationContext.java:543)
	at org.springframework.boot.SpringApplication.refresh(SpringApplication.java:693)
	at org.springframework.boot.SpringApplication.refreshContext(SpringApplication.java:360)
	at org.springframework.boot.SpringApplication.run(SpringApplication.java:303)
	at org.springframework.boot.test.context.SpringBootContextLoader.loadContext(SpringBootContextLoader.java:120)
	at org.springframework.test.context.cache.DefaultCacheAwareContextLoaderDelegate.loadContextInternal(DefaultCacheAwareContextLoaderDelegate.java:98)
	at org.springframework.test.context.cache.DefaultCacheAwareContextLoaderDelegate.loadContext(DefaultCacheAwareContextLoaderDelegate.java:116)
	at org.springframework.test.context.support.DefaultTestContext.getApplicationContext(DefaultTestContext.java:83)
	at org.springframework.test.context.web.ServletTestExecutionListener.setUpRequestContextIfNecessary(ServletTestExecutionListener.java:189)
	at org.springframework.test.context.web.ServletTestExecutionListener.prepareTestInstance(ServletTestExecutionListener.java:131)
	at org.springframework.test.context.TestContextManager.prepareTestInstance(TestContextManager.java:230)
	at org.springframework.test.context.junit4.SpringJUnit4ClassRunner.createTest(SpringJUnit4ClassRunner.java:228)
	at org.springframework.test.context.junit4.SpringJUnit4ClassRunner$1.runReflectiveCall(SpringJUnit4ClassRunner.java:287)
	at org.junit.internal.runners.model.ReflectiveCallable.run(ReflectiveCallable.java:12)
	at org.springframework.test.context.junit4.SpringJUnit4ClassRunner.methodBlock(SpringJUnit4ClassRunner.java:289)
	at org.springframework.test.context.junit4.SpringJUnit4ClassRunner.runChild(SpringJUnit4ClassRunner.java:247)
	at org.springframework.test.context.junit4.SpringJUnit4ClassRunner.runChild(SpringJUnit4ClassRunner.java:94)
	at org.junit.runners.ParentRunner$3.run(ParentRunner.java:290)
	at org.junit.runners.ParentRunner$1.schedule(ParentRunner.java:71)
	at org.junit.runners.ParentRunner.runChildren(ParentRunner.java:288)
	at org.junit.runners.ParentRunner.access$000(ParentRunner.java:58)
	at org.junit.runners.ParentRunner$2.evaluate(ParentRunner.java:268)
	at org.springframework.test.context.junit4.statements.RunBeforeTestClassCallbacks.evaluate(RunBeforeTestClassCallbacks.java:61)
	at org.springframework.test.context.junit4.statements.RunAfterTestClassCallbacks.evaluate(RunAfterTestClassCallbacks.java:70)
	at org.junit.runners.ParentRunner.run(ParentRunner.java:363)
	at org.springframework.test.context.junit4.SpringJUnit4ClassRunner.run(SpringJUnit4ClassRunner.java:191)
	at org.apache.maven.surefire.junit4.JUnit4Provider.execute(JUnit4Provider.java:283)
	at org.apache.maven.surefire.junit4.JUnit4Provider.executeWithRerun(JUnit4Provider.java:173)
	at org.apache.maven.surefire.junit4.JUnit4Provider.executeTestSet(JUnit4Provider.java:153)
	at org.apache.maven.surefire.junit4.JUnit4Provider.invoke(JUnit4Provider.java:128)
	at org.apache.maven.surefire.booter.ForkedBooter.invokeProviderInSameClassLoader(ForkedBooter.java:203)
	at org.apache.maven.surefire.booter.ForkedBooter.runSuitesInProcess(ForkedBooter.java:155)
	at org.apache.maven.surefire.booter.ForkedBooter.main(ForkedBooter.java:103)
]]></error>
    <system-out><![CDATA[2018-01-18 21:11:30.218  INFO 4044 --- [           main] .b.t.c.SpringBootTestContextBootstrapper : Neither @ContextConfiguration nor @ContextHierarchy found for test class [com.imooc.service.house.QiNiuServiceTests], using SpringBootContextLoader
2018-01-18 21:11:30.219  INFO 4044 --- [           main] o.s.t.c.support.AbstractContextLoader    : Could not detect default resource locations for test class [com.imooc.service.house.QiNiuServiceTests]: no resource found for suffixes {-context.xml, Context.groovy}.
2018-01-18 21:11:30.219  INFO 4044 --- [           main] t.c.s.AnnotationConfigContextLoaderUtils : Could not detect default configuration classes for test class [com.imooc.service.house.QiNiuServiceTests]: QiNiuServiceTests does not declare any static, non-private, non-final, nested classes annotated with @Configuration.
2018-01-18 21:11:30.223  INFO 4044 --- [           main] .b.t.c.SpringBootTestContextBootstrapper : Found @SpringBootConfiguration com.imooc.Application for test class com.imooc.service.house.QiNiuServiceTests
2018-01-18 21:11:30.226  INFO 4044 --- [           main] .b.t.c.SpringBootTestContextBootstrapper : Loaded default TestExecutionListener class names from location [META-INF/spring.factories]: [org.springframework.boot.test.mock.mockito.MockitoTestExecutionListener, org.springframework.boot.test.mock.mockito.ResetMocksTestExecutionListener, org.springframework.boot.test.autoconfigure.restdocs.RestDocsTestExecutionListener, org.springframework.boot.test.autoconfigure.web.client.MockRestServiceServerResetTestExecutionListener, org.springframework.boot.test.autoconfigure.web.servlet.MockMvcPrintOnlyOnFailureTestExecutionListener, org.springframework.boot.test.autoconfigure.web.servlet.WebDriverTestExecutionListener, org.springframework.test.context.web.ServletTestExecutionListener, org.springframework.test.context.support.DirtiesContextBeforeModesTestExecutionListener, org.springframework.test.context.support.DependencyInjectionTestExecutionListener, org.springframework.test.context.support.DirtiesContextTestExecutionListener, org.springframework.test.context.transaction.TransactionalTestExecutionListener, org.springframework.test.context.jdbc.SqlScriptsTestExecutionListener, org.springframework.security.test.context.support.WithSecurityContextTestExecutionListener]
2018-01-18 21:11:30.229  INFO 4044 --- [           main] .b.t.c.SpringBootTestContextBootstrapper : Using TestExecutionListeners: [org.springframework.test.context.web.ServletTestExecutionListener@329d84e, org.springframework.test.context.support.DirtiesContextBeforeModesTestExecutionListener@6ba93858, org.springframework.boot.test.autoconfigure.SpringBootDependencyInjectionTestExecutionListener@2a28ff85, org.springframework.test.context.support.DirtiesContextTestExecutionListener@14ac020b, org.springframework.test.context.transaction.TransactionalTestExecutionListener@590a4378, org.springframework.test.context.jdbc.SqlScriptsTestExecutionListener@7b43dbf9, org.springframework.security.test.context.support.WithSecurityContextTestExecutionListener@16fad7c3, org.springframework.boot.test.autoconfigure.web.servlet.WebDriverTestExecutionListener@6232334d, org.springframework.boot.test.mock.mockito.MockitoTestExecutionListener@6928adf0, org.springframework.boot.test.autoconfigure.restdocs.RestDocsTestExecutionListener@cd12f3f, org.springframework.boot.test.mock.mockito.ResetMocksTestExecutionListener@4c55a5a9, org.springframework.boot.test.autoconfigure.web.servlet.MockMvcPrintOnlyOnFailureTestExecutionListener@3f0e4f35, org.springframework.boot.test.autoconfigure.web.client.MockRestServiceServerResetTestExecutionListener@13652209]

  .   ____          _            __ _ _
 /\\ / ___'_ __ _ _(_)_ __  __ _ \ \ \ \
( ( )\___ | '_ | '_| | '_ \/ _` | \ \ \ \
 \\/  ___)| |_)| | | | | || (_| |  ) ) ) )
  '  |____| .__|_| |_|_| |_\__, | / / / /
 =========|_|==============|___/=/_/_/_/
 :: Spring Boot ::        (v1.5.7.RELEASE)

2018-01-18 21:11:30.294  INFO 4044 --- [           main] c.imooc.service.house.QiNiuServiceTests  : Starting QiNiuServiceTests on SC-201703091028 with PID 4044 (started by Administrator in C:\Users\Administrator\Desktop\learn\m2cn7s)
2018-01-18 21:11:30.295  INFO 4044 --- [           main] c.imooc.service.house.QiNiuServiceTests  : The following profiles are active: test
2018-01-18 21:11:30.298  INFO 4044 --- [           main] o.s.w.c.s.GenericWebApplicationContext   : Refreshing org.springframework.web.context.support.GenericWebApplicationContext@7ae22900: startup date [Thu Jan 18 21:11:30 CST 2018]; root of context hierarchy
2018-01-18 21:11:30.786  INFO 4044 --- [           main] .s.d.r.c.RepositoryConfigurationDelegate : Multiple Spring Data modules found, entering strict repository configuration mode!
2018-01-18 21:11:30.826  INFO 4044 --- [           main] .s.d.r.c.RepositoryConfigurationDelegate : Multiple Spring Data modules found, entering strict repository configuration mode!
2018-01-18 21:11:30.870  INFO 4044 --- [           main] .RepositoryConfigurationExtensionSupport : Spring Data Redis - Could not safely identify store assignment for repository candidate interface com.imooc.repository.HouseTagRepository.
2018-01-18 21:11:30.870  INFO 4044 --- [           main] .RepositoryConfigurationExtensionSupport : Spring Data Redis - Could not safely identify store assignment for repository candidate interface com.imooc.repository.SupportAddressRepository.
2018-01-18 21:11:30.871  INFO 4044 --- [           main] .RepositoryConfigurationExtensionSupport : Spring Data Redis - Could not safely identify store assignment for repository candidate interface com.imooc.repository.SubwayRepository.
2018-01-18 21:11:30.871  INFO 4044 --- [           main] .RepositoryConfigurationExtensionSupport : Spring Data Redis - Could not safely identify store assignment for repository candidate interface com.imooc.repository.HousePictureRepository.
2018-01-18 21:11:30.871  INFO 4044 --- [           main] .RepositoryConfigurationExtensionSupport : Spring Data Redis - Could not safely identify store assignment for repository candidate interface com.imooc.repository.SubwayStationRepository.
2018-01-18 21:11:30.871  INFO 4044 --- [           main] .RepositoryConfigurationExtensionSupport : Spring Data Redis - Could not safely identify store assignment for repository candidate interface com.imooc.repository.HouseSubscribeRespository.
2018-01-18 21:11:30.871  INFO 4044 --- [           main] .RepositoryConfigurationExtensionSupport : Spring Data Redis - Could not safely identify store assignment for repository candidate interface com.imooc.repository.HouseDetailRepository.
2018-01-18 21:11:30.871  INFO 4044 --- [           main] .RepositoryConfigurationExtensionSupport : Spring Data Redis - Could not safely identify store assignment for repository candidate interface com.imooc.repository.RoleRepository.
2018-01-18 21:11:30.872  INFO 4044 --- [           main] .RepositoryConfigurationExtensionSupport : Spring Data Redis - Could not safely identify store assignment for repository candidate interface com.imooc.repository.UserRepository.
2018-01-18 21:11:30.872  INFO 4044 --- [           main] .RepositoryConfigurationExtensionSupport : Spring Data Redis - Could not safely identify store assignment for repository candidate interface com.imooc.repository.HouseRepository.
2018-01-18 21:11:30.971  INFO 4044 --- [           main] trationDelegate$BeanPostProcessorChecker : Bean 'org.springframework.kafka.annotation.KafkaBootstrapConfiguration' of type [org.springframework.kafka.annotation.KafkaBootstrapConfiguration$$EnhancerBySpringCGLIB$$61d9ec0e] is not eligible for getting processed by all BeanPostProcessors (for example: not eligible for auto-proxying)
2018-01-18 21:11:31.161  INFO 4044 --- [           main] o.s.jdbc.datasource.init.ScriptUtils     : Executing SQL script from class path resource [db/schema.sql]
2018-01-18 21:11:31.181  INFO 4044 --- [           main] o.s.jdbc.datasource.init.ScriptUtils     : Executed SQL script from class path resource [db/schema.sql] in 20 ms.
2018-01-18 21:11:31.185  INFO 4044 --- [           main] o.s.jdbc.datasource.init.ScriptUtils     : Executing SQL script from class path resource [db/data.sql]
2018-01-18 21:11:31.196  WARN 4044 --- [           main] o.s.w.c.s.GenericWebApplicationContext   : Exception encountered during context initialization - cancelling refresh attempt: org.springframework.beans.factory.BeanCreationException: Error creating bean with name 'entityManagerFactory' defined in class path resource [com/imooc/config/JPAConfig.class]: Bean instantiation via factory method failed; nested exception is org.springframework.beans.BeanInstantiationException: Failed to instantiate [org.springframework.orm.jpa.LocalContainerEntityManagerFactoryBean]: Factory method 'entityManagerFactory' threw exception; nested exception is org.springframework.beans.factory.BeanCreationException: Error creating bean with name 'dataSource' defined in class path resource [com/imooc/config/JPAConfig.class]: Initialization of bean failed; nested exception is org.springframework.beans.factory.BeanCreationException: Error creating bean with name 'dataSourceInitializer': Invocation of init method failed; nested exception is org.springframework.jdbc.datasource.init.ScriptStatementFailedException: Failed to execute SQL script statement #7 of class path resource [db/data.sql]: INSERT INTO `house`(`id`, `title`, `price`, `area`, `room`, `floor`, `total_floor`, `watch_times`, `build_year`, `status`, `create_time`, `last_update_time`, `city_en_name`, `region_en_name`, `cover`, `direction`, `distance_to_subway`, `parlour`, `district`, `admin_id`, `bathroom`, `street`) VALUES ('15', '鐎靛苯濮忛崺锟� 閸ュ�熼敜CBD 閺冭泛鐨绘导鎴︽＝ 閸熷棗濮熼崝鐐插彆 鐡掑懏顥楅悺锕�濮�', '6200', '70', '2', '10', '20', '2', '2005', '1', '2017-09-06 18:56:14', '2017-09-15 00:26:59', 'bj', 'hdq', 'FmD3zKG-gUPOrNv0HwzZN7IbkAC_', '2', '10', '1', '閾诲秵杈伴崲澶婃疮', '2', '0', '姒瑥鐓欑憲澶哥癌鐠猴拷'), ('16', '鐎靛苯濮忛崺锟� 閸ュ�熼敜CBD 閺冭泛鐨绘导鎴︽＝ 閸熷棗濮熼崝鐐插彆', '6300', '70', '2', '10', '20', '0', '2012', '1', '2017-09-06 19:53:35', '2017-09-11 00:35:13', 'bj', 'hdq', 'FmD3zKG-gUPOrNv0HwzZN7IbkAC_', '1', '-1', '1', '閾诲秵杈伴崲澶婃疮', '2', '0', '姒瑥鐓欑憲澶哥癌鐠猴拷'), ('17', '娴滃瞼骞嗘稉婊呮纯闂傘劌婀撮柧浣虹彲闂勫嫯绻庨妴浣哄竾鎼存粈绨抽妴浣搞亯鐎瑰妫妴浣告禇鐠愭悶锟戒椒绗侀柌灞芥偛閵嗕礁宕￠柨锝夌处瀹革拷', '3000', '35', '1', '5', '10', '0', '2013', '1', '2017-09-06 20:45:35', '2017-09-11 00:35:05', 'bj', 'hdq', 'FhVdDhzVDH1dLVVx4jOaVXOCfnea', '1', '200', '0', '閾诲秵杈伴崲澶婃疮', '2', '0', '姒瑥鐓欑憲澶哥癌鐠猴拷'), ('18', '閸楀氦閿ら崺锟� 娑撴粌鎮滄稉锟界仦鍛缁岀皞oft 楠炴彃鍣ｅ〒鈺呂� 闂呭繑妞傞崣顖欎簰缁涘墽瀹�', '5700', '52', '1', '7', '20', '0', '2012', '1', '2017-09-06 21:01:02', '2017-09-11 00:35:01', 'bj', 'hdq', 'FsxiS6rOTpSg5pK7tv41e8Zpnn_c', '2', '1085', '1', '閾诲秵杈伴崲澶婃疮', '2', '0', '姒瑥鐓欑憲澶哥癌鐠猴拷'), ('19', '閺堟稒妲崶顓熸緲濡ら棿绗佺仦鍛吇 閼奉亙缍囩划鎹愵棅 閸楁瀵抽柅姘讹拷锟� 闁插洤鍘滄總鍊燁潒闁插孩顥楅敍锟�', '9200', '132', '3', '6', '14', '0', '2005', '1', '2017-09-06 22:44:25', '2017-09-11 00:34:55', 'bj', 'hdq', 'Fl1lNikhmMIecbTn-JTsurxugtFU', '2', '1108', '2', '閾诲秵杈伴崲澶婃疮', '2', '0', '姒瑥鐓欑憲澶哥癌鐠猴拷'), ('20', '妤傛ê銇囨稉濠勬畱閺佸顫ゆ稉銈呯湷鐎癸拷 娑撴矮瀵岀拠姘壈閸戣櫣顫�', '5400', '56', '2', '12', '20', '0', '2012', '1', '2017-09-06 23:39:50', '2017-09-11 00:34:21', 'bj', 'hdq', 'FtNl9uPM6p5PjEs8z2FnOuViNtOM', '2', '-1', '1', '閾诲秵杈伴崲澶婃疮', '2', '0', '姒瑥鐓欑憲澶哥癌鐠猴拷'), ('21', '閺傛澘鎮嶉崶锟� 濮濓綀顫夋稉澶婄湷鐎癸拷 缁崘顥婃穱锟� 鐎瑰墎鏁哥�硅泛鍙挎鎰弿', '1900', '18', '1', '13', '25', '0', '2012', '1', '2017-09-07 00:52:47', '2017-09-11 00:34:13', 'bj', 'hdq', 'Fn9sHC3Wx7qpYCmSxt-z8FZluf0Z', '3', '1302', '0', '閾诲秵杈伴崲澶婃疮', '2', '0', '姒瑥鐓欑憲澶哥癌鐠猴拷'), ('24', '濠�鏍у帨婢圭懓褰块張娑楀惈閸楀骸绨�183-387閵曪繝妲橀弲顖氥亣鐎癸拷', '50000', '288', '5', '1', '1', '0', '2015', '1', '2017-09-07 11:42:20', '2017-09-18 20:14:14', 'bj', 'hdq', 'FvVqU8LneZZ5xaLBAOM1KXR2Pz1X', '5', '200', '3', '閾诲秵杈伴崲澶婃疮', '2', '0', '姒瑥鐓欑憲澶哥癌鐠猴拷'); nested exception is org.h2.jdbc.JdbcSQLException: Value too long for column "TITLE VARCHAR(32) NOT NULL": "STRINGDECODE('\u7035\u5c7d\u59cf\u9369\ufffd \u9365\u501f\u9524CBD \u93c3\u8dfa\u76bb\u6d7c\u6226\u68fd \u935f\u55d7\u59df\u9354... (33)"; SQL statement:
INSERT INTO `house`(`id`, `title`, `price`, `area`, `room`, `floor`, `total_floor`, `watch_times`, `build_year`, `status`, `create_time`, `last_update_time`, `city_en_name`, `region_en_name`, `cover`, `direction`, `distance_to_subway`, `parlour`, `district`, `admin_id`, `bathroom`, `street`) VALUES ('15', '鐎靛苯濮忛崺锟� 閸ュ�熼敜CBD 閺冭泛鐨绘导鎴︽＝ 閸熷棗濮熼崝鐐插彆 鐡掑懏顥楅悺锕�濮�', '6200', '70', '2', '10', '20', '2', '2005', '1', '2017-09-06 18:56:14', '2017-09-15 00:26:59', 'bj', 'hdq', 'FmD3zKG-gUPOrNv0HwzZN7IbkAC_', '2', '10', '1', '閾诲秵杈伴崲澶婃疮', '2', '0', '姒瑥鐓欑憲澶哥癌鐠猴拷'), ('16', '鐎靛苯濮忛崺锟� 閸ュ�熼敜CBD 閺冭泛鐨绘导鎴︽＝ 閸熷棗濮熼崝鐐插彆', '6300', '70', '2', '10', '20', '0', '2012', '1', '2017-09-06 19:53:35', '2017-09-11 00:35:13', 'bj', 'hdq', 'FmD3zKG-gUPOrNv0HwzZN7IbkAC_', '1', '-1', '1', '閾诲秵杈伴崲澶婃疮', '2', '0', '姒瑥鐓欑憲澶哥癌鐠猴拷'), ('17', '娴滃瞼骞嗘稉婊呮纯闂傘劌婀撮柧浣虹彲闂勫嫯绻庨妴浣哄竾鎼存粈绨抽妴浣搞亯鐎瑰妫妴浣告禇鐠愭悶锟戒椒绗侀柌灞芥偛閵嗕礁宕￠柨锝夌处瀹革拷', '3000', '35', '1', '5', '10', '0', '2013', '1', '2017-09-06 20:45:35', '2017-09-11 00:35:05', 'bj', 'hdq', 'FhVdDhzVDH1dLVVx4jOaVXOCfnea', '1', '200', '0', '閾诲秵杈伴崲澶婃疮', '2', '0', '姒瑥鐓欑憲澶哥癌鐠猴拷'), ('18', '閸楀氦閿ら崺锟� 娑撴粌鎮滄稉锟界仦鍛缁岀皞oft 楠炴彃鍣ｅ〒鈺呂� 闂呭繑妞傞崣顖欎簰缁涘墽瀹�', '5700', '52', '1', '7', '20', '0', '2012', '1', '2017-09-06 21:01:02', '2017-09-11 00:35:01', 'bj', 'hdq', 'FsxiS6rOTpSg5pK7tv41e8Zpnn_c', '2', '1085', '1', '閾诲秵杈伴崲澶婃疮', '2', '0', '姒瑥鐓欑憲澶哥癌鐠猴拷'), ('19', '閺堟稒妲崶顓熸緲濡ら棿绗佺仦鍛吇 閼奉亙缍囩划鎹愵棅 閸楁瀵抽柅姘讹拷锟� 闁插洤鍘滄總鍊燁潒闁插孩顥楅敍锟�', '9200', '132', '3', '6', '14', '0', '2005', '1', '2017-09-06 22:44:25', '2017-09-11 00:34:55', 'bj', 'hdq', 'Fl1lNikhmMIecbTn-JTsurxugtFU', '2', '1108', '2', '閾诲秵杈伴崲澶婃疮', '2', '0', '姒瑥鐓欑憲澶哥癌鐠猴拷'), ('20', '妤傛ê銇囨稉濠勬畱閺佸顫ゆ稉銈呯湷鐎癸拷 娑撴矮瀵岀拠姘壈閸戣櫣顫�', '5400', '56', '2', '12', '20', '0', '2012', '1', '2017-09-06 23:39:50', '2017-09-11 00:34:21', 'bj', 'hdq', 'FtNl9uPM6p5PjEs8z2FnOuViNtOM', '2', '-1', '1', '閾诲秵杈伴崲澶婃疮', '2', '0', '姒瑥鐓欑憲澶哥癌鐠猴拷'), ('21', '閺傛澘鎮嶉崶锟� 濮濓綀顫夋稉澶婄湷鐎癸拷 缁崘顥婃穱锟� 鐎瑰墎鏁哥�硅泛鍙挎鎰弿', '1900', '18', '1', '13', '25', '0', '2012', '1', '2017-09-07 00:52:47', '2017-09-11 00:34:13', 'bj', 'hdq', 'Fn9sHC3Wx7qpYCmSxt-z8FZluf0Z', '3', '1302', '0', '閾诲秵杈伴崲澶婃疮', '2', '0', '姒瑥鐓欑憲澶哥癌鐠猴拷'), ('24', '濠�鏍у帨婢圭懓褰块張娑楀惈閸楀骸绨�183-387閵曪繝妲橀弲顖氥亣鐎癸拷', '50000', '288', '5', '1', '1', '0', '2015', '1', '2017-09-07 11:42:20', '2017-09-18 20:14:14', 'bj', 'hdq', 'FvVqU8LneZZ5xaLBAOM1KXR2Pz1X', '5', '200', '3', '閾诲秵杈伴崲澶婃疮', '2', '0', '姒瑥鐓欑憲澶哥癌鐠猴拷') [22001-196]
2018-01-18 21:11:31.202  INFO 4044 --- [           main] utoConfigurationReportLoggingInitializer : 

Error starting ApplicationContext. To display the auto-configuration report re-run your application with 'debug' enabled.
2018-01-18 21:11:31.210 ERROR 4044 --- [           main] o.s.boot.SpringApplication               : Application startup failed

org.springframework.beans.factory.BeanCreationException: Error creating bean with name 'entityManagerFactory' defined in class path resource [com/imooc/config/JPAConfig.class]: Bean instantiation via factory method failed; nested exception is org.springframework.beans.BeanInstantiationException: Failed to instantiate [org.springframework.orm.jpa.LocalContainerEntityManagerFactoryBean]: Factory method 'entityManagerFactory' threw exception; nested exception is org.springframework.beans.factory.BeanCreationException: Error creating bean with name 'dataSource' defined in class path resource [com/imooc/config/JPAConfig.class]: Initialization of bean failed; nested exception is org.springframework.beans.factory.BeanCreationException: Error creating bean with name 'dataSourceInitializer': Invocation of init method failed; nested exception is org.springframework.jdbc.datasource.init.ScriptStatementFailedException: Failed to execute SQL script statement #7 of class path resource [db/data.sql]: INSERT INTO `house`(`id`, `title`, `price`, `area`, `room`, `floor`, `total_floor`, `watch_times`, `build_year`, `status`, `create_time`, `last_update_time`, `city_en_name`, `region_en_name`, `cover`, `direction`, `distance_to_subway`, `parlour`, `district`, `admin_id`, `bathroom`, `street`) VALUES ('15', '鐎靛苯濮忛崺锟� 閸ュ�熼敜CBD 閺冭泛鐨绘导鎴︽＝ 閸熷棗濮熼崝鐐插彆 鐡掑懏顥楅悺锕�濮�', '6200', '70', '2', '10', '20', '2', '2005', '1', '2017-09-06 18:56:14', '2017-09-15 00:26:59', 'bj', 'hdq', 'FmD3zKG-gUPOrNv0HwzZN7IbkAC_', '2', '10', '1', '閾诲秵杈伴崲澶婃疮', '2', '0', '姒瑥鐓欑憲澶哥癌鐠猴拷'), ('16', '鐎靛苯濮忛崺锟� 閸ュ�熼敜CBD 閺冭泛鐨绘导鎴︽＝ 閸熷棗濮熼崝鐐插彆', '6300', '70', '2', '10', '20', '0', '2012', '1', '2017-09-06 19:53:35', '2017-09-11 00:35:13', 'bj', 'hdq', 'FmD3zKG-gUPOrNv0HwzZN7IbkAC_', '1', '-1', '1', '閾诲秵杈伴崲澶婃疮', '2', '0', '姒瑥鐓欑憲澶哥癌鐠猴拷'), ('17', '娴滃瞼骞嗘稉婊呮纯闂傘劌婀撮柧浣虹彲闂勫嫯绻庨妴浣哄竾鎼存粈绨抽妴浣搞亯鐎瑰妫妴浣告禇鐠愭悶锟戒椒绗侀柌灞芥偛閵嗕礁宕￠柨锝夌处瀹革拷', '3000', '35', '1', '5', '10', '0', '2013', '1', '2017-09-06 20:45:35', '2017-09-11 00:35:05', 'bj', 'hdq', 'FhVdDhzVDH1dLVVx4jOaVXOCfnea', '1', '200', '0', '閾诲秵杈伴崲澶婃疮', '2', '0', '姒瑥鐓欑憲澶哥癌鐠猴拷'), ('18', '閸楀氦閿ら崺锟� 娑撴粌鎮滄稉锟界仦鍛缁岀皞oft 楠炴彃鍣ｅ〒鈺呂� 闂呭繑妞傞崣顖欎簰缁涘墽瀹�', '5700', '52', '1', '7', '20', '0', '2012', '1', '2017-09-06 21:01:02', '2017-09-11 00:35:01', 'bj', 'hdq', 'FsxiS6rOTpSg5pK7tv41e8Zpnn_c', '2', '1085', '1', '閾诲秵杈伴崲澶婃疮', '2', '0', '姒瑥鐓欑憲澶哥癌鐠猴拷'), ('19', '閺堟稒妲崶顓熸緲濡ら棿绗佺仦鍛吇 閼奉亙缍囩划鎹愵棅 閸楁瀵抽柅姘讹拷锟� 闁插洤鍘滄總鍊燁潒闁插孩顥楅敍锟�', '9200', '132', '3', '6', '14', '0', '2005', '1', '2017-09-06 22:44:25', '2017-09-11 00:34:55', 'bj', 'hdq', 'Fl1lNikhmMIecbTn-JTsurxugtFU', '2', '1108', '2', '閾诲秵杈伴崲澶婃疮', '2', '0', '姒瑥鐓欑憲澶哥癌鐠猴拷'), ('20', '妤傛ê銇囨稉濠勬畱閺佸顫ゆ稉銈呯湷鐎癸拷 娑撴矮瀵岀拠姘壈閸戣櫣顫�', '5400', '56', '2', '12', '20', '0', '2012', '1', '2017-09-06 23:39:50', '2017-09-11 00:34:21', 'bj', 'hdq', 'FtNl9uPM6p5PjEs8z2FnOuViNtOM', '2', '-1', '1', '閾诲秵杈伴崲澶婃疮', '2', '0', '姒瑥鐓欑憲澶哥癌鐠猴拷'), ('21', '閺傛澘鎮嶉崶锟� 濮濓綀顫夋稉澶婄湷鐎癸拷 缁崘顥婃穱锟� 鐎瑰墎鏁哥�硅泛鍙挎鎰弿', '1900', '18', '1', '13', '25', '0', '2012', '1', '2017-09-07 00:52:47', '2017-09-11 00:34:13', 'bj', 'hdq', 'Fn9sHC3Wx7qpYCmSxt-z8FZluf0Z', '3', '1302', '0', '閾诲秵杈伴崲澶婃疮', '2', '0', '姒瑥鐓欑憲澶哥癌鐠猴拷'), ('24', '濠�鏍у帨婢圭懓褰块張娑楀惈閸楀骸绨�183-387閵曪繝妲橀弲顖氥亣鐎癸拷', '50000', '288', '5', '1', '1', '0', '2015', '1', '2017-09-07 11:42:20', '2017-09-18 20:14:14', 'bj', 'hdq', 'FvVqU8LneZZ5xaLBAOM1KXR2Pz1X', '5', '200', '3', '閾诲秵杈伴崲澶婃疮', '2', '0', '姒瑥鐓欑憲澶哥癌鐠猴拷'); nested exception is org.h2.jdbc.JdbcSQLException: Value too long for column "TITLE VARCHAR(32) NOT NULL": "STRINGDECODE('\u7035\u5c7d\u59cf\u9369\ufffd \u9365\u501f\u9524CBD \u93c3\u8dfa\u76bb\u6d7c\u6226\u68fd \u935f\u55d7\u59df\u9354... (33)"; SQL statement:
INSERT INTO `house`(`id`, `title`, `price`, `area`, `room`, `floor`, `total_floor`, `watch_times`, `build_year`, `status`, `create_time`, `last_update_time`, `city_en_name`, `region_en_name`, `cover`, `direction`, `distance_to_subway`, `parlour`, `district`, `admin_id`, `bathroom`, `street`) VALUES ('15', '鐎靛苯濮忛崺锟� 閸ュ�熼敜CBD 閺冭泛鐨绘导鎴︽＝ 閸熷棗濮熼崝鐐插彆 鐡掑懏顥楅悺锕�濮�', '6200', '70', '2', '10', '20', '2', '2005', '1', '2017-09-06 18:56:14', '2017-09-15 00:26:59', 'bj', 'hdq', 'FmD3zKG-gUPOrNv0HwzZN7IbkAC_', '2', '10', '1', '閾诲秵杈伴崲澶婃疮', '2', '0', '姒瑥鐓欑憲澶哥癌鐠猴拷'), ('16', '鐎靛苯濮忛崺锟� 閸ュ�熼敜CBD 閺冭泛鐨绘导鎴︽＝ 閸熷棗濮熼崝鐐插彆', '6300', '70', '2', '10', '20', '0', '2012', '1', '2017-09-06 19:53:35', '2017-09-11 00:35:13', 'bj', 'hdq', 'FmD3zKG-gUPOrNv0HwzZN7IbkAC_', '1', '-1', '1', '閾诲秵杈伴崲澶婃疮', '2', '0', '姒瑥鐓欑憲澶哥癌鐠猴拷'), ('17', '娴滃瞼骞嗘稉婊呮纯闂傘劌婀撮柧浣虹彲闂勫嫯绻庨妴浣哄竾鎼存粈绨抽妴浣搞亯鐎瑰妫妴浣告禇鐠愭悶锟戒椒绗侀柌灞芥偛閵嗕礁宕￠柨锝夌处瀹革拷', '3000', '35', '1', '5', '10', '0', '2013', '1', '2017-09-06 20:45:35', '2017-09-11 00:35:05', 'bj', 'hdq', 'FhVdDhzVDH1dLVVx4jOaVXOCfnea', '1', '200', '0', '閾诲秵杈伴崲澶婃疮', '2', '0', '姒瑥鐓欑憲澶哥癌鐠猴拷'), ('18', '閸楀氦閿ら崺锟� 娑撴粌鎮滄稉锟界仦鍛缁岀皞oft 楠炴彃鍣ｅ〒鈺呂� 闂呭繑妞傞崣顖欎簰缁涘墽瀹�', '5700', '52', '1', '7', '20', '0', '2012', '1', '2017-09-06 21:01:02', '2017-09-11 00:35:01', 'bj', 'hdq', 'FsxiS6rOTpSg5pK7tv41e8Zpnn_c', '2', '1085', '1', '閾诲秵杈伴崲澶婃疮', '2', '0', '姒瑥鐓欑憲澶哥癌鐠猴拷'), ('19', '閺堟稒妲崶顓熸緲濡ら棿绗佺仦鍛吇 閼奉亙缍囩划鎹愵棅 閸楁瀵抽柅姘讹拷锟� 闁插洤鍘滄總鍊燁潒闁插孩顥楅敍锟�', '9200', '132', '3', '6', '14', '0', '2005', '1', '2017-09-06 22:44:25', '2017-09-11 00:34:55', 'bj', 'hdq', 'Fl1lNikhmMIecbTn-JTsurxugtFU', '2', '1108', '2', '閾诲秵杈伴崲澶婃疮', '2', '0', '姒瑥鐓欑憲澶哥癌鐠猴拷'), ('20', '妤傛ê銇囨稉濠勬畱閺佸顫ゆ稉銈呯湷鐎癸拷 娑撴矮瀵岀拠姘壈閸戣櫣顫�', '5400', '56', '2', '12', '20', '0', '2012', '1', '2017-09-06 23:39:50', '2017-09-11 00:34:21', 'bj', 'hdq', 'FtNl9uPM6p5PjEs8z2FnOuViNtOM', '2', '-1', '1', '閾诲秵杈伴崲澶婃疮', '2', '0', '姒瑥鐓欑憲澶哥癌鐠猴拷'), ('21', '閺傛澘鎮嶉崶锟� 濮濓綀顫夋稉澶婄湷鐎癸拷 缁崘顥婃穱锟� 鐎瑰墎鏁哥�硅泛鍙挎鎰弿', '1900', '18', '1', '13', '25', '0', '2012', '1', '2017-09-07 00:52:47', '2017-09-11 00:34:13', 'bj', 'hdq', 'Fn9sHC3Wx7qpYCmSxt-z8FZluf0Z', '3', '1302', '0', '閾诲秵杈伴崲澶婃疮', '2', '0', '姒瑥鐓欑憲澶哥癌鐠猴拷'), ('24', '濠�鏍у帨婢圭懓褰块張娑楀惈閸楀骸绨�183-387閵曪繝妲橀弲顖氥亣鐎癸拷', '50000', '288', '5', '1', '1', '0', '2015', '1', '2017-09-07 11:42:20', '2017-09-18 20:14:14', 'bj', 'hdq', 'FvVqU8LneZZ5xaLBAOM1KXR2Pz1X', '5', '200', '3', '閾诲秵杈伴崲澶婃疮', '2', '0', '姒瑥鐓欑憲澶哥癌鐠猴拷') [22001-196]
	at org.springframework.beans.factory.support.ConstructorResolver.instantiateUsingFactoryMethod(ConstructorResolver.java:599) ~[spring-beans-4.3.11.RELEASE.jar:4.3.11.RELEASE]
	at org.springframework.beans.factory.support.AbstractAutowireCapableBeanFactory.instantiateUsingFactoryMethod(AbstractAutowireCapableBeanFactory.java:1173) ~[spring-beans-4.3.11.RELEASE.jar:4.3.11.RELEASE]
	at org.springframework.beans.factory.support.AbstractAutowireCapableBeanFactory.createBeanInstance(AbstractAutowireCapableBeanFactory.java:1067) ~[spring-beans-4.3.11.RELEASE.jar:4.3.11.RELEASE]
	at org.springframework.beans.factory.support.AbstractAutowireCapableBeanFactory.doCreateBean(AbstractAutowireCapableBeanFactory.java:513) ~[spring-beans-4.3.11.RELEASE.jar:4.3.11.RELEASE]
	at org.springframework.beans.factory.support.AbstractAutowireCapableBeanFactory.createBean(AbstractAutowireCapableBeanFactory.java:483) ~[spring-beans-4.3.11.RELEASE.jar:4.3.11.RELEASE]
	at org.springframework.beans.factory.support.AbstractBeanFactory$1.getObject(AbstractBeanFactory.java:306) ~[spring-beans-4.3.11.RELEASE.jar:4.3.11.RELEASE]
	at org.springframework.beans.factory.support.DefaultSingletonBeanRegistry.getSingleton(DefaultSingletonBeanRegistry.java:230) ~[spring-beans-4.3.11.RELEASE.jar:4.3.11.RELEASE]
	at org.springframework.beans.factory.support.AbstractBeanFactory.doGetBean(AbstractBeanFactory.java:302) ~[spring-beans-4.3.11.RELEASE.jar:4.3.11.RELEASE]
	at org.springframework.beans.factory.support.AbstractBeanFactory.getBean(AbstractBeanFactory.java:197) ~[spring-beans-4.3.11.RELEASE.jar:4.3.11.RELEASE]
	at org.springframework.context.support.AbstractApplicationContext.getBean(AbstractApplicationContext.java:1078) ~[spring-context-4.3.11.RELEASE.jar:4.3.11.RELEASE]
	at org.springframework.context.support.AbstractApplicationContext.finishBeanFactoryInitialization(AbstractApplicationContext.java:857) ~[spring-context-4.3.11.RELEASE.jar:4.3.11.RELEASE]
	at org.springframework.context.support.AbstractApplicationContext.refresh(AbstractApplicationContext.java:543) ~[spring-context-4.3.11.RELEASE.jar:4.3.11.RELEASE]
	at org.springframework.boot.SpringApplication.refresh(SpringApplication.java:693) ~[spring-boot-1.5.7.RELEASE.jar:1.5.7.RELEASE]
	at org.springframework.boot.SpringApplication.refreshContext(SpringApplication.java:360) ~[spring-boot-1.5.7.RELEASE.jar:1.5.7.RELEASE]
	at org.springframework.boot.SpringApplication.run(SpringApplication.java:303) ~[spring-boot-1.5.7.RELEASE.jar:1.5.7.RELEASE]
	at org.springframework.boot.test.context.SpringBootContextLoader.loadContext(SpringBootContextLoader.java:120) [spring-boot-test-1.5.7.RELEASE.jar:1.5.7.RELEASE]
	at org.springframework.test.context.cache.DefaultCacheAwareContextLoaderDelegate.loadContextInternal(DefaultCacheAwareContextLoaderDelegate.java:98) [spring-test-4.3.11.RELEASE.jar:4.3.11.RELEASE]
	at org.springframework.test.context.cache.DefaultCacheAwareContextLoaderDelegate.loadContext(DefaultCacheAwareContextLoaderDelegate.java:116) [spring-test-4.3.11.RELEASE.jar:4.3.11.RELEASE]
	at org.springframework.test.context.support.DefaultTestContext.getApplicationContext(DefaultTestContext.java:83) [spring-test-4.3.11.RELEASE.jar:4.3.11.RELEASE]
	at org.springframework.test.context.web.ServletTestExecutionListener.setUpRequestContextIfNecessary(ServletTestExecutionListener.java:189) [spring-test-4.3.11.RELEASE.jar:4.3.11.RELEASE]
	at org.springframework.test.context.web.ServletTestExecutionListener.prepareTestInstance(ServletTestExecutionListener.java:131) [spring-test-4.3.11.RELEASE.jar:4.3.11.RELEASE]
	at org.springframework.test.context.TestContextManager.prepareTestInstance(TestContextManager.java:230) [spring-test-4.3.11.RELEASE.jar:4.3.11.RELEASE]
	at org.springframework.test.context.junit4.SpringJUnit4ClassRunner.createTest(SpringJUnit4ClassRunner.java:228) [spring-test-4.3.11.RELEASE.jar:4.3.11.RELEASE]
	at org.springframework.test.context.junit4.SpringJUnit4ClassRunner$1.runReflectiveCall(SpringJUnit4ClassRunner.java:287) [spring-test-4.3.11.RELEASE.jar:4.3.11.RELEASE]
	at org.junit.internal.runners.model.ReflectiveCallable.run(ReflectiveCallable.java:12) [junit-4.12.jar:4.12]
	at org.springframework.test.context.junit4.SpringJUnit4ClassRunner.methodBlock(SpringJUnit4ClassRunner.java:289) [spring-test-4.3.11.RELEASE.jar:4.3.11.RELEASE]
	at org.springframework.test.context.junit4.SpringJUnit4ClassRunner.runChild(SpringJUnit4ClassRunner.java:247) [spring-test-4.3.11.RELEASE.jar:4.3.11.RELEASE]
	at org.springframework.test.context.junit4.SpringJUnit4ClassRunner.runChild(SpringJUnit4ClassRunner.java:94) [spring-test-4.3.11.RELEASE.jar:4.3.11.RELEASE]
	at org.junit.runners.ParentRunner$3.run(ParentRunner.java:290) [junit-4.12.jar:4.12]
	at org.junit.runners.ParentRunner$1.schedule(ParentRunner.java:71) [junit-4.12.jar:4.12]
	at org.junit.runners.ParentRunner.runChildren(ParentRunner.java:288) [junit-4.12.jar:4.12]
	at org.junit.runners.ParentRunner.access$000(ParentRunner.java:58) [junit-4.12.jar:4.12]
	at org.junit.runners.ParentRunner$2.evaluate(ParentRunner.java:268) [junit-4.12.jar:4.12]
	at org.springframework.test.context.junit4.statements.RunBeforeTestClassCallbacks.evaluate(RunBeforeTestClassCallbacks.java:61) [spring-test-4.3.11.RELEASE.jar:4.3.11.RELEASE]
	at org.springframework.test.context.junit4.statements.RunAfterTestClassCallbacks.evaluate(RunAfterTestClassCallbacks.java:70) [spring-test-4.3.11.RELEASE.jar:4.3.11.RELEASE]
	at org.junit.runners.ParentRunner.run(ParentRunner.java:363) [junit-4.12.jar:4.12]
	at org.springframework.test.context.junit4.SpringJUnit4ClassRunner.run(SpringJUnit4ClassRunner.java:191) [spring-test-4.3.11.RELEASE.jar:4.3.11.RELEASE]
	at org.apache.maven.surefire.junit4.JUnit4Provider.execute(JUnit4Provider.java:283) [surefire-junit4-2.18.1.jar:2.18.1]
	at org.apache.maven.surefire.junit4.JUnit4Provider.executeWithRerun(JUnit4Provider.java:173) [surefire-junit4-2.18.1.jar:2.18.1]
	at org.apache.maven.surefire.junit4.JUnit4Provider.executeTestSet(JUnit4Provider.java:153) [surefire-junit4-2.18.1.jar:2.18.1]
	at org.apache.maven.surefire.junit4.JUnit4Provider.invoke(JUnit4Provider.java:128) [surefire-junit4-2.18.1.jar:2.18.1]
	at org.apache.maven.surefire.booter.ForkedBooter.invokeProviderInSameClassLoader(ForkedBooter.java:203) [surefire-booter-2.18.1.jar:2.18.1]
	at org.apache.maven.surefire.booter.ForkedBooter.runSuitesInProcess(ForkedBooter.java:155) [surefire-booter-2.18.1.jar:2.18.1]
	at org.apache.maven.surefire.booter.ForkedBooter.main(ForkedBooter.java:103) [surefire-booter-2.18.1.jar:2.18.1]
Caused by: org.springframework.beans.BeanInstantiationException: Failed to instantiate [org.springframework.orm.jpa.LocalContainerEntityManagerFactoryBean]: Factory method 'entityManagerFactory' threw exception; nested exception is org.springframework.beans.factory.BeanCreationException: Error creating bean with name 'dataSource' defined in class path resource [com/imooc/config/JPAConfig.class]: Initialization of bean failed; nested exception is org.springframework.beans.factory.BeanCreationException: Error creating bean with name 'dataSourceInitializer': Invocation of init method failed; nested exception is org.springframework.jdbc.datasource.init.ScriptStatementFailedException: Failed to execute SQL script statement #7 of class path resource [db/data.sql]: INSERT INTO `house`(`id`, `title`, `price`, `area`, `room`, `floor`, `total_floor`, `watch_times`, `build_year`, `status`, `create_time`, `last_update_time`, `city_en_name`, `region_en_name`, `cover`, `direction`, `distance_to_subway`, `parlour`, `district`, `admin_id`, `bathroom`, `street`) VALUES ('15', '鐎靛苯濮忛崺锟� 閸ュ�熼敜CBD 閺冭泛鐨绘导鎴︽＝ 閸熷棗濮熼崝鐐插彆 鐡掑懏顥楅悺锕�濮�', '6200', '70', '2', '10', '20', '2', '2005', '1', '2017-09-06 18:56:14', '2017-09-15 00:26:59', 'bj', 'hdq', 'FmD3zKG-gUPOrNv0HwzZN7IbkAC_', '2', '10', '1', '閾诲秵杈伴崲澶婃疮', '2', '0', '姒瑥鐓欑憲澶哥癌鐠猴拷'), ('16', '鐎靛苯濮忛崺锟� 閸ュ�熼敜CBD 閺冭泛鐨绘导鎴︽＝ 閸熷棗濮熼崝鐐插彆', '6300', '70', '2', '10', '20', '0', '2012', '1', '2017-09-06 19:53:35', '2017-09-11 00:35:13', 'bj', 'hdq', 'FmD3zKG-gUPOrNv0HwzZN7IbkAC_', '1', '-1', '1', '閾诲秵杈伴崲澶婃疮', '2', '0', '姒瑥鐓欑憲澶哥癌鐠猴拷'), ('17', '娴滃瞼骞嗘稉婊呮纯闂傘劌婀撮柧浣虹彲闂勫嫯绻庨妴浣哄竾鎼存粈绨抽妴浣搞亯鐎瑰妫妴浣告禇鐠愭悶锟戒椒绗侀柌灞芥偛閵嗕礁宕￠柨锝夌处瀹革拷', '3000', '35', '1', '5', '10', '0', '2013', '1', '2017-09-06 20:45:35', '2017-09-11 00:35:05', 'bj', 'hdq', 'FhVdDhzVDH1dLVVx4jOaVXOCfnea', '1', '200', '0', '閾诲秵杈伴崲澶婃疮', '2', '0', '姒瑥鐓欑憲澶哥癌鐠猴拷'), ('18', '閸楀氦閿ら崺锟� 娑撴粌鎮滄稉锟界仦鍛缁岀皞oft 楠炴彃鍣ｅ〒鈺呂� 闂呭繑妞傞崣顖欎簰缁涘墽瀹�', '5700', '52', '1', '7', '20', '0', '2012', '1', '2017-09-06 21:01:02', '2017-09-11 00:35:01', 'bj', 'hdq', 'FsxiS6rOTpSg5pK7tv41e8Zpnn_c', '2', '1085', '1', '閾诲秵杈伴崲澶婃疮', '2', '0', '姒瑥鐓欑憲澶哥癌鐠猴拷'), ('19', '閺堟稒妲崶顓熸緲濡ら棿绗佺仦鍛吇 閼奉亙缍囩划鎹愵棅 閸楁瀵抽柅姘讹拷锟� 闁插洤鍘滄總鍊燁潒闁插孩顥楅敍锟�', '9200', '132', '3', '6', '14', '0', '2005', '1', '2017-09-06 22:44:25', '2017-09-11 00:34:55', 'bj', 'hdq', 'Fl1lNikhmMIecbTn-JTsurxugtFU', '2', '1108', '2', '閾诲秵杈伴崲澶婃疮', '2', '0', '姒瑥鐓欑憲澶哥癌鐠猴拷'), ('20', '妤傛ê銇囨稉濠勬畱閺佸顫ゆ稉銈呯湷鐎癸拷 娑撴矮瀵岀拠姘壈閸戣櫣顫�', '5400', '56', '2', '12', '20', '0', '2012', '1', '2017-09-06 23:39:50', '2017-09-11 00:34:21', 'bj', 'hdq', 'FtNl9uPM6p5PjEs8z2FnOuViNtOM', '2', '-1', '1', '閾诲秵杈伴崲澶婃疮', '2', '0', '姒瑥鐓欑憲澶哥癌鐠猴拷'), ('21', '閺傛澘鎮嶉崶锟� 濮濓綀顫夋稉澶婄湷鐎癸拷 缁崘顥婃穱锟� 鐎瑰墎鏁哥�硅泛鍙挎鎰弿', '1900', '18', '1', '13', '25', '0', '2012', '1', '2017-09-07 00:52:47', '2017-09-11 00:34:13', 'bj', 'hdq', 'Fn9sHC3Wx7qpYCmSxt-z8FZluf0Z', '3', '1302', '0', '閾诲秵杈伴崲澶婃疮', '2', '0', '姒瑥鐓欑憲澶哥癌鐠猴拷'), ('24', '濠�鏍у帨婢圭懓褰块張娑楀惈閸楀骸绨�183-387閵曪繝妲橀弲顖氥亣鐎癸拷', '50000', '288', '5', '1', '1', '0', '2015', '1', '2017-09-07 11:42:20', '2017-09-18 20:14:14', 'bj', 'hdq', 'FvVqU8LneZZ5xaLBAOM1KXR2Pz1X', '5', '200', '3', '閾诲秵杈伴崲澶婃疮', '2', '0', '姒瑥鐓欑憲澶哥癌鐠猴拷'); nested exception is org.h2.jdbc.JdbcSQLException: Value too long for column "TITLE VARCHAR(32) NOT NULL": "STRINGDECODE('\u7035\u5c7d\u59cf\u9369\ufffd \u9365\u501f\u9524CBD \u93c3\u8dfa\u76bb\u6d7c\u6226\u68fd \u935f\u55d7\u59df\u9354... (33)"; SQL statement:
INSERT INTO `house`(`id`, `title`, `price`, `area`, `room`, `floor`, `total_floor`, `watch_times`, `build_year`, `status`, `create_time`, `last_update_time`, `city_en_name`, `region_en_name`, `cover`, `direction`, `distance_to_subway`, `parlour`, `district`, `admin_id`, `bathroom`, `street`) VALUES ('15', '鐎靛苯濮忛崺锟� 閸ュ�熼敜CBD 閺冭泛鐨绘导鎴︽＝ 閸熷棗濮熼崝鐐插彆 鐡掑懏顥楅悺锕�濮�', '6200', '70', '2', '10', '20', '2', '2005', '1', '2017-09-06 18:56:14', '2017-09-15 00:26:59', 'bj', 'hdq', 'FmD3zKG-gUPOrNv0HwzZN7IbkAC_', '2', '10', '1', '閾诲秵杈伴崲澶婃疮', '2', '0', '姒瑥鐓欑憲澶哥癌鐠猴拷'), ('16', '鐎靛苯濮忛崺锟� 閸ュ�熼敜CBD 閺冭泛鐨绘导鎴︽＝ 閸熷棗濮熼崝鐐插彆', '6300', '70', '2', '10', '20', '0', '2012', '1', '2017-09-06 19:53:35', '2017-09-11 00:35:13', 'bj', 'hdq', 'FmD3zKG-gUPOrNv0HwzZN7IbkAC_', '1', '-1', '1', '閾诲秵杈伴崲澶婃疮', '2', '0', '姒瑥鐓欑憲澶哥癌鐠猴拷'), ('17', '娴滃瞼骞嗘稉婊呮纯闂傘劌婀撮柧浣虹彲闂勫嫯绻庨妴浣哄竾鎼存粈绨抽妴浣搞亯鐎瑰妫妴浣告禇鐠愭悶锟戒椒绗侀柌灞芥偛閵嗕礁宕￠柨锝夌处瀹革拷', '3000', '35', '1', '5', '10', '0', '2013', '1', '2017-09-06 20:45:35', '2017-09-11 00:35:05', 'bj', 'hdq', 'FhVdDhzVDH1dLVVx4jOaVXOCfnea', '1', '200', '0', '閾诲秵杈伴崲澶婃疮', '2', '0', '姒瑥鐓欑憲澶哥癌鐠猴拷'), ('18', '閸楀氦閿ら崺锟� 娑撴粌鎮滄稉锟界仦鍛缁岀皞oft 楠炴彃鍣ｅ〒鈺呂� 闂呭繑妞傞崣顖欎簰缁涘墽瀹�', '5700', '52', '1', '7', '20', '0', '2012', '1', '2017-09-06 21:01:02', '2017-09-11 00:35:01', 'bj', 'hdq', 'FsxiS6rOTpSg5pK7tv41e8Zpnn_c', '2', '1085', '1', '閾诲秵杈伴崲澶婃疮', '2', '0', '姒瑥鐓欑憲澶哥癌鐠猴拷'), ('19', '閺堟稒妲崶顓熸緲濡ら棿绗佺仦鍛吇 閼奉亙缍囩划鎹愵棅 閸楁瀵抽柅姘讹拷锟� 闁插洤鍘滄總鍊燁潒闁插孩顥楅敍锟�', '9200', '132', '3', '6', '14', '0', '2005', '1', '2017-09-06 22:44:25', '2017-09-11 00:34:55', 'bj', 'hdq', 'Fl1lNikhmMIecbTn-JTsurxugtFU', '2', '1108', '2', '閾诲秵杈伴崲澶婃疮', '2', '0', '姒瑥鐓欑憲澶哥癌鐠猴拷'), ('20', '妤傛ê銇囨稉濠勬畱閺佸顫ゆ稉銈呯湷鐎癸拷 娑撴矮瀵岀拠姘壈閸戣櫣顫�', '5400', '56', '2', '12', '20', '0', '2012', '1', '2017-09-06 23:39:50', '2017-09-11 00:34:21', 'bj', 'hdq', 'FtNl9uPM6p5PjEs8z2FnOuViNtOM', '2', '-1', '1', '閾诲秵杈伴崲澶婃疮', '2', '0', '姒瑥鐓欑憲澶哥癌鐠猴拷'), ('21', '閺傛澘鎮嶉崶锟� 濮濓綀顫夋稉澶婄湷鐎癸拷 缁崘顥婃穱锟� 鐎瑰墎鏁哥�硅泛鍙挎鎰弿', '1900', '18', '1', '13', '25', '0', '2012', '1', '2017-09-07 00:52:47', '2017-09-11 00:34:13', 'bj', 'hdq', 'Fn9sHC3Wx7qpYCmSxt-z8FZluf0Z', '3', '1302', '0', '閾诲秵杈伴崲澶婃疮', '2', '0', '姒瑥鐓欑憲澶哥癌鐠猴拷'), ('24', '濠�鏍у帨婢圭懓褰块張娑楀惈閸楀骸绨�183-387閵曪繝妲橀弲顖氥亣鐎癸拷', '50000', '288', '5', '1', '1', '0', '2015', '1', '2017-09-07 11:42:20', '2017-09-18 20:14:14', 'bj', 'hdq', 'FvVqU8LneZZ5xaLBAOM1KXR2Pz1X', '5', '200', '3', '閾诲秵杈伴崲澶婃疮', '2', '0', '姒瑥鐓欑憲澶哥癌鐠猴拷') [22001-196]
	at org.springframework.beans.factory.support.SimpleInstantiationStrategy.instantiate(SimpleInstantiationStrategy.java:189) ~[spring-beans-4.3.11.RELEASE.jar:4.3.11.RELEASE]
	at org.springframework.beans.factory.support.ConstructorResolver.instantiateUsingFactoryMethod(ConstructorResolver.java:588) ~[spring-beans-4.3.11.RELEASE.jar:4.3.11.RELEASE]
	... 43 common frames omitted
Caused by: org.springframework.beans.factory.BeanCreationException: Error creating bean with name 'dataSource' defined in class path resource [com/imooc/config/JPAConfig.class]: Initialization of bean failed; nested exception is org.springframework.beans.factory.BeanCreationException: Error creating bean with name 'dataSourceInitializer': Invocation of init method failed; nested exception is org.springframework.jdbc.datasource.init.ScriptStatementFailedException: Failed to execute SQL script statement #7 of class path resource [db/data.sql]: INSERT INTO `house`(`id`, `title`, `price`, `area`, `room`, `floor`, `total_floor`, `watch_times`, `build_year`, `status`, `create_time`, `last_update_time`, `city_en_name`, `region_en_name`, `cover`, `direction`, `distance_to_subway`, `parlour`, `district`, `admin_id`, `bathroom`, `street`) VALUES ('15', '鐎靛苯濮忛崺锟� 閸ュ�熼敜CBD 閺冭泛鐨绘导鎴︽＝ 閸熷棗濮熼崝鐐插彆 鐡掑懏顥楅悺锕�濮�', '6200', '70', '2', '10', '20', '2', '2005', '1', '2017-09-06 18:56:14', '2017-09-15 00:26:59', 'bj', 'hdq', 'FmD3zKG-gUPOrNv0HwzZN7IbkAC_', '2', '10', '1', '閾诲秵杈伴崲澶婃疮', '2', '0', '姒瑥鐓欑憲澶哥癌鐠猴拷'), ('16', '鐎靛苯濮忛崺锟� 閸ュ�熼敜CBD 閺冭泛鐨绘导鎴︽＝ 閸熷棗濮熼崝鐐插彆', '6300', '70', '2', '10', '20', '0', '2012', '1', '2017-09-06 19:53:35', '2017-09-11 00:35:13', 'bj', 'hdq', 'FmD3zKG-gUPOrNv0HwzZN7IbkAC_', '1', '-1', '1', '閾诲秵杈伴崲澶婃疮', '2', '0', '姒瑥鐓欑憲澶哥癌鐠猴拷'), ('17', '娴滃瞼骞嗘稉婊呮纯闂傘劌婀撮柧浣虹彲闂勫嫯绻庨妴浣哄竾鎼存粈绨抽妴浣搞亯鐎瑰妫妴浣告禇鐠愭悶锟戒椒绗侀柌灞芥偛閵嗕礁宕￠柨锝夌处瀹革拷', '3000', '35', '1', '5', '10', '0', '2013', '1', '2017-09-06 20:45:35', '2017-09-11 00:35:05', 'bj', 'hdq', 'FhVdDhzVDH1dLVVx4jOaVXOCfnea', '1', '200', '0', '閾诲秵杈伴崲澶婃疮', '2', '0', '姒瑥鐓欑憲澶哥癌鐠猴拷'), ('18', '閸楀氦閿ら崺锟� 娑撴粌鎮滄稉锟界仦鍛缁岀皞oft 楠炴彃鍣ｅ〒鈺呂� 闂呭繑妞傞崣顖欎簰缁涘墽瀹�', '5700', '52', '1', '7', '20', '0', '2012', '1', '2017-09-06 21:01:02', '2017-09-11 00:35:01', 'bj', 'hdq', 'FsxiS6rOTpSg5pK7tv41e8Zpnn_c', '2', '1085', '1', '閾诲秵杈伴崲澶婃疮', '2', '0', '姒瑥鐓欑憲澶哥癌鐠猴拷'), ('19', '閺堟稒妲崶顓熸緲濡ら棿绗佺仦鍛吇 閼奉亙缍囩划鎹愵棅 閸楁瀵抽柅姘讹拷锟� 闁插洤鍘滄總鍊燁潒闁插孩顥楅敍锟�', '9200', '132', '3', '6', '14', '0', '2005', '1', '2017-09-06 22:44:25', '2017-09-11 00:34:55', 'bj', 'hdq', 'Fl1lNikhmMIecbTn-JTsurxugtFU', '2', '1108', '2', '閾诲秵杈伴崲澶婃疮', '2', '0', '姒瑥鐓欑憲澶哥癌鐠猴拷'), ('20', '妤傛ê銇囨稉濠勬畱閺佸顫ゆ稉銈呯湷鐎癸拷 娑撴矮瀵岀拠姘壈閸戣櫣顫�', '5400', '56', '2', '12', '20', '0', '2012', '1', '2017-09-06 23:39:50', '2017-09-11 00:34:21', 'bj', 'hdq', 'FtNl9uPM6p5PjEs8z2FnOuViNtOM', '2', '-1', '1', '閾诲秵杈伴崲澶婃疮', '2', '0', '姒瑥鐓欑憲澶哥癌鐠猴拷'), ('21', '閺傛澘鎮嶉崶锟� 濮濓綀顫夋稉澶婄湷鐎癸拷 缁崘顥婃穱锟� 鐎瑰墎鏁哥�硅泛鍙挎鎰弿', '1900', '18', '1', '13', '25', '0', '2012', '1', '2017-09-07 00:52:47', '2017-09-11 00:34:13', 'bj', 'hdq', 'Fn9sHC3Wx7qpYCmSxt-z8FZluf0Z', '3', '1302', '0', '閾诲秵杈伴崲澶婃疮', '2', '0', '姒瑥鐓欑憲澶哥癌鐠猴拷'), ('24', '濠�鏍у帨婢圭懓褰块張娑楀惈閸楀骸绨�183-387閵曪繝妲橀弲顖氥亣鐎癸拷', '50000', '288', '5', '1', '1', '0', '2015', '1', '2017-09-07 11:42:20', '2017-09-18 20:14:14', 'bj', 'hdq', 'FvVqU8LneZZ5xaLBAOM1KXR2Pz1X', '5', '200', '3', '閾诲秵杈伴崲澶婃疮', '2', '0', '姒瑥鐓欑憲澶哥癌鐠猴拷'); nested exception is org.h2.jdbc.JdbcSQLException: Value too long for column "TITLE VARCHAR(32) NOT NULL": "STRINGDECODE('\u7035\u5c7d\u59cf\u9369\ufffd \u9365\u501f\u9524CBD \u93c3\u8dfa\u76bb\u6d7c\u6226\u68fd \u935f\u55d7\u59df\u9354... (33)"; SQL statement:
INSERT INTO `house`(`id`, `title`, `price`, `area`, `room`, `floor`, `total_floor`, `watch_times`, `build_year`, `status`, `create_time`, `last_update_time`, `city_en_name`, `region_en_name`, `cover`, `direction`, `distance_to_subway`, `parlour`, `district`, `admin_id`, `bathroom`, `street`) VALUES ('15', '鐎靛苯濮忛崺锟� 閸ュ�熼敜CBD 閺冭泛鐨绘导鎴︽＝ 閸熷棗濮熼崝鐐插彆 鐡掑懏顥楅悺锕�濮�', '6200', '70', '2', '10', '20', '2', '2005', '1', '2017-09-06 18:56:14', '2017-09-15 00:26:59', 'bj', 'hdq', 'FmD3zKG-gUPOrNv0HwzZN7IbkAC_', '2', '10', '1', '閾诲秵杈伴崲澶婃疮', '2', '0', '姒瑥鐓欑憲澶哥癌鐠猴拷'), ('16', '鐎靛苯濮忛崺锟� 閸ュ�熼敜CBD 閺冭泛鐨绘导鎴︽＝ 閸熷棗濮熼崝鐐插彆', '6300', '70', '2', '10', '20', '0', '2012', '1', '2017-09-06 19:53:35', '2017-09-11 00:35:13', 'bj', 'hdq', 'FmD3zKG-gUPOrNv0HwzZN7IbkAC_', '1', '-1', '1', '閾诲秵杈伴崲澶婃疮', '2', '0', '姒瑥鐓欑憲澶哥癌鐠猴拷'), ('17', '娴滃瞼骞嗘稉婊呮纯闂傘劌婀撮柧浣虹彲闂勫嫯绻庨妴浣哄竾鎼存粈绨抽妴浣搞亯鐎瑰妫妴浣告禇鐠愭悶锟戒椒绗侀柌灞芥偛閵嗕礁宕￠柨锝夌处瀹革拷', '3000', '35', '1', '5', '10', '0', '2013', '1', '2017-09-06 20:45:35', '2017-09-11 00:35:05', 'bj', 'hdq', 'FhVdDhzVDH1dLVVx4jOaVXOCfnea', '1', '200', '0', '閾诲秵杈伴崲澶婃疮', '2', '0', '姒瑥鐓欑憲澶哥癌鐠猴拷'), ('18', '閸楀氦閿ら崺锟� 娑撴粌鎮滄稉锟界仦鍛缁岀皞oft 楠炴彃鍣ｅ〒鈺呂� 闂呭繑妞傞崣顖欎簰缁涘墽瀹�', '5700', '52', '1', '7', '20', '0', '2012', '1', '2017-09-06 21:01:02', '2017-09-11 00:35:01', 'bj', 'hdq', 'FsxiS6rOTpSg5pK7tv41e8Zpnn_c', '2', '1085', '1', '閾诲秵杈伴崲澶婃疮', '2', '0', '姒瑥鐓欑憲澶哥癌鐠猴拷'), ('19', '閺堟稒妲崶顓熸緲濡ら棿绗佺仦鍛吇 閼奉亙缍囩划鎹愵棅 閸楁瀵抽柅姘讹拷锟� 闁插洤鍘滄總鍊燁潒闁插孩顥楅敍锟�', '9200', '132', '3', '6', '14', '0', '2005', '1', '2017-09-06 22:44:25', '2017-09-11 00:34:55', 'bj', 'hdq', 'Fl1lNikhmMIecbTn-JTsurxugtFU', '2', '1108', '2', '閾诲秵杈伴崲澶婃疮', '2', '0', '姒瑥鐓欑憲澶哥癌鐠猴拷'), ('20', '妤傛ê銇囨稉濠勬畱閺佸顫ゆ稉銈呯湷鐎癸拷 娑撴矮瀵岀拠姘壈閸戣櫣顫�', '5400', '56', '2', '12', '20', '0', '2012', '1', '2017-09-06 23:39:50', '2017-09-11 00:34:21', 'bj', 'hdq', 'FtNl9uPM6p5PjEs8z2FnOuViNtOM', '2', '-1', '1', '閾诲秵杈伴崲澶婃疮', '2', '0', '姒瑥鐓欑憲澶哥癌鐠猴拷'), ('21', '閺傛澘鎮嶉崶锟� 濮濓綀顫夋稉澶婄湷鐎癸拷 缁崘顥婃穱锟� 鐎瑰墎鏁哥�硅泛鍙挎鎰弿', '1900', '18', '1', '13', '25', '0', '2012', '1', '2017-09-07 00:52:47', '2017-09-11 00:34:13', 'bj', 'hdq', 'Fn9sHC3Wx7qpYCmSxt-z8FZluf0Z', '3', '1302', '0', '閾诲秵杈伴崲澶婃疮', '2', '0', '姒瑥鐓欑憲澶哥癌鐠猴拷'), ('24', '濠�鏍у帨婢圭懓褰块張娑楀惈閸楀骸绨�183-387閵曪繝妲橀弲顖氥亣鐎癸拷', '50000', '288', '5', '1', '1', '0', '2015', '1', '2017-09-07 11:42:20', '2017-09-18 20:14:14', 'bj', 'hdq', 'FvVqU8LneZZ5xaLBAOM1KXR2Pz1X', '5', '200', '3', '閾诲秵杈伴崲澶婃疮', '2', '0', '姒瑥鐓欑憲澶哥癌鐠猴拷') [22001-196]
	at org.springframework.beans.factory.support.AbstractAutowireCapableBeanFactory.doCreateBean(AbstractAutowireCapableBeanFactory.java:564) ~[spring-beans-4.3.11.RELEASE.jar:4.3.11.RELEASE]
	at org.springframework.beans.factory.support.AbstractAutowireCapableBeanFactory.createBean(AbstractAutowireCapableBeanFactory.java:483) ~[spring-beans-4.3.11.RELEASE.jar:4.3.11.RELEASE]
	at org.springframework.beans.factory.support.AbstractBeanFactory$1.getObject(AbstractBeanFactory.java:306) ~[spring-beans-4.3.11.RELEASE.jar:4.3.11.RELEASE]
	at org.springframework.beans.factory.support.DefaultSingletonBeanRegistry.getSingleton(DefaultSingletonBeanRegistry.java:230) ~[spring-beans-4.3.11.RELEASE.jar:4.3.11.RELEASE]
	at org.springframework.beans.factory.support.AbstractBeanFactory.doGetBean(AbstractBeanFactory.java:302) ~[spring-beans-4.3.11.RELEASE.jar:4.3.11.RELEASE]
	at org.springframework.beans.factory.support.AbstractBeanFactory.getBean(AbstractBeanFactory.java:197) ~[spring-beans-4.3.11.RELEASE.jar:4.3.11.RELEASE]
	at org.springframework.context.annotation.ConfigurationClassEnhancer$BeanMethodInterceptor.obtainBeanInstanceFromFactory(ConfigurationClassEnhancer.java:389) ~[spring-context-4.3.11.RELEASE.jar:4.3.11.RELEASE]
	at org.springframework.context.annotation.ConfigurationClassEnhancer$BeanMethodInterceptor.intercept(ConfigurationClassEnhancer.java:361) ~[spring-context-4.3.11.RELEASE.jar:4.3.11.RELEASE]
	at com.imooc.config.JPAConfig$$EnhancerBySpringCGLIB$$ac3be7fd.dataSource(<generated>) ~[classes/:na]
	at com.imooc.config.JPAConfig.entityManagerFactory(JPAConfig.java:36) ~[classes/:na]
	at com.imooc.config.JPAConfig$$EnhancerBySpringCGLIB$$ac3be7fd.CGLIB$entityManagerFactory$2(<generated>) ~[classes/:na]
	at com.imooc.config.JPAConfig$$EnhancerBySpringCGLIB$$ac3be7fd$$FastClassBySpringCGLIB$$914d9ecd.invoke(<generated>) ~[classes/:na]
	at org.springframework.cglib.proxy.MethodProxy.invokeSuper(MethodProxy.java:228) ~[spring-core-4.3.11.RELEASE.jar:4.3.11.RELEASE]
	at org.springframework.context.annotation.ConfigurationClassEnhancer$BeanMethodInterceptor.intercept(ConfigurationClassEnhancer.java:358) ~[spring-context-4.3.11.RELEASE.jar:4.3.11.RELEASE]
	at com.imooc.config.JPAConfig$$EnhancerBySpringCGLIB$$ac3be7fd.entityManagerFactory(<generated>) ~[classes/:na]
	at sun.reflect.NativeMethodAccessorImpl.invoke0(Native Method) ~[na:1.8.0_31]
	at sun.reflect.NativeMethodAccessorImpl.invoke(NativeMethodAccessorImpl.java:62) ~[na:1.8.0_31]
	at sun.reflect.DelegatingMethodAccessorImpl.invoke(DelegatingMethodAccessorImpl.java:43) ~[na:1.8.0_31]
	at java.lang.reflect.Method.invoke(Method.java:483) ~[na:1.8.0_31]
	at org.springframework.beans.factory.support.SimpleInstantiationStrategy.instantiate(SimpleInstantiationStrategy.java:162) ~[spring-beans-4.3.11.RELEASE.jar:4.3.11.RELEASE]
	... 44 common frames omitted
Caused by: org.springframework.beans.factory.BeanCreationException: Error creating bean with name 'dataSourceInitializer': Invocation of init method failed; nested exception is org.springframework.jdbc.datasource.init.ScriptStatementFailedException: Failed to execute SQL script statement #7 of class path resource [db/data.sql]: INSERT INTO `house`(`id`, `title`, `price`, `area`, `room`, `floor`, `total_floor`, `watch_times`, `build_year`, `status`, `create_time`, `last_update_time`, `city_en_name`, `region_en_name`, `cover`, `direction`, `distance_to_subway`, `parlour`, `district`, `admin_id`, `bathroom`, `street`) VALUES ('15', '鐎靛苯濮忛崺锟� 閸ュ�熼敜CBD 閺冭泛鐨绘导鎴︽＝ 閸熷棗濮熼崝鐐插彆 鐡掑懏顥楅悺锕�濮�', '6200', '70', '2', '10', '20', '2', '2005', '1', '2017-09-06 18:56:14', '2017-09-15 00:26:59', 'bj', 'hdq', 'FmD3zKG-gUPOrNv0HwzZN7IbkAC_', '2', '10', '1', '閾诲秵杈伴崲澶婃疮', '2', '0', '姒瑥鐓欑憲澶哥癌鐠猴拷'), ('16', '鐎靛苯濮忛崺锟� 閸ュ�熼敜CBD 閺冭泛鐨绘导鎴︽＝ 閸熷棗濮熼崝鐐插彆', '6300', '70', '2', '10', '20', '0', '2012', '1', '2017-09-06 19:53:35', '2017-09-11 00:35:13', 'bj', 'hdq', 'FmD3zKG-gUPOrNv0HwzZN7IbkAC_', '1', '-1', '1', '閾诲秵杈伴崲澶婃疮', '2', '0', '姒瑥鐓欑憲澶哥癌鐠猴拷'), ('17', '娴滃瞼骞嗘稉婊呮纯闂傘劌婀撮柧浣虹彲闂勫嫯绻庨妴浣哄竾鎼存粈绨抽妴浣搞亯鐎瑰妫妴浣告禇鐠愭悶锟戒椒绗侀柌灞芥偛閵嗕礁宕￠柨锝夌处瀹革拷', '3000', '35', '1', '5', '10', '0', '2013', '1', '2017-09-06 20:45:35', '2017-09-11 00:35:05', 'bj', 'hdq', 'FhVdDhzVDH1dLVVx4jOaVXOCfnea', '1', '200', '0', '閾诲秵杈伴崲澶婃疮', '2', '0', '姒瑥鐓欑憲澶哥癌鐠猴拷'), ('18', '閸楀氦閿ら崺锟� 娑撴粌鎮滄稉锟界仦鍛缁岀皞oft 楠炴彃鍣ｅ〒鈺呂� 闂呭繑妞傞崣顖欎簰缁涘墽瀹�', '5700', '52', '1', '7', '20', '0', '2012', '1', '2017-09-06 21:01:02', '2017-09-11 00:35:01', 'bj', 'hdq', 'FsxiS6rOTpSg5pK7tv41e8Zpnn_c', '2', '1085', '1', '閾诲秵杈伴崲澶婃疮', '2', '0', '姒瑥鐓欑憲澶哥癌鐠猴拷'), ('19', '閺堟稒妲崶顓熸緲濡ら棿绗佺仦鍛吇 閼奉亙缍囩划鎹愵棅 閸楁瀵抽柅姘讹拷锟� 闁插洤鍘滄總鍊燁潒闁插孩顥楅敍锟�', '9200', '132', '3', '6', '14', '0', '2005', '1', '2017-09-06 22:44:25', '2017-09-11 00:34:55', 'bj', 'hdq', 'Fl1lNikhmMIecbTn-JTsurxugtFU', '2', '1108', '2', '閾诲秵杈伴崲澶婃疮', '2', '0', '姒瑥鐓欑憲澶哥癌鐠猴拷'), ('20', '妤傛ê銇囨稉濠勬畱閺佸顫ゆ稉銈呯湷鐎癸拷 娑撴矮瀵岀拠姘壈閸戣櫣顫�', '5400', '56', '2', '12', '20', '0', '2012', '1', '2017-09-06 23:39:50', '2017-09-11 00:34:21', 'bj', 'hdq', 'FtNl9uPM6p5PjEs8z2FnOuViNtOM', '2', '-1', '1', '閾诲秵杈伴崲澶婃疮', '2', '0', '姒瑥鐓欑憲澶哥癌鐠猴拷'), ('21', '閺傛澘鎮嶉崶锟� 濮濓綀顫夋稉澶婄湷鐎癸拷 缁崘顥婃穱锟� 鐎瑰墎鏁哥�硅泛鍙挎鎰弿', '1900', '18', '1', '13', '25', '0', '2012', '1', '2017-09-07 00:52:47', '2017-09-11 00:34:13', 'bj', 'hdq', 'Fn9sHC3Wx7qpYCmSxt-z8FZluf0Z', '3', '1302', '0', '閾诲秵杈伴崲澶婃疮', '2', '0', '姒瑥鐓欑憲澶哥癌鐠猴拷'), ('24', '濠�鏍у帨婢圭懓褰块張娑楀惈閸楀骸绨�183-387閵曪繝妲橀弲顖氥亣鐎癸拷', '50000', '288', '5', '1', '1', '0', '2015', '1', '2017-09-07 11:42:20', '2017-09-18 20:14:14', 'bj', 'hdq', 'FvVqU8LneZZ5xaLBAOM1KXR2Pz1X', '5', '200', '3', '閾诲秵杈伴崲澶婃疮', '2', '0', '姒瑥鐓欑憲澶哥癌鐠猴拷'); nested exception is org.h2.jdbc.JdbcSQLException: Value too long for column "TITLE VARCHAR(32) NOT NULL": "STRINGDECODE('\u7035\u5c7d\u59cf\u9369\ufffd \u9365\u501f\u9524CBD \u93c3\u8dfa\u76bb\u6d7c\u6226\u68fd \u935f\u55d7\u59df\u9354... (33)"; SQL statement:
INSERT INTO `house`(`id`, `title`, `price`, `area`, `room`, `floor`, `total_floor`, `watch_times`, `build_year`, `status`, `create_time`, `last_update_time`, `city_en_name`, `region_en_name`, `cover`, `direction`, `distance_to_subway`, `parlour`, `district`, `admin_id`, `bathroom`, `street`) VALUES ('15', '鐎靛苯濮忛崺锟� 閸ュ�熼敜CBD 閺冭泛鐨绘导鎴︽＝ 閸熷棗濮熼崝鐐插彆 鐡掑懏顥楅悺锕�濮�', '6200', '70', '2', '10', '20', '2', '2005', '1', '2017-09-06 18:56:14', '2017-09-15 00:26:59', 'bj', 'hdq', 'FmD3zKG-gUPOrNv0HwzZN7IbkAC_', '2', '10', '1', '閾诲秵杈伴崲澶婃疮', '2', '0', '姒瑥鐓欑憲澶哥癌鐠猴拷'), ('16', '鐎靛苯濮忛崺锟� 閸ュ�熼敜CBD 閺冭泛鐨绘导鎴︽＝ 閸熷棗濮熼崝鐐插彆', '6300', '70', '2', '10', '20', '0', '2012', '1', '2017-09-06 19:53:35', '2017-09-11 00:35:13', 'bj', 'hdq', 'FmD3zKG-gUPOrNv0HwzZN7IbkAC_', '1', '-1', '1', '閾诲秵杈伴崲澶婃疮', '2', '0', '姒瑥鐓欑憲澶哥癌鐠猴拷'), ('17', '娴滃瞼骞嗘稉婊呮纯闂傘劌婀撮柧浣虹彲闂勫嫯绻庨妴浣哄竾鎼存粈绨抽妴浣搞亯鐎瑰妫妴浣告禇鐠愭悶锟戒椒绗侀柌灞芥偛閵嗕礁宕￠柨锝夌处瀹革拷', '3000', '35', '1', '5', '10', '0', '2013', '1', '2017-09-06 20:45:35', '2017-09-11 00:35:05', 'bj', 'hdq', 'FhVdDhzVDH1dLVVx4jOaVXOCfnea', '1', '200', '0', '閾诲秵杈伴崲澶婃疮', '2', '0', '姒瑥鐓欑憲澶哥癌鐠猴拷'), ('18', '閸楀氦閿ら崺锟� 娑撴粌鎮滄稉锟界仦鍛缁岀皞oft 楠炴彃鍣ｅ〒鈺呂� 闂呭繑妞傞崣顖欎簰缁涘墽瀹�', '5700', '52', '1', '7', '20', '0', '2012', '1', '2017-09-06 21:01:02', '2017-09-11 00:35:01', 'bj', 'hdq', 'FsxiS6rOTpSg5pK7tv41e8Zpnn_c', '2', '1085', '1', '閾诲秵杈伴崲澶婃疮', '2', '0', '姒瑥鐓欑憲澶哥癌鐠猴拷'), ('19', '閺堟稒妲崶顓熸緲濡ら棿绗佺仦鍛吇 閼奉亙缍囩划鎹愵棅 閸楁瀵抽柅姘讹拷锟� 闁插洤鍘滄總鍊燁潒闁插孩顥楅敍锟�', '9200', '132', '3', '6', '14', '0', '2005', '1', '2017-09-06 22:44:25', '2017-09-11 00:34:55', 'bj', 'hdq', 'Fl1lNikhmMIecbTn-JTsurxugtFU', '2', '1108', '2', '閾诲秵杈伴崲澶婃疮', '2', '0', '姒瑥鐓欑憲澶哥癌鐠猴拷'), ('20', '妤傛ê銇囨稉濠勬畱閺佸顫ゆ稉銈呯湷鐎癸拷 娑撴矮瀵岀拠姘壈閸戣櫣顫�', '5400', '56', '2', '12', '20', '0', '2012', '1', '2017-09-06 23:39:50', '2017-09-11 00:34:21', 'bj', 'hdq', 'FtNl9uPM6p5PjEs8z2FnOuViNtOM', '2', '-1', '1', '閾诲秵杈伴崲澶婃疮', '2', '0', '姒瑥鐓欑憲澶哥癌鐠猴拷'), ('21', '閺傛澘鎮嶉崶锟� 濮濓綀顫夋稉澶婄湷鐎癸拷 缁崘顥婃穱锟� 鐎瑰墎鏁哥�硅泛鍙挎鎰弿', '1900', '18', '1', '13', '25', '0', '2012', '1', '2017-09-07 00:52:47', '2017-09-11 00:34:13', 'bj', 'hdq', 'Fn9sHC3Wx7qpYCmSxt-z8FZluf0Z', '3', '1302', '0', '閾诲秵杈伴崲澶婃疮', '2', '0', '姒瑥鐓欑憲澶哥癌鐠猴拷'), ('24', '濠�鏍у帨婢圭懓褰块張娑楀惈閸楀骸绨�183-387閵曪繝妲橀弲顖氥亣鐎癸拷', '50000', '288', '5', '1', '1', '0', '2015', '1', '2017-09-07 11:42:20', '2017-09-18 20:14:14', 'bj', 'hdq', 'FvVqU8LneZZ5xaLBAOM1KXR2Pz1X', '5', '200', '3', '閾诲秵杈伴崲澶婃疮', '2', '0', '姒瑥鐓欑憲澶哥癌鐠猴拷') [22001-196]
	at org.springframework.beans.factory.annotation.InitDestroyAnnotationBeanPostProcessor.postProcessBeforeInitialization(InitDestroyAnnotationBeanPostProcessor.java:137) ~[spring-beans-4.3.11.RELEASE.jar:4.3.11.RELEASE]
	at org.springframework.beans.factory.support.AbstractAutowireCapableBeanFactory.applyBeanPostProcessorsBeforeInitialization(AbstractAutowireCapableBeanFactory.java:409) ~[spring-beans-4.3.11.RELEASE.jar:4.3.11.RELEASE]
	at org.springframework.beans.factory.support.AbstractAutowireCapableBeanFactory.initializeBean(AbstractAutowireCapableBeanFactory.java:1620) ~[spring-beans-4.3.11.RELEASE.jar:4.3.11.RELEASE]
	at org.springframework.beans.factory.support.AbstractAutowireCapableBeanFactory.doCreateBean(AbstractAutowireCapableBeanFactory.java:555) ~[spring-beans-4.3.11.RELEASE.jar:4.3.11.RELEASE]
	at org.springframework.beans.factory.support.AbstractAutowireCapableBeanFactory.createBean(AbstractAutowireCapableBeanFactory.java:483) ~[spring-beans-4.3.11.RELEASE.jar:4.3.11.RELEASE]
	at org.springframework.beans.factory.support.AbstractBeanFactory$1.getObject(AbstractBeanFactory.java:306) ~[spring-beans-4.3.11.RELEASE.jar:4.3.11.RELEASE]
	at org.springframework.beans.factory.support.DefaultSingletonBeanRegistry.getSingleton(DefaultSingletonBeanRegistry.java:230) ~[spring-beans-4.3.11.RELEASE.jar:4.3.11.RELEASE]
	at org.springframework.beans.factory.support.AbstractBeanFactory.doGetBean(AbstractBeanFactory.java:302) ~[spring-beans-4.3.11.RELEASE.jar:4.3.11.RELEASE]
	at org.springframework.beans.factory.support.AbstractBeanFactory.getBean(AbstractBeanFactory.java:220) ~[spring-beans-4.3.11.RELEASE.jar:4.3.11.RELEASE]
	at org.springframework.beans.factory.support.DefaultListableBeanFactory.resolveNamedBean(DefaultListableBeanFactory.java:1018) ~[spring-beans-4.3.11.RELEASE.jar:4.3.11.RELEASE]
	at org.springframework.beans.factory.support.DefaultListableBeanFactory.getBean(DefaultListableBeanFactory.java:345) ~[spring-beans-4.3.11.RELEASE.jar:4.3.11.RELEASE]
	at org.springframework.beans.factory.support.DefaultListableBeanFactory.getBean(DefaultListableBeanFactory.java:340) ~[spring-beans-4.3.11.RELEASE.jar:4.3.11.RELEASE]
	at org.springframework.boot.autoconfigure.jdbc.DataSourceInitializerPostProcessor.postProcessAfterInitialization(DataSourceInitializerPostProcessor.java:62) ~[spring-boot-autoconfigure-1.5.7.RELEASE.jar:1.5.7.RELEASE]
	at org.springframework.beans.factory.support.AbstractAutowireCapableBeanFactory.applyBeanPostProcessorsAfterInitialization(AbstractAutowireCapableBeanFactory.java:423) ~[spring-beans-4.3.11.RELEASE.jar:4.3.11.RELEASE]
	at org.springframework.beans.factory.support.AbstractAutowireCapableBeanFactory.initializeBean(AbstractAutowireCapableBeanFactory.java:1633) ~[spring-beans-4.3.11.RELEASE.jar:4.3.11.RELEASE]
	at org.springframework.beans.factory.support.AbstractAutowireCapableBeanFactory.doCreateBean(AbstractAutowireCapableBeanFactory.java:555) ~[spring-beans-4.3.11.RELEASE.jar:4.3.11.RELEASE]
	... 63 common frames omitted
Caused by: org.springframework.jdbc.datasource.init.ScriptStatementFailedException: Failed to execute SQL script statement #7 of class path resource [db/data.sql]: INSERT INTO `house`(`id`, `title`, `price`, `area`, `room`, `floor`, `total_floor`, `watch_times`, `build_year`, `status`, `create_time`, `last_update_time`, `city_en_name`, `region_en_name`, `cover`, `direction`, `distance_to_subway`, `parlour`, `district`, `admin_id`, `bathroom`, `street`) VALUES ('15', '鐎靛苯濮忛崺锟� 閸ュ�熼敜CBD 閺冭泛鐨绘导鎴︽＝ 閸熷棗濮熼崝鐐插彆 鐡掑懏顥楅悺锕�濮�', '6200', '70', '2', '10', '20', '2', '2005', '1', '2017-09-06 18:56:14', '2017-09-15 00:26:59', 'bj', 'hdq', 'FmD3zKG-gUPOrNv0HwzZN7IbkAC_', '2', '10', '1', '閾诲秵杈伴崲澶婃疮', '2', '0', '姒瑥鐓欑憲澶哥癌鐠猴拷'), ('16', '鐎靛苯濮忛崺锟� 閸ュ�熼敜CBD 閺冭泛鐨绘导鎴︽＝ 閸熷棗濮熼崝鐐插彆', '6300', '70', '2', '10', '20', '0', '2012', '1', '2017-09-06 19:53:35', '2017-09-11 00:35:13', 'bj', 'hdq', 'FmD3zKG-gUPOrNv0HwzZN7IbkAC_', '1', '-1', '1', '閾诲秵杈伴崲澶婃疮', '2', '0', '姒瑥鐓欑憲澶哥癌鐠猴拷'), ('17', '娴滃瞼骞嗘稉婊呮纯闂傘劌婀撮柧浣虹彲闂勫嫯绻庨妴浣哄竾鎼存粈绨抽妴浣搞亯鐎瑰妫妴浣告禇鐠愭悶锟戒椒绗侀柌灞芥偛閵嗕礁宕￠柨锝夌处瀹革拷', '3000', '35', '1', '5', '10', '0', '2013', '1', '2017-09-06 20:45:35', '2017-09-11 00:35:05', 'bj', 'hdq', 'FhVdDhzVDH1dLVVx4jOaVXOCfnea', '1', '200', '0', '閾诲秵杈伴崲澶婃疮', '2', '0', '姒瑥鐓欑憲澶哥癌鐠猴拷'), ('18', '閸楀氦閿ら崺锟� 娑撴粌鎮滄稉锟界仦鍛缁岀皞oft 楠炴彃鍣ｅ〒鈺呂� 闂呭繑妞傞崣顖欎簰缁涘墽瀹�', '5700', '52', '1', '7', '20', '0', '2012', '1', '2017-09-06 21:01:02', '2017-09-11 00:35:01', 'bj', 'hdq', 'FsxiS6rOTpSg5pK7tv41e8Zpnn_c', '2', '1085', '1', '閾诲秵杈伴崲澶婃疮', '2', '0', '姒瑥鐓欑憲澶哥癌鐠猴拷'), ('19', '閺堟稒妲崶顓熸緲濡ら棿绗佺仦鍛吇 閼奉亙缍囩划鎹愵棅 閸楁瀵抽柅姘讹拷锟� 闁插洤鍘滄總鍊燁潒闁插孩顥楅敍锟�', '9200', '132', '3', '6', '14', '0', '2005', '1', '2017-09-06 22:44:25', '2017-09-11 00:34:55', 'bj', 'hdq', 'Fl1lNikhmMIecbTn-JTsurxugtFU', '2', '1108', '2', '閾诲秵杈伴崲澶婃疮', '2', '0', '姒瑥鐓欑憲澶哥癌鐠猴拷'), ('20', '妤傛ê銇囨稉濠勬畱閺佸顫ゆ稉銈呯湷鐎癸拷 娑撴矮瀵岀拠姘壈閸戣櫣顫�', '5400', '56', '2', '12', '20', '0', '2012', '1', '2017-09-06 23:39:50', '2017-09-11 00:34:21', 'bj', 'hdq', 'FtNl9uPM6p5PjEs8z2FnOuViNtOM', '2', '-1', '1', '閾诲秵杈伴崲澶婃疮', '2', '0', '姒瑥鐓欑憲澶哥癌鐠猴拷'), ('21', '閺傛澘鎮嶉崶锟� 濮濓綀顫夋稉澶婄湷鐎癸拷 缁崘顥婃穱锟� 鐎瑰墎鏁哥�硅泛鍙挎鎰弿', '1900', '18', '1', '13', '25', '0', '2012', '1', '2017-09-07 00:52:47', '2017-09-11 00:34:13', 'bj', 'hdq', 'Fn9sHC3Wx7qpYCmSxt-z8FZluf0Z', '3', '1302', '0', '閾诲秵杈伴崲澶婃疮', '2', '0', '姒瑥鐓欑憲澶哥癌鐠猴拷'), ('24', '濠�鏍у帨婢圭懓褰块張娑楀惈閸楀骸绨�183-387閵曪繝妲橀弲顖氥亣鐎癸拷', '50000', '288', '5', '1', '1', '0', '2015', '1', '2017-09-07 11:42:20', '2017-09-18 20:14:14', 'bj', 'hdq', 'FvVqU8LneZZ5xaLBAOM1KXR2Pz1X', '5', '200', '3', '閾诲秵杈伴崲澶婃疮', '2', '0', '姒瑥鐓欑憲澶哥癌鐠猴拷'); nested exception is org.h2.jdbc.JdbcSQLException: Value too long for column "TITLE VARCHAR(32) NOT NULL": "STRINGDECODE('\u7035\u5c7d\u59cf\u9369\ufffd \u9365\u501f\u9524CBD \u93c3\u8dfa\u76bb\u6d7c\u6226\u68fd \u935f\u55d7\u59df\u9354... (33)"; SQL statement:
INSERT INTO `house`(`id`, `title`, `price`, `area`, `room`, `floor`, `total_floor`, `watch_times`, `build_year`, `status`, `create_time`, `last_update_time`, `city_en_name`, `region_en_name`, `cover`, `direction`, `distance_to_subway`, `parlour`, `district`, `admin_id`, `bathroom`, `street`) VALUES ('15', '鐎靛苯濮忛崺锟� 閸ュ�熼敜CBD 閺冭泛鐨绘导鎴︽＝ 閸熷棗濮熼崝鐐插彆 鐡掑懏顥楅悺锕�濮�', '6200', '70', '2', '10', '20', '2', '2005', '1', '2017-09-06 18:56:14', '2017-09-15 00:26:59', 'bj', 'hdq', 'FmD3zKG-gUPOrNv0HwzZN7IbkAC_', '2', '10', '1', '閾诲秵杈伴崲澶婃疮', '2', '0', '姒瑥鐓欑憲澶哥癌鐠猴拷'), ('16', '鐎靛苯濮忛崺锟� 閸ュ�熼敜CBD 閺冭泛鐨绘导鎴︽＝ 閸熷棗濮熼崝鐐插彆', '6300', '70', '2', '10', '20', '0', '2012', '1', '2017-09-06 19:53:35', '2017-09-11 00:35:13', 'bj', 'hdq', 'FmD3zKG-gUPOrNv0HwzZN7IbkAC_', '1', '-1', '1', '閾诲秵杈伴崲澶婃疮', '2', '0', '姒瑥鐓欑憲澶哥癌鐠猴拷'), ('17', '娴滃瞼骞嗘稉婊呮纯闂傘劌婀撮柧浣虹彲闂勫嫯绻庨妴浣哄竾鎼存粈绨抽妴浣搞亯鐎瑰妫妴浣告禇鐠愭悶锟戒椒绗侀柌灞芥偛閵嗕礁宕￠柨锝夌处瀹革拷', '3000', '35', '1', '5', '10', '0', '2013', '1', '2017-09-06 20:45:35', '2017-09-11 00:35:05', 'bj', 'hdq', 'FhVdDhzVDH1dLVVx4jOaVXOCfnea', '1', '200', '0', '閾诲秵杈伴崲澶婃疮', '2', '0', '姒瑥鐓欑憲澶哥癌鐠猴拷'), ('18', '閸楀氦閿ら崺锟� 娑撴粌鎮滄稉锟界仦鍛缁岀皞oft 楠炴彃鍣ｅ〒鈺呂� 闂呭繑妞傞崣顖欎簰缁涘墽瀹�', '5700', '52', '1', '7', '20', '0', '2012', '1', '2017-09-06 21:01:02', '2017-09-11 00:35:01', 'bj', 'hdq', 'FsxiS6rOTpSg5pK7tv41e8Zpnn_c', '2', '1085', '1', '閾诲秵杈伴崲澶婃疮', '2', '0', '姒瑥鐓欑憲澶哥癌鐠猴拷'), ('19', '閺堟稒妲崶顓熸緲濡ら棿绗佺仦鍛吇 閼奉亙缍囩划鎹愵棅 閸楁瀵抽柅姘讹拷锟� 闁插洤鍘滄總鍊燁潒闁插孩顥楅敍锟�', '9200', '132', '3', '6', '14', '0', '2005', '1', '2017-09-06 22:44:25', '2017-09-11 00:34:55', 'bj', 'hdq', 'Fl1lNikhmMIecbTn-JTsurxugtFU', '2', '1108', '2', '閾诲秵杈伴崲澶婃疮', '2', '0', '姒瑥鐓欑憲澶哥癌鐠猴拷'), ('20', '妤傛ê銇囨稉濠勬畱閺佸顫ゆ稉銈呯湷鐎癸拷 娑撴矮瀵岀拠姘壈閸戣櫣顫�', '5400', '56', '2', '12', '20', '0', '2012', '1', '2017-09-06 23:39:50', '2017-09-11 00:34:21', 'bj', 'hdq', 'FtNl9uPM6p5PjEs8z2FnOuViNtOM', '2', '-1', '1', '閾诲秵杈伴崲澶婃疮', '2', '0', '姒瑥鐓欑憲澶哥癌鐠猴拷'), ('21', '閺傛澘鎮嶉崶锟� 濮濓綀顫夋稉澶婄湷鐎癸拷 缁崘顥婃穱锟� 鐎瑰墎鏁哥�硅泛鍙挎鎰弿', '1900', '18', '1', '13', '25', '0', '2012', '1', '2017-09-07 00:52:47', '2017-09-11 00:34:13', 'bj', 'hdq', 'Fn9sHC3Wx7qpYCmSxt-z8FZluf0Z', '3', '1302', '0', '閾诲秵杈伴崲澶婃疮', '2', '0', '姒瑥鐓欑憲澶哥癌鐠猴拷'), ('24', '濠�鏍у帨婢圭懓褰块張娑楀惈閸楀骸绨�183-387閵曪繝妲橀弲顖氥亣鐎癸拷', '50000', '288', '5', '1', '1', '0', '2015', '1', '2017-09-07 11:42:20', '2017-09-18 20:14:14', 'bj', 'hdq', 'FvVqU8LneZZ5xaLBAOM1KXR2Pz1X', '5', '200', '3', '閾诲秵杈伴崲澶婃疮', '2', '0', '姒瑥鐓欑憲澶哥癌鐠猴拷') [22001-196]
	at org.springframework.jdbc.datasource.init.ScriptUtils.executeSqlScript(ScriptUtils.java:491) ~[spring-jdbc-4.3.11.RELEASE.jar:4.3.11.RELEASE]
	at org.springframework.jdbc.datasource.init.ResourceDatabasePopulator.populate(ResourceDatabasePopulator.java:238) ~[spring-jdbc-4.3.11.RELEASE.jar:4.3.11.RELEASE]
	at org.springframework.jdbc.datasource.init.DatabasePopulatorUtils.execute(DatabasePopulatorUtils.java:48) ~[spring-jdbc-4.3.11.RELEASE.jar:4.3.11.RELEASE]
	at org.springframework.boot.autoconfigure.jdbc.DataSourceInitializer.runScripts(DataSourceInitializer.java:192) ~[spring-boot-autoconfigure-1.5.7.RELEASE.jar:1.5.7.RELEASE]
	at org.springframework.boot.autoconfigure.jdbc.DataSourceInitializer.runDataScripts(DataSourceInitializer.java:128) ~[spring-boot-autoconfigure-1.5.7.RELEASE.jar:1.5.7.RELEASE]
	at org.springframework.boot.autoconfigure.jdbc.DataSourceInitializer.onApplicationEvent(DataSourceInitializer.java:118) ~[spring-boot-autoconfigure-1.5.7.RELEASE.jar:1.5.7.RELEASE]
	at org.springframework.boot.autoconfigure.jdbc.DataSourceInitializer.onApplicationEvent(DataSourceInitializer.java:51) ~[spring-boot-autoconfigure-1.5.7.RELEASE.jar:1.5.7.RELEASE]
	at org.springframework.context.event.SimpleApplicationEventMulticaster.doInvokeListener(SimpleApplicationEventMulticaster.java:172) ~[spring-context-4.3.11.RELEASE.jar:4.3.11.RELEASE]
	at org.springframework.context.event.SimpleApplicationEventMulticaster.invokeListener(SimpleApplicationEventMulticaster.java:165) ~[spring-context-4.3.11.RELEASE.jar:4.3.11.RELEASE]
	at org.springframework.context.event.SimpleApplicationEventMulticaster.multicastEvent(SimpleApplicationEventMulticaster.java:139) ~[spring-context-4.3.11.RELEASE.jar:4.3.11.RELEASE]
	at org.springframework.context.support.AbstractApplicationContext.publishEvent(AbstractApplicationContext.java:393) ~[spring-context-4.3.11.RELEASE.jar:4.3.11.RELEASE]
	at org.springframework.context.support.AbstractApplicationContext.publishEvent(AbstractApplicationContext.java:347) ~[spring-context-4.3.11.RELEASE.jar:4.3.11.RELEASE]
	at org.springframework.boot.autoconfigure.jdbc.DataSourceInitializer.runSchemaScripts(DataSourceInitializer.java:95) ~[spring-boot-autoconfigure-1.5.7.RELEASE.jar:1.5.7.RELEASE]
	at org.springframework.boot.autoconfigure.jdbc.DataSourceInitializer.init(DataSourceInitializer.java:83) ~[spring-boot-autoconfigure-1.5.7.RELEASE.jar:1.5.7.RELEASE]
	at sun.reflect.NativeMethodAccessorImpl.invoke0(Native Method) ~[na:1.8.0_31]
	at sun.reflect.NativeMethodAccessorImpl.invoke(NativeMethodAccessorImpl.java:62) ~[na:1.8.0_31]
	at sun.reflect.DelegatingMethodAccessorImpl.invoke(DelegatingMethodAccessorImpl.java:43) ~[na:1.8.0_31]
	at java.lang.reflect.Method.invoke(Method.java:483) ~[na:1.8.0_31]
	at org.springframework.beans.factory.annotation.InitDestroyAnnotationBeanPostProcessor$LifecycleElement.invoke(InitDestroyAnnotationBeanPostProcessor.java:366) ~[spring-beans-4.3.11.RELEASE.jar:4.3.11.RELEASE]
	at org.springframework.beans.factory.annotation.InitDestroyAnnotationBeanPostProcessor$LifecycleMetadata.invokeInitMethods(InitDestroyAnnotationBeanPostProcessor.java:311) ~[spring-beans-4.3.11.RELEASE.jar:4.3.11.RELEASE]
	at org.springframework.beans.factory.annotation.InitDestroyAnnotationBeanPostProcessor.postProcessBeforeInitialization(InitDestroyAnnotationBeanPostProcessor.java:134) ~[spring-beans-4.3.11.RELEASE.jar:4.3.11.RELEASE]
	... 78 common frames omitted
Caused by: org.h2.jdbc.JdbcSQLException: Value too long for column "TITLE VARCHAR(32) NOT NULL": "STRINGDECODE('\u7035\u5c7d\u59cf\u9369\ufffd \u9365\u501f\u9524CBD \u93c3\u8dfa\u76bb\u6d7c\u6226\u68fd \u935f\u55d7\u59df\u9354... (33)"; SQL statement:
INSERT INTO `house`(`id`, `title`, `price`, `area`, `room`, `floor`, `total_floor`, `watch_times`, `build_year`, `status`, `create_time`, `last_update_time`, `city_en_name`, `region_en_name`, `cover`, `direction`, `distance_to_subway`, `parlour`, `district`, `admin_id`, `bathroom`, `street`) VALUES ('15', '鐎靛苯濮忛崺锟� 閸ュ�熼敜CBD 閺冭泛鐨绘导鎴︽＝ 閸熷棗濮熼崝鐐插彆 鐡掑懏顥楅悺锕�濮�', '6200', '70', '2', '10', '20', '2', '2005', '1', '2017-09-06 18:56:14', '2017-09-15 00:26:59', 'bj', 'hdq', 'FmD3zKG-gUPOrNv0HwzZN7IbkAC_', '2', '10', '1', '閾诲秵杈伴崲澶婃疮', '2', '0', '姒瑥鐓欑憲澶哥癌鐠猴拷'), ('16', '鐎靛苯濮忛崺锟� 閸ュ�熼敜CBD 閺冭泛鐨绘导鎴︽＝ 閸熷棗濮熼崝鐐插彆', '6300', '70', '2', '10', '20', '0', '2012', '1', '2017-09-06 19:53:35', '2017-09-11 00:35:13', 'bj', 'hdq', 'FmD3zKG-gUPOrNv0HwzZN7IbkAC_', '1', '-1', '1', '閾诲秵杈伴崲澶婃疮', '2', '0', '姒瑥鐓欑憲澶哥癌鐠猴拷'), ('17', '娴滃瞼骞嗘稉婊呮纯闂傘劌婀撮柧浣虹彲闂勫嫯绻庨妴浣哄竾鎼存粈绨抽妴浣搞亯鐎瑰妫妴浣告禇鐠愭悶锟戒椒绗侀柌灞芥偛閵嗕礁宕￠柨锝夌处瀹革拷', '3000', '35', '1', '5', '10', '0', '2013', '1', '2017-09-06 20:45:35', '2017-09-11 00:35:05', 'bj', 'hdq', 'FhVdDhzVDH1dLVVx4jOaVXOCfnea', '1', '200', '0', '閾诲秵杈伴崲澶婃疮', '2', '0', '姒瑥鐓欑憲澶哥癌鐠猴拷'), ('18', '閸楀氦閿ら崺锟� 娑撴粌鎮滄稉锟界仦鍛缁岀皞oft 楠炴彃鍣ｅ〒鈺呂� 闂呭繑妞傞崣顖欎簰缁涘墽瀹�', '5700', '52', '1', '7', '20', '0', '2012', '1', '2017-09-06 21:01:02', '2017-09-11 00:35:01', 'bj', 'hdq', 'FsxiS6rOTpSg5pK7tv41e8Zpnn_c', '2', '1085', '1', '閾诲秵杈伴崲澶婃疮', '2', '0', '姒瑥鐓欑憲澶哥癌鐠猴拷'), ('19', '閺堟稒妲崶顓熸緲濡ら棿绗佺仦鍛吇 閼奉亙缍囩划鎹愵棅 閸楁瀵抽柅姘讹拷锟� 闁插洤鍘滄總鍊燁潒闁插孩顥楅敍锟�', '9200', '132', '3', '6', '14', '0', '2005', '1', '2017-09-06 22:44:25', '2017-09-11 00:34:55', 'bj', 'hdq', 'Fl1lNikhmMIecbTn-JTsurxugtFU', '2', '1108', '2', '閾诲秵杈伴崲澶婃疮', '2', '0', '姒瑥鐓欑憲澶哥癌鐠猴拷'), ('20', '妤傛ê銇囨稉濠勬畱閺佸顫ゆ稉銈呯湷鐎癸拷 娑撴矮瀵岀拠姘壈閸戣櫣顫�', '5400', '56', '2', '12', '20', '0', '2012', '1', '2017-09-06 23:39:50', '2017-09-11 00:34:21', 'bj', 'hdq', 'FtNl9uPM6p5PjEs8z2FnOuViNtOM', '2', '-1', '1', '閾诲秵杈伴崲澶婃疮', '2', '0', '姒瑥鐓欑憲澶哥癌鐠猴拷'), ('21', '閺傛澘鎮嶉崶锟� 濮濓綀顫夋稉澶婄湷鐎癸拷 缁崘顥婃穱锟� 鐎瑰墎鏁哥�硅泛鍙挎鎰弿', '1900', '18', '1', '13', '25', '0', '2012', '1', '2017-09-07 00:52:47', '2017-09-11 00:34:13', 'bj', 'hdq', 'Fn9sHC3Wx7qpYCmSxt-z8FZluf0Z', '3', '1302', '0', '閾诲秵杈伴崲澶婃疮', '2', '0', '姒瑥鐓欑憲澶哥癌鐠猴拷'), ('24', '濠�鏍у帨婢圭懓褰块張娑楀惈閸楀骸绨�183-387閵曪繝妲橀弲顖氥亣鐎癸拷', '50000', '288', '5', '1', '1', '0', '2015', '1', '2017-09-07 11:42:20', '2017-09-18 20:14:14', 'bj', 'hdq', 'FvVqU8LneZZ5xaLBAOM1KXR2Pz1X', '5', '200', '3', '閾诲秵杈伴崲澶婃疮', '2', '0', '姒瑥鐓欑憲澶哥癌鐠猴拷') [22001-196]
	at org.h2.message.DbException.getJdbcSQLException(DbException.java:345) ~[h2-1.4.196.jar:1.4.196]
	at org.h2.message.DbException.get(DbException.java:179) ~[h2-1.4.196.jar:1.4.196]
	at org.h2.table.Column.validateConvertUpdateSequence(Column.java:369) ~[h2-1.4.196.jar:1.4.196]
	at org.h2.table.Table.validateConvertUpdateSequence(Table.java:797) ~[h2-1.4.196.jar:1.4.196]
	at org.h2.command.dml.Insert.insertRows(Insert.java:151) ~[h2-1.4.196.jar:1.4.196]
	at org.h2.command.dml.Insert.update(Insert.java:114) ~[h2-1.4.196.jar:1.4.196]
	at org.h2.command.CommandContainer.update(CommandContainer.java:101) ~[h2-1.4.196.jar:1.4.196]
	at org.h2.command.Command.executeUpdate(Command.java:260) ~[h2-1.4.196.jar:1.4.196]
	at org.h2.jdbc.JdbcStatement.executeInternal(JdbcStatement.java:192) ~[h2-1.4.196.jar:1.4.196]
	at org.h2.jdbc.JdbcStatement.execute(JdbcStatement.java:164) ~[h2-1.4.196.jar:1.4.196]
	at sun.reflect.GeneratedMethodAccessor63.invoke(Unknown Source) ~[na:na]
	at sun.reflect.DelegatingMethodAccessorImpl.invoke(DelegatingMethodAccessorImpl.java:43) ~[na:1.8.0_31]
	at java.lang.reflect.Method.invoke(Method.java:483) ~[na:1.8.0_31]
	at org.apache.tomcat.jdbc.pool.StatementFacade$StatementProxy.invoke(StatementFacade.java:114) ~[tomcat-jdbc-8.5.20.jar:na]
	at com.sun.proxy.$Proxy90.execute(Unknown Source) ~[na:na]
	at org.springframework.jdbc.datasource.init.ScriptUtils.executeSqlScript(ScriptUtils.java:470) ~[spring-jdbc-4.3.11.RELEASE.jar:4.3.11.RELEASE]
	... 98 common frames omitted

2018-01-18 21:11:31.215 ERROR 4044 --- [           main] o.s.test.context.TestContextManager      : Caught exception while allowing TestExecutionListener [org.springframework.test.context.web.ServletTestExecutionListener@329d84e] to prepare test instance [com.imooc.service.house.QiNiuServiceTests@1a7ccbff]

java.lang.IllegalStateException: Failed to load ApplicationContext
	at org.springframework.test.context.cache.DefaultCacheAwareContextLoaderDelegate.loadContext(DefaultCacheAwareContextLoaderDelegate.java:124) ~[spring-test-4.3.11.RELEASE.jar:4.3.11.RELEASE]
	at org.springframework.test.context.support.DefaultTestContext.getApplicationContext(DefaultTestContext.java:83) ~[spring-test-4.3.11.RELEASE.jar:4.3.11.RELEASE]
	at org.springframework.test.context.web.ServletTestExecutionListener.setUpRequestContextIfNecessary(ServletTestExecutionListener.java:189) ~[spring-test-4.3.11.RELEASE.jar:4.3.11.RELEASE]
	at org.springframework.test.context.web.ServletTestExecutionListener.prepareTestInstance(ServletTestExecutionListener.java:131) ~[spring-test-4.3.11.RELEASE.jar:4.3.11.RELEASE]
	at org.springframework.test.context.TestContextManager.prepareTestInstance(TestContextManager.java:230) ~[spring-test-4.3.11.RELEASE.jar:4.3.11.RELEASE]
	at org.springframework.test.context.junit4.SpringJUnit4ClassRunner.createTest(SpringJUnit4ClassRunner.java:228) [spring-test-4.3.11.RELEASE.jar:4.3.11.RELEASE]
	at org.springframework.test.context.junit4.SpringJUnit4ClassRunner$1.runReflectiveCall(SpringJUnit4ClassRunner.java:287) [spring-test-4.3.11.RELEASE.jar:4.3.11.RELEASE]
	at org.junit.internal.runners.model.ReflectiveCallable.run(ReflectiveCallable.java:12) [junit-4.12.jar:4.12]
	at org.springframework.test.context.junit4.SpringJUnit4ClassRunner.methodBlock(SpringJUnit4ClassRunner.java:289) [spring-test-4.3.11.RELEASE.jar:4.3.11.RELEASE]
	at org.springframework.test.context.junit4.SpringJUnit4ClassRunner.runChild(SpringJUnit4ClassRunner.java:247) [spring-test-4.3.11.RELEASE.jar:4.3.11.RELEASE]
	at org.springframework.test.context.junit4.SpringJUnit4ClassRunner.runChild(SpringJUnit4ClassRunner.java:94) [spring-test-4.3.11.RELEASE.jar:4.3.11.RELEASE]
	at org.junit.runners.ParentRunner$3.run(ParentRunner.java:290) [junit-4.12.jar:4.12]
	at org.junit.runners.ParentRunner$1.schedule(ParentRunner.java:71) [junit-4.12.jar:4.12]
	at org.junit.runners.ParentRunner.runChildren(ParentRunner.java:288) [junit-4.12.jar:4.12]
	at org.junit.runners.ParentRunner.access$000(ParentRunner.java:58) [junit-4.12.jar:4.12]
	at org.junit.runners.ParentRunner$2.evaluate(ParentRunner.java:268) [junit-4.12.jar:4.12]
	at org.springframework.test.context.junit4.statements.RunBeforeTestClassCallbacks.evaluate(RunBeforeTestClassCallbacks.java:61) [spring-test-4.3.11.RELEASE.jar:4.3.11.RELEASE]
	at org.springframework.test.context.junit4.statements.RunAfterTestClassCallbacks.evaluate(RunAfterTestClassCallbacks.java:70) [spring-test-4.3.11.RELEASE.jar:4.3.11.RELEASE]
	at org.junit.runners.ParentRunner.run(ParentRunner.java:363) [junit-4.12.jar:4.12]
	at org.springframework.test.context.junit4.SpringJUnit4ClassRunner.run(SpringJUnit4ClassRunner.java:191) [spring-test-4.3.11.RELEASE.jar:4.3.11.RELEASE]
	at org.apache.maven.surefire.junit4.JUnit4Provider.execute(JUnit4Provider.java:283) [surefire-junit4-2.18.1.jar:2.18.1]
	at org.apache.maven.surefire.junit4.JUnit4Provider.executeWithRerun(JUnit4Provider.java:173) [surefire-junit4-2.18.1.jar:2.18.1]
	at org.apache.maven.surefire.junit4.JUnit4Provider.executeTestSet(JUnit4Provider.java:153) [surefire-junit4-2.18.1.jar:2.18.1]
	at org.apache.maven.surefire.junit4.JUnit4Provider.invoke(JUnit4Provider.java:128) [surefire-junit4-2.18.1.jar:2.18.1]
	at org.apache.maven.surefire.booter.ForkedBooter.invokeProviderInSameClassLoader(ForkedBooter.java:203) [surefire-booter-2.18.1.jar:2.18.1]
	at org.apache.maven.surefire.booter.ForkedBooter.runSuitesInProcess(ForkedBooter.java:155) [surefire-booter-2.18.1.jar:2.18.1]
	at org.apache.maven.surefire.booter.ForkedBooter.main(ForkedBooter.java:103) [surefire-booter-2.18.1.jar:2.18.1]
Caused by: org.springframework.beans.factory.BeanCreationException: Error creating bean with name 'entityManagerFactory' defined in class path resource [com/imooc/config/JPAConfig.class]: Bean instantiation via factory method failed; nested exception is org.springframework.beans.BeanInstantiationException: Failed to instantiate [org.springframework.orm.jpa.LocalContainerEntityManagerFactoryBean]: Factory method 'entityManagerFactory' threw exception; nested exception is org.springframework.beans.factory.BeanCreationException: Error creating bean with name 'dataSource' defined in class path resource [com/imooc/config/JPAConfig.class]: Initialization of bean failed; nested exception is org.springframework.beans.factory.BeanCreationException: Error creating bean with name 'dataSourceInitializer': Invocation of init method failed; nested exception is org.springframework.jdbc.datasource.init.ScriptStatementFailedException: Failed to execute SQL script statement #7 of class path resource [db/data.sql]: INSERT INTO `house`(`id`, `title`, `price`, `area`, `room`, `floor`, `total_floor`, `watch_times`, `build_year`, `status`, `create_time`, `last_update_time`, `city_en_name`, `region_en_name`, `cover`, `direction`, `distance_to_subway`, `parlour`, `district`, `admin_id`, `bathroom`, `street`) VALUES ('15', '鐎靛苯濮忛崺锟� 閸ュ�熼敜CBD 閺冭泛鐨绘导鎴︽＝ 閸熷棗濮熼崝鐐插彆 鐡掑懏顥楅悺锕�濮�', '6200', '70', '2', '10', '20', '2', '2005', '1', '2017-09-06 18:56:14', '2017-09-15 00:26:59', 'bj', 'hdq', 'FmD3zKG-gUPOrNv0HwzZN7IbkAC_', '2', '10', '1', '閾诲秵杈伴崲澶婃疮', '2', '0', '姒瑥鐓欑憲澶哥癌鐠猴拷'), ('16', '鐎靛苯濮忛崺锟� 閸ュ�熼敜CBD 閺冭泛鐨绘导鎴︽＝ 閸熷棗濮熼崝鐐插彆', '6300', '70', '2', '10', '20', '0', '2012', '1', '2017-09-06 19:53:35', '2017-09-11 00:35:13', 'bj', 'hdq', 'FmD3zKG-gUPOrNv0HwzZN7IbkAC_', '1', '-1', '1', '閾诲秵杈伴崲澶婃疮', '2', '0', '姒瑥鐓欑憲澶哥癌鐠猴拷'), ('17', '娴滃瞼骞嗘稉婊呮纯闂傘劌婀撮柧浣虹彲闂勫嫯绻庨妴浣哄竾鎼存粈绨抽妴浣搞亯鐎瑰妫妴浣告禇鐠愭悶锟戒椒绗侀柌灞芥偛閵嗕礁宕￠柨锝夌处瀹革拷', '3000', '35', '1', '5', '10', '0', '2013', '1', '2017-09-06 20:45:35', '2017-09-11 00:35:05', 'bj', 'hdq', 'FhVdDhzVDH1dLVVx4jOaVXOCfnea', '1', '200', '0', '閾诲秵杈伴崲澶婃疮', '2', '0', '姒瑥鐓欑憲澶哥癌鐠猴拷'), ('18', '閸楀氦閿ら崺锟� 娑撴粌鎮滄稉锟界仦鍛缁岀皞oft 楠炴彃鍣ｅ〒鈺呂� 闂呭繑妞傞崣顖欎簰缁涘墽瀹�', '5700', '52', '1', '7', '20', '0', '2012', '1', '2017-09-06 21:01:02', '2017-09-11 00:35:01', 'bj', 'hdq', 'FsxiS6rOTpSg5pK7tv41e8Zpnn_c', '2', '1085', '1', '閾诲秵杈伴崲澶婃疮', '2', '0', '姒瑥鐓欑憲澶哥癌鐠猴拷'), ('19', '閺堟稒妲崶顓熸緲濡ら棿绗佺仦鍛吇 閼奉亙缍囩划鎹愵棅 閸楁瀵抽柅姘讹拷锟� 闁插洤鍘滄總鍊燁潒闁插孩顥楅敍锟�', '9200', '132', '3', '6', '14', '0', '2005', '1', '2017-09-06 22:44:25', '2017-09-11 00:34:55', 'bj', 'hdq', 'Fl1lNikhmMIecbTn-JTsurxugtFU', '2', '1108', '2', '閾诲秵杈伴崲澶婃疮', '2', '0', '姒瑥鐓欑憲澶哥癌鐠猴拷'), ('20', '妤傛ê銇囨稉濠勬畱閺佸顫ゆ稉銈呯湷鐎癸拷 娑撴矮瀵岀拠姘壈閸戣櫣顫�', '5400', '56', '2', '12', '20', '0', '2012', '1', '2017-09-06 23:39:50', '2017-09-11 00:34:21', 'bj', 'hdq', 'FtNl9uPM6p5PjEs8z2FnOuViNtOM', '2', '-1', '1', '閾诲秵杈伴崲澶婃疮', '2', '0', '姒瑥鐓欑憲澶哥癌鐠猴拷'), ('21', '閺傛澘鎮嶉崶锟� 濮濓綀顫夋稉澶婄湷鐎癸拷 缁崘顥婃穱锟� 鐎瑰墎鏁哥�硅泛鍙挎鎰弿', '1900', '18', '1', '13', '25', '0', '2012', '1', '2017-09-07 00:52:47', '2017-09-11 00:34:13', 'bj', 'hdq', 'Fn9sHC3Wx7qpYCmSxt-z8FZluf0Z', '3', '1302', '0', '閾诲秵杈伴崲澶婃疮', '2', '0', '姒瑥鐓欑憲澶哥癌鐠猴拷'), ('24', '濠�鏍у帨婢圭懓褰块張娑楀惈閸楀骸绨�183-387閵曪繝妲橀弲顖氥亣鐎癸拷', '50000', '288', '5', '1', '1', '0', '2015', '1', '2017-09-07 11:42:20', '2017-09-18 20:14:14', 'bj', 'hdq', 'FvVqU8LneZZ5xaLBAOM1KXR2Pz1X', '5', '200', '3', '閾诲秵杈伴崲澶婃疮', '2', '0', '姒瑥鐓欑憲澶哥癌鐠猴拷'); nested exception is org.h2.jdbc.JdbcSQLException: Value too long for column "TITLE VARCHAR(32) NOT NULL": "STRINGDECODE('\u7035\u5c7d\u59cf\u9369\ufffd \u9365\u501f\u9524CBD \u93c3\u8dfa\u76bb\u6d7c\u6226\u68fd \u935f\u55d7\u59df\u9354... (33)"; SQL statement:
INSERT INTO `house`(`id`, `title`, `price`, `area`, `room`, `floor`, `total_floor`, `watch_times`, `build_year`, `status`, `create_time`, `last_update_time`, `city_en_name`, `region_en_name`, `cover`, `direction`, `distance_to_subway`, `parlour`, `district`, `admin_id`, `bathroom`, `street`) VALUES ('15', '鐎靛苯濮忛崺锟� 閸ュ�熼敜CBD 閺冭泛鐨绘导鎴︽＝ 閸熷棗濮熼崝鐐插彆 鐡掑懏顥楅悺锕�濮�', '6200', '70', '2', '10', '20', '2', '2005', '1', '2017-09-06 18:56:14', '2017-09-15 00:26:59', 'bj', 'hdq', 'FmD3zKG-gUPOrNv0HwzZN7IbkAC_', '2', '10', '1', '閾诲秵杈伴崲澶婃疮', '2', '0', '姒瑥鐓欑憲澶哥癌鐠猴拷'), ('16', '鐎靛苯濮忛崺锟� 閸ュ�熼敜CBD 閺冭泛鐨绘导鎴︽＝ 閸熷棗濮熼崝鐐插彆', '6300', '70', '2', '10', '20', '0', '2012', '1', '2017-09-06 19:53:35', '2017-09-11 00:35:13', 'bj', 'hdq', 'FmD3zKG-gUPOrNv0HwzZN7IbkAC_', '1', '-1', '1', '閾诲秵杈伴崲澶婃疮', '2', '0', '姒瑥鐓欑憲澶哥癌鐠猴拷'), ('17', '娴滃瞼骞嗘稉婊呮纯闂傘劌婀撮柧浣虹彲闂勫嫯绻庨妴浣哄竾鎼存粈绨抽妴浣搞亯鐎瑰妫妴浣告禇鐠愭悶锟戒椒绗侀柌灞芥偛閵嗕礁宕￠柨锝夌处瀹革拷', '3000', '35', '1', '5', '10', '0', '2013', '1', '2017-09-06 20:45:35', '2017-09-11 00:35:05', 'bj', 'hdq', 'FhVdDhzVDH1dLVVx4jOaVXOCfnea', '1', '200', '0', '閾诲秵杈伴崲澶婃疮', '2', '0', '姒瑥鐓欑憲澶哥癌鐠猴拷'), ('18', '閸楀氦閿ら崺锟� 娑撴粌鎮滄稉锟界仦鍛缁岀皞oft 楠炴彃鍣ｅ〒鈺呂� 闂呭繑妞傞崣顖欎簰缁涘墽瀹�', '5700', '52', '1', '7', '20', '0', '2012', '1', '2017-09-06 21:01:02', '2017-09-11 00:35:01', 'bj', 'hdq', 'FsxiS6rOTpSg5pK7tv41e8Zpnn_c', '2', '1085', '1', '閾诲秵杈伴崲澶婃疮', '2', '0', '姒瑥鐓欑憲澶哥癌鐠猴拷'), ('19', '閺堟稒妲崶顓熸緲濡ら棿绗佺仦鍛吇 閼奉亙缍囩划鎹愵棅 閸楁瀵抽柅姘讹拷锟� 闁插洤鍘滄總鍊燁潒闁插孩顥楅敍锟�', '9200', '132', '3', '6', '14', '0', '2005', '1', '2017-09-06 22:44:25', '2017-09-11 00:34:55', 'bj', 'hdq', 'Fl1lNikhmMIecbTn-JTsurxugtFU', '2', '1108', '2', '閾诲秵杈伴崲澶婃疮', '2', '0', '姒瑥鐓欑憲澶哥癌鐠猴拷'), ('20', '妤傛ê銇囨稉濠勬畱閺佸顫ゆ稉銈呯湷鐎癸拷 娑撴矮瀵岀拠姘壈閸戣櫣顫�', '5400', '56', '2', '12', '20', '0', '2012', '1', '2017-09-06 23:39:50', '2017-09-11 00:34:21', 'bj', 'hdq', 'FtNl9uPM6p5PjEs8z2FnOuViNtOM', '2', '-1', '1', '閾诲秵杈伴崲澶婃疮', '2', '0', '姒瑥鐓欑憲澶哥癌鐠猴拷'), ('21', '閺傛澘鎮嶉崶锟� 濮濓綀顫夋稉澶婄湷鐎癸拷 缁崘顥婃穱锟� 鐎瑰墎鏁哥�硅泛鍙挎鎰弿', '1900', '18', '1', '13', '25', '0', '2012', '1', '2017-09-07 00:52:47', '2017-09-11 00:34:13', 'bj', 'hdq', 'Fn9sHC3Wx7qpYCmSxt-z8FZluf0Z', '3', '1302', '0', '閾诲秵杈伴崲澶婃疮', '2', '0', '姒瑥鐓欑憲澶哥癌鐠猴拷'), ('24', '濠�鏍у帨婢圭懓褰块張娑楀惈閸楀骸绨�183-387閵曪繝妲橀弲顖氥亣鐎癸拷', '50000', '288', '5', '1', '1', '0', '2015', '1', '2017-09-07 11:42:20', '2017-09-18 20:14:14', 'bj', 'hdq', 'FvVqU8LneZZ5xaLBAOM1KXR2Pz1X', '5', '200', '3', '閾诲秵杈伴崲澶婃疮', '2', '0', '姒瑥鐓欑憲澶哥癌鐠猴拷') [22001-196]
	at org.springframework.beans.factory.support.ConstructorResolver.instantiateUsingFactoryMethod(ConstructorResolver.java:599) ~[spring-beans-4.3.11.RELEASE.jar:4.3.11.RELEASE]
	at org.springframework.beans.factory.support.AbstractAutowireCapableBeanFactory.instantiateUsingFactoryMethod(AbstractAutowireCapableBeanFactory.java:1173) ~[spring-beans-4.3.11.RELEASE.jar:4.3.11.RELEASE]
	at org.springframework.beans.factory.support.AbstractAutowireCapableBeanFactory.createBeanInstance(AbstractAutowireCapableBeanFactory.java:1067) ~[spring-beans-4.3.11.RELEASE.jar:4.3.11.RELEASE]
	at org.springframework.beans.factory.support.AbstractAutowireCapableBeanFactory.doCreateBean(AbstractAutowireCapableBeanFactory.java:513) ~[spring-beans-4.3.11.RELEASE.jar:4.3.11.RELEASE]
	at org.springframework.beans.factory.support.AbstractAutowireCapableBeanFactory.createBean(AbstractAutowireCapableBeanFactory.java:483) ~[spring-beans-4.3.11.RELEASE.jar:4.3.11.RELEASE]
	at org.springframework.beans.factory.support.AbstractBeanFactory$1.getObject(AbstractBeanFactory.java:306) ~[spring-beans-4.3.11.RELEASE.jar:4.3.11.RELEASE]
	at org.springframework.beans.factory.support.DefaultSingletonBeanRegistry.getSingleton(DefaultSingletonBeanRegistry.java:230) ~[spring-beans-4.3.11.RELEASE.jar:4.3.11.RELEASE]
	at org.springframework.beans.factory.support.AbstractBeanFactory.doGetBean(AbstractBeanFactory.java:302) ~[spring-beans-4.3.11.RELEASE.jar:4.3.11.RELEASE]
	at org.springframework.beans.factory.support.AbstractBeanFactory.getBean(AbstractBeanFactory.java:197) ~[spring-beans-4.3.11.RELEASE.jar:4.3.11.RELEASE]
	at org.springframework.context.support.AbstractApplicationContext.getBean(AbstractApplicationContext.java:1078) ~[spring-context-4.3.11.RELEASE.jar:4.3.11.RELEASE]
	at org.springframework.context.support.AbstractApplicationContext.finishBeanFactoryInitialization(AbstractApplicationContext.java:857) ~[spring-context-4.3.11.RELEASE.jar:4.3.11.RELEASE]
	at org.springframework.context.support.AbstractApplicationContext.refresh(AbstractApplicationContext.java:543) ~[spring-context-4.3.11.RELEASE.jar:4.3.11.RELEASE]
	at org.springframework.boot.SpringApplication.refresh(SpringApplication.java:693) ~[spring-boot-1.5.7.RELEASE.jar:1.5.7.RELEASE]
	at org.springframework.boot.SpringApplication.refreshContext(SpringApplication.java:360) ~[spring-boot-1.5.7.RELEASE.jar:1.5.7.RELEASE]
	at org.springframework.boot.SpringApplication.run(SpringApplication.java:303) ~[spring-boot-1.5.7.RELEASE.jar:1.5.7.RELEASE]
	at org.springframework.boot.test.context.SpringBootContextLoader.loadContext(SpringBootContextLoader.java:120) ~[spring-boot-test-1.5.7.RELEASE.jar:1.5.7.RELEASE]
	at org.springframework.test.context.cache.DefaultCacheAwareContextLoaderDelegate.loadContextInternal(DefaultCacheAwareContextLoaderDelegate.java:98) ~[spring-test-4.3.11.RELEASE.jar:4.3.11.RELEASE]
	at org.springframework.test.context.cache.DefaultCacheAwareContextLoaderDelegate.loadContext(DefaultCacheAwareContextLoaderDelegate.java:116) ~[spring-test-4.3.11.RELEASE.jar:4.3.11.RELEASE]
	... 26 common frames omitted
Caused by: org.springframework.beans.BeanInstantiationException: Failed to instantiate [org.springframework.orm.jpa.LocalContainerEntityManagerFactoryBean]: Factory method 'entityManagerFactory' threw exception; nested exception is org.springframework.beans.factory.BeanCreationException: Error creating bean with name 'dataSource' defined in class path resource [com/imooc/config/JPAConfig.class]: Initialization of bean failed; nested exception is org.springframework.beans.factory.BeanCreationException: Error creating bean with name 'dataSourceInitializer': Invocation of init method failed; nested exception is org.springframework.jdbc.datasource.init.ScriptStatementFailedException: Failed to execute SQL script statement #7 of class path resource [db/data.sql]: INSERT INTO `house`(`id`, `title`, `price`, `area`, `room`, `floor`, `total_floor`, `watch_times`, `build_year`, `status`, `create_time`, `last_update_time`, `city_en_name`, `region_en_name`, `cover`, `direction`, `distance_to_subway`, `parlour`, `district`, `admin_id`, `bathroom`, `street`) VALUES ('15', '鐎靛苯濮忛崺锟� 閸ュ�熼敜CBD 閺冭泛鐨绘导鎴︽＝ 閸熷棗濮熼崝鐐插彆 鐡掑懏顥楅悺锕�濮�', '6200', '70', '2', '10', '20', '2', '2005', '1', '2017-09-06 18:56:14', '2017-09-15 00:26:59', 'bj', 'hdq', 'FmD3zKG-gUPOrNv0HwzZN7IbkAC_', '2', '10', '1', '閾诲秵杈伴崲澶婃疮', '2', '0', '姒瑥鐓欑憲澶哥癌鐠猴拷'), ('16', '鐎靛苯濮忛崺锟� 閸ュ�熼敜CBD 閺冭泛鐨绘导鎴︽＝ 閸熷棗濮熼崝鐐插彆', '6300', '70', '2', '10', '20', '0', '2012', '1', '2017-09-06 19:53:35', '2017-09-11 00:35:13', 'bj', 'hdq', 'FmD3zKG-gUPOrNv0HwzZN7IbkAC_', '1', '-1', '1', '閾诲秵杈伴崲澶婃疮', '2', '0', '姒瑥鐓欑憲澶哥癌鐠猴拷'), ('17', '娴滃瞼骞嗘稉婊呮纯闂傘劌婀撮柧浣虹彲闂勫嫯绻庨妴浣哄竾鎼存粈绨抽妴浣搞亯鐎瑰妫妴浣告禇鐠愭悶锟戒椒绗侀柌灞芥偛閵嗕礁宕￠柨锝夌处瀹革拷', '3000', '35', '1', '5', '10', '0', '2013', '1', '2017-09-06 20:45:35', '2017-09-11 00:35:05', 'bj', 'hdq', 'FhVdDhzVDH1dLVVx4jOaVXOCfnea', '1', '200', '0', '閾诲秵杈伴崲澶婃疮', '2', '0', '姒瑥鐓欑憲澶哥癌鐠猴拷'), ('18', '閸楀氦閿ら崺锟� 娑撴粌鎮滄稉锟界仦鍛缁岀皞oft 楠炴彃鍣ｅ〒鈺呂� 闂呭繑妞傞崣顖欎簰缁涘墽瀹�', '5700', '52', '1', '7', '20', '0', '2012', '1', '2017-09-06 21:01:02', '2017-09-11 00:35:01', 'bj', 'hdq', 'FsxiS6rOTpSg5pK7tv41e8Zpnn_c', '2', '1085', '1', '閾诲秵杈伴崲澶婃疮', '2', '0', '姒瑥鐓欑憲澶哥癌鐠猴拷'), ('19', '閺堟稒妲崶顓熸緲濡ら棿绗佺仦鍛吇 閼奉亙缍囩划鎹愵棅 閸楁瀵抽柅姘讹拷锟� 闁插洤鍘滄總鍊燁潒闁插孩顥楅敍锟�', '9200', '132', '3', '6', '14', '0', '2005', '1', '2017-09-06 22:44:25', '2017-09-11 00:34:55', 'bj', 'hdq', 'Fl1lNikhmMIecbTn-JTsurxugtFU', '2', '1108', '2', '閾诲秵杈伴崲澶婃疮', '2', '0', '姒瑥鐓欑憲澶哥癌鐠猴拷'), ('20', '妤傛ê銇囨稉濠勬畱閺佸顫ゆ稉銈呯湷鐎癸拷 娑撴矮瀵岀拠姘壈閸戣櫣顫�', '5400', '56', '2', '12', '20', '0', '2012', '1', '2017-09-06 23:39:50', '2017-09-11 00:34:21', 'bj', 'hdq', 'FtNl9uPM6p5PjEs8z2FnOuViNtOM', '2', '-1', '1', '閾诲秵杈伴崲澶婃疮', '2', '0', '姒瑥鐓欑憲澶哥癌鐠猴拷'), ('21', '閺傛澘鎮嶉崶锟� 濮濓綀顫夋稉澶婄湷鐎癸拷 缁崘顥婃穱锟� 鐎瑰墎鏁哥�硅泛鍙挎鎰弿', '1900', '18', '1', '13', '25', '0', '2012', '1', '2017-09-07 00:52:47', '2017-09-11 00:34:13', 'bj', 'hdq', 'Fn9sHC3Wx7qpYCmSxt-z8FZluf0Z', '3', '1302', '0', '閾诲秵杈伴崲澶婃疮', '2', '0', '姒瑥鐓欑憲澶哥癌鐠猴拷'), ('24', '濠�鏍у帨婢圭懓褰块張娑楀惈閸楀骸绨�183-387閵曪繝妲橀弲顖氥亣鐎癸拷', '50000', '288', '5', '1', '1', '0', '2015', '1', '2017-09-07 11:42:20', '2017-09-18 20:14:14', 'bj', 'hdq', 'FvVqU8LneZZ5xaLBAOM1KXR2Pz1X', '5', '200', '3', '閾诲秵杈伴崲澶婃疮', '2', '0', '姒瑥鐓欑憲澶哥癌鐠猴拷'); nested exception is org.h2.jdbc.JdbcSQLException: Value too long for column "TITLE VARCHAR(32) NOT NULL": "STRINGDECODE('\u7035\u5c7d\u59cf\u9369\ufffd \u9365\u501f\u9524CBD \u93c3\u8dfa\u76bb\u6d7c\u6226\u68fd \u935f\u55d7\u59df\u9354... (33)"; SQL statement:
INSERT INTO `house`(`id`, `title`, `price`, `area`, `room`, `floor`, `total_floor`, `watch_times`, `build_year`, `status`, `create_time`, `last_update_time`, `city_en_name`, `region_en_name`, `cover`, `direction`, `distance_to_subway`, `parlour`, `district`, `admin_id`, `bathroom`, `street`) VALUES ('15', '鐎靛苯濮忛崺锟� 閸ュ�熼敜CBD 閺冭泛鐨绘导鎴︽＝ 閸熷棗濮熼崝鐐插彆 鐡掑懏顥楅悺锕�濮�', '6200', '70', '2', '10', '20', '2', '2005', '1', '2017-09-06 18:56:14', '2017-09-15 00:26:59', 'bj', 'hdq', 'FmD3zKG-gUPOrNv0HwzZN7IbkAC_', '2', '10', '1', '閾诲秵杈伴崲澶婃疮', '2', '0', '姒瑥鐓欑憲澶哥癌鐠猴拷'), ('16', '鐎靛苯濮忛崺锟� 閸ュ�熼敜CBD 閺冭泛鐨绘导鎴︽＝ 閸熷棗濮熼崝鐐插彆', '6300', '70', '2', '10', '20', '0', '2012', '1', '2017-09-06 19:53:35', '2017-09-11 00:35:13', 'bj', 'hdq', 'FmD3zKG-gUPOrNv0HwzZN7IbkAC_', '1', '-1', '1', '閾诲秵杈伴崲澶婃疮', '2', '0', '姒瑥鐓欑憲澶哥癌鐠猴拷'), ('17', '娴滃瞼骞嗘稉婊呮纯闂傘劌婀撮柧浣虹彲闂勫嫯绻庨妴浣哄竾鎼存粈绨抽妴浣搞亯鐎瑰妫妴浣告禇鐠愭悶锟戒椒绗侀柌灞芥偛閵嗕礁宕￠柨锝夌处瀹革拷', '3000', '35', '1', '5', '10', '0', '2013', '1', '2017-09-06 20:45:35', '2017-09-11 00:35:05', 'bj', 'hdq', 'FhVdDhzVDH1dLVVx4jOaVXOCfnea', '1', '200', '0', '閾诲秵杈伴崲澶婃疮', '2', '0', '姒瑥鐓欑憲澶哥癌鐠猴拷'), ('18', '閸楀氦閿ら崺锟� 娑撴粌鎮滄稉锟界仦鍛缁岀皞oft 楠炴彃鍣ｅ〒鈺呂� 闂呭繑妞傞崣顖欎簰缁涘墽瀹�', '5700', '52', '1', '7', '20', '0', '2012', '1', '2017-09-06 21:01:02', '2017-09-11 00:35:01', 'bj', 'hdq', 'FsxiS6rOTpSg5pK7tv41e8Zpnn_c', '2', '1085', '1', '閾诲秵杈伴崲澶婃疮', '2', '0', '姒瑥鐓欑憲澶哥癌鐠猴拷'), ('19', '閺堟稒妲崶顓熸緲濡ら棿绗佺仦鍛吇 閼奉亙缍囩划鎹愵棅 閸楁瀵抽柅姘讹拷锟� 闁插洤鍘滄總鍊燁潒闁插孩顥楅敍锟�', '9200', '132', '3', '6', '14', '0', '2005', '1', '2017-09-06 22:44:25', '2017-09-11 00:34:55', 'bj', 'hdq', 'Fl1lNikhmMIecbTn-JTsurxugtFU', '2', '1108', '2', '閾诲秵杈伴崲澶婃疮', '2', '0', '姒瑥鐓欑憲澶哥癌鐠猴拷'), ('20', '妤傛ê銇囨稉濠勬畱閺佸顫ゆ稉銈呯湷鐎癸拷 娑撴矮瀵岀拠姘壈閸戣櫣顫�', '5400', '56', '2', '12', '20', '0', '2012', '1', '2017-09-06 23:39:50', '2017-09-11 00:34:21', 'bj', 'hdq', 'FtNl9uPM6p5PjEs8z2FnOuViNtOM', '2', '-1', '1', '閾诲秵杈伴崲澶婃疮', '2', '0', '姒瑥鐓欑憲澶哥癌鐠猴拷'), ('21', '閺傛澘鎮嶉崶锟� 濮濓綀顫夋稉澶婄湷鐎癸拷 缁崘顥婃穱锟� 鐎瑰墎鏁哥�硅泛鍙挎鎰弿', '1900', '18', '1', '13', '25', '0', '2012', '1', '2017-09-07 00:52:47', '2017-09-11 00:34:13', 'bj', 'hdq', 'Fn9sHC3Wx7qpYCmSxt-z8FZluf0Z', '3', '1302', '0', '閾诲秵杈伴崲澶婃疮', '2', '0', '姒瑥鐓欑憲澶哥癌鐠猴拷'), ('24', '濠�鏍у帨婢圭懓褰块張娑楀惈閸楀骸绨�183-387閵曪繝妲橀弲顖氥亣鐎癸拷', '50000', '288', '5', '1', '1', '0', '2015', '1', '2017-09-07 11:42:20', '2017-09-18 20:14:14', 'bj', 'hdq', 'FvVqU8LneZZ5xaLBAOM1KXR2Pz1X', '5', '200', '3', '閾诲秵杈伴崲澶婃疮', '2', '0', '姒瑥鐓欑憲澶哥癌鐠猴拷') [22001-196]
	at org.springframework.beans.factory.support.SimpleInstantiationStrategy.instantiate(SimpleInstantiationStrategy.java:189) ~[spring-beans-4.3.11.RELEASE.jar:4.3.11.RELEASE]
	at org.springframework.beans.factory.support.ConstructorResolver.instantiateUsingFactoryMethod(ConstructorResolver.java:588) ~[spring-beans-4.3.11.RELEASE.jar:4.3.11.RELEASE]
	... 43 common frames omitted
Caused by: org.springframework.beans.factory.BeanCreationException: Error creating bean with name 'dataSource' defined in class path resource [com/imooc/config/JPAConfig.class]: Initialization of bean failed; nested exception is org.springframework.beans.factory.BeanCreationException: Error creating bean with name 'dataSourceInitializer': Invocation of init method failed; nested exception is org.springframework.jdbc.datasource.init.ScriptStatementFailedException: Failed to execute SQL script statement #7 of class path resource [db/data.sql]: INSERT INTO `house`(`id`, `title`, `price`, `area`, `room`, `floor`, `total_floor`, `watch_times`, `build_year`, `status`, `create_time`, `last_update_time`, `city_en_name`, `region_en_name`, `cover`, `direction`, `distance_to_subway`, `parlour`, `district`, `admin_id`, `bathroom`, `street`) VALUES ('15', '鐎靛苯濮忛崺锟� 閸ュ�熼敜CBD 閺冭泛鐨绘导鎴︽＝ 閸熷棗濮熼崝鐐插彆 鐡掑懏顥楅悺锕�濮�', '6200', '70', '2', '10', '20', '2', '2005', '1', '2017-09-06 18:56:14', '2017-09-15 00:26:59', 'bj', 'hdq', 'FmD3zKG-gUPOrNv0HwzZN7IbkAC_', '2', '10', '1', '閾诲秵杈伴崲澶婃疮', '2', '0', '姒瑥鐓欑憲澶哥癌鐠猴拷'), ('16', '鐎靛苯濮忛崺锟� 閸ュ�熼敜CBD 閺冭泛鐨绘导鎴︽＝ 閸熷棗濮熼崝鐐插彆', '6300', '70', '2', '10', '20', '0', '2012', '1', '2017-09-06 19:53:35', '2017-09-11 00:35:13', 'bj', 'hdq', 'FmD3zKG-gUPOrNv0HwzZN7IbkAC_', '1', '-1', '1', '閾诲秵杈伴崲澶婃疮', '2', '0', '姒瑥鐓欑憲澶哥癌鐠猴拷'), ('17', '娴滃瞼骞嗘稉婊呮纯闂傘劌婀撮柧浣虹彲闂勫嫯绻庨妴浣哄竾鎼存粈绨抽妴浣搞亯鐎瑰妫妴浣告禇鐠愭悶锟戒椒绗侀柌灞芥偛閵嗕礁宕￠柨锝夌处瀹革拷', '3000', '35', '1', '5', '10', '0', '2013', '1', '2017-09-06 20:45:35', '2017-09-11 00:35:05', 'bj', 'hdq', 'FhVdDhzVDH1dLVVx4jOaVXOCfnea', '1', '200', '0', '閾诲秵杈伴崲澶婃疮', '2', '0', '姒瑥鐓欑憲澶哥癌鐠猴拷'), ('18', '閸楀氦閿ら崺锟� 娑撴粌鎮滄稉锟界仦鍛缁岀皞oft 楠炴彃鍣ｅ〒鈺呂� 闂呭繑妞傞崣顖欎簰缁涘墽瀹�', '5700', '52', '1', '7', '20', '0', '2012', '1', '2017-09-06 21:01:02', '2017-09-11 00:35:01', 'bj', 'hdq', 'FsxiS6rOTpSg5pK7tv41e8Zpnn_c', '2', '1085', '1', '閾诲秵杈伴崲澶婃疮', '2', '0', '姒瑥鐓欑憲澶哥癌鐠猴拷'), ('19', '閺堟稒妲崶顓熸緲濡ら棿绗佺仦鍛吇 閼奉亙缍囩划鎹愵棅 閸楁瀵抽柅姘讹拷锟� 闁插洤鍘滄總鍊燁潒闁插孩顥楅敍锟�', '9200', '132', '3', '6', '14', '0', '2005', '1', '2017-09-06 22:44:25', '2017-09-11 00:34:55', 'bj', 'hdq', 'Fl1lNikhmMIecbTn-JTsurxugtFU', '2', '1108', '2', '閾诲秵杈伴崲澶婃疮', '2', '0', '姒瑥鐓欑憲澶哥癌鐠猴拷'), ('20', '妤傛ê銇囨稉濠勬畱閺佸顫ゆ稉銈呯湷鐎癸拷 娑撴矮瀵岀拠姘壈閸戣櫣顫�', '5400', '56', '2', '12', '20', '0', '2012', '1', '2017-09-06 23:39:50', '2017-09-11 00:34:21', 'bj', 'hdq', 'FtNl9uPM6p5PjEs8z2FnOuViNtOM', '2', '-1', '1', '閾诲秵杈伴崲澶婃疮', '2', '0', '姒瑥鐓欑憲澶哥癌鐠猴拷'), ('21', '閺傛澘鎮嶉崶锟� 濮濓綀顫夋稉澶婄湷鐎癸拷 缁崘顥婃穱锟� 鐎瑰墎鏁哥�硅泛鍙挎鎰弿', '1900', '18', '1', '13', '25', '0', '2012', '1', '2017-09-07 00:52:47', '2017-09-11 00:34:13', 'bj', 'hdq', 'Fn9sHC3Wx7qpYCmSxt-z8FZluf0Z', '3', '1302', '0', '閾诲秵杈伴崲澶婃疮', '2', '0', '姒瑥鐓欑憲澶哥癌鐠猴拷'), ('24', '濠�鏍у帨婢圭懓褰块張娑楀惈閸楀骸绨�183-387閵曪繝妲橀弲顖氥亣鐎癸拷', '50000', '288', '5', '1', '1', '0', '2015', '1', '2017-09-07 11:42:20', '2017-09-18 20:14:14', 'bj', 'hdq', 'FvVqU8LneZZ5xaLBAOM1KXR2Pz1X', '5', '200', '3', '閾诲秵杈伴崲澶婃疮', '2', '0', '姒瑥鐓欑憲澶哥癌鐠猴拷'); nested exception is org.h2.jdbc.JdbcSQLException: Value too long for column "TITLE VARCHAR(32) NOT NULL": "STRINGDECODE('\u7035\u5c7d\u59cf\u9369\ufffd \u9365\u501f\u9524CBD \u93c3\u8dfa\u76bb\u6d7c\u6226\u68fd \u935f\u55d7\u59df\u9354... (33)"; SQL statement:
INSERT INTO `house`(`id`, `title`, `price`, `area`, `room`, `floor`, `total_floor`, `watch_times`, `build_year`, `status`, `create_time`, `last_update_time`, `city_en_name`, `region_en_name`, `cover`, `direction`, `distance_to_subway`, `parlour`, `district`, `admin_id`, `bathroom`, `street`) VALUES ('15', '鐎靛苯濮忛崺锟� 閸ュ�熼敜CBD 閺冭泛鐨绘导鎴︽＝ 閸熷棗濮熼崝鐐插彆 鐡掑懏顥楅悺锕�濮�', '6200', '70', '2', '10', '20', '2', '2005', '1', '2017-09-06 18:56:14', '2017-09-15 00:26:59', 'bj', 'hdq', 'FmD3zKG-gUPOrNv0HwzZN7IbkAC_', '2', '10', '1', '閾诲秵杈伴崲澶婃疮', '2', '0', '姒瑥鐓欑憲澶哥癌鐠猴拷'), ('16', '鐎靛苯濮忛崺锟� 閸ュ�熼敜CBD 閺冭泛鐨绘导鎴︽＝ 閸熷棗濮熼崝鐐插彆', '6300', '70', '2', '10', '20', '0', '2012', '1', '2017-09-06 19:53:35', '2017-09-11 00:35:13', 'bj', 'hdq', 'FmD3zKG-gUPOrNv0HwzZN7IbkAC_', '1', '-1', '1', '閾诲秵杈伴崲澶婃疮', '2', '0', '姒瑥鐓欑憲澶哥癌鐠猴拷'), ('17', '娴滃瞼骞嗘稉婊呮纯闂傘劌婀撮柧浣虹彲闂勫嫯绻庨妴浣哄竾鎼存粈绨抽妴浣搞亯鐎瑰妫妴浣告禇鐠愭悶锟戒椒绗侀柌灞芥偛閵嗕礁宕￠柨锝夌处瀹革拷', '3000', '35', '1', '5', '10', '0', '2013', '1', '2017-09-06 20:45:35', '2017-09-11 00:35:05', 'bj', 'hdq', 'FhVdDhzVDH1dLVVx4jOaVXOCfnea', '1', '200', '0', '閾诲秵杈伴崲澶婃疮', '2', '0', '姒瑥鐓欑憲澶哥癌鐠猴拷'), ('18', '閸楀氦閿ら崺锟� 娑撴粌鎮滄稉锟界仦鍛缁岀皞oft 楠炴彃鍣ｅ〒鈺呂� 闂呭繑妞傞崣顖欎簰缁涘墽瀹�', '5700', '52', '1', '7', '20', '0', '2012', '1', '2017-09-06 21:01:02', '2017-09-11 00:35:01', 'bj', 'hdq', 'FsxiS6rOTpSg5pK7tv41e8Zpnn_c', '2', '1085', '1', '閾诲秵杈伴崲澶婃疮', '2', '0', '姒瑥鐓欑憲澶哥癌鐠猴拷'), ('19', '閺堟稒妲崶顓熸緲濡ら棿绗佺仦鍛吇 閼奉亙缍囩划鎹愵棅 閸楁瀵抽柅姘讹拷锟� 闁插洤鍘滄總鍊燁潒闁插孩顥楅敍锟�', '9200', '132', '3', '6', '14', '0', '2005', '1', '2017-09-06 22:44:25', '2017-09-11 00:34:55', 'bj', 'hdq', 'Fl1lNikhmMIecbTn-JTsurxugtFU', '2', '1108', '2', '閾诲秵杈伴崲澶婃疮', '2', '0', '姒瑥鐓欑憲澶哥癌鐠猴拷'), ('20', '妤傛ê銇囨稉濠勬畱閺佸顫ゆ稉銈呯湷鐎癸拷 娑撴矮瀵岀拠姘壈閸戣櫣顫�', '5400', '56', '2', '12', '20', '0', '2012', '1', '2017-09-06 23:39:50', '2017-09-11 00:34:21', 'bj', 'hdq', 'FtNl9uPM6p5PjEs8z2FnOuViNtOM', '2', '-1', '1', '閾诲秵杈伴崲澶婃疮', '2', '0', '姒瑥鐓欑憲澶哥癌鐠猴拷'), ('21', '閺傛澘鎮嶉崶锟� 濮濓綀顫夋稉澶婄湷鐎癸拷 缁崘顥婃穱锟� 鐎瑰墎鏁哥�硅泛鍙挎鎰弿', '1900', '18', '1', '13', '25', '0', '2012', '1', '2017-09-07 00:52:47', '2017-09-11 00:34:13', 'bj', 'hdq', 'Fn9sHC3Wx7qpYCmSxt-z8FZluf0Z', '3', '1302', '0', '閾诲秵杈伴崲澶婃疮', '2', '0', '姒瑥鐓欑憲澶哥癌鐠猴拷'), ('24', '濠�鏍у帨婢圭懓褰块張娑楀惈閸楀骸绨�183-387閵曪繝妲橀弲顖氥亣鐎癸拷', '50000', '288', '5', '1', '1', '0', '2015', '1', '2017-09-07 11:42:20', '2017-09-18 20:14:14', 'bj', 'hdq', 'FvVqU8LneZZ5xaLBAOM1KXR2Pz1X', '5', '200', '3', '閾诲秵杈伴崲澶婃疮', '2', '0', '姒瑥鐓欑憲澶哥癌鐠猴拷') [22001-196]
	at org.springframework.beans.factory.support.AbstractAutowireCapableBeanFactory.doCreateBean(AbstractAutowireCapableBeanFactory.java:564) ~[spring-beans-4.3.11.RELEASE.jar:4.3.11.RELEASE]
	at org.springframework.beans.factory.support.AbstractAutowireCapableBeanFactory.createBean(AbstractAutowireCapableBeanFactory.java:483) ~[spring-beans-4.3.11.RELEASE.jar:4.3.11.RELEASE]
	at org.springframework.beans.factory.support.AbstractBeanFactory$1.getObject(AbstractBeanFactory.java:306) ~[spring-beans-4.3.11.RELEASE.jar:4.3.11.RELEASE]
	at org.springframework.beans.factory.support.DefaultSingletonBeanRegistry.getSingleton(DefaultSingletonBeanRegistry.java:230) ~[spring-beans-4.3.11.RELEASE.jar:4.3.11.RELEASE]
	at org.springframework.beans.factory.support.AbstractBeanFactory.doGetBean(AbstractBeanFactory.java:302) ~[spring-beans-4.3.11.RELEASE.jar:4.3.11.RELEASE]
	at org.springframework.beans.factory.support.AbstractBeanFactory.getBean(AbstractBeanFactory.java:197) ~[spring-beans-4.3.11.RELEASE.jar:4.3.11.RELEASE]
	at org.springframework.context.annotation.ConfigurationClassEnhancer$BeanMethodInterceptor.obtainBeanInstanceFromFactory(ConfigurationClassEnhancer.java:389) ~[spring-context-4.3.11.RELEASE.jar:4.3.11.RELEASE]
	at org.springframework.context.annotation.ConfigurationClassEnhancer$BeanMethodInterceptor.intercept(ConfigurationClassEnhancer.java:361) ~[spring-context-4.3.11.RELEASE.jar:4.3.11.RELEASE]
	at com.imooc.config.JPAConfig$$EnhancerBySpringCGLIB$$ac3be7fd.dataSource(<generated>) ~[classes/:na]
	at com.imooc.config.JPAConfig.entityManagerFactory(JPAConfig.java:36) ~[classes/:na]
	at com.imooc.config.JPAConfig$$EnhancerBySpringCGLIB$$ac3be7fd.CGLIB$entityManagerFactory$2(<generated>) ~[classes/:na]
	at com.imooc.config.JPAConfig$$EnhancerBySpringCGLIB$$ac3be7fd$$FastClassBySpringCGLIB$$914d9ecd.invoke(<generated>) ~[classes/:na]
	at org.springframework.cglib.proxy.MethodProxy.invokeSuper(MethodProxy.java:228) ~[spring-core-4.3.11.RELEASE.jar:4.3.11.RELEASE]
	at org.springframework.context.annotation.ConfigurationClassEnhancer$BeanMethodInterceptor.intercept(ConfigurationClassEnhancer.java:358) ~[spring-context-4.3.11.RELEASE.jar:4.3.11.RELEASE]
	at com.imooc.config.JPAConfig$$EnhancerBySpringCGLIB$$ac3be7fd.entityManagerFactory(<generated>) ~[classes/:na]
	at sun.reflect.NativeMethodAccessorImpl.invoke0(Native Method) ~[na:1.8.0_31]
	at sun.reflect.NativeMethodAccessorImpl.invoke(NativeMethodAccessorImpl.java:62) ~[na:1.8.0_31]
	at sun.reflect.DelegatingMethodAccessorImpl.invoke(DelegatingMethodAccessorImpl.java:43) ~[na:1.8.0_31]
	at java.lang.reflect.Method.invoke(Method.java:483) ~[na:1.8.0_31]
	at org.springframework.beans.factory.support.SimpleInstantiationStrategy.instantiate(SimpleInstantiationStrategy.java:162) ~[spring-beans-4.3.11.RELEASE.jar:4.3.11.RELEASE]
	... 44 common frames omitted
Caused by: org.springframework.beans.factory.BeanCreationException: Error creating bean with name 'dataSourceInitializer': Invocation of init method failed; nested exception is org.springframework.jdbc.datasource.init.ScriptStatementFailedException: Failed to execute SQL script statement #7 of class path resource [db/data.sql]: INSERT INTO `house`(`id`, `title`, `price`, `area`, `room`, `floor`, `total_floor`, `watch_times`, `build_year`, `status`, `create_time`, `last_update_time`, `city_en_name`, `region_en_name`, `cover`, `direction`, `distance_to_subway`, `parlour`, `district`, `admin_id`, `bathroom`, `street`) VALUES ('15', '鐎靛苯濮忛崺锟� 閸ュ�熼敜CBD 閺冭泛鐨绘导鎴︽＝ 閸熷棗濮熼崝鐐插彆 鐡掑懏顥楅悺锕�濮�', '6200', '70', '2', '10', '20', '2', '2005', '1', '2017-09-06 18:56:14', '2017-09-15 00:26:59', 'bj', 'hdq', 'FmD3zKG-gUPOrNv0HwzZN7IbkAC_', '2', '10', '1', '閾诲秵杈伴崲澶婃疮', '2', '0', '姒瑥鐓欑憲澶哥癌鐠猴拷'), ('16', '鐎靛苯濮忛崺锟� 閸ュ�熼敜CBD 閺冭泛鐨绘导鎴︽＝ 閸熷棗濮熼崝鐐插彆', '6300', '70', '2', '10', '20', '0', '2012', '1', '2017-09-06 19:53:35', '2017-09-11 00:35:13', 'bj', 'hdq', 'FmD3zKG-gUPOrNv0HwzZN7IbkAC_', '1', '-1', '1', '閾诲秵杈伴崲澶婃疮', '2', '0', '姒瑥鐓欑憲澶哥癌鐠猴拷'), ('17', '娴滃瞼骞嗘稉婊呮纯闂傘劌婀撮柧浣虹彲闂勫嫯绻庨妴浣哄竾鎼存粈绨抽妴浣搞亯鐎瑰妫妴浣告禇鐠愭悶锟戒椒绗侀柌灞芥偛閵嗕礁宕￠柨锝夌处瀹革拷', '3000', '35', '1', '5', '10', '0', '2013', '1', '2017-09-06 20:45:35', '2017-09-11 00:35:05', 'bj', 'hdq', 'FhVdDhzVDH1dLVVx4jOaVXOCfnea', '1', '200', '0', '閾诲秵杈伴崲澶婃疮', '2', '0', '姒瑥鐓欑憲澶哥癌鐠猴拷'), ('18', '閸楀氦閿ら崺锟� 娑撴粌鎮滄稉锟界仦鍛缁岀皞oft 楠炴彃鍣ｅ〒鈺呂� 闂呭繑妞傞崣顖欎簰缁涘墽瀹�', '5700', '52', '1', '7', '20', '0', '2012', '1', '2017-09-06 21:01:02', '2017-09-11 00:35:01', 'bj', 'hdq', 'FsxiS6rOTpSg5pK7tv41e8Zpnn_c', '2', '1085', '1', '閾诲秵杈伴崲澶婃疮', '2', '0', '姒瑥鐓欑憲澶哥癌鐠猴拷'), ('19', '閺堟稒妲崶顓熸緲濡ら棿绗佺仦鍛吇 閼奉亙缍囩划鎹愵棅 閸楁瀵抽柅姘讹拷锟� 闁插洤鍘滄總鍊燁潒闁插孩顥楅敍锟�', '9200', '132', '3', '6', '14', '0', '2005', '1', '2017-09-06 22:44:25', '2017-09-11 00:34:55', 'bj', 'hdq', 'Fl1lNikhmMIecbTn-JTsurxugtFU', '2', '1108', '2', '閾诲秵杈伴崲澶婃疮', '2', '0', '姒瑥鐓欑憲澶哥癌鐠猴拷'), ('20', '妤傛ê銇囨稉濠勬畱閺佸顫ゆ稉銈呯湷鐎癸拷 娑撴矮瀵岀拠姘壈閸戣櫣顫�', '5400', '56', '2', '12', '20', '0', '2012', '1', '2017-09-06 23:39:50', '2017-09-11 00:34:21', 'bj', 'hdq', 'FtNl9uPM6p5PjEs8z2FnOuViNtOM', '2', '-1', '1', '閾诲秵杈伴崲澶婃疮', '2', '0', '姒瑥鐓欑憲澶哥癌鐠猴拷'), ('21', '閺傛澘鎮嶉崶锟� 濮濓綀顫夋稉澶婄湷鐎癸拷 缁崘顥婃穱锟� 鐎瑰墎鏁哥�硅泛鍙挎鎰弿', '1900', '18', '1', '13', '25', '0', '2012', '1', '2017-09-07 00:52:47', '2017-09-11 00:34:13', 'bj', 'hdq', 'Fn9sHC3Wx7qpYCmSxt-z8FZluf0Z', '3', '1302', '0', '閾诲秵杈伴崲澶婃疮', '2', '0', '姒瑥鐓欑憲澶哥癌鐠猴拷'), ('24', '濠�鏍у帨婢圭懓褰块張娑楀惈閸楀骸绨�183-387閵曪繝妲橀弲顖氥亣鐎癸拷', '50000', '288', '5', '1', '1', '0', '2015', '1', '2017-09-07 11:42:20', '2017-09-18 20:14:14', 'bj', 'hdq', 'FvVqU8LneZZ5xaLBAOM1KXR2Pz1X', '5', '200', '3', '閾诲秵杈伴崲澶婃疮', '2', '0', '姒瑥鐓欑憲澶哥癌鐠猴拷'); nested exception is org.h2.jdbc.JdbcSQLException: Value too long for column "TITLE VARCHAR(32) NOT NULL": "STRINGDECODE('\u7035\u5c7d\u59cf\u9369\ufffd \u9365\u501f\u9524CBD \u93c3\u8dfa\u76bb\u6d7c\u6226\u68fd \u935f\u55d7\u59df\u9354... (33)"; SQL statement:
INSERT INTO `house`(`id`, `title`, `price`, `area`, `room`, `floor`, `total_floor`, `watch_times`, `build_year`, `status`, `create_time`, `last_update_time`, `city_en_name`, `region_en_name`, `cover`, `direction`, `distance_to_subway`, `parlour`, `district`, `admin_id`, `bathroom`, `street`) VALUES ('15', '鐎靛苯濮忛崺锟� 閸ュ�熼敜CBD 閺冭泛鐨绘导鎴︽＝ 閸熷棗濮熼崝鐐插彆 鐡掑懏顥楅悺锕�濮�', '6200', '70', '2', '10', '20', '2', '2005', '1', '2017-09-06 18:56:14', '2017-09-15 00:26:59', 'bj', 'hdq', 'FmD3zKG-gUPOrNv0HwzZN7IbkAC_', '2', '10', '1', '閾诲秵杈伴崲澶婃疮', '2', '0', '姒瑥鐓欑憲澶哥癌鐠猴拷'), ('16', '鐎靛苯濮忛崺锟� 閸ュ�熼敜CBD 閺冭泛鐨绘导鎴︽＝ 閸熷棗濮熼崝鐐插彆', '6300', '70', '2', '10', '20', '0', '2012', '1', '2017-09-06 19:53:35', '2017-09-11 00:35:13', 'bj', 'hdq', 'FmD3zKG-gUPOrNv0HwzZN7IbkAC_', '1', '-1', '1', '閾诲秵杈伴崲澶婃疮', '2', '0', '姒瑥鐓欑憲澶哥癌鐠猴拷'), ('17', '娴滃瞼骞嗘稉婊呮纯闂傘劌婀撮柧浣虹彲闂勫嫯绻庨妴浣哄竾鎼存粈绨抽妴浣搞亯鐎瑰妫妴浣告禇鐠愭悶锟戒椒绗侀柌灞芥偛閵嗕礁宕￠柨锝夌处瀹革拷', '3000', '35', '1', '5', '10', '0', '2013', '1', '2017-09-06 20:45:35', '2017-09-11 00:35:05', 'bj', 'hdq', 'FhVdDhzVDH1dLVVx4jOaVXOCfnea', '1', '200', '0', '閾诲秵杈伴崲澶婃疮', '2', '0', '姒瑥鐓欑憲澶哥癌鐠猴拷'), ('18', '閸楀氦閿ら崺锟� 娑撴粌鎮滄稉锟界仦鍛缁岀皞oft 楠炴彃鍣ｅ〒鈺呂� 闂呭繑妞傞崣顖欎簰缁涘墽瀹�', '5700', '52', '1', '7', '20', '0', '2012', '1', '2017-09-06 21:01:02', '2017-09-11 00:35:01', 'bj', 'hdq', 'FsxiS6rOTpSg5pK7tv41e8Zpnn_c', '2', '1085', '1', '閾诲秵杈伴崲澶婃疮', '2', '0', '姒瑥鐓欑憲澶哥癌鐠猴拷'), ('19', '閺堟稒妲崶顓熸緲濡ら棿绗佺仦鍛吇 閼奉亙缍囩划鎹愵棅 閸楁瀵抽柅姘讹拷锟� 闁插洤鍘滄總鍊燁潒闁插孩顥楅敍锟�', '9200', '132', '3', '6', '14', '0', '2005', '1', '2017-09-06 22:44:25', '2017-09-11 00:34:55', 'bj', 'hdq', 'Fl1lNikhmMIecbTn-JTsurxugtFU', '2', '1108', '2', '閾诲秵杈伴崲澶婃疮', '2', '0', '姒瑥鐓欑憲澶哥癌鐠猴拷'), ('20', '妤傛ê銇囨稉濠勬畱閺佸顫ゆ稉銈呯湷鐎癸拷 娑撴矮瀵岀拠姘壈閸戣櫣顫�', '5400', '56', '2', '12', '20', '0', '2012', '1', '2017-09-06 23:39:50', '2017-09-11 00:34:21', 'bj', 'hdq', 'FtNl9uPM6p5PjEs8z2FnOuViNtOM', '2', '-1', '1', '閾诲秵杈伴崲澶婃疮', '2', '0', '姒瑥鐓欑憲澶哥癌鐠猴拷'), ('21', '閺傛澘鎮嶉崶锟� 濮濓綀顫夋稉澶婄湷鐎癸拷 缁崘顥婃穱锟� 鐎瑰墎鏁哥�硅泛鍙挎鎰弿', '1900', '18', '1', '13', '25', '0', '2012', '1', '2017-09-07 00:52:47', '2017-09-11 00:34:13', 'bj', 'hdq', 'Fn9sHC3Wx7qpYCmSxt-z8FZluf0Z', '3', '1302', '0', '閾诲秵杈伴崲澶婃疮', '2', '0', '姒瑥鐓欑憲澶哥癌鐠猴拷'), ('24', '濠�鏍у帨婢圭懓褰块張娑楀惈閸楀骸绨�183-387閵曪繝妲橀弲顖氥亣鐎癸拷', '50000', '288', '5', '1', '1', '0', '2015', '1', '2017-09-07 11:42:20', '2017-09-18 20:14:14', 'bj', 'hdq', 'FvVqU8LneZZ5xaLBAOM1KXR2Pz1X', '5', '200', '3', '閾诲秵杈伴崲澶婃疮', '2', '0', '姒瑥鐓欑憲澶哥癌鐠猴拷') [22001-196]
	at org.springframework.beans.factory.annotation.InitDestroyAnnotationBeanPostProcessor.postProcessBeforeInitialization(InitDestroyAnnotationBeanPostProcessor.java:137) ~[spring-beans-4.3.11.RELEASE.jar:4.3.11.RELEASE]
	at org.springframework.beans.factory.support.AbstractAutowireCapableBeanFactory.applyBeanPostProcessorsBeforeInitialization(AbstractAutowireCapableBeanFactory.java:409) ~[spring-beans-4.3.11.RELEASE.jar:4.3.11.RELEASE]
	at org.springframework.beans.factory.support.AbstractAutowireCapableBeanFactory.initializeBean(AbstractAutowireCapableBeanFactory.java:1620) ~[spring-beans-4.3.11.RELEASE.jar:4.3.11.RELEASE]
	at org.springframework.beans.factory.support.AbstractAutowireCapableBeanFactory.doCreateBean(AbstractAutowireCapableBeanFactory.java:555) ~[spring-beans-4.3.11.RELEASE.jar:4.3.11.RELEASE]
	at org.springframework.beans.factory.support.AbstractAutowireCapableBeanFactory.createBean(AbstractAutowireCapableBeanFactory.java:483) ~[spring-beans-4.3.11.RELEASE.jar:4.3.11.RELEASE]
	at org.springframework.beans.factory.support.AbstractBeanFactory$1.getObject(AbstractBeanFactory.java:306) ~[spring-beans-4.3.11.RELEASE.jar:4.3.11.RELEASE]
	at org.springframework.beans.factory.support.DefaultSingletonBeanRegistry.getSingleton(DefaultSingletonBeanRegistry.java:230) ~[spring-beans-4.3.11.RELEASE.jar:4.3.11.RELEASE]
	at org.springframework.beans.factory.support.AbstractBeanFactory.doGetBean(AbstractBeanFactory.java:302) ~[spring-beans-4.3.11.RELEASE.jar:4.3.11.RELEASE]
	at org.springframework.beans.factory.support.AbstractBeanFactory.getBean(AbstractBeanFactory.java:220) ~[spring-beans-4.3.11.RELEASE.jar:4.3.11.RELEASE]
	at org.springframework.beans.factory.support.DefaultListableBeanFactory.resolveNamedBean(DefaultListableBeanFactory.java:1018) ~[spring-beans-4.3.11.RELEASE.jar:4.3.11.RELEASE]
	at org.springframework.beans.factory.support.DefaultListableBeanFactory.getBean(DefaultListableBeanFactory.java:345) ~[spring-beans-4.3.11.RELEASE.jar:4.3.11.RELEASE]
	at org.springframework.beans.factory.support.DefaultListableBeanFactory.getBean(DefaultListableBeanFactory.java:340) ~[spring-beans-4.3.11.RELEASE.jar:4.3.11.RELEASE]
	at org.springframework.boot.autoconfigure.jdbc.DataSourceInitializerPostProcessor.postProcessAfterInitialization(DataSourceInitializerPostProcessor.java:62) ~[spring-boot-autoconfigure-1.5.7.RELEASE.jar:1.5.7.RELEASE]
	at org.springframework.beans.factory.support.AbstractAutowireCapableBeanFactory.applyBeanPostProcessorsAfterInitialization(AbstractAutowireCapableBeanFactory.java:423) ~[spring-beans-4.3.11.RELEASE.jar:4.3.11.RELEASE]
	at org.springframework.beans.factory.support.AbstractAutowireCapableBeanFactory.initializeBean(AbstractAutowireCapableBeanFactory.java:1633) ~[spring-beans-4.3.11.RELEASE.jar:4.3.11.RELEASE]
	at org.springframework.beans.factory.support.AbstractAutowireCapableBeanFactory.doCreateBean(AbstractAutowireCapableBeanFactory.java:555) ~[spring-beans-4.3.11.RELEASE.jar:4.3.11.RELEASE]
	... 63 common frames omitted
Caused by: org.springframework.jdbc.datasource.init.ScriptStatementFailedException: Failed to execute SQL script statement #7 of class path resource [db/data.sql]: INSERT INTO `house`(`id`, `title`, `price`, `area`, `room`, `floor`, `total_floor`, `watch_times`, `build_year`, `status`, `create_time`, `last_update_time`, `city_en_name`, `region_en_name`, `cover`, `direction`, `distance_to_subway`, `parlour`, `district`, `admin_id`, `bathroom`, `street`) VALUES ('15', '鐎靛苯濮忛崺锟� 閸ュ�熼敜CBD 閺冭泛鐨绘导鎴︽＝ 閸熷棗濮熼崝鐐插彆 鐡掑懏顥楅悺锕�濮�', '6200', '70', '2', '10', '20', '2', '2005', '1', '2017-09-06 18:56:14', '2017-09-15 00:26:59', 'bj', 'hdq', 'FmD3zKG-gUPOrNv0HwzZN7IbkAC_', '2', '10', '1', '閾诲秵杈伴崲澶婃疮', '2', '0', '姒瑥鐓欑憲澶哥癌鐠猴拷'), ('16', '鐎靛苯濮忛崺锟� 閸ュ�熼敜CBD 閺冭泛鐨绘导鎴︽＝ 閸熷棗濮熼崝鐐插彆', '6300', '70', '2', '10', '20', '0', '2012', '1', '2017-09-06 19:53:35', '2017-09-11 00:35:13', 'bj', 'hdq', 'FmD3zKG-gUPOrNv0HwzZN7IbkAC_', '1', '-1', '1', '閾诲秵杈伴崲澶婃疮', '2', '0', '姒瑥鐓欑憲澶哥癌鐠猴拷'), ('17', '娴滃瞼骞嗘稉婊呮纯闂傘劌婀撮柧浣虹彲闂勫嫯绻庨妴浣哄竾鎼存粈绨抽妴浣搞亯鐎瑰妫妴浣告禇鐠愭悶锟戒椒绗侀柌灞芥偛閵嗕礁宕￠柨锝夌处瀹革拷', '3000', '35', '1', '5', '10', '0', '2013', '1', '2017-09-06 20:45:35', '2017-09-11 00:35:05', 'bj', 'hdq', 'FhVdDhzVDH1dLVVx4jOaVXOCfnea', '1', '200', '0', '閾诲秵杈伴崲澶婃疮', '2', '0', '姒瑥鐓欑憲澶哥癌鐠猴拷'), ('18', '閸楀氦閿ら崺锟� 娑撴粌鎮滄稉锟界仦鍛缁岀皞oft 楠炴彃鍣ｅ〒鈺呂� 闂呭繑妞傞崣顖欎簰缁涘墽瀹�', '5700', '52', '1', '7', '20', '0', '2012', '1', '2017-09-06 21:01:02', '2017-09-11 00:35:01', 'bj', 'hdq', 'FsxiS6rOTpSg5pK7tv41e8Zpnn_c', '2', '1085', '1', '閾诲秵杈伴崲澶婃疮', '2', '0', '姒瑥鐓欑憲澶哥癌鐠猴拷'), ('19', '閺堟稒妲崶顓熸緲濡ら棿绗佺仦鍛吇 閼奉亙缍囩划鎹愵棅 閸楁瀵抽柅姘讹拷锟� 闁插洤鍘滄總鍊燁潒闁插孩顥楅敍锟�', '9200', '132', '3', '6', '14', '0', '2005', '1', '2017-09-06 22:44:25', '2017-09-11 00:34:55', 'bj', 'hdq', 'Fl1lNikhmMIecbTn-JTsurxugtFU', '2', '1108', '2', '閾诲秵杈伴崲澶婃疮', '2', '0', '姒瑥鐓欑憲澶哥癌鐠猴拷'), ('20', '妤傛ê銇囨稉濠勬畱閺佸顫ゆ稉銈呯湷鐎癸拷 娑撴矮瀵岀拠姘壈閸戣櫣顫�', '5400', '56', '2', '12', '20', '0', '2012', '1', '2017-09-06 23:39:50', '2017-09-11 00:34:21', 'bj', 'hdq', 'FtNl9uPM6p5PjEs8z2FnOuViNtOM', '2', '-1', '1', '閾诲秵杈伴崲澶婃疮', '2', '0', '姒瑥鐓欑憲澶哥癌鐠猴拷'), ('21', '閺傛澘鎮嶉崶锟� 濮濓綀顫夋稉澶婄湷鐎癸拷 缁崘顥婃穱锟� 鐎瑰墎鏁哥�硅泛鍙挎鎰弿', '1900', '18', '1', '13', '25', '0', '2012', '1', '2017-09-07 00:52:47', '2017-09-11 00:34:13', 'bj', 'hdq', 'Fn9sHC3Wx7qpYCmSxt-z8FZluf0Z', '3', '1302', '0', '閾诲秵杈伴崲澶婃疮', '2', '0', '姒瑥鐓欑憲澶哥癌鐠猴拷'), ('24', '濠�鏍у帨婢圭懓褰块張娑楀惈閸楀骸绨�183-387閵曪繝妲橀弲顖氥亣鐎癸拷', '50000', '288', '5', '1', '1', '0', '2015', '1', '2017-09-07 11:42:20', '2017-09-18 20:14:14', 'bj', 'hdq', 'FvVqU8LneZZ5xaLBAOM1KXR2Pz1X', '5', '200', '3', '閾诲秵杈伴崲澶婃疮', '2', '0', '姒瑥鐓欑憲澶哥癌鐠猴拷'); nested exception is org.h2.jdbc.JdbcSQLException: Value too long for column "TITLE VARCHAR(32) NOT NULL": "STRINGDECODE('\u7035\u5c7d\u59cf\u9369\ufffd \u9365\u501f\u9524CBD \u93c3\u8dfa\u76bb\u6d7c\u6226\u68fd \u935f\u55d7\u59df\u9354... (33)"; SQL statement:
INSERT INTO `house`(`id`, `title`, `price`, `area`, `room`, `floor`, `total_floor`, `watch_times`, `build_year`, `status`, `create_time`, `last_update_time`, `city_en_name`, `region_en_name`, `cover`, `direction`, `distance_to_subway`, `parlour`, `district`, `admin_id`, `bathroom`, `street`) VALUES ('15', '鐎靛苯濮忛崺锟� 閸ュ�熼敜CBD 閺冭泛鐨绘导鎴︽＝ 閸熷棗濮熼崝鐐插彆 鐡掑懏顥楅悺锕�濮�', '6200', '70', '2', '10', '20', '2', '2005', '1', '2017-09-06 18:56:14', '2017-09-15 00:26:59', 'bj', 'hdq', 'FmD3zKG-gUPOrNv0HwzZN7IbkAC_', '2', '10', '1', '閾诲秵杈伴崲澶婃疮', '2', '0', '姒瑥鐓欑憲澶哥癌鐠猴拷'), ('16', '鐎靛苯濮忛崺锟� 閸ュ�熼敜CBD 閺冭泛鐨绘导鎴︽＝ 閸熷棗濮熼崝鐐插彆', '6300', '70', '2', '10', '20', '0', '2012', '1', '2017-09-06 19:53:35', '2017-09-11 00:35:13', 'bj', 'hdq', 'FmD3zKG-gUPOrNv0HwzZN7IbkAC_', '1', '-1', '1', '閾诲秵杈伴崲澶婃疮', '2', '0', '姒瑥鐓欑憲澶哥癌鐠猴拷'), ('17', '娴滃瞼骞嗘稉婊呮纯闂傘劌婀撮柧浣虹彲闂勫嫯绻庨妴浣哄竾鎼存粈绨抽妴浣搞亯鐎瑰妫妴浣告禇鐠愭悶锟戒椒绗侀柌灞芥偛閵嗕礁宕￠柨锝夌处瀹革拷', '3000', '35', '1', '5', '10', '0', '2013', '1', '2017-09-06 20:45:35', '2017-09-11 00:35:05', 'bj', 'hdq', 'FhVdDhzVDH1dLVVx4jOaVXOCfnea', '1', '200', '0', '閾诲秵杈伴崲澶婃疮', '2', '0', '姒瑥鐓欑憲澶哥癌鐠猴拷'), ('18', '閸楀氦閿ら崺锟� 娑撴粌鎮滄稉锟界仦鍛缁岀皞oft 楠炴彃鍣ｅ〒鈺呂� 闂呭繑妞傞崣顖欎簰缁涘墽瀹�', '5700', '52', '1', '7', '20', '0', '2012', '1', '2017-09-06 21:01:02', '2017-09-11 00:35:01', 'bj', 'hdq', 'FsxiS6rOTpSg5pK7tv41e8Zpnn_c', '2', '1085', '1', '閾诲秵杈伴崲澶婃疮', '2', '0', '姒瑥鐓欑憲澶哥癌鐠猴拷'), ('19', '閺堟稒妲崶顓熸緲濡ら棿绗佺仦鍛吇 閼奉亙缍囩划鎹愵棅 閸楁瀵抽柅姘讹拷锟� 闁插洤鍘滄總鍊燁潒闁插孩顥楅敍锟�', '9200', '132', '3', '6', '14', '0', '2005', '1', '2017-09-06 22:44:25', '2017-09-11 00:34:55', 'bj', 'hdq', 'Fl1lNikhmMIecbTn-JTsurxugtFU', '2', '1108', '2', '閾诲秵杈伴崲澶婃疮', '2', '0', '姒瑥鐓欑憲澶哥癌鐠猴拷'), ('20', '妤傛ê銇囨稉濠勬畱閺佸顫ゆ稉銈呯湷鐎癸拷 娑撴矮瀵岀拠姘壈閸戣櫣顫�', '5400', '56', '2', '12', '20', '0', '2012', '1', '2017-09-06 23:39:50', '2017-09-11 00:34:21', 'bj', 'hdq', 'FtNl9uPM6p5PjEs8z2FnOuViNtOM', '2', '-1', '1', '閾诲秵杈伴崲澶婃疮', '2', '0', '姒瑥鐓欑憲澶哥癌鐠猴拷'), ('21', '閺傛澘鎮嶉崶锟� 濮濓綀顫夋稉澶婄湷鐎癸拷 缁崘顥婃穱锟� 鐎瑰墎鏁哥�硅泛鍙挎鎰弿', '1900', '18', '1', '13', '25', '0', '2012', '1', '2017-09-07 00:52:47', '2017-09-11 00:34:13', 'bj', 'hdq', 'Fn9sHC3Wx7qpYCmSxt-z8FZluf0Z', '3', '1302', '0', '閾诲秵杈伴崲澶婃疮', '2', '0', '姒瑥鐓欑憲澶哥癌鐠猴拷'), ('24', '濠�鏍у帨婢圭懓褰块張娑楀惈閸楀骸绨�183-387閵曪繝妲橀弲顖氥亣鐎癸拷', '50000', '288', '5', '1', '1', '0', '2015', '1', '2017-09-07 11:42:20', '2017-09-18 20:14:14', 'bj', 'hdq', 'FvVqU8LneZZ5xaLBAOM1KXR2Pz1X', '5', '200', '3', '閾诲秵杈伴崲澶婃疮', '2', '0', '姒瑥鐓欑憲澶哥癌鐠猴拷') [22001-196]
	at org.springframework.jdbc.datasource.init.ScriptUtils.executeSqlScript(ScriptUtils.java:491) ~[spring-jdbc-4.3.11.RELEASE.jar:4.3.11.RELEASE]
	at org.springframework.jdbc.datasource.init.ResourceDatabasePopulator.populate(ResourceDatabasePopulator.java:238) ~[spring-jdbc-4.3.11.RELEASE.jar:4.3.11.RELEASE]
	at org.springframework.jdbc.datasource.init.DatabasePopulatorUtils.execute(DatabasePopulatorUtils.java:48) ~[spring-jdbc-4.3.11.RELEASE.jar:4.3.11.RELEASE]
	at org.springframework.boot.autoconfigure.jdbc.DataSourceInitializer.runScripts(DataSourceInitializer.java:192) ~[spring-boot-autoconfigure-1.5.7.RELEASE.jar:1.5.7.RELEASE]
	at org.springframework.boot.autoconfigure.jdbc.DataSourceInitializer.runDataScripts(DataSourceInitializer.java:128) ~[spring-boot-autoconfigure-1.5.7.RELEASE.jar:1.5.7.RELEASE]
	at org.springframework.boot.autoconfigure.jdbc.DataSourceInitializer.onApplicationEvent(DataSourceInitializer.java:118) ~[spring-boot-autoconfigure-1.5.7.RELEASE.jar:1.5.7.RELEASE]
	at org.springframework.boot.autoconfigure.jdbc.DataSourceInitializer.onApplicationEvent(DataSourceInitializer.java:51) ~[spring-boot-autoconfigure-1.5.7.RELEASE.jar:1.5.7.RELEASE]
	at org.springframework.context.event.SimpleApplicationEventMulticaster.doInvokeListener(SimpleApplicationEventMulticaster.java:172) ~[spring-context-4.3.11.RELEASE.jar:4.3.11.RELEASE]
	at org.springframework.context.event.SimpleApplicationEventMulticaster.invokeListener(SimpleApplicationEventMulticaster.java:165) ~[spring-context-4.3.11.RELEASE.jar:4.3.11.RELEASE]
	at org.springframework.context.event.SimpleApplicationEventMulticaster.multicastEvent(SimpleApplicationEventMulticaster.java:139) ~[spring-context-4.3.11.RELEASE.jar:4.3.11.RELEASE]
	at org.springframework.context.support.AbstractApplicationContext.publishEvent(AbstractApplicationContext.java:393) ~[spring-context-4.3.11.RELEASE.jar:4.3.11.RELEASE]
	at org.springframework.context.support.AbstractApplicationContext.publishEvent(AbstractApplicationContext.java:347) ~[spring-context-4.3.11.RELEASE.jar:4.3.11.RELEASE]
	at org.springframework.boot.autoconfigure.jdbc.DataSourceInitializer.runSchemaScripts(DataSourceInitializer.java:95) ~[spring-boot-autoconfigure-1.5.7.RELEASE.jar:1.5.7.RELEASE]
	at org.springframework.boot.autoconfigure.jdbc.DataSourceInitializer.init(DataSourceInitializer.java:83) ~[spring-boot-autoconfigure-1.5.7.RELEASE.jar:1.5.7.RELEASE]
	at sun.reflect.NativeMethodAccessorImpl.invoke0(Native Method) ~[na:1.8.0_31]
	at sun.reflect.NativeMethodAccessorImpl.invoke(NativeMethodAccessorImpl.java:62) ~[na:1.8.0_31]
	at sun.reflect.DelegatingMethodAccessorImpl.invoke(DelegatingMethodAccessorImpl.java:43) ~[na:1.8.0_31]
	at java.lang.reflect.Method.invoke(Method.java:483) ~[na:1.8.0_31]
	at org.springframework.beans.factory.annotation.InitDestroyAnnotationBeanPostProcessor$LifecycleElement.invoke(InitDestroyAnnotationBeanPostProcessor.java:366) ~[spring-beans-4.3.11.RELEASE.jar:4.3.11.RELEASE]
	at org.springframework.beans.factory.annotation.InitDestroyAnnotationBeanPostProcessor$LifecycleMetadata.invokeInitMethods(InitDestroyAnnotationBeanPostProcessor.java:311) ~[spring-beans-4.3.11.RELEASE.jar:4.3.11.RELEASE]
	at org.springframework.beans.factory.annotation.InitDestroyAnnotationBeanPostProcessor.postProcessBeforeInitialization(InitDestroyAnnotationBeanPostProcessor.java:134) ~[spring-beans-4.3.11.RELEASE.jar:4.3.11.RELEASE]
	... 78 common frames omitted
Caused by: org.h2.jdbc.JdbcSQLException: Value too long for column "TITLE VARCHAR(32) NOT NULL": "STRINGDECODE('\u7035\u5c7d\u59cf\u9369\ufffd \u9365\u501f\u9524CBD \u93c3\u8dfa\u76bb\u6d7c\u6226\u68fd \u935f\u55d7\u59df\u9354... (33)"; SQL statement:
INSERT INTO `house`(`id`, `title`, `price`, `area`, `room`, `floor`, `total_floor`, `watch_times`, `build_year`, `status`, `create_time`, `last_update_time`, `city_en_name`, `region_en_name`, `cover`, `direction`, `distance_to_subway`, `parlour`, `district`, `admin_id`, `bathroom`, `street`) VALUES ('15', '鐎靛苯濮忛崺锟� 閸ュ�熼敜CBD 閺冭泛鐨绘导鎴︽＝ 閸熷棗濮熼崝鐐插彆 鐡掑懏顥楅悺锕�濮�', '6200', '70', '2', '10', '20', '2', '2005', '1', '2017-09-06 18:56:14', '2017-09-15 00:26:59', 'bj', 'hdq', 'FmD3zKG-gUPOrNv0HwzZN7IbkAC_', '2', '10', '1', '閾诲秵杈伴崲澶婃疮', '2', '0', '姒瑥鐓欑憲澶哥癌鐠猴拷'), ('16', '鐎靛苯濮忛崺锟� 閸ュ�熼敜CBD 閺冭泛鐨绘导鎴︽＝ 閸熷棗濮熼崝鐐插彆', '6300', '70', '2', '10', '20', '0', '2012', '1', '2017-09-06 19:53:35', '2017-09-11 00:35:13', 'bj', 'hdq', 'FmD3zKG-gUPOrNv0HwzZN7IbkAC_', '1', '-1', '1', '閾诲秵杈伴崲澶婃疮', '2', '0', '姒瑥鐓欑憲澶哥癌鐠猴拷'), ('17', '娴滃瞼骞嗘稉婊呮纯闂傘劌婀撮柧浣虹彲闂勫嫯绻庨妴浣哄竾鎼存粈绨抽妴浣搞亯鐎瑰妫妴浣告禇鐠愭悶锟戒椒绗侀柌灞芥偛閵嗕礁宕￠柨锝夌处瀹革拷', '3000', '35', '1', '5', '10', '0', '2013', '1', '2017-09-06 20:45:35', '2017-09-11 00:35:05', 'bj', 'hdq', 'FhVdDhzVDH1dLVVx4jOaVXOCfnea', '1', '200', '0', '閾诲秵杈伴崲澶婃疮', '2', '0', '姒瑥鐓欑憲澶哥癌鐠猴拷'), ('18', '閸楀氦閿ら崺锟� 娑撴粌鎮滄稉锟界仦鍛缁岀皞oft 楠炴彃鍣ｅ〒鈺呂� 闂呭繑妞傞崣顖欎簰缁涘墽瀹�', '5700', '52', '1', '7', '20', '0', '2012', '1', '2017-09-06 21:01:02', '2017-09-11 00:35:01', 'bj', 'hdq', 'FsxiS6rOTpSg5pK7tv41e8Zpnn_c', '2', '1085', '1', '閾诲秵杈伴崲澶婃疮', '2', '0', '姒瑥鐓欑憲澶哥癌鐠猴拷'), ('19', '閺堟稒妲崶顓熸緲濡ら棿绗佺仦鍛吇 閼奉亙缍囩划鎹愵棅 閸楁瀵抽柅姘讹拷锟� 闁插洤鍘滄總鍊燁潒闁插孩顥楅敍锟�', '9200', '132', '3', '6', '14', '0', '2005', '1', '2017-09-06 22:44:25', '2017-09-11 00:34:55', 'bj', 'hdq', 'Fl1lNikhmMIecbTn-JTsurxugtFU', '2', '1108', '2', '閾诲秵杈伴崲澶婃疮', '2', '0', '姒瑥鐓欑憲澶哥癌鐠猴拷'), ('20', '妤傛ê銇囨稉濠勬畱閺佸顫ゆ稉銈呯湷鐎癸拷 娑撴矮瀵岀拠姘壈閸戣櫣顫�', '5400', '56', '2', '12', '20', '0', '2012', '1', '2017-09-06 23:39:50', '2017-09-11 00:34:21', 'bj', 'hdq', 'FtNl9uPM6p5PjEs8z2FnOuViNtOM', '2', '-1', '1', '閾诲秵杈伴崲澶婃疮', '2', '0', '姒瑥鐓欑憲澶哥癌鐠猴拷'), ('21', '閺傛澘鎮嶉崶锟� 濮濓綀顫夋稉澶婄湷鐎癸拷 缁崘顥婃穱锟� 鐎瑰墎鏁哥�硅泛鍙挎鎰弿', '1900', '18', '1', '13', '25', '0', '2012', '1', '2017-09-07 00:52:47', '2017-09-11 00:34:13', 'bj', 'hdq', 'Fn9sHC3Wx7qpYCmSxt-z8FZluf0Z', '3', '1302', '0', '閾诲秵杈伴崲澶婃疮', '2', '0', '姒瑥鐓欑憲澶哥癌鐠猴拷'), ('24', '濠�鏍у帨婢圭懓褰块張娑楀惈閸楀骸绨�183-387閵曪繝妲橀弲顖氥亣鐎癸拷', '50000', '288', '5', '1', '1', '0', '2015', '1', '2017-09-07 11:42:20', '2017-09-18 20:14:14', 'bj', 'hdq', 'FvVqU8LneZZ5xaLBAOM1KXR2Pz1X', '5', '200', '3', '閾诲秵杈伴崲澶婃疮', '2', '0', '姒瑥鐓欑憲澶哥癌鐠猴拷') [22001-196]
	at org.h2.message.DbException.getJdbcSQLException(DbException.java:345) ~[h2-1.4.196.jar:1.4.196]
	at org.h2.message.DbException.get(DbException.java:179) ~[h2-1.4.196.jar:1.4.196]
	at org.h2.table.Column.validateConvertUpdateSequence(Column.java:369) ~[h2-1.4.196.jar:1.4.196]
	at org.h2.table.Table.validateConvertUpdateSequence(Table.java:797) ~[h2-1.4.196.jar:1.4.196]
	at org.h2.command.dml.Insert.insertRows(Insert.java:151) ~[h2-1.4.196.jar:1.4.196]
	at org.h2.command.dml.Insert.update(Insert.java:114) ~[h2-1.4.196.jar:1.4.196]
	at org.h2.command.CommandContainer.update(CommandContainer.java:101) ~[h2-1.4.196.jar:1.4.196]
	at org.h2.command.Command.executeUpdate(Command.java:260) ~[h2-1.4.196.jar:1.4.196]
	at org.h2.jdbc.JdbcStatement.executeInternal(JdbcStatement.java:192) ~[h2-1.4.196.jar:1.4.196]
	at org.h2.jdbc.JdbcStatement.execute(JdbcStatement.java:164) ~[h2-1.4.196.jar:1.4.196]
	at sun.reflect.GeneratedMethodAccessor63.invoke(Unknown Source) ~[na:na]
	at sun.reflect.DelegatingMethodAccessorImpl.invoke(DelegatingMethodAccessorImpl.java:43) ~[na:1.8.0_31]
	at java.lang.reflect.Method.invoke(Method.java:483) ~[na:1.8.0_31]
	at org.apache.tomcat.jdbc.pool.StatementFacade$StatementProxy.invoke(StatementFacade.java:114) ~[tomcat-jdbc-8.5.20.jar:na]
	at com.sun.proxy.$Proxy90.execute(Unknown Source) ~[na:na]
	at org.springframework.jdbc.datasource.init.ScriptUtils.executeSqlScript(ScriptUtils.java:470) ~[spring-jdbc-4.3.11.RELEASE.jar:4.3.11.RELEASE]
	... 98 common frames omitted

]]></system-out>
  </testcase>
  <testcase name="testDelete" classname="com.imooc.service.house.QiNiuServiceTests" time="0.002">
    <error message="Failed to load ApplicationContext" type="java.lang.IllegalStateException"><![CDATA[java.lang.IllegalStateException: Failed to load ApplicationContext
	at org.springframework.test.context.cache.DefaultCacheAwareContextLoaderDelegate.loadContext(DefaultCacheAwareContextLoaderDelegate.java:124)
	at org.springframework.test.context.support.DefaultTestContext.getApplicationContext(DefaultTestContext.java:83)
	at org.springframework.test.context.web.ServletTestExecutionListener.setUpRequestContextIfNecessary(ServletTestExecutionListener.java:189)
	at org.springframework.test.context.web.ServletTestExecutionListener.prepareTestInstance(ServletTestExecutionListener.java:131)
	at org.springframework.test.context.TestContextManager.prepareTestInstance(TestContextManager.java:230)
	at org.springframework.test.context.junit4.SpringJUnit4ClassRunner.createTest(SpringJUnit4ClassRunner.java:228)
	at org.springframework.test.context.junit4.SpringJUnit4ClassRunner$1.runReflectiveCall(SpringJUnit4ClassRunner.java:287)
	at org.junit.internal.runners.model.ReflectiveCallable.run(ReflectiveCallable.java:12)
	at org.springframework.test.context.junit4.SpringJUnit4ClassRunner.methodBlock(SpringJUnit4ClassRunner.java:289)
	at org.springframework.test.context.junit4.SpringJUnit4ClassRunner.runChild(SpringJUnit4ClassRunner.java:247)
	at org.springframework.test.context.junit4.SpringJUnit4ClassRunner.runChild(SpringJUnit4ClassRunner.java:94)
	at org.junit.runners.ParentRunner$3.run(ParentRunner.java:290)
	at org.junit.runners.ParentRunner$1.schedule(ParentRunner.java:71)
	at org.junit.runners.ParentRunner.runChildren(ParentRunner.java:288)
	at org.junit.runners.ParentRunner.access$000(ParentRunner.java:58)
	at org.junit.runners.ParentRunner$2.evaluate(ParentRunner.java:268)
	at org.springframework.test.context.junit4.statements.RunBeforeTestClassCallbacks.evaluate(RunBeforeTestClassCallbacks.java:61)
	at org.springframework.test.context.junit4.statements.RunAfterTestClassCallbacks.evaluate(RunAfterTestClassCallbacks.java:70)
	at org.junit.runners.ParentRunner.run(ParentRunner.java:363)
	at org.springframework.test.context.junit4.SpringJUnit4ClassRunner.run(SpringJUnit4ClassRunner.java:191)
	at org.apache.maven.surefire.junit4.JUnit4Provider.execute(JUnit4Provider.java:283)
	at org.apache.maven.surefire.junit4.JUnit4Provider.executeWithRerun(JUnit4Provider.java:173)
	at org.apache.maven.surefire.junit4.JUnit4Provider.executeTestSet(JUnit4Provider.java:153)
	at org.apache.maven.surefire.junit4.JUnit4Provider.invoke(JUnit4Provider.java:128)
	at org.apache.maven.surefire.booter.ForkedBooter.invokeProviderInSameClassLoader(ForkedBooter.java:203)
	at org.apache.maven.surefire.booter.ForkedBooter.runSuitesInProcess(ForkedBooter.java:155)
	at org.apache.maven.surefire.booter.ForkedBooter.main(ForkedBooter.java:103)
Caused by: org.springframework.beans.factory.BeanCreationException: Error creating bean with name 'entityManagerFactory' defined in class path resource [com/imooc/config/JPAConfig.class]: Bean instantiation via factory method failed; nested exception is org.springframework.beans.BeanInstantiationException: Failed to instantiate [org.springframework.orm.jpa.LocalContainerEntityManagerFactoryBean]: Factory method 'entityManagerFactory' threw exception; nested exception is org.springframework.beans.factory.BeanCreationException: Error creating bean with name 'dataSource' defined in class path resource [com/imooc/config/JPAConfig.class]: Initialization of bean failed; nested exception is org.springframework.beans.factory.BeanCreationException: Error creating bean with name 'dataSourceInitializer': Invocation of init method failed; nested exception is org.springframework.jdbc.datasource.init.ScriptStatementFailedException: Failed to execute SQL script statement #7 of class path resource [db/data.sql]: INSERT INTO `house`(`id`, `title`, `price`, `area`, `room`, `floor`, `total_floor`, `watch_times`, `build_year`, `status`, `create_time`, `last_update_time`, `city_en_name`, `region_en_name`, `cover`, `direction`, `distance_to_subway`, `parlour`, `district`, `admin_id`, `bathroom`, `street`) VALUES ('15', '瀵屽姏鍩� 鍥借锤CBD 鏃跺皻浼戦棽 鍟嗗姟鍔炲叕 瓒呮鐡﹀姏', '6200', '70', '2', '10', '20', '2', '2005', '1', '2017-09-06 18:56:14', '2017-09-15 00:26:59', 'bj', 'hdq', 'FmD3zKG-gUPOrNv0HwzZN7IbkAC_', '2', '10', '1', '铻嶆辰鍢夊洯', '2', '0', '榫欏煙瑗夸簩璺�'), ('16', '瀵屽姏鍩� 鍥借锤CBD 鏃跺皻浼戦棽 鍟嗗姟鍔炲叕', '6300', '70', '2', '10', '20', '0', '2012', '1', '2017-09-06 19:53:35', '2017-09-11 00:35:13', 'bj', 'hdq', 'FmD3zKG-gUPOrNv0HwzZN7IbkAC_', '1', '-1', '1', '铻嶆辰鍢夊洯', '2', '0', '榫欏煙瑗夸簩璺�'), ('17', '浜岀幆涓滅洿闂ㄥ湴閾佺珯闄勮繎銆佺帇搴滀簳銆佸ぉ瀹夐棬銆佸浗璐搞�佷笁閲屽悲銆佸崡閿ｉ紦宸�', '3000', '35', '1', '5', '10', '0', '2013', '1', '2017-09-06 20:45:35', '2017-09-11 00:35:05', 'bj', 'hdq', 'FhVdDhzVDH1dLVVx4jOaVXOCfnea', '1', '200', '0', '铻嶆辰鍢夊洯', '2', '0', '榫欏煙瑗夸簩璺�'), ('18', '鍗庤锤鍩� 涓滃悜涓�灞呮寫绌簂oft 骞插噣娓╅Θ 闅忔椂鍙互绛剧害', '5700', '52', '1', '7', '20', '0', '2012', '1', '2017-09-06 21:01:02', '2017-09-11 00:35:01', 'bj', 'hdq', 'FsxiS6rOTpSg5pK7tv41e8Zpnn_c', '2', '1085', '1', '铻嶆辰鍢夊洯', '2', '0', '榫欏煙瑗夸簩璺�'), ('19', '鏈涙槬鍥澘妤间笁灞呭 鑷綇绮捐 鍗楀寳閫氶�� 閲囧厜濂借閲庢锛�', '9200', '132', '3', '6', '14', '0', '2005', '1', '2017-09-06 22:44:25', '2017-09-11 00:34:55', 'bj', 'hdq', 'Fl1lNikhmMIecbTn-JTsurxugtFU', '2', '1108', '2', '铻嶆辰鍢夊洯', '2', '0', '榫欏煙瑗夸簩璺�'), ('20', '楂樺ぇ涓婄殑鏁寸涓ゅ眳瀹� 涓氫富璇氭剰鍑虹', '5400', '56', '2', '12', '20', '0', '2012', '1', '2017-09-06 23:39:50', '2017-09-11 00:34:21', 'bj', 'hdq', 'FtNl9uPM6p5PjEs8z2FnOuViNtOM', '2', '-1', '1', '铻嶆辰鍢夊洯', '2', '0', '榫欏煙瑗夸簩璺�'), ('21', '鏂板悍鍥� 姝ｈ涓夊眳瀹� 绮捐淇� 瀹剁數瀹跺叿榻愬叏', '1900', '18', '1', '13', '25', '0', '2012', '1', '2017-09-07 00:52:47', '2017-09-11 00:34:13', 'bj', 'hdq', 'Fn9sHC3Wx7qpYCmSxt-z8FZluf0Z', '3', '1302', '0', '铻嶆辰鍢夊洯', '2', '0', '榫欏煙瑗夸簩璺�'), ('24', '婀栧厜澹瑰彿鏈涗含鍗庡簻183-387銕￠様鏅ぇ瀹�', '50000', '288', '5', '1', '1', '0', '2015', '1', '2017-09-07 11:42:20', '2017-09-18 20:14:14', 'bj', 'hdq', 'FvVqU8LneZZ5xaLBAOM1KXR2Pz1X', '5', '200', '3', '铻嶆辰鍢夊洯', '2', '0', '榫欏煙瑗夸簩璺�'); nested exception is org.h2.jdbc.JdbcSQLException: Value too long for column "TITLE VARCHAR(32) NOT NULL": "STRINGDECODE('\u7035\u5c7d\u59cf\u9369\ufffd \u9365\u501f\u9524CBD \u93c3\u8dfa\u76bb\u6d7c\u6226\u68fd \u935f\u55d7\u59df\u9354... (33)"; SQL statement:
INSERT INTO `house`(`id`, `title`, `price`, `area`, `room`, `floor`, `total_floor`, `watch_times`, `build_year`, `status`, `create_time`, `last_update_time`, `city_en_name`, `region_en_name`, `cover`, `direction`, `distance_to_subway`, `parlour`, `district`, `admin_id`, `bathroom`, `street`) VALUES ('15', '瀵屽姏鍩� 鍥借锤CBD 鏃跺皻浼戦棽 鍟嗗姟鍔炲叕 瓒呮鐡﹀姏', '6200', '70', '2', '10', '20', '2', '2005', '1', '2017-09-06 18:56:14', '2017-09-15 00:26:59', 'bj', 'hdq', 'FmD3zKG-gUPOrNv0HwzZN7IbkAC_', '2', '10', '1', '铻嶆辰鍢夊洯', '2', '0', '榫欏煙瑗夸簩璺�'), ('16', '瀵屽姏鍩� 鍥借锤CBD 鏃跺皻浼戦棽 鍟嗗姟鍔炲叕', '6300', '70', '2', '10', '20', '0', '2012', '1', '2017-09-06 19:53:35', '2017-09-11 00:35:13', 'bj', 'hdq', 'FmD3zKG-gUPOrNv0HwzZN7IbkAC_', '1', '-1', '1', '铻嶆辰鍢夊洯', '2', '0', '榫欏煙瑗夸簩璺�'), ('17', '浜岀幆涓滅洿闂ㄥ湴閾佺珯闄勮繎銆佺帇搴滀簳銆佸ぉ瀹夐棬銆佸浗璐搞�佷笁閲屽悲銆佸崡閿ｉ紦宸�', '3000', '35', '1', '5', '10', '0', '2013', '1', '2017-09-06 20:45:35', '2017-09-11 00:35:05', 'bj', 'hdq', 'FhVdDhzVDH1dLVVx4jOaVXOCfnea', '1', '200', '0', '铻嶆辰鍢夊洯', '2', '0', '榫欏煙瑗夸簩璺�'), ('18', '鍗庤锤鍩� 涓滃悜涓�灞呮寫绌簂oft 骞插噣娓╅Θ 闅忔椂鍙互绛剧害', '5700', '52', '1', '7', '20', '0', '2012', '1', '2017-09-06 21:01:02', '2017-09-11 00:35:01', 'bj', 'hdq', 'FsxiS6rOTpSg5pK7tv41e8Zpnn_c', '2', '1085', '1', '铻嶆辰鍢夊洯', '2', '0', '榫欏煙瑗夸簩璺�'), ('19', '鏈涙槬鍥澘妤间笁灞呭 鑷綇绮捐 鍗楀寳閫氶�� 閲囧厜濂借閲庢锛�', '9200', '132', '3', '6', '14', '0', '2005', '1', '2017-09-06 22:44:25', '2017-09-11 00:34:55', 'bj', 'hdq', 'Fl1lNikhmMIecbTn-JTsurxugtFU', '2', '1108', '2', '铻嶆辰鍢夊洯', '2', '0', '榫欏煙瑗夸簩璺�'), ('20', '楂樺ぇ涓婄殑鏁寸涓ゅ眳瀹� 涓氫富璇氭剰鍑虹', '5400', '56', '2', '12', '20', '0', '2012', '1', '2017-09-06 23:39:50', '2017-09-11 00:34:21', 'bj', 'hdq', 'FtNl9uPM6p5PjEs8z2FnOuViNtOM', '2', '-1', '1', '铻嶆辰鍢夊洯', '2', '0', '榫欏煙瑗夸簩璺�'), ('21', '鏂板悍鍥� 姝ｈ涓夊眳瀹� 绮捐淇� 瀹剁數瀹跺叿榻愬叏', '1900', '18', '1', '13', '25', '0', '2012', '1', '2017-09-07 00:52:47', '2017-09-11 00:34:13', 'bj', 'hdq', 'Fn9sHC3Wx7qpYCmSxt-z8FZluf0Z', '3', '1302', '0', '铻嶆辰鍢夊洯', '2', '0', '榫欏煙瑗夸簩璺�'), ('24', '婀栧厜澹瑰彿鏈涗含鍗庡簻183-387銕￠様鏅ぇ瀹�', '50000', '288', '5', '1', '1', '0', '2015', '1', '2017-09-07 11:42:20', '2017-09-18 20:14:14', 'bj', 'hdq', 'FvVqU8LneZZ5xaLBAOM1KXR2Pz1X', '5', '200', '3', '铻嶆辰鍢夊洯', '2', '0', '榫欏煙瑗夸簩璺�') [22001-196]
	at org.springframework.beans.factory.support.ConstructorResolver.instantiateUsingFactoryMethod(ConstructorResolver.java:599)
	at org.springframework.beans.factory.support.AbstractAutowireCapableBeanFactory.instantiateUsingFactoryMethod(AbstractAutowireCapableBeanFactory.java:1173)
	at org.springframework.beans.factory.support.AbstractAutowireCapableBeanFactory.createBeanInstance(AbstractAutowireCapableBeanFactory.java:1067)
	at org.springframework.beans.factory.support.AbstractAutowireCapableBeanFactory.doCreateBean(AbstractAutowireCapableBeanFactory.java:513)
	at org.springframework.beans.factory.support.AbstractAutowireCapableBeanFactory.createBean(AbstractAutowireCapableBeanFactory.java:483)
	at org.springframework.beans.factory.support.AbstractBeanFactory$1.getObject(AbstractBeanFactory.java:306)
	at org.springframework.beans.factory.support.DefaultSingletonBeanRegistry.getSingleton(DefaultSingletonBeanRegistry.java:230)
	at org.springframework.beans.factory.support.AbstractBeanFactory.doGetBean(AbstractBeanFactory.java:302)
	at org.springframework.beans.factory.support.AbstractBeanFactory.getBean(AbstractBeanFactory.java:197)
	at org.springframework.context.support.AbstractApplicationContext.getBean(AbstractApplicationContext.java:1078)
	at org.springframework.context.support.AbstractApplicationContext.finishBeanFactoryInitialization(AbstractApplicationContext.java:857)
	at org.springframework.context.support.AbstractApplicationContext.refresh(AbstractApplicationContext.java:543)
	at org.springframework.boot.SpringApplication.refresh(SpringApplication.java:693)
	at org.springframework.boot.SpringApplication.refreshContext(SpringApplication.java:360)
	at org.springframework.boot.SpringApplication.run(SpringApplication.java:303)
	at org.springframework.boot.test.context.SpringBootContextLoader.loadContext(SpringBootContextLoader.java:120)
	at org.springframework.test.context.cache.DefaultCacheAwareContextLoaderDelegate.loadContextInternal(DefaultCacheAwareContextLoaderDelegate.java:98)
	at org.springframework.test.context.cache.DefaultCacheAwareContextLoaderDelegate.loadContext(DefaultCacheAwareContextLoaderDelegate.java:116)
	at org.springframework.test.context.support.DefaultTestContext.getApplicationContext(DefaultTestContext.java:83)
	at org.springframework.test.context.web.ServletTestExecutionListener.setUpRequestContextIfNecessary(ServletTestExecutionListener.java:189)
	at org.springframework.test.context.web.ServletTestExecutionListener.prepareTestInstance(ServletTestExecutionListener.java:131)
	at org.springframework.test.context.TestContextManager.prepareTestInstance(TestContextManager.java:230)
	at org.springframework.test.context.junit4.SpringJUnit4ClassRunner.createTest(SpringJUnit4ClassRunner.java:228)
	at org.springframework.test.context.junit4.SpringJUnit4ClassRunner$1.runReflectiveCall(SpringJUnit4ClassRunner.java:287)
	at org.junit.internal.runners.model.ReflectiveCallable.run(ReflectiveCallable.java:12)
	at org.springframework.test.context.junit4.SpringJUnit4ClassRunner.methodBlock(SpringJUnit4ClassRunner.java:289)
	at org.springframework.test.context.junit4.SpringJUnit4ClassRunner.runChild(SpringJUnit4ClassRunner.java:247)
	at org.springframework.test.context.junit4.SpringJUnit4ClassRunner.runChild(SpringJUnit4ClassRunner.java:94)
	at org.junit.runners.ParentRunner$3.run(ParentRunner.java:290)
	at org.junit.runners.ParentRunner$1.schedule(ParentRunner.java:71)
	at org.junit.runners.ParentRunner.runChildren(ParentRunner.java:288)
	at org.junit.runners.ParentRunner.access$000(ParentRunner.java:58)
	at org.junit.runners.ParentRunner$2.evaluate(ParentRunner.java:268)
	at org.springframework.test.context.junit4.statements.RunBeforeTestClassCallbacks.evaluate(RunBeforeTestClassCallbacks.java:61)
	at org.springframework.test.context.junit4.statements.RunAfterTestClassCallbacks.evaluate(RunAfterTestClassCallbacks.java:70)
	at org.junit.runners.ParentRunner.run(ParentRunner.java:363)
	at org.springframework.test.context.junit4.SpringJUnit4ClassRunner.run(SpringJUnit4ClassRunner.java:191)
	at org.apache.maven.surefire.junit4.JUnit4Provider.execute(JUnit4Provider.java:283)
	at org.apache.maven.surefire.junit4.JUnit4Provider.executeWithRerun(JUnit4Provider.java:173)
	at org.apache.maven.surefire.junit4.JUnit4Provider.executeTestSet(JUnit4Provider.java:153)
	at org.apache.maven.surefire.junit4.JUnit4Provider.invoke(JUnit4Provider.java:128)
	at org.apache.maven.surefire.booter.ForkedBooter.invokeProviderInSameClassLoader(ForkedBooter.java:203)
	at org.apache.maven.surefire.booter.ForkedBooter.runSuitesInProcess(ForkedBooter.java:155)
	at org.apache.maven.surefire.booter.ForkedBooter.main(ForkedBooter.java:103)
Caused by: org.springframework.beans.BeanInstantiationException: Failed to instantiate [org.springframework.orm.jpa.LocalContainerEntityManagerFactoryBean]: Factory method 'entityManagerFactory' threw exception; nested exception is org.springframework.beans.factory.BeanCreationException: Error creating bean with name 'dataSource' defined in class path resource [com/imooc/config/JPAConfig.class]: Initialization of bean failed; nested exception is org.springframework.beans.factory.BeanCreationException: Error creating bean with name 'dataSourceInitializer': Invocation of init method failed; nested exception is org.springframework.jdbc.datasource.init.ScriptStatementFailedException: Failed to execute SQL script statement #7 of class path resource [db/data.sql]: INSERT INTO `house`(`id`, `title`, `price`, `area`, `room`, `floor`, `total_floor`, `watch_times`, `build_year`, `status`, `create_time`, `last_update_time`, `city_en_name`, `region_en_name`, `cover`, `direction`, `distance_to_subway`, `parlour`, `district`, `admin_id`, `bathroom`, `street`) VALUES ('15', '瀵屽姏鍩� 鍥借锤CBD 鏃跺皻浼戦棽 鍟嗗姟鍔炲叕 瓒呮鐡﹀姏', '6200', '70', '2', '10', '20', '2', '2005', '1', '2017-09-06 18:56:14', '2017-09-15 00:26:59', 'bj', 'hdq', 'FmD3zKG-gUPOrNv0HwzZN7IbkAC_', '2', '10', '1', '铻嶆辰鍢夊洯', '2', '0', '榫欏煙瑗夸簩璺�'), ('16', '瀵屽姏鍩� 鍥借锤CBD 鏃跺皻浼戦棽 鍟嗗姟鍔炲叕', '6300', '70', '2', '10', '20', '0', '2012', '1', '2017-09-06 19:53:35', '2017-09-11 00:35:13', 'bj', 'hdq', 'FmD3zKG-gUPOrNv0HwzZN7IbkAC_', '1', '-1', '1', '铻嶆辰鍢夊洯', '2', '0', '榫欏煙瑗夸簩璺�'), ('17', '浜岀幆涓滅洿闂ㄥ湴閾佺珯闄勮繎銆佺帇搴滀簳銆佸ぉ瀹夐棬銆佸浗璐搞�佷笁閲屽悲銆佸崡閿ｉ紦宸�', '3000', '35', '1', '5', '10', '0', '2013', '1', '2017-09-06 20:45:35', '2017-09-11 00:35:05', 'bj', 'hdq', 'FhVdDhzVDH1dLVVx4jOaVXOCfnea', '1', '200', '0', '铻嶆辰鍢夊洯', '2', '0', '榫欏煙瑗夸簩璺�'), ('18', '鍗庤锤鍩� 涓滃悜涓�灞呮寫绌簂oft 骞插噣娓╅Θ 闅忔椂鍙互绛剧害', '5700', '52', '1', '7', '20', '0', '2012', '1', '2017-09-06 21:01:02', '2017-09-11 00:35:01', 'bj', 'hdq', 'FsxiS6rOTpSg5pK7tv41e8Zpnn_c', '2', '1085', '1', '铻嶆辰鍢夊洯', '2', '0', '榫欏煙瑗夸簩璺�'), ('19', '鏈涙槬鍥澘妤间笁灞呭 鑷綇绮捐 鍗楀寳閫氶�� 閲囧厜濂借閲庢锛�', '9200', '132', '3', '6', '14', '0', '2005', '1', '2017-09-06 22:44:25', '2017-09-11 00:34:55', 'bj', 'hdq', 'Fl1lNikhmMIecbTn-JTsurxugtFU', '2', '1108', '2', '铻嶆辰鍢夊洯', '2', '0', '榫欏煙瑗夸簩璺�'), ('20', '楂樺ぇ涓婄殑鏁寸涓ゅ眳瀹� 涓氫富璇氭剰鍑虹', '5400', '56', '2', '12', '20', '0', '2012', '1', '2017-09-06 23:39:50', '2017-09-11 00:34:21', 'bj', 'hdq', 'FtNl9uPM6p5PjEs8z2FnOuViNtOM', '2', '-1', '1', '铻嶆辰鍢夊洯', '2', '0', '榫欏煙瑗夸簩璺�'), ('21', '鏂板悍鍥� 姝ｈ涓夊眳瀹� 绮捐淇� 瀹剁數瀹跺叿榻愬叏', '1900', '18', '1', '13', '25', '0', '2012', '1', '2017-09-07 00:52:47', '2017-09-11 00:34:13', 'bj', 'hdq', 'Fn9sHC3Wx7qpYCmSxt-z8FZluf0Z', '3', '1302', '0', '铻嶆辰鍢夊洯', '2', '0', '榫欏煙瑗夸簩璺�'), ('24', '婀栧厜澹瑰彿鏈涗含鍗庡簻183-387銕￠様鏅ぇ瀹�', '50000', '288', '5', '1', '1', '0', '2015', '1', '2017-09-07 11:42:20', '2017-09-18 20:14:14', 'bj', 'hdq', 'FvVqU8LneZZ5xaLBAOM1KXR2Pz1X', '5', '200', '3', '铻嶆辰鍢夊洯', '2', '0', '榫欏煙瑗夸簩璺�'); nested exception is org.h2.jdbc.JdbcSQLException: Value too long for column "TITLE VARCHAR(32) NOT NULL": "STRINGDECODE('\u7035\u5c7d\u59cf\u9369\ufffd \u9365\u501f\u9524CBD \u93c3\u8dfa\u76bb\u6d7c\u6226\u68fd \u935f\u55d7\u59df\u9354... (33)"; SQL statement:
INSERT INTO `house`(`id`, `title`, `price`, `area`, `room`, `floor`, `total_floor`, `watch_times`, `build_year`, `status`, `create_time`, `last_update_time`, `city_en_name`, `region_en_name`, `cover`, `direction`, `distance_to_subway`, `parlour`, `district`, `admin_id`, `bathroom`, `street`) VALUES ('15', '瀵屽姏鍩� 鍥借锤CBD 鏃跺皻浼戦棽 鍟嗗姟鍔炲叕 瓒呮鐡﹀姏', '6200', '70', '2', '10', '20', '2', '2005', '1', '2017-09-06 18:56:14', '2017-09-15 00:26:59', 'bj', 'hdq', 'FmD3zKG-gUPOrNv0HwzZN7IbkAC_', '2', '10', '1', '铻嶆辰鍢夊洯', '2', '0', '榫欏煙瑗夸簩璺�'), ('16', '瀵屽姏鍩� 鍥借锤CBD 鏃跺皻浼戦棽 鍟嗗姟鍔炲叕', '6300', '70', '2', '10', '20', '0', '2012', '1', '2017-09-06 19:53:35', '2017-09-11 00:35:13', 'bj', 'hdq', 'FmD3zKG-gUPOrNv0HwzZN7IbkAC_', '1', '-1', '1', '铻嶆辰鍢夊洯', '2', '0', '榫欏煙瑗夸簩璺�'), ('17', '浜岀幆涓滅洿闂ㄥ湴閾佺珯闄勮繎銆佺帇搴滀簳銆佸ぉ瀹夐棬銆佸浗璐搞�佷笁閲屽悲銆佸崡閿ｉ紦宸�', '3000', '35', '1', '5', '10', '0', '2013', '1', '2017-09-06 20:45:35', '2017-09-11 00:35:05', 'bj', 'hdq', 'FhVdDhzVDH1dLVVx4jOaVXOCfnea', '1', '200', '0', '铻嶆辰鍢夊洯', '2', '0', '榫欏煙瑗夸簩璺�'), ('18', '鍗庤锤鍩� 涓滃悜涓�灞呮寫绌簂oft 骞插噣娓╅Θ 闅忔椂鍙互绛剧害', '5700', '52', '1', '7', '20', '0', '2012', '1', '2017-09-06 21:01:02', '2017-09-11 00:35:01', 'bj', 'hdq', 'FsxiS6rOTpSg5pK7tv41e8Zpnn_c', '2', '1085', '1', '铻嶆辰鍢夊洯', '2', '0', '榫欏煙瑗夸簩璺�'), ('19', '鏈涙槬鍥澘妤间笁灞呭 鑷綇绮捐 鍗楀寳閫氶�� 閲囧厜濂借閲庢锛�', '9200', '132', '3', '6', '14', '0', '2005', '1', '2017-09-06 22:44:25', '2017-09-11 00:34:55', 'bj', 'hdq', 'Fl1lNikhmMIecbTn-JTsurxugtFU', '2', '1108', '2', '铻嶆辰鍢夊洯', '2', '0', '榫欏煙瑗夸簩璺�'), ('20', '楂樺ぇ涓婄殑鏁寸涓ゅ眳瀹� 涓氫富璇氭剰鍑虹', '5400', '56', '2', '12', '20', '0', '2012', '1', '2017-09-06 23:39:50', '2017-09-11 00:34:21', 'bj', 'hdq', 'FtNl9uPM6p5PjEs8z2FnOuViNtOM', '2', '-1', '1', '铻嶆辰鍢夊洯', '2', '0', '榫欏煙瑗夸簩璺�'), ('21', '鏂板悍鍥� 姝ｈ涓夊眳瀹� 绮捐淇� 瀹剁數瀹跺叿榻愬叏', '1900', '18', '1', '13', '25', '0', '2012', '1', '2017-09-07 00:52:47', '2017-09-11 00:34:13', 'bj', 'hdq', 'Fn9sHC3Wx7qpYCmSxt-z8FZluf0Z', '3', '1302', '0', '铻嶆辰鍢夊洯', '2', '0', '榫欏煙瑗夸簩璺�'), ('24', '婀栧厜澹瑰彿鏈涗含鍗庡簻183-387銕￠様鏅ぇ瀹�', '50000', '288', '5', '1', '1', '0', '2015', '1', '2017-09-07 11:42:20', '2017-09-18 20:14:14', 'bj', 'hdq', 'FvVqU8LneZZ5xaLBAOM1KXR2Pz1X', '5', '200', '3', '铻嶆辰鍢夊洯', '2', '0', '榫欏煙瑗夸簩璺�') [22001-196]
	at org.springframework.beans.factory.support.SimpleInstantiationStrategy.instantiate(SimpleInstantiationStrategy.java:189)
	at org.springframework.beans.factory.support.ConstructorResolver.instantiateUsingFactoryMethod(ConstructorResolver.java:588)
	at org.springframework.beans.factory.support.AbstractAutowireCapableBeanFactory.instantiateUsingFactoryMethod(AbstractAutowireCapableBeanFactory.java:1173)
	at org.springframework.beans.factory.support.AbstractAutowireCapableBeanFactory.createBeanInstance(AbstractAutowireCapableBeanFactory.java:1067)
	at org.springframework.beans.factory.support.AbstractAutowireCapableBeanFactory.doCreateBean(AbstractAutowireCapableBeanFactory.java:513)
	at org.springframework.beans.factory.support.AbstractAutowireCapableBeanFactory.createBean(AbstractAutowireCapableBeanFactory.java:483)
	at org.springframework.beans.factory.support.AbstractBeanFactory$1.getObject(AbstractBeanFactory.java:306)
	at org.springframework.beans.factory.support.DefaultSingletonBeanRegistry.getSingleton(DefaultSingletonBeanRegistry.java:230)
	at org.springframework.beans.factory.support.AbstractBeanFactory.doGetBean(AbstractBeanFactory.java:302)
	at org.springframework.beans.factory.support.AbstractBeanFactory.getBean(AbstractBeanFactory.java:197)
	at org.springframework.context.support.AbstractApplicationContext.getBean(AbstractApplicationContext.java:1078)
	at org.springframework.context.support.AbstractApplicationContext.finishBeanFactoryInitialization(AbstractApplicationContext.java:857)
	at org.springframework.context.support.AbstractApplicationContext.refresh(AbstractApplicationContext.java:543)
	at org.springframework.boot.SpringApplication.refresh(SpringApplication.java:693)
	at org.springframework.boot.SpringApplication.refreshContext(SpringApplication.java:360)
	at org.springframework.boot.SpringApplication.run(SpringApplication.java:303)
	at org.springframework.boot.test.context.SpringBootContextLoader.loadContext(SpringBootContextLoader.java:120)
	at org.springframework.test.context.cache.DefaultCacheAwareContextLoaderDelegate.loadContextInternal(DefaultCacheAwareContextLoaderDelegate.java:98)
	at org.springframework.test.context.cache.DefaultCacheAwareContextLoaderDelegate.loadContext(DefaultCacheAwareContextLoaderDelegate.java:116)
	at org.springframework.test.context.support.DefaultTestContext.getApplicationContext(DefaultTestContext.java:83)
	at org.springframework.test.context.web.ServletTestExecutionListener.setUpRequestContextIfNecessary(ServletTestExecutionListener.java:189)
	at org.springframework.test.context.web.ServletTestExecutionListener.prepareTestInstance(ServletTestExecutionListener.java:131)
	at org.springframework.test.context.TestContextManager.prepareTestInstance(TestContextManager.java:230)
	at org.springframework.test.context.junit4.SpringJUnit4ClassRunner.createTest(SpringJUnit4ClassRunner.java:228)
	at org.springframework.test.context.junit4.SpringJUnit4ClassRunner$1.runReflectiveCall(SpringJUnit4ClassRunner.java:287)
	at org.junit.internal.runners.model.ReflectiveCallable.run(ReflectiveCallable.java:12)
	at org.springframework.test.context.junit4.SpringJUnit4ClassRunner.methodBlock(SpringJUnit4ClassRunner.java:289)
	at org.springframework.test.context.junit4.SpringJUnit4ClassRunner.runChild(SpringJUnit4ClassRunner.java:247)
	at org.springframework.test.context.junit4.SpringJUnit4ClassRunner.runChild(SpringJUnit4ClassRunner.java:94)
	at org.junit.runners.ParentRunner$3.run(ParentRunner.java:290)
	at org.junit.runners.ParentRunner$1.schedule(ParentRunner.java:71)
	at org.junit.runners.ParentRunner.runChildren(ParentRunner.java:288)
	at org.junit.runners.ParentRunner.access$000(ParentRunner.java:58)
	at org.junit.runners.ParentRunner$2.evaluate(ParentRunner.java:268)
	at org.springframework.test.context.junit4.statements.RunBeforeTestClassCallbacks.evaluate(RunBeforeTestClassCallbacks.java:61)
	at org.springframework.test.context.junit4.statements.RunAfterTestClassCallbacks.evaluate(RunAfterTestClassCallbacks.java:70)
	at org.junit.runners.ParentRunner.run(ParentRunner.java:363)
	at org.springframework.test.context.junit4.SpringJUnit4ClassRunner.run(SpringJUnit4ClassRunner.java:191)
	at org.apache.maven.surefire.junit4.JUnit4Provider.execute(JUnit4Provider.java:283)
	at org.apache.maven.surefire.junit4.JUnit4Provider.executeWithRerun(JUnit4Provider.java:173)
	at org.apache.maven.surefire.junit4.JUnit4Provider.executeTestSet(JUnit4Provider.java:153)
	at org.apache.maven.surefire.junit4.JUnit4Provider.invoke(JUnit4Provider.java:128)
	at org.apache.maven.surefire.booter.ForkedBooter.invokeProviderInSameClassLoader(ForkedBooter.java:203)
	at org.apache.maven.surefire.booter.ForkedBooter.runSuitesInProcess(ForkedBooter.java:155)
	at org.apache.maven.surefire.booter.ForkedBooter.main(ForkedBooter.java:103)
Caused by: org.springframework.beans.factory.BeanCreationException: Error creating bean with name 'dataSource' defined in class path resource [com/imooc/config/JPAConfig.class]: Initialization of bean failed; nested exception is org.springframework.beans.factory.BeanCreationException: Error creating bean with name 'dataSourceInitializer': Invocation of init method failed; nested exception is org.springframework.jdbc.datasource.init.ScriptStatementFailedException: Failed to execute SQL script statement #7 of class path resource [db/data.sql]: INSERT INTO `house`(`id`, `title`, `price`, `area`, `room`, `floor`, `total_floor`, `watch_times`, `build_year`, `status`, `create_time`, `last_update_time`, `city_en_name`, `region_en_name`, `cover`, `direction`, `distance_to_subway`, `parlour`, `district`, `admin_id`, `bathroom`, `street`) VALUES ('15', '瀵屽姏鍩� 鍥借锤CBD 鏃跺皻浼戦棽 鍟嗗姟鍔炲叕 瓒呮鐡﹀姏', '6200', '70', '2', '10', '20', '2', '2005', '1', '2017-09-06 18:56:14', '2017-09-15 00:26:59', 'bj', 'hdq', 'FmD3zKG-gUPOrNv0HwzZN7IbkAC_', '2', '10', '1', '铻嶆辰鍢夊洯', '2', '0', '榫欏煙瑗夸簩璺�'), ('16', '瀵屽姏鍩� 鍥借锤CBD 鏃跺皻浼戦棽 鍟嗗姟鍔炲叕', '6300', '70', '2', '10', '20', '0', '2012', '1', '2017-09-06 19:53:35', '2017-09-11 00:35:13', 'bj', 'hdq', 'FmD3zKG-gUPOrNv0HwzZN7IbkAC_', '1', '-1', '1', '铻嶆辰鍢夊洯', '2', '0', '榫欏煙瑗夸簩璺�'), ('17', '浜岀幆涓滅洿闂ㄥ湴閾佺珯闄勮繎銆佺帇搴滀簳銆佸ぉ瀹夐棬銆佸浗璐搞�佷笁閲屽悲銆佸崡閿ｉ紦宸�', '3000', '35', '1', '5', '10', '0', '2013', '1', '2017-09-06 20:45:35', '2017-09-11 00:35:05', 'bj', 'hdq', 'FhVdDhzVDH1dLVVx4jOaVXOCfnea', '1', '200', '0', '铻嶆辰鍢夊洯', '2', '0', '榫欏煙瑗夸簩璺�'), ('18', '鍗庤锤鍩� 涓滃悜涓�灞呮寫绌簂oft 骞插噣娓╅Θ 闅忔椂鍙互绛剧害', '5700', '52', '1', '7', '20', '0', '2012', '1', '2017-09-06 21:01:02', '2017-09-11 00:35:01', 'bj', 'hdq', 'FsxiS6rOTpSg5pK7tv41e8Zpnn_c', '2', '1085', '1', '铻嶆辰鍢夊洯', '2', '0', '榫欏煙瑗夸簩璺�'), ('19', '鏈涙槬鍥澘妤间笁灞呭 鑷綇绮捐 鍗楀寳閫氶�� 閲囧厜濂借閲庢锛�', '9200', '132', '3', '6', '14', '0', '2005', '1', '2017-09-06 22:44:25', '2017-09-11 00:34:55', 'bj', 'hdq', 'Fl1lNikhmMIecbTn-JTsurxugtFU', '2', '1108', '2', '铻嶆辰鍢夊洯', '2', '0', '榫欏煙瑗夸簩璺�'), ('20', '楂樺ぇ涓婄殑鏁寸涓ゅ眳瀹� 涓氫富璇氭剰鍑虹', '5400', '56', '2', '12', '20', '0', '2012', '1', '2017-09-06 23:39:50', '2017-09-11 00:34:21', 'bj', 'hdq', 'FtNl9uPM6p5PjEs8z2FnOuViNtOM', '2', '-1', '1', '铻嶆辰鍢夊洯', '2', '0', '榫欏煙瑗夸簩璺�'), ('21', '鏂板悍鍥� 姝ｈ涓夊眳瀹� 绮捐淇� 瀹剁數瀹跺叿榻愬叏', '1900', '18', '1', '13', '25', '0', '2012', '1', '2017-09-07 00:52:47', '2017-09-11 00:34:13', 'bj', 'hdq', 'Fn9sHC3Wx7qpYCmSxt-z8FZluf0Z', '3', '1302', '0', '铻嶆辰鍢夊洯', '2', '0', '榫欏煙瑗夸簩璺�'), ('24', '婀栧厜澹瑰彿鏈涗含鍗庡簻183-387銕￠様鏅ぇ瀹�', '50000', '288', '5', '1', '1', '0', '2015', '1', '2017-09-07 11:42:20', '2017-09-18 20:14:14', 'bj', 'hdq', 'FvVqU8LneZZ5xaLBAOM1KXR2Pz1X', '5', '200', '3', '铻嶆辰鍢夊洯', '2', '0', '榫欏煙瑗夸簩璺�'); nested exception is org.h2.jdbc.JdbcSQLException: Value too long for column "TITLE VARCHAR(32) NOT NULL": "STRINGDECODE('\u7035\u5c7d\u59cf\u9369\ufffd \u9365\u501f\u9524CBD \u93c3\u8dfa\u76bb\u6d7c\u6226\u68fd \u935f\u55d7\u59df\u9354... (33)"; SQL statement:
INSERT INTO `house`(`id`, `title`, `price`, `area`, `room`, `floor`, `total_floor`, `watch_times`, `build_year`, `status`, `create_time`, `last_update_time`, `city_en_name`, `region_en_name`, `cover`, `direction`, `distance_to_subway`, `parlour`, `district`, `admin_id`, `bathroom`, `street`) VALUES ('15', '瀵屽姏鍩� 鍥借锤CBD 鏃跺皻浼戦棽 鍟嗗姟鍔炲叕 瓒呮鐡﹀姏', '6200', '70', '2', '10', '20', '2', '2005', '1', '2017-09-06 18:56:14', '2017-09-15 00:26:59', 'bj', 'hdq', 'FmD3zKG-gUPOrNv0HwzZN7IbkAC_', '2', '10', '1', '铻嶆辰鍢夊洯', '2', '0', '榫欏煙瑗夸簩璺�'), ('16', '瀵屽姏鍩� 鍥借锤CBD 鏃跺皻浼戦棽 鍟嗗姟鍔炲叕', '6300', '70', '2', '10', '20', '0', '2012', '1', '2017-09-06 19:53:35', '2017-09-11 00:35:13', 'bj', 'hdq', 'FmD3zKG-gUPOrNv0HwzZN7IbkAC_', '1', '-1', '1', '铻嶆辰鍢夊洯', '2', '0', '榫欏煙瑗夸簩璺�'), ('17', '浜岀幆涓滅洿闂ㄥ湴閾佺珯闄勮繎銆佺帇搴滀簳銆佸ぉ瀹夐棬銆佸浗璐搞�佷笁閲屽悲銆佸崡閿ｉ紦宸�', '3000', '35', '1', '5', '10', '0', '2013', '1', '2017-09-06 20:45:35', '2017-09-11 00:35:05', 'bj', 'hdq', 'FhVdDhzVDH1dLVVx4jOaVXOCfnea', '1', '200', '0', '铻嶆辰鍢夊洯', '2', '0', '榫欏煙瑗夸簩璺�'), ('18', '鍗庤锤鍩� 涓滃悜涓�灞呮寫绌簂oft 骞插噣娓╅Θ 闅忔椂鍙互绛剧害', '5700', '52', '1', '7', '20', '0', '2012', '1', '2017-09-06 21:01:02', '2017-09-11 00:35:01', 'bj', 'hdq', 'FsxiS6rOTpSg5pK7tv41e8Zpnn_c', '2', '1085', '1', '铻嶆辰鍢夊洯', '2', '0', '榫欏煙瑗夸簩璺�'), ('19', '鏈涙槬鍥澘妤间笁灞呭 鑷綇绮捐 鍗楀寳閫氶�� 閲囧厜濂借閲庢锛�', '9200', '132', '3', '6', '14', '0', '2005', '1', '2017-09-06 22:44:25', '2017-09-11 00:34:55', 'bj', 'hdq', 'Fl1lNikhmMIecbTn-JTsurxugtFU', '2', '1108', '2', '铻嶆辰鍢夊洯', '2', '0', '榫欏煙瑗夸簩璺�'), ('20', '楂樺ぇ涓婄殑鏁寸涓ゅ眳瀹� 涓氫富璇氭剰鍑虹', '5400', '56', '2', '12', '20', '0', '2012', '1', '2017-09-06 23:39:50', '2017-09-11 00:34:21', 'bj', 'hdq', 'FtNl9uPM6p5PjEs8z2FnOuViNtOM', '2', '-1', '1', '铻嶆辰鍢夊洯', '2', '0', '榫欏煙瑗夸簩璺�'), ('21', '鏂板悍鍥� 姝ｈ涓夊眳瀹� 绮捐淇� 瀹剁數瀹跺叿榻愬叏', '1900', '18', '1', '13', '25', '0', '2012', '1', '2017-09-07 00:52:47', '2017-09-11 00:34:13', 'bj', 'hdq', 'Fn9sHC3Wx7qpYCmSxt-z8FZluf0Z', '3', '1302', '0', '铻嶆辰鍢夊洯', '2', '0', '榫欏煙瑗夸簩璺�'), ('24', '婀栧厜澹瑰彿鏈涗含鍗庡簻183-387銕￠様鏅ぇ瀹�', '50000', '288', '5', '1', '1', '0', '2015', '1', '2017-09-07 11:42:20', '2017-09-18 20:14:14', 'bj', 'hdq', 'FvVqU8LneZZ5xaLBAOM1KXR2Pz1X', '5', '200', '3', '铻嶆辰鍢夊洯', '2', '0', '榫欏煙瑗夸簩璺�') [22001-196]
	at org.springframework.beans.factory.support.AbstractAutowireCapableBeanFactory.doCreateBean(AbstractAutowireCapableBeanFactory.java:564)
	at org.springframework.beans.factory.support.AbstractAutowireCapableBeanFactory.createBean(AbstractAutowireCapableBeanFactory.java:483)
	at org.springframework.beans.factory.support.AbstractBeanFactory$1.getObject(AbstractBeanFactory.java:306)
	at org.springframework.beans.factory.support.DefaultSingletonBeanRegistry.getSingleton(DefaultSingletonBeanRegistry.java:230)
	at org.springframework.beans.factory.support.AbstractBeanFactory.doGetBean(AbstractBeanFactory.java:302)
	at org.springframework.beans.factory.support.AbstractBeanFactory.getBean(AbstractBeanFactory.java:197)
	at org.springframework.context.annotation.ConfigurationClassEnhancer$BeanMethodInterceptor.obtainBeanInstanceFromFactory(ConfigurationClassEnhancer.java:389)
	at org.springframework.context.annotation.ConfigurationClassEnhancer$BeanMethodInterceptor.intercept(ConfigurationClassEnhancer.java:361)
	at com.imooc.config.JPAConfig$$EnhancerBySpringCGLIB$$ac3be7fd.dataSource(<generated>)
	at com.imooc.config.JPAConfig.entityManagerFactory(JPAConfig.java:36)
	at com.imooc.config.JPAConfig$$EnhancerBySpringCGLIB$$ac3be7fd.CGLIB$entityManagerFactory$2(<generated>)
	at com.imooc.config.JPAConfig$$EnhancerBySpringCGLIB$$ac3be7fd$$FastClassBySpringCGLIB$$914d9ecd.invoke(<generated>)
	at org.springframework.cglib.proxy.MethodProxy.invokeSuper(MethodProxy.java:228)
	at org.springframework.context.annotation.ConfigurationClassEnhancer$BeanMethodInterceptor.intercept(ConfigurationClassEnhancer.java:358)
	at com.imooc.config.JPAConfig$$EnhancerBySpringCGLIB$$ac3be7fd.entityManagerFactory(<generated>)
	at sun.reflect.NativeMethodAccessorImpl.invoke0(Native Method)
	at sun.reflect.NativeMethodAccessorImpl.invoke(NativeMethodAccessorImpl.java:62)
	at sun.reflect.DelegatingMethodAccessorImpl.invoke(DelegatingMethodAccessorImpl.java:43)
	at java.lang.reflect.Method.invoke(Method.java:483)
	at org.springframework.beans.factory.support.SimpleInstantiationStrategy.instantiate(SimpleInstantiationStrategy.java:162)
	at org.springframework.beans.factory.support.ConstructorResolver.instantiateUsingFactoryMethod(ConstructorResolver.java:588)
	at org.springframework.beans.factory.support.AbstractAutowireCapableBeanFactory.instantiateUsingFactoryMethod(AbstractAutowireCapableBeanFactory.java:1173)
	at org.springframework.beans.factory.support.AbstractAutowireCapableBeanFactory.createBeanInstance(AbstractAutowireCapableBeanFactory.java:1067)
	at org.springframework.beans.factory.support.AbstractAutowireCapableBeanFactory.doCreateBean(AbstractAutowireCapableBeanFactory.java:513)
	at org.springframework.beans.factory.support.AbstractAutowireCapableBeanFactory.createBean(AbstractAutowireCapableBeanFactory.java:483)
	at org.springframework.beans.factory.support.AbstractBeanFactory$1.getObject(AbstractBeanFactory.java:306)
	at org.springframework.beans.factory.support.DefaultSingletonBeanRegistry.getSingleton(DefaultSingletonBeanRegistry.java:230)
	at org.springframework.beans.factory.support.AbstractBeanFactory.doGetBean(AbstractBeanFactory.java:302)
	at org.springframework.beans.factory.support.AbstractBeanFactory.getBean(AbstractBeanFactory.java:197)
	at org.springframework.context.support.AbstractApplicationContext.getBean(AbstractApplicationContext.java:1078)
	at org.springframework.context.support.AbstractApplicationContext.finishBeanFactoryInitialization(AbstractApplicationContext.java:857)
	at org.springframework.context.support.AbstractApplicationContext.refresh(AbstractApplicationContext.java:543)
	at org.springframework.boot.SpringApplication.refresh(SpringApplication.java:693)
	at org.springframework.boot.SpringApplication.refreshContext(SpringApplication.java:360)
	at org.springframework.boot.SpringApplication.run(SpringApplication.java:303)
	at org.springframework.boot.test.context.SpringBootContextLoader.loadContext(SpringBootContextLoader.java:120)
	at org.springframework.test.context.cache.DefaultCacheAwareContextLoaderDelegate.loadContextInternal(DefaultCacheAwareContextLoaderDelegate.java:98)
	at org.springframework.test.context.cache.DefaultCacheAwareContextLoaderDelegate.loadContext(DefaultCacheAwareContextLoaderDelegate.java:116)
	at org.springframework.test.context.support.DefaultTestContext.getApplicationContext(DefaultTestContext.java:83)
	at org.springframework.test.context.web.ServletTestExecutionListener.setUpRequestContextIfNecessary(ServletTestExecutionListener.java:189)
	at org.springframework.test.context.web.ServletTestExecutionListener.prepareTestInstance(ServletTestExecutionListener.java:131)
	at org.springframework.test.context.TestContextManager.prepareTestInstance(TestContextManager.java:230)
	at org.springframework.test.context.junit4.SpringJUnit4ClassRunner.createTest(SpringJUnit4ClassRunner.java:228)
	at org.springframework.test.context.junit4.SpringJUnit4ClassRunner$1.runReflectiveCall(SpringJUnit4ClassRunner.java:287)
	at org.junit.internal.runners.model.ReflectiveCallable.run(ReflectiveCallable.java:12)
	at org.springframework.test.context.junit4.SpringJUnit4ClassRunner.methodBlock(SpringJUnit4ClassRunner.java:289)
	at org.springframework.test.context.junit4.SpringJUnit4ClassRunner.runChild(SpringJUnit4ClassRunner.java:247)
	at org.springframework.test.context.junit4.SpringJUnit4ClassRunner.runChild(SpringJUnit4ClassRunner.java:94)
	at org.junit.runners.ParentRunner$3.run(ParentRunner.java:290)
	at org.junit.runners.ParentRunner$1.schedule(ParentRunner.java:71)
	at org.junit.runners.ParentRunner.runChildren(ParentRunner.java:288)
	at org.junit.runners.ParentRunner.access$000(ParentRunner.java:58)
	at org.junit.runners.ParentRunner$2.evaluate(ParentRunner.java:268)
	at org.springframework.test.context.junit4.statements.RunBeforeTestClassCallbacks.evaluate(RunBeforeTestClassCallbacks.java:61)
	at org.springframework.test.context.junit4.statements.RunAfterTestClassCallbacks.evaluate(RunAfterTestClassCallbacks.java:70)
	at org.junit.runners.ParentRunner.run(ParentRunner.java:363)
	at org.springframework.test.context.junit4.SpringJUnit4ClassRunner.run(SpringJUnit4ClassRunner.java:191)
	at org.apache.maven.surefire.junit4.JUnit4Provider.execute(JUnit4Provider.java:283)
	at org.apache.maven.surefire.junit4.JUnit4Provider.executeWithRerun(JUnit4Provider.java:173)
	at org.apache.maven.surefire.junit4.JUnit4Provider.executeTestSet(JUnit4Provider.java:153)
	at org.apache.maven.surefire.junit4.JUnit4Provider.invoke(JUnit4Provider.java:128)
	at org.apache.maven.surefire.booter.ForkedBooter.invokeProviderInSameClassLoader(ForkedBooter.java:203)
	at org.apache.maven.surefire.booter.ForkedBooter.runSuitesInProcess(ForkedBooter.java:155)
	at org.apache.maven.surefire.booter.ForkedBooter.main(ForkedBooter.java:103)
Caused by: org.springframework.beans.factory.BeanCreationException: Error creating bean with name 'dataSourceInitializer': Invocation of init method failed; nested exception is org.springframework.jdbc.datasource.init.ScriptStatementFailedException: Failed to execute SQL script statement #7 of class path resource [db/data.sql]: INSERT INTO `house`(`id`, `title`, `price`, `area`, `room`, `floor`, `total_floor`, `watch_times`, `build_year`, `status`, `create_time`, `last_update_time`, `city_en_name`, `region_en_name`, `cover`, `direction`, `distance_to_subway`, `parlour`, `district`, `admin_id`, `bathroom`, `street`) VALUES ('15', '瀵屽姏鍩� 鍥借锤CBD 鏃跺皻浼戦棽 鍟嗗姟鍔炲叕 瓒呮鐡﹀姏', '6200', '70', '2', '10', '20', '2', '2005', '1', '2017-09-06 18:56:14', '2017-09-15 00:26:59', 'bj', 'hdq', 'FmD3zKG-gUPOrNv0HwzZN7IbkAC_', '2', '10', '1', '铻嶆辰鍢夊洯', '2', '0', '榫欏煙瑗夸簩璺�'), ('16', '瀵屽姏鍩� 鍥借锤CBD 鏃跺皻浼戦棽 鍟嗗姟鍔炲叕', '6300', '70', '2', '10', '20', '0', '2012', '1', '2017-09-06 19:53:35', '2017-09-11 00:35:13', 'bj', 'hdq', 'FmD3zKG-gUPOrNv0HwzZN7IbkAC_', '1', '-1', '1', '铻嶆辰鍢夊洯', '2', '0', '榫欏煙瑗夸簩璺�'), ('17', '浜岀幆涓滅洿闂ㄥ湴閾佺珯闄勮繎銆佺帇搴滀簳銆佸ぉ瀹夐棬銆佸浗璐搞�佷笁閲屽悲銆佸崡閿ｉ紦宸�', '3000', '35', '1', '5', '10', '0', '2013', '1', '2017-09-06 20:45:35', '2017-09-11 00:35:05', 'bj', 'hdq', 'FhVdDhzVDH1dLVVx4jOaVXOCfnea', '1', '200', '0', '铻嶆辰鍢夊洯', '2', '0', '榫欏煙瑗夸簩璺�'), ('18', '鍗庤锤鍩� 涓滃悜涓�灞呮寫绌簂oft 骞插噣娓╅Θ 闅忔椂鍙互绛剧害', '5700', '52', '1', '7', '20', '0', '2012', '1', '2017-09-06 21:01:02', '2017-09-11 00:35:01', 'bj', 'hdq', 'FsxiS6rOTpSg5pK7tv41e8Zpnn_c', '2', '1085', '1', '铻嶆辰鍢夊洯', '2', '0', '榫欏煙瑗夸簩璺�'), ('19', '鏈涙槬鍥澘妤间笁灞呭 鑷綇绮捐 鍗楀寳閫氶�� 閲囧厜濂借閲庢锛�', '9200', '132', '3', '6', '14', '0', '2005', '1', '2017-09-06 22:44:25', '2017-09-11 00:34:55', 'bj', 'hdq', 'Fl1lNikhmMIecbTn-JTsurxugtFU', '2', '1108', '2', '铻嶆辰鍢夊洯', '2', '0', '榫欏煙瑗夸簩璺�'), ('20', '楂樺ぇ涓婄殑鏁寸涓ゅ眳瀹� 涓氫富璇氭剰鍑虹', '5400', '56', '2', '12', '20', '0', '2012', '1', '2017-09-06 23:39:50', '2017-09-11 00:34:21', 'bj', 'hdq', 'FtNl9uPM6p5PjEs8z2FnOuViNtOM', '2', '-1', '1', '铻嶆辰鍢夊洯', '2', '0', '榫欏煙瑗夸簩璺�'), ('21', '鏂板悍鍥� 姝ｈ涓夊眳瀹� 绮捐淇� 瀹剁數瀹跺叿榻愬叏', '1900', '18', '1', '13', '25', '0', '2012', '1', '2017-09-07 00:52:47', '2017-09-11 00:34:13', 'bj', 'hdq', 'Fn9sHC3Wx7qpYCmSxt-z8FZluf0Z', '3', '1302', '0', '铻嶆辰鍢夊洯', '2', '0', '榫欏煙瑗夸簩璺�'), ('24', '婀栧厜澹瑰彿鏈涗含鍗庡簻183-387銕￠様鏅ぇ瀹�', '50000', '288', '5', '1', '1', '0', '2015', '1', '2017-09-07 11:42:20', '2017-09-18 20:14:14', 'bj', 'hdq', 'FvVqU8LneZZ5xaLBAOM1KXR2Pz1X', '5', '200', '3', '铻嶆辰鍢夊洯', '2', '0', '榫欏煙瑗夸簩璺�'); nested exception is org.h2.jdbc.JdbcSQLException: Value too long for column "TITLE VARCHAR(32) NOT NULL": "STRINGDECODE('\u7035\u5c7d\u59cf\u9369\ufffd \u9365\u501f\u9524CBD \u93c3\u8dfa\u76bb\u6d7c\u6226\u68fd \u935f\u55d7\u59df\u9354... (33)"; SQL statement:
INSERT INTO `house`(`id`, `title`, `price`, `area`, `room`, `floor`, `total_floor`, `watch_times`, `build_year`, `status`, `create_time`, `last_update_time`, `city_en_name`, `region_en_name`, `cover`, `direction`, `distance_to_subway`, `parlour`, `district`, `admin_id`, `bathroom`, `street`) VALUES ('15', '瀵屽姏鍩� 鍥借锤CBD 鏃跺皻浼戦棽 鍟嗗姟鍔炲叕 瓒呮鐡﹀姏', '6200', '70', '2', '10', '20', '2', '2005', '1', '2017-09-06 18:56:14', '2017-09-15 00:26:59', 'bj', 'hdq', 'FmD3zKG-gUPOrNv0HwzZN7IbkAC_', '2', '10', '1', '铻嶆辰鍢夊洯', '2', '0', '榫欏煙瑗夸簩璺�'), ('16', '瀵屽姏鍩� 鍥借锤CBD 鏃跺皻浼戦棽 鍟嗗姟鍔炲叕', '6300', '70', '2', '10', '20', '0', '2012', '1', '2017-09-06 19:53:35', '2017-09-11 00:35:13', 'bj', 'hdq', 'FmD3zKG-gUPOrNv0HwzZN7IbkAC_', '1', '-1', '1', '铻嶆辰鍢夊洯', '2', '0', '榫欏煙瑗夸簩璺�'), ('17', '浜岀幆涓滅洿闂ㄥ湴閾佺珯闄勮繎銆佺帇搴滀簳銆佸ぉ瀹夐棬銆佸浗璐搞�佷笁閲屽悲銆佸崡閿ｉ紦宸�', '3000', '35', '1', '5', '10', '0', '2013', '1', '2017-09-06 20:45:35', '2017-09-11 00:35:05', 'bj', 'hdq', 'FhVdDhzVDH1dLVVx4jOaVXOCfnea', '1', '200', '0', '铻嶆辰鍢夊洯', '2', '0', '榫欏煙瑗夸簩璺�'), ('18', '鍗庤锤鍩� 涓滃悜涓�灞呮寫绌簂oft 骞插噣娓╅Θ 闅忔椂鍙互绛剧害', '5700', '52', '1', '7', '20', '0', '2012', '1', '2017-09-06 21:01:02', '2017-09-11 00:35:01', 'bj', 'hdq', 'FsxiS6rOTpSg5pK7tv41e8Zpnn_c', '2', '1085', '1', '铻嶆辰鍢夊洯', '2', '0', '榫欏煙瑗夸簩璺�'), ('19', '鏈涙槬鍥澘妤间笁灞呭 鑷綇绮捐 鍗楀寳閫氶�� 閲囧厜濂借閲庢锛�', '9200', '132', '3', '6', '14', '0', '2005', '1', '2017-09-06 22:44:25', '2017-09-11 00:34:55', 'bj', 'hdq', 'Fl1lNikhmMIecbTn-JTsurxugtFU', '2', '1108', '2', '铻嶆辰鍢夊洯', '2', '0', '榫欏煙瑗夸簩璺�'), ('20', '楂樺ぇ涓婄殑鏁寸涓ゅ眳瀹� 涓氫富璇氭剰鍑虹', '5400', '56', '2', '12', '20', '0', '2012', '1', '2017-09-06 23:39:50', '2017-09-11 00:34:21', 'bj', 'hdq', 'FtNl9uPM6p5PjEs8z2FnOuViNtOM', '2', '-1', '1', '铻嶆辰鍢夊洯', '2', '0', '榫欏煙瑗夸簩璺�'), ('21', '鏂板悍鍥� 姝ｈ涓夊眳瀹� 绮捐淇� 瀹剁數瀹跺叿榻愬叏', '1900', '18', '1', '13', '25', '0', '2012', '1', '2017-09-07 00:52:47', '2017-09-11 00:34:13', 'bj', 'hdq', 'Fn9sHC3Wx7qpYCmSxt-z8FZluf0Z', '3', '1302', '0', '铻嶆辰鍢夊洯', '2', '0', '榫欏煙瑗夸簩璺�'), ('24', '婀栧厜澹瑰彿鏈涗含鍗庡簻183-387銕￠様鏅ぇ瀹�', '50000', '288', '5', '1', '1', '0', '2015', '1', '2017-09-07 11:42:20', '2017-09-18 20:14:14', 'bj', 'hdq', 'FvVqU8LneZZ5xaLBAOM1KXR2Pz1X', '5', '200', '3', '铻嶆辰鍢夊洯', '2', '0', '榫欏煙瑗夸簩璺�') [22001-196]
	at org.springframework.beans.factory.annotation.InitDestroyAnnotationBeanPostProcessor.postProcessBeforeInitialization(InitDestroyAnnotationBeanPostProcessor.java:137)
	at org.springframework.beans.factory.support.AbstractAutowireCapableBeanFactory.applyBeanPostProcessorsBeforeInitialization(AbstractAutowireCapableBeanFactory.java:409)
	at org.springframework.beans.factory.support.AbstractAutowireCapableBeanFactory.initializeBean(AbstractAutowireCapableBeanFactory.java:1620)
	at org.springframework.beans.factory.support.AbstractAutowireCapableBeanFactory.doCreateBean(AbstractAutowireCapableBeanFactory.java:555)
	at org.springframework.beans.factory.support.AbstractAutowireCapableBeanFactory.createBean(AbstractAutowireCapableBeanFactory.java:483)
	at org.springframework.beans.factory.support.AbstractBeanFactory$1.getObject(AbstractBeanFactory.java:306)
	at org.springframework.beans.factory.support.DefaultSingletonBeanRegistry.getSingleton(DefaultSingletonBeanRegistry.java:230)
	at org.springframework.beans.factory.support.AbstractBeanFactory.doGetBean(AbstractBeanFactory.java:302)
	at org.springframework.beans.factory.support.AbstractBeanFactory.getBean(AbstractBeanFactory.java:220)
	at org.springframework.beans.factory.support.DefaultListableBeanFactory.resolveNamedBean(DefaultListableBeanFactory.java:1018)
	at org.springframework.beans.factory.support.DefaultListableBeanFactory.getBean(DefaultListableBeanFactory.java:345)
	at org.springframework.beans.factory.support.DefaultListableBeanFactory.getBean(DefaultListableBeanFactory.java:340)
	at org.springframework.boot.autoconfigure.jdbc.DataSourceInitializerPostProcessor.postProcessAfterInitialization(DataSourceInitializerPostProcessor.java:62)
	at org.springframework.beans.factory.support.AbstractAutowireCapableBeanFactory.applyBeanPostProcessorsAfterInitialization(AbstractAutowireCapableBeanFactory.java:423)
	at org.springframework.beans.factory.support.AbstractAutowireCapableBeanFactory.initializeBean(AbstractAutowireCapableBeanFactory.java:1633)
	at org.springframework.beans.factory.support.AbstractAutowireCapableBeanFactory.doCreateBean(AbstractAutowireCapableBeanFactory.java:555)
	at org.springframework.beans.factory.support.AbstractAutowireCapableBeanFactory.createBean(AbstractAutowireCapableBeanFactory.java:483)
	at org.springframework.beans.factory.support.AbstractBeanFactory$1.getObject(AbstractBeanFactory.java:306)
	at org.springframework.beans.factory.support.DefaultSingletonBeanRegistry.getSingleton(DefaultSingletonBeanRegistry.java:230)
	at org.springframework.beans.factory.support.AbstractBeanFactory.doGetBean(AbstractBeanFactory.java:302)
	at org.springframework.beans.factory.support.AbstractBeanFactory.getBean(AbstractBeanFactory.java:197)
	at org.springframework.context.annotation.ConfigurationClassEnhancer$BeanMethodInterceptor.obtainBeanInstanceFromFactory(ConfigurationClassEnhancer.java:389)
	at org.springframework.context.annotation.ConfigurationClassEnhancer$BeanMethodInterceptor.intercept(ConfigurationClassEnhancer.java:361)
	at com.imooc.config.JPAConfig$$EnhancerBySpringCGLIB$$ac3be7fd.dataSource(<generated>)
	at com.imooc.config.JPAConfig.entityManagerFactory(JPAConfig.java:36)
	at com.imooc.config.JPAConfig$$EnhancerBySpringCGLIB$$ac3be7fd.CGLIB$entityManagerFactory$2(<generated>)
	at com.imooc.config.JPAConfig$$EnhancerBySpringCGLIB$$ac3be7fd$$FastClassBySpringCGLIB$$914d9ecd.invoke(<generated>)
	at org.springframework.cglib.proxy.MethodProxy.invokeSuper(MethodProxy.java:228)
	at org.springframework.context.annotation.ConfigurationClassEnhancer$BeanMethodInterceptor.intercept(ConfigurationClassEnhancer.java:358)
	at com.imooc.config.JPAConfig$$EnhancerBySpringCGLIB$$ac3be7fd.entityManagerFactory(<generated>)
	at sun.reflect.NativeMethodAccessorImpl.invoke0(Native Method)
	at sun.reflect.NativeMethodAccessorImpl.invoke(NativeMethodAccessorImpl.java:62)
	at sun.reflect.DelegatingMethodAccessorImpl.invoke(DelegatingMethodAccessorImpl.java:43)
	at java.lang.reflect.Method.invoke(Method.java:483)
	at org.springframework.beans.factory.support.SimpleInstantiationStrategy.instantiate(SimpleInstantiationStrategy.java:162)
	at org.springframework.beans.factory.support.ConstructorResolver.instantiateUsingFactoryMethod(ConstructorResolver.java:588)
	at org.springframework.beans.factory.support.AbstractAutowireCapableBeanFactory.instantiateUsingFactoryMethod(AbstractAutowireCapableBeanFactory.java:1173)
	at org.springframework.beans.factory.support.AbstractAutowireCapableBeanFactory.createBeanInstance(AbstractAutowireCapableBeanFactory.java:1067)
	at org.springframework.beans.factory.support.AbstractAutowireCapableBeanFactory.doCreateBean(AbstractAutowireCapableBeanFactory.java:513)
	at org.springframework.beans.factory.support.AbstractAutowireCapableBeanFactory.createBean(AbstractAutowireCapableBeanFactory.java:483)
	at org.springframework.beans.factory.support.AbstractBeanFactory$1.getObject(AbstractBeanFactory.java:306)
	at org.springframework.beans.factory.support.DefaultSingletonBeanRegistry.getSingleton(DefaultSingletonBeanRegistry.java:230)
	at org.springframework.beans.factory.support.AbstractBeanFactory.doGetBean(AbstractBeanFactory.java:302)
	at org.springframework.beans.factory.support.AbstractBeanFactory.getBean(AbstractBeanFactory.java:197)
	at org.springframework.context.support.AbstractApplicationContext.getBean(AbstractApplicationContext.java:1078)
	at org.springframework.context.support.AbstractApplicationContext.finishBeanFactoryInitialization(AbstractApplicationContext.java:857)
	at org.springframework.context.support.AbstractApplicationContext.refresh(AbstractApplicationContext.java:543)
	at org.springframework.boot.SpringApplication.refresh(SpringApplication.java:693)
	at org.springframework.boot.SpringApplication.refreshContext(SpringApplication.java:360)
	at org.springframework.boot.SpringApplication.run(SpringApplication.java:303)
	at org.springframework.boot.test.context.SpringBootContextLoader.loadContext(SpringBootContextLoader.java:120)
	at org.springframework.test.context.cache.DefaultCacheAwareContextLoaderDelegate.loadContextInternal(DefaultCacheAwareContextLoaderDelegate.java:98)
	at org.springframework.test.context.cache.DefaultCacheAwareContextLoaderDelegate.loadContext(DefaultCacheAwareContextLoaderDelegate.java:116)
	at org.springframework.test.context.support.DefaultTestContext.getApplicationContext(DefaultTestContext.java:83)
	at org.springframework.test.context.web.ServletTestExecutionListener.setUpRequestContextIfNecessary(ServletTestExecutionListener.java:189)
	at org.springframework.test.context.web.ServletTestExecutionListener.prepareTestInstance(ServletTestExecutionListener.java:131)
	at org.springframework.test.context.TestContextManager.prepareTestInstance(TestContextManager.java:230)
	at org.springframework.test.context.junit4.SpringJUnit4ClassRunner.createTest(SpringJUnit4ClassRunner.java:228)
	at org.springframework.test.context.junit4.SpringJUnit4ClassRunner$1.runReflectiveCall(SpringJUnit4ClassRunner.java:287)
	at org.junit.internal.runners.model.ReflectiveCallable.run(ReflectiveCallable.java:12)
	at org.springframework.test.context.junit4.SpringJUnit4ClassRunner.methodBlock(SpringJUnit4ClassRunner.java:289)
	at org.springframework.test.context.junit4.SpringJUnit4ClassRunner.runChild(SpringJUnit4ClassRunner.java:247)
	at org.springframework.test.context.junit4.SpringJUnit4ClassRunner.runChild(SpringJUnit4ClassRunner.java:94)
	at org.junit.runners.ParentRunner$3.run(ParentRunner.java:290)
	at org.junit.runners.ParentRunner$1.schedule(ParentRunner.java:71)
	at org.junit.runners.ParentRunner.runChildren(ParentRunner.java:288)
	at org.junit.runners.ParentRunner.access$000(ParentRunner.java:58)
	at org.junit.runners.ParentRunner$2.evaluate(ParentRunner.java:268)
	at org.springframework.test.context.junit4.statements.RunBeforeTestClassCallbacks.evaluate(RunBeforeTestClassCallbacks.java:61)
	at org.springframework.test.context.junit4.statements.RunAfterTestClassCallbacks.evaluate(RunAfterTestClassCallbacks.java:70)
	at org.junit.runners.ParentRunner.run(ParentRunner.java:363)
	at org.springframework.test.context.junit4.SpringJUnit4ClassRunner.run(SpringJUnit4ClassRunner.java:191)
	at org.apache.maven.surefire.junit4.JUnit4Provider.execute(JUnit4Provider.java:283)
	at org.apache.maven.surefire.junit4.JUnit4Provider.executeWithRerun(JUnit4Provider.java:173)
	at org.apache.maven.surefire.junit4.JUnit4Provider.executeTestSet(JUnit4Provider.java:153)
	at org.apache.maven.surefire.junit4.JUnit4Provider.invoke(JUnit4Provider.java:128)
	at org.apache.maven.surefire.booter.ForkedBooter.invokeProviderInSameClassLoader(ForkedBooter.java:203)
	at org.apache.maven.surefire.booter.ForkedBooter.runSuitesInProcess(ForkedBooter.java:155)
	at org.apache.maven.surefire.booter.ForkedBooter.main(ForkedBooter.java:103)
Caused by: org.springframework.jdbc.datasource.init.ScriptStatementFailedException: Failed to execute SQL script statement #7 of class path resource [db/data.sql]: INSERT INTO `house`(`id`, `title`, `price`, `area`, `room`, `floor`, `total_floor`, `watch_times`, `build_year`, `status`, `create_time`, `last_update_time`, `city_en_name`, `region_en_name`, `cover`, `direction`, `distance_to_subway`, `parlour`, `district`, `admin_id`, `bathroom`, `street`) VALUES ('15', '瀵屽姏鍩� 鍥借锤CBD 鏃跺皻浼戦棽 鍟嗗姟鍔炲叕 瓒呮鐡﹀姏', '6200', '70', '2', '10', '20', '2', '2005', '1', '2017-09-06 18:56:14', '2017-09-15 00:26:59', 'bj', 'hdq', 'FmD3zKG-gUPOrNv0HwzZN7IbkAC_', '2', '10', '1', '铻嶆辰鍢夊洯', '2', '0', '榫欏煙瑗夸簩璺�'), ('16', '瀵屽姏鍩� 鍥借锤CBD 鏃跺皻浼戦棽 鍟嗗姟鍔炲叕', '6300', '70', '2', '10', '20', '0', '2012', '1', '2017-09-06 19:53:35', '2017-09-11 00:35:13', 'bj', 'hdq', 'FmD3zKG-gUPOrNv0HwzZN7IbkAC_', '1', '-1', '1', '铻嶆辰鍢夊洯', '2', '0', '榫欏煙瑗夸簩璺�'), ('17', '浜岀幆涓滅洿闂ㄥ湴閾佺珯闄勮繎銆佺帇搴滀簳銆佸ぉ瀹夐棬銆佸浗璐搞�佷笁閲屽悲銆佸崡閿ｉ紦宸�', '3000', '35', '1', '5', '10', '0', '2013', '1', '2017-09-06 20:45:35', '2017-09-11 00:35:05', 'bj', 'hdq', 'FhVdDhzVDH1dLVVx4jOaVXOCfnea', '1', '200', '0', '铻嶆辰鍢夊洯', '2', '0', '榫欏煙瑗夸簩璺�'), ('18', '鍗庤锤鍩� 涓滃悜涓�灞呮寫绌簂oft 骞插噣娓╅Θ 闅忔椂鍙互绛剧害', '5700', '52', '1', '7', '20', '0', '2012', '1', '2017-09-06 21:01:02', '2017-09-11 00:35:01', 'bj', 'hdq', 'FsxiS6rOTpSg5pK7tv41e8Zpnn_c', '2', '1085', '1', '铻嶆辰鍢夊洯', '2', '0', '榫欏煙瑗夸簩璺�'), ('19', '鏈涙槬鍥澘妤间笁灞呭 鑷綇绮捐 鍗楀寳閫氶�� 閲囧厜濂借閲庢锛�', '9200', '132', '3', '6', '14', '0', '2005', '1', '2017-09-06 22:44:25', '2017-09-11 00:34:55', 'bj', 'hdq', 'Fl1lNikhmMIecbTn-JTsurxugtFU', '2', '1108', '2', '铻嶆辰鍢夊洯', '2', '0', '榫欏煙瑗夸簩璺�'), ('20', '楂樺ぇ涓婄殑鏁寸涓ゅ眳瀹� 涓氫富璇氭剰鍑虹', '5400', '56', '2', '12', '20', '0', '2012', '1', '2017-09-06 23:39:50', '2017-09-11 00:34:21', 'bj', 'hdq', 'FtNl9uPM6p5PjEs8z2FnOuViNtOM', '2', '-1', '1', '铻嶆辰鍢夊洯', '2', '0', '榫欏煙瑗夸簩璺�'), ('21', '鏂板悍鍥� 姝ｈ涓夊眳瀹� 绮捐淇� 瀹剁數瀹跺叿榻愬叏', '1900', '18', '1', '13', '25', '0', '2012', '1', '2017-09-07 00:52:47', '2017-09-11 00:34:13', 'bj', 'hdq', 'Fn9sHC3Wx7qpYCmSxt-z8FZluf0Z', '3', '1302', '0', '铻嶆辰鍢夊洯', '2', '0', '榫欏煙瑗夸簩璺�'), ('24', '婀栧厜澹瑰彿鏈涗含鍗庡簻183-387銕￠様鏅ぇ瀹�', '50000', '288', '5', '1', '1', '0', '2015', '1', '2017-09-07 11:42:20', '2017-09-18 20:14:14', 'bj', 'hdq', 'FvVqU8LneZZ5xaLBAOM1KXR2Pz1X', '5', '200', '3', '铻嶆辰鍢夊洯', '2', '0', '榫欏煙瑗夸簩璺�'); nested exception is org.h2.jdbc.JdbcSQLException: Value too long for column "TITLE VARCHAR(32) NOT NULL": "STRINGDECODE('\u7035\u5c7d\u59cf\u9369\ufffd \u9365\u501f\u9524CBD \u93c3\u8dfa\u76bb\u6d7c\u6226\u68fd \u935f\u55d7\u59df\u9354... (33)"; SQL statement:
INSERT INTO `house`(`id`, `title`, `price`, `area`, `room`, `floor`, `total_floor`, `watch_times`, `build_year`, `status`, `create_time`, `last_update_time`, `city_en_name`, `region_en_name`, `cover`, `direction`, `distance_to_subway`, `parlour`, `district`, `admin_id`, `bathroom`, `street`) VALUES ('15', '瀵屽姏鍩� 鍥借锤CBD 鏃跺皻浼戦棽 鍟嗗姟鍔炲叕 瓒呮鐡﹀姏', '6200', '70', '2', '10', '20', '2', '2005', '1', '2017-09-06 18:56:14', '2017-09-15 00:26:59', 'bj', 'hdq', 'FmD3zKG-gUPOrNv0HwzZN7IbkAC_', '2', '10', '1', '铻嶆辰鍢夊洯', '2', '0', '榫欏煙瑗夸簩璺�'), ('16', '瀵屽姏鍩� 鍥借锤CBD 鏃跺皻浼戦棽 鍟嗗姟鍔炲叕', '6300', '70', '2', '10', '20', '0', '2012', '1', '2017-09-06 19:53:35', '2017-09-11 00:35:13', 'bj', 'hdq', 'FmD3zKG-gUPOrNv0HwzZN7IbkAC_', '1', '-1', '1', '铻嶆辰鍢夊洯', '2', '0', '榫欏煙瑗夸簩璺�'), ('17', '浜岀幆涓滅洿闂ㄥ湴閾佺珯闄勮繎銆佺帇搴滀簳銆佸ぉ瀹夐棬銆佸浗璐搞�佷笁閲屽悲銆佸崡閿ｉ紦宸�', '3000', '35', '1', '5', '10', '0', '2013', '1', '2017-09-06 20:45:35', '2017-09-11 00:35:05', 'bj', 'hdq', 'FhVdDhzVDH1dLVVx4jOaVXOCfnea', '1', '200', '0', '铻嶆辰鍢夊洯', '2', '0', '榫欏煙瑗夸簩璺�'), ('18', '鍗庤锤鍩� 涓滃悜涓�灞呮寫绌簂oft 骞插噣娓╅Θ 闅忔椂鍙互绛剧害', '5700', '52', '1', '7', '20', '0', '2012', '1', '2017-09-06 21:01:02', '2017-09-11 00:35:01', 'bj', 'hdq', 'FsxiS6rOTpSg5pK7tv41e8Zpnn_c', '2', '1085', '1', '铻嶆辰鍢夊洯', '2', '0', '榫欏煙瑗夸簩璺�'), ('19', '鏈涙槬鍥澘妤间笁灞呭 鑷綇绮捐 鍗楀寳閫氶�� 閲囧厜濂借閲庢锛�', '9200', '132', '3', '6', '14', '0', '2005', '1', '2017-09-06 22:44:25', '2017-09-11 00:34:55', 'bj', 'hdq', 'Fl1lNikhmMIecbTn-JTsurxugtFU', '2', '1108', '2', '铻嶆辰鍢夊洯', '2', '0', '榫欏煙瑗夸簩璺�'), ('20', '楂樺ぇ涓婄殑鏁寸涓ゅ眳瀹� 涓氫富璇氭剰鍑虹', '5400', '56', '2', '12', '20', '0', '2012', '1', '2017-09-06 23:39:50', '2017-09-11 00:34:21', 'bj', 'hdq', 'FtNl9uPM6p5PjEs8z2FnOuViNtOM', '2', '-1', '1', '铻嶆辰鍢夊洯', '2', '0', '榫欏煙瑗夸簩璺�'), ('21', '鏂板悍鍥� 姝ｈ涓夊眳瀹� 绮捐淇� 瀹剁數瀹跺叿榻愬叏', '1900', '18', '1', '13', '25', '0', '2012', '1', '2017-09-07 00:52:47', '2017-09-11 00:34:13', 'bj', 'hdq', 'Fn9sHC3Wx7qpYCmSxt-z8FZluf0Z', '3', '1302', '0', '铻嶆辰鍢夊洯', '2', '0', '榫欏煙瑗夸簩璺�'), ('24', '婀栧厜澹瑰彿鏈涗含鍗庡簻183-387銕￠様鏅ぇ瀹�', '50000', '288', '5', '1', '1', '0', '2015', '1', '2017-09-07 11:42:20', '2017-09-18 20:14:14', 'bj', 'hdq', 'FvVqU8LneZZ5xaLBAOM1KXR2Pz1X', '5', '200', '3', '铻嶆辰鍢夊洯', '2', '0', '榫欏煙瑗夸簩璺�') [22001-196]
	at org.springframework.jdbc.datasource.init.ScriptUtils.executeSqlScript(ScriptUtils.java:491)
	at org.springframework.jdbc.datasource.init.ResourceDatabasePopulator.populate(ResourceDatabasePopulator.java:238)
	at org.springframework.jdbc.datasource.init.DatabasePopulatorUtils.execute(DatabasePopulatorUtils.java:48)
	at org.springframework.boot.autoconfigure.jdbc.DataSourceInitializer.runScripts(DataSourceInitializer.java:192)
	at org.springframework.boot.autoconfigure.jdbc.DataSourceInitializer.runDataScripts(DataSourceInitializer.java:128)
	at org.springframework.boot.autoconfigure.jdbc.DataSourceInitializer.onApplicationEvent(DataSourceInitializer.java:118)
	at org.springframework.boot.autoconfigure.jdbc.DataSourceInitializer.onApplicationEvent(DataSourceInitializer.java:51)
	at org.springframework.context.event.SimpleApplicationEventMulticaster.doInvokeListener(SimpleApplicationEventMulticaster.java:172)
	at org.springframework.context.event.SimpleApplicationEventMulticaster.invokeListener(SimpleApplicationEventMulticaster.java:165)
	at org.springframework.context.event.SimpleApplicationEventMulticaster.multicastEvent(SimpleApplicationEventMulticaster.java:139)
	at org.springframework.context.support.AbstractApplicationContext.publishEvent(AbstractApplicationContext.java:393)
	at org.springframework.context.support.AbstractApplicationContext.publishEvent(AbstractApplicationContext.java:347)
	at org.springframework.boot.autoconfigure.jdbc.DataSourceInitializer.runSchemaScripts(DataSourceInitializer.java:95)
	at org.springframework.boot.autoconfigure.jdbc.DataSourceInitializer.init(DataSourceInitializer.java:83)
	at sun.reflect.NativeMethodAccessorImpl.invoke0(Native Method)
	at sun.reflect.NativeMethodAccessorImpl.invoke(NativeMethodAccessorImpl.java:62)
	at sun.reflect.DelegatingMethodAccessorImpl.invoke(DelegatingMethodAccessorImpl.java:43)
	at java.lang.reflect.Method.invoke(Method.java:483)
	at org.springframework.beans.factory.annotation.InitDestroyAnnotationBeanPostProcessor$LifecycleElement.invoke(InitDestroyAnnotationBeanPostProcessor.java:366)
	at org.springframework.beans.factory.annotation.InitDestroyAnnotationBeanPostProcessor$LifecycleMetadata.invokeInitMethods(InitDestroyAnnotationBeanPostProcessor.java:311)
	at org.springframework.beans.factory.annotation.InitDestroyAnnotationBeanPostProcessor.postProcessBeforeInitialization(InitDestroyAnnotationBeanPostProcessor.java:134)
	at org.springframework.beans.factory.support.AbstractAutowireCapableBeanFactory.applyBeanPostProcessorsBeforeInitialization(AbstractAutowireCapableBeanFactory.java:409)
	at org.springframework.beans.factory.support.AbstractAutowireCapableBeanFactory.initializeBean(AbstractAutowireCapableBeanFactory.java:1620)
	at org.springframework.beans.factory.support.AbstractAutowireCapableBeanFactory.doCreateBean(AbstractAutowireCapableBeanFactory.java:555)
	at org.springframework.beans.factory.support.AbstractAutowireCapableBeanFactory.createBean(AbstractAutowireCapableBeanFactory.java:483)
	at org.springframework.beans.factory.support.AbstractBeanFactory$1.getObject(AbstractBeanFactory.java:306)
	at org.springframework.beans.factory.support.DefaultSingletonBeanRegistry.getSingleton(DefaultSingletonBeanRegistry.java:230)
	at org.springframework.beans.factory.support.AbstractBeanFactory.doGetBean(AbstractBeanFactory.java:302)
	at org.springframework.beans.factory.support.AbstractBeanFactory.getBean(AbstractBeanFactory.java:220)
	at org.springframework.beans.factory.support.DefaultListableBeanFactory.resolveNamedBean(DefaultListableBeanFactory.java:1018)
	at org.springframework.beans.factory.support.DefaultListableBeanFactory.getBean(DefaultListableBeanFactory.java:345)
	at org.springframework.beans.factory.support.DefaultListableBeanFactory.getBean(DefaultListableBeanFactory.java:340)
	at org.springframework.boot.autoconfigure.jdbc.DataSourceInitializerPostProcessor.postProcessAfterInitialization(DataSourceInitializerPostProcessor.java:62)
	at org.springframework.beans.factory.support.AbstractAutowireCapableBeanFactory.applyBeanPostProcessorsAfterInitialization(AbstractAutowireCapableBeanFactory.java:423)
	at org.springframework.beans.factory.support.AbstractAutowireCapableBeanFactory.initializeBean(AbstractAutowireCapableBeanFactory.java:1633)
	at org.springframework.beans.factory.support.AbstractAutowireCapableBeanFactory.doCreateBean(AbstractAutowireCapableBeanFactory.java:555)
	at org.springframework.beans.factory.support.AbstractAutowireCapableBeanFactory.createBean(AbstractAutowireCapableBeanFactory.java:483)
	at org.springframework.beans.factory.support.AbstractBeanFactory$1.getObject(AbstractBeanFactory.java:306)
	at org.springframework.beans.factory.support.DefaultSingletonBeanRegistry.getSingleton(DefaultSingletonBeanRegistry.java:230)
	at org.springframework.beans.factory.support.AbstractBeanFactory.doGetBean(AbstractBeanFactory.java:302)
	at org.springframework.beans.factory.support.AbstractBeanFactory.getBean(AbstractBeanFactory.java:197)
	at org.springframework.context.annotation.ConfigurationClassEnhancer$BeanMethodInterceptor.obtainBeanInstanceFromFactory(ConfigurationClassEnhancer.java:389)
	at org.springframework.context.annotation.ConfigurationClassEnhancer$BeanMethodInterceptor.intercept(ConfigurationClassEnhancer.java:361)
	at com.imooc.config.JPAConfig$$EnhancerBySpringCGLIB$$ac3be7fd.dataSource(<generated>)
	at com.imooc.config.JPAConfig.entityManagerFactory(JPAConfig.java:36)
	at com.imooc.config.JPAConfig$$EnhancerBySpringCGLIB$$ac3be7fd.CGLIB$entityManagerFactory$2(<generated>)
	at com.imooc.config.JPAConfig$$EnhancerBySpringCGLIB$$ac3be7fd$$FastClassBySpringCGLIB$$914d9ecd.invoke(<generated>)
	at org.springframework.cglib.proxy.MethodProxy.invokeSuper(MethodProxy.java:228)
	at org.springframework.context.annotation.ConfigurationClassEnhancer$BeanMethodInterceptor.intercept(ConfigurationClassEnhancer.java:358)
	at com.imooc.config.JPAConfig$$EnhancerBySpringCGLIB$$ac3be7fd.entityManagerFactory(<generated>)
	at sun.reflect.NativeMethodAccessorImpl.invoke0(Native Method)
	at sun.reflect.NativeMethodAccessorImpl.invoke(NativeMethodAccessorImpl.java:62)
	at sun.reflect.DelegatingMethodAccessorImpl.invoke(DelegatingMethodAccessorImpl.java:43)
	at java.lang.reflect.Method.invoke(Method.java:483)
	at org.springframework.beans.factory.support.SimpleInstantiationStrategy.instantiate(SimpleInstantiationStrategy.java:162)
	at org.springframework.beans.factory.support.ConstructorResolver.instantiateUsingFactoryMethod(ConstructorResolver.java:588)
	at org.springframework.beans.factory.support.AbstractAutowireCapableBeanFactory.instantiateUsingFactoryMethod(AbstractAutowireCapableBeanFactory.java:1173)
	at org.springframework.beans.factory.support.AbstractAutowireCapableBeanFactory.createBeanInstance(AbstractAutowireCapableBeanFactory.java:1067)
	at org.springframework.beans.factory.support.AbstractAutowireCapableBeanFactory.doCreateBean(AbstractAutowireCapableBeanFactory.java:513)
	at org.springframework.beans.factory.support.AbstractAutowireCapableBeanFactory.createBean(AbstractAutowireCapableBeanFactory.java:483)
	at org.springframework.beans.factory.support.AbstractBeanFactory$1.getObject(AbstractBeanFactory.java:306)
	at org.springframework.beans.factory.support.DefaultSingletonBeanRegistry.getSingleton(DefaultSingletonBeanRegistry.java:230)
	at org.springframework.beans.factory.support.AbstractBeanFactory.doGetBean(AbstractBeanFactory.java:302)
	at org.springframework.beans.factory.support.AbstractBeanFactory.getBean(AbstractBeanFactory.java:197)
	at org.springframework.context.support.AbstractApplicationContext.getBean(AbstractApplicationContext.java:1078)
	at org.springframework.context.support.AbstractApplicationContext.finishBeanFactoryInitialization(AbstractApplicationContext.java:857)
	at org.springframework.context.support.AbstractApplicationContext.refresh(AbstractApplicationContext.java:543)
	at org.springframework.boot.SpringApplication.refresh(SpringApplication.java:693)
	at org.springframework.boot.SpringApplication.refreshContext(SpringApplication.java:360)
	at org.springframework.boot.SpringApplication.run(SpringApplication.java:303)
	at org.springframework.boot.test.context.SpringBootContextLoader.loadContext(SpringBootContextLoader.java:120)
	at org.springframework.test.context.cache.DefaultCacheAwareContextLoaderDelegate.loadContextInternal(DefaultCacheAwareContextLoaderDelegate.java:98)
	at org.springframework.test.context.cache.DefaultCacheAwareContextLoaderDelegate.loadContext(DefaultCacheAwareContextLoaderDelegate.java:116)
	at org.springframework.test.context.support.DefaultTestContext.getApplicationContext(DefaultTestContext.java:83)
	at org.springframework.test.context.web.ServletTestExecutionListener.setUpRequestContextIfNecessary(ServletTestExecutionListener.java:189)
	at org.springframework.test.context.web.ServletTestExecutionListener.prepareTestInstance(ServletTestExecutionListener.java:131)
	at org.springframework.test.context.TestContextManager.prepareTestInstance(TestContextManager.java:230)
	at org.springframework.test.context.junit4.SpringJUnit4ClassRunner.createTest(SpringJUnit4ClassRunner.java:228)
	at org.springframework.test.context.junit4.SpringJUnit4ClassRunner$1.runReflectiveCall(SpringJUnit4ClassRunner.java:287)
	at org.junit.internal.runners.model.ReflectiveCallable.run(ReflectiveCallable.java:12)
	at org.springframework.test.context.junit4.SpringJUnit4ClassRunner.methodBlock(SpringJUnit4ClassRunner.java:289)
	at org.springframework.test.context.junit4.SpringJUnit4ClassRunner.runChild(SpringJUnit4ClassRunner.java:247)
	at org.springframework.test.context.junit4.SpringJUnit4ClassRunner.runChild(SpringJUnit4ClassRunner.java:94)
	at org.junit.runners.ParentRunner$3.run(ParentRunner.java:290)
	at org.junit.runners.ParentRunner$1.schedule(ParentRunner.java:71)
	at org.junit.runners.ParentRunner.runChildren(ParentRunner.java:288)
	at org.junit.runners.ParentRunner.access$000(ParentRunner.java:58)
	at org.junit.runners.ParentRunner$2.evaluate(ParentRunner.java:268)
	at org.springframework.test.context.junit4.statements.RunBeforeTestClassCallbacks.evaluate(RunBeforeTestClassCallbacks.java:61)
	at org.springframework.test.context.junit4.statements.RunAfterTestClassCallbacks.evaluate(RunAfterTestClassCallbacks.java:70)
	at org.junit.runners.ParentRunner.run(ParentRunner.java:363)
	at org.springframework.test.context.junit4.SpringJUnit4ClassRunner.run(SpringJUnit4ClassRunner.java:191)
	at org.apache.maven.surefire.junit4.JUnit4Provider.execute(JUnit4Provider.java:283)
	at org.apache.maven.surefire.junit4.JUnit4Provider.executeWithRerun(JUnit4Provider.java:173)
	at org.apache.maven.surefire.junit4.JUnit4Provider.executeTestSet(JUnit4Provider.java:153)
	at org.apache.maven.surefire.junit4.JUnit4Provider.invoke(JUnit4Provider.java:128)
	at org.apache.maven.surefire.booter.ForkedBooter.invokeProviderInSameClassLoader(ForkedBooter.java:203)
	at org.apache.maven.surefire.booter.ForkedBooter.runSuitesInProcess(ForkedBooter.java:155)
	at org.apache.maven.surefire.booter.ForkedBooter.main(ForkedBooter.java:103)
Caused by: org.h2.jdbc.JdbcSQLException: Value too long for column "TITLE VARCHAR(32) NOT NULL": "STRINGDECODE('\u7035\u5c7d\u59cf\u9369\ufffd \u9365\u501f\u9524CBD \u93c3\u8dfa\u76bb\u6d7c\u6226\u68fd \u935f\u55d7\u59df\u9354... (33)"; SQL statement:
INSERT INTO `house`(`id`, `title`, `price`, `area`, `room`, `floor`, `total_floor`, `watch_times`, `build_year`, `status`, `create_time`, `last_update_time`, `city_en_name`, `region_en_name`, `cover`, `direction`, `distance_to_subway`, `parlour`, `district`, `admin_id`, `bathroom`, `street`) VALUES ('15', '瀵屽姏鍩� 鍥借锤CBD 鏃跺皻浼戦棽 鍟嗗姟鍔炲叕 瓒呮鐡﹀姏', '6200', '70', '2', '10', '20', '2', '2005', '1', '2017-09-06 18:56:14', '2017-09-15 00:26:59', 'bj', 'hdq', 'FmD3zKG-gUPOrNv0HwzZN7IbkAC_', '2', '10', '1', '铻嶆辰鍢夊洯', '2', '0', '榫欏煙瑗夸簩璺�'), ('16', '瀵屽姏鍩� 鍥借锤CBD 鏃跺皻浼戦棽 鍟嗗姟鍔炲叕', '6300', '70', '2', '10', '20', '0', '2012', '1', '2017-09-06 19:53:35', '2017-09-11 00:35:13', 'bj', 'hdq', 'FmD3zKG-gUPOrNv0HwzZN7IbkAC_', '1', '-1', '1', '铻嶆辰鍢夊洯', '2', '0', '榫欏煙瑗夸簩璺�'), ('17', '浜岀幆涓滅洿闂ㄥ湴閾佺珯闄勮繎銆佺帇搴滀簳銆佸ぉ瀹夐棬銆佸浗璐搞�佷笁閲屽悲銆佸崡閿ｉ紦宸�', '3000', '35', '1', '5', '10', '0', '2013', '1', '2017-09-06 20:45:35', '2017-09-11 00:35:05', 'bj', 'hdq', 'FhVdDhzVDH1dLVVx4jOaVXOCfnea', '1', '200', '0', '铻嶆辰鍢夊洯', '2', '0', '榫欏煙瑗夸簩璺�'), ('18', '鍗庤锤鍩� 涓滃悜涓�灞呮寫绌簂oft 骞插噣娓╅Θ 闅忔椂鍙互绛剧害', '5700', '52', '1', '7', '20', '0', '2012', '1', '2017-09-06 21:01:02', '2017-09-11 00:35:01', 'bj', 'hdq', 'FsxiS6rOTpSg5pK7tv41e8Zpnn_c', '2', '1085', '1', '铻嶆辰鍢夊洯', '2', '0', '榫欏煙瑗夸簩璺�'), ('19', '鏈涙槬鍥澘妤间笁灞呭 鑷綇绮捐 鍗楀寳閫氶�� 閲囧厜濂借閲庢锛�', '9200', '132', '3', '6', '14', '0', '2005', '1', '2017-09-06 22:44:25', '2017-09-11 00:34:55', 'bj', 'hdq', 'Fl1lNikhmMIecbTn-JTsurxugtFU', '2', '1108', '2', '铻嶆辰鍢夊洯', '2', '0', '榫欏煙瑗夸簩璺�'), ('20', '楂樺ぇ涓婄殑鏁寸涓ゅ眳瀹� 涓氫富璇氭剰鍑虹', '5400', '56', '2', '12', '20', '0', '2012', '1', '2017-09-06 23:39:50', '2017-09-11 00:34:21', 'bj', 'hdq', 'FtNl9uPM6p5PjEs8z2FnOuViNtOM', '2', '-1', '1', '铻嶆辰鍢夊洯', '2', '0', '榫欏煙瑗夸簩璺�'), ('21', '鏂板悍鍥� 姝ｈ涓夊眳瀹� 绮捐淇� 瀹剁數瀹跺叿榻愬叏', '1900', '18', '1', '13', '25', '0', '2012', '1', '2017-09-07 00:52:47', '2017-09-11 00:34:13', 'bj', 'hdq', 'Fn9sHC3Wx7qpYCmSxt-z8FZluf0Z', '3', '1302', '0', '铻嶆辰鍢夊洯', '2', '0', '榫欏煙瑗夸簩璺�'), ('24', '婀栧厜澹瑰彿鏈涗含鍗庡簻183-387銕￠様鏅ぇ瀹�', '50000', '288', '5', '1', '1', '0', '2015', '1', '2017-09-07 11:42:20', '2017-09-18 20:14:14', 'bj', 'hdq', 'FvVqU8LneZZ5xaLBAOM1KXR2Pz1X', '5', '200', '3', '铻嶆辰鍢夊洯', '2', '0', '榫欏煙瑗夸簩璺�') [22001-196]
	at org.h2.message.DbException.getJdbcSQLException(DbException.java:345)
	at org.h2.message.DbException.get(DbException.java:179)
	at org.h2.table.Column.validateConvertUpdateSequence(Column.java:369)
	at org.h2.table.Table.validateConvertUpdateSequence(Table.java:797)
	at org.h2.command.dml.Insert.insertRows(Insert.java:151)
	at org.h2.command.dml.Insert.update(Insert.java:114)
	at org.h2.command.CommandContainer.update(CommandContainer.java:101)
	at org.h2.command.Command.executeUpdate(Command.java:260)
	at org.h2.jdbc.JdbcStatement.executeInternal(JdbcStatement.java:192)
	at org.h2.jdbc.JdbcStatement.execute(JdbcStatement.java:164)
	at sun.reflect.GeneratedMethodAccessor63.invoke(Unknown Source)
	at sun.reflect.DelegatingMethodAccessorImpl.invoke(DelegatingMethodAccessorImpl.java:43)
	at java.lang.reflect.Method.invoke(Method.java:483)
	at org.apache.tomcat.jdbc.pool.StatementFacade$StatementProxy.invoke(StatementFacade.java:114)
	at com.sun.proxy.$Proxy90.execute(Unknown Source)
	at org.springframework.jdbc.datasource.init.ScriptUtils.executeSqlScript(ScriptUtils.java:470)
	at org.springframework.jdbc.datasource.init.ResourceDatabasePopulator.populate(ResourceDatabasePopulator.java:238)
	at org.springframework.jdbc.datasource.init.DatabasePopulatorUtils.execute(DatabasePopulatorUtils.java:48)
	at org.springframework.boot.autoconfigure.jdbc.DataSourceInitializer.runScripts(DataSourceInitializer.java:192)
	at org.springframework.boot.autoconfigure.jdbc.DataSourceInitializer.runDataScripts(DataSourceInitializer.java:128)
	at org.springframework.boot.autoconfigure.jdbc.DataSourceInitializer.onApplicationEvent(DataSourceInitializer.java:118)
	at org.springframework.boot.autoconfigure.jdbc.DataSourceInitializer.onApplicationEvent(DataSourceInitializer.java:51)
	at org.springframework.context.event.SimpleApplicationEventMulticaster.doInvokeListener(SimpleApplicationEventMulticaster.java:172)
	at org.springframework.context.event.SimpleApplicationEventMulticaster.invokeListener(SimpleApplicationEventMulticaster.java:165)
	at org.springframework.context.event.SimpleApplicationEventMulticaster.multicastEvent(SimpleApplicationEventMulticaster.java:139)
	at org.springframework.context.support.AbstractApplicationContext.publishEvent(AbstractApplicationContext.java:393)
	at org.springframework.context.support.AbstractApplicationContext.publishEvent(AbstractApplicationContext.java:347)
	at org.springframework.boot.autoconfigure.jdbc.DataSourceInitializer.runSchemaScripts(DataSourceInitializer.java:95)
	at org.springframework.boot.autoconfigure.jdbc.DataSourceInitializer.init(DataSourceInitializer.java:83)
	at sun.reflect.NativeMethodAccessorImpl.invoke0(Native Method)
	at sun.reflect.NativeMethodAccessorImpl.invoke(NativeMethodAccessorImpl.java:62)
	at sun.reflect.DelegatingMethodAccessorImpl.invoke(DelegatingMethodAccessorImpl.java:43)
	at java.lang.reflect.Method.invoke(Method.java:483)
	at org.springframework.beans.factory.annotation.InitDestroyAnnotationBeanPostProcessor$LifecycleElement.invoke(InitDestroyAnnotationBeanPostProcessor.java:366)
	at org.springframework.beans.factory.annotation.InitDestroyAnnotationBeanPostProcessor$LifecycleMetadata.invokeInitMethods(InitDestroyAnnotationBeanPostProcessor.java:311)
	at org.springframework.beans.factory.annotation.InitDestroyAnnotationBeanPostProcessor.postProcessBeforeInitialization(InitDestroyAnnotationBeanPostProcessor.java:134)
	at org.springframework.beans.factory.support.AbstractAutowireCapableBeanFactory.applyBeanPostProcessorsBeforeInitialization(AbstractAutowireCapableBeanFactory.java:409)
	at org.springframework.beans.factory.support.AbstractAutowireCapableBeanFactory.initializeBean(AbstractAutowireCapableBeanFactory.java:1620)
	at org.springframework.beans.factory.support.AbstractAutowireCapableBeanFactory.doCreateBean(AbstractAutowireCapableBeanFactory.java:555)
	at org.springframework.beans.factory.support.AbstractAutowireCapableBeanFactory.createBean(AbstractAutowireCapableBeanFactory.java:483)
	at org.springframework.beans.factory.support.AbstractBeanFactory$1.getObject(AbstractBeanFactory.java:306)
	at org.springframework.beans.factory.support.DefaultSingletonBeanRegistry.getSingleton(DefaultSingletonBeanRegistry.java:230)
	at org.springframework.beans.factory.support.AbstractBeanFactory.doGetBean(AbstractBeanFactory.java:302)
	at org.springframework.beans.factory.support.AbstractBeanFactory.getBean(AbstractBeanFactory.java:220)
	at org.springframework.beans.factory.support.DefaultListableBeanFactory.resolveNamedBean(DefaultListableBeanFactory.java:1018)
	at org.springframework.beans.factory.support.DefaultListableBeanFactory.getBean(DefaultListableBeanFactory.java:345)
	at org.springframework.beans.factory.support.DefaultListableBeanFactory.getBean(DefaultListableBeanFactory.java:340)
	at org.springframework.boot.autoconfigure.jdbc.DataSourceInitializerPostProcessor.postProcessAfterInitialization(DataSourceInitializerPostProcessor.java:62)
	at org.springframework.beans.factory.support.AbstractAutowireCapableBeanFactory.applyBeanPostProcessorsAfterInitialization(AbstractAutowireCapableBeanFactory.java:423)
	at org.springframework.beans.factory.support.AbstractAutowireCapableBeanFactory.initializeBean(AbstractAutowireCapableBeanFactory.java:1633)
	at org.springframework.beans.factory.support.AbstractAutowireCapableBeanFactory.doCreateBean(AbstractAutowireCapableBeanFactory.java:555)
	at org.springframework.beans.factory.support.AbstractAutowireCapableBeanFactory.createBean(AbstractAutowireCapableBeanFactory.java:483)
	at org.springframework.beans.factory.support.AbstractBeanFactory$1.getObject(AbstractBeanFactory.java:306)
	at org.springframework.beans.factory.support.DefaultSingletonBeanRegistry.getSingleton(DefaultSingletonBeanRegistry.java:230)
	at org.springframework.beans.factory.support.AbstractBeanFactory.doGetBean(AbstractBeanFactory.java:302)
	at org.springframework.beans.factory.support.AbstractBeanFactory.getBean(AbstractBeanFactory.java:197)
	at org.springframework.context.annotation.ConfigurationClassEnhancer$BeanMethodInterceptor.obtainBeanInstanceFromFactory(ConfigurationClassEnhancer.java:389)
	at org.springframework.context.annotation.ConfigurationClassEnhancer$BeanMethodInterceptor.intercept(ConfigurationClassEnhancer.java:361)
	at com.imooc.config.JPAConfig$$EnhancerBySpringCGLIB$$ac3be7fd.dataSource(<generated>)
	at com.imooc.config.JPAConfig.entityManagerFactory(JPAConfig.java:36)
	at com.imooc.config.JPAConfig$$EnhancerBySpringCGLIB$$ac3be7fd.CGLIB$entityManagerFactory$2(<generated>)
	at com.imooc.config.JPAConfig$$EnhancerBySpringCGLIB$$ac3be7fd$$FastClassBySpringCGLIB$$914d9ecd.invoke(<generated>)
	at org.springframework.cglib.proxy.MethodProxy.invokeSuper(MethodProxy.java:228)
	at org.springframework.context.annotation.ConfigurationClassEnhancer$BeanMethodInterceptor.intercept(ConfigurationClassEnhancer.java:358)
	at com.imooc.config.JPAConfig$$EnhancerBySpringCGLIB$$ac3be7fd.entityManagerFactory(<generated>)
	at sun.reflect.NativeMethodAccessorImpl.invoke0(Native Method)
	at sun.reflect.NativeMethodAccessorImpl.invoke(NativeMethodAccessorImpl.java:62)
	at sun.reflect.DelegatingMethodAccessorImpl.invoke(DelegatingMethodAccessorImpl.java:43)
	at java.lang.reflect.Method.invoke(Method.java:483)
	at org.springframework.beans.factory.support.SimpleInstantiationStrategy.instantiate(SimpleInstantiationStrategy.java:162)
	at org.springframework.beans.factory.support.ConstructorResolver.instantiateUsingFactoryMethod(ConstructorResolver.java:588)
	at org.springframework.beans.factory.support.AbstractAutowireCapableBeanFactory.instantiateUsingFactoryMethod(AbstractAutowireCapableBeanFactory.java:1173)
	at org.springframework.beans.factory.support.AbstractAutowireCapableBeanFactory.createBeanInstance(AbstractAutowireCapableBeanFactory.java:1067)
	at org.springframework.beans.factory.support.AbstractAutowireCapableBeanFactory.doCreateBean(AbstractAutowireCapableBeanFactory.java:513)
	at org.springframework.beans.factory.support.AbstractAutowireCapableBeanFactory.createBean(AbstractAutowireCapableBeanFactory.java:483)
	at org.springframework.beans.factory.support.AbstractBeanFactory$1.getObject(AbstractBeanFactory.java:306)
	at org.springframework.beans.factory.support.DefaultSingletonBeanRegistry.getSingleton(DefaultSingletonBeanRegistry.java:230)
	at org.springframework.beans.factory.support.AbstractBeanFactory.doGetBean(AbstractBeanFactory.java:302)
	at org.springframework.beans.factory.support.AbstractBeanFactory.getBean(AbstractBeanFactory.java:197)
	at org.springframework.context.support.AbstractApplicationContext.getBean(AbstractApplicationContext.java:1078)
	at org.springframework.context.support.AbstractApplicationContext.finishBeanFactoryInitialization(AbstractApplicationContext.java:857)
	at org.springframework.context.support.AbstractApplicationContext.refresh(AbstractApplicationContext.java:543)
	at org.springframework.boot.SpringApplication.refresh(SpringApplication.java:693)
	at org.springframework.boot.SpringApplication.refreshContext(SpringApplication.java:360)
	at org.springframework.boot.SpringApplication.run(SpringApplication.java:303)
	at org.springframework.boot.test.context.SpringBootContextLoader.loadContext(SpringBootContextLoader.java:120)
	at org.springframework.test.context.cache.DefaultCacheAwareContextLoaderDelegate.loadContextInternal(DefaultCacheAwareContextLoaderDelegate.java:98)
	at org.springframework.test.context.cache.DefaultCacheAwareContextLoaderDelegate.loadContext(DefaultCacheAwareContextLoaderDelegate.java:116)
	at org.springframework.test.context.support.DefaultTestContext.getApplicationContext(DefaultTestContext.java:83)
	at org.springframework.test.context.web.ServletTestExecutionListener.setUpRequestContextIfNecessary(ServletTestExecutionListener.java:189)
	at org.springframework.test.context.web.ServletTestExecutionListener.prepareTestInstance(ServletTestExecutionListener.java:131)
	at org.springframework.test.context.TestContextManager.prepareTestInstance(TestContextManager.java:230)
	at org.springframework.test.context.junit4.SpringJUnit4ClassRunner.createTest(SpringJUnit4ClassRunner.java:228)
	at org.springframework.test.context.junit4.SpringJUnit4ClassRunner$1.runReflectiveCall(SpringJUnit4ClassRunner.java:287)
	at org.junit.internal.runners.model.ReflectiveCallable.run(ReflectiveCallable.java:12)
	at org.springframework.test.context.junit4.SpringJUnit4ClassRunner.methodBlock(SpringJUnit4ClassRunner.java:289)
	at org.springframework.test.context.junit4.SpringJUnit4ClassRunner.runChild(SpringJUnit4ClassRunner.java:247)
	at org.springframework.test.context.junit4.SpringJUnit4ClassRunner.runChild(SpringJUnit4ClassRunner.java:94)
	at org.junit.runners.ParentRunner$3.run(ParentRunner.java:290)
	at org.junit.runners.ParentRunner$1.schedule(ParentRunner.java:71)
	at org.junit.runners.ParentRunner.runChildren(ParentRunner.java:288)
	at org.junit.runners.ParentRunner.access$000(ParentRunner.java:58)
	at org.junit.runners.ParentRunner$2.evaluate(ParentRunner.java:268)
	at org.springframework.test.context.junit4.statements.RunBeforeTestClassCallbacks.evaluate(RunBeforeTestClassCallbacks.java:61)
	at org.springframework.test.context.junit4.statements.RunAfterTestClassCallbacks.evaluate(RunAfterTestClassCallbacks.java:70)
	at org.junit.runners.ParentRunner.run(ParentRunner.java:363)
	at org.springframework.test.context.junit4.SpringJUnit4ClassRunner.run(SpringJUnit4ClassRunner.java:191)
	at org.apache.maven.surefire.junit4.JUnit4Provider.execute(JUnit4Provider.java:283)
	at org.apache.maven.surefire.junit4.JUnit4Provider.executeWithRerun(JUnit4Provider.java:173)
	at org.apache.maven.surefire.junit4.JUnit4Provider.executeTestSet(JUnit4Provider.java:153)
	at org.apache.maven.surefire.junit4.JUnit4Provider.invoke(JUnit4Provider.java:128)
	at org.apache.maven.surefire.booter.ForkedBooter.invokeProviderInSameClassLoader(ForkedBooter.java:203)
	at org.apache.maven.surefire.booter.ForkedBooter.runSuitesInProcess(ForkedBooter.java:155)
	at org.apache.maven.surefire.booter.ForkedBooter.main(ForkedBooter.java:103)
]]></error>
    <system-out><![CDATA[
  .   ____          _            __ _ _
 /\\ / ___'_ __ _ _(_)_ __  __ _ \ \ \ \
( ( )\___ | '_ | '_| | '_ \/ _` | \ \ \ \
 \\/  ___)| |_)| | | | | || (_| |  ) ) ) )
  '  |____| .__|_| |_|_| |_\__, | / / / /
 =========|_|==============|___/=/_/_/_/
 :: Spring Boot ::        (v1.5.7.RELEASE)

2018-01-18 21:11:31.294  INFO 4044 --- [           main] c.imooc.service.house.QiNiuServiceTests  : Starting QiNiuServiceTests on SC-201703091028 with PID 4044 (started by Administrator in C:\Users\Administrator\Desktop\learn\m2cn7s)
2018-01-18 21:11:31.295  INFO 4044 --- [           main] c.imooc.service.house.QiNiuServiceTests  : The following profiles are active: test
2018-01-18 21:11:31.297  INFO 4044 --- [           main] o.s.w.c.s.GenericWebApplicationContext   : Refreshing org.springframework.web.context.support.GenericWebApplicationContext@121392f4: startup date [Thu Jan 18 21:11:31 CST 2018]; root of context hierarchy
2018-01-18 21:11:31.700  INFO 4044 --- [           main] .s.d.r.c.RepositoryConfigurationDelegate : Multiple Spring Data modules found, entering strict repository configuration mode!
2018-01-18 21:11:31.734  INFO 4044 --- [           main] .s.d.r.c.RepositoryConfigurationDelegate : Multiple Spring Data modules found, entering strict repository configuration mode!
2018-01-18 21:11:31.776  INFO 4044 --- [           main] .RepositoryConfigurationExtensionSupport : Spring Data Redis - Could not safely identify store assignment for repository candidate interface com.imooc.repository.HouseTagRepository.
2018-01-18 21:11:31.776  INFO 4044 --- [           main] .RepositoryConfigurationExtensionSupport : Spring Data Redis - Could not safely identify store assignment for repository candidate interface com.imooc.repository.SupportAddressRepository.
2018-01-18 21:11:31.776  INFO 4044 --- [           main] .RepositoryConfigurationExtensionSupport : Spring Data Redis - Could not safely identify store assignment for repository candidate interface com.imooc.repository.SubwayRepository.
2018-01-18 21:11:31.777  INFO 4044 --- [           main] .RepositoryConfigurationExtensionSupport : Spring Data Redis - Could not safely identify store assignment for repository candidate interface com.imooc.repository.HousePictureRepository.
2018-01-18 21:11:31.777  INFO 4044 --- [           main] .RepositoryConfigurationExtensionSupport : Spring Data Redis - Could not safely identify store assignment for repository candidate interface com.imooc.repository.SubwayStationRepository.
2018-01-18 21:11:31.777  INFO 4044 --- [           main] .RepositoryConfigurationExtensionSupport : Spring Data Redis - Could not safely identify store assignment for repository candidate interface com.imooc.repository.HouseSubscribeRespository.
2018-01-18 21:11:31.777  INFO 4044 --- [           main] .RepositoryConfigurationExtensionSupport : Spring Data Redis - Could not safely identify store assignment for repository candidate interface com.imooc.repository.HouseDetailRepository.
2018-01-18 21:11:31.777  INFO 4044 --- [           main] .RepositoryConfigurationExtensionSupport : Spring Data Redis - Could not safely identify store assignment for repository candidate interface com.imooc.repository.RoleRepository.
2018-01-18 21:11:31.777  INFO 4044 --- [           main] .RepositoryConfigurationExtensionSupport : Spring Data Redis - Could not safely identify store assignment for repository candidate interface com.imooc.repository.UserRepository.
2018-01-18 21:11:31.778  INFO 4044 --- [           main] .RepositoryConfigurationExtensionSupport : Spring Data Redis - Could not safely identify store assignment for repository candidate interface com.imooc.repository.HouseRepository.
2018-01-18 21:11:31.915  INFO 4044 --- [           main] trationDelegate$BeanPostProcessorChecker : Bean 'org.springframework.kafka.annotation.KafkaBootstrapConfiguration' of type [org.springframework.kafka.annotation.KafkaBootstrapConfiguration$$EnhancerBySpringCGLIB$$61d9ec0e] is not eligible for getting processed by all BeanPostProcessors (for example: not eligible for auto-proxying)
2018-01-18 21:11:32.085  INFO 4044 --- [           main] o.s.jdbc.datasource.init.ScriptUtils     : Executing SQL script from class path resource [db/schema.sql]
2018-01-18 21:11:32.099  INFO 4044 --- [           main] o.s.jdbc.datasource.init.ScriptUtils     : Executed SQL script from class path resource [db/schema.sql] in 14 ms.
2018-01-18 21:11:32.102  INFO 4044 --- [           main] o.s.jdbc.datasource.init.ScriptUtils     : Executing SQL script from class path resource [db/data.sql]
2018-01-18 21:11:32.110  WARN 4044 --- [           main] o.s.w.c.s.GenericWebApplicationContext   : Exception encountered during context initialization - cancelling refresh attempt: org.springframework.beans.factory.BeanCreationException: Error creating bean with name 'entityManagerFactory' defined in class path resource [com/imooc/config/JPAConfig.class]: Bean instantiation via factory method failed; nested exception is org.springframework.beans.BeanInstantiationException: Failed to instantiate [org.springframework.orm.jpa.LocalContainerEntityManagerFactoryBean]: Factory method 'entityManagerFactory' threw exception; nested exception is org.springframework.beans.factory.BeanCreationException: Error creating bean with name 'dataSource' defined in class path resource [com/imooc/config/JPAConfig.class]: Initialization of bean failed; nested exception is org.springframework.beans.factory.BeanCreationException: Error creating bean with name 'dataSourceInitializer': Invocation of init method failed; nested exception is org.springframework.jdbc.datasource.init.ScriptStatementFailedException: Failed to execute SQL script statement #7 of class path resource [db/data.sql]: INSERT INTO `house`(`id`, `title`, `price`, `area`, `room`, `floor`, `total_floor`, `watch_times`, `build_year`, `status`, `create_time`, `last_update_time`, `city_en_name`, `region_en_name`, `cover`, `direction`, `distance_to_subway`, `parlour`, `district`, `admin_id`, `bathroom`, `street`) VALUES ('15', '鐎靛苯濮忛崺锟� 閸ュ�熼敜CBD 閺冭泛鐨绘导鎴︽＝ 閸熷棗濮熼崝鐐插彆 鐡掑懏顥楅悺锕�濮�', '6200', '70', '2', '10', '20', '2', '2005', '1', '2017-09-06 18:56:14', '2017-09-15 00:26:59', 'bj', 'hdq', 'FmD3zKG-gUPOrNv0HwzZN7IbkAC_', '2', '10', '1', '閾诲秵杈伴崲澶婃疮', '2', '0', '姒瑥鐓欑憲澶哥癌鐠猴拷'), ('16', '鐎靛苯濮忛崺锟� 閸ュ�熼敜CBD 閺冭泛鐨绘导鎴︽＝ 閸熷棗濮熼崝鐐插彆', '6300', '70', '2', '10', '20', '0', '2012', '1', '2017-09-06 19:53:35', '2017-09-11 00:35:13', 'bj', 'hdq', 'FmD3zKG-gUPOrNv0HwzZN7IbkAC_', '1', '-1', '1', '閾诲秵杈伴崲澶婃疮', '2', '0', '姒瑥鐓欑憲澶哥癌鐠猴拷'), ('17', '娴滃瞼骞嗘稉婊呮纯闂傘劌婀撮柧浣虹彲闂勫嫯绻庨妴浣哄竾鎼存粈绨抽妴浣搞亯鐎瑰妫妴浣告禇鐠愭悶锟戒椒绗侀柌灞芥偛閵嗕礁宕￠柨锝夌处瀹革拷', '3000', '35', '1', '5', '10', '0', '2013', '1', '2017-09-06 20:45:35', '2017-09-11 00:35:05', 'bj', 'hdq', 'FhVdDhzVDH1dLVVx4jOaVXOCfnea', '1', '200', '0', '閾诲秵杈伴崲澶婃疮', '2', '0', '姒瑥鐓欑憲澶哥癌鐠猴拷'), ('18', '閸楀氦閿ら崺锟� 娑撴粌鎮滄稉锟界仦鍛缁岀皞oft 楠炴彃鍣ｅ〒鈺呂� 闂呭繑妞傞崣顖欎簰缁涘墽瀹�', '5700', '52', '1', '7', '20', '0', '2012', '1', '2017-09-06 21:01:02', '2017-09-11 00:35:01', 'bj', 'hdq', 'FsxiS6rOTpSg5pK7tv41e8Zpnn_c', '2', '1085', '1', '閾诲秵杈伴崲澶婃疮', '2', '0', '姒瑥鐓欑憲澶哥癌鐠猴拷'), ('19', '閺堟稒妲崶顓熸緲濡ら棿绗佺仦鍛吇 閼奉亙缍囩划鎹愵棅 閸楁瀵抽柅姘讹拷锟� 闁插洤鍘滄總鍊燁潒闁插孩顥楅敍锟�', '9200', '132', '3', '6', '14', '0', '2005', '1', '2017-09-06 22:44:25', '2017-09-11 00:34:55', 'bj', 'hdq', 'Fl1lNikhmMIecbTn-JTsurxugtFU', '2', '1108', '2', '閾诲秵杈伴崲澶婃疮', '2', '0', '姒瑥鐓欑憲澶哥癌鐠猴拷'), ('20', '妤傛ê銇囨稉濠勬畱閺佸顫ゆ稉銈呯湷鐎癸拷 娑撴矮瀵岀拠姘壈閸戣櫣顫�', '5400', '56', '2', '12', '20', '0', '2012', '1', '2017-09-06 23:39:50', '2017-09-11 00:34:21', 'bj', 'hdq', 'FtNl9uPM6p5PjEs8z2FnOuViNtOM', '2', '-1', '1', '閾诲秵杈伴崲澶婃疮', '2', '0', '姒瑥鐓欑憲澶哥癌鐠猴拷'), ('21', '閺傛澘鎮嶉崶锟� 濮濓綀顫夋稉澶婄湷鐎癸拷 缁崘顥婃穱锟� 鐎瑰墎鏁哥�硅泛鍙挎鎰弿', '1900', '18', '1', '13', '25', '0', '2012', '1', '2017-09-07 00:52:47', '2017-09-11 00:34:13', 'bj', 'hdq', 'Fn9sHC3Wx7qpYCmSxt-z8FZluf0Z', '3', '1302', '0', '閾诲秵杈伴崲澶婃疮', '2', '0', '姒瑥鐓欑憲澶哥癌鐠猴拷'), ('24', '濠�鏍у帨婢圭懓褰块張娑楀惈閸楀骸绨�183-387閵曪繝妲橀弲顖氥亣鐎癸拷', '50000', '288', '5', '1', '1', '0', '2015', '1', '2017-09-07 11:42:20', '2017-09-18 20:14:14', 'bj', 'hdq', 'FvVqU8LneZZ5xaLBAOM1KXR2Pz1X', '5', '200', '3', '閾诲秵杈伴崲澶婃疮', '2', '0', '姒瑥鐓欑憲澶哥癌鐠猴拷'); nested exception is org.h2.jdbc.JdbcSQLException: Value too long for column "TITLE VARCHAR(32) NOT NULL": "STRINGDECODE('\u7035\u5c7d\u59cf\u9369\ufffd \u9365\u501f\u9524CBD \u93c3\u8dfa\u76bb\u6d7c\u6226\u68fd \u935f\u55d7\u59df\u9354... (33)"; SQL statement:
INSERT INTO `house`(`id`, `title`, `price`, `area`, `room`, `floor`, `total_floor`, `watch_times`, `build_year`, `status`, `create_time`, `last_update_time`, `city_en_name`, `region_en_name`, `cover`, `direction`, `distance_to_subway`, `parlour`, `district`, `admin_id`, `bathroom`, `street`) VALUES ('15', '鐎靛苯濮忛崺锟� 閸ュ�熼敜CBD 閺冭泛鐨绘导鎴︽＝ 閸熷棗濮熼崝鐐插彆 鐡掑懏顥楅悺锕�濮�', '6200', '70', '2', '10', '20', '2', '2005', '1', '2017-09-06 18:56:14', '2017-09-15 00:26:59', 'bj', 'hdq', 'FmD3zKG-gUPOrNv0HwzZN7IbkAC_', '2', '10', '1', '閾诲秵杈伴崲澶婃疮', '2', '0', '姒瑥鐓欑憲澶哥癌鐠猴拷'), ('16', '鐎靛苯濮忛崺锟� 閸ュ�熼敜CBD 閺冭泛鐨绘导鎴︽＝ 閸熷棗濮熼崝鐐插彆', '6300', '70', '2', '10', '20', '0', '2012', '1', '2017-09-06 19:53:35', '2017-09-11 00:35:13', 'bj', 'hdq', 'FmD3zKG-gUPOrNv0HwzZN7IbkAC_', '1', '-1', '1', '閾诲秵杈伴崲澶婃疮', '2', '0', '姒瑥鐓欑憲澶哥癌鐠猴拷'), ('17', '娴滃瞼骞嗘稉婊呮纯闂傘劌婀撮柧浣虹彲闂勫嫯绻庨妴浣哄竾鎼存粈绨抽妴浣搞亯鐎瑰妫妴浣告禇鐠愭悶锟戒椒绗侀柌灞芥偛閵嗕礁宕￠柨锝夌处瀹革拷', '3000', '35', '1', '5', '10', '0', '2013', '1', '2017-09-06 20:45:35', '2017-09-11 00:35:05', 'bj', 'hdq', 'FhVdDhzVDH1dLVVx4jOaVXOCfnea', '1', '200', '0', '閾诲秵杈伴崲澶婃疮', '2', '0', '姒瑥鐓欑憲澶哥癌鐠猴拷'), ('18', '閸楀氦閿ら崺锟� 娑撴粌鎮滄稉锟界仦鍛缁岀皞oft 楠炴彃鍣ｅ〒鈺呂� 闂呭繑妞傞崣顖欎簰缁涘墽瀹�', '5700', '52', '1', '7', '20', '0', '2012', '1', '2017-09-06 21:01:02', '2017-09-11 00:35:01', 'bj', 'hdq', 'FsxiS6rOTpSg5pK7tv41e8Zpnn_c', '2', '1085', '1', '閾诲秵杈伴崲澶婃疮', '2', '0', '姒瑥鐓欑憲澶哥癌鐠猴拷'), ('19', '閺堟稒妲崶顓熸緲濡ら棿绗佺仦鍛吇 閼奉亙缍囩划鎹愵棅 閸楁瀵抽柅姘讹拷锟� 闁插洤鍘滄總鍊燁潒闁插孩顥楅敍锟�', '9200', '132', '3', '6', '14', '0', '2005', '1', '2017-09-06 22:44:25', '2017-09-11 00:34:55', 'bj', 'hdq', 'Fl1lNikhmMIecbTn-JTsurxugtFU', '2', '1108', '2', '閾诲秵杈伴崲澶婃疮', '2', '0', '姒瑥鐓欑憲澶哥癌鐠猴拷'), ('20', '妤傛ê銇囨稉濠勬畱閺佸顫ゆ稉銈呯湷鐎癸拷 娑撴矮瀵岀拠姘壈閸戣櫣顫�', '5400', '56', '2', '12', '20', '0', '2012', '1', '2017-09-06 23:39:50', '2017-09-11 00:34:21', 'bj', 'hdq', 'FtNl9uPM6p5PjEs8z2FnOuViNtOM', '2', '-1', '1', '閾诲秵杈伴崲澶婃疮', '2', '0', '姒瑥鐓欑憲澶哥癌鐠猴拷'), ('21', '閺傛澘鎮嶉崶锟� 濮濓綀顫夋稉澶婄湷鐎癸拷 缁崘顥婃穱锟� 鐎瑰墎鏁哥�硅泛鍙挎鎰弿', '1900', '18', '1', '13', '25', '0', '2012', '1', '2017-09-07 00:52:47', '2017-09-11 00:34:13', 'bj', 'hdq', 'Fn9sHC3Wx7qpYCmSxt-z8FZluf0Z', '3', '1302', '0', '閾诲秵杈伴崲澶婃疮', '2', '0', '姒瑥鐓欑憲澶哥癌鐠猴拷'), ('24', '濠�鏍у帨婢圭懓褰块張娑楀惈閸楀骸绨�183-387閵曪繝妲橀弲顖氥亣鐎癸拷', '50000', '288', '5', '1', '1', '0', '2015', '1', '2017-09-07 11:42:20', '2017-09-18 20:14:14', 'bj', 'hdq', 'FvVqU8LneZZ5xaLBAOM1KXR2Pz1X', '5', '200', '3', '閾诲秵杈伴崲澶婃疮', '2', '0', '姒瑥鐓欑憲澶哥癌鐠猴拷') [22001-196]
2018-01-18 21:11:32.112  INFO 4044 --- [           main] utoConfigurationReportLoggingInitializer : 

Error starting ApplicationContext. To display the auto-configuration report re-run your application with 'debug' enabled.
2018-01-18 21:11:32.117 ERROR 4044 --- [           main] o.s.boot.SpringApplication               : Application startup failed

org.springframework.beans.factory.BeanCreationException: Error creating bean with name 'entityManagerFactory' defined in class path resource [com/imooc/config/JPAConfig.class]: Bean instantiation via factory method failed; nested exception is org.springframework.beans.BeanInstantiationException: Failed to instantiate [org.springframework.orm.jpa.LocalContainerEntityManagerFactoryBean]: Factory method 'entityManagerFactory' threw exception; nested exception is org.springframework.beans.factory.BeanCreationException: Error creating bean with name 'dataSource' defined in class path resource [com/imooc/config/JPAConfig.class]: Initialization of bean failed; nested exception is org.springframework.beans.factory.BeanCreationException: Error creating bean with name 'dataSourceInitializer': Invocation of init method failed; nested exception is org.springframework.jdbc.datasource.init.ScriptStatementFailedException: Failed to execute SQL script statement #7 of class path resource [db/data.sql]: INSERT INTO `house`(`id`, `title`, `price`, `area`, `room`, `floor`, `total_floor`, `watch_times`, `build_year`, `status`, `create_time`, `last_update_time`, `city_en_name`, `region_en_name`, `cover`, `direction`, `distance_to_subway`, `parlour`, `district`, `admin_id`, `bathroom`, `street`) VALUES ('15', '鐎靛苯濮忛崺锟� 閸ュ�熼敜CBD 閺冭泛鐨绘导鎴︽＝ 閸熷棗濮熼崝鐐插彆 鐡掑懏顥楅悺锕�濮�', '6200', '70', '2', '10', '20', '2', '2005', '1', '2017-09-06 18:56:14', '2017-09-15 00:26:59', 'bj', 'hdq', 'FmD3zKG-gUPOrNv0HwzZN7IbkAC_', '2', '10', '1', '閾诲秵杈伴崲澶婃疮', '2', '0', '姒瑥鐓欑憲澶哥癌鐠猴拷'), ('16', '鐎靛苯濮忛崺锟� 閸ュ�熼敜CBD 閺冭泛鐨绘导鎴︽＝ 閸熷棗濮熼崝鐐插彆', '6300', '70', '2', '10', '20', '0', '2012', '1', '2017-09-06 19:53:35', '2017-09-11 00:35:13', 'bj', 'hdq', 'FmD3zKG-gUPOrNv0HwzZN7IbkAC_', '1', '-1', '1', '閾诲秵杈伴崲澶婃疮', '2', '0', '姒瑥鐓欑憲澶哥癌鐠猴拷'), ('17', '娴滃瞼骞嗘稉婊呮纯闂傘劌婀撮柧浣虹彲闂勫嫯绻庨妴浣哄竾鎼存粈绨抽妴浣搞亯鐎瑰妫妴浣告禇鐠愭悶锟戒椒绗侀柌灞芥偛閵嗕礁宕￠柨锝夌处瀹革拷', '3000', '35', '1', '5', '10', '0', '2013', '1', '2017-09-06 20:45:35', '2017-09-11 00:35:05', 'bj', 'hdq', 'FhVdDhzVDH1dLVVx4jOaVXOCfnea', '1', '200', '0', '閾诲秵杈伴崲澶婃疮', '2', '0', '姒瑥鐓欑憲澶哥癌鐠猴拷'), ('18', '閸楀氦閿ら崺锟� 娑撴粌鎮滄稉锟界仦鍛缁岀皞oft 楠炴彃鍣ｅ〒鈺呂� 闂呭繑妞傞崣顖欎簰缁涘墽瀹�', '5700', '52', '1', '7', '20', '0', '2012', '1', '2017-09-06 21:01:02', '2017-09-11 00:35:01', 'bj', 'hdq', 'FsxiS6rOTpSg5pK7tv41e8Zpnn_c', '2', '1085', '1', '閾诲秵杈伴崲澶婃疮', '2', '0', '姒瑥鐓欑憲澶哥癌鐠猴拷'), ('19', '閺堟稒妲崶顓熸緲濡ら棿绗佺仦鍛吇 閼奉亙缍囩划鎹愵棅 閸楁瀵抽柅姘讹拷锟� 闁插洤鍘滄總鍊燁潒闁插孩顥楅敍锟�', '9200', '132', '3', '6', '14', '0', '2005', '1', '2017-09-06 22:44:25', '2017-09-11 00:34:55', 'bj', 'hdq', 'Fl1lNikhmMIecbTn-JTsurxugtFU', '2', '1108', '2', '閾诲秵杈伴崲澶婃疮', '2', '0', '姒瑥鐓欑憲澶哥癌鐠猴拷'), ('20', '妤傛ê銇囨稉濠勬畱閺佸顫ゆ稉銈呯湷鐎癸拷 娑撴矮瀵岀拠姘壈閸戣櫣顫�', '5400', '56', '2', '12', '20', '0', '2012', '1', '2017-09-06 23:39:50', '2017-09-11 00:34:21', 'bj', 'hdq', 'FtNl9uPM6p5PjEs8z2FnOuViNtOM', '2', '-1', '1', '閾诲秵杈伴崲澶婃疮', '2', '0', '姒瑥鐓欑憲澶哥癌鐠猴拷'), ('21', '閺傛澘鎮嶉崶锟� 濮濓綀顫夋稉澶婄湷鐎癸拷 缁崘顥婃穱锟� 鐎瑰墎鏁哥�硅泛鍙挎鎰弿', '1900', '18', '1', '13', '25', '0', '2012', '1', '2017-09-07 00:52:47', '2017-09-11 00:34:13', 'bj', 'hdq', 'Fn9sHC3Wx7qpYCmSxt-z8FZluf0Z', '3', '1302', '0', '閾诲秵杈伴崲澶婃疮', '2', '0', '姒瑥鐓欑憲澶哥癌鐠猴拷'), ('24', '濠�鏍у帨婢圭懓褰块張娑楀惈閸楀骸绨�183-387閵曪繝妲橀弲顖氥亣鐎癸拷', '50000', '288', '5', '1', '1', '0', '2015', '1', '2017-09-07 11:42:20', '2017-09-18 20:14:14', 'bj', 'hdq', 'FvVqU8LneZZ5xaLBAOM1KXR2Pz1X', '5', '200', '3', '閾诲秵杈伴崲澶婃疮', '2', '0', '姒瑥鐓欑憲澶哥癌鐠猴拷'); nested exception is org.h2.jdbc.JdbcSQLException: Value too long for column "TITLE VARCHAR(32) NOT NULL": "STRINGDECODE('\u7035\u5c7d\u59cf\u9369\ufffd \u9365\u501f\u9524CBD \u93c3\u8dfa\u76bb\u6d7c\u6226\u68fd \u935f\u55d7\u59df\u9354... (33)"; SQL statement:
INSERT INTO `house`(`id`, `title`, `price`, `area`, `room`, `floor`, `total_floor`, `watch_times`, `build_year`, `status`, `create_time`, `last_update_time`, `city_en_name`, `region_en_name`, `cover`, `direction`, `distance_to_subway`, `parlour`, `district`, `admin_id`, `bathroom`, `street`) VALUES ('15', '鐎靛苯濮忛崺锟� 閸ュ�熼敜CBD 閺冭泛鐨绘导鎴︽＝ 閸熷棗濮熼崝鐐插彆 鐡掑懏顥楅悺锕�濮�', '6200', '70', '2', '10', '20', '2', '2005', '1', '2017-09-06 18:56:14', '2017-09-15 00:26:59', 'bj', 'hdq', 'FmD3zKG-gUPOrNv0HwzZN7IbkAC_', '2', '10', '1', '閾诲秵杈伴崲澶婃疮', '2', '0', '姒瑥鐓欑憲澶哥癌鐠猴拷'), ('16', '鐎靛苯濮忛崺锟� 閸ュ�熼敜CBD 閺冭泛鐨绘导鎴︽＝ 閸熷棗濮熼崝鐐插彆', '6300', '70', '2', '10', '20', '0', '2012', '1', '2017-09-06 19:53:35', '2017-09-11 00:35:13', 'bj', 'hdq', 'FmD3zKG-gUPOrNv0HwzZN7IbkAC_', '1', '-1', '1', '閾诲秵杈伴崲澶婃疮', '2', '0', '姒瑥鐓欑憲澶哥癌鐠猴拷'), ('17', '娴滃瞼骞嗘稉婊呮纯闂傘劌婀撮柧浣虹彲闂勫嫯绻庨妴浣哄竾鎼存粈绨抽妴浣搞亯鐎瑰妫妴浣告禇鐠愭悶锟戒椒绗侀柌灞芥偛閵嗕礁宕￠柨锝夌处瀹革拷', '3000', '35', '1', '5', '10', '0', '2013', '1', '2017-09-06 20:45:35', '2017-09-11 00:35:05', 'bj', 'hdq', 'FhVdDhzVDH1dLVVx4jOaVXOCfnea', '1', '200', '0', '閾诲秵杈伴崲澶婃疮', '2', '0', '姒瑥鐓欑憲澶哥癌鐠猴拷'), ('18', '閸楀氦閿ら崺锟� 娑撴粌鎮滄稉锟界仦鍛缁岀皞oft 楠炴彃鍣ｅ〒鈺呂� 闂呭繑妞傞崣顖欎簰缁涘墽瀹�', '5700', '52', '1', '7', '20', '0', '2012', '1', '2017-09-06 21:01:02', '2017-09-11 00:35:01', 'bj', 'hdq', 'FsxiS6rOTpSg5pK7tv41e8Zpnn_c', '2', '1085', '1', '閾诲秵杈伴崲澶婃疮', '2', '0', '姒瑥鐓欑憲澶哥癌鐠猴拷'), ('19', '閺堟稒妲崶顓熸緲濡ら棿绗佺仦鍛吇 閼奉亙缍囩划鎹愵棅 閸楁瀵抽柅姘讹拷锟� 闁插洤鍘滄總鍊燁潒闁插孩顥楅敍锟�', '9200', '132', '3', '6', '14', '0', '2005', '1', '2017-09-06 22:44:25', '2017-09-11 00:34:55', 'bj', 'hdq', 'Fl1lNikhmMIecbTn-JTsurxugtFU', '2', '1108', '2', '閾诲秵杈伴崲澶婃疮', '2', '0', '姒瑥鐓欑憲澶哥癌鐠猴拷'), ('20', '妤傛ê銇囨稉濠勬畱閺佸顫ゆ稉銈呯湷鐎癸拷 娑撴矮瀵岀拠姘壈閸戣櫣顫�', '5400', '56', '2', '12', '20', '0', '2012', '1', '2017-09-06 23:39:50', '2017-09-11 00:34:21', 'bj', 'hdq', 'FtNl9uPM6p5PjEs8z2FnOuViNtOM', '2', '-1', '1', '閾诲秵杈伴崲澶婃疮', '2', '0', '姒瑥鐓欑憲澶哥癌鐠猴拷'), ('21', '閺傛澘鎮嶉崶锟� 濮濓綀顫夋稉澶婄湷鐎癸拷 缁崘顥婃穱锟� 鐎瑰墎鏁哥�硅泛鍙挎鎰弿', '1900', '18', '1', '13', '25', '0', '2012', '1', '2017-09-07 00:52:47', '2017-09-11 00:34:13', 'bj', 'hdq', 'Fn9sHC3Wx7qpYCmSxt-z8FZluf0Z', '3', '1302', '0', '閾诲秵杈伴崲澶婃疮', '2', '0', '姒瑥鐓欑憲澶哥癌鐠猴拷'), ('24', '濠�鏍у帨婢圭懓褰块張娑楀惈閸楀骸绨�183-387閵曪繝妲橀弲顖氥亣鐎癸拷', '50000', '288', '5', '1', '1', '0', '2015', '1', '2017-09-07 11:42:20', '2017-09-18 20:14:14', 'bj', 'hdq', 'FvVqU8LneZZ5xaLBAOM1KXR2Pz1X', '5', '200', '3', '閾诲秵杈伴崲澶婃疮', '2', '0', '姒瑥鐓欑憲澶哥癌鐠猴拷') [22001-196]
	at org.springframework.beans.factory.support.ConstructorResolver.instantiateUsingFactoryMethod(ConstructorResolver.java:599) ~[spring-beans-4.3.11.RELEASE.jar:4.3.11.RELEASE]
	at org.springframework.beans.factory.support.AbstractAutowireCapableBeanFactory.instantiateUsingFactoryMethod(AbstractAutowireCapableBeanFactory.java:1173) ~[spring-beans-4.3.11.RELEASE.jar:4.3.11.RELEASE]
	at org.springframework.beans.factory.support.AbstractAutowireCapableBeanFactory.createBeanInstance(AbstractAutowireCapableBeanFactory.java:1067) ~[spring-beans-4.3.11.RELEASE.jar:4.3.11.RELEASE]
	at org.springframework.beans.factory.support.AbstractAutowireCapableBeanFactory.doCreateBean(AbstractAutowireCapableBeanFactory.java:513) ~[spring-beans-4.3.11.RELEASE.jar:4.3.11.RELEASE]
	at org.springframework.beans.factory.support.AbstractAutowireCapableBeanFactory.createBean(AbstractAutowireCapableBeanFactory.java:483) ~[spring-beans-4.3.11.RELEASE.jar:4.3.11.RELEASE]
	at org.springframework.beans.factory.support.AbstractBeanFactory$1.getObject(AbstractBeanFactory.java:306) ~[spring-beans-4.3.11.RELEASE.jar:4.3.11.RELEASE]
	at org.springframework.beans.factory.support.DefaultSingletonBeanRegistry.getSingleton(DefaultSingletonBeanRegistry.java:230) ~[spring-beans-4.3.11.RELEASE.jar:4.3.11.RELEASE]
	at org.springframework.beans.factory.support.AbstractBeanFactory.doGetBean(AbstractBeanFactory.java:302) ~[spring-beans-4.3.11.RELEASE.jar:4.3.11.RELEASE]
	at org.springframework.beans.factory.support.AbstractBeanFactory.getBean(AbstractBeanFactory.java:197) ~[spring-beans-4.3.11.RELEASE.jar:4.3.11.RELEASE]
	at org.springframework.context.support.AbstractApplicationContext.getBean(AbstractApplicationContext.java:1078) ~[spring-context-4.3.11.RELEASE.jar:4.3.11.RELEASE]
	at org.springframework.context.support.AbstractApplicationContext.finishBeanFactoryInitialization(AbstractApplicationContext.java:857) ~[spring-context-4.3.11.RELEASE.jar:4.3.11.RELEASE]
	at org.springframework.context.support.AbstractApplicationContext.refresh(AbstractApplicationContext.java:543) ~[spring-context-4.3.11.RELEASE.jar:4.3.11.RELEASE]
	at org.springframework.boot.SpringApplication.refresh(SpringApplication.java:693) ~[spring-boot-1.5.7.RELEASE.jar:1.5.7.RELEASE]
	at org.springframework.boot.SpringApplication.refreshContext(SpringApplication.java:360) ~[spring-boot-1.5.7.RELEASE.jar:1.5.7.RELEASE]
	at org.springframework.boot.SpringApplication.run(SpringApplication.java:303) ~[spring-boot-1.5.7.RELEASE.jar:1.5.7.RELEASE]
	at org.springframework.boot.test.context.SpringBootContextLoader.loadContext(SpringBootContextLoader.java:120) [spring-boot-test-1.5.7.RELEASE.jar:1.5.7.RELEASE]
	at org.springframework.test.context.cache.DefaultCacheAwareContextLoaderDelegate.loadContextInternal(DefaultCacheAwareContextLoaderDelegate.java:98) [spring-test-4.3.11.RELEASE.jar:4.3.11.RELEASE]
	at org.springframework.test.context.cache.DefaultCacheAwareContextLoaderDelegate.loadContext(DefaultCacheAwareContextLoaderDelegate.java:116) [spring-test-4.3.11.RELEASE.jar:4.3.11.RELEASE]
	at org.springframework.test.context.support.DefaultTestContext.getApplicationContext(DefaultTestContext.java:83) [spring-test-4.3.11.RELEASE.jar:4.3.11.RELEASE]
	at org.springframework.test.context.web.ServletTestExecutionListener.setUpRequestContextIfNecessary(ServletTestExecutionListener.java:189) [spring-test-4.3.11.RELEASE.jar:4.3.11.RELEASE]
	at org.springframework.test.context.web.ServletTestExecutionListener.prepareTestInstance(ServletTestExecutionListener.java:131) [spring-test-4.3.11.RELEASE.jar:4.3.11.RELEASE]
	at org.springframework.test.context.TestContextManager.prepareTestInstance(TestContextManager.java:230) [spring-test-4.3.11.RELEASE.jar:4.3.11.RELEASE]
	at org.springframework.test.context.junit4.SpringJUnit4ClassRunner.createTest(SpringJUnit4ClassRunner.java:228) [spring-test-4.3.11.RELEASE.jar:4.3.11.RELEASE]
	at org.springframework.test.context.junit4.SpringJUnit4ClassRunner$1.runReflectiveCall(SpringJUnit4ClassRunner.java:287) [spring-test-4.3.11.RELEASE.jar:4.3.11.RELEASE]
	at org.junit.internal.runners.model.ReflectiveCallable.run(ReflectiveCallable.java:12) [junit-4.12.jar:4.12]
	at org.springframework.test.context.junit4.SpringJUnit4ClassRunner.methodBlock(SpringJUnit4ClassRunner.java:289) [spring-test-4.3.11.RELEASE.jar:4.3.11.RELEASE]
	at org.springframework.test.context.junit4.SpringJUnit4ClassRunner.runChild(SpringJUnit4ClassRunner.java:247) [spring-test-4.3.11.RELEASE.jar:4.3.11.RELEASE]
	at org.springframework.test.context.junit4.SpringJUnit4ClassRunner.runChild(SpringJUnit4ClassRunner.java:94) [spring-test-4.3.11.RELEASE.jar:4.3.11.RELEASE]
	at org.junit.runners.ParentRunner$3.run(ParentRunner.java:290) [junit-4.12.jar:4.12]
	at org.junit.runners.ParentRunner$1.schedule(ParentRunner.java:71) [junit-4.12.jar:4.12]
	at org.junit.runners.ParentRunner.runChildren(ParentRunner.java:288) [junit-4.12.jar:4.12]
	at org.junit.runners.ParentRunner.access$000(ParentRunner.java:58) [junit-4.12.jar:4.12]
	at org.junit.runners.ParentRunner$2.evaluate(ParentRunner.java:268) [junit-4.12.jar:4.12]
	at org.springframework.test.context.junit4.statements.RunBeforeTestClassCallbacks.evaluate(RunBeforeTestClassCallbacks.java:61) [spring-test-4.3.11.RELEASE.jar:4.3.11.RELEASE]
	at org.springframework.test.context.junit4.statements.RunAfterTestClassCallbacks.evaluate(RunAfterTestClassCallbacks.java:70) [spring-test-4.3.11.RELEASE.jar:4.3.11.RELEASE]
	at org.junit.runners.ParentRunner.run(ParentRunner.java:363) [junit-4.12.jar:4.12]
	at org.springframework.test.context.junit4.SpringJUnit4ClassRunner.run(SpringJUnit4ClassRunner.java:191) [spring-test-4.3.11.RELEASE.jar:4.3.11.RELEASE]
	at org.apache.maven.surefire.junit4.JUnit4Provider.execute(JUnit4Provider.java:283) [surefire-junit4-2.18.1.jar:2.18.1]
	at org.apache.maven.surefire.junit4.JUnit4Provider.executeWithRerun(JUnit4Provider.java:173) [surefire-junit4-2.18.1.jar:2.18.1]
	at org.apache.maven.surefire.junit4.JUnit4Provider.executeTestSet(JUnit4Provider.java:153) [surefire-junit4-2.18.1.jar:2.18.1]
	at org.apache.maven.surefire.junit4.JUnit4Provider.invoke(JUnit4Provider.java:128) [surefire-junit4-2.18.1.jar:2.18.1]
	at org.apache.maven.surefire.booter.ForkedBooter.invokeProviderInSameClassLoader(ForkedBooter.java:203) [surefire-booter-2.18.1.jar:2.18.1]
	at org.apache.maven.surefire.booter.ForkedBooter.runSuitesInProcess(ForkedBooter.java:155) [surefire-booter-2.18.1.jar:2.18.1]
	at org.apache.maven.surefire.booter.ForkedBooter.main(ForkedBooter.java:103) [surefire-booter-2.18.1.jar:2.18.1]
Caused by: org.springframework.beans.BeanInstantiationException: Failed to instantiate [org.springframework.orm.jpa.LocalContainerEntityManagerFactoryBean]: Factory method 'entityManagerFactory' threw exception; nested exception is org.springframework.beans.factory.BeanCreationException: Error creating bean with name 'dataSource' defined in class path resource [com/imooc/config/JPAConfig.class]: Initialization of bean failed; nested exception is org.springframework.beans.factory.BeanCreationException: Error creating bean with name 'dataSourceInitializer': Invocation of init method failed; nested exception is org.springframework.jdbc.datasource.init.ScriptStatementFailedException: Failed to execute SQL script statement #7 of class path resource [db/data.sql]: INSERT INTO `house`(`id`, `title`, `price`, `area`, `room`, `floor`, `total_floor`, `watch_times`, `build_year`, `status`, `create_time`, `last_update_time`, `city_en_name`, `region_en_name`, `cover`, `direction`, `distance_to_subway`, `parlour`, `district`, `admin_id`, `bathroom`, `street`) VALUES ('15', '鐎靛苯濮忛崺锟� 閸ュ�熼敜CBD 閺冭泛鐨绘导鎴︽＝ 閸熷棗濮熼崝鐐插彆 鐡掑懏顥楅悺锕�濮�', '6200', '70', '2', '10', '20', '2', '2005', '1', '2017-09-06 18:56:14', '2017-09-15 00:26:59', 'bj', 'hdq', 'FmD3zKG-gUPOrNv0HwzZN7IbkAC_', '2', '10', '1', '閾诲秵杈伴崲澶婃疮', '2', '0', '姒瑥鐓欑憲澶哥癌鐠猴拷'), ('16', '鐎靛苯濮忛崺锟� 閸ュ�熼敜CBD 閺冭泛鐨绘导鎴︽＝ 閸熷棗濮熼崝鐐插彆', '6300', '70', '2', '10', '20', '0', '2012', '1', '2017-09-06 19:53:35', '2017-09-11 00:35:13', 'bj', 'hdq', 'FmD3zKG-gUPOrNv0HwzZN7IbkAC_', '1', '-1', '1', '閾诲秵杈伴崲澶婃疮', '2', '0', '姒瑥鐓欑憲澶哥癌鐠猴拷'), ('17', '娴滃瞼骞嗘稉婊呮纯闂傘劌婀撮柧浣虹彲闂勫嫯绻庨妴浣哄竾鎼存粈绨抽妴浣搞亯鐎瑰妫妴浣告禇鐠愭悶锟戒椒绗侀柌灞芥偛閵嗕礁宕￠柨锝夌处瀹革拷', '3000', '35', '1', '5', '10', '0', '2013', '1', '2017-09-06 20:45:35', '2017-09-11 00:35:05', 'bj', 'hdq', 'FhVdDhzVDH1dLVVx4jOaVXOCfnea', '1', '200', '0', '閾诲秵杈伴崲澶婃疮', '2', '0', '姒瑥鐓欑憲澶哥癌鐠猴拷'), ('18', '閸楀氦閿ら崺锟� 娑撴粌鎮滄稉锟界仦鍛缁岀皞oft 楠炴彃鍣ｅ〒鈺呂� 闂呭繑妞傞崣顖欎簰缁涘墽瀹�', '5700', '52', '1', '7', '20', '0', '2012', '1', '2017-09-06 21:01:02', '2017-09-11 00:35:01', 'bj', 'hdq', 'FsxiS6rOTpSg5pK7tv41e8Zpnn_c', '2', '1085', '1', '閾诲秵杈伴崲澶婃疮', '2', '0', '姒瑥鐓欑憲澶哥癌鐠猴拷'), ('19', '閺堟稒妲崶顓熸緲濡ら棿绗佺仦鍛吇 閼奉亙缍囩划鎹愵棅 閸楁瀵抽柅姘讹拷锟� 闁插洤鍘滄總鍊燁潒闁插孩顥楅敍锟�', '9200', '132', '3', '6', '14', '0', '2005', '1', '2017-09-06 22:44:25', '2017-09-11 00:34:55', 'bj', 'hdq', 'Fl1lNikhmMIecbTn-JTsurxugtFU', '2', '1108', '2', '閾诲秵杈伴崲澶婃疮', '2', '0', '姒瑥鐓欑憲澶哥癌鐠猴拷'), ('20', '妤傛ê銇囨稉濠勬畱閺佸顫ゆ稉銈呯湷鐎癸拷 娑撴矮瀵岀拠姘壈閸戣櫣顫�', '5400', '56', '2', '12', '20', '0', '2012', '1', '2017-09-06 23:39:50', '2017-09-11 00:34:21', 'bj', 'hdq', 'FtNl9uPM6p5PjEs8z2FnOuViNtOM', '2', '-1', '1', '閾诲秵杈伴崲澶婃疮', '2', '0', '姒瑥鐓欑憲澶哥癌鐠猴拷'), ('21', '閺傛澘鎮嶉崶锟� 濮濓綀顫夋稉澶婄湷鐎癸拷 缁崘顥婃穱锟� 鐎瑰墎鏁哥�硅泛鍙挎鎰弿', '1900', '18', '1', '13', '25', '0', '2012', '1', '2017-09-07 00:52:47', '2017-09-11 00:34:13', 'bj', 'hdq', 'Fn9sHC3Wx7qpYCmSxt-z8FZluf0Z', '3', '1302', '0', '閾诲秵杈伴崲澶婃疮', '2', '0', '姒瑥鐓欑憲澶哥癌鐠猴拷'), ('24', '濠�鏍у帨婢圭懓褰块張娑楀惈閸楀骸绨�183-387閵曪繝妲橀弲顖氥亣鐎癸拷', '50000', '288', '5', '1', '1', '0', '2015', '1', '2017-09-07 11:42:20', '2017-09-18 20:14:14', 'bj', 'hdq', 'FvVqU8LneZZ5xaLBAOM1KXR2Pz1X', '5', '200', '3', '閾诲秵杈伴崲澶婃疮', '2', '0', '姒瑥鐓欑憲澶哥癌鐠猴拷'); nested exception is org.h2.jdbc.JdbcSQLException: Value too long for column "TITLE VARCHAR(32) NOT NULL": "STRINGDECODE('\u7035\u5c7d\u59cf\u9369\ufffd \u9365\u501f\u9524CBD \u93c3\u8dfa\u76bb\u6d7c\u6226\u68fd \u935f\u55d7\u59df\u9354... (33)"; SQL statement:
INSERT INTO `house`(`id`, `title`, `price`, `area`, `room`, `floor`, `total_floor`, `watch_times`, `build_year`, `status`, `create_time`, `last_update_time`, `city_en_name`, `region_en_name`, `cover`, `direction`, `distance_to_subway`, `parlour`, `district`, `admin_id`, `bathroom`, `street`) VALUES ('15', '鐎靛苯濮忛崺锟� 閸ュ�熼敜CBD 閺冭泛鐨绘导鎴︽＝ 閸熷棗濮熼崝鐐插彆 鐡掑懏顥楅悺锕�濮�', '6200', '70', '2', '10', '20', '2', '2005', '1', '2017-09-06 18:56:14', '2017-09-15 00:26:59', 'bj', 'hdq', 'FmD3zKG-gUPOrNv0HwzZN7IbkAC_', '2', '10', '1', '閾诲秵杈伴崲澶婃疮', '2', '0', '姒瑥鐓欑憲澶哥癌鐠猴拷'), ('16', '鐎靛苯濮忛崺锟� 閸ュ�熼敜CBD 閺冭泛鐨绘导鎴︽＝ 閸熷棗濮熼崝鐐插彆', '6300', '70', '2', '10', '20', '0', '2012', '1', '2017-09-06 19:53:35', '2017-09-11 00:35:13', 'bj', 'hdq', 'FmD3zKG-gUPOrNv0HwzZN7IbkAC_', '1', '-1', '1', '閾诲秵杈伴崲澶婃疮', '2', '0', '姒瑥鐓欑憲澶哥癌鐠猴拷'), ('17', '娴滃瞼骞嗘稉婊呮纯闂傘劌婀撮柧浣虹彲闂勫嫯绻庨妴浣哄竾鎼存粈绨抽妴浣搞亯鐎瑰妫妴浣告禇鐠愭悶锟戒椒绗侀柌灞芥偛閵嗕礁宕￠柨锝夌处瀹革拷', '3000', '35', '1', '5', '10', '0', '2013', '1', '2017-09-06 20:45:35', '2017-09-11 00:35:05', 'bj', 'hdq', 'FhVdDhzVDH1dLVVx4jOaVXOCfnea', '1', '200', '0', '閾诲秵杈伴崲澶婃疮', '2', '0', '姒瑥鐓欑憲澶哥癌鐠猴拷'), ('18', '閸楀氦閿ら崺锟� 娑撴粌鎮滄稉锟界仦鍛缁岀皞oft 楠炴彃鍣ｅ〒鈺呂� 闂呭繑妞傞崣顖欎簰缁涘墽瀹�', '5700', '52', '1', '7', '20', '0', '2012', '1', '2017-09-06 21:01:02', '2017-09-11 00:35:01', 'bj', 'hdq', 'FsxiS6rOTpSg5pK7tv41e8Zpnn_c', '2', '1085', '1', '閾诲秵杈伴崲澶婃疮', '2', '0', '姒瑥鐓欑憲澶哥癌鐠猴拷'), ('19', '閺堟稒妲崶顓熸緲濡ら棿绗佺仦鍛吇 閼奉亙缍囩划鎹愵棅 閸楁瀵抽柅姘讹拷锟� 闁插洤鍘滄總鍊燁潒闁插孩顥楅敍锟�', '9200', '132', '3', '6', '14', '0', '2005', '1', '2017-09-06 22:44:25', '2017-09-11 00:34:55', 'bj', 'hdq', 'Fl1lNikhmMIecbTn-JTsurxugtFU', '2', '1108', '2', '閾诲秵杈伴崲澶婃疮', '2', '0', '姒瑥鐓欑憲澶哥癌鐠猴拷'), ('20', '妤傛ê銇囨稉濠勬畱閺佸顫ゆ稉銈呯湷鐎癸拷 娑撴矮瀵岀拠姘壈閸戣櫣顫�', '5400', '56', '2', '12', '20', '0', '2012', '1', '2017-09-06 23:39:50', '2017-09-11 00:34:21', 'bj', 'hdq', 'FtNl9uPM6p5PjEs8z2FnOuViNtOM', '2', '-1', '1', '閾诲秵杈伴崲澶婃疮', '2', '0', '姒瑥鐓欑憲澶哥癌鐠猴拷'), ('21', '閺傛澘鎮嶉崶锟� 濮濓綀顫夋稉澶婄湷鐎癸拷 缁崘顥婃穱锟� 鐎瑰墎鏁哥�硅泛鍙挎鎰弿', '1900', '18', '1', '13', '25', '0', '2012', '1', '2017-09-07 00:52:47', '2017-09-11 00:34:13', 'bj', 'hdq', 'Fn9sHC3Wx7qpYCmSxt-z8FZluf0Z', '3', '1302', '0', '閾诲秵杈伴崲澶婃疮', '2', '0', '姒瑥鐓欑憲澶哥癌鐠猴拷'), ('24', '濠�鏍у帨婢圭懓褰块張娑楀惈閸楀骸绨�183-387閵曪繝妲橀弲顖氥亣鐎癸拷', '50000', '288', '5', '1', '1', '0', '2015', '1', '2017-09-07 11:42:20', '2017-09-18 20:14:14', 'bj', 'hdq', 'FvVqU8LneZZ5xaLBAOM1KXR2Pz1X', '5', '200', '3', '閾诲秵杈伴崲澶婃疮', '2', '0', '姒瑥鐓欑憲澶哥癌鐠猴拷') [22001-196]
	at org.springframework.beans.factory.support.SimpleInstantiationStrategy.instantiate(SimpleInstantiationStrategy.java:189) ~[spring-beans-4.3.11.RELEASE.jar:4.3.11.RELEASE]
	at org.springframework.beans.factory.support.ConstructorResolver.instantiateUsingFactoryMethod(ConstructorResolver.java:588) ~[spring-beans-4.3.11.RELEASE.jar:4.3.11.RELEASE]
	... 43 common frames omitted
Caused by: org.springframework.beans.factory.BeanCreationException: Error creating bean with name 'dataSource' defined in class path resource [com/imooc/config/JPAConfig.class]: Initialization of bean failed; nested exception is org.springframework.beans.factory.BeanCreationException: Error creating bean with name 'dataSourceInitializer': Invocation of init method failed; nested exception is org.springframework.jdbc.datasource.init.ScriptStatementFailedException: Failed to execute SQL script statement #7 of class path resource [db/data.sql]: INSERT INTO `house`(`id`, `title`, `price`, `area`, `room`, `floor`, `total_floor`, `watch_times`, `build_year`, `status`, `create_time`, `last_update_time`, `city_en_name`, `region_en_name`, `cover`, `direction`, `distance_to_subway`, `parlour`, `district`, `admin_id`, `bathroom`, `street`) VALUES ('15', '鐎靛苯濮忛崺锟� 閸ュ�熼敜CBD 閺冭泛鐨绘导鎴︽＝ 閸熷棗濮熼崝鐐插彆 鐡掑懏顥楅悺锕�濮�', '6200', '70', '2', '10', '20', '2', '2005', '1', '2017-09-06 18:56:14', '2017-09-15 00:26:59', 'bj', 'hdq', 'FmD3zKG-gUPOrNv0HwzZN7IbkAC_', '2', '10', '1', '閾诲秵杈伴崲澶婃疮', '2', '0', '姒瑥鐓欑憲澶哥癌鐠猴拷'), ('16', '鐎靛苯濮忛崺锟� 閸ュ�熼敜CBD 閺冭泛鐨绘导鎴︽＝ 閸熷棗濮熼崝鐐插彆', '6300', '70', '2', '10', '20', '0', '2012', '1', '2017-09-06 19:53:35', '2017-09-11 00:35:13', 'bj', 'hdq', 'FmD3zKG-gUPOrNv0HwzZN7IbkAC_', '1', '-1', '1', '閾诲秵杈伴崲澶婃疮', '2', '0', '姒瑥鐓欑憲澶哥癌鐠猴拷'), ('17', '娴滃瞼骞嗘稉婊呮纯闂傘劌婀撮柧浣虹彲闂勫嫯绻庨妴浣哄竾鎼存粈绨抽妴浣搞亯鐎瑰妫妴浣告禇鐠愭悶锟戒椒绗侀柌灞芥偛閵嗕礁宕￠柨锝夌处瀹革拷', '3000', '35', '1', '5', '10', '0', '2013', '1', '2017-09-06 20:45:35', '2017-09-11 00:35:05', 'bj', 'hdq', 'FhVdDhzVDH1dLVVx4jOaVXOCfnea', '1', '200', '0', '閾诲秵杈伴崲澶婃疮', '2', '0', '姒瑥鐓欑憲澶哥癌鐠猴拷'), ('18', '閸楀氦閿ら崺锟� 娑撴粌鎮滄稉锟界仦鍛缁岀皞oft 楠炴彃鍣ｅ〒鈺呂� 闂呭繑妞傞崣顖欎簰缁涘墽瀹�', '5700', '52', '1', '7', '20', '0', '2012', '1', '2017-09-06 21:01:02', '2017-09-11 00:35:01', 'bj', 'hdq', 'FsxiS6rOTpSg5pK7tv41e8Zpnn_c', '2', '1085', '1', '閾诲秵杈伴崲澶婃疮', '2', '0', '姒瑥鐓欑憲澶哥癌鐠猴拷'), ('19', '閺堟稒妲崶顓熸緲濡ら棿绗佺仦鍛吇 閼奉亙缍囩划鎹愵棅 閸楁瀵抽柅姘讹拷锟� 闁插洤鍘滄總鍊燁潒闁插孩顥楅敍锟�', '9200', '132', '3', '6', '14', '0', '2005', '1', '2017-09-06 22:44:25', '2017-09-11 00:34:55', 'bj', 'hdq', 'Fl1lNikhmMIecbTn-JTsurxugtFU', '2', '1108', '2', '閾诲秵杈伴崲澶婃疮', '2', '0', '姒瑥鐓欑憲澶哥癌鐠猴拷'), ('20', '妤傛ê銇囨稉濠勬畱閺佸顫ゆ稉銈呯湷鐎癸拷 娑撴矮瀵岀拠姘壈閸戣櫣顫�', '5400', '56', '2', '12', '20', '0', '2012', '1', '2017-09-06 23:39:50', '2017-09-11 00:34:21', 'bj', 'hdq', 'FtNl9uPM6p5PjEs8z2FnOuViNtOM', '2', '-1', '1', '閾诲秵杈伴崲澶婃疮', '2', '0', '姒瑥鐓欑憲澶哥癌鐠猴拷'), ('21', '閺傛澘鎮嶉崶锟� 濮濓綀顫夋稉澶婄湷鐎癸拷 缁崘顥婃穱锟� 鐎瑰墎鏁哥�硅泛鍙挎鎰弿', '1900', '18', '1', '13', '25', '0', '2012', '1', '2017-09-07 00:52:47', '2017-09-11 00:34:13', 'bj', 'hdq', 'Fn9sHC3Wx7qpYCmSxt-z8FZluf0Z', '3', '1302', '0', '閾诲秵杈伴崲澶婃疮', '2', '0', '姒瑥鐓欑憲澶哥癌鐠猴拷'), ('24', '濠�鏍у帨婢圭懓褰块張娑楀惈閸楀骸绨�183-387閵曪繝妲橀弲顖氥亣鐎癸拷', '50000', '288', '5', '1', '1', '0', '2015', '1', '2017-09-07 11:42:20', '2017-09-18 20:14:14', 'bj', 'hdq', 'FvVqU8LneZZ5xaLBAOM1KXR2Pz1X', '5', '200', '3', '閾诲秵杈伴崲澶婃疮', '2', '0', '姒瑥鐓欑憲澶哥癌鐠猴拷'); nested exception is org.h2.jdbc.JdbcSQLException: Value too long for column "TITLE VARCHAR(32) NOT NULL": "STRINGDECODE('\u7035\u5c7d\u59cf\u9369\ufffd \u9365\u501f\u9524CBD \u93c3\u8dfa\u76bb\u6d7c\u6226\u68fd \u935f\u55d7\u59df\u9354... (33)"; SQL statement:
INSERT INTO `house`(`id`, `title`, `price`, `area`, `room`, `floor`, `total_floor`, `watch_times`, `build_year`, `status`, `create_time`, `last_update_time`, `city_en_name`, `region_en_name`, `cover`, `direction`, `distance_to_subway`, `parlour`, `district`, `admin_id`, `bathroom`, `street`) VALUES ('15', '鐎靛苯濮忛崺锟� 閸ュ�熼敜CBD 閺冭泛鐨绘导鎴︽＝ 閸熷棗濮熼崝鐐插彆 鐡掑懏顥楅悺锕�濮�', '6200', '70', '2', '10', '20', '2', '2005', '1', '2017-09-06 18:56:14', '2017-09-15 00:26:59', 'bj', 'hdq', 'FmD3zKG-gUPOrNv0HwzZN7IbkAC_', '2', '10', '1', '閾诲秵杈伴崲澶婃疮', '2', '0', '姒瑥鐓欑憲澶哥癌鐠猴拷'), ('16', '鐎靛苯濮忛崺锟� 閸ュ�熼敜CBD 閺冭泛鐨绘导鎴︽＝ 閸熷棗濮熼崝鐐插彆', '6300', '70', '2', '10', '20', '0', '2012', '1', '2017-09-06 19:53:35', '2017-09-11 00:35:13', 'bj', 'hdq', 'FmD3zKG-gUPOrNv0HwzZN7IbkAC_', '1', '-1', '1', '閾诲秵杈伴崲澶婃疮', '2', '0', '姒瑥鐓欑憲澶哥癌鐠猴拷'), ('17', '娴滃瞼骞嗘稉婊呮纯闂傘劌婀撮柧浣虹彲闂勫嫯绻庨妴浣哄竾鎼存粈绨抽妴浣搞亯鐎瑰妫妴浣告禇鐠愭悶锟戒椒绗侀柌灞芥偛閵嗕礁宕￠柨锝夌处瀹革拷', '3000', '35', '1', '5', '10', '0', '2013', '1', '2017-09-06 20:45:35', '2017-09-11 00:35:05', 'bj', 'hdq', 'FhVdDhzVDH1dLVVx4jOaVXOCfnea', '1', '200', '0', '閾诲秵杈伴崲澶婃疮', '2', '0', '姒瑥鐓欑憲澶哥癌鐠猴拷'), ('18', '閸楀氦閿ら崺锟� 娑撴粌鎮滄稉锟界仦鍛缁岀皞oft 楠炴彃鍣ｅ〒鈺呂� 闂呭繑妞傞崣顖欎簰缁涘墽瀹�', '5700', '52', '1', '7', '20', '0', '2012', '1', '2017-09-06 21:01:02', '2017-09-11 00:35:01', 'bj', 'hdq', 'FsxiS6rOTpSg5pK7tv41e8Zpnn_c', '2', '1085', '1', '閾诲秵杈伴崲澶婃疮', '2', '0', '姒瑥鐓欑憲澶哥癌鐠猴拷'), ('19', '閺堟稒妲崶顓熸緲濡ら棿绗佺仦鍛吇 閼奉亙缍囩划鎹愵棅 閸楁瀵抽柅姘讹拷锟� 闁插洤鍘滄總鍊燁潒闁插孩顥楅敍锟�', '9200', '132', '3', '6', '14', '0', '2005', '1', '2017-09-06 22:44:25', '2017-09-11 00:34:55', 'bj', 'hdq', 'Fl1lNikhmMIecbTn-JTsurxugtFU', '2', '1108', '2', '閾诲秵杈伴崲澶婃疮', '2', '0', '姒瑥鐓欑憲澶哥癌鐠猴拷'), ('20', '妤傛ê銇囨稉濠勬畱閺佸顫ゆ稉銈呯湷鐎癸拷 娑撴矮瀵岀拠姘壈閸戣櫣顫�', '5400', '56', '2', '12', '20', '0', '2012', '1', '2017-09-06 23:39:50', '2017-09-11 00:34:21', 'bj', 'hdq', 'FtNl9uPM6p5PjEs8z2FnOuViNtOM', '2', '-1', '1', '閾诲秵杈伴崲澶婃疮', '2', '0', '姒瑥鐓欑憲澶哥癌鐠猴拷'), ('21', '閺傛澘鎮嶉崶锟� 濮濓綀顫夋稉澶婄湷鐎癸拷 缁崘顥婃穱锟� 鐎瑰墎鏁哥�硅泛鍙挎鎰弿', '1900', '18', '1', '13', '25', '0', '2012', '1', '2017-09-07 00:52:47', '2017-09-11 00:34:13', 'bj', 'hdq', 'Fn9sHC3Wx7qpYCmSxt-z8FZluf0Z', '3', '1302', '0', '閾诲秵杈伴崲澶婃疮', '2', '0', '姒瑥鐓欑憲澶哥癌鐠猴拷'), ('24', '濠�鏍у帨婢圭懓褰块張娑楀惈閸楀骸绨�183-387閵曪繝妲橀弲顖氥亣鐎癸拷', '50000', '288', '5', '1', '1', '0', '2015', '1', '2017-09-07 11:42:20', '2017-09-18 20:14:14', 'bj', 'hdq', 'FvVqU8LneZZ5xaLBAOM1KXR2Pz1X', '5', '200', '3', '閾诲秵杈伴崲澶婃疮', '2', '0', '姒瑥鐓欑憲澶哥癌鐠猴拷') [22001-196]
	at org.springframework.beans.factory.support.AbstractAutowireCapableBeanFactory.doCreateBean(AbstractAutowireCapableBeanFactory.java:564) ~[spring-beans-4.3.11.RELEASE.jar:4.3.11.RELEASE]
	at org.springframework.beans.factory.support.AbstractAutowireCapableBeanFactory.createBean(AbstractAutowireCapableBeanFactory.java:483) ~[spring-beans-4.3.11.RELEASE.jar:4.3.11.RELEASE]
	at org.springframework.beans.factory.support.AbstractBeanFactory$1.getObject(AbstractBeanFactory.java:306) ~[spring-beans-4.3.11.RELEASE.jar:4.3.11.RELEASE]
	at org.springframework.beans.factory.support.DefaultSingletonBeanRegistry.getSingleton(DefaultSingletonBeanRegistry.java:230) ~[spring-beans-4.3.11.RELEASE.jar:4.3.11.RELEASE]
	at org.springframework.beans.factory.support.AbstractBeanFactory.doGetBean(AbstractBeanFactory.java:302) ~[spring-beans-4.3.11.RELEASE.jar:4.3.11.RELEASE]
	at org.springframework.beans.factory.support.AbstractBeanFactory.getBean(AbstractBeanFactory.java:197) ~[spring-beans-4.3.11.RELEASE.jar:4.3.11.RELEASE]
	at org.springframework.context.annotation.ConfigurationClassEnhancer$BeanMethodInterceptor.obtainBeanInstanceFromFactory(ConfigurationClassEnhancer.java:389) ~[spring-context-4.3.11.RELEASE.jar:4.3.11.RELEASE]
	at org.springframework.context.annotation.ConfigurationClassEnhancer$BeanMethodInterceptor.intercept(ConfigurationClassEnhancer.java:361) ~[spring-context-4.3.11.RELEASE.jar:4.3.11.RELEASE]
	at com.imooc.config.JPAConfig$$EnhancerBySpringCGLIB$$ac3be7fd.dataSource(<generated>) ~[classes/:na]
	at com.imooc.config.JPAConfig.entityManagerFactory(JPAConfig.java:36) ~[classes/:na]
	at com.imooc.config.JPAConfig$$EnhancerBySpringCGLIB$$ac3be7fd.CGLIB$entityManagerFactory$2(<generated>) ~[classes/:na]
	at com.imooc.config.JPAConfig$$EnhancerBySpringCGLIB$$ac3be7fd$$FastClassBySpringCGLIB$$914d9ecd.invoke(<generated>) ~[classes/:na]
	at org.springframework.cglib.proxy.MethodProxy.invokeSuper(MethodProxy.java:228) ~[spring-core-4.3.11.RELEASE.jar:4.3.11.RELEASE]
	at org.springframework.context.annotation.ConfigurationClassEnhancer$BeanMethodInterceptor.intercept(ConfigurationClassEnhancer.java:358) ~[spring-context-4.3.11.RELEASE.jar:4.3.11.RELEASE]
	at com.imooc.config.JPAConfig$$EnhancerBySpringCGLIB$$ac3be7fd.entityManagerFactory(<generated>) ~[classes/:na]
	at sun.reflect.NativeMethodAccessorImpl.invoke0(Native Method) ~[na:1.8.0_31]
	at sun.reflect.NativeMethodAccessorImpl.invoke(NativeMethodAccessorImpl.java:62) ~[na:1.8.0_31]
	at sun.reflect.DelegatingMethodAccessorImpl.invoke(DelegatingMethodAccessorImpl.java:43) ~[na:1.8.0_31]
	at java.lang.reflect.Method.invoke(Method.java:483) ~[na:1.8.0_31]
	at org.springframework.beans.factory.support.SimpleInstantiationStrategy.instantiate(SimpleInstantiationStrategy.java:162) ~[spring-beans-4.3.11.RELEASE.jar:4.3.11.RELEASE]
	... 44 common frames omitted
Caused by: org.springframework.beans.factory.BeanCreationException: Error creating bean with name 'dataSourceInitializer': Invocation of init method failed; nested exception is org.springframework.jdbc.datasource.init.ScriptStatementFailedException: Failed to execute SQL script statement #7 of class path resource [db/data.sql]: INSERT INTO `house`(`id`, `title`, `price`, `area`, `room`, `floor`, `total_floor`, `watch_times`, `build_year`, `status`, `create_time`, `last_update_time`, `city_en_name`, `region_en_name`, `cover`, `direction`, `distance_to_subway`, `parlour`, `district`, `admin_id`, `bathroom`, `street`) VALUES ('15', '鐎靛苯濮忛崺锟� 閸ュ�熼敜CBD 閺冭泛鐨绘导鎴︽＝ 閸熷棗濮熼崝鐐插彆 鐡掑懏顥楅悺锕�濮�', '6200', '70', '2', '10', '20', '2', '2005', '1', '2017-09-06 18:56:14', '2017-09-15 00:26:59', 'bj', 'hdq', 'FmD3zKG-gUPOrNv0HwzZN7IbkAC_', '2', '10', '1', '閾诲秵杈伴崲澶婃疮', '2', '0', '姒瑥鐓欑憲澶哥癌鐠猴拷'), ('16', '鐎靛苯濮忛崺锟� 閸ュ�熼敜CBD 閺冭泛鐨绘导鎴︽＝ 閸熷棗濮熼崝鐐插彆', '6300', '70', '2', '10', '20', '0', '2012', '1', '2017-09-06 19:53:35', '2017-09-11 00:35:13', 'bj', 'hdq', 'FmD3zKG-gUPOrNv0HwzZN7IbkAC_', '1', '-1', '1', '閾诲秵杈伴崲澶婃疮', '2', '0', '姒瑥鐓欑憲澶哥癌鐠猴拷'), ('17', '娴滃瞼骞嗘稉婊呮纯闂傘劌婀撮柧浣虹彲闂勫嫯绻庨妴浣哄竾鎼存粈绨抽妴浣搞亯鐎瑰妫妴浣告禇鐠愭悶锟戒椒绗侀柌灞芥偛閵嗕礁宕￠柨锝夌处瀹革拷', '3000', '35', '1', '5', '10', '0', '2013', '1', '2017-09-06 20:45:35', '2017-09-11 00:35:05', 'bj', 'hdq', 'FhVdDhzVDH1dLVVx4jOaVXOCfnea', '1', '200', '0', '閾诲秵杈伴崲澶婃疮', '2', '0', '姒瑥鐓欑憲澶哥癌鐠猴拷'), ('18', '閸楀氦閿ら崺锟� 娑撴粌鎮滄稉锟界仦鍛缁岀皞oft 楠炴彃鍣ｅ〒鈺呂� 闂呭繑妞傞崣顖欎簰缁涘墽瀹�', '5700', '52', '1', '7', '20', '0', '2012', '1', '2017-09-06 21:01:02', '2017-09-11 00:35:01', 'bj', 'hdq', 'FsxiS6rOTpSg5pK7tv41e8Zpnn_c', '2', '1085', '1', '閾诲秵杈伴崲澶婃疮', '2', '0', '姒瑥鐓欑憲澶哥癌鐠猴拷'), ('19', '閺堟稒妲崶顓熸緲濡ら棿绗佺仦鍛吇 閼奉亙缍囩划鎹愵棅 閸楁瀵抽柅姘讹拷锟� 闁插洤鍘滄總鍊燁潒闁插孩顥楅敍锟�', '9200', '132', '3', '6', '14', '0', '2005', '1', '2017-09-06 22:44:25', '2017-09-11 00:34:55', 'bj', 'hdq', 'Fl1lNikhmMIecbTn-JTsurxugtFU', '2', '1108', '2', '閾诲秵杈伴崲澶婃疮', '2', '0', '姒瑥鐓欑憲澶哥癌鐠猴拷'), ('20', '妤傛ê銇囨稉濠勬畱閺佸顫ゆ稉銈呯湷鐎癸拷 娑撴矮瀵岀拠姘壈閸戣櫣顫�', '5400', '56', '2', '12', '20', '0', '2012', '1', '2017-09-06 23:39:50', '2017-09-11 00:34:21', 'bj', 'hdq', 'FtNl9uPM6p5PjEs8z2FnOuViNtOM', '2', '-1', '1', '閾诲秵杈伴崲澶婃疮', '2', '0', '姒瑥鐓欑憲澶哥癌鐠猴拷'), ('21', '閺傛澘鎮嶉崶锟� 濮濓綀顫夋稉澶婄湷鐎癸拷 缁崘顥婃穱锟� 鐎瑰墎鏁哥�硅泛鍙挎鎰弿', '1900', '18', '1', '13', '25', '0', '2012', '1', '2017-09-07 00:52:47', '2017-09-11 00:34:13', 'bj', 'hdq', 'Fn9sHC3Wx7qpYCmSxt-z8FZluf0Z', '3', '1302', '0', '閾诲秵杈伴崲澶婃疮', '2', '0', '姒瑥鐓欑憲澶哥癌鐠猴拷'), ('24', '濠�鏍у帨婢圭懓褰块張娑楀惈閸楀骸绨�183-387閵曪繝妲橀弲顖氥亣鐎癸拷', '50000', '288', '5', '1', '1', '0', '2015', '1', '2017-09-07 11:42:20', '2017-09-18 20:14:14', 'bj', 'hdq', 'FvVqU8LneZZ5xaLBAOM1KXR2Pz1X', '5', '200', '3', '閾诲秵杈伴崲澶婃疮', '2', '0', '姒瑥鐓欑憲澶哥癌鐠猴拷'); nested exception is org.h2.jdbc.JdbcSQLException: Value too long for column "TITLE VARCHAR(32) NOT NULL": "STRINGDECODE('\u7035\u5c7d\u59cf\u9369\ufffd \u9365\u501f\u9524CBD \u93c3\u8dfa\u76bb\u6d7c\u6226\u68fd \u935f\u55d7\u59df\u9354... (33)"; SQL statement:
INSERT INTO `house`(`id`, `title`, `price`, `area`, `room`, `floor`, `total_floor`, `watch_times`, `build_year`, `status`, `create_time`, `last_update_time`, `city_en_name`, `region_en_name`, `cover`, `direction`, `distance_to_subway`, `parlour`, `district`, `admin_id`, `bathroom`, `street`) VALUES ('15', '鐎靛苯濮忛崺锟� 閸ュ�熼敜CBD 閺冭泛鐨绘导鎴︽＝ 閸熷棗濮熼崝鐐插彆 鐡掑懏顥楅悺锕�濮�', '6200', '70', '2', '10', '20', '2', '2005', '1', '2017-09-06 18:56:14', '2017-09-15 00:26:59', 'bj', 'hdq', 'FmD3zKG-gUPOrNv0HwzZN7IbkAC_', '2', '10', '1', '閾诲秵杈伴崲澶婃疮', '2', '0', '姒瑥鐓欑憲澶哥癌鐠猴拷'), ('16', '鐎靛苯濮忛崺锟� 閸ュ�熼敜CBD 閺冭泛鐨绘导鎴︽＝ 閸熷棗濮熼崝鐐插彆', '6300', '70', '2', '10', '20', '0', '2012', '1', '2017-09-06 19:53:35', '2017-09-11 00:35:13', 'bj', 'hdq', 'FmD3zKG-gUPOrNv0HwzZN7IbkAC_', '1', '-1', '1', '閾诲秵杈伴崲澶婃疮', '2', '0', '姒瑥鐓欑憲澶哥癌鐠猴拷'), ('17', '娴滃瞼骞嗘稉婊呮纯闂傘劌婀撮柧浣虹彲闂勫嫯绻庨妴浣哄竾鎼存粈绨抽妴浣搞亯鐎瑰妫妴浣告禇鐠愭悶锟戒椒绗侀柌灞芥偛閵嗕礁宕￠柨锝夌处瀹革拷', '3000', '35', '1', '5', '10', '0', '2013', '1', '2017-09-06 20:45:35', '2017-09-11 00:35:05', 'bj', 'hdq', 'FhVdDhzVDH1dLVVx4jOaVXOCfnea', '1', '200', '0', '閾诲秵杈伴崲澶婃疮', '2', '0', '姒瑥鐓欑憲澶哥癌鐠猴拷'), ('18', '閸楀氦閿ら崺锟� 娑撴粌鎮滄稉锟界仦鍛缁岀皞oft 楠炴彃鍣ｅ〒鈺呂� 闂呭繑妞傞崣顖欎簰缁涘墽瀹�', '5700', '52', '1', '7', '20', '0', '2012', '1', '2017-09-06 21:01:02', '2017-09-11 00:35:01', 'bj', 'hdq', 'FsxiS6rOTpSg5pK7tv41e8Zpnn_c', '2', '1085', '1', '閾诲秵杈伴崲澶婃疮', '2', '0', '姒瑥鐓欑憲澶哥癌鐠猴拷'), ('19', '閺堟稒妲崶顓熸緲濡ら棿绗佺仦鍛吇 閼奉亙缍囩划鎹愵棅 閸楁瀵抽柅姘讹拷锟� 闁插洤鍘滄總鍊燁潒闁插孩顥楅敍锟�', '9200', '132', '3', '6', '14', '0', '2005', '1', '2017-09-06 22:44:25', '2017-09-11 00:34:55', 'bj', 'hdq', 'Fl1lNikhmMIecbTn-JTsurxugtFU', '2', '1108', '2', '閾诲秵杈伴崲澶婃疮', '2', '0', '姒瑥鐓欑憲澶哥癌鐠猴拷'), ('20', '妤傛ê銇囨稉濠勬畱閺佸顫ゆ稉銈呯湷鐎癸拷 娑撴矮瀵岀拠姘壈閸戣櫣顫�', '5400', '56', '2', '12', '20', '0', '2012', '1', '2017-09-06 23:39:50', '2017-09-11 00:34:21', 'bj', 'hdq', 'FtNl9uPM6p5PjEs8z2FnOuViNtOM', '2', '-1', '1', '閾诲秵杈伴崲澶婃疮', '2', '0', '姒瑥鐓欑憲澶哥癌鐠猴拷'), ('21', '閺傛澘鎮嶉崶锟� 濮濓綀顫夋稉澶婄湷鐎癸拷 缁崘顥婃穱锟� 鐎瑰墎鏁哥�硅泛鍙挎鎰弿', '1900', '18', '1', '13', '25', '0', '2012', '1', '2017-09-07 00:52:47', '2017-09-11 00:34:13', 'bj', 'hdq', 'Fn9sHC3Wx7qpYCmSxt-z8FZluf0Z', '3', '1302', '0', '閾诲秵杈伴崲澶婃疮', '2', '0', '姒瑥鐓欑憲澶哥癌鐠猴拷'), ('24', '濠�鏍у帨婢圭懓褰块張娑楀惈閸楀骸绨�183-387閵曪繝妲橀弲顖氥亣鐎癸拷', '50000', '288', '5', '1', '1', '0', '2015', '1', '2017-09-07 11:42:20', '2017-09-18 20:14:14', 'bj', 'hdq', 'FvVqU8LneZZ5xaLBAOM1KXR2Pz1X', '5', '200', '3', '閾诲秵杈伴崲澶婃疮', '2', '0', '姒瑥鐓欑憲澶哥癌鐠猴拷') [22001-196]
	at org.springframework.beans.factory.annotation.InitDestroyAnnotationBeanPostProcessor.postProcessBeforeInitialization(InitDestroyAnnotationBeanPostProcessor.java:137) ~[spring-beans-4.3.11.RELEASE.jar:4.3.11.RELEASE]
	at org.springframework.beans.factory.support.AbstractAutowireCapableBeanFactory.applyBeanPostProcessorsBeforeInitialization(AbstractAutowireCapableBeanFactory.java:409) ~[spring-beans-4.3.11.RELEASE.jar:4.3.11.RELEASE]
	at org.springframework.beans.factory.support.AbstractAutowireCapableBeanFactory.initializeBean(AbstractAutowireCapableBeanFactory.java:1620) ~[spring-beans-4.3.11.RELEASE.jar:4.3.11.RELEASE]
	at org.springframework.beans.factory.support.AbstractAutowireCapableBeanFactory.doCreateBean(AbstractAutowireCapableBeanFactory.java:555) ~[spring-beans-4.3.11.RELEASE.jar:4.3.11.RELEASE]
	at org.springframework.beans.factory.support.AbstractAutowireCapableBeanFactory.createBean(AbstractAutowireCapableBeanFactory.java:483) ~[spring-beans-4.3.11.RELEASE.jar:4.3.11.RELEASE]
	at org.springframework.beans.factory.support.AbstractBeanFactory$1.getObject(AbstractBeanFactory.java:306) ~[spring-beans-4.3.11.RELEASE.jar:4.3.11.RELEASE]
	at org.springframework.beans.factory.support.DefaultSingletonBeanRegistry.getSingleton(DefaultSingletonBeanRegistry.java:230) ~[spring-beans-4.3.11.RELEASE.jar:4.3.11.RELEASE]
	at org.springframework.beans.factory.support.AbstractBeanFactory.doGetBean(AbstractBeanFactory.java:302) ~[spring-beans-4.3.11.RELEASE.jar:4.3.11.RELEASE]
	at org.springframework.beans.factory.support.AbstractBeanFactory.getBean(AbstractBeanFactory.java:220) ~[spring-beans-4.3.11.RELEASE.jar:4.3.11.RELEASE]
	at org.springframework.beans.factory.support.DefaultListableBeanFactory.resolveNamedBean(DefaultListableBeanFactory.java:1018) ~[spring-beans-4.3.11.RELEASE.jar:4.3.11.RELEASE]
	at org.springframework.beans.factory.support.DefaultListableBeanFactory.getBean(DefaultListableBeanFactory.java:345) ~[spring-beans-4.3.11.RELEASE.jar:4.3.11.RELEASE]
	at org.springframework.beans.factory.support.DefaultListableBeanFactory.getBean(DefaultListableBeanFactory.java:340) ~[spring-beans-4.3.11.RELEASE.jar:4.3.11.RELEASE]
	at org.springframework.boot.autoconfigure.jdbc.DataSourceInitializerPostProcessor.postProcessAfterInitialization(DataSourceInitializerPostProcessor.java:62) ~[spring-boot-autoconfigure-1.5.7.RELEASE.jar:1.5.7.RELEASE]
	at org.springframework.beans.factory.support.AbstractAutowireCapableBeanFactory.applyBeanPostProcessorsAfterInitialization(AbstractAutowireCapableBeanFactory.java:423) ~[spring-beans-4.3.11.RELEASE.jar:4.3.11.RELEASE]
	at org.springframework.beans.factory.support.AbstractAutowireCapableBeanFactory.initializeBean(AbstractAutowireCapableBeanFactory.java:1633) ~[spring-beans-4.3.11.RELEASE.jar:4.3.11.RELEASE]
	at org.springframework.beans.factory.support.AbstractAutowireCapableBeanFactory.doCreateBean(AbstractAutowireCapableBeanFactory.java:555) ~[spring-beans-4.3.11.RELEASE.jar:4.3.11.RELEASE]
	... 63 common frames omitted
Caused by: org.springframework.jdbc.datasource.init.ScriptStatementFailedException: Failed to execute SQL script statement #7 of class path resource [db/data.sql]: INSERT INTO `house`(`id`, `title`, `price`, `area`, `room`, `floor`, `total_floor`, `watch_times`, `build_year`, `status`, `create_time`, `last_update_time`, `city_en_name`, `region_en_name`, `cover`, `direction`, `distance_to_subway`, `parlour`, `district`, `admin_id`, `bathroom`, `street`) VALUES ('15', '鐎靛苯濮忛崺锟� 閸ュ�熼敜CBD 閺冭泛鐨绘导鎴︽＝ 閸熷棗濮熼崝鐐插彆 鐡掑懏顥楅悺锕�濮�', '6200', '70', '2', '10', '20', '2', '2005', '1', '2017-09-06 18:56:14', '2017-09-15 00:26:59', 'bj', 'hdq', 'FmD3zKG-gUPOrNv0HwzZN7IbkAC_', '2', '10', '1', '閾诲秵杈伴崲澶婃疮', '2', '0', '姒瑥鐓欑憲澶哥癌鐠猴拷'), ('16', '鐎靛苯濮忛崺锟� 閸ュ�熼敜CBD 閺冭泛鐨绘导鎴︽＝ 閸熷棗濮熼崝鐐插彆', '6300', '70', '2', '10', '20', '0', '2012', '1', '2017-09-06 19:53:35', '2017-09-11 00:35:13', 'bj', 'hdq', 'FmD3zKG-gUPOrNv0HwzZN7IbkAC_', '1', '-1', '1', '閾诲秵杈伴崲澶婃疮', '2', '0', '姒瑥鐓欑憲澶哥癌鐠猴拷'), ('17', '娴滃瞼骞嗘稉婊呮纯闂傘劌婀撮柧浣虹彲闂勫嫯绻庨妴浣哄竾鎼存粈绨抽妴浣搞亯鐎瑰妫妴浣告禇鐠愭悶锟戒椒绗侀柌灞芥偛閵嗕礁宕￠柨锝夌处瀹革拷', '3000', '35', '1', '5', '10', '0', '2013', '1', '2017-09-06 20:45:35', '2017-09-11 00:35:05', 'bj', 'hdq', 'FhVdDhzVDH1dLVVx4jOaVXOCfnea', '1', '200', '0', '閾诲秵杈伴崲澶婃疮', '2', '0', '姒瑥鐓欑憲澶哥癌鐠猴拷'), ('18', '閸楀氦閿ら崺锟� 娑撴粌鎮滄稉锟界仦鍛缁岀皞oft 楠炴彃鍣ｅ〒鈺呂� 闂呭繑妞傞崣顖欎簰缁涘墽瀹�', '5700', '52', '1', '7', '20', '0', '2012', '1', '2017-09-06 21:01:02', '2017-09-11 00:35:01', 'bj', 'hdq', 'FsxiS6rOTpSg5pK7tv41e8Zpnn_c', '2', '1085', '1', '閾诲秵杈伴崲澶婃疮', '2', '0', '姒瑥鐓欑憲澶哥癌鐠猴拷'), ('19', '閺堟稒妲崶顓熸緲濡ら棿绗佺仦鍛吇 閼奉亙缍囩划鎹愵棅 閸楁瀵抽柅姘讹拷锟� 闁插洤鍘滄總鍊燁潒闁插孩顥楅敍锟�', '9200', '132', '3', '6', '14', '0', '2005', '1', '2017-09-06 22:44:25', '2017-09-11 00:34:55', 'bj', 'hdq', 'Fl1lNikhmMIecbTn-JTsurxugtFU', '2', '1108', '2', '閾诲秵杈伴崲澶婃疮', '2', '0', '姒瑥鐓欑憲澶哥癌鐠猴拷'), ('20', '妤傛ê銇囨稉濠勬畱閺佸顫ゆ稉銈呯湷鐎癸拷 娑撴矮瀵岀拠姘壈閸戣櫣顫�', '5400', '56', '2', '12', '20', '0', '2012', '1', '2017-09-06 23:39:50', '2017-09-11 00:34:21', 'bj', 'hdq', 'FtNl9uPM6p5PjEs8z2FnOuViNtOM', '2', '-1', '1', '閾诲秵杈伴崲澶婃疮', '2', '0', '姒瑥鐓欑憲澶哥癌鐠猴拷'), ('21', '閺傛澘鎮嶉崶锟� 濮濓綀顫夋稉澶婄湷鐎癸拷 缁崘顥婃穱锟� 鐎瑰墎鏁哥�硅泛鍙挎鎰弿', '1900', '18', '1', '13', '25', '0', '2012', '1', '2017-09-07 00:52:47', '2017-09-11 00:34:13', 'bj', 'hdq', 'Fn9sHC3Wx7qpYCmSxt-z8FZluf0Z', '3', '1302', '0', '閾诲秵杈伴崲澶婃疮', '2', '0', '姒瑥鐓欑憲澶哥癌鐠猴拷'), ('24', '濠�鏍у帨婢圭懓褰块張娑楀惈閸楀骸绨�183-387閵曪繝妲橀弲顖氥亣鐎癸拷', '50000', '288', '5', '1', '1', '0', '2015', '1', '2017-09-07 11:42:20', '2017-09-18 20:14:14', 'bj', 'hdq', 'FvVqU8LneZZ5xaLBAOM1KXR2Pz1X', '5', '200', '3', '閾诲秵杈伴崲澶婃疮', '2', '0', '姒瑥鐓欑憲澶哥癌鐠猴拷'); nested exception is org.h2.jdbc.JdbcSQLException: Value too long for column "TITLE VARCHAR(32) NOT NULL": "STRINGDECODE('\u7035\u5c7d\u59cf\u9369\ufffd \u9365\u501f\u9524CBD \u93c3\u8dfa\u76bb\u6d7c\u6226\u68fd \u935f\u55d7\u59df\u9354... (33)"; SQL statement:
INSERT INTO `house`(`id`, `title`, `price`, `area`, `room`, `floor`, `total_floor`, `watch_times`, `build_year`, `status`, `create_time`, `last_update_time`, `city_en_name`, `region_en_name`, `cover`, `direction`, `distance_to_subway`, `parlour`, `district`, `admin_id`, `bathroom`, `street`) VALUES ('15', '鐎靛苯濮忛崺锟� 閸ュ�熼敜CBD 閺冭泛鐨绘导鎴︽＝ 閸熷棗濮熼崝鐐插彆 鐡掑懏顥楅悺锕�濮�', '6200', '70', '2', '10', '20', '2', '2005', '1', '2017-09-06 18:56:14', '2017-09-15 00:26:59', 'bj', 'hdq', 'FmD3zKG-gUPOrNv0HwzZN7IbkAC_', '2', '10', '1', '閾诲秵杈伴崲澶婃疮', '2', '0', '姒瑥鐓欑憲澶哥癌鐠猴拷'), ('16', '鐎靛苯濮忛崺锟� 閸ュ�熼敜CBD 閺冭泛鐨绘导鎴︽＝ 閸熷棗濮熼崝鐐插彆', '6300', '70', '2', '10', '20', '0', '2012', '1', '2017-09-06 19:53:35', '2017-09-11 00:35:13', 'bj', 'hdq', 'FmD3zKG-gUPOrNv0HwzZN7IbkAC_', '1', '-1', '1', '閾诲秵杈伴崲澶婃疮', '2', '0', '姒瑥鐓欑憲澶哥癌鐠猴拷'), ('17', '娴滃瞼骞嗘稉婊呮纯闂傘劌婀撮柧浣虹彲闂勫嫯绻庨妴浣哄竾鎼存粈绨抽妴浣搞亯鐎瑰妫妴浣告禇鐠愭悶锟戒椒绗侀柌灞芥偛閵嗕礁宕￠柨锝夌处瀹革拷', '3000', '35', '1', '5', '10', '0', '2013', '1', '2017-09-06 20:45:35', '2017-09-11 00:35:05', 'bj', 'hdq', 'FhVdDhzVDH1dLVVx4jOaVXOCfnea', '1', '200', '0', '閾诲秵杈伴崲澶婃疮', '2', '0', '姒瑥鐓欑憲澶哥癌鐠猴拷'), ('18', '閸楀氦閿ら崺锟� 娑撴粌鎮滄稉锟界仦鍛缁岀皞oft 楠炴彃鍣ｅ〒鈺呂� 闂呭繑妞傞崣顖欎簰缁涘墽瀹�', '5700', '52', '1', '7', '20', '0', '2012', '1', '2017-09-06 21:01:02', '2017-09-11 00:35:01', 'bj', 'hdq', 'FsxiS6rOTpSg5pK7tv41e8Zpnn_c', '2', '1085', '1', '閾诲秵杈伴崲澶婃疮', '2', '0', '姒瑥鐓欑憲澶哥癌鐠猴拷'), ('19', '閺堟稒妲崶顓熸緲濡ら棿绗佺仦鍛吇 閼奉亙缍囩划鎹愵棅 閸楁瀵抽柅姘讹拷锟� 闁插洤鍘滄總鍊燁潒闁插孩顥楅敍锟�', '9200', '132', '3', '6', '14', '0', '2005', '1', '2017-09-06 22:44:25', '2017-09-11 00:34:55', 'bj', 'hdq', 'Fl1lNikhmMIecbTn-JTsurxugtFU', '2', '1108', '2', '閾诲秵杈伴崲澶婃疮', '2', '0', '姒瑥鐓欑憲澶哥癌鐠猴拷'), ('20', '妤傛ê銇囨稉濠勬畱閺佸顫ゆ稉銈呯湷鐎癸拷 娑撴矮瀵岀拠姘壈閸戣櫣顫�', '5400', '56', '2', '12', '20', '0', '2012', '1', '2017-09-06 23:39:50', '2017-09-11 00:34:21', 'bj', 'hdq', 'FtNl9uPM6p5PjEs8z2FnOuViNtOM', '2', '-1', '1', '閾诲秵杈伴崲澶婃疮', '2', '0', '姒瑥鐓欑憲澶哥癌鐠猴拷'), ('21', '閺傛澘鎮嶉崶锟� 濮濓綀顫夋稉澶婄湷鐎癸拷 缁崘顥婃穱锟� 鐎瑰墎鏁哥�硅泛鍙挎鎰弿', '1900', '18', '1', '13', '25', '0', '2012', '1', '2017-09-07 00:52:47', '2017-09-11 00:34:13', 'bj', 'hdq', 'Fn9sHC3Wx7qpYCmSxt-z8FZluf0Z', '3', '1302', '0', '閾诲秵杈伴崲澶婃疮', '2', '0', '姒瑥鐓欑憲澶哥癌鐠猴拷'), ('24', '濠�鏍у帨婢圭懓褰块張娑楀惈閸楀骸绨�183-387閵曪繝妲橀弲顖氥亣鐎癸拷', '50000', '288', '5', '1', '1', '0', '2015', '1', '2017-09-07 11:42:20', '2017-09-18 20:14:14', 'bj', 'hdq', 'FvVqU8LneZZ5xaLBAOM1KXR2Pz1X', '5', '200', '3', '閾诲秵杈伴崲澶婃疮', '2', '0', '姒瑥鐓欑憲澶哥癌鐠猴拷') [22001-196]
	at org.springframework.jdbc.datasource.init.ScriptUtils.executeSqlScript(ScriptUtils.java:491) ~[spring-jdbc-4.3.11.RELEASE.jar:4.3.11.RELEASE]
	at org.springframework.jdbc.datasource.init.ResourceDatabasePopulator.populate(ResourceDatabasePopulator.java:238) ~[spring-jdbc-4.3.11.RELEASE.jar:4.3.11.RELEASE]
	at org.springframework.jdbc.datasource.init.DatabasePopulatorUtils.execute(DatabasePopulatorUtils.java:48) ~[spring-jdbc-4.3.11.RELEASE.jar:4.3.11.RELEASE]
	at org.springframework.boot.autoconfigure.jdbc.DataSourceInitializer.runScripts(DataSourceInitializer.java:192) ~[spring-boot-autoconfigure-1.5.7.RELEASE.jar:1.5.7.RELEASE]
	at org.springframework.boot.autoconfigure.jdbc.DataSourceInitializer.runDataScripts(DataSourceInitializer.java:128) ~[spring-boot-autoconfigure-1.5.7.RELEASE.jar:1.5.7.RELEASE]
	at org.springframework.boot.autoconfigure.jdbc.DataSourceInitializer.onApplicationEvent(DataSourceInitializer.java:118) ~[spring-boot-autoconfigure-1.5.7.RELEASE.jar:1.5.7.RELEASE]
	at org.springframework.boot.autoconfigure.jdbc.DataSourceInitializer.onApplicationEvent(DataSourceInitializer.java:51) ~[spring-boot-autoconfigure-1.5.7.RELEASE.jar:1.5.7.RELEASE]
	at org.springframework.context.event.SimpleApplicationEventMulticaster.doInvokeListener(SimpleApplicationEventMulticaster.java:172) ~[spring-context-4.3.11.RELEASE.jar:4.3.11.RELEASE]
	at org.springframework.context.event.SimpleApplicationEventMulticaster.invokeListener(SimpleApplicationEventMulticaster.java:165) ~[spring-context-4.3.11.RELEASE.jar:4.3.11.RELEASE]
	at org.springframework.context.event.SimpleApplicationEventMulticaster.multicastEvent(SimpleApplicationEventMulticaster.java:139) ~[spring-context-4.3.11.RELEASE.jar:4.3.11.RELEASE]
	at org.springframework.context.support.AbstractApplicationContext.publishEvent(AbstractApplicationContext.java:393) ~[spring-context-4.3.11.RELEASE.jar:4.3.11.RELEASE]
	at org.springframework.context.support.AbstractApplicationContext.publishEvent(AbstractApplicationContext.java:347) ~[spring-context-4.3.11.RELEASE.jar:4.3.11.RELEASE]
	at org.springframework.boot.autoconfigure.jdbc.DataSourceInitializer.runSchemaScripts(DataSourceInitializer.java:95) ~[spring-boot-autoconfigure-1.5.7.RELEASE.jar:1.5.7.RELEASE]
	at org.springframework.boot.autoconfigure.jdbc.DataSourceInitializer.init(DataSourceInitializer.java:83) ~[spring-boot-autoconfigure-1.5.7.RELEASE.jar:1.5.7.RELEASE]
	at sun.reflect.NativeMethodAccessorImpl.invoke0(Native Method) ~[na:1.8.0_31]
	at sun.reflect.NativeMethodAccessorImpl.invoke(NativeMethodAccessorImpl.java:62) ~[na:1.8.0_31]
	at sun.reflect.DelegatingMethodAccessorImpl.invoke(DelegatingMethodAccessorImpl.java:43) ~[na:1.8.0_31]
	at java.lang.reflect.Method.invoke(Method.java:483) ~[na:1.8.0_31]
	at org.springframework.beans.factory.annotation.InitDestroyAnnotationBeanPostProcessor$LifecycleElement.invoke(InitDestroyAnnotationBeanPostProcessor.java:366) ~[spring-beans-4.3.11.RELEASE.jar:4.3.11.RELEASE]
	at org.springframework.beans.factory.annotation.InitDestroyAnnotationBeanPostProcessor$LifecycleMetadata.invokeInitMethods(InitDestroyAnnotationBeanPostProcessor.java:311) ~[spring-beans-4.3.11.RELEASE.jar:4.3.11.RELEASE]
	at org.springframework.beans.factory.annotation.InitDestroyAnnotationBeanPostProcessor.postProcessBeforeInitialization(InitDestroyAnnotationBeanPostProcessor.java:134) ~[spring-beans-4.3.11.RELEASE.jar:4.3.11.RELEASE]
	... 78 common frames omitted
Caused by: org.h2.jdbc.JdbcSQLException: Value too long for column "TITLE VARCHAR(32) NOT NULL": "STRINGDECODE('\u7035\u5c7d\u59cf\u9369\ufffd \u9365\u501f\u9524CBD \u93c3\u8dfa\u76bb\u6d7c\u6226\u68fd \u935f\u55d7\u59df\u9354... (33)"; SQL statement:
INSERT INTO `house`(`id`, `title`, `price`, `area`, `room`, `floor`, `total_floor`, `watch_times`, `build_year`, `status`, `create_time`, `last_update_time`, `city_en_name`, `region_en_name`, `cover`, `direction`, `distance_to_subway`, `parlour`, `district`, `admin_id`, `bathroom`, `street`) VALUES ('15', '鐎靛苯濮忛崺锟� 閸ュ�熼敜CBD 閺冭泛鐨绘导鎴︽＝ 閸熷棗濮熼崝鐐插彆 鐡掑懏顥楅悺锕�濮�', '6200', '70', '2', '10', '20', '2', '2005', '1', '2017-09-06 18:56:14', '2017-09-15 00:26:59', 'bj', 'hdq', 'FmD3zKG-gUPOrNv0HwzZN7IbkAC_', '2', '10', '1', '閾诲秵杈伴崲澶婃疮', '2', '0', '姒瑥鐓欑憲澶哥癌鐠猴拷'), ('16', '鐎靛苯濮忛崺锟� 閸ュ�熼敜CBD 閺冭泛鐨绘导鎴︽＝ 閸熷棗濮熼崝鐐插彆', '6300', '70', '2', '10', '20', '0', '2012', '1', '2017-09-06 19:53:35', '2017-09-11 00:35:13', 'bj', 'hdq', 'FmD3zKG-gUPOrNv0HwzZN7IbkAC_', '1', '-1', '1', '閾诲秵杈伴崲澶婃疮', '2', '0', '姒瑥鐓欑憲澶哥癌鐠猴拷'), ('17', '娴滃瞼骞嗘稉婊呮纯闂傘劌婀撮柧浣虹彲闂勫嫯绻庨妴浣哄竾鎼存粈绨抽妴浣搞亯鐎瑰妫妴浣告禇鐠愭悶锟戒椒绗侀柌灞芥偛閵嗕礁宕￠柨锝夌处瀹革拷', '3000', '35', '1', '5', '10', '0', '2013', '1', '2017-09-06 20:45:35', '2017-09-11 00:35:05', 'bj', 'hdq', 'FhVdDhzVDH1dLVVx4jOaVXOCfnea', '1', '200', '0', '閾诲秵杈伴崲澶婃疮', '2', '0', '姒瑥鐓欑憲澶哥癌鐠猴拷'), ('18', '閸楀氦閿ら崺锟� 娑撴粌鎮滄稉锟界仦鍛缁岀皞oft 楠炴彃鍣ｅ〒鈺呂� 闂呭繑妞傞崣顖欎簰缁涘墽瀹�', '5700', '52', '1', '7', '20', '0', '2012', '1', '2017-09-06 21:01:02', '2017-09-11 00:35:01', 'bj', 'hdq', 'FsxiS6rOTpSg5pK7tv41e8Zpnn_c', '2', '1085', '1', '閾诲秵杈伴崲澶婃疮', '2', '0', '姒瑥鐓欑憲澶哥癌鐠猴拷'), ('19', '閺堟稒妲崶顓熸緲濡ら棿绗佺仦鍛吇 閼奉亙缍囩划鎹愵棅 閸楁瀵抽柅姘讹拷锟� 闁插洤鍘滄總鍊燁潒闁插孩顥楅敍锟�', '9200', '132', '3', '6', '14', '0', '2005', '1', '2017-09-06 22:44:25', '2017-09-11 00:34:55', 'bj', 'hdq', 'Fl1lNikhmMIecbTn-JTsurxugtFU', '2', '1108', '2', '閾诲秵杈伴崲澶婃疮', '2', '0', '姒瑥鐓欑憲澶哥癌鐠猴拷'), ('20', '妤傛ê銇囨稉濠勬畱閺佸顫ゆ稉銈呯湷鐎癸拷 娑撴矮瀵岀拠姘壈閸戣櫣顫�', '5400', '56', '2', '12', '20', '0', '2012', '1', '2017-09-06 23:39:50', '2017-09-11 00:34:21', 'bj', 'hdq', 'FtNl9uPM6p5PjEs8z2FnOuViNtOM', '2', '-1', '1', '閾诲秵杈伴崲澶婃疮', '2', '0', '姒瑥鐓欑憲澶哥癌鐠猴拷'), ('21', '閺傛澘鎮嶉崶锟� 濮濓綀顫夋稉澶婄湷鐎癸拷 缁崘顥婃穱锟� 鐎瑰墎鏁哥�硅泛鍙挎鎰弿', '1900', '18', '1', '13', '25', '0', '2012', '1', '2017-09-07 00:52:47', '2017-09-11 00:34:13', 'bj', 'hdq', 'Fn9sHC3Wx7qpYCmSxt-z8FZluf0Z', '3', '1302', '0', '閾诲秵杈伴崲澶婃疮', '2', '0', '姒瑥鐓欑憲澶哥癌鐠猴拷'), ('24', '濠�鏍у帨婢圭懓褰块張娑楀惈閸楀骸绨�183-387閵曪繝妲橀弲顖氥亣鐎癸拷', '50000', '288', '5', '1', '1', '0', '2015', '1', '2017-09-07 11:42:20', '2017-09-18 20:14:14', 'bj', 'hdq', 'FvVqU8LneZZ5xaLBAOM1KXR2Pz1X', '5', '200', '3', '閾诲秵杈伴崲澶婃疮', '2', '0', '姒瑥鐓欑憲澶哥癌鐠猴拷') [22001-196]
	at org.h2.message.DbException.getJdbcSQLException(DbException.java:345) ~[h2-1.4.196.jar:1.4.196]
	at org.h2.message.DbException.get(DbException.java:179) ~[h2-1.4.196.jar:1.4.196]
	at org.h2.table.Column.validateConvertUpdateSequence(Column.java:369) ~[h2-1.4.196.jar:1.4.196]
	at org.h2.table.Table.validateConvertUpdateSequence(Table.java:797) ~[h2-1.4.196.jar:1.4.196]
	at org.h2.command.dml.Insert.insertRows(Insert.java:151) ~[h2-1.4.196.jar:1.4.196]
	at org.h2.command.dml.Insert.update(Insert.java:114) ~[h2-1.4.196.jar:1.4.196]
	at org.h2.command.CommandContainer.update(CommandContainer.java:101) ~[h2-1.4.196.jar:1.4.196]
	at org.h2.command.Command.executeUpdate(Command.java:260) ~[h2-1.4.196.jar:1.4.196]
	at org.h2.jdbc.JdbcStatement.executeInternal(JdbcStatement.java:192) ~[h2-1.4.196.jar:1.4.196]
	at org.h2.jdbc.JdbcStatement.execute(JdbcStatement.java:164) ~[h2-1.4.196.jar:1.4.196]
	at sun.reflect.GeneratedMethodAccessor63.invoke(Unknown Source) ~[na:na]
	at sun.reflect.DelegatingMethodAccessorImpl.invoke(DelegatingMethodAccessorImpl.java:43) ~[na:1.8.0_31]
	at java.lang.reflect.Method.invoke(Method.java:483) ~[na:1.8.0_31]
	at org.apache.tomcat.jdbc.pool.StatementFacade$StatementProxy.invoke(StatementFacade.java:114) ~[tomcat-jdbc-8.5.20.jar:na]
	at com.sun.proxy.$Proxy90.execute(Unknown Source) ~[na:na]
	at org.springframework.jdbc.datasource.init.ScriptUtils.executeSqlScript(ScriptUtils.java:470) ~[spring-jdbc-4.3.11.RELEASE.jar:4.3.11.RELEASE]
	... 98 common frames omitted

2018-01-18 21:11:32.120 ERROR 4044 --- [           main] o.s.test.context.TestContextManager      : Caught exception while allowing TestExecutionListener [org.springframework.test.context.web.ServletTestExecutionListener@329d84e] to prepare test instance [com.imooc.service.house.QiNiuServiceTests@1709ca1]

java.lang.IllegalStateException: Failed to load ApplicationContext
	at org.springframework.test.context.cache.DefaultCacheAwareContextLoaderDelegate.loadContext(DefaultCacheAwareContextLoaderDelegate.java:124) ~[spring-test-4.3.11.RELEASE.jar:4.3.11.RELEASE]
	at org.springframework.test.context.support.DefaultTestContext.getApplicationContext(DefaultTestContext.java:83) ~[spring-test-4.3.11.RELEASE.jar:4.3.11.RELEASE]
	at org.springframework.test.context.web.ServletTestExecutionListener.setUpRequestContextIfNecessary(ServletTestExecutionListener.java:189) ~[spring-test-4.3.11.RELEASE.jar:4.3.11.RELEASE]
	at org.springframework.test.context.web.ServletTestExecutionListener.prepareTestInstance(ServletTestExecutionListener.java:131) ~[spring-test-4.3.11.RELEASE.jar:4.3.11.RELEASE]
	at org.springframework.test.context.TestContextManager.prepareTestInstance(TestContextManager.java:230) ~[spring-test-4.3.11.RELEASE.jar:4.3.11.RELEASE]
	at org.springframework.test.context.junit4.SpringJUnit4ClassRunner.createTest(SpringJUnit4ClassRunner.java:228) [spring-test-4.3.11.RELEASE.jar:4.3.11.RELEASE]
	at org.springframework.test.context.junit4.SpringJUnit4ClassRunner$1.runReflectiveCall(SpringJUnit4ClassRunner.java:287) [spring-test-4.3.11.RELEASE.jar:4.3.11.RELEASE]
	at org.junit.internal.runners.model.ReflectiveCallable.run(ReflectiveCallable.java:12) [junit-4.12.jar:4.12]
	at org.springframework.test.context.junit4.SpringJUnit4ClassRunner.methodBlock(SpringJUnit4ClassRunner.java:289) [spring-test-4.3.11.RELEASE.jar:4.3.11.RELEASE]
	at org.springframework.test.context.junit4.SpringJUnit4ClassRunner.runChild(SpringJUnit4ClassRunner.java:247) [spring-test-4.3.11.RELEASE.jar:4.3.11.RELEASE]
	at org.springframework.test.context.junit4.SpringJUnit4ClassRunner.runChild(SpringJUnit4ClassRunner.java:94) [spring-test-4.3.11.RELEASE.jar:4.3.11.RELEASE]
	at org.junit.runners.ParentRunner$3.run(ParentRunner.java:290) [junit-4.12.jar:4.12]
	at org.junit.runners.ParentRunner$1.schedule(ParentRunner.java:71) [junit-4.12.jar:4.12]
	at org.junit.runners.ParentRunner.runChildren(ParentRunner.java:288) [junit-4.12.jar:4.12]
	at org.junit.runners.ParentRunner.access$000(ParentRunner.java:58) [junit-4.12.jar:4.12]
	at org.junit.runners.ParentRunner$2.evaluate(ParentRunner.java:268) [junit-4.12.jar:4.12]
	at org.springframework.test.context.junit4.statements.RunBeforeTestClassCallbacks.evaluate(RunBeforeTestClassCallbacks.java:61) [spring-test-4.3.11.RELEASE.jar:4.3.11.RELEASE]
	at org.springframework.test.context.junit4.statements.RunAfterTestClassCallbacks.evaluate(RunAfterTestClassCallbacks.java:70) [spring-test-4.3.11.RELEASE.jar:4.3.11.RELEASE]
	at org.junit.runners.ParentRunner.run(ParentRunner.java:363) [junit-4.12.jar:4.12]
	at org.springframework.test.context.junit4.SpringJUnit4ClassRunner.run(SpringJUnit4ClassRunner.java:191) [spring-test-4.3.11.RELEASE.jar:4.3.11.RELEASE]
	at org.apache.maven.surefire.junit4.JUnit4Provider.execute(JUnit4Provider.java:283) [surefire-junit4-2.18.1.jar:2.18.1]
	at org.apache.maven.surefire.junit4.JUnit4Provider.executeWithRerun(JUnit4Provider.java:173) [surefire-junit4-2.18.1.jar:2.18.1]
	at org.apache.maven.surefire.junit4.JUnit4Provider.executeTestSet(JUnit4Provider.java:153) [surefire-junit4-2.18.1.jar:2.18.1]
	at org.apache.maven.surefire.junit4.JUnit4Provider.invoke(JUnit4Provider.java:128) [surefire-junit4-2.18.1.jar:2.18.1]
	at org.apache.maven.surefire.booter.ForkedBooter.invokeProviderInSameClassLoader(ForkedBooter.java:203) [surefire-booter-2.18.1.jar:2.18.1]
	at org.apache.maven.surefire.booter.ForkedBooter.runSuitesInProcess(ForkedBooter.java:155) [surefire-booter-2.18.1.jar:2.18.1]
	at org.apache.maven.surefire.booter.ForkedBooter.main(ForkedBooter.java:103) [surefire-booter-2.18.1.jar:2.18.1]
Caused by: org.springframework.beans.factory.BeanCreationException: Error creating bean with name 'entityManagerFactory' defined in class path resource [com/imooc/config/JPAConfig.class]: Bean instantiation via factory method failed; nested exception is org.springframework.beans.BeanInstantiationException: Failed to instantiate [org.springframework.orm.jpa.LocalContainerEntityManagerFactoryBean]: Factory method 'entityManagerFactory' threw exception; nested exception is org.springframework.beans.factory.BeanCreationException: Error creating bean with name 'dataSource' defined in class path resource [com/imooc/config/JPAConfig.class]: Initialization of bean failed; nested exception is org.springframework.beans.factory.BeanCreationException: Error creating bean with name 'dataSourceInitializer': Invocation of init method failed; nested exception is org.springframework.jdbc.datasource.init.ScriptStatementFailedException: Failed to execute SQL script statement #7 of class path resource [db/data.sql]: INSERT INTO `house`(`id`, `title`, `price`, `area`, `room`, `floor`, `total_floor`, `watch_times`, `build_year`, `status`, `create_time`, `last_update_time`, `city_en_name`, `region_en_name`, `cover`, `direction`, `distance_to_subway`, `parlour`, `district`, `admin_id`, `bathroom`, `street`) VALUES ('15', '鐎靛苯濮忛崺锟� 閸ュ�熼敜CBD 閺冭泛鐨绘导鎴︽＝ 閸熷棗濮熼崝鐐插彆 鐡掑懏顥楅悺锕�濮�', '6200', '70', '2', '10', '20', '2', '2005', '1', '2017-09-06 18:56:14', '2017-09-15 00:26:59', 'bj', 'hdq', 'FmD3zKG-gUPOrNv0HwzZN7IbkAC_', '2', '10', '1', '閾诲秵杈伴崲澶婃疮', '2', '0', '姒瑥鐓欑憲澶哥癌鐠猴拷'), ('16', '鐎靛苯濮忛崺锟� 閸ュ�熼敜CBD 閺冭泛鐨绘导鎴︽＝ 閸熷棗濮熼崝鐐插彆', '6300', '70', '2', '10', '20', '0', '2012', '1', '2017-09-06 19:53:35', '2017-09-11 00:35:13', 'bj', 'hdq', 'FmD3zKG-gUPOrNv0HwzZN7IbkAC_', '1', '-1', '1', '閾诲秵杈伴崲澶婃疮', '2', '0', '姒瑥鐓欑憲澶哥癌鐠猴拷'), ('17', '娴滃瞼骞嗘稉婊呮纯闂傘劌婀撮柧浣虹彲闂勫嫯绻庨妴浣哄竾鎼存粈绨抽妴浣搞亯鐎瑰妫妴浣告禇鐠愭悶锟戒椒绗侀柌灞芥偛閵嗕礁宕￠柨锝夌处瀹革拷', '3000', '35', '1', '5', '10', '0', '2013', '1', '2017-09-06 20:45:35', '2017-09-11 00:35:05', 'bj', 'hdq', 'FhVdDhzVDH1dLVVx4jOaVXOCfnea', '1', '200', '0', '閾诲秵杈伴崲澶婃疮', '2', '0', '姒瑥鐓欑憲澶哥癌鐠猴拷'), ('18', '閸楀氦閿ら崺锟� 娑撴粌鎮滄稉锟界仦鍛缁岀皞oft 楠炴彃鍣ｅ〒鈺呂� 闂呭繑妞傞崣顖欎簰缁涘墽瀹�', '5700', '52', '1', '7', '20', '0', '2012', '1', '2017-09-06 21:01:02', '2017-09-11 00:35:01', 'bj', 'hdq', 'FsxiS6rOTpSg5pK7tv41e8Zpnn_c', '2', '1085', '1', '閾诲秵杈伴崲澶婃疮', '2', '0', '姒瑥鐓欑憲澶哥癌鐠猴拷'), ('19', '閺堟稒妲崶顓熸緲濡ら棿绗佺仦鍛吇 閼奉亙缍囩划鎹愵棅 閸楁瀵抽柅姘讹拷锟� 闁插洤鍘滄總鍊燁潒闁插孩顥楅敍锟�', '9200', '132', '3', '6', '14', '0', '2005', '1', '2017-09-06 22:44:25', '2017-09-11 00:34:55', 'bj', 'hdq', 'Fl1lNikhmMIecbTn-JTsurxugtFU', '2', '1108', '2', '閾诲秵杈伴崲澶婃疮', '2', '0', '姒瑥鐓欑憲澶哥癌鐠猴拷'), ('20', '妤傛ê銇囨稉濠勬畱閺佸顫ゆ稉銈呯湷鐎癸拷 娑撴矮瀵岀拠姘壈閸戣櫣顫�', '5400', '56', '2', '12', '20', '0', '2012', '1', '2017-09-06 23:39:50', '2017-09-11 00:34:21', 'bj', 'hdq', 'FtNl9uPM6p5PjEs8z2FnOuViNtOM', '2', '-1', '1', '閾诲秵杈伴崲澶婃疮', '2', '0', '姒瑥鐓欑憲澶哥癌鐠猴拷'), ('21', '閺傛澘鎮嶉崶锟� 濮濓綀顫夋稉澶婄湷鐎癸拷 缁崘顥婃穱锟� 鐎瑰墎鏁哥�硅泛鍙挎鎰弿', '1900', '18', '1', '13', '25', '0', '2012', '1', '2017-09-07 00:52:47', '2017-09-11 00:34:13', 'bj', 'hdq', 'Fn9sHC3Wx7qpYCmSxt-z8FZluf0Z', '3', '1302', '0', '閾诲秵杈伴崲澶婃疮', '2', '0', '姒瑥鐓欑憲澶哥癌鐠猴拷'), ('24', '濠�鏍у帨婢圭懓褰块張娑楀惈閸楀骸绨�183-387閵曪繝妲橀弲顖氥亣鐎癸拷', '50000', '288', '5', '1', '1', '0', '2015', '1', '2017-09-07 11:42:20', '2017-09-18 20:14:14', 'bj', 'hdq', 'FvVqU8LneZZ5xaLBAOM1KXR2Pz1X', '5', '200', '3', '閾诲秵杈伴崲澶婃疮', '2', '0', '姒瑥鐓欑憲澶哥癌鐠猴拷'); nested exception is org.h2.jdbc.JdbcSQLException: Value too long for column "TITLE VARCHAR(32) NOT NULL": "STRINGDECODE('\u7035\u5c7d\u59cf\u9369\ufffd \u9365\u501f\u9524CBD \u93c3\u8dfa\u76bb\u6d7c\u6226\u68fd \u935f\u55d7\u59df\u9354... (33)"; SQL statement:
INSERT INTO `house`(`id`, `title`, `price`, `area`, `room`, `floor`, `total_floor`, `watch_times`, `build_year`, `status`, `create_time`, `last_update_time`, `city_en_name`, `region_en_name`, `cover`, `direction`, `distance_to_subway`, `parlour`, `district`, `admin_id`, `bathroom`, `street`) VALUES ('15', '鐎靛苯濮忛崺锟� 閸ュ�熼敜CBD 閺冭泛鐨绘导鎴︽＝ 閸熷棗濮熼崝鐐插彆 鐡掑懏顥楅悺锕�濮�', '6200', '70', '2', '10', '20', '2', '2005', '1', '2017-09-06 18:56:14', '2017-09-15 00:26:59', 'bj', 'hdq', 'FmD3zKG-gUPOrNv0HwzZN7IbkAC_', '2', '10', '1', '閾诲秵杈伴崲澶婃疮', '2', '0', '姒瑥鐓欑憲澶哥癌鐠猴拷'), ('16', '鐎靛苯濮忛崺锟� 閸ュ�熼敜CBD 閺冭泛鐨绘导鎴︽＝ 閸熷棗濮熼崝鐐插彆', '6300', '70', '2', '10', '20', '0', '2012', '1', '2017-09-06 19:53:35', '2017-09-11 00:35:13', 'bj', 'hdq', 'FmD3zKG-gUPOrNv0HwzZN7IbkAC_', '1', '-1', '1', '閾诲秵杈伴崲澶婃疮', '2', '0', '姒瑥鐓欑憲澶哥癌鐠猴拷'), ('17', '娴滃瞼骞嗘稉婊呮纯闂傘劌婀撮柧浣虹彲闂勫嫯绻庨妴浣哄竾鎼存粈绨抽妴浣搞亯鐎瑰妫妴浣告禇鐠愭悶锟戒椒绗侀柌灞芥偛閵嗕礁宕￠柨锝夌处瀹革拷', '3000', '35', '1', '5', '10', '0', '2013', '1', '2017-09-06 20:45:35', '2017-09-11 00:35:05', 'bj', 'hdq', 'FhVdDhzVDH1dLVVx4jOaVXOCfnea', '1', '200', '0', '閾诲秵杈伴崲澶婃疮', '2', '0', '姒瑥鐓欑憲澶哥癌鐠猴拷'), ('18', '閸楀氦閿ら崺锟� 娑撴粌鎮滄稉锟界仦鍛缁岀皞oft 楠炴彃鍣ｅ〒鈺呂� 闂呭繑妞傞崣顖欎簰缁涘墽瀹�', '5700', '52', '1', '7', '20', '0', '2012', '1', '2017-09-06 21:01:02', '2017-09-11 00:35:01', 'bj', 'hdq', 'FsxiS6rOTpSg5pK7tv41e8Zpnn_c', '2', '1085', '1', '閾诲秵杈伴崲澶婃疮', '2', '0', '姒瑥鐓欑憲澶哥癌鐠猴拷'), ('19', '閺堟稒妲崶顓熸緲濡ら棿绗佺仦鍛吇 閼奉亙缍囩划鎹愵棅 閸楁瀵抽柅姘讹拷锟� 闁插洤鍘滄總鍊燁潒闁插孩顥楅敍锟�', '9200', '132', '3', '6', '14', '0', '2005', '1', '2017-09-06 22:44:25', '2017-09-11 00:34:55', 'bj', 'hdq', 'Fl1lNikhmMIecbTn-JTsurxugtFU', '2', '1108', '2', '閾诲秵杈伴崲澶婃疮', '2', '0', '姒瑥鐓欑憲澶哥癌鐠猴拷'), ('20', '妤傛ê銇囨稉濠勬畱閺佸顫ゆ稉銈呯湷鐎癸拷 娑撴矮瀵岀拠姘壈閸戣櫣顫�', '5400', '56', '2', '12', '20', '0', '2012', '1', '2017-09-06 23:39:50', '2017-09-11 00:34:21', 'bj', 'hdq', 'FtNl9uPM6p5PjEs8z2FnOuViNtOM', '2', '-1', '1', '閾诲秵杈伴崲澶婃疮', '2', '0', '姒瑥鐓欑憲澶哥癌鐠猴拷'), ('21', '閺傛澘鎮嶉崶锟� 濮濓綀顫夋稉澶婄湷鐎癸拷 缁崘顥婃穱锟� 鐎瑰墎鏁哥�硅泛鍙挎鎰弿', '1900', '18', '1', '13', '25', '0', '2012', '1', '2017-09-07 00:52:47', '2017-09-11 00:34:13', 'bj', 'hdq', 'Fn9sHC3Wx7qpYCmSxt-z8FZluf0Z', '3', '1302', '0', '閾诲秵杈伴崲澶婃疮', '2', '0', '姒瑥鐓欑憲澶哥癌鐠猴拷'), ('24', '濠�鏍у帨婢圭懓褰块張娑楀惈閸楀骸绨�183-387閵曪繝妲橀弲顖氥亣鐎癸拷', '50000', '288', '5', '1', '1', '0', '2015', '1', '2017-09-07 11:42:20', '2017-09-18 20:14:14', 'bj', 'hdq', 'FvVqU8LneZZ5xaLBAOM1KXR2Pz1X', '5', '200', '3', '閾诲秵杈伴崲澶婃疮', '2', '0', '姒瑥鐓欑憲澶哥癌鐠猴拷') [22001-196]
	at org.springframework.beans.factory.support.ConstructorResolver.instantiateUsingFactoryMethod(ConstructorResolver.java:599) ~[spring-beans-4.3.11.RELEASE.jar:4.3.11.RELEASE]
	at org.springframework.beans.factory.support.AbstractAutowireCapableBeanFactory.instantiateUsingFactoryMethod(AbstractAutowireCapableBeanFactory.java:1173) ~[spring-beans-4.3.11.RELEASE.jar:4.3.11.RELEASE]
	at org.springframework.beans.factory.support.AbstractAutowireCapableBeanFactory.createBeanInstance(AbstractAutowireCapableBeanFactory.java:1067) ~[spring-beans-4.3.11.RELEASE.jar:4.3.11.RELEASE]
	at org.springframework.beans.factory.support.AbstractAutowireCapableBeanFactory.doCreateBean(AbstractAutowireCapableBeanFactory.java:513) ~[spring-beans-4.3.11.RELEASE.jar:4.3.11.RELEASE]
	at org.springframework.beans.factory.support.AbstractAutowireCapableBeanFactory.createBean(AbstractAutowireCapableBeanFactory.java:483) ~[spring-beans-4.3.11.RELEASE.jar:4.3.11.RELEASE]
	at org.springframework.beans.factory.support.AbstractBeanFactory$1.getObject(AbstractBeanFactory.java:306) ~[spring-beans-4.3.11.RELEASE.jar:4.3.11.RELEASE]
	at org.springframework.beans.factory.support.DefaultSingletonBeanRegistry.getSingleton(DefaultSingletonBeanRegistry.java:230) ~[spring-beans-4.3.11.RELEASE.jar:4.3.11.RELEASE]
	at org.springframework.beans.factory.support.AbstractBeanFactory.doGetBean(AbstractBeanFactory.java:302) ~[spring-beans-4.3.11.RELEASE.jar:4.3.11.RELEASE]
	at org.springframework.beans.factory.support.AbstractBeanFactory.getBean(AbstractBeanFactory.java:197) ~[spring-beans-4.3.11.RELEASE.jar:4.3.11.RELEASE]
	at org.springframework.context.support.AbstractApplicationContext.getBean(AbstractApplicationContext.java:1078) ~[spring-context-4.3.11.RELEASE.jar:4.3.11.RELEASE]
	at org.springframework.context.support.AbstractApplicationContext.finishBeanFactoryInitialization(AbstractApplicationContext.java:857) ~[spring-context-4.3.11.RELEASE.jar:4.3.11.RELEASE]
	at org.springframework.context.support.AbstractApplicationContext.refresh(AbstractApplicationContext.java:543) ~[spring-context-4.3.11.RELEASE.jar:4.3.11.RELEASE]
	at org.springframework.boot.SpringApplication.refresh(SpringApplication.java:693) ~[spring-boot-1.5.7.RELEASE.jar:1.5.7.RELEASE]
	at org.springframework.boot.SpringApplication.refreshContext(SpringApplication.java:360) ~[spring-boot-1.5.7.RELEASE.jar:1.5.7.RELEASE]
	at org.springframework.boot.SpringApplication.run(SpringApplication.java:303) ~[spring-boot-1.5.7.RELEASE.jar:1.5.7.RELEASE]
	at org.springframework.boot.test.context.SpringBootContextLoader.loadContext(SpringBootContextLoader.java:120) ~[spring-boot-test-1.5.7.RELEASE.jar:1.5.7.RELEASE]
	at org.springframework.test.context.cache.DefaultCacheAwareContextLoaderDelegate.loadContextInternal(DefaultCacheAwareContextLoaderDelegate.java:98) ~[spring-test-4.3.11.RELEASE.jar:4.3.11.RELEASE]
	at org.springframework.test.context.cache.DefaultCacheAwareContextLoaderDelegate.loadContext(DefaultCacheAwareContextLoaderDelegate.java:116) ~[spring-test-4.3.11.RELEASE.jar:4.3.11.RELEASE]
	... 26 common frames omitted
Caused by: org.springframework.beans.BeanInstantiationException: Failed to instantiate [org.springframework.orm.jpa.LocalContainerEntityManagerFactoryBean]: Factory method 'entityManagerFactory' threw exception; nested exception is org.springframework.beans.factory.BeanCreationException: Error creating bean with name 'dataSource' defined in class path resource [com/imooc/config/JPAConfig.class]: Initialization of bean failed; nested exception is org.springframework.beans.factory.BeanCreationException: Error creating bean with name 'dataSourceInitializer': Invocation of init method failed; nested exception is org.springframework.jdbc.datasource.init.ScriptStatementFailedException: Failed to execute SQL script statement #7 of class path resource [db/data.sql]: INSERT INTO `house`(`id`, `title`, `price`, `area`, `room`, `floor`, `total_floor`, `watch_times`, `build_year`, `status`, `create_time`, `last_update_time`, `city_en_name`, `region_en_name`, `cover`, `direction`, `distance_to_subway`, `parlour`, `district`, `admin_id`, `bathroom`, `street`) VALUES ('15', '鐎靛苯濮忛崺锟� 閸ュ�熼敜CBD 閺冭泛鐨绘导鎴︽＝ 閸熷棗濮熼崝鐐插彆 鐡掑懏顥楅悺锕�濮�', '6200', '70', '2', '10', '20', '2', '2005', '1', '2017-09-06 18:56:14', '2017-09-15 00:26:59', 'bj', 'hdq', 'FmD3zKG-gUPOrNv0HwzZN7IbkAC_', '2', '10', '1', '閾诲秵杈伴崲澶婃疮', '2', '0', '姒瑥鐓欑憲澶哥癌鐠猴拷'), ('16', '鐎靛苯濮忛崺锟� 閸ュ�熼敜CBD 閺冭泛鐨绘导鎴︽＝ 閸熷棗濮熼崝鐐插彆', '6300', '70', '2', '10', '20', '0', '2012', '1', '2017-09-06 19:53:35', '2017-09-11 00:35:13', 'bj', 'hdq', 'FmD3zKG-gUPOrNv0HwzZN7IbkAC_', '1', '-1', '1', '閾诲秵杈伴崲澶婃疮', '2', '0', '姒瑥鐓欑憲澶哥癌鐠猴拷'), ('17', '娴滃瞼骞嗘稉婊呮纯闂傘劌婀撮柧浣虹彲闂勫嫯绻庨妴浣哄竾鎼存粈绨抽妴浣搞亯鐎瑰妫妴浣告禇鐠愭悶锟戒椒绗侀柌灞芥偛閵嗕礁宕￠柨锝夌处瀹革拷', '3000', '35', '1', '5', '10', '0', '2013', '1', '2017-09-06 20:45:35', '2017-09-11 00:35:05', 'bj', 'hdq', 'FhVdDhzVDH1dLVVx4jOaVXOCfnea', '1', '200', '0', '閾诲秵杈伴崲澶婃疮', '2', '0', '姒瑥鐓欑憲澶哥癌鐠猴拷'), ('18', '閸楀氦閿ら崺锟� 娑撴粌鎮滄稉锟界仦鍛缁岀皞oft 楠炴彃鍣ｅ〒鈺呂� 闂呭繑妞傞崣顖欎簰缁涘墽瀹�', '5700', '52', '1', '7', '20', '0', '2012', '1', '2017-09-06 21:01:02', '2017-09-11 00:35:01', 'bj', 'hdq', 'FsxiS6rOTpSg5pK7tv41e8Zpnn_c', '2', '1085', '1', '閾诲秵杈伴崲澶婃疮', '2', '0', '姒瑥鐓欑憲澶哥癌鐠猴拷'), ('19', '閺堟稒妲崶顓熸緲濡ら棿绗佺仦鍛吇 閼奉亙缍囩划鎹愵棅 閸楁瀵抽柅姘讹拷锟� 闁插洤鍘滄總鍊燁潒闁插孩顥楅敍锟�', '9200', '132', '3', '6', '14', '0', '2005', '1', '2017-09-06 22:44:25', '2017-09-11 00:34:55', 'bj', 'hdq', 'Fl1lNikhmMIecbTn-JTsurxugtFU', '2', '1108', '2', '閾诲秵杈伴崲澶婃疮', '2', '0', '姒瑥鐓欑憲澶哥癌鐠猴拷'), ('20', '妤傛ê銇囨稉濠勬畱閺佸顫ゆ稉銈呯湷鐎癸拷 娑撴矮瀵岀拠姘壈閸戣櫣顫�', '5400', '56', '2', '12', '20', '0', '2012', '1', '2017-09-06 23:39:50', '2017-09-11 00:34:21', 'bj', 'hdq', 'FtNl9uPM6p5PjEs8z2FnOuViNtOM', '2', '-1', '1', '閾诲秵杈伴崲澶婃疮', '2', '0', '姒瑥鐓欑憲澶哥癌鐠猴拷'), ('21', '閺傛澘鎮嶉崶锟� 濮濓綀顫夋稉澶婄湷鐎癸拷 缁崘顥婃穱锟� 鐎瑰墎鏁哥�硅泛鍙挎鎰弿', '1900', '18', '1', '13', '25', '0', '2012', '1', '2017-09-07 00:52:47', '2017-09-11 00:34:13', 'bj', 'hdq', 'Fn9sHC3Wx7qpYCmSxt-z8FZluf0Z', '3', '1302', '0', '閾诲秵杈伴崲澶婃疮', '2', '0', '姒瑥鐓欑憲澶哥癌鐠猴拷'), ('24', '濠�鏍у帨婢圭懓褰块張娑楀惈閸楀骸绨�183-387閵曪繝妲橀弲顖氥亣鐎癸拷', '50000', '288', '5', '1', '1', '0', '2015', '1', '2017-09-07 11:42:20', '2017-09-18 20:14:14', 'bj', 'hdq', 'FvVqU8LneZZ5xaLBAOM1KXR2Pz1X', '5', '200', '3', '閾诲秵杈伴崲澶婃疮', '2', '0', '姒瑥鐓欑憲澶哥癌鐠猴拷'); nested exception is org.h2.jdbc.JdbcSQLException: Value too long for column "TITLE VARCHAR(32) NOT NULL": "STRINGDECODE('\u7035\u5c7d\u59cf\u9369\ufffd \u9365\u501f\u9524CBD \u93c3\u8dfa\u76bb\u6d7c\u6226\u68fd \u935f\u55d7\u59df\u9354... (33)"; SQL statement:
INSERT INTO `house`(`id`, `title`, `price`, `area`, `room`, `floor`, `total_floor`, `watch_times`, `build_year`, `status`, `create_time`, `last_update_time`, `city_en_name`, `region_en_name`, `cover`, `direction`, `distance_to_subway`, `parlour`, `district`, `admin_id`, `bathroom`, `street`) VALUES ('15', '鐎靛苯濮忛崺锟� 閸ュ�熼敜CBD 閺冭泛鐨绘导鎴︽＝ 閸熷棗濮熼崝鐐插彆 鐡掑懏顥楅悺锕�濮�', '6200', '70', '2', '10', '20', '2', '2005', '1', '2017-09-06 18:56:14', '2017-09-15 00:26:59', 'bj', 'hdq', 'FmD3zKG-gUPOrNv0HwzZN7IbkAC_', '2', '10', '1', '閾诲秵杈伴崲澶婃疮', '2', '0', '姒瑥鐓欑憲澶哥癌鐠猴拷'), ('16', '鐎靛苯濮忛崺锟� 閸ュ�熼敜CBD 閺冭泛鐨绘导鎴︽＝ 閸熷棗濮熼崝鐐插彆', '6300', '70', '2', '10', '20', '0', '2012', '1', '2017-09-06 19:53:35', '2017-09-11 00:35:13', 'bj', 'hdq', 'FmD3zKG-gUPOrNv0HwzZN7IbkAC_', '1', '-1', '1', '閾诲秵杈伴崲澶婃疮', '2', '0', '姒瑥鐓欑憲澶哥癌鐠猴拷'), ('17', '娴滃瞼骞嗘稉婊呮纯闂傘劌婀撮柧浣虹彲闂勫嫯绻庨妴浣哄竾鎼存粈绨抽妴浣搞亯鐎瑰妫妴浣告禇鐠愭悶锟戒椒绗侀柌灞芥偛閵嗕礁宕￠柨锝夌处瀹革拷', '3000', '35', '1', '5', '10', '0', '2013', '1', '2017-09-06 20:45:35', '2017-09-11 00:35:05', 'bj', 'hdq', 'FhVdDhzVDH1dLVVx4jOaVXOCfnea', '1', '200', '0', '閾诲秵杈伴崲澶婃疮', '2', '0', '姒瑥鐓欑憲澶哥癌鐠猴拷'), ('18', '閸楀氦閿ら崺锟� 娑撴粌鎮滄稉锟界仦鍛缁岀皞oft 楠炴彃鍣ｅ〒鈺呂� 闂呭繑妞傞崣顖欎簰缁涘墽瀹�', '5700', '52', '1', '7', '20', '0', '2012', '1', '2017-09-06 21:01:02', '2017-09-11 00:35:01', 'bj', 'hdq', 'FsxiS6rOTpSg5pK7tv41e8Zpnn_c', '2', '1085', '1', '閾诲秵杈伴崲澶婃疮', '2', '0', '姒瑥鐓欑憲澶哥癌鐠猴拷'), ('19', '閺堟稒妲崶顓熸緲濡ら棿绗佺仦鍛吇 閼奉亙缍囩划鎹愵棅 閸楁瀵抽柅姘讹拷锟� 闁插洤鍘滄總鍊燁潒闁插孩顥楅敍锟�', '9200', '132', '3', '6', '14', '0', '2005', '1', '2017-09-06 22:44:25', '2017-09-11 00:34:55', 'bj', 'hdq', 'Fl1lNikhmMIecbTn-JTsurxugtFU', '2', '1108', '2', '閾诲秵杈伴崲澶婃疮', '2', '0', '姒瑥鐓欑憲澶哥癌鐠猴拷'), ('20', '妤傛ê銇囨稉濠勬畱閺佸顫ゆ稉銈呯湷鐎癸拷 娑撴矮瀵岀拠姘壈閸戣櫣顫�', '5400', '56', '2', '12', '20', '0', '2012', '1', '2017-09-06 23:39:50', '2017-09-11 00:34:21', 'bj', 'hdq', 'FtNl9uPM6p5PjEs8z2FnOuViNtOM', '2', '-1', '1', '閾诲秵杈伴崲澶婃疮', '2', '0', '姒瑥鐓欑憲澶哥癌鐠猴拷'), ('21', '閺傛澘鎮嶉崶锟� 濮濓綀顫夋稉澶婄湷鐎癸拷 缁崘顥婃穱锟� 鐎瑰墎鏁哥�硅泛鍙挎鎰弿', '1900', '18', '1', '13', '25', '0', '2012', '1', '2017-09-07 00:52:47', '2017-09-11 00:34:13', 'bj', 'hdq', 'Fn9sHC3Wx7qpYCmSxt-z8FZluf0Z', '3', '1302', '0', '閾诲秵杈伴崲澶婃疮', '2', '0', '姒瑥鐓欑憲澶哥癌鐠猴拷'), ('24', '濠�鏍у帨婢圭懓褰块張娑楀惈閸楀骸绨�183-387閵曪繝妲橀弲顖氥亣鐎癸拷', '50000', '288', '5', '1', '1', '0', '2015', '1', '2017-09-07 11:42:20', '2017-09-18 20:14:14', 'bj', 'hdq', 'FvVqU8LneZZ5xaLBAOM1KXR2Pz1X', '5', '200', '3', '閾诲秵杈伴崲澶婃疮', '2', '0', '姒瑥鐓欑憲澶哥癌鐠猴拷') [22001-196]
	at org.springframework.beans.factory.support.SimpleInstantiationStrategy.instantiate(SimpleInstantiationStrategy.java:189) ~[spring-beans-4.3.11.RELEASE.jar:4.3.11.RELEASE]
	at org.springframework.beans.factory.support.ConstructorResolver.instantiateUsingFactoryMethod(ConstructorResolver.java:588) ~[spring-beans-4.3.11.RELEASE.jar:4.3.11.RELEASE]
	... 43 common frames omitted
Caused by: org.springframework.beans.factory.BeanCreationException: Error creating bean with name 'dataSource' defined in class path resource [com/imooc/config/JPAConfig.class]: Initialization of bean failed; nested exception is org.springframework.beans.factory.BeanCreationException: Error creating bean with name 'dataSourceInitializer': Invocation of init method failed; nested exception is org.springframework.jdbc.datasource.init.ScriptStatementFailedException: Failed to execute SQL script statement #7 of class path resource [db/data.sql]: INSERT INTO `house`(`id`, `title`, `price`, `area`, `room`, `floor`, `total_floor`, `watch_times`, `build_year`, `status`, `create_time`, `last_update_time`, `city_en_name`, `region_en_name`, `cover`, `direction`, `distance_to_subway`, `parlour`, `district`, `admin_id`, `bathroom`, `street`) VALUES ('15', '鐎靛苯濮忛崺锟� 閸ュ�熼敜CBD 閺冭泛鐨绘导鎴︽＝ 閸熷棗濮熼崝鐐插彆 鐡掑懏顥楅悺锕�濮�', '6200', '70', '2', '10', '20', '2', '2005', '1', '2017-09-06 18:56:14', '2017-09-15 00:26:59', 'bj', 'hdq', 'FmD3zKG-gUPOrNv0HwzZN7IbkAC_', '2', '10', '1', '閾诲秵杈伴崲澶婃疮', '2', '0', '姒瑥鐓欑憲澶哥癌鐠猴拷'), ('16', '鐎靛苯濮忛崺锟� 閸ュ�熼敜CBD 閺冭泛鐨绘导鎴︽＝ 閸熷棗濮熼崝鐐插彆', '6300', '70', '2', '10', '20', '0', '2012', '1', '2017-09-06 19:53:35', '2017-09-11 00:35:13', 'bj', 'hdq', 'FmD3zKG-gUPOrNv0HwzZN7IbkAC_', '1', '-1', '1', '閾诲秵杈伴崲澶婃疮', '2', '0', '姒瑥鐓欑憲澶哥癌鐠猴拷'), ('17', '娴滃瞼骞嗘稉婊呮纯闂傘劌婀撮柧浣虹彲闂勫嫯绻庨妴浣哄竾鎼存粈绨抽妴浣搞亯鐎瑰妫妴浣告禇鐠愭悶锟戒椒绗侀柌灞芥偛閵嗕礁宕￠柨锝夌处瀹革拷', '3000', '35', '1', '5', '10', '0', '2013', '1', '2017-09-06 20:45:35', '2017-09-11 00:35:05', 'bj', 'hdq', 'FhVdDhzVDH1dLVVx4jOaVXOCfnea', '1', '200', '0', '閾诲秵杈伴崲澶婃疮', '2', '0', '姒瑥鐓欑憲澶哥癌鐠猴拷'), ('18', '閸楀氦閿ら崺锟� 娑撴粌鎮滄稉锟界仦鍛缁岀皞oft 楠炴彃鍣ｅ〒鈺呂� 闂呭繑妞傞崣顖欎簰缁涘墽瀹�', '5700', '52', '1', '7', '20', '0', '2012', '1', '2017-09-06 21:01:02', '2017-09-11 00:35:01', 'bj', 'hdq', 'FsxiS6rOTpSg5pK7tv41e8Zpnn_c', '2', '1085', '1', '閾诲秵杈伴崲澶婃疮', '2', '0', '姒瑥鐓欑憲澶哥癌鐠猴拷'), ('19', '閺堟稒妲崶顓熸緲濡ら棿绗佺仦鍛吇 閼奉亙缍囩划鎹愵棅 閸楁瀵抽柅姘讹拷锟� 闁插洤鍘滄總鍊燁潒闁插孩顥楅敍锟�', '9200', '132', '3', '6', '14', '0', '2005', '1', '2017-09-06 22:44:25', '2017-09-11 00:34:55', 'bj', 'hdq', 'Fl1lNikhmMIecbTn-JTsurxugtFU', '2', '1108', '2', '閾诲秵杈伴崲澶婃疮', '2', '0', '姒瑥鐓欑憲澶哥癌鐠猴拷'), ('20', '妤傛ê銇囨稉濠勬畱閺佸顫ゆ稉銈呯湷鐎癸拷 娑撴矮瀵岀拠姘壈閸戣櫣顫�', '5400', '56', '2', '12', '20', '0', '2012', '1', '2017-09-06 23:39:50', '2017-09-11 00:34:21', 'bj', 'hdq', 'FtNl9uPM6p5PjEs8z2FnOuViNtOM', '2', '-1', '1', '閾诲秵杈伴崲澶婃疮', '2', '0', '姒瑥鐓欑憲澶哥癌鐠猴拷'), ('21', '閺傛澘鎮嶉崶锟� 濮濓綀顫夋稉澶婄湷鐎癸拷 缁崘顥婃穱锟� 鐎瑰墎鏁哥�硅泛鍙挎鎰弿', '1900', '18', '1', '13', '25', '0', '2012', '1', '2017-09-07 00:52:47', '2017-09-11 00:34:13', 'bj', 'hdq', 'Fn9sHC3Wx7qpYCmSxt-z8FZluf0Z', '3', '1302', '0', '閾诲秵杈伴崲澶婃疮', '2', '0', '姒瑥鐓欑憲澶哥癌鐠猴拷'), ('24', '濠�鏍у帨婢圭懓褰块張娑楀惈閸楀骸绨�183-387閵曪繝妲橀弲顖氥亣鐎癸拷', '50000', '288', '5', '1', '1', '0', '2015', '1', '2017-09-07 11:42:20', '2017-09-18 20:14:14', 'bj', 'hdq', 'FvVqU8LneZZ5xaLBAOM1KXR2Pz1X', '5', '200', '3', '閾诲秵杈伴崲澶婃疮', '2', '0', '姒瑥鐓欑憲澶哥癌鐠猴拷'); nested exception is org.h2.jdbc.JdbcSQLException: Value too long for column "TITLE VARCHAR(32) NOT NULL": "STRINGDECODE('\u7035\u5c7d\u59cf\u9369\ufffd \u9365\u501f\u9524CBD \u93c3\u8dfa\u76bb\u6d7c\u6226\u68fd \u935f\u55d7\u59df\u9354... (33)"; SQL statement:
INSERT INTO `house`(`id`, `title`, `price`, `area`, `room`, `floor`, `total_floor`, `watch_times`, `build_year`, `status`, `create_time`, `last_update_time`, `city_en_name`, `region_en_name`, `cover`, `direction`, `distance_to_subway`, `parlour`, `district`, `admin_id`, `bathroom`, `street`) VALUES ('15', '鐎靛苯濮忛崺锟� 閸ュ�熼敜CBD 閺冭泛鐨绘导鎴︽＝ 閸熷棗濮熼崝鐐插彆 鐡掑懏顥楅悺锕�濮�', '6200', '70', '2', '10', '20', '2', '2005', '1', '2017-09-06 18:56:14', '2017-09-15 00:26:59', 'bj', 'hdq', 'FmD3zKG-gUPOrNv0HwzZN7IbkAC_', '2', '10', '1', '閾诲秵杈伴崲澶婃疮', '2', '0', '姒瑥鐓欑憲澶哥癌鐠猴拷'), ('16', '鐎靛苯濮忛崺锟� 閸ュ�熼敜CBD 閺冭泛鐨绘导鎴︽＝ 閸熷棗濮熼崝鐐插彆', '6300', '70', '2', '10', '20', '0', '2012', '1', '2017-09-06 19:53:35', '2017-09-11 00:35:13', 'bj', 'hdq', 'FmD3zKG-gUPOrNv0HwzZN7IbkAC_', '1', '-1', '1', '閾诲秵杈伴崲澶婃疮', '2', '0', '姒瑥鐓欑憲澶哥癌鐠猴拷'), ('17', '娴滃瞼骞嗘稉婊呮纯闂傘劌婀撮柧浣虹彲闂勫嫯绻庨妴浣哄竾鎼存粈绨抽妴浣搞亯鐎瑰妫妴浣告禇鐠愭悶锟戒椒绗侀柌灞芥偛閵嗕礁宕￠柨锝夌处瀹革拷', '3000', '35', '1', '5', '10', '0', '2013', '1', '2017-09-06 20:45:35', '2017-09-11 00:35:05', 'bj', 'hdq', 'FhVdDhzVDH1dLVVx4jOaVXOCfnea', '1', '200', '0', '閾诲秵杈伴崲澶婃疮', '2', '0', '姒瑥鐓欑憲澶哥癌鐠猴拷'), ('18', '閸楀氦閿ら崺锟� 娑撴粌鎮滄稉锟界仦鍛缁岀皞oft 楠炴彃鍣ｅ〒鈺呂� 闂呭繑妞傞崣顖欎簰缁涘墽瀹�', '5700', '52', '1', '7', '20', '0', '2012', '1', '2017-09-06 21:01:02', '2017-09-11 00:35:01', 'bj', 'hdq', 'FsxiS6rOTpSg5pK7tv41e8Zpnn_c', '2', '1085', '1', '閾诲秵杈伴崲澶婃疮', '2', '0', '姒瑥鐓欑憲澶哥癌鐠猴拷'), ('19', '閺堟稒妲崶顓熸緲濡ら棿绗佺仦鍛吇 閼奉亙缍囩划鎹愵棅 閸楁瀵抽柅姘讹拷锟� 闁插洤鍘滄總鍊燁潒闁插孩顥楅敍锟�', '9200', '132', '3', '6', '14', '0', '2005', '1', '2017-09-06 22:44:25', '2017-09-11 00:34:55', 'bj', 'hdq', 'Fl1lNikhmMIecbTn-JTsurxugtFU', '2', '1108', '2', '閾诲秵杈伴崲澶婃疮', '2', '0', '姒瑥鐓欑憲澶哥癌鐠猴拷'), ('20', '妤傛ê銇囨稉濠勬畱閺佸顫ゆ稉銈呯湷鐎癸拷 娑撴矮瀵岀拠姘壈閸戣櫣顫�', '5400', '56', '2', '12', '20', '0', '2012', '1', '2017-09-06 23:39:50', '2017-09-11 00:34:21', 'bj', 'hdq', 'FtNl9uPM6p5PjEs8z2FnOuViNtOM', '2', '-1', '1', '閾诲秵杈伴崲澶婃疮', '2', '0', '姒瑥鐓欑憲澶哥癌鐠猴拷'), ('21', '閺傛澘鎮嶉崶锟� 濮濓綀顫夋稉澶婄湷鐎癸拷 缁崘顥婃穱锟� 鐎瑰墎鏁哥�硅泛鍙挎鎰弿', '1900', '18', '1', '13', '25', '0', '2012', '1', '2017-09-07 00:52:47', '2017-09-11 00:34:13', 'bj', 'hdq', 'Fn9sHC3Wx7qpYCmSxt-z8FZluf0Z', '3', '1302', '0', '閾诲秵杈伴崲澶婃疮', '2', '0', '姒瑥鐓欑憲澶哥癌鐠猴拷'), ('24', '濠�鏍у帨婢圭懓褰块張娑楀惈閸楀骸绨�183-387閵曪繝妲橀弲顖氥亣鐎癸拷', '50000', '288', '5', '1', '1', '0', '2015', '1', '2017-09-07 11:42:20', '2017-09-18 20:14:14', 'bj', 'hdq', 'FvVqU8LneZZ5xaLBAOM1KXR2Pz1X', '5', '200', '3', '閾诲秵杈伴崲澶婃疮', '2', '0', '姒瑥鐓欑憲澶哥癌鐠猴拷') [22001-196]
	at org.springframework.beans.factory.support.AbstractAutowireCapableBeanFactory.doCreateBean(AbstractAutowireCapableBeanFactory.java:564) ~[spring-beans-4.3.11.RELEASE.jar:4.3.11.RELEASE]
	at org.springframework.beans.factory.support.AbstractAutowireCapableBeanFactory.createBean(AbstractAutowireCapableBeanFactory.java:483) ~[spring-beans-4.3.11.RELEASE.jar:4.3.11.RELEASE]
	at org.springframework.beans.factory.support.AbstractBeanFactory$1.getObject(AbstractBeanFactory.java:306) ~[spring-beans-4.3.11.RELEASE.jar:4.3.11.RELEASE]
	at org.springframework.beans.factory.support.DefaultSingletonBeanRegistry.getSingleton(DefaultSingletonBeanRegistry.java:230) ~[spring-beans-4.3.11.RELEASE.jar:4.3.11.RELEASE]
	at org.springframework.beans.factory.support.AbstractBeanFactory.doGetBean(AbstractBeanFactory.java:302) ~[spring-beans-4.3.11.RELEASE.jar:4.3.11.RELEASE]
	at org.springframework.beans.factory.support.AbstractBeanFactory.getBean(AbstractBeanFactory.java:197) ~[spring-beans-4.3.11.RELEASE.jar:4.3.11.RELEASE]
	at org.springframework.context.annotation.ConfigurationClassEnhancer$BeanMethodInterceptor.obtainBeanInstanceFromFactory(ConfigurationClassEnhancer.java:389) ~[spring-context-4.3.11.RELEASE.jar:4.3.11.RELEASE]
	at org.springframework.context.annotation.ConfigurationClassEnhancer$BeanMethodInterceptor.intercept(ConfigurationClassEnhancer.java:361) ~[spring-context-4.3.11.RELEASE.jar:4.3.11.RELEASE]
	at com.imooc.config.JPAConfig$$EnhancerBySpringCGLIB$$ac3be7fd.dataSource(<generated>) ~[classes/:na]
	at com.imooc.config.JPAConfig.entityManagerFactory(JPAConfig.java:36) ~[classes/:na]
	at com.imooc.config.JPAConfig$$EnhancerBySpringCGLIB$$ac3be7fd.CGLIB$entityManagerFactory$2(<generated>) ~[classes/:na]
	at com.imooc.config.JPAConfig$$EnhancerBySpringCGLIB$$ac3be7fd$$FastClassBySpringCGLIB$$914d9ecd.invoke(<generated>) ~[classes/:na]
	at org.springframework.cglib.proxy.MethodProxy.invokeSuper(MethodProxy.java:228) ~[spring-core-4.3.11.RELEASE.jar:4.3.11.RELEASE]
	at org.springframework.context.annotation.ConfigurationClassEnhancer$BeanMethodInterceptor.intercept(ConfigurationClassEnhancer.java:358) ~[spring-context-4.3.11.RELEASE.jar:4.3.11.RELEASE]
	at com.imooc.config.JPAConfig$$EnhancerBySpringCGLIB$$ac3be7fd.entityManagerFactory(<generated>) ~[classes/:na]
	at sun.reflect.NativeMethodAccessorImpl.invoke0(Native Method) ~[na:1.8.0_31]
	at sun.reflect.NativeMethodAccessorImpl.invoke(NativeMethodAccessorImpl.java:62) ~[na:1.8.0_31]
	at sun.reflect.DelegatingMethodAccessorImpl.invoke(DelegatingMethodAccessorImpl.java:43) ~[na:1.8.0_31]
	at java.lang.reflect.Method.invoke(Method.java:483) ~[na:1.8.0_31]
	at org.springframework.beans.factory.support.SimpleInstantiationStrategy.instantiate(SimpleInstantiationStrategy.java:162) ~[spring-beans-4.3.11.RELEASE.jar:4.3.11.RELEASE]
	... 44 common frames omitted
Caused by: org.springframework.beans.factory.BeanCreationException: Error creating bean with name 'dataSourceInitializer': Invocation of init method failed; nested exception is org.springframework.jdbc.datasource.init.ScriptStatementFailedException: Failed to execute SQL script statement #7 of class path resource [db/data.sql]: INSERT INTO `house`(`id`, `title`, `price`, `area`, `room`, `floor`, `total_floor`, `watch_times`, `build_year`, `status`, `create_time`, `last_update_time`, `city_en_name`, `region_en_name`, `cover`, `direction`, `distance_to_subway`, `parlour`, `district`, `admin_id`, `bathroom`, `street`) VALUES ('15', '鐎靛苯濮忛崺锟� 閸ュ�熼敜CBD 閺冭泛鐨绘导鎴︽＝ 閸熷棗濮熼崝鐐插彆 鐡掑懏顥楅悺锕�濮�', '6200', '70', '2', '10', '20', '2', '2005', '1', '2017-09-06 18:56:14', '2017-09-15 00:26:59', 'bj', 'hdq', 'FmD3zKG-gUPOrNv0HwzZN7IbkAC_', '2', '10', '1', '閾诲秵杈伴崲澶婃疮', '2', '0', '姒瑥鐓欑憲澶哥癌鐠猴拷'), ('16', '鐎靛苯濮忛崺锟� 閸ュ�熼敜CBD 閺冭泛鐨绘导鎴︽＝ 閸熷棗濮熼崝鐐插彆', '6300', '70', '2', '10', '20', '0', '2012', '1', '2017-09-06 19:53:35', '2017-09-11 00:35:13', 'bj', 'hdq', 'FmD3zKG-gUPOrNv0HwzZN7IbkAC_', '1', '-1', '1', '閾诲秵杈伴崲澶婃疮', '2', '0', '姒瑥鐓欑憲澶哥癌鐠猴拷'), ('17', '娴滃瞼骞嗘稉婊呮纯闂傘劌婀撮柧浣虹彲闂勫嫯绻庨妴浣哄竾鎼存粈绨抽妴浣搞亯鐎瑰妫妴浣告禇鐠愭悶锟戒椒绗侀柌灞芥偛閵嗕礁宕￠柨锝夌处瀹革拷', '3000', '35', '1', '5', '10', '0', '2013', '1', '2017-09-06 20:45:35', '2017-09-11 00:35:05', 'bj', 'hdq', 'FhVdDhzVDH1dLVVx4jOaVXOCfnea', '1', '200', '0', '閾诲秵杈伴崲澶婃疮', '2', '0', '姒瑥鐓欑憲澶哥癌鐠猴拷'), ('18', '閸楀氦閿ら崺锟� 娑撴粌鎮滄稉锟界仦鍛缁岀皞oft 楠炴彃鍣ｅ〒鈺呂� 闂呭繑妞傞崣顖欎簰缁涘墽瀹�', '5700', '52', '1', '7', '20', '0', '2012', '1', '2017-09-06 21:01:02', '2017-09-11 00:35:01', 'bj', 'hdq', 'FsxiS6rOTpSg5pK7tv41e8Zpnn_c', '2', '1085', '1', '閾诲秵杈伴崲澶婃疮', '2', '0', '姒瑥鐓欑憲澶哥癌鐠猴拷'), ('19', '閺堟稒妲崶顓熸緲濡ら棿绗佺仦鍛吇 閼奉亙缍囩划鎹愵棅 閸楁瀵抽柅姘讹拷锟� 闁插洤鍘滄總鍊燁潒闁插孩顥楅敍锟�', '9200', '132', '3', '6', '14', '0', '2005', '1', '2017-09-06 22:44:25', '2017-09-11 00:34:55', 'bj', 'hdq', 'Fl1lNikhmMIecbTn-JTsurxugtFU', '2', '1108', '2', '閾诲秵杈伴崲澶婃疮', '2', '0', '姒瑥鐓欑憲澶哥癌鐠猴拷'), ('20', '妤傛ê銇囨稉濠勬畱閺佸顫ゆ稉銈呯湷鐎癸拷 娑撴矮瀵岀拠姘壈閸戣櫣顫�', '5400', '56', '2', '12', '20', '0', '2012', '1', '2017-09-06 23:39:50', '2017-09-11 00:34:21', 'bj', 'hdq', 'FtNl9uPM6p5PjEs8z2FnOuViNtOM', '2', '-1', '1', '閾诲秵杈伴崲澶婃疮', '2', '0', '姒瑥鐓欑憲澶哥癌鐠猴拷'), ('21', '閺傛澘鎮嶉崶锟� 濮濓綀顫夋稉澶婄湷鐎癸拷 缁崘顥婃穱锟� 鐎瑰墎鏁哥�硅泛鍙挎鎰弿', '1900', '18', '1', '13', '25', '0', '2012', '1', '2017-09-07 00:52:47', '2017-09-11 00:34:13', 'bj', 'hdq', 'Fn9sHC3Wx7qpYCmSxt-z8FZluf0Z', '3', '1302', '0', '閾诲秵杈伴崲澶婃疮', '2', '0', '姒瑥鐓欑憲澶哥癌鐠猴拷'), ('24', '濠�鏍у帨婢圭懓褰块張娑楀惈閸楀骸绨�183-387閵曪繝妲橀弲顖氥亣鐎癸拷', '50000', '288', '5', '1', '1', '0', '2015', '1', '2017-09-07 11:42:20', '2017-09-18 20:14:14', 'bj', 'hdq', 'FvVqU8LneZZ5xaLBAOM1KXR2Pz1X', '5', '200', '3', '閾诲秵杈伴崲澶婃疮', '2', '0', '姒瑥鐓欑憲澶哥癌鐠猴拷'); nested exception is org.h2.jdbc.JdbcSQLException: Value too long for column "TITLE VARCHAR(32) NOT NULL": "STRINGDECODE('\u7035\u5c7d\u59cf\u9369\ufffd \u9365\u501f\u9524CBD \u93c3\u8dfa\u76bb\u6d7c\u6226\u68fd \u935f\u55d7\u59df\u9354... (33)"; SQL statement:
INSERT INTO `house`(`id`, `title`, `price`, `area`, `room`, `floor`, `total_floor`, `watch_times`, `build_year`, `status`, `create_time`, `last_update_time`, `city_en_name`, `region_en_name`, `cover`, `direction`, `distance_to_subway`, `parlour`, `district`, `admin_id`, `bathroom`, `street`) VALUES ('15', '鐎靛苯濮忛崺锟� 閸ュ�熼敜CBD 閺冭泛鐨绘导鎴︽＝ 閸熷棗濮熼崝鐐插彆 鐡掑懏顥楅悺锕�濮�', '6200', '70', '2', '10', '20', '2', '2005', '1', '2017-09-06 18:56:14', '2017-09-15 00:26:59', 'bj', 'hdq', 'FmD3zKG-gUPOrNv0HwzZN7IbkAC_', '2', '10', '1', '閾诲秵杈伴崲澶婃疮', '2', '0', '姒瑥鐓欑憲澶哥癌鐠猴拷'), ('16', '鐎靛苯濮忛崺锟� 閸ュ�熼敜CBD 閺冭泛鐨绘导鎴︽＝ 閸熷棗濮熼崝鐐插彆', '6300', '70', '2', '10', '20', '0', '2012', '1', '2017-09-06 19:53:35', '2017-09-11 00:35:13', 'bj', 'hdq', 'FmD3zKG-gUPOrNv0HwzZN7IbkAC_', '1', '-1', '1', '閾诲秵杈伴崲澶婃疮', '2', '0', '姒瑥鐓欑憲澶哥癌鐠猴拷'), ('17', '娴滃瞼骞嗘稉婊呮纯闂傘劌婀撮柧浣虹彲闂勫嫯绻庨妴浣哄竾鎼存粈绨抽妴浣搞亯鐎瑰妫妴浣告禇鐠愭悶锟戒椒绗侀柌灞芥偛閵嗕礁宕￠柨锝夌处瀹革拷', '3000', '35', '1', '5', '10', '0', '2013', '1', '2017-09-06 20:45:35', '2017-09-11 00:35:05', 'bj', 'hdq', 'FhVdDhzVDH1dLVVx4jOaVXOCfnea', '1', '200', '0', '閾诲秵杈伴崲澶婃疮', '2', '0', '姒瑥鐓欑憲澶哥癌鐠猴拷'), ('18', '閸楀氦閿ら崺锟� 娑撴粌鎮滄稉锟界仦鍛缁岀皞oft 楠炴彃鍣ｅ〒鈺呂� 闂呭繑妞傞崣顖欎簰缁涘墽瀹�', '5700', '52', '1', '7', '20', '0', '2012', '1', '2017-09-06 21:01:02', '2017-09-11 00:35:01', 'bj', 'hdq', 'FsxiS6rOTpSg5pK7tv41e8Zpnn_c', '2', '1085', '1', '閾诲秵杈伴崲澶婃疮', '2', '0', '姒瑥鐓欑憲澶哥癌鐠猴拷'), ('19', '閺堟稒妲崶顓熸緲濡ら棿绗佺仦鍛吇 閼奉亙缍囩划鎹愵棅 閸楁瀵抽柅姘讹拷锟� 闁插洤鍘滄總鍊燁潒闁插孩顥楅敍锟�', '9200', '132', '3', '6', '14', '0', '2005', '1', '2017-09-06 22:44:25', '2017-09-11 00:34:55', 'bj', 'hdq', 'Fl1lNikhmMIecbTn-JTsurxugtFU', '2', '1108', '2', '閾诲秵杈伴崲澶婃疮', '2', '0', '姒瑥鐓欑憲澶哥癌鐠猴拷'), ('20', '妤傛ê銇囨稉濠勬畱閺佸顫ゆ稉銈呯湷鐎癸拷 娑撴矮瀵岀拠姘壈閸戣櫣顫�', '5400', '56', '2', '12', '20', '0', '2012', '1', '2017-09-06 23:39:50', '2017-09-11 00:34:21', 'bj', 'hdq', 'FtNl9uPM6p5PjEs8z2FnOuViNtOM', '2', '-1', '1', '閾诲秵杈伴崲澶婃疮', '2', '0', '姒瑥鐓欑憲澶哥癌鐠猴拷'), ('21', '閺傛澘鎮嶉崶锟� 濮濓綀顫夋稉澶婄湷鐎癸拷 缁崘顥婃穱锟� 鐎瑰墎鏁哥�硅泛鍙挎鎰弿', '1900', '18', '1', '13', '25', '0', '2012', '1', '2017-09-07 00:52:47', '2017-09-11 00:34:13', 'bj', 'hdq', 'Fn9sHC3Wx7qpYCmSxt-z8FZluf0Z', '3', '1302', '0', '閾诲秵杈伴崲澶婃疮', '2', '0', '姒瑥鐓欑憲澶哥癌鐠猴拷'), ('24', '濠�鏍у帨婢圭懓褰块張娑楀惈閸楀骸绨�183-387閵曪繝妲橀弲顖氥亣鐎癸拷', '50000', '288', '5', '1', '1', '0', '2015', '1', '2017-09-07 11:42:20', '2017-09-18 20:14:14', 'bj', 'hdq', 'FvVqU8LneZZ5xaLBAOM1KXR2Pz1X', '5', '200', '3', '閾诲秵杈伴崲澶婃疮', '2', '0', '姒瑥鐓欑憲澶哥癌鐠猴拷') [22001-196]
	at org.springframework.beans.factory.annotation.InitDestroyAnnotationBeanPostProcessor.postProcessBeforeInitialization(InitDestroyAnnotationBeanPostProcessor.java:137) ~[spring-beans-4.3.11.RELEASE.jar:4.3.11.RELEASE]
	at org.springframework.beans.factory.support.AbstractAutowireCapableBeanFactory.applyBeanPostProcessorsBeforeInitialization(AbstractAutowireCapableBeanFactory.java:409) ~[spring-beans-4.3.11.RELEASE.jar:4.3.11.RELEASE]
	at org.springframework.beans.factory.support.AbstractAutowireCapableBeanFactory.initializeBean(AbstractAutowireCapableBeanFactory.java:1620) ~[spring-beans-4.3.11.RELEASE.jar:4.3.11.RELEASE]
	at org.springframework.beans.factory.support.AbstractAutowireCapableBeanFactory.doCreateBean(AbstractAutowireCapableBeanFactory.java:555) ~[spring-beans-4.3.11.RELEASE.jar:4.3.11.RELEASE]
	at org.springframework.beans.factory.support.AbstractAutowireCapableBeanFactory.createBean(AbstractAutowireCapableBeanFactory.java:483) ~[spring-beans-4.3.11.RELEASE.jar:4.3.11.RELEASE]
	at org.springframework.beans.factory.support.AbstractBeanFactory$1.getObject(AbstractBeanFactory.java:306) ~[spring-beans-4.3.11.RELEASE.jar:4.3.11.RELEASE]
	at org.springframework.beans.factory.support.DefaultSingletonBeanRegistry.getSingleton(DefaultSingletonBeanRegistry.java:230) ~[spring-beans-4.3.11.RELEASE.jar:4.3.11.RELEASE]
	at org.springframework.beans.factory.support.AbstractBeanFactory.doGetBean(AbstractBeanFactory.java:302) ~[spring-beans-4.3.11.RELEASE.jar:4.3.11.RELEASE]
	at org.springframework.beans.factory.support.AbstractBeanFactory.getBean(AbstractBeanFactory.java:220) ~[spring-beans-4.3.11.RELEASE.jar:4.3.11.RELEASE]
	at org.springframework.beans.factory.support.DefaultListableBeanFactory.resolveNamedBean(DefaultListableBeanFactory.java:1018) ~[spring-beans-4.3.11.RELEASE.jar:4.3.11.RELEASE]
	at org.springframework.beans.factory.support.DefaultListableBeanFactory.getBean(DefaultListableBeanFactory.java:345) ~[spring-beans-4.3.11.RELEASE.jar:4.3.11.RELEASE]
	at org.springframework.beans.factory.support.DefaultListableBeanFactory.getBean(DefaultListableBeanFactory.java:340) ~[spring-beans-4.3.11.RELEASE.jar:4.3.11.RELEASE]
	at org.springframework.boot.autoconfigure.jdbc.DataSourceInitializerPostProcessor.postProcessAfterInitialization(DataSourceInitializerPostProcessor.java:62) ~[spring-boot-autoconfigure-1.5.7.RELEASE.jar:1.5.7.RELEASE]
	at org.springframework.beans.factory.support.AbstractAutowireCapableBeanFactory.applyBeanPostProcessorsAfterInitialization(AbstractAutowireCapableBeanFactory.java:423) ~[spring-beans-4.3.11.RELEASE.jar:4.3.11.RELEASE]
	at org.springframework.beans.factory.support.AbstractAutowireCapableBeanFactory.initializeBean(AbstractAutowireCapableBeanFactory.java:1633) ~[spring-beans-4.3.11.RELEASE.jar:4.3.11.RELEASE]
	at org.springframework.beans.factory.support.AbstractAutowireCapableBeanFactory.doCreateBean(AbstractAutowireCapableBeanFactory.java:555) ~[spring-beans-4.3.11.RELEASE.jar:4.3.11.RELEASE]
	... 63 common frames omitted
Caused by: org.springframework.jdbc.datasource.init.ScriptStatementFailedException: Failed to execute SQL script statement #7 of class path resource [db/data.sql]: INSERT INTO `house`(`id`, `title`, `price`, `area`, `room`, `floor`, `total_floor`, `watch_times`, `build_year`, `status`, `create_time`, `last_update_time`, `city_en_name`, `region_en_name`, `cover`, `direction`, `distance_to_subway`, `parlour`, `district`, `admin_id`, `bathroom`, `street`) VALUES ('15', '鐎靛苯濮忛崺锟� 閸ュ�熼敜CBD 閺冭泛鐨绘导鎴︽＝ 閸熷棗濮熼崝鐐插彆 鐡掑懏顥楅悺锕�濮�', '6200', '70', '2', '10', '20', '2', '2005', '1', '2017-09-06 18:56:14', '2017-09-15 00:26:59', 'bj', 'hdq', 'FmD3zKG-gUPOrNv0HwzZN7IbkAC_', '2', '10', '1', '閾诲秵杈伴崲澶婃疮', '2', '0', '姒瑥鐓欑憲澶哥癌鐠猴拷'), ('16', '鐎靛苯濮忛崺锟� 閸ュ�熼敜CBD 閺冭泛鐨绘导鎴︽＝ 閸熷棗濮熼崝鐐插彆', '6300', '70', '2', '10', '20', '0', '2012', '1', '2017-09-06 19:53:35', '2017-09-11 00:35:13', 'bj', 'hdq', 'FmD3zKG-gUPOrNv0HwzZN7IbkAC_', '1', '-1', '1', '閾诲秵杈伴崲澶婃疮', '2', '0', '姒瑥鐓欑憲澶哥癌鐠猴拷'), ('17', '娴滃瞼骞嗘稉婊呮纯闂傘劌婀撮柧浣虹彲闂勫嫯绻庨妴浣哄竾鎼存粈绨抽妴浣搞亯鐎瑰妫妴浣告禇鐠愭悶锟戒椒绗侀柌灞芥偛閵嗕礁宕￠柨锝夌处瀹革拷', '3000', '35', '1', '5', '10', '0', '2013', '1', '2017-09-06 20:45:35', '2017-09-11 00:35:05', 'bj', 'hdq', 'FhVdDhzVDH1dLVVx4jOaVXOCfnea', '1', '200', '0', '閾诲秵杈伴崲澶婃疮', '2', '0', '姒瑥鐓欑憲澶哥癌鐠猴拷'), ('18', '閸楀氦閿ら崺锟� 娑撴粌鎮滄稉锟界仦鍛缁岀皞oft 楠炴彃鍣ｅ〒鈺呂� 闂呭繑妞傞崣顖欎簰缁涘墽瀹�', '5700', '52', '1', '7', '20', '0', '2012', '1', '2017-09-06 21:01:02', '2017-09-11 00:35:01', 'bj', 'hdq', 'FsxiS6rOTpSg5pK7tv41e8Zpnn_c', '2', '1085', '1', '閾诲秵杈伴崲澶婃疮', '2', '0', '姒瑥鐓欑憲澶哥癌鐠猴拷'), ('19', '閺堟稒妲崶顓熸緲濡ら棿绗佺仦鍛吇 閼奉亙缍囩划鎹愵棅 閸楁瀵抽柅姘讹拷锟� 闁插洤鍘滄總鍊燁潒闁插孩顥楅敍锟�', '9200', '132', '3', '6', '14', '0', '2005', '1', '2017-09-06 22:44:25', '2017-09-11 00:34:55', 'bj', 'hdq', 'Fl1lNikhmMIecbTn-JTsurxugtFU', '2', '1108', '2', '閾诲秵杈伴崲澶婃疮', '2', '0', '姒瑥鐓欑憲澶哥癌鐠猴拷'), ('20', '妤傛ê銇囨稉濠勬畱閺佸顫ゆ稉銈呯湷鐎癸拷 娑撴矮瀵岀拠姘壈閸戣櫣顫�', '5400', '56', '2', '12', '20', '0', '2012', '1', '2017-09-06 23:39:50', '2017-09-11 00:34:21', 'bj', 'hdq', 'FtNl9uPM6p5PjEs8z2FnOuViNtOM', '2', '-1', '1', '閾诲秵杈伴崲澶婃疮', '2', '0', '姒瑥鐓欑憲澶哥癌鐠猴拷'), ('21', '閺傛澘鎮嶉崶锟� 濮濓綀顫夋稉澶婄湷鐎癸拷 缁崘顥婃穱锟� 鐎瑰墎鏁哥�硅泛鍙挎鎰弿', '1900', '18', '1', '13', '25', '0', '2012', '1', '2017-09-07 00:52:47', '2017-09-11 00:34:13', 'bj', 'hdq', 'Fn9sHC3Wx7qpYCmSxt-z8FZluf0Z', '3', '1302', '0', '閾诲秵杈伴崲澶婃疮', '2', '0', '姒瑥鐓欑憲澶哥癌鐠猴拷'), ('24', '濠�鏍у帨婢圭懓褰块張娑楀惈閸楀骸绨�183-387閵曪繝妲橀弲顖氥亣鐎癸拷', '50000', '288', '5', '1', '1', '0', '2015', '1', '2017-09-07 11:42:20', '2017-09-18 20:14:14', 'bj', 'hdq', 'FvVqU8LneZZ5xaLBAOM1KXR2Pz1X', '5', '200', '3', '閾诲秵杈伴崲澶婃疮', '2', '0', '姒瑥鐓欑憲澶哥癌鐠猴拷'); nested exception is org.h2.jdbc.JdbcSQLException: Value too long for column "TITLE VARCHAR(32) NOT NULL": "STRINGDECODE('\u7035\u5c7d\u59cf\u9369\ufffd \u9365\u501f\u9524CBD \u93c3\u8dfa\u76bb\u6d7c\u6226\u68fd \u935f\u55d7\u59df\u9354... (33)"; SQL statement:
INSERT INTO `house`(`id`, `title`, `price`, `area`, `room`, `floor`, `total_floor`, `watch_times`, `build_year`, `status`, `create_time`, `last_update_time`, `city_en_name`, `region_en_name`, `cover`, `direction`, `distance_to_subway`, `parlour`, `district`, `admin_id`, `bathroom`, `street`) VALUES ('15', '鐎靛苯濮忛崺锟� 閸ュ�熼敜CBD 閺冭泛鐨绘导鎴︽＝ 閸熷棗濮熼崝鐐插彆 鐡掑懏顥楅悺锕�濮�', '6200', '70', '2', '10', '20', '2', '2005', '1', '2017-09-06 18:56:14', '2017-09-15 00:26:59', 'bj', 'hdq', 'FmD3zKG-gUPOrNv0HwzZN7IbkAC_', '2', '10', '1', '閾诲秵杈伴崲澶婃疮', '2', '0', '姒瑥鐓欑憲澶哥癌鐠猴拷'), ('16', '鐎靛苯濮忛崺锟� 閸ュ�熼敜CBD 閺冭泛鐨绘导鎴︽＝ 閸熷棗濮熼崝鐐插彆', '6300', '70', '2', '10', '20', '0', '2012', '1', '2017-09-06 19:53:35', '2017-09-11 00:35:13', 'bj', 'hdq', 'FmD3zKG-gUPOrNv0HwzZN7IbkAC_', '1', '-1', '1', '閾诲秵杈伴崲澶婃疮', '2', '0', '姒瑥鐓欑憲澶哥癌鐠猴拷'), ('17', '娴滃瞼骞嗘稉婊呮纯闂傘劌婀撮柧浣虹彲闂勫嫯绻庨妴浣哄竾鎼存粈绨抽妴浣搞亯鐎瑰妫妴浣告禇鐠愭悶锟戒椒绗侀柌灞芥偛閵嗕礁宕￠柨锝夌处瀹革拷', '3000', '35', '1', '5', '10', '0', '2013', '1', '2017-09-06 20:45:35', '2017-09-11 00:35:05', 'bj', 'hdq', 'FhVdDhzVDH1dLVVx4jOaVXOCfnea', '1', '200', '0', '閾诲秵杈伴崲澶婃疮', '2', '0', '姒瑥鐓欑憲澶哥癌鐠猴拷'), ('18', '閸楀氦閿ら崺锟� 娑撴粌鎮滄稉锟界仦鍛缁岀皞oft 楠炴彃鍣ｅ〒鈺呂� 闂呭繑妞傞崣顖欎簰缁涘墽瀹�', '5700', '52', '1', '7', '20', '0', '2012', '1', '2017-09-06 21:01:02', '2017-09-11 00:35:01', 'bj', 'hdq', 'FsxiS6rOTpSg5pK7tv41e8Zpnn_c', '2', '1085', '1', '閾诲秵杈伴崲澶婃疮', '2', '0', '姒瑥鐓欑憲澶哥癌鐠猴拷'), ('19', '閺堟稒妲崶顓熸緲濡ら棿绗佺仦鍛吇 閼奉亙缍囩划鎹愵棅 閸楁瀵抽柅姘讹拷锟� 闁插洤鍘滄總鍊燁潒闁插孩顥楅敍锟�', '9200', '132', '3', '6', '14', '0', '2005', '1', '2017-09-06 22:44:25', '2017-09-11 00:34:55', 'bj', 'hdq', 'Fl1lNikhmMIecbTn-JTsurxugtFU', '2', '1108', '2', '閾诲秵杈伴崲澶婃疮', '2', '0', '姒瑥鐓欑憲澶哥癌鐠猴拷'), ('20', '妤傛ê銇囨稉濠勬畱閺佸顫ゆ稉銈呯湷鐎癸拷 娑撴矮瀵岀拠姘壈閸戣櫣顫�', '5400', '56', '2', '12', '20', '0', '2012', '1', '2017-09-06 23:39:50', '2017-09-11 00:34:21', 'bj', 'hdq', 'FtNl9uPM6p5PjEs8z2FnOuViNtOM', '2', '-1', '1', '閾诲秵杈伴崲澶婃疮', '2', '0', '姒瑥鐓欑憲澶哥癌鐠猴拷'), ('21', '閺傛澘鎮嶉崶锟� 濮濓綀顫夋稉澶婄湷鐎癸拷 缁崘顥婃穱锟� 鐎瑰墎鏁哥�硅泛鍙挎鎰弿', '1900', '18', '1', '13', '25', '0', '2012', '1', '2017-09-07 00:52:47', '2017-09-11 00:34:13', 'bj', 'hdq', 'Fn9sHC3Wx7qpYCmSxt-z8FZluf0Z', '3', '1302', '0', '閾诲秵杈伴崲澶婃疮', '2', '0', '姒瑥鐓欑憲澶哥癌鐠猴拷'), ('24', '濠�鏍у帨婢圭懓褰块張娑楀惈閸楀骸绨�183-387閵曪繝妲橀弲顖氥亣鐎癸拷', '50000', '288', '5', '1', '1', '0', '2015', '1', '2017-09-07 11:42:20', '2017-09-18 20:14:14', 'bj', 'hdq', 'FvVqU8LneZZ5xaLBAOM1KXR2Pz1X', '5', '200', '3', '閾诲秵杈伴崲澶婃疮', '2', '0', '姒瑥鐓欑憲澶哥癌鐠猴拷') [22001-196]
	at org.springframework.jdbc.datasource.init.ScriptUtils.executeSqlScript(ScriptUtils.java:491) ~[spring-jdbc-4.3.11.RELEASE.jar:4.3.11.RELEASE]
	at org.springframework.jdbc.datasource.init.ResourceDatabasePopulator.populate(ResourceDatabasePopulator.java:238) ~[spring-jdbc-4.3.11.RELEASE.jar:4.3.11.RELEASE]
	at org.springframework.jdbc.datasource.init.DatabasePopulatorUtils.execute(DatabasePopulatorUtils.java:48) ~[spring-jdbc-4.3.11.RELEASE.jar:4.3.11.RELEASE]
	at org.springframework.boot.autoconfigure.jdbc.DataSourceInitializer.runScripts(DataSourceInitializer.java:192) ~[spring-boot-autoconfigure-1.5.7.RELEASE.jar:1.5.7.RELEASE]
	at org.springframework.boot.autoconfigure.jdbc.DataSourceInitializer.runDataScripts(DataSourceInitializer.java:128) ~[spring-boot-autoconfigure-1.5.7.RELEASE.jar:1.5.7.RELEASE]
	at org.springframework.boot.autoconfigure.jdbc.DataSourceInitializer.onApplicationEvent(DataSourceInitializer.java:118) ~[spring-boot-autoconfigure-1.5.7.RELEASE.jar:1.5.7.RELEASE]
	at org.springframework.boot.autoconfigure.jdbc.DataSourceInitializer.onApplicationEvent(DataSourceInitializer.java:51) ~[spring-boot-autoconfigure-1.5.7.RELEASE.jar:1.5.7.RELEASE]
	at org.springframework.context.event.SimpleApplicationEventMulticaster.doInvokeListener(SimpleApplicationEventMulticaster.java:172) ~[spring-context-4.3.11.RELEASE.jar:4.3.11.RELEASE]
	at org.springframework.context.event.SimpleApplicationEventMulticaster.invokeListener(SimpleApplicationEventMulticaster.java:165) ~[spring-context-4.3.11.RELEASE.jar:4.3.11.RELEASE]
	at org.springframework.context.event.SimpleApplicationEventMulticaster.multicastEvent(SimpleApplicationEventMulticaster.java:139) ~[spring-context-4.3.11.RELEASE.jar:4.3.11.RELEASE]
	at org.springframework.context.support.AbstractApplicationContext.publishEvent(AbstractApplicationContext.java:393) ~[spring-context-4.3.11.RELEASE.jar:4.3.11.RELEASE]
	at org.springframework.context.support.AbstractApplicationContext.publishEvent(AbstractApplicationContext.java:347) ~[spring-context-4.3.11.RELEASE.jar:4.3.11.RELEASE]
	at org.springframework.boot.autoconfigure.jdbc.DataSourceInitializer.runSchemaScripts(DataSourceInitializer.java:95) ~[spring-boot-autoconfigure-1.5.7.RELEASE.jar:1.5.7.RELEASE]
	at org.springframework.boot.autoconfigure.jdbc.DataSourceInitializer.init(DataSourceInitializer.java:83) ~[spring-boot-autoconfigure-1.5.7.RELEASE.jar:1.5.7.RELEASE]
	at sun.reflect.NativeMethodAccessorImpl.invoke0(Native Method) ~[na:1.8.0_31]
	at sun.reflect.NativeMethodAccessorImpl.invoke(NativeMethodAccessorImpl.java:62) ~[na:1.8.0_31]
	at sun.reflect.DelegatingMethodAccessorImpl.invoke(DelegatingMethodAccessorImpl.java:43) ~[na:1.8.0_31]
	at java.lang.reflect.Method.invoke(Method.java:483) ~[na:1.8.0_31]
	at org.springframework.beans.factory.annotation.InitDestroyAnnotationBeanPostProcessor$LifecycleElement.invoke(InitDestroyAnnotationBeanPostProcessor.java:366) ~[spring-beans-4.3.11.RELEASE.jar:4.3.11.RELEASE]
	at org.springframework.beans.factory.annotation.InitDestroyAnnotationBeanPostProcessor$LifecycleMetadata.invokeInitMethods(InitDestroyAnnotationBeanPostProcessor.java:311) ~[spring-beans-4.3.11.RELEASE.jar:4.3.11.RELEASE]
	at org.springframework.beans.factory.annotation.InitDestroyAnnotationBeanPostProcessor.postProcessBeforeInitialization(InitDestroyAnnotationBeanPostProcessor.java:134) ~[spring-beans-4.3.11.RELEASE.jar:4.3.11.RELEASE]
	... 78 common frames omitted
Caused by: org.h2.jdbc.JdbcSQLException: Value too long for column "TITLE VARCHAR(32) NOT NULL": "STRINGDECODE('\u7035\u5c7d\u59cf\u9369\ufffd \u9365\u501f\u9524CBD \u93c3\u8dfa\u76bb\u6d7c\u6226\u68fd \u935f\u55d7\u59df\u9354... (33)"; SQL statement:
INSERT INTO `house`(`id`, `title`, `price`, `area`, `room`, `floor`, `total_floor`, `watch_times`, `build_year`, `status`, `create_time`, `last_update_time`, `city_en_name`, `region_en_name`, `cover`, `direction`, `distance_to_subway`, `parlour`, `district`, `admin_id`, `bathroom`, `street`) VALUES ('15', '鐎靛苯濮忛崺锟� 閸ュ�熼敜CBD 閺冭泛鐨绘导鎴︽＝ 閸熷棗濮熼崝鐐插彆 鐡掑懏顥楅悺锕�濮�', '6200', '70', '2', '10', '20', '2', '2005', '1', '2017-09-06 18:56:14', '2017-09-15 00:26:59', 'bj', 'hdq', 'FmD3zKG-gUPOrNv0HwzZN7IbkAC_', '2', '10', '1', '閾诲秵杈伴崲澶婃疮', '2', '0', '姒瑥鐓欑憲澶哥癌鐠猴拷'), ('16', '鐎靛苯濮忛崺锟� 閸ュ�熼敜CBD 閺冭泛鐨绘导鎴︽＝ 閸熷棗濮熼崝鐐插彆', '6300', '70', '2', '10', '20', '0', '2012', '1', '2017-09-06 19:53:35', '2017-09-11 00:35:13', 'bj', 'hdq', 'FmD3zKG-gUPOrNv0HwzZN7IbkAC_', '1', '-1', '1', '閾诲秵杈伴崲澶婃疮', '2', '0', '姒瑥鐓欑憲澶哥癌鐠猴拷'), ('17', '娴滃瞼骞嗘稉婊呮纯闂傘劌婀撮柧浣虹彲闂勫嫯绻庨妴浣哄竾鎼存粈绨抽妴浣搞亯鐎瑰妫妴浣告禇鐠愭悶锟戒椒绗侀柌灞芥偛閵嗕礁宕￠柨锝夌处瀹革拷', '3000', '35', '1', '5', '10', '0', '2013', '1', '2017-09-06 20:45:35', '2017-09-11 00:35:05', 'bj', 'hdq', 'FhVdDhzVDH1dLVVx4jOaVXOCfnea', '1', '200', '0', '閾诲秵杈伴崲澶婃疮', '2', '0', '姒瑥鐓欑憲澶哥癌鐠猴拷'), ('18', '閸楀氦閿ら崺锟� 娑撴粌鎮滄稉锟界仦鍛缁岀皞oft 楠炴彃鍣ｅ〒鈺呂� 闂呭繑妞傞崣顖欎簰缁涘墽瀹�', '5700', '52', '1', '7', '20', '0', '2012', '1', '2017-09-06 21:01:02', '2017-09-11 00:35:01', 'bj', 'hdq', 'FsxiS6rOTpSg5pK7tv41e8Zpnn_c', '2', '1085', '1', '閾诲秵杈伴崲澶婃疮', '2', '0', '姒瑥鐓欑憲澶哥癌鐠猴拷'), ('19', '閺堟稒妲崶顓熸緲濡ら棿绗佺仦鍛吇 閼奉亙缍囩划鎹愵棅 閸楁瀵抽柅姘讹拷锟� 闁插洤鍘滄總鍊燁潒闁插孩顥楅敍锟�', '9200', '132', '3', '6', '14', '0', '2005', '1', '2017-09-06 22:44:25', '2017-09-11 00:34:55', 'bj', 'hdq', 'Fl1lNikhmMIecbTn-JTsurxugtFU', '2', '1108', '2', '閾诲秵杈伴崲澶婃疮', '2', '0', '姒瑥鐓欑憲澶哥癌鐠猴拷'), ('20', '妤傛ê銇囨稉濠勬畱閺佸顫ゆ稉銈呯湷鐎癸拷 娑撴矮瀵岀拠姘壈閸戣櫣顫�', '5400', '56', '2', '12', '20', '0', '2012', '1', '2017-09-06 23:39:50', '2017-09-11 00:34:21', 'bj', 'hdq', 'FtNl9uPM6p5PjEs8z2FnOuViNtOM', '2', '-1', '1', '閾诲秵杈伴崲澶婃疮', '2', '0', '姒瑥鐓欑憲澶哥癌鐠猴拷'), ('21', '閺傛澘鎮嶉崶锟� 濮濓綀顫夋稉澶婄湷鐎癸拷 缁崘顥婃穱锟� 鐎瑰墎鏁哥�硅泛鍙挎鎰弿', '1900', '18', '1', '13', '25', '0', '2012', '1', '2017-09-07 00:52:47', '2017-09-11 00:34:13', 'bj', 'hdq', 'Fn9sHC3Wx7qpYCmSxt-z8FZluf0Z', '3', '1302', '0', '閾诲秵杈伴崲澶婃疮', '2', '0', '姒瑥鐓欑憲澶哥癌鐠猴拷'), ('24', '濠�鏍у帨婢圭懓褰块張娑楀惈閸楀骸绨�183-387閵曪繝妲橀弲顖氥亣鐎癸拷', '50000', '288', '5', '1', '1', '0', '2015', '1', '2017-09-07 11:42:20', '2017-09-18 20:14:14', 'bj', 'hdq', 'FvVqU8LneZZ5xaLBAOM1KXR2Pz1X', '5', '200', '3', '閾诲秵杈伴崲澶婃疮', '2', '0', '姒瑥鐓欑憲澶哥癌鐠猴拷') [22001-196]
	at org.h2.message.DbException.getJdbcSQLException(DbException.java:345) ~[h2-1.4.196.jar:1.4.196]
	at org.h2.message.DbException.get(DbException.java:179) ~[h2-1.4.196.jar:1.4.196]
	at org.h2.table.Column.validateConvertUpdateSequence(Column.java:369) ~[h2-1.4.196.jar:1.4.196]
	at org.h2.table.Table.validateConvertUpdateSequence(Table.java:797) ~[h2-1.4.196.jar:1.4.196]
	at org.h2.command.dml.Insert.insertRows(Insert.java:151) ~[h2-1.4.196.jar:1.4.196]
	at org.h2.command.dml.Insert.update(Insert.java:114) ~[h2-1.4.196.jar:1.4.196]
	at org.h2.command.CommandContainer.update(CommandContainer.java:101) ~[h2-1.4.196.jar:1.4.196]
	at org.h2.command.Command.executeUpdate(Command.java:260) ~[h2-1.4.196.jar:1.4.196]
	at org.h2.jdbc.JdbcStatement.executeInternal(JdbcStatement.java:192) ~[h2-1.4.196.jar:1.4.196]
	at org.h2.jdbc.JdbcStatement.execute(JdbcStatement.java:164) ~[h2-1.4.196.jar:1.4.196]
	at sun.reflect.GeneratedMethodAccessor63.invoke(Unknown Source) ~[na:na]
	at sun.reflect.DelegatingMethodAccessorImpl.invoke(DelegatingMethodAccessorImpl.java:43) ~[na:1.8.0_31]
	at java.lang.reflect.Method.invoke(Method.java:483) ~[na:1.8.0_31]
	at org.apache.tomcat.jdbc.pool.StatementFacade$StatementProxy.invoke(StatementFacade.java:114) ~[tomcat-jdbc-8.5.20.jar:na]
	at com.sun.proxy.$Proxy90.execute(Unknown Source) ~[na:na]
	at org.springframework.jdbc.datasource.init.ScriptUtils.executeSqlScript(ScriptUtils.java:470) ~[spring-jdbc-4.3.11.RELEASE.jar:4.3.11.RELEASE]
	... 98 common frames omitted

]]></system-out>
  </testcase>
  <testcase name="test" classname="com.imooc.service.house.QiNiuServiceTests" time="0.001">
    <error message="Failed to load ApplicationContext" type="java.lang.IllegalStateException"><![CDATA[java.lang.IllegalStateException: Failed to load ApplicationContext
	at org.springframework.test.context.cache.DefaultCacheAwareContextLoaderDelegate.loadContext(DefaultCacheAwareContextLoaderDelegate.java:124)
	at org.springframework.test.context.support.DefaultTestContext.getApplicationContext(DefaultTestContext.java:83)
	at org.springframework.test.context.web.ServletTestExecutionListener.setUpRequestContextIfNecessary(ServletTestExecutionListener.java:189)
	at org.springframework.test.context.web.ServletTestExecutionListener.prepareTestInstance(ServletTestExecutionListener.java:131)
	at org.springframework.test.context.TestContextManager.prepareTestInstance(TestContextManager.java:230)
	at org.springframework.test.context.junit4.SpringJUnit4ClassRunner.createTest(SpringJUnit4ClassRunner.java:228)
	at org.springframework.test.context.junit4.SpringJUnit4ClassRunner$1.runReflectiveCall(SpringJUnit4ClassRunner.java:287)
	at org.junit.internal.runners.model.ReflectiveCallable.run(ReflectiveCallable.java:12)
	at org.springframework.test.context.junit4.SpringJUnit4ClassRunner.methodBlock(SpringJUnit4ClassRunner.java:289)
	at org.springframework.test.context.junit4.SpringJUnit4ClassRunner.runChild(SpringJUnit4ClassRunner.java:247)
	at org.springframework.test.context.junit4.SpringJUnit4ClassRunner.runChild(SpringJUnit4ClassRunner.java:94)
	at org.junit.runners.ParentRunner$3.run(ParentRunner.java:290)
	at org.junit.runners.ParentRunner$1.schedule(ParentRunner.java:71)
	at org.junit.runners.ParentRunner.runChildren(ParentRunner.java:288)
	at org.junit.runners.ParentRunner.access$000(ParentRunner.java:58)
	at org.junit.runners.ParentRunner$2.evaluate(ParentRunner.java:268)
	at org.springframework.test.context.junit4.statements.RunBeforeTestClassCallbacks.evaluate(RunBeforeTestClassCallbacks.java:61)
	at org.springframework.test.context.junit4.statements.RunAfterTestClassCallbacks.evaluate(RunAfterTestClassCallbacks.java:70)
	at org.junit.runners.ParentRunner.run(ParentRunner.java:363)
	at org.springframework.test.context.junit4.SpringJUnit4ClassRunner.run(SpringJUnit4ClassRunner.java:191)
	at org.apache.maven.surefire.junit4.JUnit4Provider.execute(JUnit4Provider.java:283)
	at org.apache.maven.surefire.junit4.JUnit4Provider.executeWithRerun(JUnit4Provider.java:173)
	at org.apache.maven.surefire.junit4.JUnit4Provider.executeTestSet(JUnit4Provider.java:153)
	at org.apache.maven.surefire.junit4.JUnit4Provider.invoke(JUnit4Provider.java:128)
	at org.apache.maven.surefire.booter.ForkedBooter.invokeProviderInSameClassLoader(ForkedBooter.java:203)
	at org.apache.maven.surefire.booter.ForkedBooter.runSuitesInProcess(ForkedBooter.java:155)
	at org.apache.maven.surefire.booter.ForkedBooter.main(ForkedBooter.java:103)
Caused by: org.springframework.beans.factory.BeanCreationException: Error creating bean with name 'entityManagerFactory' defined in class path resource [com/imooc/config/JPAConfig.class]: Bean instantiation via factory method failed; nested exception is org.springframework.beans.BeanInstantiationException: Failed to instantiate [org.springframework.orm.jpa.LocalContainerEntityManagerFactoryBean]: Factory method 'entityManagerFactory' threw exception; nested exception is org.springframework.beans.factory.BeanCreationException: Error creating bean with name 'dataSource' defined in class path resource [com/imooc/config/JPAConfig.class]: Initialization of bean failed; nested exception is org.springframework.beans.factory.BeanCreationException: Error creating bean with name 'dataSourceInitializer': Invocation of init method failed; nested exception is org.springframework.jdbc.datasource.init.ScriptStatementFailedException: Failed to execute SQL script statement #7 of class path resource [db/data.sql]: INSERT INTO `house`(`id`, `title`, `price`, `area`, `room`, `floor`, `total_floor`, `watch_times`, `build_year`, `status`, `create_time`, `last_update_time`, `city_en_name`, `region_en_name`, `cover`, `direction`, `distance_to_subway`, `parlour`, `district`, `admin_id`, `bathroom`, `street`) VALUES ('15', '瀵屽姏鍩� 鍥借锤CBD 鏃跺皻浼戦棽 鍟嗗姟鍔炲叕 瓒呮鐡﹀姏', '6200', '70', '2', '10', '20', '2', '2005', '1', '2017-09-06 18:56:14', '2017-09-15 00:26:59', 'bj', 'hdq', 'FmD3zKG-gUPOrNv0HwzZN7IbkAC_', '2', '10', '1', '铻嶆辰鍢夊洯', '2', '0', '榫欏煙瑗夸簩璺�'), ('16', '瀵屽姏鍩� 鍥借锤CBD 鏃跺皻浼戦棽 鍟嗗姟鍔炲叕', '6300', '70', '2', '10', '20', '0', '2012', '1', '2017-09-06 19:53:35', '2017-09-11 00:35:13', 'bj', 'hdq', 'FmD3zKG-gUPOrNv0HwzZN7IbkAC_', '1', '-1', '1', '铻嶆辰鍢夊洯', '2', '0', '榫欏煙瑗夸簩璺�'), ('17', '浜岀幆涓滅洿闂ㄥ湴閾佺珯闄勮繎銆佺帇搴滀簳銆佸ぉ瀹夐棬銆佸浗璐搞�佷笁閲屽悲銆佸崡閿ｉ紦宸�', '3000', '35', '1', '5', '10', '0', '2013', '1', '2017-09-06 20:45:35', '2017-09-11 00:35:05', 'bj', 'hdq', 'FhVdDhzVDH1dLVVx4jOaVXOCfnea', '1', '200', '0', '铻嶆辰鍢夊洯', '2', '0', '榫欏煙瑗夸簩璺�'), ('18', '鍗庤锤鍩� 涓滃悜涓�灞呮寫绌簂oft 骞插噣娓╅Θ 闅忔椂鍙互绛剧害', '5700', '52', '1', '7', '20', '0', '2012', '1', '2017-09-06 21:01:02', '2017-09-11 00:35:01', 'bj', 'hdq', 'FsxiS6rOTpSg5pK7tv41e8Zpnn_c', '2', '1085', '1', '铻嶆辰鍢夊洯', '2', '0', '榫欏煙瑗夸簩璺�'), ('19', '鏈涙槬鍥澘妤间笁灞呭 鑷綇绮捐 鍗楀寳閫氶�� 閲囧厜濂借閲庢锛�', '9200', '132', '3', '6', '14', '0', '2005', '1', '2017-09-06 22:44:25', '2017-09-11 00:34:55', 'bj', 'hdq', 'Fl1lNikhmMIecbTn-JTsurxugtFU', '2', '1108', '2', '铻嶆辰鍢夊洯', '2', '0', '榫欏煙瑗夸簩璺�'), ('20', '楂樺ぇ涓婄殑鏁寸涓ゅ眳瀹� 涓氫富璇氭剰鍑虹', '5400', '56', '2', '12', '20', '0', '2012', '1', '2017-09-06 23:39:50', '2017-09-11 00:34:21', 'bj', 'hdq', 'FtNl9uPM6p5PjEs8z2FnOuViNtOM', '2', '-1', '1', '铻嶆辰鍢夊洯', '2', '0', '榫欏煙瑗夸簩璺�'), ('21', '鏂板悍鍥� 姝ｈ涓夊眳瀹� 绮捐淇� 瀹剁數瀹跺叿榻愬叏', '1900', '18', '1', '13', '25', '0', '2012', '1', '2017-09-07 00:52:47', '2017-09-11 00:34:13', 'bj', 'hdq', 'Fn9sHC3Wx7qpYCmSxt-z8FZluf0Z', '3', '1302', '0', '铻嶆辰鍢夊洯', '2', '0', '榫欏煙瑗夸簩璺�'), ('24', '婀栧厜澹瑰彿鏈涗含鍗庡簻183-387銕￠様鏅ぇ瀹�', '50000', '288', '5', '1', '1', '0', '2015', '1', '2017-09-07 11:42:20', '2017-09-18 20:14:14', 'bj', 'hdq', 'FvVqU8LneZZ5xaLBAOM1KXR2Pz1X', '5', '200', '3', '铻嶆辰鍢夊洯', '2', '0', '榫欏煙瑗夸簩璺�'); nested exception is org.h2.jdbc.JdbcSQLException: Value too long for column "TITLE VARCHAR(32) NOT NULL": "STRINGDECODE('\u7035\u5c7d\u59cf\u9369\ufffd \u9365\u501f\u9524CBD \u93c3\u8dfa\u76bb\u6d7c\u6226\u68fd \u935f\u55d7\u59df\u9354... (33)"; SQL statement:
INSERT INTO `house`(`id`, `title`, `price`, `area`, `room`, `floor`, `total_floor`, `watch_times`, `build_year`, `status`, `create_time`, `last_update_time`, `city_en_name`, `region_en_name`, `cover`, `direction`, `distance_to_subway`, `parlour`, `district`, `admin_id`, `bathroom`, `street`) VALUES ('15', '瀵屽姏鍩� 鍥借锤CBD 鏃跺皻浼戦棽 鍟嗗姟鍔炲叕 瓒呮鐡﹀姏', '6200', '70', '2', '10', '20', '2', '2005', '1', '2017-09-06 18:56:14', '2017-09-15 00:26:59', 'bj', 'hdq', 'FmD3zKG-gUPOrNv0HwzZN7IbkAC_', '2', '10', '1', '铻嶆辰鍢夊洯', '2', '0', '榫欏煙瑗夸簩璺�'), ('16', '瀵屽姏鍩� 鍥借锤CBD 鏃跺皻浼戦棽 鍟嗗姟鍔炲叕', '6300', '70', '2', '10', '20', '0', '2012', '1', '2017-09-06 19:53:35', '2017-09-11 00:35:13', 'bj', 'hdq', 'FmD3zKG-gUPOrNv0HwzZN7IbkAC_', '1', '-1', '1', '铻嶆辰鍢夊洯', '2', '0', '榫欏煙瑗夸簩璺�'), ('17', '浜岀幆涓滅洿闂ㄥ湴閾佺珯闄勮繎銆佺帇搴滀簳銆佸ぉ瀹夐棬銆佸浗璐搞�佷笁閲屽悲銆佸崡閿ｉ紦宸�', '3000', '35', '1', '5', '10', '0', '2013', '1', '2017-09-06 20:45:35', '2017-09-11 00:35:05', 'bj', 'hdq', 'FhVdDhzVDH1dLVVx4jOaVXOCfnea', '1', '200', '0', '铻嶆辰鍢夊洯', '2', '0', '榫欏煙瑗夸簩璺�'), ('18', '鍗庤锤鍩� 涓滃悜涓�灞呮寫绌簂oft 骞插噣娓╅Θ 闅忔椂鍙互绛剧害', '5700', '52', '1', '7', '20', '0', '2012', '1', '2017-09-06 21:01:02', '2017-09-11 00:35:01', 'bj', 'hdq', 'FsxiS6rOTpSg5pK7tv41e8Zpnn_c', '2', '1085', '1', '铻嶆辰鍢夊洯', '2', '0', '榫欏煙瑗夸簩璺�'), ('19', '鏈涙槬鍥澘妤间笁灞呭 鑷綇绮捐 鍗楀寳閫氶�� 閲囧厜濂借閲庢锛�', '9200', '132', '3', '6', '14', '0', '2005', '1', '2017-09-06 22:44:25', '2017-09-11 00:34:55', 'bj', 'hdq', 'Fl1lNikhmMIecbTn-JTsurxugtFU', '2', '1108', '2', '铻嶆辰鍢夊洯', '2', '0', '榫欏煙瑗夸簩璺�'), ('20', '楂樺ぇ涓婄殑鏁寸涓ゅ眳瀹� 涓氫富璇氭剰鍑虹', '5400', '56', '2', '12', '20', '0', '2012', '1', '2017-09-06 23:39:50', '2017-09-11 00:34:21', 'bj', 'hdq', 'FtNl9uPM6p5PjEs8z2FnOuViNtOM', '2', '-1', '1', '铻嶆辰鍢夊洯', '2', '0', '榫欏煙瑗夸簩璺�'), ('21', '鏂板悍鍥� 姝ｈ涓夊眳瀹� 绮捐淇� 瀹剁數瀹跺叿榻愬叏', '1900', '18', '1', '13', '25', '0', '2012', '1', '2017-09-07 00:52:47', '2017-09-11 00:34:13', 'bj', 'hdq', 'Fn9sHC3Wx7qpYCmSxt-z8FZluf0Z', '3', '1302', '0', '铻嶆辰鍢夊洯', '2', '0', '榫欏煙瑗夸簩璺�'), ('24', '婀栧厜澹瑰彿鏈涗含鍗庡簻183-387銕￠様鏅ぇ瀹�', '50000', '288', '5', '1', '1', '0', '2015', '1', '2017-09-07 11:42:20', '2017-09-18 20:14:14', 'bj', 'hdq', 'FvVqU8LneZZ5xaLBAOM1KXR2Pz1X', '5', '200', '3', '铻嶆辰鍢夊洯', '2', '0', '榫欏煙瑗夸簩璺�') [22001-196]
	at org.springframework.beans.factory.support.ConstructorResolver.instantiateUsingFactoryMethod(ConstructorResolver.java:599)
	at org.springframework.beans.factory.support.AbstractAutowireCapableBeanFactory.instantiateUsingFactoryMethod(AbstractAutowireCapableBeanFactory.java:1173)
	at org.springframework.beans.factory.support.AbstractAutowireCapableBeanFactory.createBeanInstance(AbstractAutowireCapableBeanFactory.java:1067)
	at org.springframework.beans.factory.support.AbstractAutowireCapableBeanFactory.doCreateBean(AbstractAutowireCapableBeanFactory.java:513)
	at org.springframework.beans.factory.support.AbstractAutowireCapableBeanFactory.createBean(AbstractAutowireCapableBeanFactory.java:483)
	at org.springframework.beans.factory.support.AbstractBeanFactory$1.getObject(AbstractBeanFactory.java:306)
	at org.springframework.beans.factory.support.DefaultSingletonBeanRegistry.getSingleton(DefaultSingletonBeanRegistry.java:230)
	at org.springframework.beans.factory.support.AbstractBeanFactory.doGetBean(AbstractBeanFactory.java:302)
	at org.springframework.beans.factory.support.AbstractBeanFactory.getBean(AbstractBeanFactory.java:197)
	at org.springframework.context.support.AbstractApplicationContext.getBean(AbstractApplicationContext.java:1078)
	at org.springframework.context.support.AbstractApplicationContext.finishBeanFactoryInitialization(AbstractApplicationContext.java:857)
	at org.springframework.context.support.AbstractApplicationContext.refresh(AbstractApplicationContext.java:543)
	at org.springframework.boot.SpringApplication.refresh(SpringApplication.java:693)
	at org.springframework.boot.SpringApplication.refreshContext(SpringApplication.java:360)
	at org.springframework.boot.SpringApplication.run(SpringApplication.java:303)
	at org.springframework.boot.test.context.SpringBootContextLoader.loadContext(SpringBootContextLoader.java:120)
	at org.springframework.test.context.cache.DefaultCacheAwareContextLoaderDelegate.loadContextInternal(DefaultCacheAwareContextLoaderDelegate.java:98)
	at org.springframework.test.context.cache.DefaultCacheAwareContextLoaderDelegate.loadContext(DefaultCacheAwareContextLoaderDelegate.java:116)
	at org.springframework.test.context.support.DefaultTestContext.getApplicationContext(DefaultTestContext.java:83)
	at org.springframework.test.context.web.ServletTestExecutionListener.setUpRequestContextIfNecessary(ServletTestExecutionListener.java:189)
	at org.springframework.test.context.web.ServletTestExecutionListener.prepareTestInstance(ServletTestExecutionListener.java:131)
	at org.springframework.test.context.TestContextManager.prepareTestInstance(TestContextManager.java:230)
	at org.springframework.test.context.junit4.SpringJUnit4ClassRunner.createTest(SpringJUnit4ClassRunner.java:228)
	at org.springframework.test.context.junit4.SpringJUnit4ClassRunner$1.runReflectiveCall(SpringJUnit4ClassRunner.java:287)
	at org.junit.internal.runners.model.ReflectiveCallable.run(ReflectiveCallable.java:12)
	at org.springframework.test.context.junit4.SpringJUnit4ClassRunner.methodBlock(SpringJUnit4ClassRunner.java:289)
	at org.springframework.test.context.junit4.SpringJUnit4ClassRunner.runChild(SpringJUnit4ClassRunner.java:247)
	at org.springframework.test.context.junit4.SpringJUnit4ClassRunner.runChild(SpringJUnit4ClassRunner.java:94)
	at org.junit.runners.ParentRunner$3.run(ParentRunner.java:290)
	at org.junit.runners.ParentRunner$1.schedule(ParentRunner.java:71)
	at org.junit.runners.ParentRunner.runChildren(ParentRunner.java:288)
	at org.junit.runners.ParentRunner.access$000(ParentRunner.java:58)
	at org.junit.runners.ParentRunner$2.evaluate(ParentRunner.java:268)
	at org.springframework.test.context.junit4.statements.RunBeforeTestClassCallbacks.evaluate(RunBeforeTestClassCallbacks.java:61)
	at org.springframework.test.context.junit4.statements.RunAfterTestClassCallbacks.evaluate(RunAfterTestClassCallbacks.java:70)
	at org.junit.runners.ParentRunner.run(ParentRunner.java:363)
	at org.springframework.test.context.junit4.SpringJUnit4ClassRunner.run(SpringJUnit4ClassRunner.java:191)
	at org.apache.maven.surefire.junit4.JUnit4Provider.execute(JUnit4Provider.java:283)
	at org.apache.maven.surefire.junit4.JUnit4Provider.executeWithRerun(JUnit4Provider.java:173)
	at org.apache.maven.surefire.junit4.JUnit4Provider.executeTestSet(JUnit4Provider.java:153)
	at org.apache.maven.surefire.junit4.JUnit4Provider.invoke(JUnit4Provider.java:128)
	at org.apache.maven.surefire.booter.ForkedBooter.invokeProviderInSameClassLoader(ForkedBooter.java:203)
	at org.apache.maven.surefire.booter.ForkedBooter.runSuitesInProcess(ForkedBooter.java:155)
	at org.apache.maven.surefire.booter.ForkedBooter.main(ForkedBooter.java:103)
Caused by: org.springframework.beans.BeanInstantiationException: Failed to instantiate [org.springframework.orm.jpa.LocalContainerEntityManagerFactoryBean]: Factory method 'entityManagerFactory' threw exception; nested exception is org.springframework.beans.factory.BeanCreationException: Error creating bean with name 'dataSource' defined in class path resource [com/imooc/config/JPAConfig.class]: Initialization of bean failed; nested exception is org.springframework.beans.factory.BeanCreationException: Error creating bean with name 'dataSourceInitializer': Invocation of init method failed; nested exception is org.springframework.jdbc.datasource.init.ScriptStatementFailedException: Failed to execute SQL script statement #7 of class path resource [db/data.sql]: INSERT INTO `house`(`id`, `title`, `price`, `area`, `room`, `floor`, `total_floor`, `watch_times`, `build_year`, `status`, `create_time`, `last_update_time`, `city_en_name`, `region_en_name`, `cover`, `direction`, `distance_to_subway`, `parlour`, `district`, `admin_id`, `bathroom`, `street`) VALUES ('15', '瀵屽姏鍩� 鍥借锤CBD 鏃跺皻浼戦棽 鍟嗗姟鍔炲叕 瓒呮鐡﹀姏', '6200', '70', '2', '10', '20', '2', '2005', '1', '2017-09-06 18:56:14', '2017-09-15 00:26:59', 'bj', 'hdq', 'FmD3zKG-gUPOrNv0HwzZN7IbkAC_', '2', '10', '1', '铻嶆辰鍢夊洯', '2', '0', '榫欏煙瑗夸簩璺�'), ('16', '瀵屽姏鍩� 鍥借锤CBD 鏃跺皻浼戦棽 鍟嗗姟鍔炲叕', '6300', '70', '2', '10', '20', '0', '2012', '1', '2017-09-06 19:53:35', '2017-09-11 00:35:13', 'bj', 'hdq', 'FmD3zKG-gUPOrNv0HwzZN7IbkAC_', '1', '-1', '1', '铻嶆辰鍢夊洯', '2', '0', '榫欏煙瑗夸簩璺�'), ('17', '浜岀幆涓滅洿闂ㄥ湴閾佺珯闄勮繎銆佺帇搴滀簳銆佸ぉ瀹夐棬銆佸浗璐搞�佷笁閲屽悲銆佸崡閿ｉ紦宸�', '3000', '35', '1', '5', '10', '0', '2013', '1', '2017-09-06 20:45:35', '2017-09-11 00:35:05', 'bj', 'hdq', 'FhVdDhzVDH1dLVVx4jOaVXOCfnea', '1', '200', '0', '铻嶆辰鍢夊洯', '2', '0', '榫欏煙瑗夸簩璺�'), ('18', '鍗庤锤鍩� 涓滃悜涓�灞呮寫绌簂oft 骞插噣娓╅Θ 闅忔椂鍙互绛剧害', '5700', '52', '1', '7', '20', '0', '2012', '1', '2017-09-06 21:01:02', '2017-09-11 00:35:01', 'bj', 'hdq', 'FsxiS6rOTpSg5pK7tv41e8Zpnn_c', '2', '1085', '1', '铻嶆辰鍢夊洯', '2', '0', '榫欏煙瑗夸簩璺�'), ('19', '鏈涙槬鍥澘妤间笁灞呭 鑷綇绮捐 鍗楀寳閫氶�� 閲囧厜濂借閲庢锛�', '9200', '132', '3', '6', '14', '0', '2005', '1', '2017-09-06 22:44:25', '2017-09-11 00:34:55', 'bj', 'hdq', 'Fl1lNikhmMIecbTn-JTsurxugtFU', '2', '1108', '2', '铻嶆辰鍢夊洯', '2', '0', '榫欏煙瑗夸簩璺�'), ('20', '楂樺ぇ涓婄殑鏁寸涓ゅ眳瀹� 涓氫富璇氭剰鍑虹', '5400', '56', '2', '12', '20', '0', '2012', '1', '2017-09-06 23:39:50', '2017-09-11 00:34:21', 'bj', 'hdq', 'FtNl9uPM6p5PjEs8z2FnOuViNtOM', '2', '-1', '1', '铻嶆辰鍢夊洯', '2', '0', '榫欏煙瑗夸簩璺�'), ('21', '鏂板悍鍥� 姝ｈ涓夊眳瀹� 绮捐淇� 瀹剁數瀹跺叿榻愬叏', '1900', '18', '1', '13', '25', '0', '2012', '1', '2017-09-07 00:52:47', '2017-09-11 00:34:13', 'bj', 'hdq', 'Fn9sHC3Wx7qpYCmSxt-z8FZluf0Z', '3', '1302', '0', '铻嶆辰鍢夊洯', '2', '0', '榫欏煙瑗夸簩璺�'), ('24', '婀栧厜澹瑰彿鏈涗含鍗庡簻183-387銕￠様鏅ぇ瀹�', '50000', '288', '5', '1', '1', '0', '2015', '1', '2017-09-07 11:42:20', '2017-09-18 20:14:14', 'bj', 'hdq', 'FvVqU8LneZZ5xaLBAOM1KXR2Pz1X', '5', '200', '3', '铻嶆辰鍢夊洯', '2', '0', '榫欏煙瑗夸簩璺�'); nested exception is org.h2.jdbc.JdbcSQLException: Value too long for column "TITLE VARCHAR(32) NOT NULL": "STRINGDECODE('\u7035\u5c7d\u59cf\u9369\ufffd \u9365\u501f\u9524CBD \u93c3\u8dfa\u76bb\u6d7c\u6226\u68fd \u935f\u55d7\u59df\u9354... (33)"; SQL statement:
INSERT INTO `house`(`id`, `title`, `price`, `area`, `room`, `floor`, `total_floor`, `watch_times`, `build_year`, `status`, `create_time`, `last_update_time`, `city_en_name`, `region_en_name`, `cover`, `direction`, `distance_to_subway`, `parlour`, `district`, `admin_id`, `bathroom`, `street`) VALUES ('15', '瀵屽姏鍩� 鍥借锤CBD 鏃跺皻浼戦棽 鍟嗗姟鍔炲叕 瓒呮鐡﹀姏', '6200', '70', '2', '10', '20', '2', '2005', '1', '2017-09-06 18:56:14', '2017-09-15 00:26:59', 'bj', 'hdq', 'FmD3zKG-gUPOrNv0HwzZN7IbkAC_', '2', '10', '1', '铻嶆辰鍢夊洯', '2', '0', '榫欏煙瑗夸簩璺�'), ('16', '瀵屽姏鍩� 鍥借锤CBD 鏃跺皻浼戦棽 鍟嗗姟鍔炲叕', '6300', '70', '2', '10', '20', '0', '2012', '1', '2017-09-06 19:53:35', '2017-09-11 00:35:13', 'bj', 'hdq', 'FmD3zKG-gUPOrNv0HwzZN7IbkAC_', '1', '-1', '1', '铻嶆辰鍢夊洯', '2', '0', '榫欏煙瑗夸簩璺�'), ('17', '浜岀幆涓滅洿闂ㄥ湴閾佺珯闄勮繎銆佺帇搴滀簳銆佸ぉ瀹夐棬銆佸浗璐搞�佷笁閲屽悲銆佸崡閿ｉ紦宸�', '3000', '35', '1', '5', '10', '0', '2013', '1', '2017-09-06 20:45:35', '2017-09-11 00:35:05', 'bj', 'hdq', 'FhVdDhzVDH1dLVVx4jOaVXOCfnea', '1', '200', '0', '铻嶆辰鍢夊洯', '2', '0', '榫欏煙瑗夸簩璺�'), ('18', '鍗庤锤鍩� 涓滃悜涓�灞呮寫绌簂oft 骞插噣娓╅Θ 闅忔椂鍙互绛剧害', '5700', '52', '1', '7', '20', '0', '2012', '1', '2017-09-06 21:01:02', '2017-09-11 00:35:01', 'bj', 'hdq', 'FsxiS6rOTpSg5pK7tv41e8Zpnn_c', '2', '1085', '1', '铻嶆辰鍢夊洯', '2', '0', '榫欏煙瑗夸簩璺�'), ('19', '鏈涙槬鍥澘妤间笁灞呭 鑷綇绮捐 鍗楀寳閫氶�� 閲囧厜濂借閲庢锛�', '9200', '132', '3', '6', '14', '0', '2005', '1', '2017-09-06 22:44:25', '2017-09-11 00:34:55', 'bj', 'hdq', 'Fl1lNikhmMIecbTn-JTsurxugtFU', '2', '1108', '2', '铻嶆辰鍢夊洯', '2', '0', '榫欏煙瑗夸簩璺�'), ('20', '楂樺ぇ涓婄殑鏁寸涓ゅ眳瀹� 涓氫富璇氭剰鍑虹', '5400', '56', '2', '12', '20', '0', '2012', '1', '2017-09-06 23:39:50', '2017-09-11 00:34:21', 'bj', 'hdq', 'FtNl9uPM6p5PjEs8z2FnOuViNtOM', '2', '-1', '1', '铻嶆辰鍢夊洯', '2', '0', '榫欏煙瑗夸簩璺�'), ('21', '鏂板悍鍥� 姝ｈ涓夊眳瀹� 绮捐淇� 瀹剁數瀹跺叿榻愬叏', '1900', '18', '1', '13', '25', '0', '2012', '1', '2017-09-07 00:52:47', '2017-09-11 00:34:13', 'bj', 'hdq', 'Fn9sHC3Wx7qpYCmSxt-z8FZluf0Z', '3', '1302', '0', '铻嶆辰鍢夊洯', '2', '0', '榫欏煙瑗夸簩璺�'), ('24', '婀栧厜澹瑰彿鏈涗含鍗庡簻183-387銕￠様鏅ぇ瀹�', '50000', '288', '5', '1', '1', '0', '2015', '1', '2017-09-07 11:42:20', '2017-09-18 20:14:14', 'bj', 'hdq', 'FvVqU8LneZZ5xaLBAOM1KXR2Pz1X', '5', '200', '3', '铻嶆辰鍢夊洯', '2', '0', '榫欏煙瑗夸簩璺�') [22001-196]
	at org.springframework.beans.factory.support.SimpleInstantiationStrategy.instantiate(SimpleInstantiationStrategy.java:189)
	at org.springframework.beans.factory.support.ConstructorResolver.instantiateUsingFactoryMethod(ConstructorResolver.java:588)
	at org.springframework.beans.factory.support.AbstractAutowireCapableBeanFactory.instantiateUsingFactoryMethod(AbstractAutowireCapableBeanFactory.java:1173)
	at org.springframework.beans.factory.support.AbstractAutowireCapableBeanFactory.createBeanInstance(AbstractAutowireCapableBeanFactory.java:1067)
	at org.springframework.beans.factory.support.AbstractAutowireCapableBeanFactory.doCreateBean(AbstractAutowireCapableBeanFactory.java:513)
	at org.springframework.beans.factory.support.AbstractAutowireCapableBeanFactory.createBean(AbstractAutowireCapableBeanFactory.java:483)
	at org.springframework.beans.factory.support.AbstractBeanFactory$1.getObject(AbstractBeanFactory.java:306)
	at org.springframework.beans.factory.support.DefaultSingletonBeanRegistry.getSingleton(DefaultSingletonBeanRegistry.java:230)
	at org.springframework.beans.factory.support.AbstractBeanFactory.doGetBean(AbstractBeanFactory.java:302)
	at org.springframework.beans.factory.support.AbstractBeanFactory.getBean(AbstractBeanFactory.java:197)
	at org.springframework.context.support.AbstractApplicationContext.getBean(AbstractApplicationContext.java:1078)
	at org.springframework.context.support.AbstractApplicationContext.finishBeanFactoryInitialization(AbstractApplicationContext.java:857)
	at org.springframework.context.support.AbstractApplicationContext.refresh(AbstractApplicationContext.java:543)
	at org.springframework.boot.SpringApplication.refresh(SpringApplication.java:693)
	at org.springframework.boot.SpringApplication.refreshContext(SpringApplication.java:360)
	at org.springframework.boot.SpringApplication.run(SpringApplication.java:303)
	at org.springframework.boot.test.context.SpringBootContextLoader.loadContext(SpringBootContextLoader.java:120)
	at org.springframework.test.context.cache.DefaultCacheAwareContextLoaderDelegate.loadContextInternal(DefaultCacheAwareContextLoaderDelegate.java:98)
	at org.springframework.test.context.cache.DefaultCacheAwareContextLoaderDelegate.loadContext(DefaultCacheAwareContextLoaderDelegate.java:116)
	at org.springframework.test.context.support.DefaultTestContext.getApplicationContext(DefaultTestContext.java:83)
	at org.springframework.test.context.web.ServletTestExecutionListener.setUpRequestContextIfNecessary(ServletTestExecutionListener.java:189)
	at org.springframework.test.context.web.ServletTestExecutionListener.prepareTestInstance(ServletTestExecutionListener.java:131)
	at org.springframework.test.context.TestContextManager.prepareTestInstance(TestContextManager.java:230)
	at org.springframework.test.context.junit4.SpringJUnit4ClassRunner.createTest(SpringJUnit4ClassRunner.java:228)
	at org.springframework.test.context.junit4.SpringJUnit4ClassRunner$1.runReflectiveCall(SpringJUnit4ClassRunner.java:287)
	at org.junit.internal.runners.model.ReflectiveCallable.run(ReflectiveCallable.java:12)
	at org.springframework.test.context.junit4.SpringJUnit4ClassRunner.methodBlock(SpringJUnit4ClassRunner.java:289)
	at org.springframework.test.context.junit4.SpringJUnit4ClassRunner.runChild(SpringJUnit4ClassRunner.java:247)
	at org.springframework.test.context.junit4.SpringJUnit4ClassRunner.runChild(SpringJUnit4ClassRunner.java:94)
	at org.junit.runners.ParentRunner$3.run(ParentRunner.java:290)
	at org.junit.runners.ParentRunner$1.schedule(ParentRunner.java:71)
	at org.junit.runners.ParentRunner.runChildren(ParentRunner.java:288)
	at org.junit.runners.ParentRunner.access$000(ParentRunner.java:58)
	at org.junit.runners.ParentRunner$2.evaluate(ParentRunner.java:268)
	at org.springframework.test.context.junit4.statements.RunBeforeTestClassCallbacks.evaluate(RunBeforeTestClassCallbacks.java:61)
	at org.springframework.test.context.junit4.statements.RunAfterTestClassCallbacks.evaluate(RunAfterTestClassCallbacks.java:70)
	at org.junit.runners.ParentRunner.run(ParentRunner.java:363)
	at org.springframework.test.context.junit4.SpringJUnit4ClassRunner.run(SpringJUnit4ClassRunner.java:191)
	at org.apache.maven.surefire.junit4.JUnit4Provider.execute(JUnit4Provider.java:283)
	at org.apache.maven.surefire.junit4.JUnit4Provider.executeWithRerun(JUnit4Provider.java:173)
	at org.apache.maven.surefire.junit4.JUnit4Provider.executeTestSet(JUnit4Provider.java:153)
	at org.apache.maven.surefire.junit4.JUnit4Provider.invoke(JUnit4Provider.java:128)
	at org.apache.maven.surefire.booter.ForkedBooter.invokeProviderInSameClassLoader(ForkedBooter.java:203)
	at org.apache.maven.surefire.booter.ForkedBooter.runSuitesInProcess(ForkedBooter.java:155)
	at org.apache.maven.surefire.booter.ForkedBooter.main(ForkedBooter.java:103)
Caused by: org.springframework.beans.factory.BeanCreationException: Error creating bean with name 'dataSource' defined in class path resource [com/imooc/config/JPAConfig.class]: Initialization of bean failed; nested exception is org.springframework.beans.factory.BeanCreationException: Error creating bean with name 'dataSourceInitializer': Invocation of init method failed; nested exception is org.springframework.jdbc.datasource.init.ScriptStatementFailedException: Failed to execute SQL script statement #7 of class path resource [db/data.sql]: INSERT INTO `house`(`id`, `title`, `price`, `area`, `room`, `floor`, `total_floor`, `watch_times`, `build_year`, `status`, `create_time`, `last_update_time`, `city_en_name`, `region_en_name`, `cover`, `direction`, `distance_to_subway`, `parlour`, `district`, `admin_id`, `bathroom`, `street`) VALUES ('15', '瀵屽姏鍩� 鍥借锤CBD 鏃跺皻浼戦棽 鍟嗗姟鍔炲叕 瓒呮鐡﹀姏', '6200', '70', '2', '10', '20', '2', '2005', '1', '2017-09-06 18:56:14', '2017-09-15 00:26:59', 'bj', 'hdq', 'FmD3zKG-gUPOrNv0HwzZN7IbkAC_', '2', '10', '1', '铻嶆辰鍢夊洯', '2', '0', '榫欏煙瑗夸簩璺�'), ('16', '瀵屽姏鍩� 鍥借锤CBD 鏃跺皻浼戦棽 鍟嗗姟鍔炲叕', '6300', '70', '2', '10', '20', '0', '2012', '1', '2017-09-06 19:53:35', '2017-09-11 00:35:13', 'bj', 'hdq', 'FmD3zKG-gUPOrNv0HwzZN7IbkAC_', '1', '-1', '1', '铻嶆辰鍢夊洯', '2', '0', '榫欏煙瑗夸簩璺�'), ('17', '浜岀幆涓滅洿闂ㄥ湴閾佺珯闄勮繎銆佺帇搴滀簳銆佸ぉ瀹夐棬銆佸浗璐搞�佷笁閲屽悲銆佸崡閿ｉ紦宸�', '3000', '35', '1', '5', '10', '0', '2013', '1', '2017-09-06 20:45:35', '2017-09-11 00:35:05', 'bj', 'hdq', 'FhVdDhzVDH1dLVVx4jOaVXOCfnea', '1', '200', '0', '铻嶆辰鍢夊洯', '2', '0', '榫欏煙瑗夸簩璺�'), ('18', '鍗庤锤鍩� 涓滃悜涓�灞呮寫绌簂oft 骞插噣娓╅Θ 闅忔椂鍙互绛剧害', '5700', '52', '1', '7', '20', '0', '2012', '1', '2017-09-06 21:01:02', '2017-09-11 00:35:01', 'bj', 'hdq', 'FsxiS6rOTpSg5pK7tv41e8Zpnn_c', '2', '1085', '1', '铻嶆辰鍢夊洯', '2', '0', '榫欏煙瑗夸簩璺�'), ('19', '鏈涙槬鍥澘妤间笁灞呭 鑷綇绮捐 鍗楀寳閫氶�� 閲囧厜濂借閲庢锛�', '9200', '132', '3', '6', '14', '0', '2005', '1', '2017-09-06 22:44:25', '2017-09-11 00:34:55', 'bj', 'hdq', 'Fl1lNikhmMIecbTn-JTsurxugtFU', '2', '1108', '2', '铻嶆辰鍢夊洯', '2', '0', '榫欏煙瑗夸簩璺�'), ('20', '楂樺ぇ涓婄殑鏁寸涓ゅ眳瀹� 涓氫富璇氭剰鍑虹', '5400', '56', '2', '12', '20', '0', '2012', '1', '2017-09-06 23:39:50', '2017-09-11 00:34:21', 'bj', 'hdq', 'FtNl9uPM6p5PjEs8z2FnOuViNtOM', '2', '-1', '1', '铻嶆辰鍢夊洯', '2', '0', '榫欏煙瑗夸簩璺�'), ('21', '鏂板悍鍥� 姝ｈ涓夊眳瀹� 绮捐淇� 瀹剁數瀹跺叿榻愬叏', '1900', '18', '1', '13', '25', '0', '2012', '1', '2017-09-07 00:52:47', '2017-09-11 00:34:13', 'bj', 'hdq', 'Fn9sHC3Wx7qpYCmSxt-z8FZluf0Z', '3', '1302', '0', '铻嶆辰鍢夊洯', '2', '0', '榫欏煙瑗夸簩璺�'), ('24', '婀栧厜澹瑰彿鏈涗含鍗庡簻183-387銕￠様鏅ぇ瀹�', '50000', '288', '5', '1', '1', '0', '2015', '1', '2017-09-07 11:42:20', '2017-09-18 20:14:14', 'bj', 'hdq', 'FvVqU8LneZZ5xaLBAOM1KXR2Pz1X', '5', '200', '3', '铻嶆辰鍢夊洯', '2', '0', '榫欏煙瑗夸簩璺�'); nested exception is org.h2.jdbc.JdbcSQLException: Value too long for column "TITLE VARCHAR(32) NOT NULL": "STRINGDECODE('\u7035\u5c7d\u59cf\u9369\ufffd \u9365\u501f\u9524CBD \u93c3\u8dfa\u76bb\u6d7c\u6226\u68fd \u935f\u55d7\u59df\u9354... (33)"; SQL statement:
INSERT INTO `house`(`id`, `title`, `price`, `area`, `room`, `floor`, `total_floor`, `watch_times`, `build_year`, `status`, `create_time`, `last_update_time`, `city_en_name`, `region_en_name`, `cover`, `direction`, `distance_to_subway`, `parlour`, `district`, `admin_id`, `bathroom`, `street`) VALUES ('15', '瀵屽姏鍩� 鍥借锤CBD 鏃跺皻浼戦棽 鍟嗗姟鍔炲叕 瓒呮鐡﹀姏', '6200', '70', '2', '10', '20', '2', '2005', '1', '2017-09-06 18:56:14', '2017-09-15 00:26:59', 'bj', 'hdq', 'FmD3zKG-gUPOrNv0HwzZN7IbkAC_', '2', '10', '1', '铻嶆辰鍢夊洯', '2', '0', '榫欏煙瑗夸簩璺�'), ('16', '瀵屽姏鍩� 鍥借锤CBD 鏃跺皻浼戦棽 鍟嗗姟鍔炲叕', '6300', '70', '2', '10', '20', '0', '2012', '1', '2017-09-06 19:53:35', '2017-09-11 00:35:13', 'bj', 'hdq', 'FmD3zKG-gUPOrNv0HwzZN7IbkAC_', '1', '-1', '1', '铻嶆辰鍢夊洯', '2', '0', '榫欏煙瑗夸簩璺�'), ('17', '浜岀幆涓滅洿闂ㄥ湴閾佺珯闄勮繎銆佺帇搴滀簳銆佸ぉ瀹夐棬銆佸浗璐搞�佷笁閲屽悲銆佸崡閿ｉ紦宸�', '3000', '35', '1', '5', '10', '0', '2013', '1', '2017-09-06 20:45:35', '2017-09-11 00:35:05', 'bj', 'hdq', 'FhVdDhzVDH1dLVVx4jOaVXOCfnea', '1', '200', '0', '铻嶆辰鍢夊洯', '2', '0', '榫欏煙瑗夸簩璺�'), ('18', '鍗庤锤鍩� 涓滃悜涓�灞呮寫绌簂oft 骞插噣娓╅Θ 闅忔椂鍙互绛剧害', '5700', '52', '1', '7', '20', '0', '2012', '1', '2017-09-06 21:01:02', '2017-09-11 00:35:01', 'bj', 'hdq', 'FsxiS6rOTpSg5pK7tv41e8Zpnn_c', '2', '1085', '1', '铻嶆辰鍢夊洯', '2', '0', '榫欏煙瑗夸簩璺�'), ('19', '鏈涙槬鍥澘妤间笁灞呭 鑷綇绮捐 鍗楀寳閫氶�� 閲囧厜濂借閲庢锛�', '9200', '132', '3', '6', '14', '0', '2005', '1', '2017-09-06 22:44:25', '2017-09-11 00:34:55', 'bj', 'hdq', 'Fl1lNikhmMIecbTn-JTsurxugtFU', '2', '1108', '2', '铻嶆辰鍢夊洯', '2', '0', '榫欏煙瑗夸簩璺�'), ('20', '楂樺ぇ涓婄殑鏁寸涓ゅ眳瀹� 涓氫富璇氭剰鍑虹', '5400', '56', '2', '12', '20', '0', '2012', '1', '2017-09-06 23:39:50', '2017-09-11 00:34:21', 'bj', 'hdq', 'FtNl9uPM6p5PjEs8z2FnOuViNtOM', '2', '-1', '1', '铻嶆辰鍢夊洯', '2', '0', '榫欏煙瑗夸簩璺�'), ('21', '鏂板悍鍥� 姝ｈ涓夊眳瀹� 绮捐淇� 瀹剁數瀹跺叿榻愬叏', '1900', '18', '1', '13', '25', '0', '2012', '1', '2017-09-07 00:52:47', '2017-09-11 00:34:13', 'bj', 'hdq', 'Fn9sHC3Wx7qpYCmSxt-z8FZluf0Z', '3', '1302', '0', '铻嶆辰鍢夊洯', '2', '0', '榫欏煙瑗夸簩璺�'), ('24', '婀栧厜澹瑰彿鏈涗含鍗庡簻183-387銕￠様鏅ぇ瀹�', '50000', '288', '5', '1', '1', '0', '2015', '1', '2017-09-07 11:42:20', '2017-09-18 20:14:14', 'bj', 'hdq', 'FvVqU8LneZZ5xaLBAOM1KXR2Pz1X', '5', '200', '3', '铻嶆辰鍢夊洯', '2', '0', '榫欏煙瑗夸簩璺�') [22001-196]
	at org.springframework.beans.factory.support.AbstractAutowireCapableBeanFactory.doCreateBean(AbstractAutowireCapableBeanFactory.java:564)
	at org.springframework.beans.factory.support.AbstractAutowireCapableBeanFactory.createBean(AbstractAutowireCapableBeanFactory.java:483)
	at org.springframework.beans.factory.support.AbstractBeanFactory$1.getObject(AbstractBeanFactory.java:306)
	at org.springframework.beans.factory.support.DefaultSingletonBeanRegistry.getSingleton(DefaultSingletonBeanRegistry.java:230)
	at org.springframework.beans.factory.support.AbstractBeanFactory.doGetBean(AbstractBeanFactory.java:302)
	at org.springframework.beans.factory.support.AbstractBeanFactory.getBean(AbstractBeanFactory.java:197)
	at org.springframework.context.annotation.ConfigurationClassEnhancer$BeanMethodInterceptor.obtainBeanInstanceFromFactory(ConfigurationClassEnhancer.java:389)
	at org.springframework.context.annotation.ConfigurationClassEnhancer$BeanMethodInterceptor.intercept(ConfigurationClassEnhancer.java:361)
	at com.imooc.config.JPAConfig$$EnhancerBySpringCGLIB$$ac3be7fd.dataSource(<generated>)
	at com.imooc.config.JPAConfig.entityManagerFactory(JPAConfig.java:36)
	at com.imooc.config.JPAConfig$$EnhancerBySpringCGLIB$$ac3be7fd.CGLIB$entityManagerFactory$2(<generated>)
	at com.imooc.config.JPAConfig$$EnhancerBySpringCGLIB$$ac3be7fd$$FastClassBySpringCGLIB$$914d9ecd.invoke(<generated>)
	at org.springframework.cglib.proxy.MethodProxy.invokeSuper(MethodProxy.java:228)
	at org.springframework.context.annotation.ConfigurationClassEnhancer$BeanMethodInterceptor.intercept(ConfigurationClassEnhancer.java:358)
	at com.imooc.config.JPAConfig$$EnhancerBySpringCGLIB$$ac3be7fd.entityManagerFactory(<generated>)
	at sun.reflect.NativeMethodAccessorImpl.invoke0(Native Method)
	at sun.reflect.NativeMethodAccessorImpl.invoke(NativeMethodAccessorImpl.java:62)
	at sun.reflect.DelegatingMethodAccessorImpl.invoke(DelegatingMethodAccessorImpl.java:43)
	at java.lang.reflect.Method.invoke(Method.java:483)
	at org.springframework.beans.factory.support.SimpleInstantiationStrategy.instantiate(SimpleInstantiationStrategy.java:162)
	at org.springframework.beans.factory.support.ConstructorResolver.instantiateUsingFactoryMethod(ConstructorResolver.java:588)
	at org.springframework.beans.factory.support.AbstractAutowireCapableBeanFactory.instantiateUsingFactoryMethod(AbstractAutowireCapableBeanFactory.java:1173)
	at org.springframework.beans.factory.support.AbstractAutowireCapableBeanFactory.createBeanInstance(AbstractAutowireCapableBeanFactory.java:1067)
	at org.springframework.beans.factory.support.AbstractAutowireCapableBeanFactory.doCreateBean(AbstractAutowireCapableBeanFactory.java:513)
	at org.springframework.beans.factory.support.AbstractAutowireCapableBeanFactory.createBean(AbstractAutowireCapableBeanFactory.java:483)
	at org.springframework.beans.factory.support.AbstractBeanFactory$1.getObject(AbstractBeanFactory.java:306)
	at org.springframework.beans.factory.support.DefaultSingletonBeanRegistry.getSingleton(DefaultSingletonBeanRegistry.java:230)
	at org.springframework.beans.factory.support.AbstractBeanFactory.doGetBean(AbstractBeanFactory.java:302)
	at org.springframework.beans.factory.support.AbstractBeanFactory.getBean(AbstractBeanFactory.java:197)
	at org.springframework.context.support.AbstractApplicationContext.getBean(AbstractApplicationContext.java:1078)
	at org.springframework.context.support.AbstractApplicationContext.finishBeanFactoryInitialization(AbstractApplicationContext.java:857)
	at org.springframework.context.support.AbstractApplicationContext.refresh(AbstractApplicationContext.java:543)
	at org.springframework.boot.SpringApplication.refresh(SpringApplication.java:693)
	at org.springframework.boot.SpringApplication.refreshContext(SpringApplication.java:360)
	at org.springframework.boot.SpringApplication.run(SpringApplication.java:303)
	at org.springframework.boot.test.context.SpringBootContextLoader.loadContext(SpringBootContextLoader.java:120)
	at org.springframework.test.context.cache.DefaultCacheAwareContextLoaderDelegate.loadContextInternal(DefaultCacheAwareContextLoaderDelegate.java:98)
	at org.springframework.test.context.cache.DefaultCacheAwareContextLoaderDelegate.loadContext(DefaultCacheAwareContextLoaderDelegate.java:116)
	at org.springframework.test.context.support.DefaultTestContext.getApplicationContext(DefaultTestContext.java:83)
	at org.springframework.test.context.web.ServletTestExecutionListener.setUpRequestContextIfNecessary(ServletTestExecutionListener.java:189)
	at org.springframework.test.context.web.ServletTestExecutionListener.prepareTestInstance(ServletTestExecutionListener.java:131)
	at org.springframework.test.context.TestContextManager.prepareTestInstance(TestContextManager.java:230)
	at org.springframework.test.context.junit4.SpringJUnit4ClassRunner.createTest(SpringJUnit4ClassRunner.java:228)
	at org.springframework.test.context.junit4.SpringJUnit4ClassRunner$1.runReflectiveCall(SpringJUnit4ClassRunner.java:287)
	at org.junit.internal.runners.model.ReflectiveCallable.run(ReflectiveCallable.java:12)
	at org.springframework.test.context.junit4.SpringJUnit4ClassRunner.methodBlock(SpringJUnit4ClassRunner.java:289)
	at org.springframework.test.context.junit4.SpringJUnit4ClassRunner.runChild(SpringJUnit4ClassRunner.java:247)
	at org.springframework.test.context.junit4.SpringJUnit4ClassRunner.runChild(SpringJUnit4ClassRunner.java:94)
	at org.junit.runners.ParentRunner$3.run(ParentRunner.java:290)
	at org.junit.runners.ParentRunner$1.schedule(ParentRunner.java:71)
	at org.junit.runners.ParentRunner.runChildren(ParentRunner.java:288)
	at org.junit.runners.ParentRunner.access$000(ParentRunner.java:58)
	at org.junit.runners.ParentRunner$2.evaluate(ParentRunner.java:268)
	at org.springframework.test.context.junit4.statements.RunBeforeTestClassCallbacks.evaluate(RunBeforeTestClassCallbacks.java:61)
	at org.springframework.test.context.junit4.statements.RunAfterTestClassCallbacks.evaluate(RunAfterTestClassCallbacks.java:70)
	at org.junit.runners.ParentRunner.run(ParentRunner.java:363)
	at org.springframework.test.context.junit4.SpringJUnit4ClassRunner.run(SpringJUnit4ClassRunner.java:191)
	at org.apache.maven.surefire.junit4.JUnit4Provider.execute(JUnit4Provider.java:283)
	at org.apache.maven.surefire.junit4.JUnit4Provider.executeWithRerun(JUnit4Provider.java:173)
	at org.apache.maven.surefire.junit4.JUnit4Provider.executeTestSet(JUnit4Provider.java:153)
	at org.apache.maven.surefire.junit4.JUnit4Provider.invoke(JUnit4Provider.java:128)
	at org.apache.maven.surefire.booter.ForkedBooter.invokeProviderInSameClassLoader(ForkedBooter.java:203)
	at org.apache.maven.surefire.booter.ForkedBooter.runSuitesInProcess(ForkedBooter.java:155)
	at org.apache.maven.surefire.booter.ForkedBooter.main(ForkedBooter.java:103)
Caused by: org.springframework.beans.factory.BeanCreationException: Error creating bean with name 'dataSourceInitializer': Invocation of init method failed; nested exception is org.springframework.jdbc.datasource.init.ScriptStatementFailedException: Failed to execute SQL script statement #7 of class path resource [db/data.sql]: INSERT INTO `house`(`id`, `title`, `price`, `area`, `room`, `floor`, `total_floor`, `watch_times`, `build_year`, `status`, `create_time`, `last_update_time`, `city_en_name`, `region_en_name`, `cover`, `direction`, `distance_to_subway`, `parlour`, `district`, `admin_id`, `bathroom`, `street`) VALUES ('15', '瀵屽姏鍩� 鍥借锤CBD 鏃跺皻浼戦棽 鍟嗗姟鍔炲叕 瓒呮鐡﹀姏', '6200', '70', '2', '10', '20', '2', '2005', '1', '2017-09-06 18:56:14', '2017-09-15 00:26:59', 'bj', 'hdq', 'FmD3zKG-gUPOrNv0HwzZN7IbkAC_', '2', '10', '1', '铻嶆辰鍢夊洯', '2', '0', '榫欏煙瑗夸簩璺�'), ('16', '瀵屽姏鍩� 鍥借锤CBD 鏃跺皻浼戦棽 鍟嗗姟鍔炲叕', '6300', '70', '2', '10', '20', '0', '2012', '1', '2017-09-06 19:53:35', '2017-09-11 00:35:13', 'bj', 'hdq', 'FmD3zKG-gUPOrNv0HwzZN7IbkAC_', '1', '-1', '1', '铻嶆辰鍢夊洯', '2', '0', '榫欏煙瑗夸簩璺�'), ('17', '浜岀幆涓滅洿闂ㄥ湴閾佺珯闄勮繎銆佺帇搴滀簳銆佸ぉ瀹夐棬銆佸浗璐搞�佷笁閲屽悲銆佸崡閿ｉ紦宸�', '3000', '35', '1', '5', '10', '0', '2013', '1', '2017-09-06 20:45:35', '2017-09-11 00:35:05', 'bj', 'hdq', 'FhVdDhzVDH1dLVVx4jOaVXOCfnea', '1', '200', '0', '铻嶆辰鍢夊洯', '2', '0', '榫欏煙瑗夸簩璺�'), ('18', '鍗庤锤鍩� 涓滃悜涓�灞呮寫绌簂oft 骞插噣娓╅Θ 闅忔椂鍙互绛剧害', '5700', '52', '1', '7', '20', '0', '2012', '1', '2017-09-06 21:01:02', '2017-09-11 00:35:01', 'bj', 'hdq', 'FsxiS6rOTpSg5pK7tv41e8Zpnn_c', '2', '1085', '1', '铻嶆辰鍢夊洯', '2', '0', '榫欏煙瑗夸簩璺�'), ('19', '鏈涙槬鍥澘妤间笁灞呭 鑷綇绮捐 鍗楀寳閫氶�� 閲囧厜濂借閲庢锛�', '9200', '132', '3', '6', '14', '0', '2005', '1', '2017-09-06 22:44:25', '2017-09-11 00:34:55', 'bj', 'hdq', 'Fl1lNikhmMIecbTn-JTsurxugtFU', '2', '1108', '2', '铻嶆辰鍢夊洯', '2', '0', '榫欏煙瑗夸簩璺�'), ('20', '楂樺ぇ涓婄殑鏁寸涓ゅ眳瀹� 涓氫富璇氭剰鍑虹', '5400', '56', '2', '12', '20', '0', '2012', '1', '2017-09-06 23:39:50', '2017-09-11 00:34:21', 'bj', 'hdq', 'FtNl9uPM6p5PjEs8z2FnOuViNtOM', '2', '-1', '1', '铻嶆辰鍢夊洯', '2', '0', '榫欏煙瑗夸簩璺�'), ('21', '鏂板悍鍥� 姝ｈ涓夊眳瀹� 绮捐淇� 瀹剁數瀹跺叿榻愬叏', '1900', '18', '1', '13', '25', '0', '2012', '1', '2017-09-07 00:52:47', '2017-09-11 00:34:13', 'bj', 'hdq', 'Fn9sHC3Wx7qpYCmSxt-z8FZluf0Z', '3', '1302', '0', '铻嶆辰鍢夊洯', '2', '0', '榫欏煙瑗夸簩璺�'), ('24', '婀栧厜澹瑰彿鏈涗含鍗庡簻183-387銕￠様鏅ぇ瀹�', '50000', '288', '5', '1', '1', '0', '2015', '1', '2017-09-07 11:42:20', '2017-09-18 20:14:14', 'bj', 'hdq', 'FvVqU8LneZZ5xaLBAOM1KXR2Pz1X', '5', '200', '3', '铻嶆辰鍢夊洯', '2', '0', '榫欏煙瑗夸簩璺�'); nested exception is org.h2.jdbc.JdbcSQLException: Value too long for column "TITLE VARCHAR(32) NOT NULL": "STRINGDECODE('\u7035\u5c7d\u59cf\u9369\ufffd \u9365\u501f\u9524CBD \u93c3\u8dfa\u76bb\u6d7c\u6226\u68fd \u935f\u55d7\u59df\u9354... (33)"; SQL statement:
INSERT INTO `house`(`id`, `title`, `price`, `area`, `room`, `floor`, `total_floor`, `watch_times`, `build_year`, `status`, `create_time`, `last_update_time`, `city_en_name`, `region_en_name`, `cover`, `direction`, `distance_to_subway`, `parlour`, `district`, `admin_id`, `bathroom`, `street`) VALUES ('15', '瀵屽姏鍩� 鍥借锤CBD 鏃跺皻浼戦棽 鍟嗗姟鍔炲叕 瓒呮鐡﹀姏', '6200', '70', '2', '10', '20', '2', '2005', '1', '2017-09-06 18:56:14', '2017-09-15 00:26:59', 'bj', 'hdq', 'FmD3zKG-gUPOrNv0HwzZN7IbkAC_', '2', '10', '1', '铻嶆辰鍢夊洯', '2', '0', '榫欏煙瑗夸簩璺�'), ('16', '瀵屽姏鍩� 鍥借锤CBD 鏃跺皻浼戦棽 鍟嗗姟鍔炲叕', '6300', '70', '2', '10', '20', '0', '2012', '1', '2017-09-06 19:53:35', '2017-09-11 00:35:13', 'bj', 'hdq', 'FmD3zKG-gUPOrNv0HwzZN7IbkAC_', '1', '-1', '1', '铻嶆辰鍢夊洯', '2', '0', '榫欏煙瑗夸簩璺�'), ('17', '浜岀幆涓滅洿闂ㄥ湴閾佺珯闄勮繎銆佺帇搴滀簳銆佸ぉ瀹夐棬銆佸浗璐搞�佷笁閲屽悲銆佸崡閿ｉ紦宸�', '3000', '35', '1', '5', '10', '0', '2013', '1', '2017-09-06 20:45:35', '2017-09-11 00:35:05', 'bj', 'hdq', 'FhVdDhzVDH1dLVVx4jOaVXOCfnea', '1', '200', '0', '铻嶆辰鍢夊洯', '2', '0', '榫欏煙瑗夸簩璺�'), ('18', '鍗庤锤鍩� 涓滃悜涓�灞呮寫绌簂oft 骞插噣娓╅Θ 闅忔椂鍙互绛剧害', '5700', '52', '1', '7', '20', '0', '2012', '1', '2017-09-06 21:01:02', '2017-09-11 00:35:01', 'bj', 'hdq', 'FsxiS6rOTpSg5pK7tv41e8Zpnn_c', '2', '1085', '1', '铻嶆辰鍢夊洯', '2', '0', '榫欏煙瑗夸簩璺�'), ('19', '鏈涙槬鍥澘妤间笁灞呭 鑷綇绮捐 鍗楀寳閫氶�� 閲囧厜濂借閲庢锛�', '9200', '132', '3', '6', '14', '0', '2005', '1', '2017-09-06 22:44:25', '2017-09-11 00:34:55', 'bj', 'hdq', 'Fl1lNikhmMIecbTn-JTsurxugtFU', '2', '1108', '2', '铻嶆辰鍢夊洯', '2', '0', '榫欏煙瑗夸簩璺�'), ('20', '楂樺ぇ涓婄殑鏁寸涓ゅ眳瀹� 涓氫富璇氭剰鍑虹', '5400', '56', '2', '12', '20', '0', '2012', '1', '2017-09-06 23:39:50', '2017-09-11 00:34:21', 'bj', 'hdq', 'FtNl9uPM6p5PjEs8z2FnOuViNtOM', '2', '-1', '1', '铻嶆辰鍢夊洯', '2', '0', '榫欏煙瑗夸簩璺�'), ('21', '鏂板悍鍥� 姝ｈ涓夊眳瀹� 绮捐淇� 瀹剁數瀹跺叿榻愬叏', '1900', '18', '1', '13', '25', '0', '2012', '1', '2017-09-07 00:52:47', '2017-09-11 00:34:13', 'bj', 'hdq', 'Fn9sHC3Wx7qpYCmSxt-z8FZluf0Z', '3', '1302', '0', '铻嶆辰鍢夊洯', '2', '0', '榫欏煙瑗夸簩璺�'), ('24', '婀栧厜澹瑰彿鏈涗含鍗庡簻183-387銕￠様鏅ぇ瀹�', '50000', '288', '5', '1', '1', '0', '2015', '1', '2017-09-07 11:42:20', '2017-09-18 20:14:14', 'bj', 'hdq', 'FvVqU8LneZZ5xaLBAOM1KXR2Pz1X', '5', '200', '3', '铻嶆辰鍢夊洯', '2', '0', '榫欏煙瑗夸簩璺�') [22001-196]
	at org.springframework.beans.factory.annotation.InitDestroyAnnotationBeanPostProcessor.postProcessBeforeInitialization(InitDestroyAnnotationBeanPostProcessor.java:137)
	at org.springframework.beans.factory.support.AbstractAutowireCapableBeanFactory.applyBeanPostProcessorsBeforeInitialization(AbstractAutowireCapableBeanFactory.java:409)
	at org.springframework.beans.factory.support.AbstractAutowireCapableBeanFactory.initializeBean(AbstractAutowireCapableBeanFactory.java:1620)
	at org.springframework.beans.factory.support.AbstractAutowireCapableBeanFactory.doCreateBean(AbstractAutowireCapableBeanFactory.java:555)
	at org.springframework.beans.factory.support.AbstractAutowireCapableBeanFactory.createBean(AbstractAutowireCapableBeanFactory.java:483)
	at org.springframework.beans.factory.support.AbstractBeanFactory$1.getObject(AbstractBeanFactory.java:306)
	at org.springframework.beans.factory.support.DefaultSingletonBeanRegistry.getSingleton(DefaultSingletonBeanRegistry.java:230)
	at org.springframework.beans.factory.support.AbstractBeanFactory.doGetBean(AbstractBeanFactory.java:302)
	at org.springframework.beans.factory.support.AbstractBeanFactory.getBean(AbstractBeanFactory.java:220)
	at org.springframework.beans.factory.support.DefaultListableBeanFactory.resolveNamedBean(DefaultListableBeanFactory.java:1018)
	at org.springframework.beans.factory.support.DefaultListableBeanFactory.getBean(DefaultListableBeanFactory.java:345)
	at org.springframework.beans.factory.support.DefaultListableBeanFactory.getBean(DefaultListableBeanFactory.java:340)
	at org.springframework.boot.autoconfigure.jdbc.DataSourceInitializerPostProcessor.postProcessAfterInitialization(DataSourceInitializerPostProcessor.java:62)
	at org.springframework.beans.factory.support.AbstractAutowireCapableBeanFactory.applyBeanPostProcessorsAfterInitialization(AbstractAutowireCapableBeanFactory.java:423)
	at org.springframework.beans.factory.support.AbstractAutowireCapableBeanFactory.initializeBean(AbstractAutowireCapableBeanFactory.java:1633)
	at org.springframework.beans.factory.support.AbstractAutowireCapableBeanFactory.doCreateBean(AbstractAutowireCapableBeanFactory.java:555)
	at org.springframework.beans.factory.support.AbstractAutowireCapableBeanFactory.createBean(AbstractAutowireCapableBeanFactory.java:483)
	at org.springframework.beans.factory.support.AbstractBeanFactory$1.getObject(AbstractBeanFactory.java:306)
	at org.springframework.beans.factory.support.DefaultSingletonBeanRegistry.getSingleton(DefaultSingletonBeanRegistry.java:230)
	at org.springframework.beans.factory.support.AbstractBeanFactory.doGetBean(AbstractBeanFactory.java:302)
	at org.springframework.beans.factory.support.AbstractBeanFactory.getBean(AbstractBeanFactory.java:197)
	at org.springframework.context.annotation.ConfigurationClassEnhancer$BeanMethodInterceptor.obtainBeanInstanceFromFactory(ConfigurationClassEnhancer.java:389)
	at org.springframework.context.annotation.ConfigurationClassEnhancer$BeanMethodInterceptor.intercept(ConfigurationClassEnhancer.java:361)
	at com.imooc.config.JPAConfig$$EnhancerBySpringCGLIB$$ac3be7fd.dataSource(<generated>)
	at com.imooc.config.JPAConfig.entityManagerFactory(JPAConfig.java:36)
	at com.imooc.config.JPAConfig$$EnhancerBySpringCGLIB$$ac3be7fd.CGLIB$entityManagerFactory$2(<generated>)
	at com.imooc.config.JPAConfig$$EnhancerBySpringCGLIB$$ac3be7fd$$FastClassBySpringCGLIB$$914d9ecd.invoke(<generated>)
	at org.springframework.cglib.proxy.MethodProxy.invokeSuper(MethodProxy.java:228)
	at org.springframework.context.annotation.ConfigurationClassEnhancer$BeanMethodInterceptor.intercept(ConfigurationClassEnhancer.java:358)
	at com.imooc.config.JPAConfig$$EnhancerBySpringCGLIB$$ac3be7fd.entityManagerFactory(<generated>)
	at sun.reflect.NativeMethodAccessorImpl.invoke0(Native Method)
	at sun.reflect.NativeMethodAccessorImpl.invoke(NativeMethodAccessorImpl.java:62)
	at sun.reflect.DelegatingMethodAccessorImpl.invoke(DelegatingMethodAccessorImpl.java:43)
	at java.lang.reflect.Method.invoke(Method.java:483)
	at org.springframework.beans.factory.support.SimpleInstantiationStrategy.instantiate(SimpleInstantiationStrategy.java:162)
	at org.springframework.beans.factory.support.ConstructorResolver.instantiateUsingFactoryMethod(ConstructorResolver.java:588)
	at org.springframework.beans.factory.support.AbstractAutowireCapableBeanFactory.instantiateUsingFactoryMethod(AbstractAutowireCapableBeanFactory.java:1173)
	at org.springframework.beans.factory.support.AbstractAutowireCapableBeanFactory.createBeanInstance(AbstractAutowireCapableBeanFactory.java:1067)
	at org.springframework.beans.factory.support.AbstractAutowireCapableBeanFactory.doCreateBean(AbstractAutowireCapableBeanFactory.java:513)
	at org.springframework.beans.factory.support.AbstractAutowireCapableBeanFactory.createBean(AbstractAutowireCapableBeanFactory.java:483)
	at org.springframework.beans.factory.support.AbstractBeanFactory$1.getObject(AbstractBeanFactory.java:306)
	at org.springframework.beans.factory.support.DefaultSingletonBeanRegistry.getSingleton(DefaultSingletonBeanRegistry.java:230)
	at org.springframework.beans.factory.support.AbstractBeanFactory.doGetBean(AbstractBeanFactory.java:302)
	at org.springframework.beans.factory.support.AbstractBeanFactory.getBean(AbstractBeanFactory.java:197)
	at org.springframework.context.support.AbstractApplicationContext.getBean(AbstractApplicationContext.java:1078)
	at org.springframework.context.support.AbstractApplicationContext.finishBeanFactoryInitialization(AbstractApplicationContext.java:857)
	at org.springframework.context.support.AbstractApplicationContext.refresh(AbstractApplicationContext.java:543)
	at org.springframework.boot.SpringApplication.refresh(SpringApplication.java:693)
	at org.springframework.boot.SpringApplication.refreshContext(SpringApplication.java:360)
	at org.springframework.boot.SpringApplication.run(SpringApplication.java:303)
	at org.springframework.boot.test.context.SpringBootContextLoader.loadContext(SpringBootContextLoader.java:120)
	at org.springframework.test.context.cache.DefaultCacheAwareContextLoaderDelegate.loadContextInternal(DefaultCacheAwareContextLoaderDelegate.java:98)
	at org.springframework.test.context.cache.DefaultCacheAwareContextLoaderDelegate.loadContext(DefaultCacheAwareContextLoaderDelegate.java:116)
	at org.springframework.test.context.support.DefaultTestContext.getApplicationContext(DefaultTestContext.java:83)
	at org.springframework.test.context.web.ServletTestExecutionListener.setUpRequestContextIfNecessary(ServletTestExecutionListener.java:189)
	at org.springframework.test.context.web.ServletTestExecutionListener.prepareTestInstance(ServletTestExecutionListener.java:131)
	at org.springframework.test.context.TestContextManager.prepareTestInstance(TestContextManager.java:230)
	at org.springframework.test.context.junit4.SpringJUnit4ClassRunner.createTest(SpringJUnit4ClassRunner.java:228)
	at org.springframework.test.context.junit4.SpringJUnit4ClassRunner$1.runReflectiveCall(SpringJUnit4ClassRunner.java:287)
	at org.junit.internal.runners.model.ReflectiveCallable.run(ReflectiveCallable.java:12)
	at org.springframework.test.context.junit4.SpringJUnit4ClassRunner.methodBlock(SpringJUnit4ClassRunner.java:289)
	at org.springframework.test.context.junit4.SpringJUnit4ClassRunner.runChild(SpringJUnit4ClassRunner.java:247)
	at org.springframework.test.context.junit4.SpringJUnit4ClassRunner.runChild(SpringJUnit4ClassRunner.java:94)
	at org.junit.runners.ParentRunner$3.run(ParentRunner.java:290)
	at org.junit.runners.ParentRunner$1.schedule(ParentRunner.java:71)
	at org.junit.runners.ParentRunner.runChildren(ParentRunner.java:288)
	at org.junit.runners.ParentRunner.access$000(ParentRunner.java:58)
	at org.junit.runners.ParentRunner$2.evaluate(ParentRunner.java:268)
	at org.springframework.test.context.junit4.statements.RunBeforeTestClassCallbacks.evaluate(RunBeforeTestClassCallbacks.java:61)
	at org.springframework.test.context.junit4.statements.RunAfterTestClassCallbacks.evaluate(RunAfterTestClassCallbacks.java:70)
	at org.junit.runners.ParentRunner.run(ParentRunner.java:363)
	at org.springframework.test.context.junit4.SpringJUnit4ClassRunner.run(SpringJUnit4ClassRunner.java:191)
	at org.apache.maven.surefire.junit4.JUnit4Provider.execute(JUnit4Provider.java:283)
	at org.apache.maven.surefire.junit4.JUnit4Provider.executeWithRerun(JUnit4Provider.java:173)
	at org.apache.maven.surefire.junit4.JUnit4Provider.executeTestSet(JUnit4Provider.java:153)
	at org.apache.maven.surefire.junit4.JUnit4Provider.invoke(JUnit4Provider.java:128)
	at org.apache.maven.surefire.booter.ForkedBooter.invokeProviderInSameClassLoader(ForkedBooter.java:203)
	at org.apache.maven.surefire.booter.ForkedBooter.runSuitesInProcess(ForkedBooter.java:155)
	at org.apache.maven.surefire.booter.ForkedBooter.main(ForkedBooter.java:103)
Caused by: org.springframework.jdbc.datasource.init.ScriptStatementFailedException: Failed to execute SQL script statement #7 of class path resource [db/data.sql]: INSERT INTO `house`(`id`, `title`, `price`, `area`, `room`, `floor`, `total_floor`, `watch_times`, `build_year`, `status`, `create_time`, `last_update_time`, `city_en_name`, `region_en_name`, `cover`, `direction`, `distance_to_subway`, `parlour`, `district`, `admin_id`, `bathroom`, `street`) VALUES ('15', '瀵屽姏鍩� 鍥借锤CBD 鏃跺皻浼戦棽 鍟嗗姟鍔炲叕 瓒呮鐡﹀姏', '6200', '70', '2', '10', '20', '2', '2005', '1', '2017-09-06 18:56:14', '2017-09-15 00:26:59', 'bj', 'hdq', 'FmD3zKG-gUPOrNv0HwzZN7IbkAC_', '2', '10', '1', '铻嶆辰鍢夊洯', '2', '0', '榫欏煙瑗夸簩璺�'), ('16', '瀵屽姏鍩� 鍥借锤CBD 鏃跺皻浼戦棽 鍟嗗姟鍔炲叕', '6300', '70', '2', '10', '20', '0', '2012', '1', '2017-09-06 19:53:35', '2017-09-11 00:35:13', 'bj', 'hdq', 'FmD3zKG-gUPOrNv0HwzZN7IbkAC_', '1', '-1', '1', '铻嶆辰鍢夊洯', '2', '0', '榫欏煙瑗夸簩璺�'), ('17', '浜岀幆涓滅洿闂ㄥ湴閾佺珯闄勮繎銆佺帇搴滀簳銆佸ぉ瀹夐棬銆佸浗璐搞�佷笁閲屽悲銆佸崡閿ｉ紦宸�', '3000', '35', '1', '5', '10', '0', '2013', '1', '2017-09-06 20:45:35', '2017-09-11 00:35:05', 'bj', 'hdq', 'FhVdDhzVDH1dLVVx4jOaVXOCfnea', '1', '200', '0', '铻嶆辰鍢夊洯', '2', '0', '榫欏煙瑗夸簩璺�'), ('18', '鍗庤锤鍩� 涓滃悜涓�灞呮寫绌簂oft 骞插噣娓╅Θ 闅忔椂鍙互绛剧害', '5700', '52', '1', '7', '20', '0', '2012', '1', '2017-09-06 21:01:02', '2017-09-11 00:35:01', 'bj', 'hdq', 'FsxiS6rOTpSg5pK7tv41e8Zpnn_c', '2', '1085', '1', '铻嶆辰鍢夊洯', '2', '0', '榫欏煙瑗夸簩璺�'), ('19', '鏈涙槬鍥澘妤间笁灞呭 鑷綇绮捐 鍗楀寳閫氶�� 閲囧厜濂借閲庢锛�', '9200', '132', '3', '6', '14', '0', '2005', '1', '2017-09-06 22:44:25', '2017-09-11 00:34:55', 'bj', 'hdq', 'Fl1lNikhmMIecbTn-JTsurxugtFU', '2', '1108', '2', '铻嶆辰鍢夊洯', '2', '0', '榫欏煙瑗夸簩璺�'), ('20', '楂樺ぇ涓婄殑鏁寸涓ゅ眳瀹� 涓氫富璇氭剰鍑虹', '5400', '56', '2', '12', '20', '0', '2012', '1', '2017-09-06 23:39:50', '2017-09-11 00:34:21', 'bj', 'hdq', 'FtNl9uPM6p5PjEs8z2FnOuViNtOM', '2', '-1', '1', '铻嶆辰鍢夊洯', '2', '0', '榫欏煙瑗夸簩璺�'), ('21', '鏂板悍鍥� 姝ｈ涓夊眳瀹� 绮捐淇� 瀹剁數瀹跺叿榻愬叏', '1900', '18', '1', '13', '25', '0', '2012', '1', '2017-09-07 00:52:47', '2017-09-11 00:34:13', 'bj', 'hdq', 'Fn9sHC3Wx7qpYCmSxt-z8FZluf0Z', '3', '1302', '0', '铻嶆辰鍢夊洯', '2', '0', '榫欏煙瑗夸簩璺�'), ('24', '婀栧厜澹瑰彿鏈涗含鍗庡簻183-387銕￠様鏅ぇ瀹�', '50000', '288', '5', '1', '1', '0', '2015', '1', '2017-09-07 11:42:20', '2017-09-18 20:14:14', 'bj', 'hdq', 'FvVqU8LneZZ5xaLBAOM1KXR2Pz1X', '5', '200', '3', '铻嶆辰鍢夊洯', '2', '0', '榫欏煙瑗夸簩璺�'); nested exception is org.h2.jdbc.JdbcSQLException: Value too long for column "TITLE VARCHAR(32) NOT NULL": "STRINGDECODE('\u7035\u5c7d\u59cf\u9369\ufffd \u9365\u501f\u9524CBD \u93c3\u8dfa\u76bb\u6d7c\u6226\u68fd \u935f\u55d7\u59df\u9354... (33)"; SQL statement:
INSERT INTO `house`(`id`, `title`, `price`, `area`, `room`, `floor`, `total_floor`, `watch_times`, `build_year`, `status`, `create_time`, `last_update_time`, `city_en_name`, `region_en_name`, `cover`, `direction`, `distance_to_subway`, `parlour`, `district`, `admin_id`, `bathroom`, `street`) VALUES ('15', '瀵屽姏鍩� 鍥借锤CBD 鏃跺皻浼戦棽 鍟嗗姟鍔炲叕 瓒呮鐡﹀姏', '6200', '70', '2', '10', '20', '2', '2005', '1', '2017-09-06 18:56:14', '2017-09-15 00:26:59', 'bj', 'hdq', 'FmD3zKG-gUPOrNv0HwzZN7IbkAC_', '2', '10', '1', '铻嶆辰鍢夊洯', '2', '0', '榫欏煙瑗夸簩璺�'), ('16', '瀵屽姏鍩� 鍥借锤CBD 鏃跺皻浼戦棽 鍟嗗姟鍔炲叕', '6300', '70', '2', '10', '20', '0', '2012', '1', '2017-09-06 19:53:35', '2017-09-11 00:35:13', 'bj', 'hdq', 'FmD3zKG-gUPOrNv0HwzZN7IbkAC_', '1', '-1', '1', '铻嶆辰鍢夊洯', '2', '0', '榫欏煙瑗夸簩璺�'), ('17', '浜岀幆涓滅洿闂ㄥ湴閾佺珯闄勮繎銆佺帇搴滀簳銆佸ぉ瀹夐棬銆佸浗璐搞�佷笁閲屽悲銆佸崡閿ｉ紦宸�', '3000', '35', '1', '5', '10', '0', '2013', '1', '2017-09-06 20:45:35', '2017-09-11 00:35:05', 'bj', 'hdq', 'FhVdDhzVDH1dLVVx4jOaVXOCfnea', '1', '200', '0', '铻嶆辰鍢夊洯', '2', '0', '榫欏煙瑗夸簩璺�'), ('18', '鍗庤锤鍩� 涓滃悜涓�灞呮寫绌簂oft 骞插噣娓╅Θ 闅忔椂鍙互绛剧害', '5700', '52', '1', '7', '20', '0', '2012', '1', '2017-09-06 21:01:02', '2017-09-11 00:35:01', 'bj', 'hdq', 'FsxiS6rOTpSg5pK7tv41e8Zpnn_c', '2', '1085', '1', '铻嶆辰鍢夊洯', '2', '0', '榫欏煙瑗夸簩璺�'), ('19', '鏈涙槬鍥澘妤间笁灞呭 鑷綇绮捐 鍗楀寳閫氶�� 閲囧厜濂借閲庢锛�', '9200', '132', '3', '6', '14', '0', '2005', '1', '2017-09-06 22:44:25', '2017-09-11 00:34:55', 'bj', 'hdq', 'Fl1lNikhmMIecbTn-JTsurxugtFU', '2', '1108', '2', '铻嶆辰鍢夊洯', '2', '0', '榫欏煙瑗夸簩璺�'), ('20', '楂樺ぇ涓婄殑鏁寸涓ゅ眳瀹� 涓氫富璇氭剰鍑虹', '5400', '56', '2', '12', '20', '0', '2012', '1', '2017-09-06 23:39:50', '2017-09-11 00:34:21', 'bj', 'hdq', 'FtNl9uPM6p5PjEs8z2FnOuViNtOM', '2', '-1', '1', '铻嶆辰鍢夊洯', '2', '0', '榫欏煙瑗夸簩璺�'), ('21', '鏂板悍鍥� 姝ｈ涓夊眳瀹� 绮捐淇� 瀹剁數瀹跺叿榻愬叏', '1900', '18', '1', '13', '25', '0', '2012', '1', '2017-09-07 00:52:47', '2017-09-11 00:34:13', 'bj', 'hdq', 'Fn9sHC3Wx7qpYCmSxt-z8FZluf0Z', '3', '1302', '0', '铻嶆辰鍢夊洯', '2', '0', '榫欏煙瑗夸簩璺�'), ('24', '婀栧厜澹瑰彿鏈涗含鍗庡簻183-387銕￠様鏅ぇ瀹�', '50000', '288', '5', '1', '1', '0', '2015', '1', '2017-09-07 11:42:20', '2017-09-18 20:14:14', 'bj', 'hdq', 'FvVqU8LneZZ5xaLBAOM1KXR2Pz1X', '5', '200', '3', '铻嶆辰鍢夊洯', '2', '0', '榫欏煙瑗夸簩璺�') [22001-196]
	at org.springframework.jdbc.datasource.init.ScriptUtils.executeSqlScript(ScriptUtils.java:491)
	at org.springframework.jdbc.datasource.init.ResourceDatabasePopulator.populate(ResourceDatabasePopulator.java:238)
	at org.springframework.jdbc.datasource.init.DatabasePopulatorUtils.execute(DatabasePopulatorUtils.java:48)
	at org.springframework.boot.autoconfigure.jdbc.DataSourceInitializer.runScripts(DataSourceInitializer.java:192)
	at org.springframework.boot.autoconfigure.jdbc.DataSourceInitializer.runDataScripts(DataSourceInitializer.java:128)
	at org.springframework.boot.autoconfigure.jdbc.DataSourceInitializer.onApplicationEvent(DataSourceInitializer.java:118)
	at org.springframework.boot.autoconfigure.jdbc.DataSourceInitializer.onApplicationEvent(DataSourceInitializer.java:51)
	at org.springframework.context.event.SimpleApplicationEventMulticaster.doInvokeListener(SimpleApplicationEventMulticaster.java:172)
	at org.springframework.context.event.SimpleApplicationEventMulticaster.invokeListener(SimpleApplicationEventMulticaster.java:165)
	at org.springframework.context.event.SimpleApplicationEventMulticaster.multicastEvent(SimpleApplicationEventMulticaster.java:139)
	at org.springframework.context.support.AbstractApplicationContext.publishEvent(AbstractApplicationContext.java:393)
	at org.springframework.context.support.AbstractApplicationContext.publishEvent(AbstractApplicationContext.java:347)
	at org.springframework.boot.autoconfigure.jdbc.DataSourceInitializer.runSchemaScripts(DataSourceInitializer.java:95)
	at org.springframework.boot.autoconfigure.jdbc.DataSourceInitializer.init(DataSourceInitializer.java:83)
	at sun.reflect.NativeMethodAccessorImpl.invoke0(Native Method)
	at sun.reflect.NativeMethodAccessorImpl.invoke(NativeMethodAccessorImpl.java:62)
	at sun.reflect.DelegatingMethodAccessorImpl.invoke(DelegatingMethodAccessorImpl.java:43)
	at java.lang.reflect.Method.invoke(Method.java:483)
	at org.springframework.beans.factory.annotation.InitDestroyAnnotationBeanPostProcessor$LifecycleElement.invoke(InitDestroyAnnotationBeanPostProcessor.java:366)
	at org.springframework.beans.factory.annotation.InitDestroyAnnotationBeanPostProcessor$LifecycleMetadata.invokeInitMethods(InitDestroyAnnotationBeanPostProcessor.java:311)
	at org.springframework.beans.factory.annotation.InitDestroyAnnotationBeanPostProcessor.postProcessBeforeInitialization(InitDestroyAnnotationBeanPostProcessor.java:134)
	at org.springframework.beans.factory.support.AbstractAutowireCapableBeanFactory.applyBeanPostProcessorsBeforeInitialization(AbstractAutowireCapableBeanFactory.java:409)
	at org.springframework.beans.factory.support.AbstractAutowireCapableBeanFactory.initializeBean(AbstractAutowireCapableBeanFactory.java:1620)
	at org.springframework.beans.factory.support.AbstractAutowireCapableBeanFactory.doCreateBean(AbstractAutowireCapableBeanFactory.java:555)
	at org.springframework.beans.factory.support.AbstractAutowireCapableBeanFactory.createBean(AbstractAutowireCapableBeanFactory.java:483)
	at org.springframework.beans.factory.support.AbstractBeanFactory$1.getObject(AbstractBeanFactory.java:306)
	at org.springframework.beans.factory.support.DefaultSingletonBeanRegistry.getSingleton(DefaultSingletonBeanRegistry.java:230)
	at org.springframework.beans.factory.support.AbstractBeanFactory.doGetBean(AbstractBeanFactory.java:302)
	at org.springframework.beans.factory.support.AbstractBeanFactory.getBean(AbstractBeanFactory.java:220)
	at org.springframework.beans.factory.support.DefaultListableBeanFactory.resolveNamedBean(DefaultListableBeanFactory.java:1018)
	at org.springframework.beans.factory.support.DefaultListableBeanFactory.getBean(DefaultListableBeanFactory.java:345)
	at org.springframework.beans.factory.support.DefaultListableBeanFactory.getBean(DefaultListableBeanFactory.java:340)
	at org.springframework.boot.autoconfigure.jdbc.DataSourceInitializerPostProcessor.postProcessAfterInitialization(DataSourceInitializerPostProcessor.java:62)
	at org.springframework.beans.factory.support.AbstractAutowireCapableBeanFactory.applyBeanPostProcessorsAfterInitialization(AbstractAutowireCapableBeanFactory.java:423)
	at org.springframework.beans.factory.support.AbstractAutowireCapableBeanFactory.initializeBean(AbstractAutowireCapableBeanFactory.java:1633)
	at org.springframework.beans.factory.support.AbstractAutowireCapableBeanFactory.doCreateBean(AbstractAutowireCapableBeanFactory.java:555)
	at org.springframework.beans.factory.support.AbstractAutowireCapableBeanFactory.createBean(AbstractAutowireCapableBeanFactory.java:483)
	at org.springframework.beans.factory.support.AbstractBeanFactory$1.getObject(AbstractBeanFactory.java:306)
	at org.springframework.beans.factory.support.DefaultSingletonBeanRegistry.getSingleton(DefaultSingletonBeanRegistry.java:230)
	at org.springframework.beans.factory.support.AbstractBeanFactory.doGetBean(AbstractBeanFactory.java:302)
	at org.springframework.beans.factory.support.AbstractBeanFactory.getBean(AbstractBeanFactory.java:197)
	at org.springframework.context.annotation.ConfigurationClassEnhancer$BeanMethodInterceptor.obtainBeanInstanceFromFactory(ConfigurationClassEnhancer.java:389)
	at org.springframework.context.annotation.ConfigurationClassEnhancer$BeanMethodInterceptor.intercept(ConfigurationClassEnhancer.java:361)
	at com.imooc.config.JPAConfig$$EnhancerBySpringCGLIB$$ac3be7fd.dataSource(<generated>)
	at com.imooc.config.JPAConfig.entityManagerFactory(JPAConfig.java:36)
	at com.imooc.config.JPAConfig$$EnhancerBySpringCGLIB$$ac3be7fd.CGLIB$entityManagerFactory$2(<generated>)
	at com.imooc.config.JPAConfig$$EnhancerBySpringCGLIB$$ac3be7fd$$FastClassBySpringCGLIB$$914d9ecd.invoke(<generated>)
	at org.springframework.cglib.proxy.MethodProxy.invokeSuper(MethodProxy.java:228)
	at org.springframework.context.annotation.ConfigurationClassEnhancer$BeanMethodInterceptor.intercept(ConfigurationClassEnhancer.java:358)
	at com.imooc.config.JPAConfig$$EnhancerBySpringCGLIB$$ac3be7fd.entityManagerFactory(<generated>)
	at sun.reflect.NativeMethodAccessorImpl.invoke0(Native Method)
	at sun.reflect.NativeMethodAccessorImpl.invoke(NativeMethodAccessorImpl.java:62)
	at sun.reflect.DelegatingMethodAccessorImpl.invoke(DelegatingMethodAccessorImpl.java:43)
	at java.lang.reflect.Method.invoke(Method.java:483)
	at org.springframework.beans.factory.support.SimpleInstantiationStrategy.instantiate(SimpleInstantiationStrategy.java:162)
	at org.springframework.beans.factory.support.ConstructorResolver.instantiateUsingFactoryMethod(ConstructorResolver.java:588)
	at org.springframework.beans.factory.support.AbstractAutowireCapableBeanFactory.instantiateUsingFactoryMethod(AbstractAutowireCapableBeanFactory.java:1173)
	at org.springframework.beans.factory.support.AbstractAutowireCapableBeanFactory.createBeanInstance(AbstractAutowireCapableBeanFactory.java:1067)
	at org.springframework.beans.factory.support.AbstractAutowireCapableBeanFactory.doCreateBean(AbstractAutowireCapableBeanFactory.java:513)
	at org.springframework.beans.factory.support.AbstractAutowireCapableBeanFactory.createBean(AbstractAutowireCapableBeanFactory.java:483)
	at org.springframework.beans.factory.support.AbstractBeanFactory$1.getObject(AbstractBeanFactory.java:306)
	at org.springframework.beans.factory.support.DefaultSingletonBeanRegistry.getSingleton(DefaultSingletonBeanRegistry.java:230)
	at org.springframework.beans.factory.support.AbstractBeanFactory.doGetBean(AbstractBeanFactory.java:302)
	at org.springframework.beans.factory.support.AbstractBeanFactory.getBean(AbstractBeanFactory.java:197)
	at org.springframework.context.support.AbstractApplicationContext.getBean(AbstractApplicationContext.java:1078)
	at org.springframework.context.support.AbstractApplicationContext.finishBeanFactoryInitialization(AbstractApplicationContext.java:857)
	at org.springframework.context.support.AbstractApplicationContext.refresh(AbstractApplicationContext.java:543)
	at org.springframework.boot.SpringApplication.refresh(SpringApplication.java:693)
	at org.springframework.boot.SpringApplication.refreshContext(SpringApplication.java:360)
	at org.springframework.boot.SpringApplication.run(SpringApplication.java:303)
	at org.springframework.boot.test.context.SpringBootContextLoader.loadContext(SpringBootContextLoader.java:120)
	at org.springframework.test.context.cache.DefaultCacheAwareContextLoaderDelegate.loadContextInternal(DefaultCacheAwareContextLoaderDelegate.java:98)
	at org.springframework.test.context.cache.DefaultCacheAwareContextLoaderDelegate.loadContext(DefaultCacheAwareContextLoaderDelegate.java:116)
	at org.springframework.test.context.support.DefaultTestContext.getApplicationContext(DefaultTestContext.java:83)
	at org.springframework.test.context.web.ServletTestExecutionListener.setUpRequestContextIfNecessary(ServletTestExecutionListener.java:189)
	at org.springframework.test.context.web.ServletTestExecutionListener.prepareTestInstance(ServletTestExecutionListener.java:131)
	at org.springframework.test.context.TestContextManager.prepareTestInstance(TestContextManager.java:230)
	at org.springframework.test.context.junit4.SpringJUnit4ClassRunner.createTest(SpringJUnit4ClassRunner.java:228)
	at org.springframework.test.context.junit4.SpringJUnit4ClassRunner$1.runReflectiveCall(SpringJUnit4ClassRunner.java:287)
	at org.junit.internal.runners.model.ReflectiveCallable.run(ReflectiveCallable.java:12)
	at org.springframework.test.context.junit4.SpringJUnit4ClassRunner.methodBlock(SpringJUnit4ClassRunner.java:289)
	at org.springframework.test.context.junit4.SpringJUnit4ClassRunner.runChild(SpringJUnit4ClassRunner.java:247)
	at org.springframework.test.context.junit4.SpringJUnit4ClassRunner.runChild(SpringJUnit4ClassRunner.java:94)
	at org.junit.runners.ParentRunner$3.run(ParentRunner.java:290)
	at org.junit.runners.ParentRunner$1.schedule(ParentRunner.java:71)
	at org.junit.runners.ParentRunner.runChildren(ParentRunner.java:288)
	at org.junit.runners.ParentRunner.access$000(ParentRunner.java:58)
	at org.junit.runners.ParentRunner$2.evaluate(ParentRunner.java:268)
	at org.springframework.test.context.junit4.statements.RunBeforeTestClassCallbacks.evaluate(RunBeforeTestClassCallbacks.java:61)
	at org.springframework.test.context.junit4.statements.RunAfterTestClassCallbacks.evaluate(RunAfterTestClassCallbacks.java:70)
	at org.junit.runners.ParentRunner.run(ParentRunner.java:363)
	at org.springframework.test.context.junit4.SpringJUnit4ClassRunner.run(SpringJUnit4ClassRunner.java:191)
	at org.apache.maven.surefire.junit4.JUnit4Provider.execute(JUnit4Provider.java:283)
	at org.apache.maven.surefire.junit4.JUnit4Provider.executeWithRerun(JUnit4Provider.java:173)
	at org.apache.maven.surefire.junit4.JUnit4Provider.executeTestSet(JUnit4Provider.java:153)
	at org.apache.maven.surefire.junit4.JUnit4Provider.invoke(JUnit4Provider.java:128)
	at org.apache.maven.surefire.booter.ForkedBooter.invokeProviderInSameClassLoader(ForkedBooter.java:203)
	at org.apache.maven.surefire.booter.ForkedBooter.runSuitesInProcess(ForkedBooter.java:155)
	at org.apache.maven.surefire.booter.ForkedBooter.main(ForkedBooter.java:103)
Caused by: org.h2.jdbc.JdbcSQLException: Value too long for column "TITLE VARCHAR(32) NOT NULL": "STRINGDECODE('\u7035\u5c7d\u59cf\u9369\ufffd \u9365\u501f\u9524CBD \u93c3\u8dfa\u76bb\u6d7c\u6226\u68fd \u935f\u55d7\u59df\u9354... (33)"; SQL statement:
INSERT INTO `house`(`id`, `title`, `price`, `area`, `room`, `floor`, `total_floor`, `watch_times`, `build_year`, `status`, `create_time`, `last_update_time`, `city_en_name`, `region_en_name`, `cover`, `direction`, `distance_to_subway`, `parlour`, `district`, `admin_id`, `bathroom`, `street`) VALUES ('15', '瀵屽姏鍩� 鍥借锤CBD 鏃跺皻浼戦棽 鍟嗗姟鍔炲叕 瓒呮鐡﹀姏', '6200', '70', '2', '10', '20', '2', '2005', '1', '2017-09-06 18:56:14', '2017-09-15 00:26:59', 'bj', 'hdq', 'FmD3zKG-gUPOrNv0HwzZN7IbkAC_', '2', '10', '1', '铻嶆辰鍢夊洯', '2', '0', '榫欏煙瑗夸簩璺�'), ('16', '瀵屽姏鍩� 鍥借锤CBD 鏃跺皻浼戦棽 鍟嗗姟鍔炲叕', '6300', '70', '2', '10', '20', '0', '2012', '1', '2017-09-06 19:53:35', '2017-09-11 00:35:13', 'bj', 'hdq', 'FmD3zKG-gUPOrNv0HwzZN7IbkAC_', '1', '-1', '1', '铻嶆辰鍢夊洯', '2', '0', '榫欏煙瑗夸簩璺�'), ('17', '浜岀幆涓滅洿闂ㄥ湴閾佺珯闄勮繎銆佺帇搴滀簳銆佸ぉ瀹夐棬銆佸浗璐搞�佷笁閲屽悲銆佸崡閿ｉ紦宸�', '3000', '35', '1', '5', '10', '0', '2013', '1', '2017-09-06 20:45:35', '2017-09-11 00:35:05', 'bj', 'hdq', 'FhVdDhzVDH1dLVVx4jOaVXOCfnea', '1', '200', '0', '铻嶆辰鍢夊洯', '2', '0', '榫欏煙瑗夸簩璺�'), ('18', '鍗庤锤鍩� 涓滃悜涓�灞呮寫绌簂oft 骞插噣娓╅Θ 闅忔椂鍙互绛剧害', '5700', '52', '1', '7', '20', '0', '2012', '1', '2017-09-06 21:01:02', '2017-09-11 00:35:01', 'bj', 'hdq', 'FsxiS6rOTpSg5pK7tv41e8Zpnn_c', '2', '1085', '1', '铻嶆辰鍢夊洯', '2', '0', '榫欏煙瑗夸簩璺�'), ('19', '鏈涙槬鍥澘妤间笁灞呭 鑷綇绮捐 鍗楀寳閫氶�� 閲囧厜濂借閲庢锛�', '9200', '132', '3', '6', '14', '0', '2005', '1', '2017-09-06 22:44:25', '2017-09-11 00:34:55', 'bj', 'hdq', 'Fl1lNikhmMIecbTn-JTsurxugtFU', '2', '1108', '2', '铻嶆辰鍢夊洯', '2', '0', '榫欏煙瑗夸簩璺�'), ('20', '楂樺ぇ涓婄殑鏁寸涓ゅ眳瀹� 涓氫富璇氭剰鍑虹', '5400', '56', '2', '12', '20', '0', '2012', '1', '2017-09-06 23:39:50', '2017-09-11 00:34:21', 'bj', 'hdq', 'FtNl9uPM6p5PjEs8z2FnOuViNtOM', '2', '-1', '1', '铻嶆辰鍢夊洯', '2', '0', '榫欏煙瑗夸簩璺�'), ('21', '鏂板悍鍥� 姝ｈ涓夊眳瀹� 绮捐淇� 瀹剁數瀹跺叿榻愬叏', '1900', '18', '1', '13', '25', '0', '2012', '1', '2017-09-07 00:52:47', '2017-09-11 00:34:13', 'bj', 'hdq', 'Fn9sHC3Wx7qpYCmSxt-z8FZluf0Z', '3', '1302', '0', '铻嶆辰鍢夊洯', '2', '0', '榫欏煙瑗夸簩璺�'), ('24', '婀栧厜澹瑰彿鏈涗含鍗庡簻183-387銕￠様鏅ぇ瀹�', '50000', '288', '5', '1', '1', '0', '2015', '1', '2017-09-07 11:42:20', '2017-09-18 20:14:14', 'bj', 'hdq', 'FvVqU8LneZZ5xaLBAOM1KXR2Pz1X', '5', '200', '3', '铻嶆辰鍢夊洯', '2', '0', '榫欏煙瑗夸簩璺�') [22001-196]
	at org.h2.message.DbException.getJdbcSQLException(DbException.java:345)
	at org.h2.message.DbException.get(DbException.java:179)
	at org.h2.table.Column.validateConvertUpdateSequence(Column.java:369)
	at org.h2.table.Table.validateConvertUpdateSequence(Table.java:797)
	at org.h2.command.dml.Insert.insertRows(Insert.java:151)
	at org.h2.command.dml.Insert.update(Insert.java:114)
	at org.h2.command.CommandContainer.update(CommandContainer.java:101)
	at org.h2.command.Command.executeUpdate(Command.java:260)
	at org.h2.jdbc.JdbcStatement.executeInternal(JdbcStatement.java:192)
	at org.h2.jdbc.JdbcStatement.execute(JdbcStatement.java:164)
	at sun.reflect.GeneratedMethodAccessor63.invoke(Unknown Source)
	at sun.reflect.DelegatingMethodAccessorImpl.invoke(DelegatingMethodAccessorImpl.java:43)
	at java.lang.reflect.Method.invoke(Method.java:483)
	at org.apache.tomcat.jdbc.pool.StatementFacade$StatementProxy.invoke(StatementFacade.java:114)
	at com.sun.proxy.$Proxy90.execute(Unknown Source)
	at org.springframework.jdbc.datasource.init.ScriptUtils.executeSqlScript(ScriptUtils.java:470)
	at org.springframework.jdbc.datasource.init.ResourceDatabasePopulator.populate(ResourceDatabasePopulator.java:238)
	at org.springframework.jdbc.datasource.init.DatabasePopulatorUtils.execute(DatabasePopulatorUtils.java:48)
	at org.springframework.boot.autoconfigure.jdbc.DataSourceInitializer.runScripts(DataSourceInitializer.java:192)
	at org.springframework.boot.autoconfigure.jdbc.DataSourceInitializer.runDataScripts(DataSourceInitializer.java:128)
	at org.springframework.boot.autoconfigure.jdbc.DataSourceInitializer.onApplicationEvent(DataSourceInitializer.java:118)
	at org.springframework.boot.autoconfigure.jdbc.DataSourceInitializer.onApplicationEvent(DataSourceInitializer.java:51)
	at org.springframework.context.event.SimpleApplicationEventMulticaster.doInvokeListener(SimpleApplicationEventMulticaster.java:172)
	at org.springframework.context.event.SimpleApplicationEventMulticaster.invokeListener(SimpleApplicationEventMulticaster.java:165)
	at org.springframework.context.event.SimpleApplicationEventMulticaster.multicastEvent(SimpleApplicationEventMulticaster.java:139)
	at org.springframework.context.support.AbstractApplicationContext.publishEvent(AbstractApplicationContext.java:393)
	at org.springframework.context.support.AbstractApplicationContext.publishEvent(AbstractApplicationContext.java:347)
	at org.springframework.boot.autoconfigure.jdbc.DataSourceInitializer.runSchemaScripts(DataSourceInitializer.java:95)
	at org.springframework.boot.autoconfigure.jdbc.DataSourceInitializer.init(DataSourceInitializer.java:83)
	at sun.reflect.NativeMethodAccessorImpl.invoke0(Native Method)
	at sun.reflect.NativeMethodAccessorImpl.invoke(NativeMethodAccessorImpl.java:62)
	at sun.reflect.DelegatingMethodAccessorImpl.invoke(DelegatingMethodAccessorImpl.java:43)
	at java.lang.reflect.Method.invoke(Method.java:483)
	at org.springframework.beans.factory.annotation.InitDestroyAnnotationBeanPostProcessor$LifecycleElement.invoke(InitDestroyAnnotationBeanPostProcessor.java:366)
	at org.springframework.beans.factory.annotation.InitDestroyAnnotationBeanPostProcessor$LifecycleMetadata.invokeInitMethods(InitDestroyAnnotationBeanPostProcessor.java:311)
	at org.springframework.beans.factory.annotation.InitDestroyAnnotationBeanPostProcessor.postProcessBeforeInitialization(InitDestroyAnnotationBeanPostProcessor.java:134)
	at org.springframework.beans.factory.support.AbstractAutowireCapableBeanFactory.applyBeanPostProcessorsBeforeInitialization(AbstractAutowireCapableBeanFactory.java:409)
	at org.springframework.beans.factory.support.AbstractAutowireCapableBeanFactory.initializeBean(AbstractAutowireCapableBeanFactory.java:1620)
	at org.springframework.beans.factory.support.AbstractAutowireCapableBeanFactory.doCreateBean(AbstractAutowireCapableBeanFactory.java:555)
	at org.springframework.beans.factory.support.AbstractAutowireCapableBeanFactory.createBean(AbstractAutowireCapableBeanFactory.java:483)
	at org.springframework.beans.factory.support.AbstractBeanFactory$1.getObject(AbstractBeanFactory.java:306)
	at org.springframework.beans.factory.support.DefaultSingletonBeanRegistry.getSingleton(DefaultSingletonBeanRegistry.java:230)
	at org.springframework.beans.factory.support.AbstractBeanFactory.doGetBean(AbstractBeanFactory.java:302)
	at org.springframework.beans.factory.support.AbstractBeanFactory.getBean(AbstractBeanFactory.java:220)
	at org.springframework.beans.factory.support.DefaultListableBeanFactory.resolveNamedBean(DefaultListableBeanFactory.java:1018)
	at org.springframework.beans.factory.support.DefaultListableBeanFactory.getBean(DefaultListableBeanFactory.java:345)
	at org.springframework.beans.factory.support.DefaultListableBeanFactory.getBean(DefaultListableBeanFactory.java:340)
	at org.springframework.boot.autoconfigure.jdbc.DataSourceInitializerPostProcessor.postProcessAfterInitialization(DataSourceInitializerPostProcessor.java:62)
	at org.springframework.beans.factory.support.AbstractAutowireCapableBeanFactory.applyBeanPostProcessorsAfterInitialization(AbstractAutowireCapableBeanFactory.java:423)
	at org.springframework.beans.factory.support.AbstractAutowireCapableBeanFactory.initializeBean(AbstractAutowireCapableBeanFactory.java:1633)
	at org.springframework.beans.factory.support.AbstractAutowireCapableBeanFactory.doCreateBean(AbstractAutowireCapableBeanFactory.java:555)
	at org.springframework.beans.factory.support.AbstractAutowireCapableBeanFactory.createBean(AbstractAutowireCapableBeanFactory.java:483)
	at org.springframework.beans.factory.support.AbstractBeanFactory$1.getObject(AbstractBeanFactory.java:306)
	at org.springframework.beans.factory.support.DefaultSingletonBeanRegistry.getSingleton(DefaultSingletonBeanRegistry.java:230)
	at org.springframework.beans.factory.support.AbstractBeanFactory.doGetBean(AbstractBeanFactory.java:302)
	at org.springframework.beans.factory.support.AbstractBeanFactory.getBean(AbstractBeanFactory.java:197)
	at org.springframework.context.annotation.ConfigurationClassEnhancer$BeanMethodInterceptor.obtainBeanInstanceFromFactory(ConfigurationClassEnhancer.java:389)
	at org.springframework.context.annotation.ConfigurationClassEnhancer$BeanMethodInterceptor.intercept(ConfigurationClassEnhancer.java:361)
	at com.imooc.config.JPAConfig$$EnhancerBySpringCGLIB$$ac3be7fd.dataSource(<generated>)
	at com.imooc.config.JPAConfig.entityManagerFactory(JPAConfig.java:36)
	at com.imooc.config.JPAConfig$$EnhancerBySpringCGLIB$$ac3be7fd.CGLIB$entityManagerFactory$2(<generated>)
	at com.imooc.config.JPAConfig$$EnhancerBySpringCGLIB$$ac3be7fd$$FastClassBySpringCGLIB$$914d9ecd.invoke(<generated>)
	at org.springframework.cglib.proxy.MethodProxy.invokeSuper(MethodProxy.java:228)
	at org.springframework.context.annotation.ConfigurationClassEnhancer$BeanMethodInterceptor.intercept(ConfigurationClassEnhancer.java:358)
	at com.imooc.config.JPAConfig$$EnhancerBySpringCGLIB$$ac3be7fd.entityManagerFactory(<generated>)
	at sun.reflect.NativeMethodAccessorImpl.invoke0(Native Method)
	at sun.reflect.NativeMethodAccessorImpl.invoke(NativeMethodAccessorImpl.java:62)
	at sun.reflect.DelegatingMethodAccessorImpl.invoke(DelegatingMethodAccessorImpl.java:43)
	at java.lang.reflect.Method.invoke(Method.java:483)
	at org.springframework.beans.factory.support.SimpleInstantiationStrategy.instantiate(SimpleInstantiationStrategy.java:162)
	at org.springframework.beans.factory.support.ConstructorResolver.instantiateUsingFactoryMethod(ConstructorResolver.java:588)
	at org.springframework.beans.factory.support.AbstractAutowireCapableBeanFactory.instantiateUsingFactoryMethod(AbstractAutowireCapableBeanFactory.java:1173)
	at org.springframework.beans.factory.support.AbstractAutowireCapableBeanFactory.createBeanInstance(AbstractAutowireCapableBeanFactory.java:1067)
	at org.springframework.beans.factory.support.AbstractAutowireCapableBeanFactory.doCreateBean(AbstractAutowireCapableBeanFactory.java:513)
	at org.springframework.beans.factory.support.AbstractAutowireCapableBeanFactory.createBean(AbstractAutowireCapableBeanFactory.java:483)
	at org.springframework.beans.factory.support.AbstractBeanFactory$1.getObject(AbstractBeanFactory.java:306)
	at org.springframework.beans.factory.support.DefaultSingletonBeanRegistry.getSingleton(DefaultSingletonBeanRegistry.java:230)
	at org.springframework.beans.factory.support.AbstractBeanFactory.doGetBean(AbstractBeanFactory.java:302)
	at org.springframework.beans.factory.support.AbstractBeanFactory.getBean(AbstractBeanFactory.java:197)
	at org.springframework.context.support.AbstractApplicationContext.getBean(AbstractApplicationContext.java:1078)
	at org.springframework.context.support.AbstractApplicationContext.finishBeanFactoryInitialization(AbstractApplicationContext.java:857)
	at org.springframework.context.support.AbstractApplicationContext.refresh(AbstractApplicationContext.java:543)
	at org.springframework.boot.SpringApplication.refresh(SpringApplication.java:693)
	at org.springframework.boot.SpringApplication.refreshContext(SpringApplication.java:360)
	at org.springframework.boot.SpringApplication.run(SpringApplication.java:303)
	at org.springframework.boot.test.context.SpringBootContextLoader.loadContext(SpringBootContextLoader.java:120)
	at org.springframework.test.context.cache.DefaultCacheAwareContextLoaderDelegate.loadContextInternal(DefaultCacheAwareContextLoaderDelegate.java:98)
	at org.springframework.test.context.cache.DefaultCacheAwareContextLoaderDelegate.loadContext(DefaultCacheAwareContextLoaderDelegate.java:116)
	at org.springframework.test.context.support.DefaultTestContext.getApplicationContext(DefaultTestContext.java:83)
	at org.springframework.test.context.web.ServletTestExecutionListener.setUpRequestContextIfNecessary(ServletTestExecutionListener.java:189)
	at org.springframework.test.context.web.ServletTestExecutionListener.prepareTestInstance(ServletTestExecutionListener.java:131)
	at org.springframework.test.context.TestContextManager.prepareTestInstance(TestContextManager.java:230)
	at org.springframework.test.context.junit4.SpringJUnit4ClassRunner.createTest(SpringJUnit4ClassRunner.java:228)
	at org.springframework.test.context.junit4.SpringJUnit4ClassRunner$1.runReflectiveCall(SpringJUnit4ClassRunner.java:287)
	at org.junit.internal.runners.model.ReflectiveCallable.run(ReflectiveCallable.java:12)
	at org.springframework.test.context.junit4.SpringJUnit4ClassRunner.methodBlock(SpringJUnit4ClassRunner.java:289)
	at org.springframework.test.context.junit4.SpringJUnit4ClassRunner.runChild(SpringJUnit4ClassRunner.java:247)
	at org.springframework.test.context.junit4.SpringJUnit4ClassRunner.runChild(SpringJUnit4ClassRunner.java:94)
	at org.junit.runners.ParentRunner$3.run(ParentRunner.java:290)
	at org.junit.runners.ParentRunner$1.schedule(ParentRunner.java:71)
	at org.junit.runners.ParentRunner.runChildren(ParentRunner.java:288)
	at org.junit.runners.ParentRunner.access$000(ParentRunner.java:58)
	at org.junit.runners.ParentRunner$2.evaluate(ParentRunner.java:268)
	at org.springframework.test.context.junit4.statements.RunBeforeTestClassCallbacks.evaluate(RunBeforeTestClassCallbacks.java:61)
	at org.springframework.test.context.junit4.statements.RunAfterTestClassCallbacks.evaluate(RunAfterTestClassCallbacks.java:70)
	at org.junit.runners.ParentRunner.run(ParentRunner.java:363)
	at org.springframework.test.context.junit4.SpringJUnit4ClassRunner.run(SpringJUnit4ClassRunner.java:191)
	at org.apache.maven.surefire.junit4.JUnit4Provider.execute(JUnit4Provider.java:283)
	at org.apache.maven.surefire.junit4.JUnit4Provider.executeWithRerun(JUnit4Provider.java:173)
	at org.apache.maven.surefire.junit4.JUnit4Provider.executeTestSet(JUnit4Provider.java:153)
	at org.apache.maven.surefire.junit4.JUnit4Provider.invoke(JUnit4Provider.java:128)
	at org.apache.maven.surefire.booter.ForkedBooter.invokeProviderInSameClassLoader(ForkedBooter.java:203)
	at org.apache.maven.surefire.booter.ForkedBooter.runSuitesInProcess(ForkedBooter.java:155)
	at org.apache.maven.surefire.booter.ForkedBooter.main(ForkedBooter.java:103)
]]></error>
    <system-out><![CDATA[
  .   ____          _            __ _ _
 /\\ / ___'_ __ _ _(_)_ __  __ _ \ \ \ \
( ( )\___ | '_ | '_| | '_ \/ _` | \ \ \ \
 \\/  ___)| |_)| | | | | || (_| |  ) ) ) )
  '  |____| .__|_| |_|_| |_\__, | / / / /
 =========|_|==============|___/=/_/_/_/
 :: Spring Boot ::        (v1.5.7.RELEASE)

2018-01-18 21:11:32.188  INFO 4044 --- [           main] c.imooc.service.house.QiNiuServiceTests  : Starting QiNiuServiceTests on SC-201703091028 with PID 4044 (started by Administrator in C:\Users\Administrator\Desktop\learn\m2cn7s)
2018-01-18 21:11:32.189  INFO 4044 --- [           main] c.imooc.service.house.QiNiuServiceTests  : The following profiles are active: test
2018-01-18 21:11:32.192  INFO 4044 --- [           main] o.s.w.c.s.GenericWebApplicationContext   : Refreshing org.springframework.web.context.support.GenericWebApplicationContext@6d1e9255: startup date [Thu Jan 18 21:11:32 CST 2018]; root of context hierarchy
2018-01-18 21:11:32.611  INFO 4044 --- [           main] .s.d.r.c.RepositoryConfigurationDelegate : Multiple Spring Data modules found, entering strict repository configuration mode!
2018-01-18 21:11:32.649  INFO 4044 --- [           main] .s.d.r.c.RepositoryConfigurationDelegate : Multiple Spring Data modules found, entering strict repository configuration mode!
2018-01-18 21:11:32.686  INFO 4044 --- [           main] .RepositoryConfigurationExtensionSupport : Spring Data Redis - Could not safely identify store assignment for repository candidate interface com.imooc.repository.HouseTagRepository.
2018-01-18 21:11:32.686  INFO 4044 --- [           main] .RepositoryConfigurationExtensionSupport : Spring Data Redis - Could not safely identify store assignment for repository candidate interface com.imooc.repository.SupportAddressRepository.
2018-01-18 21:11:32.686  INFO 4044 --- [           main] .RepositoryConfigurationExtensionSupport : Spring Data Redis - Could not safely identify store assignment for repository candidate interface com.imooc.repository.SubwayRepository.
2018-01-18 21:11:32.687  INFO 4044 --- [           main] .RepositoryConfigurationExtensionSupport : Spring Data Redis - Could not safely identify store assignment for repository candidate interface com.imooc.repository.HousePictureRepository.
2018-01-18 21:11:32.687  INFO 4044 --- [           main] .RepositoryConfigurationExtensionSupport : Spring Data Redis - Could not safely identify store assignment for repository candidate interface com.imooc.repository.SubwayStationRepository.
2018-01-18 21:11:32.687  INFO 4044 --- [           main] .RepositoryConfigurationExtensionSupport : Spring Data Redis - Could not safely identify store assignment for repository candidate interface com.imooc.repository.HouseSubscribeRespository.
2018-01-18 21:11:32.688  INFO 4044 --- [           main] .RepositoryConfigurationExtensionSupport : Spring Data Redis - Could not safely identify store assignment for repository candidate interface com.imooc.repository.HouseDetailRepository.
2018-01-18 21:11:32.688  INFO 4044 --- [           main] .RepositoryConfigurationExtensionSupport : Spring Data Redis - Could not safely identify store assignment for repository candidate interface com.imooc.repository.RoleRepository.
2018-01-18 21:11:32.688  INFO 4044 --- [           main] .RepositoryConfigurationExtensionSupport : Spring Data Redis - Could not safely identify store assignment for repository candidate interface com.imooc.repository.UserRepository.
2018-01-18 21:11:32.688  INFO 4044 --- [           main] .RepositoryConfigurationExtensionSupport : Spring Data Redis - Could not safely identify store assignment for repository candidate interface com.imooc.repository.HouseRepository.
2018-01-18 21:11:32.776  INFO 4044 --- [           main] trationDelegate$BeanPostProcessorChecker : Bean 'org.springframework.kafka.annotation.KafkaBootstrapConfiguration' of type [org.springframework.kafka.annotation.KafkaBootstrapConfiguration$$EnhancerBySpringCGLIB$$61d9ec0e] is not eligible for getting processed by all BeanPostProcessors (for example: not eligible for auto-proxying)
2018-01-18 21:11:32.929  INFO 4044 --- [           main] o.s.jdbc.datasource.init.ScriptUtils     : Executing SQL script from class path resource [db/schema.sql]
2018-01-18 21:11:32.938  INFO 4044 --- [           main] o.s.jdbc.datasource.init.ScriptUtils     : Executed SQL script from class path resource [db/schema.sql] in 9 ms.
2018-01-18 21:11:32.946  INFO 4044 --- [           main] o.s.jdbc.datasource.init.ScriptUtils     : Executing SQL script from class path resource [db/data.sql]
2018-01-18 21:11:32.952  WARN 4044 --- [           main] o.s.w.c.s.GenericWebApplicationContext   : Exception encountered during context initialization - cancelling refresh attempt: org.springframework.beans.factory.BeanCreationException: Error creating bean with name 'entityManagerFactory' defined in class path resource [com/imooc/config/JPAConfig.class]: Bean instantiation via factory method failed; nested exception is org.springframework.beans.BeanInstantiationException: Failed to instantiate [org.springframework.orm.jpa.LocalContainerEntityManagerFactoryBean]: Factory method 'entityManagerFactory' threw exception; nested exception is org.springframework.beans.factory.BeanCreationException: Error creating bean with name 'dataSource' defined in class path resource [com/imooc/config/JPAConfig.class]: Initialization of bean failed; nested exception is org.springframework.beans.factory.BeanCreationException: Error creating bean with name 'dataSourceInitializer': Invocation of init method failed; nested exception is org.springframework.jdbc.datasource.init.ScriptStatementFailedException: Failed to execute SQL script statement #7 of class path resource [db/data.sql]: INSERT INTO `house`(`id`, `title`, `price`, `area`, `room`, `floor`, `total_floor`, `watch_times`, `build_year`, `status`, `create_time`, `last_update_time`, `city_en_name`, `region_en_name`, `cover`, `direction`, `distance_to_subway`, `parlour`, `district`, `admin_id`, `bathroom`, `street`) VALUES ('15', '鐎靛苯濮忛崺锟� 閸ュ�熼敜CBD 閺冭泛鐨绘导鎴︽＝ 閸熷棗濮熼崝鐐插彆 鐡掑懏顥楅悺锕�濮�', '6200', '70', '2', '10', '20', '2', '2005', '1', '2017-09-06 18:56:14', '2017-09-15 00:26:59', 'bj', 'hdq', 'FmD3zKG-gUPOrNv0HwzZN7IbkAC_', '2', '10', '1', '閾诲秵杈伴崲澶婃疮', '2', '0', '姒瑥鐓欑憲澶哥癌鐠猴拷'), ('16', '鐎靛苯濮忛崺锟� 閸ュ�熼敜CBD 閺冭泛鐨绘导鎴︽＝ 閸熷棗濮熼崝鐐插彆', '6300', '70', '2', '10', '20', '0', '2012', '1', '2017-09-06 19:53:35', '2017-09-11 00:35:13', 'bj', 'hdq', 'FmD3zKG-gUPOrNv0HwzZN7IbkAC_', '1', '-1', '1', '閾诲秵杈伴崲澶婃疮', '2', '0', '姒瑥鐓欑憲澶哥癌鐠猴拷'), ('17', '娴滃瞼骞嗘稉婊呮纯闂傘劌婀撮柧浣虹彲闂勫嫯绻庨妴浣哄竾鎼存粈绨抽妴浣搞亯鐎瑰妫妴浣告禇鐠愭悶锟戒椒绗侀柌灞芥偛閵嗕礁宕￠柨锝夌处瀹革拷', '3000', '35', '1', '5', '10', '0', '2013', '1', '2017-09-06 20:45:35', '2017-09-11 00:35:05', 'bj', 'hdq', 'FhVdDhzVDH1dLVVx4jOaVXOCfnea', '1', '200', '0', '閾诲秵杈伴崲澶婃疮', '2', '0', '姒瑥鐓欑憲澶哥癌鐠猴拷'), ('18', '閸楀氦閿ら崺锟� 娑撴粌鎮滄稉锟界仦鍛缁岀皞oft 楠炴彃鍣ｅ〒鈺呂� 闂呭繑妞傞崣顖欎簰缁涘墽瀹�', '5700', '52', '1', '7', '20', '0', '2012', '1', '2017-09-06 21:01:02', '2017-09-11 00:35:01', 'bj', 'hdq', 'FsxiS6rOTpSg5pK7tv41e8Zpnn_c', '2', '1085', '1', '閾诲秵杈伴崲澶婃疮', '2', '0', '姒瑥鐓欑憲澶哥癌鐠猴拷'), ('19', '閺堟稒妲崶顓熸緲濡ら棿绗佺仦鍛吇 閼奉亙缍囩划鎹愵棅 閸楁瀵抽柅姘讹拷锟� 闁插洤鍘滄總鍊燁潒闁插孩顥楅敍锟�', '9200', '132', '3', '6', '14', '0', '2005', '1', '2017-09-06 22:44:25', '2017-09-11 00:34:55', 'bj', 'hdq', 'Fl1lNikhmMIecbTn-JTsurxugtFU', '2', '1108', '2', '閾诲秵杈伴崲澶婃疮', '2', '0', '姒瑥鐓欑憲澶哥癌鐠猴拷'), ('20', '妤傛ê銇囨稉濠勬畱閺佸顫ゆ稉銈呯湷鐎癸拷 娑撴矮瀵岀拠姘壈閸戣櫣顫�', '5400', '56', '2', '12', '20', '0', '2012', '1', '2017-09-06 23:39:50', '2017-09-11 00:34:21', 'bj', 'hdq', 'FtNl9uPM6p5PjEs8z2FnOuViNtOM', '2', '-1', '1', '閾诲秵杈伴崲澶婃疮', '2', '0', '姒瑥鐓欑憲澶哥癌鐠猴拷'), ('21', '閺傛澘鎮嶉崶锟� 濮濓綀顫夋稉澶婄湷鐎癸拷 缁崘顥婃穱锟� 鐎瑰墎鏁哥�硅泛鍙挎鎰弿', '1900', '18', '1', '13', '25', '0', '2012', '1', '2017-09-07 00:52:47', '2017-09-11 00:34:13', 'bj', 'hdq', 'Fn9sHC3Wx7qpYCmSxt-z8FZluf0Z', '3', '1302', '0', '閾诲秵杈伴崲澶婃疮', '2', '0', '姒瑥鐓欑憲澶哥癌鐠猴拷'), ('24', '濠�鏍у帨婢圭懓褰块張娑楀惈閸楀骸绨�183-387閵曪繝妲橀弲顖氥亣鐎癸拷', '50000', '288', '5', '1', '1', '0', '2015', '1', '2017-09-07 11:42:20', '2017-09-18 20:14:14', 'bj', 'hdq', 'FvVqU8LneZZ5xaLBAOM1KXR2Pz1X', '5', '200', '3', '閾诲秵杈伴崲澶婃疮', '2', '0', '姒瑥鐓欑憲澶哥癌鐠猴拷'); nested exception is org.h2.jdbc.JdbcSQLException: Value too long for column "TITLE VARCHAR(32) NOT NULL": "STRINGDECODE('\u7035\u5c7d\u59cf\u9369\ufffd \u9365\u501f\u9524CBD \u93c3\u8dfa\u76bb\u6d7c\u6226\u68fd \u935f\u55d7\u59df\u9354... (33)"; SQL statement:
INSERT INTO `house`(`id`, `title`, `price`, `area`, `room`, `floor`, `total_floor`, `watch_times`, `build_year`, `status`, `create_time`, `last_update_time`, `city_en_name`, `region_en_name`, `cover`, `direction`, `distance_to_subway`, `parlour`, `district`, `admin_id`, `bathroom`, `street`) VALUES ('15', '鐎靛苯濮忛崺锟� 閸ュ�熼敜CBD 閺冭泛鐨绘导鎴︽＝ 閸熷棗濮熼崝鐐插彆 鐡掑懏顥楅悺锕�濮�', '6200', '70', '2', '10', '20', '2', '2005', '1', '2017-09-06 18:56:14', '2017-09-15 00:26:59', 'bj', 'hdq', 'FmD3zKG-gUPOrNv0HwzZN7IbkAC_', '2', '10', '1', '閾诲秵杈伴崲澶婃疮', '2', '0', '姒瑥鐓欑憲澶哥癌鐠猴拷'), ('16', '鐎靛苯濮忛崺锟� 閸ュ�熼敜CBD 閺冭泛鐨绘导鎴︽＝ 閸熷棗濮熼崝鐐插彆', '6300', '70', '2', '10', '20', '0', '2012', '1', '2017-09-06 19:53:35', '2017-09-11 00:35:13', 'bj', 'hdq', 'FmD3zKG-gUPOrNv0HwzZN7IbkAC_', '1', '-1', '1', '閾诲秵杈伴崲澶婃疮', '2', '0', '姒瑥鐓欑憲澶哥癌鐠猴拷'), ('17', '娴滃瞼骞嗘稉婊呮纯闂傘劌婀撮柧浣虹彲闂勫嫯绻庨妴浣哄竾鎼存粈绨抽妴浣搞亯鐎瑰妫妴浣告禇鐠愭悶锟戒椒绗侀柌灞芥偛閵嗕礁宕￠柨锝夌处瀹革拷', '3000', '35', '1', '5', '10', '0', '2013', '1', '2017-09-06 20:45:35', '2017-09-11 00:35:05', 'bj', 'hdq', 'FhVdDhzVDH1dLVVx4jOaVXOCfnea', '1', '200', '0', '閾诲秵杈伴崲澶婃疮', '2', '0', '姒瑥鐓欑憲澶哥癌鐠猴拷'), ('18', '閸楀氦閿ら崺锟� 娑撴粌鎮滄稉锟界仦鍛缁岀皞oft 楠炴彃鍣ｅ〒鈺呂� 闂呭繑妞傞崣顖欎簰缁涘墽瀹�', '5700', '52', '1', '7', '20', '0', '2012', '1', '2017-09-06 21:01:02', '2017-09-11 00:35:01', 'bj', 'hdq', 'FsxiS6rOTpSg5pK7tv41e8Zpnn_c', '2', '1085', '1', '閾诲秵杈伴崲澶婃疮', '2', '0', '姒瑥鐓欑憲澶哥癌鐠猴拷'), ('19', '閺堟稒妲崶顓熸緲濡ら棿绗佺仦鍛吇 閼奉亙缍囩划鎹愵棅 閸楁瀵抽柅姘讹拷锟� 闁插洤鍘滄總鍊燁潒闁插孩顥楅敍锟�', '9200', '132', '3', '6', '14', '0', '2005', '1', '2017-09-06 22:44:25', '2017-09-11 00:34:55', 'bj', 'hdq', 'Fl1lNikhmMIecbTn-JTsurxugtFU', '2', '1108', '2', '閾诲秵杈伴崲澶婃疮', '2', '0', '姒瑥鐓欑憲澶哥癌鐠猴拷'), ('20', '妤傛ê銇囨稉濠勬畱閺佸顫ゆ稉銈呯湷鐎癸拷 娑撴矮瀵岀拠姘壈閸戣櫣顫�', '5400', '56', '2', '12', '20', '0', '2012', '1', '2017-09-06 23:39:50', '2017-09-11 00:34:21', 'bj', 'hdq', 'FtNl9uPM6p5PjEs8z2FnOuViNtOM', '2', '-1', '1', '閾诲秵杈伴崲澶婃疮', '2', '0', '姒瑥鐓欑憲澶哥癌鐠猴拷'), ('21', '閺傛澘鎮嶉崶锟� 濮濓綀顫夋稉澶婄湷鐎癸拷 缁崘顥婃穱锟� 鐎瑰墎鏁哥�硅泛鍙挎鎰弿', '1900', '18', '1', '13', '25', '0', '2012', '1', '2017-09-07 00:52:47', '2017-09-11 00:34:13', 'bj', 'hdq', 'Fn9sHC3Wx7qpYCmSxt-z8FZluf0Z', '3', '1302', '0', '閾诲秵杈伴崲澶婃疮', '2', '0', '姒瑥鐓欑憲澶哥癌鐠猴拷'), ('24', '濠�鏍у帨婢圭懓褰块張娑楀惈閸楀骸绨�183-387閵曪繝妲橀弲顖氥亣鐎癸拷', '50000', '288', '5', '1', '1', '0', '2015', '1', '2017-09-07 11:42:20', '2017-09-18 20:14:14', 'bj', 'hdq', 'FvVqU8LneZZ5xaLBAOM1KXR2Pz1X', '5', '200', '3', '閾诲秵杈伴崲澶婃疮', '2', '0', '姒瑥鐓欑憲澶哥癌鐠猴拷') [22001-196]
2018-01-18 21:11:32.956  INFO 4044 --- [           main] utoConfigurationReportLoggingInitializer : 

Error starting ApplicationContext. To display the auto-configuration report re-run your application with 'debug' enabled.
2018-01-18 21:11:32.963 ERROR 4044 --- [           main] o.s.boot.SpringApplication               : Application startup failed

org.springframework.beans.factory.BeanCreationException: Error creating bean with name 'entityManagerFactory' defined in class path resource [com/imooc/config/JPAConfig.class]: Bean instantiation via factory method failed; nested exception is org.springframework.beans.BeanInstantiationException: Failed to instantiate [org.springframework.orm.jpa.LocalContainerEntityManagerFactoryBean]: Factory method 'entityManagerFactory' threw exception; nested exception is org.springframework.beans.factory.BeanCreationException: Error creating bean with name 'dataSource' defined in class path resource [com/imooc/config/JPAConfig.class]: Initialization of bean failed; nested exception is org.springframework.beans.factory.BeanCreationException: Error creating bean with name 'dataSourceInitializer': Invocation of init method failed; nested exception is org.springframework.jdbc.datasource.init.ScriptStatementFailedException: Failed to execute SQL script statement #7 of class path resource [db/data.sql]: INSERT INTO `house`(`id`, `title`, `price`, `area`, `room`, `floor`, `total_floor`, `watch_times`, `build_year`, `status`, `create_time`, `last_update_time`, `city_en_name`, `region_en_name`, `cover`, `direction`, `distance_to_subway`, `parlour`, `district`, `admin_id`, `bathroom`, `street`) VALUES ('15', '鐎靛苯濮忛崺锟� 閸ュ�熼敜CBD 閺冭泛鐨绘导鎴︽＝ 閸熷棗濮熼崝鐐插彆 鐡掑懏顥楅悺锕�濮�', '6200', '70', '2', '10', '20', '2', '2005', '1', '2017-09-06 18:56:14', '2017-09-15 00:26:59', 'bj', 'hdq', 'FmD3zKG-gUPOrNv0HwzZN7IbkAC_', '2', '10', '1', '閾诲秵杈伴崲澶婃疮', '2', '0', '姒瑥鐓欑憲澶哥癌鐠猴拷'), ('16', '鐎靛苯濮忛崺锟� 閸ュ�熼敜CBD 閺冭泛鐨绘导鎴︽＝ 閸熷棗濮熼崝鐐插彆', '6300', '70', '2', '10', '20', '0', '2012', '1', '2017-09-06 19:53:35', '2017-09-11 00:35:13', 'bj', 'hdq', 'FmD3zKG-gUPOrNv0HwzZN7IbkAC_', '1', '-1', '1', '閾诲秵杈伴崲澶婃疮', '2', '0', '姒瑥鐓欑憲澶哥癌鐠猴拷'), ('17', '娴滃瞼骞嗘稉婊呮纯闂傘劌婀撮柧浣虹彲闂勫嫯绻庨妴浣哄竾鎼存粈绨抽妴浣搞亯鐎瑰妫妴浣告禇鐠愭悶锟戒椒绗侀柌灞芥偛閵嗕礁宕￠柨锝夌处瀹革拷', '3000', '35', '1', '5', '10', '0', '2013', '1', '2017-09-06 20:45:35', '2017-09-11 00:35:05', 'bj', 'hdq', 'FhVdDhzVDH1dLVVx4jOaVXOCfnea', '1', '200', '0', '閾诲秵杈伴崲澶婃疮', '2', '0', '姒瑥鐓欑憲澶哥癌鐠猴拷'), ('18', '閸楀氦閿ら崺锟� 娑撴粌鎮滄稉锟界仦鍛缁岀皞oft 楠炴彃鍣ｅ〒鈺呂� 闂呭繑妞傞崣顖欎簰缁涘墽瀹�', '5700', '52', '1', '7', '20', '0', '2012', '1', '2017-09-06 21:01:02', '2017-09-11 00:35:01', 'bj', 'hdq', 'FsxiS6rOTpSg5pK7tv41e8Zpnn_c', '2', '1085', '1', '閾诲秵杈伴崲澶婃疮', '2', '0', '姒瑥鐓欑憲澶哥癌鐠猴拷'), ('19', '閺堟稒妲崶顓熸緲濡ら棿绗佺仦鍛吇 閼奉亙缍囩划鎹愵棅 閸楁瀵抽柅姘讹拷锟� 闁插洤鍘滄總鍊燁潒闁插孩顥楅敍锟�', '9200', '132', '3', '6', '14', '0', '2005', '1', '2017-09-06 22:44:25', '2017-09-11 00:34:55', 'bj', 'hdq', 'Fl1lNikhmMIecbTn-JTsurxugtFU', '2', '1108', '2', '閾诲秵杈伴崲澶婃疮', '2', '0', '姒瑥鐓欑憲澶哥癌鐠猴拷'), ('20', '妤傛ê銇囨稉濠勬畱閺佸顫ゆ稉銈呯湷鐎癸拷 娑撴矮瀵岀拠姘壈閸戣櫣顫�', '5400', '56', '2', '12', '20', '0', '2012', '1', '2017-09-06 23:39:50', '2017-09-11 00:34:21', 'bj', 'hdq', 'FtNl9uPM6p5PjEs8z2FnOuViNtOM', '2', '-1', '1', '閾诲秵杈伴崲澶婃疮', '2', '0', '姒瑥鐓欑憲澶哥癌鐠猴拷'), ('21', '閺傛澘鎮嶉崶锟� 濮濓綀顫夋稉澶婄湷鐎癸拷 缁崘顥婃穱锟� 鐎瑰墎鏁哥�硅泛鍙挎鎰弿', '1900', '18', '1', '13', '25', '0', '2012', '1', '2017-09-07 00:52:47', '2017-09-11 00:34:13', 'bj', 'hdq', 'Fn9sHC3Wx7qpYCmSxt-z8FZluf0Z', '3', '1302', '0', '閾诲秵杈伴崲澶婃疮', '2', '0', '姒瑥鐓欑憲澶哥癌鐠猴拷'), ('24', '濠�鏍у帨婢圭懓褰块張娑楀惈閸楀骸绨�183-387閵曪繝妲橀弲顖氥亣鐎癸拷', '50000', '288', '5', '1', '1', '0', '2015', '1', '2017-09-07 11:42:20', '2017-09-18 20:14:14', 'bj', 'hdq', 'FvVqU8LneZZ5xaLBAOM1KXR2Pz1X', '5', '200', '3', '閾诲秵杈伴崲澶婃疮', '2', '0', '姒瑥鐓欑憲澶哥癌鐠猴拷'); nested exception is org.h2.jdbc.JdbcSQLException: Value too long for column "TITLE VARCHAR(32) NOT NULL": "STRINGDECODE('\u7035\u5c7d\u59cf\u9369\ufffd \u9365\u501f\u9524CBD \u93c3\u8dfa\u76bb\u6d7c\u6226\u68fd \u935f\u55d7\u59df\u9354... (33)"; SQL statement:
INSERT INTO `house`(`id`, `title`, `price`, `area`, `room`, `floor`, `total_floor`, `watch_times`, `build_year`, `status`, `create_time`, `last_update_time`, `city_en_name`, `region_en_name`, `cover`, `direction`, `distance_to_subway`, `parlour`, `district`, `admin_id`, `bathroom`, `street`) VALUES ('15', '鐎靛苯濮忛崺锟� 閸ュ�熼敜CBD 閺冭泛鐨绘导鎴︽＝ 閸熷棗濮熼崝鐐插彆 鐡掑懏顥楅悺锕�濮�', '6200', '70', '2', '10', '20', '2', '2005', '1', '2017-09-06 18:56:14', '2017-09-15 00:26:59', 'bj', 'hdq', 'FmD3zKG-gUPOrNv0HwzZN7IbkAC_', '2', '10', '1', '閾诲秵杈伴崲澶婃疮', '2', '0', '姒瑥鐓欑憲澶哥癌鐠猴拷'), ('16', '鐎靛苯濮忛崺锟� 閸ュ�熼敜CBD 閺冭泛鐨绘导鎴︽＝ 閸熷棗濮熼崝鐐插彆', '6300', '70', '2', '10', '20', '0', '2012', '1', '2017-09-06 19:53:35', '2017-09-11 00:35:13', 'bj', 'hdq', 'FmD3zKG-gUPOrNv0HwzZN7IbkAC_', '1', '-1', '1', '閾诲秵杈伴崲澶婃疮', '2', '0', '姒瑥鐓欑憲澶哥癌鐠猴拷'), ('17', '娴滃瞼骞嗘稉婊呮纯闂傘劌婀撮柧浣虹彲闂勫嫯绻庨妴浣哄竾鎼存粈绨抽妴浣搞亯鐎瑰妫妴浣告禇鐠愭悶锟戒椒绗侀柌灞芥偛閵嗕礁宕￠柨锝夌处瀹革拷', '3000', '35', '1', '5', '10', '0', '2013', '1', '2017-09-06 20:45:35', '2017-09-11 00:35:05', 'bj', 'hdq', 'FhVdDhzVDH1dLVVx4jOaVXOCfnea', '1', '200', '0', '閾诲秵杈伴崲澶婃疮', '2', '0', '姒瑥鐓欑憲澶哥癌鐠猴拷'), ('18', '閸楀氦閿ら崺锟� 娑撴粌鎮滄稉锟界仦鍛缁岀皞oft 楠炴彃鍣ｅ〒鈺呂� 闂呭繑妞傞崣顖欎簰缁涘墽瀹�', '5700', '52', '1', '7', '20', '0', '2012', '1', '2017-09-06 21:01:02', '2017-09-11 00:35:01', 'bj', 'hdq', 'FsxiS6rOTpSg5pK7tv41e8Zpnn_c', '2', '1085', '1', '閾诲秵杈伴崲澶婃疮', '2', '0', '姒瑥鐓欑憲澶哥癌鐠猴拷'), ('19', '閺堟稒妲崶顓熸緲濡ら棿绗佺仦鍛吇 閼奉亙缍囩划鎹愵棅 閸楁瀵抽柅姘讹拷锟� 闁插洤鍘滄總鍊燁潒闁插孩顥楅敍锟�', '9200', '132', '3', '6', '14', '0', '2005', '1', '2017-09-06 22:44:25', '2017-09-11 00:34:55', 'bj', 'hdq', 'Fl1lNikhmMIecbTn-JTsurxugtFU', '2', '1108', '2', '閾诲秵杈伴崲澶婃疮', '2', '0', '姒瑥鐓欑憲澶哥癌鐠猴拷'), ('20', '妤傛ê銇囨稉濠勬畱閺佸顫ゆ稉銈呯湷鐎癸拷 娑撴矮瀵岀拠姘壈閸戣櫣顫�', '5400', '56', '2', '12', '20', '0', '2012', '1', '2017-09-06 23:39:50', '2017-09-11 00:34:21', 'bj', 'hdq', 'FtNl9uPM6p5PjEs8z2FnOuViNtOM', '2', '-1', '1', '閾诲秵杈伴崲澶婃疮', '2', '0', '姒瑥鐓欑憲澶哥癌鐠猴拷'), ('21', '閺傛澘鎮嶉崶锟� 濮濓綀顫夋稉澶婄湷鐎癸拷 缁崘顥婃穱锟� 鐎瑰墎鏁哥�硅泛鍙挎鎰弿', '1900', '18', '1', '13', '25', '0', '2012', '1', '2017-09-07 00:52:47', '2017-09-11 00:34:13', 'bj', 'hdq', 'Fn9sHC3Wx7qpYCmSxt-z8FZluf0Z', '3', '1302', '0', '閾诲秵杈伴崲澶婃疮', '2', '0', '姒瑥鐓欑憲澶哥癌鐠猴拷'), ('24', '濠�鏍у帨婢圭懓褰块張娑楀惈閸楀骸绨�183-387閵曪繝妲橀弲顖氥亣鐎癸拷', '50000', '288', '5', '1', '1', '0', '2015', '1', '2017-09-07 11:42:20', '2017-09-18 20:14:14', 'bj', 'hdq', 'FvVqU8LneZZ5xaLBAOM1KXR2Pz1X', '5', '200', '3', '閾诲秵杈伴崲澶婃疮', '2', '0', '姒瑥鐓欑憲澶哥癌鐠猴拷') [22001-196]
	at org.springframework.beans.factory.support.ConstructorResolver.instantiateUsingFactoryMethod(ConstructorResolver.java:599) ~[spring-beans-4.3.11.RELEASE.jar:4.3.11.RELEASE]
	at org.springframework.beans.factory.support.AbstractAutowireCapableBeanFactory.instantiateUsingFactoryMethod(AbstractAutowireCapableBeanFactory.java:1173) ~[spring-beans-4.3.11.RELEASE.jar:4.3.11.RELEASE]
	at org.springframework.beans.factory.support.AbstractAutowireCapableBeanFactory.createBeanInstance(AbstractAutowireCapableBeanFactory.java:1067) ~[spring-beans-4.3.11.RELEASE.jar:4.3.11.RELEASE]
	at org.springframework.beans.factory.support.AbstractAutowireCapableBeanFactory.doCreateBean(AbstractAutowireCapableBeanFactory.java:513) ~[spring-beans-4.3.11.RELEASE.jar:4.3.11.RELEASE]
	at org.springframework.beans.factory.support.AbstractAutowireCapableBeanFactory.createBean(AbstractAutowireCapableBeanFactory.java:483) ~[spring-beans-4.3.11.RELEASE.jar:4.3.11.RELEASE]
	at org.springframework.beans.factory.support.AbstractBeanFactory$1.getObject(AbstractBeanFactory.java:306) ~[spring-beans-4.3.11.RELEASE.jar:4.3.11.RELEASE]
	at org.springframework.beans.factory.support.DefaultSingletonBeanRegistry.getSingleton(DefaultSingletonBeanRegistry.java:230) ~[spring-beans-4.3.11.RELEASE.jar:4.3.11.RELEASE]
	at org.springframework.beans.factory.support.AbstractBeanFactory.doGetBean(AbstractBeanFactory.java:302) ~[spring-beans-4.3.11.RELEASE.jar:4.3.11.RELEASE]
	at org.springframework.beans.factory.support.AbstractBeanFactory.getBean(AbstractBeanFactory.java:197) ~[spring-beans-4.3.11.RELEASE.jar:4.3.11.RELEASE]
	at org.springframework.context.support.AbstractApplicationContext.getBean(AbstractApplicationContext.java:1078) ~[spring-context-4.3.11.RELEASE.jar:4.3.11.RELEASE]
	at org.springframework.context.support.AbstractApplicationContext.finishBeanFactoryInitialization(AbstractApplicationContext.java:857) ~[spring-context-4.3.11.RELEASE.jar:4.3.11.RELEASE]
	at org.springframework.context.support.AbstractApplicationContext.refresh(AbstractApplicationContext.java:543) ~[spring-context-4.3.11.RELEASE.jar:4.3.11.RELEASE]
	at org.springframework.boot.SpringApplication.refresh(SpringApplication.java:693) ~[spring-boot-1.5.7.RELEASE.jar:1.5.7.RELEASE]
	at org.springframework.boot.SpringApplication.refreshContext(SpringApplication.java:360) ~[spring-boot-1.5.7.RELEASE.jar:1.5.7.RELEASE]
	at org.springframework.boot.SpringApplication.run(SpringApplication.java:303) ~[spring-boot-1.5.7.RELEASE.jar:1.5.7.RELEASE]
	at org.springframework.boot.test.context.SpringBootContextLoader.loadContext(SpringBootContextLoader.java:120) [spring-boot-test-1.5.7.RELEASE.jar:1.5.7.RELEASE]
	at org.springframework.test.context.cache.DefaultCacheAwareContextLoaderDelegate.loadContextInternal(DefaultCacheAwareContextLoaderDelegate.java:98) [spring-test-4.3.11.RELEASE.jar:4.3.11.RELEASE]
	at org.springframework.test.context.cache.DefaultCacheAwareContextLoaderDelegate.loadContext(DefaultCacheAwareContextLoaderDelegate.java:116) [spring-test-4.3.11.RELEASE.jar:4.3.11.RELEASE]
	at org.springframework.test.context.support.DefaultTestContext.getApplicationContext(DefaultTestContext.java:83) [spring-test-4.3.11.RELEASE.jar:4.3.11.RELEASE]
	at org.springframework.test.context.web.ServletTestExecutionListener.setUpRequestContextIfNecessary(ServletTestExecutionListener.java:189) [spring-test-4.3.11.RELEASE.jar:4.3.11.RELEASE]
	at org.springframework.test.context.web.ServletTestExecutionListener.prepareTestInstance(ServletTestExecutionListener.java:131) [spring-test-4.3.11.RELEASE.jar:4.3.11.RELEASE]
	at org.springframework.test.context.TestContextManager.prepareTestInstance(TestContextManager.java:230) [spring-test-4.3.11.RELEASE.jar:4.3.11.RELEASE]
	at org.springframework.test.context.junit4.SpringJUnit4ClassRunner.createTest(SpringJUnit4ClassRunner.java:228) [spring-test-4.3.11.RELEASE.jar:4.3.11.RELEASE]
	at org.springframework.test.context.junit4.SpringJUnit4ClassRunner$1.runReflectiveCall(SpringJUnit4ClassRunner.java:287) [spring-test-4.3.11.RELEASE.jar:4.3.11.RELEASE]
	at org.junit.internal.runners.model.ReflectiveCallable.run(ReflectiveCallable.java:12) [junit-4.12.jar:4.12]
	at org.springframework.test.context.junit4.SpringJUnit4ClassRunner.methodBlock(SpringJUnit4ClassRunner.java:289) [spring-test-4.3.11.RELEASE.jar:4.3.11.RELEASE]
	at org.springframework.test.context.junit4.SpringJUnit4ClassRunner.runChild(SpringJUnit4ClassRunner.java:247) [spring-test-4.3.11.RELEASE.jar:4.3.11.RELEASE]
	at org.springframework.test.context.junit4.SpringJUnit4ClassRunner.runChild(SpringJUnit4ClassRunner.java:94) [spring-test-4.3.11.RELEASE.jar:4.3.11.RELEASE]
	at org.junit.runners.ParentRunner$3.run(ParentRunner.java:290) [junit-4.12.jar:4.12]
	at org.junit.runners.ParentRunner$1.schedule(ParentRunner.java:71) [junit-4.12.jar:4.12]
	at org.junit.runners.ParentRunner.runChildren(ParentRunner.java:288) [junit-4.12.jar:4.12]
	at org.junit.runners.ParentRunner.access$000(ParentRunner.java:58) [junit-4.12.jar:4.12]
	at org.junit.runners.ParentRunner$2.evaluate(ParentRunner.java:268) [junit-4.12.jar:4.12]
	at org.springframework.test.context.junit4.statements.RunBeforeTestClassCallbacks.evaluate(RunBeforeTestClassCallbacks.java:61) [spring-test-4.3.11.RELEASE.jar:4.3.11.RELEASE]
	at org.springframework.test.context.junit4.statements.RunAfterTestClassCallbacks.evaluate(RunAfterTestClassCallbacks.java:70) [spring-test-4.3.11.RELEASE.jar:4.3.11.RELEASE]
	at org.junit.runners.ParentRunner.run(ParentRunner.java:363) [junit-4.12.jar:4.12]
	at org.springframework.test.context.junit4.SpringJUnit4ClassRunner.run(SpringJUnit4ClassRunner.java:191) [spring-test-4.3.11.RELEASE.jar:4.3.11.RELEASE]
	at org.apache.maven.surefire.junit4.JUnit4Provider.execute(JUnit4Provider.java:283) [surefire-junit4-2.18.1.jar:2.18.1]
	at org.apache.maven.surefire.junit4.JUnit4Provider.executeWithRerun(JUnit4Provider.java:173) [surefire-junit4-2.18.1.jar:2.18.1]
	at org.apache.maven.surefire.junit4.JUnit4Provider.executeTestSet(JUnit4Provider.java:153) [surefire-junit4-2.18.1.jar:2.18.1]
	at org.apache.maven.surefire.junit4.JUnit4Provider.invoke(JUnit4Provider.java:128) [surefire-junit4-2.18.1.jar:2.18.1]
	at org.apache.maven.surefire.booter.ForkedBooter.invokeProviderInSameClassLoader(ForkedBooter.java:203) [surefire-booter-2.18.1.jar:2.18.1]
	at org.apache.maven.surefire.booter.ForkedBooter.runSuitesInProcess(ForkedBooter.java:155) [surefire-booter-2.18.1.jar:2.18.1]
	at org.apache.maven.surefire.booter.ForkedBooter.main(ForkedBooter.java:103) [surefire-booter-2.18.1.jar:2.18.1]
Caused by: org.springframework.beans.BeanInstantiationException: Failed to instantiate [org.springframework.orm.jpa.LocalContainerEntityManagerFactoryBean]: Factory method 'entityManagerFactory' threw exception; nested exception is org.springframework.beans.factory.BeanCreationException: Error creating bean with name 'dataSource' defined in class path resource [com/imooc/config/JPAConfig.class]: Initialization of bean failed; nested exception is org.springframework.beans.factory.BeanCreationException: Error creating bean with name 'dataSourceInitializer': Invocation of init method failed; nested exception is org.springframework.jdbc.datasource.init.ScriptStatementFailedException: Failed to execute SQL script statement #7 of class path resource [db/data.sql]: INSERT INTO `house`(`id`, `title`, `price`, `area`, `room`, `floor`, `total_floor`, `watch_times`, `build_year`, `status`, `create_time`, `last_update_time`, `city_en_name`, `region_en_name`, `cover`, `direction`, `distance_to_subway`, `parlour`, `district`, `admin_id`, `bathroom`, `street`) VALUES ('15', '鐎靛苯濮忛崺锟� 閸ュ�熼敜CBD 閺冭泛鐨绘导鎴︽＝ 閸熷棗濮熼崝鐐插彆 鐡掑懏顥楅悺锕�濮�', '6200', '70', '2', '10', '20', '2', '2005', '1', '2017-09-06 18:56:14', '2017-09-15 00:26:59', 'bj', 'hdq', 'FmD3zKG-gUPOrNv0HwzZN7IbkAC_', '2', '10', '1', '閾诲秵杈伴崲澶婃疮', '2', '0', '姒瑥鐓欑憲澶哥癌鐠猴拷'), ('16', '鐎靛苯濮忛崺锟� 閸ュ�熼敜CBD 閺冭泛鐨绘导鎴︽＝ 閸熷棗濮熼崝鐐插彆', '6300', '70', '2', '10', '20', '0', '2012', '1', '2017-09-06 19:53:35', '2017-09-11 00:35:13', 'bj', 'hdq', 'FmD3zKG-gUPOrNv0HwzZN7IbkAC_', '1', '-1', '1', '閾诲秵杈伴崲澶婃疮', '2', '0', '姒瑥鐓欑憲澶哥癌鐠猴拷'), ('17', '娴滃瞼骞嗘稉婊呮纯闂傘劌婀撮柧浣虹彲闂勫嫯绻庨妴浣哄竾鎼存粈绨抽妴浣搞亯鐎瑰妫妴浣告禇鐠愭悶锟戒椒绗侀柌灞芥偛閵嗕礁宕￠柨锝夌处瀹革拷', '3000', '35', '1', '5', '10', '0', '2013', '1', '2017-09-06 20:45:35', '2017-09-11 00:35:05', 'bj', 'hdq', 'FhVdDhzVDH1dLVVx4jOaVXOCfnea', '1', '200', '0', '閾诲秵杈伴崲澶婃疮', '2', '0', '姒瑥鐓欑憲澶哥癌鐠猴拷'), ('18', '閸楀氦閿ら崺锟� 娑撴粌鎮滄稉锟界仦鍛缁岀皞oft 楠炴彃鍣ｅ〒鈺呂� 闂呭繑妞傞崣顖欎簰缁涘墽瀹�', '5700', '52', '1', '7', '20', '0', '2012', '1', '2017-09-06 21:01:02', '2017-09-11 00:35:01', 'bj', 'hdq', 'FsxiS6rOTpSg5pK7tv41e8Zpnn_c', '2', '1085', '1', '閾诲秵杈伴崲澶婃疮', '2', '0', '姒瑥鐓欑憲澶哥癌鐠猴拷'), ('19', '閺堟稒妲崶顓熸緲濡ら棿绗佺仦鍛吇 閼奉亙缍囩划鎹愵棅 閸楁瀵抽柅姘讹拷锟� 闁插洤鍘滄總鍊燁潒闁插孩顥楅敍锟�', '9200', '132', '3', '6', '14', '0', '2005', '1', '2017-09-06 22:44:25', '2017-09-11 00:34:55', 'bj', 'hdq', 'Fl1lNikhmMIecbTn-JTsurxugtFU', '2', '1108', '2', '閾诲秵杈伴崲澶婃疮', '2', '0', '姒瑥鐓欑憲澶哥癌鐠猴拷'), ('20', '妤傛ê銇囨稉濠勬畱閺佸顫ゆ稉銈呯湷鐎癸拷 娑撴矮瀵岀拠姘壈閸戣櫣顫�', '5400', '56', '2', '12', '20', '0', '2012', '1', '2017-09-06 23:39:50', '2017-09-11 00:34:21', 'bj', 'hdq', 'FtNl9uPM6p5PjEs8z2FnOuViNtOM', '2', '-1', '1', '閾诲秵杈伴崲澶婃疮', '2', '0', '姒瑥鐓欑憲澶哥癌鐠猴拷'), ('21', '閺傛澘鎮嶉崶锟� 濮濓綀顫夋稉澶婄湷鐎癸拷 缁崘顥婃穱锟� 鐎瑰墎鏁哥�硅泛鍙挎鎰弿', '1900', '18', '1', '13', '25', '0', '2012', '1', '2017-09-07 00:52:47', '2017-09-11 00:34:13', 'bj', 'hdq', 'Fn9sHC3Wx7qpYCmSxt-z8FZluf0Z', '3', '1302', '0', '閾诲秵杈伴崲澶婃疮', '2', '0', '姒瑥鐓欑憲澶哥癌鐠猴拷'), ('24', '濠�鏍у帨婢圭懓褰块張娑楀惈閸楀骸绨�183-387閵曪繝妲橀弲顖氥亣鐎癸拷', '50000', '288', '5', '1', '1', '0', '2015', '1', '2017-09-07 11:42:20', '2017-09-18 20:14:14', 'bj', 'hdq', 'FvVqU8LneZZ5xaLBAOM1KXR2Pz1X', '5', '200', '3', '閾诲秵杈伴崲澶婃疮', '2', '0', '姒瑥鐓欑憲澶哥癌鐠猴拷'); nested exception is org.h2.jdbc.JdbcSQLException: Value too long for column "TITLE VARCHAR(32) NOT NULL": "STRINGDECODE('\u7035\u5c7d\u59cf\u9369\ufffd \u9365\u501f\u9524CBD \u93c3\u8dfa\u76bb\u6d7c\u6226\u68fd \u935f\u55d7\u59df\u9354... (33)"; SQL statement:
INSERT INTO `house`(`id`, `title`, `price`, `area`, `room`, `floor`, `total_floor`, `watch_times`, `build_year`, `status`, `create_time`, `last_update_time`, `city_en_name`, `region_en_name`, `cover`, `direction`, `distance_to_subway`, `parlour`, `district`, `admin_id`, `bathroom`, `street`) VALUES ('15', '鐎靛苯濮忛崺锟� 閸ュ�熼敜CBD 閺冭泛鐨绘导鎴︽＝ 閸熷棗濮熼崝鐐插彆 鐡掑懏顥楅悺锕�濮�', '6200', '70', '2', '10', '20', '2', '2005', '1', '2017-09-06 18:56:14', '2017-09-15 00:26:59', 'bj', 'hdq', 'FmD3zKG-gUPOrNv0HwzZN7IbkAC_', '2', '10', '1', '閾诲秵杈伴崲澶婃疮', '2', '0', '姒瑥鐓欑憲澶哥癌鐠猴拷'), ('16', '鐎靛苯濮忛崺锟� 閸ュ�熼敜CBD 閺冭泛鐨绘导鎴︽＝ 閸熷棗濮熼崝鐐插彆', '6300', '70', '2', '10', '20', '0', '2012', '1', '2017-09-06 19:53:35', '2017-09-11 00:35:13', 'bj', 'hdq', 'FmD3zKG-gUPOrNv0HwzZN7IbkAC_', '1', '-1', '1', '閾诲秵杈伴崲澶婃疮', '2', '0', '姒瑥鐓欑憲澶哥癌鐠猴拷'), ('17', '娴滃瞼骞嗘稉婊呮纯闂傘劌婀撮柧浣虹彲闂勫嫯绻庨妴浣哄竾鎼存粈绨抽妴浣搞亯鐎瑰妫妴浣告禇鐠愭悶锟戒椒绗侀柌灞芥偛閵嗕礁宕￠柨锝夌处瀹革拷', '3000', '35', '1', '5', '10', '0', '2013', '1', '2017-09-06 20:45:35', '2017-09-11 00:35:05', 'bj', 'hdq', 'FhVdDhzVDH1dLVVx4jOaVXOCfnea', '1', '200', '0', '閾诲秵杈伴崲澶婃疮', '2', '0', '姒瑥鐓欑憲澶哥癌鐠猴拷'), ('18', '閸楀氦閿ら崺锟� 娑撴粌鎮滄稉锟界仦鍛缁岀皞oft 楠炴彃鍣ｅ〒鈺呂� 闂呭繑妞傞崣顖欎簰缁涘墽瀹�', '5700', '52', '1', '7', '20', '0', '2012', '1', '2017-09-06 21:01:02', '2017-09-11 00:35:01', 'bj', 'hdq', 'FsxiS6rOTpSg5pK7tv41e8Zpnn_c', '2', '1085', '1', '閾诲秵杈伴崲澶婃疮', '2', '0', '姒瑥鐓欑憲澶哥癌鐠猴拷'), ('19', '閺堟稒妲崶顓熸緲濡ら棿绗佺仦鍛吇 閼奉亙缍囩划鎹愵棅 閸楁瀵抽柅姘讹拷锟� 闁插洤鍘滄總鍊燁潒闁插孩顥楅敍锟�', '9200', '132', '3', '6', '14', '0', '2005', '1', '2017-09-06 22:44:25', '2017-09-11 00:34:55', 'bj', 'hdq', 'Fl1lNikhmMIecbTn-JTsurxugtFU', '2', '1108', '2', '閾诲秵杈伴崲澶婃疮', '2', '0', '姒瑥鐓欑憲澶哥癌鐠猴拷'), ('20', '妤傛ê銇囨稉濠勬畱閺佸顫ゆ稉銈呯湷鐎癸拷 娑撴矮瀵岀拠姘壈閸戣櫣顫�', '5400', '56', '2', '12', '20', '0', '2012', '1', '2017-09-06 23:39:50', '2017-09-11 00:34:21', 'bj', 'hdq', 'FtNl9uPM6p5PjEs8z2FnOuViNtOM', '2', '-1', '1', '閾诲秵杈伴崲澶婃疮', '2', '0', '姒瑥鐓欑憲澶哥癌鐠猴拷'), ('21', '閺傛澘鎮嶉崶锟� 濮濓綀顫夋稉澶婄湷鐎癸拷 缁崘顥婃穱锟� 鐎瑰墎鏁哥�硅泛鍙挎鎰弿', '1900', '18', '1', '13', '25', '0', '2012', '1', '2017-09-07 00:52:47', '2017-09-11 00:34:13', 'bj', 'hdq', 'Fn9sHC3Wx7qpYCmSxt-z8FZluf0Z', '3', '1302', '0', '閾诲秵杈伴崲澶婃疮', '2', '0', '姒瑥鐓欑憲澶哥癌鐠猴拷'), ('24', '濠�鏍у帨婢圭懓褰块張娑楀惈閸楀骸绨�183-387閵曪繝妲橀弲顖氥亣鐎癸拷', '50000', '288', '5', '1', '1', '0', '2015', '1', '2017-09-07 11:42:20', '2017-09-18 20:14:14', 'bj', 'hdq', 'FvVqU8LneZZ5xaLBAOM1KXR2Pz1X', '5', '200', '3', '閾诲秵杈伴崲澶婃疮', '2', '0', '姒瑥鐓欑憲澶哥癌鐠猴拷') [22001-196]
	at org.springframework.beans.factory.support.SimpleInstantiationStrategy.instantiate(SimpleInstantiationStrategy.java:189) ~[spring-beans-4.3.11.RELEASE.jar:4.3.11.RELEASE]
	at org.springframework.beans.factory.support.ConstructorResolver.instantiateUsingFactoryMethod(ConstructorResolver.java:588) ~[spring-beans-4.3.11.RELEASE.jar:4.3.11.RELEASE]
	... 43 common frames omitted
Caused by: org.springframework.beans.factory.BeanCreationException: Error creating bean with name 'dataSource' defined in class path resource [com/imooc/config/JPAConfig.class]: Initialization of bean failed; nested exception is org.springframework.beans.factory.BeanCreationException: Error creating bean with name 'dataSourceInitializer': Invocation of init method failed; nested exception is org.springframework.jdbc.datasource.init.ScriptStatementFailedException: Failed to execute SQL script statement #7 of class path resource [db/data.sql]: INSERT INTO `house`(`id`, `title`, `price`, `area`, `room`, `floor`, `total_floor`, `watch_times`, `build_year`, `status`, `create_time`, `last_update_time`, `city_en_name`, `region_en_name`, `cover`, `direction`, `distance_to_subway`, `parlour`, `district`, `admin_id`, `bathroom`, `street`) VALUES ('15', '鐎靛苯濮忛崺锟� 閸ュ�熼敜CBD 閺冭泛鐨绘导鎴︽＝ 閸熷棗濮熼崝鐐插彆 鐡掑懏顥楅悺锕�濮�', '6200', '70', '2', '10', '20', '2', '2005', '1', '2017-09-06 18:56:14', '2017-09-15 00:26:59', 'bj', 'hdq', 'FmD3zKG-gUPOrNv0HwzZN7IbkAC_', '2', '10', '1', '閾诲秵杈伴崲澶婃疮', '2', '0', '姒瑥鐓欑憲澶哥癌鐠猴拷'), ('16', '鐎靛苯濮忛崺锟� 閸ュ�熼敜CBD 閺冭泛鐨绘导鎴︽＝ 閸熷棗濮熼崝鐐插彆', '6300', '70', '2', '10', '20', '0', '2012', '1', '2017-09-06 19:53:35', '2017-09-11 00:35:13', 'bj', 'hdq', 'FmD3zKG-gUPOrNv0HwzZN7IbkAC_', '1', '-1', '1', '閾诲秵杈伴崲澶婃疮', '2', '0', '姒瑥鐓欑憲澶哥癌鐠猴拷'), ('17', '娴滃瞼骞嗘稉婊呮纯闂傘劌婀撮柧浣虹彲闂勫嫯绻庨妴浣哄竾鎼存粈绨抽妴浣搞亯鐎瑰妫妴浣告禇鐠愭悶锟戒椒绗侀柌灞芥偛閵嗕礁宕￠柨锝夌处瀹革拷', '3000', '35', '1', '5', '10', '0', '2013', '1', '2017-09-06 20:45:35', '2017-09-11 00:35:05', 'bj', 'hdq', 'FhVdDhzVDH1dLVVx4jOaVXOCfnea', '1', '200', '0', '閾诲秵杈伴崲澶婃疮', '2', '0', '姒瑥鐓欑憲澶哥癌鐠猴拷'), ('18', '閸楀氦閿ら崺锟� 娑撴粌鎮滄稉锟界仦鍛缁岀皞oft 楠炴彃鍣ｅ〒鈺呂� 闂呭繑妞傞崣顖欎簰缁涘墽瀹�', '5700', '52', '1', '7', '20', '0', '2012', '1', '2017-09-06 21:01:02', '2017-09-11 00:35:01', 'bj', 'hdq', 'FsxiS6rOTpSg5pK7tv41e8Zpnn_c', '2', '1085', '1', '閾诲秵杈伴崲澶婃疮', '2', '0', '姒瑥鐓欑憲澶哥癌鐠猴拷'), ('19', '閺堟稒妲崶顓熸緲濡ら棿绗佺仦鍛吇 閼奉亙缍囩划鎹愵棅 閸楁瀵抽柅姘讹拷锟� 闁插洤鍘滄總鍊燁潒闁插孩顥楅敍锟�', '9200', '132', '3', '6', '14', '0', '2005', '1', '2017-09-06 22:44:25', '2017-09-11 00:34:55', 'bj', 'hdq', 'Fl1lNikhmMIecbTn-JTsurxugtFU', '2', '1108', '2', '閾诲秵杈伴崲澶婃疮', '2', '0', '姒瑥鐓欑憲澶哥癌鐠猴拷'), ('20', '妤傛ê銇囨稉濠勬畱閺佸顫ゆ稉銈呯湷鐎癸拷 娑撴矮瀵岀拠姘壈閸戣櫣顫�', '5400', '56', '2', '12', '20', '0', '2012', '1', '2017-09-06 23:39:50', '2017-09-11 00:34:21', 'bj', 'hdq', 'FtNl9uPM6p5PjEs8z2FnOuViNtOM', '2', '-1', '1', '閾诲秵杈伴崲澶婃疮', '2', '0', '姒瑥鐓欑憲澶哥癌鐠猴拷'), ('21', '閺傛澘鎮嶉崶锟� 濮濓綀顫夋稉澶婄湷鐎癸拷 缁崘顥婃穱锟� 鐎瑰墎鏁哥�硅泛鍙挎鎰弿', '1900', '18', '1', '13', '25', '0', '2012', '1', '2017-09-07 00:52:47', '2017-09-11 00:34:13', 'bj', 'hdq', 'Fn9sHC3Wx7qpYCmSxt-z8FZluf0Z', '3', '1302', '0', '閾诲秵杈伴崲澶婃疮', '2', '0', '姒瑥鐓欑憲澶哥癌鐠猴拷'), ('24', '濠�鏍у帨婢圭懓褰块張娑楀惈閸楀骸绨�183-387閵曪繝妲橀弲顖氥亣鐎癸拷', '50000', '288', '5', '1', '1', '0', '2015', '1', '2017-09-07 11:42:20', '2017-09-18 20:14:14', 'bj', 'hdq', 'FvVqU8LneZZ5xaLBAOM1KXR2Pz1X', '5', '200', '3', '閾诲秵杈伴崲澶婃疮', '2', '0', '姒瑥鐓欑憲澶哥癌鐠猴拷'); nested exception is org.h2.jdbc.JdbcSQLException: Value too long for column "TITLE VARCHAR(32) NOT NULL": "STRINGDECODE('\u7035\u5c7d\u59cf\u9369\ufffd \u9365\u501f\u9524CBD \u93c3\u8dfa\u76bb\u6d7c\u6226\u68fd \u935f\u55d7\u59df\u9354... (33)"; SQL statement:
INSERT INTO `house`(`id`, `title`, `price`, `area`, `room`, `floor`, `total_floor`, `watch_times`, `build_year`, `status`, `create_time`, `last_update_time`, `city_en_name`, `region_en_name`, `cover`, `direction`, `distance_to_subway`, `parlour`, `district`, `admin_id`, `bathroom`, `street`) VALUES ('15', '鐎靛苯濮忛崺锟� 閸ュ�熼敜CBD 閺冭泛鐨绘导鎴︽＝ 閸熷棗濮熼崝鐐插彆 鐡掑懏顥楅悺锕�濮�', '6200', '70', '2', '10', '20', '2', '2005', '1', '2017-09-06 18:56:14', '2017-09-15 00:26:59', 'bj', 'hdq', 'FmD3zKG-gUPOrNv0HwzZN7IbkAC_', '2', '10', '1', '閾诲秵杈伴崲澶婃疮', '2', '0', '姒瑥鐓欑憲澶哥癌鐠猴拷'), ('16', '鐎靛苯濮忛崺锟� 閸ュ�熼敜CBD 閺冭泛鐨绘导鎴︽＝ 閸熷棗濮熼崝鐐插彆', '6300', '70', '2', '10', '20', '0', '2012', '1', '2017-09-06 19:53:35', '2017-09-11 00:35:13', 'bj', 'hdq', 'FmD3zKG-gUPOrNv0HwzZN7IbkAC_', '1', '-1', '1', '閾诲秵杈伴崲澶婃疮', '2', '0', '姒瑥鐓欑憲澶哥癌鐠猴拷'), ('17', '娴滃瞼骞嗘稉婊呮纯闂傘劌婀撮柧浣虹彲闂勫嫯绻庨妴浣哄竾鎼存粈绨抽妴浣搞亯鐎瑰妫妴浣告禇鐠愭悶锟戒椒绗侀柌灞芥偛閵嗕礁宕￠柨锝夌处瀹革拷', '3000', '35', '1', '5', '10', '0', '2013', '1', '2017-09-06 20:45:35', '2017-09-11 00:35:05', 'bj', 'hdq', 'FhVdDhzVDH1dLVVx4jOaVXOCfnea', '1', '200', '0', '閾诲秵杈伴崲澶婃疮', '2', '0', '姒瑥鐓欑憲澶哥癌鐠猴拷'), ('18', '閸楀氦閿ら崺锟� 娑撴粌鎮滄稉锟界仦鍛缁岀皞oft 楠炴彃鍣ｅ〒鈺呂� 闂呭繑妞傞崣顖欎簰缁涘墽瀹�', '5700', '52', '1', '7', '20', '0', '2012', '1', '2017-09-06 21:01:02', '2017-09-11 00:35:01', 'bj', 'hdq', 'FsxiS6rOTpSg5pK7tv41e8Zpnn_c', '2', '1085', '1', '閾诲秵杈伴崲澶婃疮', '2', '0', '姒瑥鐓欑憲澶哥癌鐠猴拷'), ('19', '閺堟稒妲崶顓熸緲濡ら棿绗佺仦鍛吇 閼奉亙缍囩划鎹愵棅 閸楁瀵抽柅姘讹拷锟� 闁插洤鍘滄總鍊燁潒闁插孩顥楅敍锟�', '9200', '132', '3', '6', '14', '0', '2005', '1', '2017-09-06 22:44:25', '2017-09-11 00:34:55', 'bj', 'hdq', 'Fl1lNikhmMIecbTn-JTsurxugtFU', '2', '1108', '2', '閾诲秵杈伴崲澶婃疮', '2', '0', '姒瑥鐓欑憲澶哥癌鐠猴拷'), ('20', '妤傛ê銇囨稉濠勬畱閺佸顫ゆ稉銈呯湷鐎癸拷 娑撴矮瀵岀拠姘壈閸戣櫣顫�', '5400', '56', '2', '12', '20', '0', '2012', '1', '2017-09-06 23:39:50', '2017-09-11 00:34:21', 'bj', 'hdq', 'FtNl9uPM6p5PjEs8z2FnOuViNtOM', '2', '-1', '1', '閾诲秵杈伴崲澶婃疮', '2', '0', '姒瑥鐓欑憲澶哥癌鐠猴拷'), ('21', '閺傛澘鎮嶉崶锟� 濮濓綀顫夋稉澶婄湷鐎癸拷 缁崘顥婃穱锟� 鐎瑰墎鏁哥�硅泛鍙挎鎰弿', '1900', '18', '1', '13', '25', '0', '2012', '1', '2017-09-07 00:52:47', '2017-09-11 00:34:13', 'bj', 'hdq', 'Fn9sHC3Wx7qpYCmSxt-z8FZluf0Z', '3', '1302', '0', '閾诲秵杈伴崲澶婃疮', '2', '0', '姒瑥鐓欑憲澶哥癌鐠猴拷'), ('24', '濠�鏍у帨婢圭懓褰块張娑楀惈閸楀骸绨�183-387閵曪繝妲橀弲顖氥亣鐎癸拷', '50000', '288', '5', '1', '1', '0', '2015', '1', '2017-09-07 11:42:20', '2017-09-18 20:14:14', 'bj', 'hdq', 'FvVqU8LneZZ5xaLBAOM1KXR2Pz1X', '5', '200', '3', '閾诲秵杈伴崲澶婃疮', '2', '0', '姒瑥鐓欑憲澶哥癌鐠猴拷') [22001-196]
	at org.springframework.beans.factory.support.AbstractAutowireCapableBeanFactory.doCreateBean(AbstractAutowireCapableBeanFactory.java:564) ~[spring-beans-4.3.11.RELEASE.jar:4.3.11.RELEASE]
	at org.springframework.beans.factory.support.AbstractAutowireCapableBeanFactory.createBean(AbstractAutowireCapableBeanFactory.java:483) ~[spring-beans-4.3.11.RELEASE.jar:4.3.11.RELEASE]
	at org.springframework.beans.factory.support.AbstractBeanFactory$1.getObject(AbstractBeanFactory.java:306) ~[spring-beans-4.3.11.RELEASE.jar:4.3.11.RELEASE]
	at org.springframework.beans.factory.support.DefaultSingletonBeanRegistry.getSingleton(DefaultSingletonBeanRegistry.java:230) ~[spring-beans-4.3.11.RELEASE.jar:4.3.11.RELEASE]
	at org.springframework.beans.factory.support.AbstractBeanFactory.doGetBean(AbstractBeanFactory.java:302) ~[spring-beans-4.3.11.RELEASE.jar:4.3.11.RELEASE]
	at org.springframework.beans.factory.support.AbstractBeanFactory.getBean(AbstractBeanFactory.java:197) ~[spring-beans-4.3.11.RELEASE.jar:4.3.11.RELEASE]
	at org.springframework.context.annotation.ConfigurationClassEnhancer$BeanMethodInterceptor.obtainBeanInstanceFromFactory(ConfigurationClassEnhancer.java:389) ~[spring-context-4.3.11.RELEASE.jar:4.3.11.RELEASE]
	at org.springframework.context.annotation.ConfigurationClassEnhancer$BeanMethodInterceptor.intercept(ConfigurationClassEnhancer.java:361) ~[spring-context-4.3.11.RELEASE.jar:4.3.11.RELEASE]
	at com.imooc.config.JPAConfig$$EnhancerBySpringCGLIB$$ac3be7fd.dataSource(<generated>) ~[classes/:na]
	at com.imooc.config.JPAConfig.entityManagerFactory(JPAConfig.java:36) ~[classes/:na]
	at com.imooc.config.JPAConfig$$EnhancerBySpringCGLIB$$ac3be7fd.CGLIB$entityManagerFactory$2(<generated>) ~[classes/:na]
	at com.imooc.config.JPAConfig$$EnhancerBySpringCGLIB$$ac3be7fd$$FastClassBySpringCGLIB$$914d9ecd.invoke(<generated>) ~[classes/:na]
	at org.springframework.cglib.proxy.MethodProxy.invokeSuper(MethodProxy.java:228) ~[spring-core-4.3.11.RELEASE.jar:4.3.11.RELEASE]
	at org.springframework.context.annotation.ConfigurationClassEnhancer$BeanMethodInterceptor.intercept(ConfigurationClassEnhancer.java:358) ~[spring-context-4.3.11.RELEASE.jar:4.3.11.RELEASE]
	at com.imooc.config.JPAConfig$$EnhancerBySpringCGLIB$$ac3be7fd.entityManagerFactory(<generated>) ~[classes/:na]
	at sun.reflect.NativeMethodAccessorImpl.invoke0(Native Method) ~[na:1.8.0_31]
	at sun.reflect.NativeMethodAccessorImpl.invoke(NativeMethodAccessorImpl.java:62) ~[na:1.8.0_31]
	at sun.reflect.DelegatingMethodAccessorImpl.invoke(DelegatingMethodAccessorImpl.java:43) ~[na:1.8.0_31]
	at java.lang.reflect.Method.invoke(Method.java:483) ~[na:1.8.0_31]
	at org.springframework.beans.factory.support.SimpleInstantiationStrategy.instantiate(SimpleInstantiationStrategy.java:162) ~[spring-beans-4.3.11.RELEASE.jar:4.3.11.RELEASE]
	... 44 common frames omitted
Caused by: org.springframework.beans.factory.BeanCreationException: Error creating bean with name 'dataSourceInitializer': Invocation of init method failed; nested exception is org.springframework.jdbc.datasource.init.ScriptStatementFailedException: Failed to execute SQL script statement #7 of class path resource [db/data.sql]: INSERT INTO `house`(`id`, `title`, `price`, `area`, `room`, `floor`, `total_floor`, `watch_times`, `build_year`, `status`, `create_time`, `last_update_time`, `city_en_name`, `region_en_name`, `cover`, `direction`, `distance_to_subway`, `parlour`, `district`, `admin_id`, `bathroom`, `street`) VALUES ('15', '鐎靛苯濮忛崺锟� 閸ュ�熼敜CBD 閺冭泛鐨绘导鎴︽＝ 閸熷棗濮熼崝鐐插彆 鐡掑懏顥楅悺锕�濮�', '6200', '70', '2', '10', '20', '2', '2005', '1', '2017-09-06 18:56:14', '2017-09-15 00:26:59', 'bj', 'hdq', 'FmD3zKG-gUPOrNv0HwzZN7IbkAC_', '2', '10', '1', '閾诲秵杈伴崲澶婃疮', '2', '0', '姒瑥鐓欑憲澶哥癌鐠猴拷'), ('16', '鐎靛苯濮忛崺锟� 閸ュ�熼敜CBD 閺冭泛鐨绘导鎴︽＝ 閸熷棗濮熼崝鐐插彆', '6300', '70', '2', '10', '20', '0', '2012', '1', '2017-09-06 19:53:35', '2017-09-11 00:35:13', 'bj', 'hdq', 'FmD3zKG-gUPOrNv0HwzZN7IbkAC_', '1', '-1', '1', '閾诲秵杈伴崲澶婃疮', '2', '0', '姒瑥鐓欑憲澶哥癌鐠猴拷'), ('17', '娴滃瞼骞嗘稉婊呮纯闂傘劌婀撮柧浣虹彲闂勫嫯绻庨妴浣哄竾鎼存粈绨抽妴浣搞亯鐎瑰妫妴浣告禇鐠愭悶锟戒椒绗侀柌灞芥偛閵嗕礁宕￠柨锝夌处瀹革拷', '3000', '35', '1', '5', '10', '0', '2013', '1', '2017-09-06 20:45:35', '2017-09-11 00:35:05', 'bj', 'hdq', 'FhVdDhzVDH1dLVVx4jOaVXOCfnea', '1', '200', '0', '閾诲秵杈伴崲澶婃疮', '2', '0', '姒瑥鐓欑憲澶哥癌鐠猴拷'), ('18', '閸楀氦閿ら崺锟� 娑撴粌鎮滄稉锟界仦鍛缁岀皞oft 楠炴彃鍣ｅ〒鈺呂� 闂呭繑妞傞崣顖欎簰缁涘墽瀹�', '5700', '52', '1', '7', '20', '0', '2012', '1', '2017-09-06 21:01:02', '2017-09-11 00:35:01', 'bj', 'hdq', 'FsxiS6rOTpSg5pK7tv41e8Zpnn_c', '2', '1085', '1', '閾诲秵杈伴崲澶婃疮', '2', '0', '姒瑥鐓欑憲澶哥癌鐠猴拷'), ('19', '閺堟稒妲崶顓熸緲濡ら棿绗佺仦鍛吇 閼奉亙缍囩划鎹愵棅 閸楁瀵抽柅姘讹拷锟� 闁插洤鍘滄總鍊燁潒闁插孩顥楅敍锟�', '9200', '132', '3', '6', '14', '0', '2005', '1', '2017-09-06 22:44:25', '2017-09-11 00:34:55', 'bj', 'hdq', 'Fl1lNikhmMIecbTn-JTsurxugtFU', '2', '1108', '2', '閾诲秵杈伴崲澶婃疮', '2', '0', '姒瑥鐓欑憲澶哥癌鐠猴拷'), ('20', '妤傛ê銇囨稉濠勬畱閺佸顫ゆ稉銈呯湷鐎癸拷 娑撴矮瀵岀拠姘壈閸戣櫣顫�', '5400', '56', '2', '12', '20', '0', '2012', '1', '2017-09-06 23:39:50', '2017-09-11 00:34:21', 'bj', 'hdq', 'FtNl9uPM6p5PjEs8z2FnOuViNtOM', '2', '-1', '1', '閾诲秵杈伴崲澶婃疮', '2', '0', '姒瑥鐓欑憲澶哥癌鐠猴拷'), ('21', '閺傛澘鎮嶉崶锟� 濮濓綀顫夋稉澶婄湷鐎癸拷 缁崘顥婃穱锟� 鐎瑰墎鏁哥�硅泛鍙挎鎰弿', '1900', '18', '1', '13', '25', '0', '2012', '1', '2017-09-07 00:52:47', '2017-09-11 00:34:13', 'bj', 'hdq', 'Fn9sHC3Wx7qpYCmSxt-z8FZluf0Z', '3', '1302', '0', '閾诲秵杈伴崲澶婃疮', '2', '0', '姒瑥鐓欑憲澶哥癌鐠猴拷'), ('24', '濠�鏍у帨婢圭懓褰块張娑楀惈閸楀骸绨�183-387閵曪繝妲橀弲顖氥亣鐎癸拷', '50000', '288', '5', '1', '1', '0', '2015', '1', '2017-09-07 11:42:20', '2017-09-18 20:14:14', 'bj', 'hdq', 'FvVqU8LneZZ5xaLBAOM1KXR2Pz1X', '5', '200', '3', '閾诲秵杈伴崲澶婃疮', '2', '0', '姒瑥鐓欑憲澶哥癌鐠猴拷'); nested exception is org.h2.jdbc.JdbcSQLException: Value too long for column "TITLE VARCHAR(32) NOT NULL": "STRINGDECODE('\u7035\u5c7d\u59cf\u9369\ufffd \u9365\u501f\u9524CBD \u93c3\u8dfa\u76bb\u6d7c\u6226\u68fd \u935f\u55d7\u59df\u9354... (33)"; SQL statement:
INSERT INTO `house`(`id`, `title`, `price`, `area`, `room`, `floor`, `total_floor`, `watch_times`, `build_year`, `status`, `create_time`, `last_update_time`, `city_en_name`, `region_en_name`, `cover`, `direction`, `distance_to_subway`, `parlour`, `district`, `admin_id`, `bathroom`, `street`) VALUES ('15', '鐎靛苯濮忛崺锟� 閸ュ�熼敜CBD 閺冭泛鐨绘导鎴︽＝ 閸熷棗濮熼崝鐐插彆 鐡掑懏顥楅悺锕�濮�', '6200', '70', '2', '10', '20', '2', '2005', '1', '2017-09-06 18:56:14', '2017-09-15 00:26:59', 'bj', 'hdq', 'FmD3zKG-gUPOrNv0HwzZN7IbkAC_', '2', '10', '1', '閾诲秵杈伴崲澶婃疮', '2', '0', '姒瑥鐓欑憲澶哥癌鐠猴拷'), ('16', '鐎靛苯濮忛崺锟� 閸ュ�熼敜CBD 閺冭泛鐨绘导鎴︽＝ 閸熷棗濮熼崝鐐插彆', '6300', '70', '2', '10', '20', '0', '2012', '1', '2017-09-06 19:53:35', '2017-09-11 00:35:13', 'bj', 'hdq', 'FmD3zKG-gUPOrNv0HwzZN7IbkAC_', '1', '-1', '1', '閾诲秵杈伴崲澶婃疮', '2', '0', '姒瑥鐓欑憲澶哥癌鐠猴拷'), ('17', '娴滃瞼骞嗘稉婊呮纯闂傘劌婀撮柧浣虹彲闂勫嫯绻庨妴浣哄竾鎼存粈绨抽妴浣搞亯鐎瑰妫妴浣告禇鐠愭悶锟戒椒绗侀柌灞芥偛閵嗕礁宕￠柨锝夌处瀹革拷', '3000', '35', '1', '5', '10', '0', '2013', '1', '2017-09-06 20:45:35', '2017-09-11 00:35:05', 'bj', 'hdq', 'FhVdDhzVDH1dLVVx4jOaVXOCfnea', '1', '200', '0', '閾诲秵杈伴崲澶婃疮', '2', '0', '姒瑥鐓欑憲澶哥癌鐠猴拷'), ('18', '閸楀氦閿ら崺锟� 娑撴粌鎮滄稉锟界仦鍛缁岀皞oft 楠炴彃鍣ｅ〒鈺呂� 闂呭繑妞傞崣顖欎簰缁涘墽瀹�', '5700', '52', '1', '7', '20', '0', '2012', '1', '2017-09-06 21:01:02', '2017-09-11 00:35:01', 'bj', 'hdq', 'FsxiS6rOTpSg5pK7tv41e8Zpnn_c', '2', '1085', '1', '閾诲秵杈伴崲澶婃疮', '2', '0', '姒瑥鐓欑憲澶哥癌鐠猴拷'), ('19', '閺堟稒妲崶顓熸緲濡ら棿绗佺仦鍛吇 閼奉亙缍囩划鎹愵棅 閸楁瀵抽柅姘讹拷锟� 闁插洤鍘滄總鍊燁潒闁插孩顥楅敍锟�', '9200', '132', '3', '6', '14', '0', '2005', '1', '2017-09-06 22:44:25', '2017-09-11 00:34:55', 'bj', 'hdq', 'Fl1lNikhmMIecbTn-JTsurxugtFU', '2', '1108', '2', '閾诲秵杈伴崲澶婃疮', '2', '0', '姒瑥鐓欑憲澶哥癌鐠猴拷'), ('20', '妤傛ê銇囨稉濠勬畱閺佸顫ゆ稉銈呯湷鐎癸拷 娑撴矮瀵岀拠姘壈閸戣櫣顫�', '5400', '56', '2', '12', '20', '0', '2012', '1', '2017-09-06 23:39:50', '2017-09-11 00:34:21', 'bj', 'hdq', 'FtNl9uPM6p5PjEs8z2FnOuViNtOM', '2', '-1', '1', '閾诲秵杈伴崲澶婃疮', '2', '0', '姒瑥鐓欑憲澶哥癌鐠猴拷'), ('21', '閺傛澘鎮嶉崶锟� 濮濓綀顫夋稉澶婄湷鐎癸拷 缁崘顥婃穱锟� 鐎瑰墎鏁哥�硅泛鍙挎鎰弿', '1900', '18', '1', '13', '25', '0', '2012', '1', '2017-09-07 00:52:47', '2017-09-11 00:34:13', 'bj', 'hdq', 'Fn9sHC3Wx7qpYCmSxt-z8FZluf0Z', '3', '1302', '0', '閾诲秵杈伴崲澶婃疮', '2', '0', '姒瑥鐓欑憲澶哥癌鐠猴拷'), ('24', '濠�鏍у帨婢圭懓褰块張娑楀惈閸楀骸绨�183-387閵曪繝妲橀弲顖氥亣鐎癸拷', '50000', '288', '5', '1', '1', '0', '2015', '1', '2017-09-07 11:42:20', '2017-09-18 20:14:14', 'bj', 'hdq', 'FvVqU8LneZZ5xaLBAOM1KXR2Pz1X', '5', '200', '3', '閾诲秵杈伴崲澶婃疮', '2', '0', '姒瑥鐓欑憲澶哥癌鐠猴拷') [22001-196]
	at org.springframework.beans.factory.annotation.InitDestroyAnnotationBeanPostProcessor.postProcessBeforeInitialization(InitDestroyAnnotationBeanPostProcessor.java:137) ~[spring-beans-4.3.11.RELEASE.jar:4.3.11.RELEASE]
	at org.springframework.beans.factory.support.AbstractAutowireCapableBeanFactory.applyBeanPostProcessorsBeforeInitialization(AbstractAutowireCapableBeanFactory.java:409) ~[spring-beans-4.3.11.RELEASE.jar:4.3.11.RELEASE]
	at org.springframework.beans.factory.support.AbstractAutowireCapableBeanFactory.initializeBean(AbstractAutowireCapableBeanFactory.java:1620) ~[spring-beans-4.3.11.RELEASE.jar:4.3.11.RELEASE]
	at org.springframework.beans.factory.support.AbstractAutowireCapableBeanFactory.doCreateBean(AbstractAutowireCapableBeanFactory.java:555) ~[spring-beans-4.3.11.RELEASE.jar:4.3.11.RELEASE]
	at org.springframework.beans.factory.support.AbstractAutowireCapableBeanFactory.createBean(AbstractAutowireCapableBeanFactory.java:483) ~[spring-beans-4.3.11.RELEASE.jar:4.3.11.RELEASE]
	at org.springframework.beans.factory.support.AbstractBeanFactory$1.getObject(AbstractBeanFactory.java:306) ~[spring-beans-4.3.11.RELEASE.jar:4.3.11.RELEASE]
	at org.springframework.beans.factory.support.DefaultSingletonBeanRegistry.getSingleton(DefaultSingletonBeanRegistry.java:230) ~[spring-beans-4.3.11.RELEASE.jar:4.3.11.RELEASE]
	at org.springframework.beans.factory.support.AbstractBeanFactory.doGetBean(AbstractBeanFactory.java:302) ~[spring-beans-4.3.11.RELEASE.jar:4.3.11.RELEASE]
	at org.springframework.beans.factory.support.AbstractBeanFactory.getBean(AbstractBeanFactory.java:220) ~[spring-beans-4.3.11.RELEASE.jar:4.3.11.RELEASE]
	at org.springframework.beans.factory.support.DefaultListableBeanFactory.resolveNamedBean(DefaultListableBeanFactory.java:1018) ~[spring-beans-4.3.11.RELEASE.jar:4.3.11.RELEASE]
	at org.springframework.beans.factory.support.DefaultListableBeanFactory.getBean(DefaultListableBeanFactory.java:345) ~[spring-beans-4.3.11.RELEASE.jar:4.3.11.RELEASE]
	at org.springframework.beans.factory.support.DefaultListableBeanFactory.getBean(DefaultListableBeanFactory.java:340) ~[spring-beans-4.3.11.RELEASE.jar:4.3.11.RELEASE]
	at org.springframework.boot.autoconfigure.jdbc.DataSourceInitializerPostProcessor.postProcessAfterInitialization(DataSourceInitializerPostProcessor.java:62) ~[spring-boot-autoconfigure-1.5.7.RELEASE.jar:1.5.7.RELEASE]
	at org.springframework.beans.factory.support.AbstractAutowireCapableBeanFactory.applyBeanPostProcessorsAfterInitialization(AbstractAutowireCapableBeanFactory.java:423) ~[spring-beans-4.3.11.RELEASE.jar:4.3.11.RELEASE]
	at org.springframework.beans.factory.support.AbstractAutowireCapableBeanFactory.initializeBean(AbstractAutowireCapableBeanFactory.java:1633) ~[spring-beans-4.3.11.RELEASE.jar:4.3.11.RELEASE]
	at org.springframework.beans.factory.support.AbstractAutowireCapableBeanFactory.doCreateBean(AbstractAutowireCapableBeanFactory.java:555) ~[spring-beans-4.3.11.RELEASE.jar:4.3.11.RELEASE]
	... 63 common frames omitted
Caused by: org.springframework.jdbc.datasource.init.ScriptStatementFailedException: Failed to execute SQL script statement #7 of class path resource [db/data.sql]: INSERT INTO `house`(`id`, `title`, `price`, `area`, `room`, `floor`, `total_floor`, `watch_times`, `build_year`, `status`, `create_time`, `last_update_time`, `city_en_name`, `region_en_name`, `cover`, `direction`, `distance_to_subway`, `parlour`, `district`, `admin_id`, `bathroom`, `street`) VALUES ('15', '鐎靛苯濮忛崺锟� 閸ュ�熼敜CBD 閺冭泛鐨绘导鎴︽＝ 閸熷棗濮熼崝鐐插彆 鐡掑懏顥楅悺锕�濮�', '6200', '70', '2', '10', '20', '2', '2005', '1', '2017-09-06 18:56:14', '2017-09-15 00:26:59', 'bj', 'hdq', 'FmD3zKG-gUPOrNv0HwzZN7IbkAC_', '2', '10', '1', '閾诲秵杈伴崲澶婃疮', '2', '0', '姒瑥鐓欑憲澶哥癌鐠猴拷'), ('16', '鐎靛苯濮忛崺锟� 閸ュ�熼敜CBD 閺冭泛鐨绘导鎴︽＝ 閸熷棗濮熼崝鐐插彆', '6300', '70', '2', '10', '20', '0', '2012', '1', '2017-09-06 19:53:35', '2017-09-11 00:35:13', 'bj', 'hdq', 'FmD3zKG-gUPOrNv0HwzZN7IbkAC_', '1', '-1', '1', '閾诲秵杈伴崲澶婃疮', '2', '0', '姒瑥鐓欑憲澶哥癌鐠猴拷'), ('17', '娴滃瞼骞嗘稉婊呮纯闂傘劌婀撮柧浣虹彲闂勫嫯绻庨妴浣哄竾鎼存粈绨抽妴浣搞亯鐎瑰妫妴浣告禇鐠愭悶锟戒椒绗侀柌灞芥偛閵嗕礁宕￠柨锝夌处瀹革拷', '3000', '35', '1', '5', '10', '0', '2013', '1', '2017-09-06 20:45:35', '2017-09-11 00:35:05', 'bj', 'hdq', 'FhVdDhzVDH1dLVVx4jOaVXOCfnea', '1', '200', '0', '閾诲秵杈伴崲澶婃疮', '2', '0', '姒瑥鐓欑憲澶哥癌鐠猴拷'), ('18', '閸楀氦閿ら崺锟� 娑撴粌鎮滄稉锟界仦鍛缁岀皞oft 楠炴彃鍣ｅ〒鈺呂� 闂呭繑妞傞崣顖欎簰缁涘墽瀹�', '5700', '52', '1', '7', '20', '0', '2012', '1', '2017-09-06 21:01:02', '2017-09-11 00:35:01', 'bj', 'hdq', 'FsxiS6rOTpSg5pK7tv41e8Zpnn_c', '2', '1085', '1', '閾诲秵杈伴崲澶婃疮', '2', '0', '姒瑥鐓欑憲澶哥癌鐠猴拷'), ('19', '閺堟稒妲崶顓熸緲濡ら棿绗佺仦鍛吇 閼奉亙缍囩划鎹愵棅 閸楁瀵抽柅姘讹拷锟� 闁插洤鍘滄總鍊燁潒闁插孩顥楅敍锟�', '9200', '132', '3', '6', '14', '0', '2005', '1', '2017-09-06 22:44:25', '2017-09-11 00:34:55', 'bj', 'hdq', 'Fl1lNikhmMIecbTn-JTsurxugtFU', '2', '1108', '2', '閾诲秵杈伴崲澶婃疮', '2', '0', '姒瑥鐓欑憲澶哥癌鐠猴拷'), ('20', '妤傛ê銇囨稉濠勬畱閺佸顫ゆ稉銈呯湷鐎癸拷 娑撴矮瀵岀拠姘壈閸戣櫣顫�', '5400', '56', '2', '12', '20', '0', '2012', '1', '2017-09-06 23:39:50', '2017-09-11 00:34:21', 'bj', 'hdq', 'FtNl9uPM6p5PjEs8z2FnOuViNtOM', '2', '-1', '1', '閾诲秵杈伴崲澶婃疮', '2', '0', '姒瑥鐓欑憲澶哥癌鐠猴拷'), ('21', '閺傛澘鎮嶉崶锟� 濮濓綀顫夋稉澶婄湷鐎癸拷 缁崘顥婃穱锟� 鐎瑰墎鏁哥�硅泛鍙挎鎰弿', '1900', '18', '1', '13', '25', '0', '2012', '1', '2017-09-07 00:52:47', '2017-09-11 00:34:13', 'bj', 'hdq', 'Fn9sHC3Wx7qpYCmSxt-z8FZluf0Z', '3', '1302', '0', '閾诲秵杈伴崲澶婃疮', '2', '0', '姒瑥鐓欑憲澶哥癌鐠猴拷'), ('24', '濠�鏍у帨婢圭懓褰块張娑楀惈閸楀骸绨�183-387閵曪繝妲橀弲顖氥亣鐎癸拷', '50000', '288', '5', '1', '1', '0', '2015', '1', '2017-09-07 11:42:20', '2017-09-18 20:14:14', 'bj', 'hdq', 'FvVqU8LneZZ5xaLBAOM1KXR2Pz1X', '5', '200', '3', '閾诲秵杈伴崲澶婃疮', '2', '0', '姒瑥鐓欑憲澶哥癌鐠猴拷'); nested exception is org.h2.jdbc.JdbcSQLException: Value too long for column "TITLE VARCHAR(32) NOT NULL": "STRINGDECODE('\u7035\u5c7d\u59cf\u9369\ufffd \u9365\u501f\u9524CBD \u93c3\u8dfa\u76bb\u6d7c\u6226\u68fd \u935f\u55d7\u59df\u9354... (33)"; SQL statement:
INSERT INTO `house`(`id`, `title`, `price`, `area`, `room`, `floor`, `total_floor`, `watch_times`, `build_year`, `status`, `create_time`, `last_update_time`, `city_en_name`, `region_en_name`, `cover`, `direction`, `distance_to_subway`, `parlour`, `district`, `admin_id`, `bathroom`, `street`) VALUES ('15', '鐎靛苯濮忛崺锟� 閸ュ�熼敜CBD 閺冭泛鐨绘导鎴︽＝ 閸熷棗濮熼崝鐐插彆 鐡掑懏顥楅悺锕�濮�', '6200', '70', '2', '10', '20', '2', '2005', '1', '2017-09-06 18:56:14', '2017-09-15 00:26:59', 'bj', 'hdq', 'FmD3zKG-gUPOrNv0HwzZN7IbkAC_', '2', '10', '1', '閾诲秵杈伴崲澶婃疮', '2', '0', '姒瑥鐓欑憲澶哥癌鐠猴拷'), ('16', '鐎靛苯濮忛崺锟� 閸ュ�熼敜CBD 閺冭泛鐨绘导鎴︽＝ 閸熷棗濮熼崝鐐插彆', '6300', '70', '2', '10', '20', '0', '2012', '1', '2017-09-06 19:53:35', '2017-09-11 00:35:13', 'bj', 'hdq', 'FmD3zKG-gUPOrNv0HwzZN7IbkAC_', '1', '-1', '1', '閾诲秵杈伴崲澶婃疮', '2', '0', '姒瑥鐓欑憲澶哥癌鐠猴拷'), ('17', '娴滃瞼骞嗘稉婊呮纯闂傘劌婀撮柧浣虹彲闂勫嫯绻庨妴浣哄竾鎼存粈绨抽妴浣搞亯鐎瑰妫妴浣告禇鐠愭悶锟戒椒绗侀柌灞芥偛閵嗕礁宕￠柨锝夌处瀹革拷', '3000', '35', '1', '5', '10', '0', '2013', '1', '2017-09-06 20:45:35', '2017-09-11 00:35:05', 'bj', 'hdq', 'FhVdDhzVDH1dLVVx4jOaVXOCfnea', '1', '200', '0', '閾诲秵杈伴崲澶婃疮', '2', '0', '姒瑥鐓欑憲澶哥癌鐠猴拷'), ('18', '閸楀氦閿ら崺锟� 娑撴粌鎮滄稉锟界仦鍛缁岀皞oft 楠炴彃鍣ｅ〒鈺呂� 闂呭繑妞傞崣顖欎簰缁涘墽瀹�', '5700', '52', '1', '7', '20', '0', '2012', '1', '2017-09-06 21:01:02', '2017-09-11 00:35:01', 'bj', 'hdq', 'FsxiS6rOTpSg5pK7tv41e8Zpnn_c', '2', '1085', '1', '閾诲秵杈伴崲澶婃疮', '2', '0', '姒瑥鐓欑憲澶哥癌鐠猴拷'), ('19', '閺堟稒妲崶顓熸緲濡ら棿绗佺仦鍛吇 閼奉亙缍囩划鎹愵棅 閸楁瀵抽柅姘讹拷锟� 闁插洤鍘滄總鍊燁潒闁插孩顥楅敍锟�', '9200', '132', '3', '6', '14', '0', '2005', '1', '2017-09-06 22:44:25', '2017-09-11 00:34:55', 'bj', 'hdq', 'Fl1lNikhmMIecbTn-JTsurxugtFU', '2', '1108', '2', '閾诲秵杈伴崲澶婃疮', '2', '0', '姒瑥鐓欑憲澶哥癌鐠猴拷'), ('20', '妤傛ê銇囨稉濠勬畱閺佸顫ゆ稉銈呯湷鐎癸拷 娑撴矮瀵岀拠姘壈閸戣櫣顫�', '5400', '56', '2', '12', '20', '0', '2012', '1', '2017-09-06 23:39:50', '2017-09-11 00:34:21', 'bj', 'hdq', 'FtNl9uPM6p5PjEs8z2FnOuViNtOM', '2', '-1', '1', '閾诲秵杈伴崲澶婃疮', '2', '0', '姒瑥鐓欑憲澶哥癌鐠猴拷'), ('21', '閺傛澘鎮嶉崶锟� 濮濓綀顫夋稉澶婄湷鐎癸拷 缁崘顥婃穱锟� 鐎瑰墎鏁哥�硅泛鍙挎鎰弿', '1900', '18', '1', '13', '25', '0', '2012', '1', '2017-09-07 00:52:47', '2017-09-11 00:34:13', 'bj', 'hdq', 'Fn9sHC3Wx7qpYCmSxt-z8FZluf0Z', '3', '1302', '0', '閾诲秵杈伴崲澶婃疮', '2', '0', '姒瑥鐓欑憲澶哥癌鐠猴拷'), ('24', '濠�鏍у帨婢圭懓褰块張娑楀惈閸楀骸绨�183-387閵曪繝妲橀弲顖氥亣鐎癸拷', '50000', '288', '5', '1', '1', '0', '2015', '1', '2017-09-07 11:42:20', '2017-09-18 20:14:14', 'bj', 'hdq', 'FvVqU8LneZZ5xaLBAOM1KXR2Pz1X', '5', '200', '3', '閾诲秵杈伴崲澶婃疮', '2', '0', '姒瑥鐓欑憲澶哥癌鐠猴拷') [22001-196]
	at org.springframework.jdbc.datasource.init.ScriptUtils.executeSqlScript(ScriptUtils.java:491) ~[spring-jdbc-4.3.11.RELEASE.jar:4.3.11.RELEASE]
	at org.springframework.jdbc.datasource.init.ResourceDatabasePopulator.populate(ResourceDatabasePopulator.java:238) ~[spring-jdbc-4.3.11.RELEASE.jar:4.3.11.RELEASE]
	at org.springframework.jdbc.datasource.init.DatabasePopulatorUtils.execute(DatabasePopulatorUtils.java:48) ~[spring-jdbc-4.3.11.RELEASE.jar:4.3.11.RELEASE]
	at org.springframework.boot.autoconfigure.jdbc.DataSourceInitializer.runScripts(DataSourceInitializer.java:192) ~[spring-boot-autoconfigure-1.5.7.RELEASE.jar:1.5.7.RELEASE]
	at org.springframework.boot.autoconfigure.jdbc.DataSourceInitializer.runDataScripts(DataSourceInitializer.java:128) ~[spring-boot-autoconfigure-1.5.7.RELEASE.jar:1.5.7.RELEASE]
	at org.springframework.boot.autoconfigure.jdbc.DataSourceInitializer.onApplicationEvent(DataSourceInitializer.java:118) ~[spring-boot-autoconfigure-1.5.7.RELEASE.jar:1.5.7.RELEASE]
	at org.springframework.boot.autoconfigure.jdbc.DataSourceInitializer.onApplicationEvent(DataSourceInitializer.java:51) ~[spring-boot-autoconfigure-1.5.7.RELEASE.jar:1.5.7.RELEASE]
	at org.springframework.context.event.SimpleApplicationEventMulticaster.doInvokeListener(SimpleApplicationEventMulticaster.java:172) ~[spring-context-4.3.11.RELEASE.jar:4.3.11.RELEASE]
	at org.springframework.context.event.SimpleApplicationEventMulticaster.invokeListener(SimpleApplicationEventMulticaster.java:165) ~[spring-context-4.3.11.RELEASE.jar:4.3.11.RELEASE]
	at org.springframework.context.event.SimpleApplicationEventMulticaster.multicastEvent(SimpleApplicationEventMulticaster.java:139) ~[spring-context-4.3.11.RELEASE.jar:4.3.11.RELEASE]
	at org.springframework.context.support.AbstractApplicationContext.publishEvent(AbstractApplicationContext.java:393) ~[spring-context-4.3.11.RELEASE.jar:4.3.11.RELEASE]
	at org.springframework.context.support.AbstractApplicationContext.publishEvent(AbstractApplicationContext.java:347) ~[spring-context-4.3.11.RELEASE.jar:4.3.11.RELEASE]
	at org.springframework.boot.autoconfigure.jdbc.DataSourceInitializer.runSchemaScripts(DataSourceInitializer.java:95) ~[spring-boot-autoconfigure-1.5.7.RELEASE.jar:1.5.7.RELEASE]
	at org.springframework.boot.autoconfigure.jdbc.DataSourceInitializer.init(DataSourceInitializer.java:83) ~[spring-boot-autoconfigure-1.5.7.RELEASE.jar:1.5.7.RELEASE]
	at sun.reflect.NativeMethodAccessorImpl.invoke0(Native Method) ~[na:1.8.0_31]
	at sun.reflect.NativeMethodAccessorImpl.invoke(NativeMethodAccessorImpl.java:62) ~[na:1.8.0_31]
	at sun.reflect.DelegatingMethodAccessorImpl.invoke(DelegatingMethodAccessorImpl.java:43) ~[na:1.8.0_31]
	at java.lang.reflect.Method.invoke(Method.java:483) ~[na:1.8.0_31]
	at org.springframework.beans.factory.annotation.InitDestroyAnnotationBeanPostProcessor$LifecycleElement.invoke(InitDestroyAnnotationBeanPostProcessor.java:366) ~[spring-beans-4.3.11.RELEASE.jar:4.3.11.RELEASE]
	at org.springframework.beans.factory.annotation.InitDestroyAnnotationBeanPostProcessor$LifecycleMetadata.invokeInitMethods(InitDestroyAnnotationBeanPostProcessor.java:311) ~[spring-beans-4.3.11.RELEASE.jar:4.3.11.RELEASE]
	at org.springframework.beans.factory.annotation.InitDestroyAnnotationBeanPostProcessor.postProcessBeforeInitialization(InitDestroyAnnotationBeanPostProcessor.java:134) ~[spring-beans-4.3.11.RELEASE.jar:4.3.11.RELEASE]
	... 78 common frames omitted
Caused by: org.h2.jdbc.JdbcSQLException: Value too long for column "TITLE VARCHAR(32) NOT NULL": "STRINGDECODE('\u7035\u5c7d\u59cf\u9369\ufffd \u9365\u501f\u9524CBD \u93c3\u8dfa\u76bb\u6d7c\u6226\u68fd \u935f\u55d7\u59df\u9354... (33)"; SQL statement:
INSERT INTO `house`(`id`, `title`, `price`, `area`, `room`, `floor`, `total_floor`, `watch_times`, `build_year`, `status`, `create_time`, `last_update_time`, `city_en_name`, `region_en_name`, `cover`, `direction`, `distance_to_subway`, `parlour`, `district`, `admin_id`, `bathroom`, `street`) VALUES ('15', '鐎靛苯濮忛崺锟� 閸ュ�熼敜CBD 閺冭泛鐨绘导鎴︽＝ 閸熷棗濮熼崝鐐插彆 鐡掑懏顥楅悺锕�濮�', '6200', '70', '2', '10', '20', '2', '2005', '1', '2017-09-06 18:56:14', '2017-09-15 00:26:59', 'bj', 'hdq', 'FmD3zKG-gUPOrNv0HwzZN7IbkAC_', '2', '10', '1', '閾诲秵杈伴崲澶婃疮', '2', '0', '姒瑥鐓欑憲澶哥癌鐠猴拷'), ('16', '鐎靛苯濮忛崺锟� 閸ュ�熼敜CBD 閺冭泛鐨绘导鎴︽＝ 閸熷棗濮熼崝鐐插彆', '6300', '70', '2', '10', '20', '0', '2012', '1', '2017-09-06 19:53:35', '2017-09-11 00:35:13', 'bj', 'hdq', 'FmD3zKG-gUPOrNv0HwzZN7IbkAC_', '1', '-1', '1', '閾诲秵杈伴崲澶婃疮', '2', '0', '姒瑥鐓欑憲澶哥癌鐠猴拷'), ('17', '娴滃瞼骞嗘稉婊呮纯闂傘劌婀撮柧浣虹彲闂勫嫯绻庨妴浣哄竾鎼存粈绨抽妴浣搞亯鐎瑰妫妴浣告禇鐠愭悶锟戒椒绗侀柌灞芥偛閵嗕礁宕￠柨锝夌处瀹革拷', '3000', '35', '1', '5', '10', '0', '2013', '1', '2017-09-06 20:45:35', '2017-09-11 00:35:05', 'bj', 'hdq', 'FhVdDhzVDH1dLVVx4jOaVXOCfnea', '1', '200', '0', '閾诲秵杈伴崲澶婃疮', '2', '0', '姒瑥鐓欑憲澶哥癌鐠猴拷'), ('18', '閸楀氦閿ら崺锟� 娑撴粌鎮滄稉锟界仦鍛缁岀皞oft 楠炴彃鍣ｅ〒鈺呂� 闂呭繑妞傞崣顖欎簰缁涘墽瀹�', '5700', '52', '1', '7', '20', '0', '2012', '1', '2017-09-06 21:01:02', '2017-09-11 00:35:01', 'bj', 'hdq', 'FsxiS6rOTpSg5pK7tv41e8Zpnn_c', '2', '1085', '1', '閾诲秵杈伴崲澶婃疮', '2', '0', '姒瑥鐓欑憲澶哥癌鐠猴拷'), ('19', '閺堟稒妲崶顓熸緲濡ら棿绗佺仦鍛吇 閼奉亙缍囩划鎹愵棅 閸楁瀵抽柅姘讹拷锟� 闁插洤鍘滄總鍊燁潒闁插孩顥楅敍锟�', '9200', '132', '3', '6', '14', '0', '2005', '1', '2017-09-06 22:44:25', '2017-09-11 00:34:55', 'bj', 'hdq', 'Fl1lNikhmMIecbTn-JTsurxugtFU', '2', '1108', '2', '閾诲秵杈伴崲澶婃疮', '2', '0', '姒瑥鐓欑憲澶哥癌鐠猴拷'), ('20', '妤傛ê銇囨稉濠勬畱閺佸顫ゆ稉銈呯湷鐎癸拷 娑撴矮瀵岀拠姘壈閸戣櫣顫�', '5400', '56', '2', '12', '20', '0', '2012', '1', '2017-09-06 23:39:50', '2017-09-11 00:34:21', 'bj', 'hdq', 'FtNl9uPM6p5PjEs8z2FnOuViNtOM', '2', '-1', '1', '閾诲秵杈伴崲澶婃疮', '2', '0', '姒瑥鐓欑憲澶哥癌鐠猴拷'), ('21', '閺傛澘鎮嶉崶锟� 濮濓綀顫夋稉澶婄湷鐎癸拷 缁崘顥婃穱锟� 鐎瑰墎鏁哥�硅泛鍙挎鎰弿', '1900', '18', '1', '13', '25', '0', '2012', '1', '2017-09-07 00:52:47', '2017-09-11 00:34:13', 'bj', 'hdq', 'Fn9sHC3Wx7qpYCmSxt-z8FZluf0Z', '3', '1302', '0', '閾诲秵杈伴崲澶婃疮', '2', '0', '姒瑥鐓欑憲澶哥癌鐠猴拷'), ('24', '濠�鏍у帨婢圭懓褰块張娑楀惈閸楀骸绨�183-387閵曪繝妲橀弲顖氥亣鐎癸拷', '50000', '288', '5', '1', '1', '0', '2015', '1', '2017-09-07 11:42:20', '2017-09-18 20:14:14', 'bj', 'hdq', 'FvVqU8LneZZ5xaLBAOM1KXR2Pz1X', '5', '200', '3', '閾诲秵杈伴崲澶婃疮', '2', '0', '姒瑥鐓欑憲澶哥癌鐠猴拷') [22001-196]
	at org.h2.message.DbException.getJdbcSQLException(DbException.java:345) ~[h2-1.4.196.jar:1.4.196]
	at org.h2.message.DbException.get(DbException.java:179) ~[h2-1.4.196.jar:1.4.196]
	at org.h2.table.Column.validateConvertUpdateSequence(Column.java:369) ~[h2-1.4.196.jar:1.4.196]
	at org.h2.table.Table.validateConvertUpdateSequence(Table.java:797) ~[h2-1.4.196.jar:1.4.196]
	at org.h2.command.dml.Insert.insertRows(Insert.java:151) ~[h2-1.4.196.jar:1.4.196]
	at org.h2.command.dml.Insert.update(Insert.java:114) ~[h2-1.4.196.jar:1.4.196]
	at org.h2.command.CommandContainer.update(CommandContainer.java:101) ~[h2-1.4.196.jar:1.4.196]
	at org.h2.command.Command.executeUpdate(Command.java:260) ~[h2-1.4.196.jar:1.4.196]
	at org.h2.jdbc.JdbcStatement.executeInternal(JdbcStatement.java:192) ~[h2-1.4.196.jar:1.4.196]
	at org.h2.jdbc.JdbcStatement.execute(JdbcStatement.java:164) ~[h2-1.4.196.jar:1.4.196]
	at sun.reflect.GeneratedMethodAccessor63.invoke(Unknown Source) ~[na:na]
	at sun.reflect.DelegatingMethodAccessorImpl.invoke(DelegatingMethodAccessorImpl.java:43) ~[na:1.8.0_31]
	at java.lang.reflect.Method.invoke(Method.java:483) ~[na:1.8.0_31]
	at org.apache.tomcat.jdbc.pool.StatementFacade$StatementProxy.invoke(StatementFacade.java:114) ~[tomcat-jdbc-8.5.20.jar:na]
	at com.sun.proxy.$Proxy90.execute(Unknown Source) ~[na:na]
	at org.springframework.jdbc.datasource.init.ScriptUtils.executeSqlScript(ScriptUtils.java:470) ~[spring-jdbc-4.3.11.RELEASE.jar:4.3.11.RELEASE]
	... 98 common frames omitted

2018-01-18 21:11:32.966 ERROR 4044 --- [           main] o.s.test.context.TestContextManager      : Caught exception while allowing TestExecutionListener [org.springframework.test.context.web.ServletTestExecutionListener@329d84e] to prepare test instance [com.imooc.service.house.QiNiuServiceTests@35394fbf]

java.lang.IllegalStateException: Failed to load ApplicationContext
	at org.springframework.test.context.cache.DefaultCacheAwareContextLoaderDelegate.loadContext(DefaultCacheAwareContextLoaderDelegate.java:124) ~[spring-test-4.3.11.RELEASE.jar:4.3.11.RELEASE]
	at org.springframework.test.context.support.DefaultTestContext.getApplicationContext(DefaultTestContext.java:83) ~[spring-test-4.3.11.RELEASE.jar:4.3.11.RELEASE]
	at org.springframework.test.context.web.ServletTestExecutionListener.setUpRequestContextIfNecessary(ServletTestExecutionListener.java:189) ~[spring-test-4.3.11.RELEASE.jar:4.3.11.RELEASE]
	at org.springframework.test.context.web.ServletTestExecutionListener.prepareTestInstance(ServletTestExecutionListener.java:131) ~[spring-test-4.3.11.RELEASE.jar:4.3.11.RELEASE]
	at org.springframework.test.context.TestContextManager.prepareTestInstance(TestContextManager.java:230) ~[spring-test-4.3.11.RELEASE.jar:4.3.11.RELEASE]
	at org.springframework.test.context.junit4.SpringJUnit4ClassRunner.createTest(SpringJUnit4ClassRunner.java:228) [spring-test-4.3.11.RELEASE.jar:4.3.11.RELEASE]
	at org.springframework.test.context.junit4.SpringJUnit4ClassRunner$1.runReflectiveCall(SpringJUnit4ClassRunner.java:287) [spring-test-4.3.11.RELEASE.jar:4.3.11.RELEASE]
	at org.junit.internal.runners.model.ReflectiveCallable.run(ReflectiveCallable.java:12) [junit-4.12.jar:4.12]
	at org.springframework.test.context.junit4.SpringJUnit4ClassRunner.methodBlock(SpringJUnit4ClassRunner.java:289) [spring-test-4.3.11.RELEASE.jar:4.3.11.RELEASE]
	at org.springframework.test.context.junit4.SpringJUnit4ClassRunner.runChild(SpringJUnit4ClassRunner.java:247) [spring-test-4.3.11.RELEASE.jar:4.3.11.RELEASE]
	at org.springframework.test.context.junit4.SpringJUnit4ClassRunner.runChild(SpringJUnit4ClassRunner.java:94) [spring-test-4.3.11.RELEASE.jar:4.3.11.RELEASE]
	at org.junit.runners.ParentRunner$3.run(ParentRunner.java:290) [junit-4.12.jar:4.12]
	at org.junit.runners.ParentRunner$1.schedule(ParentRunner.java:71) [junit-4.12.jar:4.12]
	at org.junit.runners.ParentRunner.runChildren(ParentRunner.java:288) [junit-4.12.jar:4.12]
	at org.junit.runners.ParentRunner.access$000(ParentRunner.java:58) [junit-4.12.jar:4.12]
	at org.junit.runners.ParentRunner$2.evaluate(ParentRunner.java:268) [junit-4.12.jar:4.12]
	at org.springframework.test.context.junit4.statements.RunBeforeTestClassCallbacks.evaluate(RunBeforeTestClassCallbacks.java:61) [spring-test-4.3.11.RELEASE.jar:4.3.11.RELEASE]
	at org.springframework.test.context.junit4.statements.RunAfterTestClassCallbacks.evaluate(RunAfterTestClassCallbacks.java:70) [spring-test-4.3.11.RELEASE.jar:4.3.11.RELEASE]
	at org.junit.runners.ParentRunner.run(ParentRunner.java:363) [junit-4.12.jar:4.12]
	at org.springframework.test.context.junit4.SpringJUnit4ClassRunner.run(SpringJUnit4ClassRunner.java:191) [spring-test-4.3.11.RELEASE.jar:4.3.11.RELEASE]
	at org.apache.maven.surefire.junit4.JUnit4Provider.execute(JUnit4Provider.java:283) [surefire-junit4-2.18.1.jar:2.18.1]
	at org.apache.maven.surefire.junit4.JUnit4Provider.executeWithRerun(JUnit4Provider.java:173) [surefire-junit4-2.18.1.jar:2.18.1]
	at org.apache.maven.surefire.junit4.JUnit4Provider.executeTestSet(JUnit4Provider.java:153) [surefire-junit4-2.18.1.jar:2.18.1]
	at org.apache.maven.surefire.junit4.JUnit4Provider.invoke(JUnit4Provider.java:128) [surefire-junit4-2.18.1.jar:2.18.1]
	at org.apache.maven.surefire.booter.ForkedBooter.invokeProviderInSameClassLoader(ForkedBooter.java:203) [surefire-booter-2.18.1.jar:2.18.1]
	at org.apache.maven.surefire.booter.ForkedBooter.runSuitesInProcess(ForkedBooter.java:155) [surefire-booter-2.18.1.jar:2.18.1]
	at org.apache.maven.surefire.booter.ForkedBooter.main(ForkedBooter.java:103) [surefire-booter-2.18.1.jar:2.18.1]
Caused by: org.springframework.beans.factory.BeanCreationException: Error creating bean with name 'entityManagerFactory' defined in class path resource [com/imooc/config/JPAConfig.class]: Bean instantiation via factory method failed; nested exception is org.springframework.beans.BeanInstantiationException: Failed to instantiate [org.springframework.orm.jpa.LocalContainerEntityManagerFactoryBean]: Factory method 'entityManagerFactory' threw exception; nested exception is org.springframework.beans.factory.BeanCreationException: Error creating bean with name 'dataSource' defined in class path resource [com/imooc/config/JPAConfig.class]: Initialization of bean failed; nested exception is org.springframework.beans.factory.BeanCreationException: Error creating bean with name 'dataSourceInitializer': Invocation of init method failed; nested exception is org.springframework.jdbc.datasource.init.ScriptStatementFailedException: Failed to execute SQL script statement #7 of class path resource [db/data.sql]: INSERT INTO `house`(`id`, `title`, `price`, `area`, `room`, `floor`, `total_floor`, `watch_times`, `build_year`, `status`, `create_time`, `last_update_time`, `city_en_name`, `region_en_name`, `cover`, `direction`, `distance_to_subway`, `parlour`, `district`, `admin_id`, `bathroom`, `street`) VALUES ('15', '鐎靛苯濮忛崺锟� 閸ュ�熼敜CBD 閺冭泛鐨绘导鎴︽＝ 閸熷棗濮熼崝鐐插彆 鐡掑懏顥楅悺锕�濮�', '6200', '70', '2', '10', '20', '2', '2005', '1', '2017-09-06 18:56:14', '2017-09-15 00:26:59', 'bj', 'hdq', 'FmD3zKG-gUPOrNv0HwzZN7IbkAC_', '2', '10', '1', '閾诲秵杈伴崲澶婃疮', '2', '0', '姒瑥鐓欑憲澶哥癌鐠猴拷'), ('16', '鐎靛苯濮忛崺锟� 閸ュ�熼敜CBD 閺冭泛鐨绘导鎴︽＝ 閸熷棗濮熼崝鐐插彆', '6300', '70', '2', '10', '20', '0', '2012', '1', '2017-09-06 19:53:35', '2017-09-11 00:35:13', 'bj', 'hdq', 'FmD3zKG-gUPOrNv0HwzZN7IbkAC_', '1', '-1', '1', '閾诲秵杈伴崲澶婃疮', '2', '0', '姒瑥鐓欑憲澶哥癌鐠猴拷'), ('17', '娴滃瞼骞嗘稉婊呮纯闂傘劌婀撮柧浣虹彲闂勫嫯绻庨妴浣哄竾鎼存粈绨抽妴浣搞亯鐎瑰妫妴浣告禇鐠愭悶锟戒椒绗侀柌灞芥偛閵嗕礁宕￠柨锝夌处瀹革拷', '3000', '35', '1', '5', '10', '0', '2013', '1', '2017-09-06 20:45:35', '2017-09-11 00:35:05', 'bj', 'hdq', 'FhVdDhzVDH1dLVVx4jOaVXOCfnea', '1', '200', '0', '閾诲秵杈伴崲澶婃疮', '2', '0', '姒瑥鐓欑憲澶哥癌鐠猴拷'), ('18', '閸楀氦閿ら崺锟� 娑撴粌鎮滄稉锟界仦鍛缁岀皞oft 楠炴彃鍣ｅ〒鈺呂� 闂呭繑妞傞崣顖欎簰缁涘墽瀹�', '5700', '52', '1', '7', '20', '0', '2012', '1', '2017-09-06 21:01:02', '2017-09-11 00:35:01', 'bj', 'hdq', 'FsxiS6rOTpSg5pK7tv41e8Zpnn_c', '2', '1085', '1', '閾诲秵杈伴崲澶婃疮', '2', '0', '姒瑥鐓欑憲澶哥癌鐠猴拷'), ('19', '閺堟稒妲崶顓熸緲濡ら棿绗佺仦鍛吇 閼奉亙缍囩划鎹愵棅 閸楁瀵抽柅姘讹拷锟� 闁插洤鍘滄總鍊燁潒闁插孩顥楅敍锟�', '9200', '132', '3', '6', '14', '0', '2005', '1', '2017-09-06 22:44:25', '2017-09-11 00:34:55', 'bj', 'hdq', 'Fl1lNikhmMIecbTn-JTsurxugtFU', '2', '1108', '2', '閾诲秵杈伴崲澶婃疮', '2', '0', '姒瑥鐓欑憲澶哥癌鐠猴拷'), ('20', '妤傛ê銇囨稉濠勬畱閺佸顫ゆ稉銈呯湷鐎癸拷 娑撴矮瀵岀拠姘壈閸戣櫣顫�', '5400', '56', '2', '12', '20', '0', '2012', '1', '2017-09-06 23:39:50', '2017-09-11 00:34:21', 'bj', 'hdq', 'FtNl9uPM6p5PjEs8z2FnOuViNtOM', '2', '-1', '1', '閾诲秵杈伴崲澶婃疮', '2', '0', '姒瑥鐓欑憲澶哥癌鐠猴拷'), ('21', '閺傛澘鎮嶉崶锟� 濮濓綀顫夋稉澶婄湷鐎癸拷 缁崘顥婃穱锟� 鐎瑰墎鏁哥�硅泛鍙挎鎰弿', '1900', '18', '1', '13', '25', '0', '2012', '1', '2017-09-07 00:52:47', '2017-09-11 00:34:13', 'bj', 'hdq', 'Fn9sHC3Wx7qpYCmSxt-z8FZluf0Z', '3', '1302', '0', '閾诲秵杈伴崲澶婃疮', '2', '0', '姒瑥鐓欑憲澶哥癌鐠猴拷'), ('24', '濠�鏍у帨婢圭懓褰块張娑楀惈閸楀骸绨�183-387閵曪繝妲橀弲顖氥亣鐎癸拷', '50000', '288', '5', '1', '1', '0', '2015', '1', '2017-09-07 11:42:20', '2017-09-18 20:14:14', 'bj', 'hdq', 'FvVqU8LneZZ5xaLBAOM1KXR2Pz1X', '5', '200', '3', '閾诲秵杈伴崲澶婃疮', '2', '0', '姒瑥鐓欑憲澶哥癌鐠猴拷'); nested exception is org.h2.jdbc.JdbcSQLException: Value too long for column "TITLE VARCHAR(32) NOT NULL": "STRINGDECODE('\u7035\u5c7d\u59cf\u9369\ufffd \u9365\u501f\u9524CBD \u93c3\u8dfa\u76bb\u6d7c\u6226\u68fd \u935f\u55d7\u59df\u9354... (33)"; SQL statement:
INSERT INTO `house`(`id`, `title`, `price`, `area`, `room`, `floor`, `total_floor`, `watch_times`, `build_year`, `status`, `create_time`, `last_update_time`, `city_en_name`, `region_en_name`, `cover`, `direction`, `distance_to_subway`, `parlour`, `district`, `admin_id`, `bathroom`, `street`) VALUES ('15', '鐎靛苯濮忛崺锟� 閸ュ�熼敜CBD 閺冭泛鐨绘导鎴︽＝ 閸熷棗濮熼崝鐐插彆 鐡掑懏顥楅悺锕�濮�', '6200', '70', '2', '10', '20', '2', '2005', '1', '2017-09-06 18:56:14', '2017-09-15 00:26:59', 'bj', 'hdq', 'FmD3zKG-gUPOrNv0HwzZN7IbkAC_', '2', '10', '1', '閾诲秵杈伴崲澶婃疮', '2', '0', '姒瑥鐓欑憲澶哥癌鐠猴拷'), ('16', '鐎靛苯濮忛崺锟� 閸ュ�熼敜CBD 閺冭泛鐨绘导鎴︽＝ 閸熷棗濮熼崝鐐插彆', '6300', '70', '2', '10', '20', '0', '2012', '1', '2017-09-06 19:53:35', '2017-09-11 00:35:13', 'bj', 'hdq', 'FmD3zKG-gUPOrNv0HwzZN7IbkAC_', '1', '-1', '1', '閾诲秵杈伴崲澶婃疮', '2', '0', '姒瑥鐓欑憲澶哥癌鐠猴拷'), ('17', '娴滃瞼骞嗘稉婊呮纯闂傘劌婀撮柧浣虹彲闂勫嫯绻庨妴浣哄竾鎼存粈绨抽妴浣搞亯鐎瑰妫妴浣告禇鐠愭悶锟戒椒绗侀柌灞芥偛閵嗕礁宕￠柨锝夌处瀹革拷', '3000', '35', '1', '5', '10', '0', '2013', '1', '2017-09-06 20:45:35', '2017-09-11 00:35:05', 'bj', 'hdq', 'FhVdDhzVDH1dLVVx4jOaVXOCfnea', '1', '200', '0', '閾诲秵杈伴崲澶婃疮', '2', '0', '姒瑥鐓欑憲澶哥癌鐠猴拷'), ('18', '閸楀氦閿ら崺锟� 娑撴粌鎮滄稉锟界仦鍛缁岀皞oft 楠炴彃鍣ｅ〒鈺呂� 闂呭繑妞傞崣顖欎簰缁涘墽瀹�', '5700', '52', '1', '7', '20', '0', '2012', '1', '2017-09-06 21:01:02', '2017-09-11 00:35:01', 'bj', 'hdq', 'FsxiS6rOTpSg5pK7tv41e8Zpnn_c', '2', '1085', '1', '閾诲秵杈伴崲澶婃疮', '2', '0', '姒瑥鐓欑憲澶哥癌鐠猴拷'), ('19', '閺堟稒妲崶顓熸緲濡ら棿绗佺仦鍛吇 閼奉亙缍囩划鎹愵棅 閸楁瀵抽柅姘讹拷锟� 闁插洤鍘滄總鍊燁潒闁插孩顥楅敍锟�', '9200', '132', '3', '6', '14', '0', '2005', '1', '2017-09-06 22:44:25', '2017-09-11 00:34:55', 'bj', 'hdq', 'Fl1lNikhmMIecbTn-JTsurxugtFU', '2', '1108', '2', '閾诲秵杈伴崲澶婃疮', '2', '0', '姒瑥鐓欑憲澶哥癌鐠猴拷'), ('20', '妤傛ê銇囨稉濠勬畱閺佸顫ゆ稉銈呯湷鐎癸拷 娑撴矮瀵岀拠姘壈閸戣櫣顫�', '5400', '56', '2', '12', '20', '0', '2012', '1', '2017-09-06 23:39:50', '2017-09-11 00:34:21', 'bj', 'hdq', 'FtNl9uPM6p5PjEs8z2FnOuViNtOM', '2', '-1', '1', '閾诲秵杈伴崲澶婃疮', '2', '0', '姒瑥鐓欑憲澶哥癌鐠猴拷'), ('21', '閺傛澘鎮嶉崶锟� 濮濓綀顫夋稉澶婄湷鐎癸拷 缁崘顥婃穱锟� 鐎瑰墎鏁哥�硅泛鍙挎鎰弿', '1900', '18', '1', '13', '25', '0', '2012', '1', '2017-09-07 00:52:47', '2017-09-11 00:34:13', 'bj', 'hdq', 'Fn9sHC3Wx7qpYCmSxt-z8FZluf0Z', '3', '1302', '0', '閾诲秵杈伴崲澶婃疮', '2', '0', '姒瑥鐓欑憲澶哥癌鐠猴拷'), ('24', '濠�鏍у帨婢圭懓褰块張娑楀惈閸楀骸绨�183-387閵曪繝妲橀弲顖氥亣鐎癸拷', '50000', '288', '5', '1', '1', '0', '2015', '1', '2017-09-07 11:42:20', '2017-09-18 20:14:14', 'bj', 'hdq', 'FvVqU8LneZZ5xaLBAOM1KXR2Pz1X', '5', '200', '3', '閾诲秵杈伴崲澶婃疮', '2', '0', '姒瑥鐓欑憲澶哥癌鐠猴拷') [22001-196]
	at org.springframework.beans.factory.support.ConstructorResolver.instantiateUsingFactoryMethod(ConstructorResolver.java:599) ~[spring-beans-4.3.11.RELEASE.jar:4.3.11.RELEASE]
	at org.springframework.beans.factory.support.AbstractAutowireCapableBeanFactory.instantiateUsingFactoryMethod(AbstractAutowireCapableBeanFactory.java:1173) ~[spring-beans-4.3.11.RELEASE.jar:4.3.11.RELEASE]
	at org.springframework.beans.factory.support.AbstractAutowireCapableBeanFactory.createBeanInstance(AbstractAutowireCapableBeanFactory.java:1067) ~[spring-beans-4.3.11.RELEASE.jar:4.3.11.RELEASE]
	at org.springframework.beans.factory.support.AbstractAutowireCapableBeanFactory.doCreateBean(AbstractAutowireCapableBeanFactory.java:513) ~[spring-beans-4.3.11.RELEASE.jar:4.3.11.RELEASE]
	at org.springframework.beans.factory.support.AbstractAutowireCapableBeanFactory.createBean(AbstractAutowireCapableBeanFactory.java:483) ~[spring-beans-4.3.11.RELEASE.jar:4.3.11.RELEASE]
	at org.springframework.beans.factory.support.AbstractBeanFactory$1.getObject(AbstractBeanFactory.java:306) ~[spring-beans-4.3.11.RELEASE.jar:4.3.11.RELEASE]
	at org.springframework.beans.factory.support.DefaultSingletonBeanRegistry.getSingleton(DefaultSingletonBeanRegistry.java:230) ~[spring-beans-4.3.11.RELEASE.jar:4.3.11.RELEASE]
	at org.springframework.beans.factory.support.AbstractBeanFactory.doGetBean(AbstractBeanFactory.java:302) ~[spring-beans-4.3.11.RELEASE.jar:4.3.11.RELEASE]
	at org.springframework.beans.factory.support.AbstractBeanFactory.getBean(AbstractBeanFactory.java:197) ~[spring-beans-4.3.11.RELEASE.jar:4.3.11.RELEASE]
	at org.springframework.context.support.AbstractApplicationContext.getBean(AbstractApplicationContext.java:1078) ~[spring-context-4.3.11.RELEASE.jar:4.3.11.RELEASE]
	at org.springframework.context.support.AbstractApplicationContext.finishBeanFactoryInitialization(AbstractApplicationContext.java:857) ~[spring-context-4.3.11.RELEASE.jar:4.3.11.RELEASE]
	at org.springframework.context.support.AbstractApplicationContext.refresh(AbstractApplicationContext.java:543) ~[spring-context-4.3.11.RELEASE.jar:4.3.11.RELEASE]
	at org.springframework.boot.SpringApplication.refresh(SpringApplication.java:693) ~[spring-boot-1.5.7.RELEASE.jar:1.5.7.RELEASE]
	at org.springframework.boot.SpringApplication.refreshContext(SpringApplication.java:360) ~[spring-boot-1.5.7.RELEASE.jar:1.5.7.RELEASE]
	at org.springframework.boot.SpringApplication.run(SpringApplication.java:303) ~[spring-boot-1.5.7.RELEASE.jar:1.5.7.RELEASE]
	at org.springframework.boot.test.context.SpringBootContextLoader.loadContext(SpringBootContextLoader.java:120) ~[spring-boot-test-1.5.7.RELEASE.jar:1.5.7.RELEASE]
	at org.springframework.test.context.cache.DefaultCacheAwareContextLoaderDelegate.loadContextInternal(DefaultCacheAwareContextLoaderDelegate.java:98) ~[spring-test-4.3.11.RELEASE.jar:4.3.11.RELEASE]
	at org.springframework.test.context.cache.DefaultCacheAwareContextLoaderDelegate.loadContext(DefaultCacheAwareContextLoaderDelegate.java:116) ~[spring-test-4.3.11.RELEASE.jar:4.3.11.RELEASE]
	... 26 common frames omitted
Caused by: org.springframework.beans.BeanInstantiationException: Failed to instantiate [org.springframework.orm.jpa.LocalContainerEntityManagerFactoryBean]: Factory method 'entityManagerFactory' threw exception; nested exception is org.springframework.beans.factory.BeanCreationException: Error creating bean with name 'dataSource' defined in class path resource [com/imooc/config/JPAConfig.class]: Initialization of bean failed; nested exception is org.springframework.beans.factory.BeanCreationException: Error creating bean with name 'dataSourceInitializer': Invocation of init method failed; nested exception is org.springframework.jdbc.datasource.init.ScriptStatementFailedException: Failed to execute SQL script statement #7 of class path resource [db/data.sql]: INSERT INTO `house`(`id`, `title`, `price`, `area`, `room`, `floor`, `total_floor`, `watch_times`, `build_year`, `status`, `create_time`, `last_update_time`, `city_en_name`, `region_en_name`, `cover`, `direction`, `distance_to_subway`, `parlour`, `district`, `admin_id`, `bathroom`, `street`) VALUES ('15', '鐎靛苯濮忛崺锟� 閸ュ�熼敜CBD 閺冭泛鐨绘导鎴︽＝ 閸熷棗濮熼崝鐐插彆 鐡掑懏顥楅悺锕�濮�', '6200', '70', '2', '10', '20', '2', '2005', '1', '2017-09-06 18:56:14', '2017-09-15 00:26:59', 'bj', 'hdq', 'FmD3zKG-gUPOrNv0HwzZN7IbkAC_', '2', '10', '1', '閾诲秵杈伴崲澶婃疮', '2', '0', '姒瑥鐓欑憲澶哥癌鐠猴拷'), ('16', '鐎靛苯濮忛崺锟� 閸ュ�熼敜CBD 閺冭泛鐨绘导鎴︽＝ 閸熷棗濮熼崝鐐插彆', '6300', '70', '2', '10', '20', '0', '2012', '1', '2017-09-06 19:53:35', '2017-09-11 00:35:13', 'bj', 'hdq', 'FmD3zKG-gUPOrNv0HwzZN7IbkAC_', '1', '-1', '1', '閾诲秵杈伴崲澶婃疮', '2', '0', '姒瑥鐓欑憲澶哥癌鐠猴拷'), ('17', '娴滃瞼骞嗘稉婊呮纯闂傘劌婀撮柧浣虹彲闂勫嫯绻庨妴浣哄竾鎼存粈绨抽妴浣搞亯鐎瑰妫妴浣告禇鐠愭悶锟戒椒绗侀柌灞芥偛閵嗕礁宕￠柨锝夌处瀹革拷', '3000', '35', '1', '5', '10', '0', '2013', '1', '2017-09-06 20:45:35', '2017-09-11 00:35:05', 'bj', 'hdq', 'FhVdDhzVDH1dLVVx4jOaVXOCfnea', '1', '200', '0', '閾诲秵杈伴崲澶婃疮', '2', '0', '姒瑥鐓欑憲澶哥癌鐠猴拷'), ('18', '閸楀氦閿ら崺锟� 娑撴粌鎮滄稉锟界仦鍛缁岀皞oft 楠炴彃鍣ｅ〒鈺呂� 闂呭繑妞傞崣顖欎簰缁涘墽瀹�', '5700', '52', '1', '7', '20', '0', '2012', '1', '2017-09-06 21:01:02', '2017-09-11 00:35:01', 'bj', 'hdq', 'FsxiS6rOTpSg5pK7tv41e8Zpnn_c', '2', '1085', '1', '閾诲秵杈伴崲澶婃疮', '2', '0', '姒瑥鐓欑憲澶哥癌鐠猴拷'), ('19', '閺堟稒妲崶顓熸緲濡ら棿绗佺仦鍛吇 閼奉亙缍囩划鎹愵棅 閸楁瀵抽柅姘讹拷锟� 闁插洤鍘滄總鍊燁潒闁插孩顥楅敍锟�', '9200', '132', '3', '6', '14', '0', '2005', '1', '2017-09-06 22:44:25', '2017-09-11 00:34:55', 'bj', 'hdq', 'Fl1lNikhmMIecbTn-JTsurxugtFU', '2', '1108', '2', '閾诲秵杈伴崲澶婃疮', '2', '0', '姒瑥鐓欑憲澶哥癌鐠猴拷'), ('20', '妤傛ê銇囨稉濠勬畱閺佸顫ゆ稉銈呯湷鐎癸拷 娑撴矮瀵岀拠姘壈閸戣櫣顫�', '5400', '56', '2', '12', '20', '0', '2012', '1', '2017-09-06 23:39:50', '2017-09-11 00:34:21', 'bj', 'hdq', 'FtNl9uPM6p5PjEs8z2FnOuViNtOM', '2', '-1', '1', '閾诲秵杈伴崲澶婃疮', '2', '0', '姒瑥鐓欑憲澶哥癌鐠猴拷'), ('21', '閺傛澘鎮嶉崶锟� 濮濓綀顫夋稉澶婄湷鐎癸拷 缁崘顥婃穱锟� 鐎瑰墎鏁哥�硅泛鍙挎鎰弿', '1900', '18', '1', '13', '25', '0', '2012', '1', '2017-09-07 00:52:47', '2017-09-11 00:34:13', 'bj', 'hdq', 'Fn9sHC3Wx7qpYCmSxt-z8FZluf0Z', '3', '1302', '0', '閾诲秵杈伴崲澶婃疮', '2', '0', '姒瑥鐓欑憲澶哥癌鐠猴拷'), ('24', '濠�鏍у帨婢圭懓褰块張娑楀惈閸楀骸绨�183-387閵曪繝妲橀弲顖氥亣鐎癸拷', '50000', '288', '5', '1', '1', '0', '2015', '1', '2017-09-07 11:42:20', '2017-09-18 20:14:14', 'bj', 'hdq', 'FvVqU8LneZZ5xaLBAOM1KXR2Pz1X', '5', '200', '3', '閾诲秵杈伴崲澶婃疮', '2', '0', '姒瑥鐓欑憲澶哥癌鐠猴拷'); nested exception is org.h2.jdbc.JdbcSQLException: Value too long for column "TITLE VARCHAR(32) NOT NULL": "STRINGDECODE('\u7035\u5c7d\u59cf\u9369\ufffd \u9365\u501f\u9524CBD \u93c3\u8dfa\u76bb\u6d7c\u6226\u68fd \u935f\u55d7\u59df\u9354... (33)"; SQL statement:
INSERT INTO `house`(`id`, `title`, `price`, `area`, `room`, `floor`, `total_floor`, `watch_times`, `build_year`, `status`, `create_time`, `last_update_time`, `city_en_name`, `region_en_name`, `cover`, `direction`, `distance_to_subway`, `parlour`, `district`, `admin_id`, `bathroom`, `street`) VALUES ('15', '鐎靛苯濮忛崺锟� 閸ュ�熼敜CBD 閺冭泛鐨绘导鎴︽＝ 閸熷棗濮熼崝鐐插彆 鐡掑懏顥楅悺锕�濮�', '6200', '70', '2', '10', '20', '2', '2005', '1', '2017-09-06 18:56:14', '2017-09-15 00:26:59', 'bj', 'hdq', 'FmD3zKG-gUPOrNv0HwzZN7IbkAC_', '2', '10', '1', '閾诲秵杈伴崲澶婃疮', '2', '0', '姒瑥鐓欑憲澶哥癌鐠猴拷'), ('16', '鐎靛苯濮忛崺锟� 閸ュ�熼敜CBD 閺冭泛鐨绘导鎴︽＝ 閸熷棗濮熼崝鐐插彆', '6300', '70', '2', '10', '20', '0', '2012', '1', '2017-09-06 19:53:35', '2017-09-11 00:35:13', 'bj', 'hdq', 'FmD3zKG-gUPOrNv0HwzZN7IbkAC_', '1', '-1', '1', '閾诲秵杈伴崲澶婃疮', '2', '0', '姒瑥鐓欑憲澶哥癌鐠猴拷'), ('17', '娴滃瞼骞嗘稉婊呮纯闂傘劌婀撮柧浣虹彲闂勫嫯绻庨妴浣哄竾鎼存粈绨抽妴浣搞亯鐎瑰妫妴浣告禇鐠愭悶锟戒椒绗侀柌灞芥偛閵嗕礁宕￠柨锝夌处瀹革拷', '3000', '35', '1', '5', '10', '0', '2013', '1', '2017-09-06 20:45:35', '2017-09-11 00:35:05', 'bj', 'hdq', 'FhVdDhzVDH1dLVVx4jOaVXOCfnea', '1', '200', '0', '閾诲秵杈伴崲澶婃疮', '2', '0', '姒瑥鐓欑憲澶哥癌鐠猴拷'), ('18', '閸楀氦閿ら崺锟� 娑撴粌鎮滄稉锟界仦鍛缁岀皞oft 楠炴彃鍣ｅ〒鈺呂� 闂呭繑妞傞崣顖欎簰缁涘墽瀹�', '5700', '52', '1', '7', '20', '0', '2012', '1', '2017-09-06 21:01:02', '2017-09-11 00:35:01', 'bj', 'hdq', 'FsxiS6rOTpSg5pK7tv41e8Zpnn_c', '2', '1085', '1', '閾诲秵杈伴崲澶婃疮', '2', '0', '姒瑥鐓欑憲澶哥癌鐠猴拷'), ('19', '閺堟稒妲崶顓熸緲濡ら棿绗佺仦鍛吇 閼奉亙缍囩划鎹愵棅 閸楁瀵抽柅姘讹拷锟� 闁插洤鍘滄總鍊燁潒闁插孩顥楅敍锟�', '9200', '132', '3', '6', '14', '0', '2005', '1', '2017-09-06 22:44:25', '2017-09-11 00:34:55', 'bj', 'hdq', 'Fl1lNikhmMIecbTn-JTsurxugtFU', '2', '1108', '2', '閾诲秵杈伴崲澶婃疮', '2', '0', '姒瑥鐓欑憲澶哥癌鐠猴拷'), ('20', '妤傛ê銇囨稉濠勬畱閺佸顫ゆ稉銈呯湷鐎癸拷 娑撴矮瀵岀拠姘壈閸戣櫣顫�', '5400', '56', '2', '12', '20', '0', '2012', '1', '2017-09-06 23:39:50', '2017-09-11 00:34:21', 'bj', 'hdq', 'FtNl9uPM6p5PjEs8z2FnOuViNtOM', '2', '-1', '1', '閾诲秵杈伴崲澶婃疮', '2', '0', '姒瑥鐓欑憲澶哥癌鐠猴拷'), ('21', '閺傛澘鎮嶉崶锟� 濮濓綀顫夋稉澶婄湷鐎癸拷 缁崘顥婃穱锟� 鐎瑰墎鏁哥�硅泛鍙挎鎰弿', '1900', '18', '1', '13', '25', '0', '2012', '1', '2017-09-07 00:52:47', '2017-09-11 00:34:13', 'bj', 'hdq', 'Fn9sHC3Wx7qpYCmSxt-z8FZluf0Z', '3', '1302', '0', '閾诲秵杈伴崲澶婃疮', '2', '0', '姒瑥鐓欑憲澶哥癌鐠猴拷'), ('24', '濠�鏍у帨婢圭懓褰块張娑楀惈閸楀骸绨�183-387閵曪繝妲橀弲顖氥亣鐎癸拷', '50000', '288', '5', '1', '1', '0', '2015', '1', '2017-09-07 11:42:20', '2017-09-18 20:14:14', 'bj', 'hdq', 'FvVqU8LneZZ5xaLBAOM1KXR2Pz1X', '5', '200', '3', '閾诲秵杈伴崲澶婃疮', '2', '0', '姒瑥鐓欑憲澶哥癌鐠猴拷') [22001-196]
	at org.springframework.beans.factory.support.SimpleInstantiationStrategy.instantiate(SimpleInstantiationStrategy.java:189) ~[spring-beans-4.3.11.RELEASE.jar:4.3.11.RELEASE]
	at org.springframework.beans.factory.support.ConstructorResolver.instantiateUsingFactoryMethod(ConstructorResolver.java:588) ~[spring-beans-4.3.11.RELEASE.jar:4.3.11.RELEASE]
	... 43 common frames omitted
Caused by: org.springframework.beans.factory.BeanCreationException: Error creating bean with name 'dataSource' defined in class path resource [com/imooc/config/JPAConfig.class]: Initialization of bean failed; nested exception is org.springframework.beans.factory.BeanCreationException: Error creating bean with name 'dataSourceInitializer': Invocation of init method failed; nested exception is org.springframework.jdbc.datasource.init.ScriptStatementFailedException: Failed to execute SQL script statement #7 of class path resource [db/data.sql]: INSERT INTO `house`(`id`, `title`, `price`, `area`, `room`, `floor`, `total_floor`, `watch_times`, `build_year`, `status`, `create_time`, `last_update_time`, `city_en_name`, `region_en_name`, `cover`, `direction`, `distance_to_subway`, `parlour`, `district`, `admin_id`, `bathroom`, `street`) VALUES ('15', '鐎靛苯濮忛崺锟� 閸ュ�熼敜CBD 閺冭泛鐨绘导鎴︽＝ 閸熷棗濮熼崝鐐插彆 鐡掑懏顥楅悺锕�濮�', '6200', '70', '2', '10', '20', '2', '2005', '1', '2017-09-06 18:56:14', '2017-09-15 00:26:59', 'bj', 'hdq', 'FmD3zKG-gUPOrNv0HwzZN7IbkAC_', '2', '10', '1', '閾诲秵杈伴崲澶婃疮', '2', '0', '姒瑥鐓欑憲澶哥癌鐠猴拷'), ('16', '鐎靛苯濮忛崺锟� 閸ュ�熼敜CBD 閺冭泛鐨绘导鎴︽＝ 閸熷棗濮熼崝鐐插彆', '6300', '70', '2', '10', '20', '0', '2012', '1', '2017-09-06 19:53:35', '2017-09-11 00:35:13', 'bj', 'hdq', 'FmD3zKG-gUPOrNv0HwzZN7IbkAC_', '1', '-1', '1', '閾诲秵杈伴崲澶婃疮', '2', '0', '姒瑥鐓欑憲澶哥癌鐠猴拷'), ('17', '娴滃瞼骞嗘稉婊呮纯闂傘劌婀撮柧浣虹彲闂勫嫯绻庨妴浣哄竾鎼存粈绨抽妴浣搞亯鐎瑰妫妴浣告禇鐠愭悶锟戒椒绗侀柌灞芥偛閵嗕礁宕￠柨锝夌处瀹革拷', '3000', '35', '1', '5', '10', '0', '2013', '1', '2017-09-06 20:45:35', '2017-09-11 00:35:05', 'bj', 'hdq', 'FhVdDhzVDH1dLVVx4jOaVXOCfnea', '1', '200', '0', '閾诲秵杈伴崲澶婃疮', '2', '0', '姒瑥鐓欑憲澶哥癌鐠猴拷'), ('18', '閸楀氦閿ら崺锟� 娑撴粌鎮滄稉锟界仦鍛缁岀皞oft 楠炴彃鍣ｅ〒鈺呂� 闂呭繑妞傞崣顖欎簰缁涘墽瀹�', '5700', '52', '1', '7', '20', '0', '2012', '1', '2017-09-06 21:01:02', '2017-09-11 00:35:01', 'bj', 'hdq', 'FsxiS6rOTpSg5pK7tv41e8Zpnn_c', '2', '1085', '1', '閾诲秵杈伴崲澶婃疮', '2', '0', '姒瑥鐓欑憲澶哥癌鐠猴拷'), ('19', '閺堟稒妲崶顓熸緲濡ら棿绗佺仦鍛吇 閼奉亙缍囩划鎹愵棅 閸楁瀵抽柅姘讹拷锟� 闁插洤鍘滄總鍊燁潒闁插孩顥楅敍锟�', '9200', '132', '3', '6', '14', '0', '2005', '1', '2017-09-06 22:44:25', '2017-09-11 00:34:55', 'bj', 'hdq', 'Fl1lNikhmMIecbTn-JTsurxugtFU', '2', '1108', '2', '閾诲秵杈伴崲澶婃疮', '2', '0', '姒瑥鐓欑憲澶哥癌鐠猴拷'), ('20', '妤傛ê銇囨稉濠勬畱閺佸顫ゆ稉銈呯湷鐎癸拷 娑撴矮瀵岀拠姘壈閸戣櫣顫�', '5400', '56', '2', '12', '20', '0', '2012', '1', '2017-09-06 23:39:50', '2017-09-11 00:34:21', 'bj', 'hdq', 'FtNl9uPM6p5PjEs8z2FnOuViNtOM', '2', '-1', '1', '閾诲秵杈伴崲澶婃疮', '2', '0', '姒瑥鐓欑憲澶哥癌鐠猴拷'), ('21', '閺傛澘鎮嶉崶锟� 濮濓綀顫夋稉澶婄湷鐎癸拷 缁崘顥婃穱锟� 鐎瑰墎鏁哥�硅泛鍙挎鎰弿', '1900', '18', '1', '13', '25', '0', '2012', '1', '2017-09-07 00:52:47', '2017-09-11 00:34:13', 'bj', 'hdq', 'Fn9sHC3Wx7qpYCmSxt-z8FZluf0Z', '3', '1302', '0', '閾诲秵杈伴崲澶婃疮', '2', '0', '姒瑥鐓欑憲澶哥癌鐠猴拷'), ('24', '濠�鏍у帨婢圭懓褰块張娑楀惈閸楀骸绨�183-387閵曪繝妲橀弲顖氥亣鐎癸拷', '50000', '288', '5', '1', '1', '0', '2015', '1', '2017-09-07 11:42:20', '2017-09-18 20:14:14', 'bj', 'hdq', 'FvVqU8LneZZ5xaLBAOM1KXR2Pz1X', '5', '200', '3', '閾诲秵杈伴崲澶婃疮', '2', '0', '姒瑥鐓欑憲澶哥癌鐠猴拷'); nested exception is org.h2.jdbc.JdbcSQLException: Value too long for column "TITLE VARCHAR(32) NOT NULL": "STRINGDECODE('\u7035\u5c7d\u59cf\u9369\ufffd \u9365\u501f\u9524CBD \u93c3\u8dfa\u76bb\u6d7c\u6226\u68fd \u935f\u55d7\u59df\u9354... (33)"; SQL statement:
INSERT INTO `house`(`id`, `title`, `price`, `area`, `room`, `floor`, `total_floor`, `watch_times`, `build_year`, `status`, `create_time`, `last_update_time`, `city_en_name`, `region_en_name`, `cover`, `direction`, `distance_to_subway`, `parlour`, `district`, `admin_id`, `bathroom`, `street`) VALUES ('15', '鐎靛苯濮忛崺锟� 閸ュ�熼敜CBD 閺冭泛鐨绘导鎴︽＝ 閸熷棗濮熼崝鐐插彆 鐡掑懏顥楅悺锕�濮�', '6200', '70', '2', '10', '20', '2', '2005', '1', '2017-09-06 18:56:14', '2017-09-15 00:26:59', 'bj', 'hdq', 'FmD3zKG-gUPOrNv0HwzZN7IbkAC_', '2', '10', '1', '閾诲秵杈伴崲澶婃疮', '2', '0', '姒瑥鐓欑憲澶哥癌鐠猴拷'), ('16', '鐎靛苯濮忛崺锟� 閸ュ�熼敜CBD 閺冭泛鐨绘导鎴︽＝ 閸熷棗濮熼崝鐐插彆', '6300', '70', '2', '10', '20', '0', '2012', '1', '2017-09-06 19:53:35', '2017-09-11 00:35:13', 'bj', 'hdq', 'FmD3zKG-gUPOrNv0HwzZN7IbkAC_', '1', '-1', '1', '閾诲秵杈伴崲澶婃疮', '2', '0', '姒瑥鐓欑憲澶哥癌鐠猴拷'), ('17', '娴滃瞼骞嗘稉婊呮纯闂傘劌婀撮柧浣虹彲闂勫嫯绻庨妴浣哄竾鎼存粈绨抽妴浣搞亯鐎瑰妫妴浣告禇鐠愭悶锟戒椒绗侀柌灞芥偛閵嗕礁宕￠柨锝夌处瀹革拷', '3000', '35', '1', '5', '10', '0', '2013', '1', '2017-09-06 20:45:35', '2017-09-11 00:35:05', 'bj', 'hdq', 'FhVdDhzVDH1dLVVx4jOaVXOCfnea', '1', '200', '0', '閾诲秵杈伴崲澶婃疮', '2', '0', '姒瑥鐓欑憲澶哥癌鐠猴拷'), ('18', '閸楀氦閿ら崺锟� 娑撴粌鎮滄稉锟界仦鍛缁岀皞oft 楠炴彃鍣ｅ〒鈺呂� 闂呭繑妞傞崣顖欎簰缁涘墽瀹�', '5700', '52', '1', '7', '20', '0', '2012', '1', '2017-09-06 21:01:02', '2017-09-11 00:35:01', 'bj', 'hdq', 'FsxiS6rOTpSg5pK7tv41e8Zpnn_c', '2', '1085', '1', '閾诲秵杈伴崲澶婃疮', '2', '0', '姒瑥鐓欑憲澶哥癌鐠猴拷'), ('19', '閺堟稒妲崶顓熸緲濡ら棿绗佺仦鍛吇 閼奉亙缍囩划鎹愵棅 閸楁瀵抽柅姘讹拷锟� 闁插洤鍘滄總鍊燁潒闁插孩顥楅敍锟�', '9200', '132', '3', '6', '14', '0', '2005', '1', '2017-09-06 22:44:25', '2017-09-11 00:34:55', 'bj', 'hdq', 'Fl1lNikhmMIecbTn-JTsurxugtFU', '2', '1108', '2', '閾诲秵杈伴崲澶婃疮', '2', '0', '姒瑥鐓欑憲澶哥癌鐠猴拷'), ('20', '妤傛ê銇囨稉濠勬畱閺佸顫ゆ稉銈呯湷鐎癸拷 娑撴矮瀵岀拠姘壈閸戣櫣顫�', '5400', '56', '2', '12', '20', '0', '2012', '1', '2017-09-06 23:39:50', '2017-09-11 00:34:21', 'bj', 'hdq', 'FtNl9uPM6p5PjEs8z2FnOuViNtOM', '2', '-1', '1', '閾诲秵杈伴崲澶婃疮', '2', '0', '姒瑥鐓欑憲澶哥癌鐠猴拷'), ('21', '閺傛澘鎮嶉崶锟� 濮濓綀顫夋稉澶婄湷鐎癸拷 缁崘顥婃穱锟� 鐎瑰墎鏁哥�硅泛鍙挎鎰弿', '1900', '18', '1', '13', '25', '0', '2012', '1', '2017-09-07 00:52:47', '2017-09-11 00:34:13', 'bj', 'hdq', 'Fn9sHC3Wx7qpYCmSxt-z8FZluf0Z', '3', '1302', '0', '閾诲秵杈伴崲澶婃疮', '2', '0', '姒瑥鐓欑憲澶哥癌鐠猴拷'), ('24', '濠�鏍у帨婢圭懓褰块張娑楀惈閸楀骸绨�183-387閵曪繝妲橀弲顖氥亣鐎癸拷', '50000', '288', '5', '1', '1', '0', '2015', '1', '2017-09-07 11:42:20', '2017-09-18 20:14:14', 'bj', 'hdq', 'FvVqU8LneZZ5xaLBAOM1KXR2Pz1X', '5', '200', '3', '閾诲秵杈伴崲澶婃疮', '2', '0', '姒瑥鐓欑憲澶哥癌鐠猴拷') [22001-196]
	at org.springframework.beans.factory.support.AbstractAutowireCapableBeanFactory.doCreateBean(AbstractAutowireCapableBeanFactory.java:564) ~[spring-beans-4.3.11.RELEASE.jar:4.3.11.RELEASE]
	at org.springframework.beans.factory.support.AbstractAutowireCapableBeanFactory.createBean(AbstractAutowireCapableBeanFactory.java:483) ~[spring-beans-4.3.11.RELEASE.jar:4.3.11.RELEASE]
	at org.springframework.beans.factory.support.AbstractBeanFactory$1.getObject(AbstractBeanFactory.java:306) ~[spring-beans-4.3.11.RELEASE.jar:4.3.11.RELEASE]
	at org.springframework.beans.factory.support.DefaultSingletonBeanRegistry.getSingleton(DefaultSingletonBeanRegistry.java:230) ~[spring-beans-4.3.11.RELEASE.jar:4.3.11.RELEASE]
	at org.springframework.beans.factory.support.AbstractBeanFactory.doGetBean(AbstractBeanFactory.java:302) ~[spring-beans-4.3.11.RELEASE.jar:4.3.11.RELEASE]
	at org.springframework.beans.factory.support.AbstractBeanFactory.getBean(AbstractBeanFactory.java:197) ~[spring-beans-4.3.11.RELEASE.jar:4.3.11.RELEASE]
	at org.springframework.context.annotation.ConfigurationClassEnhancer$BeanMethodInterceptor.obtainBeanInstanceFromFactory(ConfigurationClassEnhancer.java:389) ~[spring-context-4.3.11.RELEASE.jar:4.3.11.RELEASE]
	at org.springframework.context.annotation.ConfigurationClassEnhancer$BeanMethodInterceptor.intercept(ConfigurationClassEnhancer.java:361) ~[spring-context-4.3.11.RELEASE.jar:4.3.11.RELEASE]
	at com.imooc.config.JPAConfig$$EnhancerBySpringCGLIB$$ac3be7fd.dataSource(<generated>) ~[classes/:na]
	at com.imooc.config.JPAConfig.entityManagerFactory(JPAConfig.java:36) ~[classes/:na]
	at com.imooc.config.JPAConfig$$EnhancerBySpringCGLIB$$ac3be7fd.CGLIB$entityManagerFactory$2(<generated>) ~[classes/:na]
	at com.imooc.config.JPAConfig$$EnhancerBySpringCGLIB$$ac3be7fd$$FastClassBySpringCGLIB$$914d9ecd.invoke(<generated>) ~[classes/:na]
	at org.springframework.cglib.proxy.MethodProxy.invokeSuper(MethodProxy.java:228) ~[spring-core-4.3.11.RELEASE.jar:4.3.11.RELEASE]
	at org.springframework.context.annotation.ConfigurationClassEnhancer$BeanMethodInterceptor.intercept(ConfigurationClassEnhancer.java:358) ~[spring-context-4.3.11.RELEASE.jar:4.3.11.RELEASE]
	at com.imooc.config.JPAConfig$$EnhancerBySpringCGLIB$$ac3be7fd.entityManagerFactory(<generated>) ~[classes/:na]
	at sun.reflect.NativeMethodAccessorImpl.invoke0(Native Method) ~[na:1.8.0_31]
	at sun.reflect.NativeMethodAccessorImpl.invoke(NativeMethodAccessorImpl.java:62) ~[na:1.8.0_31]
	at sun.reflect.DelegatingMethodAccessorImpl.invoke(DelegatingMethodAccessorImpl.java:43) ~[na:1.8.0_31]
	at java.lang.reflect.Method.invoke(Method.java:483) ~[na:1.8.0_31]
	at org.springframework.beans.factory.support.SimpleInstantiationStrategy.instantiate(SimpleInstantiationStrategy.java:162) ~[spring-beans-4.3.11.RELEASE.jar:4.3.11.RELEASE]
	... 44 common frames omitted
Caused by: org.springframework.beans.factory.BeanCreationException: Error creating bean with name 'dataSourceInitializer': Invocation of init method failed; nested exception is org.springframework.jdbc.datasource.init.ScriptStatementFailedException: Failed to execute SQL script statement #7 of class path resource [db/data.sql]: INSERT INTO `house`(`id`, `title`, `price`, `area`, `room`, `floor`, `total_floor`, `watch_times`, `build_year`, `status`, `create_time`, `last_update_time`, `city_en_name`, `region_en_name`, `cover`, `direction`, `distance_to_subway`, `parlour`, `district`, `admin_id`, `bathroom`, `street`) VALUES ('15', '鐎靛苯濮忛崺锟� 閸ュ�熼敜CBD 閺冭泛鐨绘导鎴︽＝ 閸熷棗濮熼崝鐐插彆 鐡掑懏顥楅悺锕�濮�', '6200', '70', '2', '10', '20', '2', '2005', '1', '2017-09-06 18:56:14', '2017-09-15 00:26:59', 'bj', 'hdq', 'FmD3zKG-gUPOrNv0HwzZN7IbkAC_', '2', '10', '1', '閾诲秵杈伴崲澶婃疮', '2', '0', '姒瑥鐓欑憲澶哥癌鐠猴拷'), ('16', '鐎靛苯濮忛崺锟� 閸ュ�熼敜CBD 閺冭泛鐨绘导鎴︽＝ 閸熷棗濮熼崝鐐插彆', '6300', '70', '2', '10', '20', '0', '2012', '1', '2017-09-06 19:53:35', '2017-09-11 00:35:13', 'bj', 'hdq', 'FmD3zKG-gUPOrNv0HwzZN7IbkAC_', '1', '-1', '1', '閾诲秵杈伴崲澶婃疮', '2', '0', '姒瑥鐓欑憲澶哥癌鐠猴拷'), ('17', '娴滃瞼骞嗘稉婊呮纯闂傘劌婀撮柧浣虹彲闂勫嫯绻庨妴浣哄竾鎼存粈绨抽妴浣搞亯鐎瑰妫妴浣告禇鐠愭悶锟戒椒绗侀柌灞芥偛閵嗕礁宕￠柨锝夌处瀹革拷', '3000', '35', '1', '5', '10', '0', '2013', '1', '2017-09-06 20:45:35', '2017-09-11 00:35:05', 'bj', 'hdq', 'FhVdDhzVDH1dLVVx4jOaVXOCfnea', '1', '200', '0', '閾诲秵杈伴崲澶婃疮', '2', '0', '姒瑥鐓欑憲澶哥癌鐠猴拷'), ('18', '閸楀氦閿ら崺锟� 娑撴粌鎮滄稉锟界仦鍛缁岀皞oft 楠炴彃鍣ｅ〒鈺呂� 闂呭繑妞傞崣顖欎簰缁涘墽瀹�', '5700', '52', '1', '7', '20', '0', '2012', '1', '2017-09-06 21:01:02', '2017-09-11 00:35:01', 'bj', 'hdq', 'FsxiS6rOTpSg5pK7tv41e8Zpnn_c', '2', '1085', '1', '閾诲秵杈伴崲澶婃疮', '2', '0', '姒瑥鐓欑憲澶哥癌鐠猴拷'), ('19', '閺堟稒妲崶顓熸緲濡ら棿绗佺仦鍛吇 閼奉亙缍囩划鎹愵棅 閸楁瀵抽柅姘讹拷锟� 闁插洤鍘滄總鍊燁潒闁插孩顥楅敍锟�', '9200', '132', '3', '6', '14', '0', '2005', '1', '2017-09-06 22:44:25', '2017-09-11 00:34:55', 'bj', 'hdq', 'Fl1lNikhmMIecbTn-JTsurxugtFU', '2', '1108', '2', '閾诲秵杈伴崲澶婃疮', '2', '0', '姒瑥鐓欑憲澶哥癌鐠猴拷'), ('20', '妤傛ê銇囨稉濠勬畱閺佸顫ゆ稉銈呯湷鐎癸拷 娑撴矮瀵岀拠姘壈閸戣櫣顫�', '5400', '56', '2', '12', '20', '0', '2012', '1', '2017-09-06 23:39:50', '2017-09-11 00:34:21', 'bj', 'hdq', 'FtNl9uPM6p5PjEs8z2FnOuViNtOM', '2', '-1', '1', '閾诲秵杈伴崲澶婃疮', '2', '0', '姒瑥鐓欑憲澶哥癌鐠猴拷'), ('21', '閺傛澘鎮嶉崶锟� 濮濓綀顫夋稉澶婄湷鐎癸拷 缁崘顥婃穱锟� 鐎瑰墎鏁哥�硅泛鍙挎鎰弿', '1900', '18', '1', '13', '25', '0', '2012', '1', '2017-09-07 00:52:47', '2017-09-11 00:34:13', 'bj', 'hdq', 'Fn9sHC3Wx7qpYCmSxt-z8FZluf0Z', '3', '1302', '0', '閾诲秵杈伴崲澶婃疮', '2', '0', '姒瑥鐓欑憲澶哥癌鐠猴拷'), ('24', '濠�鏍у帨婢圭懓褰块張娑楀惈閸楀骸绨�183-387閵曪繝妲橀弲顖氥亣鐎癸拷', '50000', '288', '5', '1', '1', '0', '2015', '1', '2017-09-07 11:42:20', '2017-09-18 20:14:14', 'bj', 'hdq', 'FvVqU8LneZZ5xaLBAOM1KXR2Pz1X', '5', '200', '3', '閾诲秵杈伴崲澶婃疮', '2', '0', '姒瑥鐓欑憲澶哥癌鐠猴拷'); nested exception is org.h2.jdbc.JdbcSQLException: Value too long for column "TITLE VARCHAR(32) NOT NULL": "STRINGDECODE('\u7035\u5c7d\u59cf\u9369\ufffd \u9365\u501f\u9524CBD \u93c3\u8dfa\u76bb\u6d7c\u6226\u68fd \u935f\u55d7\u59df\u9354... (33)"; SQL statement:
INSERT INTO `house`(`id`, `title`, `price`, `area`, `room`, `floor`, `total_floor`, `watch_times`, `build_year`, `status`, `create_time`, `last_update_time`, `city_en_name`, `region_en_name`, `cover`, `direction`, `distance_to_subway`, `parlour`, `district`, `admin_id`, `bathroom`, `street`) VALUES ('15', '鐎靛苯濮忛崺锟� 閸ュ�熼敜CBD 閺冭泛鐨绘导鎴︽＝ 閸熷棗濮熼崝鐐插彆 鐡掑懏顥楅悺锕�濮�', '6200', '70', '2', '10', '20', '2', '2005', '1', '2017-09-06 18:56:14', '2017-09-15 00:26:59', 'bj', 'hdq', 'FmD3zKG-gUPOrNv0HwzZN7IbkAC_', '2', '10', '1', '閾诲秵杈伴崲澶婃疮', '2', '0', '姒瑥鐓欑憲澶哥癌鐠猴拷'), ('16', '鐎靛苯濮忛崺锟� 閸ュ�熼敜CBD 閺冭泛鐨绘导鎴︽＝ 閸熷棗濮熼崝鐐插彆', '6300', '70', '2', '10', '20', '0', '2012', '1', '2017-09-06 19:53:35', '2017-09-11 00:35:13', 'bj', 'hdq', 'FmD3zKG-gUPOrNv0HwzZN7IbkAC_', '1', '-1', '1', '閾诲秵杈伴崲澶婃疮', '2', '0', '姒瑥鐓欑憲澶哥癌鐠猴拷'), ('17', '娴滃瞼骞嗘稉婊呮纯闂傘劌婀撮柧浣虹彲闂勫嫯绻庨妴浣哄竾鎼存粈绨抽妴浣搞亯鐎瑰妫妴浣告禇鐠愭悶锟戒椒绗侀柌灞芥偛閵嗕礁宕￠柨锝夌处瀹革拷', '3000', '35', '1', '5', '10', '0', '2013', '1', '2017-09-06 20:45:35', '2017-09-11 00:35:05', 'bj', 'hdq', 'FhVdDhzVDH1dLVVx4jOaVXOCfnea', '1', '200', '0', '閾诲秵杈伴崲澶婃疮', '2', '0', '姒瑥鐓欑憲澶哥癌鐠猴拷'), ('18', '閸楀氦閿ら崺锟� 娑撴粌鎮滄稉锟界仦鍛缁岀皞oft 楠炴彃鍣ｅ〒鈺呂� 闂呭繑妞傞崣顖欎簰缁涘墽瀹�', '5700', '52', '1', '7', '20', '0', '2012', '1', '2017-09-06 21:01:02', '2017-09-11 00:35:01', 'bj', 'hdq', 'FsxiS6rOTpSg5pK7tv41e8Zpnn_c', '2', '1085', '1', '閾诲秵杈伴崲澶婃疮', '2', '0', '姒瑥鐓欑憲澶哥癌鐠猴拷'), ('19', '閺堟稒妲崶顓熸緲濡ら棿绗佺仦鍛吇 閼奉亙缍囩划鎹愵棅 閸楁瀵抽柅姘讹拷锟� 闁插洤鍘滄總鍊燁潒闁插孩顥楅敍锟�', '9200', '132', '3', '6', '14', '0', '2005', '1', '2017-09-06 22:44:25', '2017-09-11 00:34:55', 'bj', 'hdq', 'Fl1lNikhmMIecbTn-JTsurxugtFU', '2', '1108', '2', '閾诲秵杈伴崲澶婃疮', '2', '0', '姒瑥鐓欑憲澶哥癌鐠猴拷'), ('20', '妤傛ê銇囨稉濠勬畱閺佸顫ゆ稉銈呯湷鐎癸拷 娑撴矮瀵岀拠姘壈閸戣櫣顫�', '5400', '56', '2', '12', '20', '0', '2012', '1', '2017-09-06 23:39:50', '2017-09-11 00:34:21', 'bj', 'hdq', 'FtNl9uPM6p5PjEs8z2FnOuViNtOM', '2', '-1', '1', '閾诲秵杈伴崲澶婃疮', '2', '0', '姒瑥鐓欑憲澶哥癌鐠猴拷'), ('21', '閺傛澘鎮嶉崶锟� 濮濓綀顫夋稉澶婄湷鐎癸拷 缁崘顥婃穱锟� 鐎瑰墎鏁哥�硅泛鍙挎鎰弿', '1900', '18', '1', '13', '25', '0', '2012', '1', '2017-09-07 00:52:47', '2017-09-11 00:34:13', 'bj', 'hdq', 'Fn9sHC3Wx7qpYCmSxt-z8FZluf0Z', '3', '1302', '0', '閾诲秵杈伴崲澶婃疮', '2', '0', '姒瑥鐓欑憲澶哥癌鐠猴拷'), ('24', '濠�鏍у帨婢圭懓褰块張娑楀惈閸楀骸绨�183-387閵曪繝妲橀弲顖氥亣鐎癸拷', '50000', '288', '5', '1', '1', '0', '2015', '1', '2017-09-07 11:42:20', '2017-09-18 20:14:14', 'bj', 'hdq', 'FvVqU8LneZZ5xaLBAOM1KXR2Pz1X', '5', '200', '3', '閾诲秵杈伴崲澶婃疮', '2', '0', '姒瑥鐓欑憲澶哥癌鐠猴拷') [22001-196]
	at org.springframework.beans.factory.annotation.InitDestroyAnnotationBeanPostProcessor.postProcessBeforeInitialization(InitDestroyAnnotationBeanPostProcessor.java:137) ~[spring-beans-4.3.11.RELEASE.jar:4.3.11.RELEASE]
	at org.springframework.beans.factory.support.AbstractAutowireCapableBeanFactory.applyBeanPostProcessorsBeforeInitialization(AbstractAutowireCapableBeanFactory.java:409) ~[spring-beans-4.3.11.RELEASE.jar:4.3.11.RELEASE]
	at org.springframework.beans.factory.support.AbstractAutowireCapableBeanFactory.initializeBean(AbstractAutowireCapableBeanFactory.java:1620) ~[spring-beans-4.3.11.RELEASE.jar:4.3.11.RELEASE]
	at org.springframework.beans.factory.support.AbstractAutowireCapableBeanFactory.doCreateBean(AbstractAutowireCapableBeanFactory.java:555) ~[spring-beans-4.3.11.RELEASE.jar:4.3.11.RELEASE]
	at org.springframework.beans.factory.support.AbstractAutowireCapableBeanFactory.createBean(AbstractAutowireCapableBeanFactory.java:483) ~[spring-beans-4.3.11.RELEASE.jar:4.3.11.RELEASE]
	at org.springframework.beans.factory.support.AbstractBeanFactory$1.getObject(AbstractBeanFactory.java:306) ~[spring-beans-4.3.11.RELEASE.jar:4.3.11.RELEASE]
	at org.springframework.beans.factory.support.DefaultSingletonBeanRegistry.getSingleton(DefaultSingletonBeanRegistry.java:230) ~[spring-beans-4.3.11.RELEASE.jar:4.3.11.RELEASE]
	at org.springframework.beans.factory.support.AbstractBeanFactory.doGetBean(AbstractBeanFactory.java:302) ~[spring-beans-4.3.11.RELEASE.jar:4.3.11.RELEASE]
	at org.springframework.beans.factory.support.AbstractBeanFactory.getBean(AbstractBeanFactory.java:220) ~[spring-beans-4.3.11.RELEASE.jar:4.3.11.RELEASE]
	at org.springframework.beans.factory.support.DefaultListableBeanFactory.resolveNamedBean(DefaultListableBeanFactory.java:1018) ~[spring-beans-4.3.11.RELEASE.jar:4.3.11.RELEASE]
	at org.springframework.beans.factory.support.DefaultListableBeanFactory.getBean(DefaultListableBeanFactory.java:345) ~[spring-beans-4.3.11.RELEASE.jar:4.3.11.RELEASE]
	at org.springframework.beans.factory.support.DefaultListableBeanFactory.getBean(DefaultListableBeanFactory.java:340) ~[spring-beans-4.3.11.RELEASE.jar:4.3.11.RELEASE]
	at org.springframework.boot.autoconfigure.jdbc.DataSourceInitializerPostProcessor.postProcessAfterInitialization(DataSourceInitializerPostProcessor.java:62) ~[spring-boot-autoconfigure-1.5.7.RELEASE.jar:1.5.7.RELEASE]
	at org.springframework.beans.factory.support.AbstractAutowireCapableBeanFactory.applyBeanPostProcessorsAfterInitialization(AbstractAutowireCapableBeanFactory.java:423) ~[spring-beans-4.3.11.RELEASE.jar:4.3.11.RELEASE]
	at org.springframework.beans.factory.support.AbstractAutowireCapableBeanFactory.initializeBean(AbstractAutowireCapableBeanFactory.java:1633) ~[spring-beans-4.3.11.RELEASE.jar:4.3.11.RELEASE]
	at org.springframework.beans.factory.support.AbstractAutowireCapableBeanFactory.doCreateBean(AbstractAutowireCapableBeanFactory.java:555) ~[spring-beans-4.3.11.RELEASE.jar:4.3.11.RELEASE]
	... 63 common frames omitted
Caused by: org.springframework.jdbc.datasource.init.ScriptStatementFailedException: Failed to execute SQL script statement #7 of class path resource [db/data.sql]: INSERT INTO `house`(`id`, `title`, `price`, `area`, `room`, `floor`, `total_floor`, `watch_times`, `build_year`, `status`, `create_time`, `last_update_time`, `city_en_name`, `region_en_name`, `cover`, `direction`, `distance_to_subway`, `parlour`, `district`, `admin_id`, `bathroom`, `street`) VALUES ('15', '鐎靛苯濮忛崺锟� 閸ュ�熼敜CBD 閺冭泛鐨绘导鎴︽＝ 閸熷棗濮熼崝鐐插彆 鐡掑懏顥楅悺锕�濮�', '6200', '70', '2', '10', '20', '2', '2005', '1', '2017-09-06 18:56:14', '2017-09-15 00:26:59', 'bj', 'hdq', 'FmD3zKG-gUPOrNv0HwzZN7IbkAC_', '2', '10', '1', '閾诲秵杈伴崲澶婃疮', '2', '0', '姒瑥鐓欑憲澶哥癌鐠猴拷'), ('16', '鐎靛苯濮忛崺锟� 閸ュ�熼敜CBD 閺冭泛鐨绘导鎴︽＝ 閸熷棗濮熼崝鐐插彆', '6300', '70', '2', '10', '20', '0', '2012', '1', '2017-09-06 19:53:35', '2017-09-11 00:35:13', 'bj', 'hdq', 'FmD3zKG-gUPOrNv0HwzZN7IbkAC_', '1', '-1', '1', '閾诲秵杈伴崲澶婃疮', '2', '0', '姒瑥鐓欑憲澶哥癌鐠猴拷'), ('17', '娴滃瞼骞嗘稉婊呮纯闂傘劌婀撮柧浣虹彲闂勫嫯绻庨妴浣哄竾鎼存粈绨抽妴浣搞亯鐎瑰妫妴浣告禇鐠愭悶锟戒椒绗侀柌灞芥偛閵嗕礁宕￠柨锝夌处瀹革拷', '3000', '35', '1', '5', '10', '0', '2013', '1', '2017-09-06 20:45:35', '2017-09-11 00:35:05', 'bj', 'hdq', 'FhVdDhzVDH1dLVVx4jOaVXOCfnea', '1', '200', '0', '閾诲秵杈伴崲澶婃疮', '2', '0', '姒瑥鐓欑憲澶哥癌鐠猴拷'), ('18', '閸楀氦閿ら崺锟� 娑撴粌鎮滄稉锟界仦鍛缁岀皞oft 楠炴彃鍣ｅ〒鈺呂� 闂呭繑妞傞崣顖欎簰缁涘墽瀹�', '5700', '52', '1', '7', '20', '0', '2012', '1', '2017-09-06 21:01:02', '2017-09-11 00:35:01', 'bj', 'hdq', 'FsxiS6rOTpSg5pK7tv41e8Zpnn_c', '2', '1085', '1', '閾诲秵杈伴崲澶婃疮', '2', '0', '姒瑥鐓欑憲澶哥癌鐠猴拷'), ('19', '閺堟稒妲崶顓熸緲濡ら棿绗佺仦鍛吇 閼奉亙缍囩划鎹愵棅 閸楁瀵抽柅姘讹拷锟� 闁插洤鍘滄總鍊燁潒闁插孩顥楅敍锟�', '9200', '132', '3', '6', '14', '0', '2005', '1', '2017-09-06 22:44:25', '2017-09-11 00:34:55', 'bj', 'hdq', 'Fl1lNikhmMIecbTn-JTsurxugtFU', '2', '1108', '2', '閾诲秵杈伴崲澶婃疮', '2', '0', '姒瑥鐓欑憲澶哥癌鐠猴拷'), ('20', '妤傛ê銇囨稉濠勬畱閺佸顫ゆ稉銈呯湷鐎癸拷 娑撴矮瀵岀拠姘壈閸戣櫣顫�', '5400', '56', '2', '12', '20', '0', '2012', '1', '2017-09-06 23:39:50', '2017-09-11 00:34:21', 'bj', 'hdq', 'FtNl9uPM6p5PjEs8z2FnOuViNtOM', '2', '-1', '1', '閾诲秵杈伴崲澶婃疮', '2', '0', '姒瑥鐓欑憲澶哥癌鐠猴拷'), ('21', '閺傛澘鎮嶉崶锟� 濮濓綀顫夋稉澶婄湷鐎癸拷 缁崘顥婃穱锟� 鐎瑰墎鏁哥�硅泛鍙挎鎰弿', '1900', '18', '1', '13', '25', '0', '2012', '1', '2017-09-07 00:52:47', '2017-09-11 00:34:13', 'bj', 'hdq', 'Fn9sHC3Wx7qpYCmSxt-z8FZluf0Z', '3', '1302', '0', '閾诲秵杈伴崲澶婃疮', '2', '0', '姒瑥鐓欑憲澶哥癌鐠猴拷'), ('24', '濠�鏍у帨婢圭懓褰块張娑楀惈閸楀骸绨�183-387閵曪繝妲橀弲顖氥亣鐎癸拷', '50000', '288', '5', '1', '1', '0', '2015', '1', '2017-09-07 11:42:20', '2017-09-18 20:14:14', 'bj', 'hdq', 'FvVqU8LneZZ5xaLBAOM1KXR2Pz1X', '5', '200', '3', '閾诲秵杈伴崲澶婃疮', '2', '0', '姒瑥鐓欑憲澶哥癌鐠猴拷'); nested exception is org.h2.jdbc.JdbcSQLException: Value too long for column "TITLE VARCHAR(32) NOT NULL": "STRINGDECODE('\u7035\u5c7d\u59cf\u9369\ufffd \u9365\u501f\u9524CBD \u93c3\u8dfa\u76bb\u6d7c\u6226\u68fd \u935f\u55d7\u59df\u9354... (33)"; SQL statement:
INSERT INTO `house`(`id`, `title`, `price`, `area`, `room`, `floor`, `total_floor`, `watch_times`, `build_year`, `status`, `create_time`, `last_update_time`, `city_en_name`, `region_en_name`, `cover`, `direction`, `distance_to_subway`, `parlour`, `district`, `admin_id`, `bathroom`, `street`) VALUES ('15', '鐎靛苯濮忛崺锟� 閸ュ�熼敜CBD 閺冭泛鐨绘导鎴︽＝ 閸熷棗濮熼崝鐐插彆 鐡掑懏顥楅悺锕�濮�', '6200', '70', '2', '10', '20', '2', '2005', '1', '2017-09-06 18:56:14', '2017-09-15 00:26:59', 'bj', 'hdq', 'FmD3zKG-gUPOrNv0HwzZN7IbkAC_', '2', '10', '1', '閾诲秵杈伴崲澶婃疮', '2', '0', '姒瑥鐓欑憲澶哥癌鐠猴拷'), ('16', '鐎靛苯濮忛崺锟� 閸ュ�熼敜CBD 閺冭泛鐨绘导鎴︽＝ 閸熷棗濮熼崝鐐插彆', '6300', '70', '2', '10', '20', '0', '2012', '1', '2017-09-06 19:53:35', '2017-09-11 00:35:13', 'bj', 'hdq', 'FmD3zKG-gUPOrNv0HwzZN7IbkAC_', '1', '-1', '1', '閾诲秵杈伴崲澶婃疮', '2', '0', '姒瑥鐓欑憲澶哥癌鐠猴拷'), ('17', '娴滃瞼骞嗘稉婊呮纯闂傘劌婀撮柧浣虹彲闂勫嫯绻庨妴浣哄竾鎼存粈绨抽妴浣搞亯鐎瑰妫妴浣告禇鐠愭悶锟戒椒绗侀柌灞芥偛閵嗕礁宕￠柨锝夌处瀹革拷', '3000', '35', '1', '5', '10', '0', '2013', '1', '2017-09-06 20:45:35', '2017-09-11 00:35:05', 'bj', 'hdq', 'FhVdDhzVDH1dLVVx4jOaVXOCfnea', '1', '200', '0', '閾诲秵杈伴崲澶婃疮', '2', '0', '姒瑥鐓欑憲澶哥癌鐠猴拷'), ('18', '閸楀氦閿ら崺锟� 娑撴粌鎮滄稉锟界仦鍛缁岀皞oft 楠炴彃鍣ｅ〒鈺呂� 闂呭繑妞傞崣顖欎簰缁涘墽瀹�', '5700', '52', '1', '7', '20', '0', '2012', '1', '2017-09-06 21:01:02', '2017-09-11 00:35:01', 'bj', 'hdq', 'FsxiS6rOTpSg5pK7tv41e8Zpnn_c', '2', '1085', '1', '閾诲秵杈伴崲澶婃疮', '2', '0', '姒瑥鐓欑憲澶哥癌鐠猴拷'), ('19', '閺堟稒妲崶顓熸緲濡ら棿绗佺仦鍛吇 閼奉亙缍囩划鎹愵棅 閸楁瀵抽柅姘讹拷锟� 闁插洤鍘滄總鍊燁潒闁插孩顥楅敍锟�', '9200', '132', '3', '6', '14', '0', '2005', '1', '2017-09-06 22:44:25', '2017-09-11 00:34:55', 'bj', 'hdq', 'Fl1lNikhmMIecbTn-JTsurxugtFU', '2', '1108', '2', '閾诲秵杈伴崲澶婃疮', '2', '0', '姒瑥鐓欑憲澶哥癌鐠猴拷'), ('20', '妤傛ê銇囨稉濠勬畱閺佸顫ゆ稉銈呯湷鐎癸拷 娑撴矮瀵岀拠姘壈閸戣櫣顫�', '5400', '56', '2', '12', '20', '0', '2012', '1', '2017-09-06 23:39:50', '2017-09-11 00:34:21', 'bj', 'hdq', 'FtNl9uPM6p5PjEs8z2FnOuViNtOM', '2', '-1', '1', '閾诲秵杈伴崲澶婃疮', '2', '0', '姒瑥鐓欑憲澶哥癌鐠猴拷'), ('21', '閺傛澘鎮嶉崶锟� 濮濓綀顫夋稉澶婄湷鐎癸拷 缁崘顥婃穱锟� 鐎瑰墎鏁哥�硅泛鍙挎鎰弿', '1900', '18', '1', '13', '25', '0', '2012', '1', '2017-09-07 00:52:47', '2017-09-11 00:34:13', 'bj', 'hdq', 'Fn9sHC3Wx7qpYCmSxt-z8FZluf0Z', '3', '1302', '0', '閾诲秵杈伴崲澶婃疮', '2', '0', '姒瑥鐓欑憲澶哥癌鐠猴拷'), ('24', '濠�鏍у帨婢圭懓褰块張娑楀惈閸楀骸绨�183-387閵曪繝妲橀弲顖氥亣鐎癸拷', '50000', '288', '5', '1', '1', '0', '2015', '1', '2017-09-07 11:42:20', '2017-09-18 20:14:14', 'bj', 'hdq', 'FvVqU8LneZZ5xaLBAOM1KXR2Pz1X', '5', '200', '3', '閾诲秵杈伴崲澶婃疮', '2', '0', '姒瑥鐓欑憲澶哥癌鐠猴拷') [22001-196]
	at org.springframework.jdbc.datasource.init.ScriptUtils.executeSqlScript(ScriptUtils.java:491) ~[spring-jdbc-4.3.11.RELEASE.jar:4.3.11.RELEASE]
	at org.springframework.jdbc.datasource.init.ResourceDatabasePopulator.populate(ResourceDatabasePopulator.java:238) ~[spring-jdbc-4.3.11.RELEASE.jar:4.3.11.RELEASE]
	at org.springframework.jdbc.datasource.init.DatabasePopulatorUtils.execute(DatabasePopulatorUtils.java:48) ~[spring-jdbc-4.3.11.RELEASE.jar:4.3.11.RELEASE]
	at org.springframework.boot.autoconfigure.jdbc.DataSourceInitializer.runScripts(DataSourceInitializer.java:192) ~[spring-boot-autoconfigure-1.5.7.RELEASE.jar:1.5.7.RELEASE]
	at org.springframework.boot.autoconfigure.jdbc.DataSourceInitializer.runDataScripts(DataSourceInitializer.java:128) ~[spring-boot-autoconfigure-1.5.7.RELEASE.jar:1.5.7.RELEASE]
	at org.springframework.boot.autoconfigure.jdbc.DataSourceInitializer.onApplicationEvent(DataSourceInitializer.java:118) ~[spring-boot-autoconfigure-1.5.7.RELEASE.jar:1.5.7.RELEASE]
	at org.springframework.boot.autoconfigure.jdbc.DataSourceInitializer.onApplicationEvent(DataSourceInitializer.java:51) ~[spring-boot-autoconfigure-1.5.7.RELEASE.jar:1.5.7.RELEASE]
	at org.springframework.context.event.SimpleApplicationEventMulticaster.doInvokeListener(SimpleApplicationEventMulticaster.java:172) ~[spring-context-4.3.11.RELEASE.jar:4.3.11.RELEASE]
	at org.springframework.context.event.SimpleApplicationEventMulticaster.invokeListener(SimpleApplicationEventMulticaster.java:165) ~[spring-context-4.3.11.RELEASE.jar:4.3.11.RELEASE]
	at org.springframework.context.event.SimpleApplicationEventMulticaster.multicastEvent(SimpleApplicationEventMulticaster.java:139) ~[spring-context-4.3.11.RELEASE.jar:4.3.11.RELEASE]
	at org.springframework.context.support.AbstractApplicationContext.publishEvent(AbstractApplicationContext.java:393) ~[spring-context-4.3.11.RELEASE.jar:4.3.11.RELEASE]
	at org.springframework.context.support.AbstractApplicationContext.publishEvent(AbstractApplicationContext.java:347) ~[spring-context-4.3.11.RELEASE.jar:4.3.11.RELEASE]
	at org.springframework.boot.autoconfigure.jdbc.DataSourceInitializer.runSchemaScripts(DataSourceInitializer.java:95) ~[spring-boot-autoconfigure-1.5.7.RELEASE.jar:1.5.7.RELEASE]
	at org.springframework.boot.autoconfigure.jdbc.DataSourceInitializer.init(DataSourceInitializer.java:83) ~[spring-boot-autoconfigure-1.5.7.RELEASE.jar:1.5.7.RELEASE]
	at sun.reflect.NativeMethodAccessorImpl.invoke0(Native Method) ~[na:1.8.0_31]
	at sun.reflect.NativeMethodAccessorImpl.invoke(NativeMethodAccessorImpl.java:62) ~[na:1.8.0_31]
	at sun.reflect.DelegatingMethodAccessorImpl.invoke(DelegatingMethodAccessorImpl.java:43) ~[na:1.8.0_31]
	at java.lang.reflect.Method.invoke(Method.java:483) ~[na:1.8.0_31]
	at org.springframework.beans.factory.annotation.InitDestroyAnnotationBeanPostProcessor$LifecycleElement.invoke(InitDestroyAnnotationBeanPostProcessor.java:366) ~[spring-beans-4.3.11.RELEASE.jar:4.3.11.RELEASE]
	at org.springframework.beans.factory.annotation.InitDestroyAnnotationBeanPostProcessor$LifecycleMetadata.invokeInitMethods(InitDestroyAnnotationBeanPostProcessor.java:311) ~[spring-beans-4.3.11.RELEASE.jar:4.3.11.RELEASE]
	at org.springframework.beans.factory.annotation.InitDestroyAnnotationBeanPostProcessor.postProcessBeforeInitialization(InitDestroyAnnotationBeanPostProcessor.java:134) ~[spring-beans-4.3.11.RELEASE.jar:4.3.11.RELEASE]
	... 78 common frames omitted
Caused by: org.h2.jdbc.JdbcSQLException: Value too long for column "TITLE VARCHAR(32) NOT NULL": "STRINGDECODE('\u7035\u5c7d\u59cf\u9369\ufffd \u9365\u501f\u9524CBD \u93c3\u8dfa\u76bb\u6d7c\u6226\u68fd \u935f\u55d7\u59df\u9354... (33)"; SQL statement:
INSERT INTO `house`(`id`, `title`, `price`, `area`, `room`, `floor`, `total_floor`, `watch_times`, `build_year`, `status`, `create_time`, `last_update_time`, `city_en_name`, `region_en_name`, `cover`, `direction`, `distance_to_subway`, `parlour`, `district`, `admin_id`, `bathroom`, `street`) VALUES ('15', '鐎靛苯濮忛崺锟� 閸ュ�熼敜CBD 閺冭泛鐨绘导鎴︽＝ 閸熷棗濮熼崝鐐插彆 鐡掑懏顥楅悺锕�濮�', '6200', '70', '2', '10', '20', '2', '2005', '1', '2017-09-06 18:56:14', '2017-09-15 00:26:59', 'bj', 'hdq', 'FmD3zKG-gUPOrNv0HwzZN7IbkAC_', '2', '10', '1', '閾诲秵杈伴崲澶婃疮', '2', '0', '姒瑥鐓欑憲澶哥癌鐠猴拷'), ('16', '鐎靛苯濮忛崺锟� 閸ュ�熼敜CBD 閺冭泛鐨绘导鎴︽＝ 閸熷棗濮熼崝鐐插彆', '6300', '70', '2', '10', '20', '0', '2012', '1', '2017-09-06 19:53:35', '2017-09-11 00:35:13', 'bj', 'hdq', 'FmD3zKG-gUPOrNv0HwzZN7IbkAC_', '1', '-1', '1', '閾诲秵杈伴崲澶婃疮', '2', '0', '姒瑥鐓欑憲澶哥癌鐠猴拷'), ('17', '娴滃瞼骞嗘稉婊呮纯闂傘劌婀撮柧浣虹彲闂勫嫯绻庨妴浣哄竾鎼存粈绨抽妴浣搞亯鐎瑰妫妴浣告禇鐠愭悶锟戒椒绗侀柌灞芥偛閵嗕礁宕￠柨锝夌处瀹革拷', '3000', '35', '1', '5', '10', '0', '2013', '1', '2017-09-06 20:45:35', '2017-09-11 00:35:05', 'bj', 'hdq', 'FhVdDhzVDH1dLVVx4jOaVXOCfnea', '1', '200', '0', '閾诲秵杈伴崲澶婃疮', '2', '0', '姒瑥鐓欑憲澶哥癌鐠猴拷'), ('18', '閸楀氦閿ら崺锟� 娑撴粌鎮滄稉锟界仦鍛缁岀皞oft 楠炴彃鍣ｅ〒鈺呂� 闂呭繑妞傞崣顖欎簰缁涘墽瀹�', '5700', '52', '1', '7', '20', '0', '2012', '1', '2017-09-06 21:01:02', '2017-09-11 00:35:01', 'bj', 'hdq', 'FsxiS6rOTpSg5pK7tv41e8Zpnn_c', '2', '1085', '1', '閾诲秵杈伴崲澶婃疮', '2', '0', '姒瑥鐓欑憲澶哥癌鐠猴拷'), ('19', '閺堟稒妲崶顓熸緲濡ら棿绗佺仦鍛吇 閼奉亙缍囩划鎹愵棅 閸楁瀵抽柅姘讹拷锟� 闁插洤鍘滄總鍊燁潒闁插孩顥楅敍锟�', '9200', '132', '3', '6', '14', '0', '2005', '1', '2017-09-06 22:44:25', '2017-09-11 00:34:55', 'bj', 'hdq', 'Fl1lNikhmMIecbTn-JTsurxugtFU', '2', '1108', '2', '閾诲秵杈伴崲澶婃疮', '2', '0', '姒瑥鐓欑憲澶哥癌鐠猴拷'), ('20', '妤傛ê銇囨稉濠勬畱閺佸顫ゆ稉銈呯湷鐎癸拷 娑撴矮瀵岀拠姘壈閸戣櫣顫�', '5400', '56', '2', '12', '20', '0', '2012', '1', '2017-09-06 23:39:50', '2017-09-11 00:34:21', 'bj', 'hdq', 'FtNl9uPM6p5PjEs8z2FnOuViNtOM', '2', '-1', '1', '閾诲秵杈伴崲澶婃疮', '2', '0', '姒瑥鐓欑憲澶哥癌鐠猴拷'), ('21', '閺傛澘鎮嶉崶锟� 濮濓綀顫夋稉澶婄湷鐎癸拷 缁崘顥婃穱锟� 鐎瑰墎鏁哥�硅泛鍙挎鎰弿', '1900', '18', '1', '13', '25', '0', '2012', '1', '2017-09-07 00:52:47', '2017-09-11 00:34:13', 'bj', 'hdq', 'Fn9sHC3Wx7qpYCmSxt-z8FZluf0Z', '3', '1302', '0', '閾诲秵杈伴崲澶婃疮', '2', '0', '姒瑥鐓欑憲澶哥癌鐠猴拷'), ('24', '濠�鏍у帨婢圭懓褰块張娑楀惈閸楀骸绨�183-387閵曪繝妲橀弲顖氥亣鐎癸拷', '50000', '288', '5', '1', '1', '0', '2015', '1', '2017-09-07 11:42:20', '2017-09-18 20:14:14', 'bj', 'hdq', 'FvVqU8LneZZ5xaLBAOM1KXR2Pz1X', '5', '200', '3', '閾诲秵杈伴崲澶婃疮', '2', '0', '姒瑥鐓欑憲澶哥癌鐠猴拷') [22001-196]
	at org.h2.message.DbException.getJdbcSQLException(DbException.java:345) ~[h2-1.4.196.jar:1.4.196]
	at org.h2.message.DbException.get(DbException.java:179) ~[h2-1.4.196.jar:1.4.196]
	at org.h2.table.Column.validateConvertUpdateSequence(Column.java:369) ~[h2-1.4.196.jar:1.4.196]
	at org.h2.table.Table.validateConvertUpdateSequence(Table.java:797) ~[h2-1.4.196.jar:1.4.196]
	at org.h2.command.dml.Insert.insertRows(Insert.java:151) ~[h2-1.4.196.jar:1.4.196]
	at org.h2.command.dml.Insert.update(Insert.java:114) ~[h2-1.4.196.jar:1.4.196]
	at org.h2.command.CommandContainer.update(CommandContainer.java:101) ~[h2-1.4.196.jar:1.4.196]
	at org.h2.command.Command.executeUpdate(Command.java:260) ~[h2-1.4.196.jar:1.4.196]
	at org.h2.jdbc.JdbcStatement.executeInternal(JdbcStatement.java:192) ~[h2-1.4.196.jar:1.4.196]
	at org.h2.jdbc.JdbcStatement.execute(JdbcStatement.java:164) ~[h2-1.4.196.jar:1.4.196]
	at sun.reflect.GeneratedMethodAccessor63.invoke(Unknown Source) ~[na:na]
	at sun.reflect.DelegatingMethodAccessorImpl.invoke(DelegatingMethodAccessorImpl.java:43) ~[na:1.8.0_31]
	at java.lang.reflect.Method.invoke(Method.java:483) ~[na:1.8.0_31]
	at org.apache.tomcat.jdbc.pool.StatementFacade$StatementProxy.invoke(StatementFacade.java:114) ~[tomcat-jdbc-8.5.20.jar:na]
	at com.sun.proxy.$Proxy90.execute(Unknown Source) ~[na:na]
	at org.springframework.jdbc.datasource.init.ScriptUtils.executeSqlScript(ScriptUtils.java:470) ~[spring-jdbc-4.3.11.RELEASE.jar:4.3.11.RELEASE]
	... 98 common frames omitted

]]></system-out>
  </testcase>
</testsuite>